<?xml version="1.0" encoding="UTF-8"?>
<data xmlns="mailto:jonathan@wso2.com">
    <simple type="xs:anyType"/>

    <simple type="xs:anyURI"/>
    <simple type="xs:base64Binary"/>
    <simple type="xs:boolean"/>
    <simple type="xs:byte"/>
    <simple type="xs:date"/>
    <simple type="xs:dateTime"/>
    <simple type="xs:decimal"/>
    <simple type="xs:double"/>
    <simple type="xs:duration"/>
    <simple type="xs:ENTITIES"/>
    <simple type="xs:ENTITY"/>
    <simple type="xs:float"/>
    <simple type="xs:gDay"/>
    <simple type="xs:gMonth"/>
    <simple type="xs:gMonthDay"/>
    <simple type="xs:gYear"/>
    <simple type="xs:gYearMonth"/>
    <simple type="xs:hexBinary"/>
    <simple type="xs:ID"/>
    <simple type="xs:IDREF"/>
    <simple type="xs:IDREFS"/>
    <simple type="xs:int"/>
    <simple type="xs:integer"/>
    <simple type="xs:language"/>
    <simple type="xs:long"/>
    <simple type="xs:Name"/>
    <simple type="xs:NCName"/>
    <simple type="xs:negativeInteger"/>
    <simple type="xs:NMTOKEN"/>
    <simple type="xs:NMTOKENS"/>
    <simple type="xs:nonNegativeInteger"/>
    <simple type="xs:nonPositiveInteger"/>
    <simple type="xs:normalizedString"/>
    <simple type="xs:NOTATION"/>
    <simple type="xs:positiveInteger"/>
    <simple type="xs:QName"/>
    <simple type="xs:short"/>
    <simple type="xs:string"/>
    <simple type="xs:time"/>
    <simple type="xs:token"/>
    <simple type="xs:unsignedByte"/>
    <simple type="xs:unsignedInt"/>
    <simple type="xs:unsignedLong"/>
    <simple type="xs:unsignedShort"/>
</data>
