<?xml version='1.0' encoding='UTF-8'?>
        <soapenv:Envelope xmlns:soapenv="http://schemas.xmlsoap.org/soap/envelope/" xmlns:wsa="http://www.w3.org/2005/08/addressing">
        <soapenv:Body>
                <m0:getQuote xmlns:m0="http://services.samples">
                        <m0:request>
                                <m0:symbol>IBMabccccccccccccccccccccc
eeeeeeeeeeeeeeeeeeeeeeeeeeee
abccccccccccccccccccccc
eeeeeeeeeeeeeeeeeeeeeeeeeeee
abccccccccccccccccccccc
eeeeeeeeeeeeeeeeeeeeeeeeeeeeabccccccccccccccccccccc
eeeeeeeeeeeeeeeeeeeeeeeeeeeeabccccccccccccccccccccc
eeeeeeeeeeeeeeeeeeeeeeeeeeeeabccccccccccccccccccccc
eeeeeeeeeeeeeeeeeeeeeeeeeeeeabccccccccccccccccccccc
eeeeeeeeeeeeeeeeeeeeeeeeeeeeabccccccccccccccccccccc
eeeeeeeeeeeeeeeeeeeeeeeeeeeeabccccccccccccccccccccc
eeeeeeeeeeeeeeeeeeeeeeeeeeeeabccccccccccccccccccccc
eeeeeeeeeeeeeeeeeeeeeeeeeeeeabccccccccccccccccccccc
eeeeeeeeeeeeeeeeeeeeeeeeeeeeabccccccccccccccccccccc
eeeeeeeeeeeeeeeeeeeeeeeeeeeeabccccccccccccccccccccc
eeeeeeeeeeeeeeeeeeeeeeeeeeeeabccccccccccccccccccccc
eeeeeeeeeeeeeeeeeeeeeeeeeeeeabcccccccccccccccccccccabccccccccccccccccccccc
eeeeeeeeeeeeeeeeeeeeeeeeeeee
abccccccccccccccccccccc
eeeeeeeeeeeeeeeeeeeeeeeeeeee
abcccccccccccccccccccccabccccccccccccccccccccc
eeeeeeeeeeeeeeeeeeeeeeeeeeee
abccccccccccccccccccccc
eeeeeeeeeeeeeeeeeeeeeeeeeeee
abccccccccccccccccccccc
eeeeeeeeeeeeeeeeeeeeeeeeeeeeabccccccccccccccccccccc
eeeeeeeeeeeeeeeeeeeeeeeeeeeeabccccccccccccccccccccc
eeeeeeeeeeeeeeeeeeeeeeeeeeeeabccccccccccccccccccccc
eeeeeeeeeeeeeeeeeeeeeeeeeeeeabccccccccccccccccccccc
eeeeeeeeeeeeeeeeeeeeeeeeeeeeabccccccccccccccccccccc
eeeeeeeeeeeeeeeeeeeeeeeeeeeeabccccccccccccccccccccc
eeeeeeeeeeeeeeeeeeeeeeeeeeeeabccccccccccccccccccccc
eeeeeeeeeeeeeeeeeeeeeeeeeeeeabccccccccccccccccccccc
eeeeeeeeeeeeeeeeeeeeeeeeeeeeabccccccccccccccccccccc
eeeeeeeeeeeeeeeeeeeeeeeeeeeeabccccccccccccccccccccc
eeeeeeeeeeeeeeeeeeeeeeeeeeeeabccccccccccccccccccccc
eeeeeeeeeeeeeeeeeeeeeeeeeeeeabcccccccccccccccccccccabccccccccccccccccccccc
eeeeeeeeeeeeeeeeeeeeeeeeeeee
abccccccccccccccccccccc
eeeeeeeeeeeeeeeeeeeeeeeeeeee
abccccccccccccccccccccc
eeeeeeeeeeeeeeeeeeeeeeeeeeeeabccccccccccccccccccccc
eeeeeeeeeeeeeeeeeeeeeeeeeeeeabccccccccccccccccccccc
eeeeeeeeeeeeeeeeeeeeeeeeeeeeabccccccccccccccccccccc
eeeeeeeeeeeeeeeeeeeeeeeeeeeeabccccccccccccccccccccc
eeeeeeeeeeeeeeeeeeeeeeeeeeeeabccccccccccccccccccccc
eeeeeeeeeeeeeeeeeeeeeeeeeeeeabccccccccccccccccccccc
eeeeeeeeeeeeeeeeeeeeeeeeeeeeabccccccccccccccccccccc
eeeeeeeeeeeeeeeeeeeeeeeeeeeeabccccccccccccccccccccc
eeeeeeeeeeeeeeeeeeeeeeeeeeeeabccccccccccccccccccccc
eeeeeeeeeeeeeeeeeeeeeeeeeeeeabccccccccccccccccccccc
eeeeeeeeeeeeeeeeeeeeeeeeeeeeabccccccccccccccccccccc
eeeeeeeeeeeeeeeeeeeeeeeeeeeeabcccccccccccccccccccccabccccccccccccccccccccc
eeeeeeeeeeeeeeeeeeeeeeeeeeee
abccccccccccccccccccccc
eeeeeeeeeeeeeeeeeeeeeeeeeeee
abccccccccccccccccccccc
eeeeeeeeeeeeeeecccccc
eeeeeeeeeeeeeeeeeeeeeeeeeeeeabccccccccccccccccccccc
eeeeeeeeeeeeeeeeeeeeeeeeeeeeabccccccccccccccccccccc
eeeeeeeeeeeeeeeeeeeeeeeeeeeeabccccccccccccccccccccc
eeeeeeeeeeeeeeeeeeeeeeeeeeeeabccccccccccccccccccccc
eeeeeeeeeeeeeeeeeeeeeeeeeeeeabcccccccccccccccccccccabccccccccccccccccccccc
eeeeeeeeeeeeeeeeeeeeeeeeeeee
abccccccccccccccccccccc
eeeeeeeeeeeeeeeeeeeeeeeeeeee
abccccccccccccccccccccc
eeeeeeeeeeeeeeeeeeeeeeeeeeeeabccccccccccccccccccccc
eeeeeeeeeeeeeeeeeeeeeeeeeeeeabccccccccccccccccccccc
eeeeeeeeeeeeeeeeeeeeeeeeeeeeabccccccccccccccccccccc
eeeeeeeeeeeeeeeeeeeeeeeeeeeeabccccccccccccccccccccc
eeeeeeeeeeeeeeeeeeeeeeeeeeeeabccccccccccccccccccccc
eeeeeeeeeeeeeeeeeeeeeeeeeeeeabccccccccccccccccccccc
eeeeeeeeeeeeeeeeeeeee
eeeeeeeeeeeeeeeeeeeeeeeeeeee
abccccccccccccccccccccc
eeeeeeeeeeeeeeeeeeeeeeeeeeeeabccccccccccccccccccccc
eeeeeeeeeeeeeeeeeeeeeeeeeeeeabccccccccccccccccccccc
eeeeeeeeeeeeeeeeeeeeeeeeeeeeabccccccccccccccccccccc
eeeeeeeeeeeeeeeeeeeeeeeeeeeeabccccccccccccccccccccc
eeeeeeeeeeeeeeeeeeeeeeeeeeeeabccccccccccccccccccccc
eeeeeeeeeeeeeeeeeeeeeeeeeeeeabccccccccccccccccccccc
eeeeeeeeeeeeeeeeeeeeeeeeeeeeabccccccccccccccccccccc
eeeeeeeeeeeeeeeeeeeeeeeeeeeeabccccccccccccccccccccc
eeeeeeeeeeeeeeeeeeeeeeeeeeeeabccccccccccccccccccccc
eeeeeeeeeeeeeeeeeeeeeeeeeeeeabccccccccccccccccccccc
eeeeeeeeeeeeeeeeeeecccccccccc
eeeeeeeeeeeeeeeeeeeeeeeeeeeeabccccccccccccccccccccc
eeeeeeeeeeeeeeeeeeeeeeeeeeeeabccccccccccccccccccccc
eeeeeeeeeeeeeeeeeeeeeeeeeeeeabccccccccccccccccccccc
eeeeeeeeeeeeeeeeeeeeeeeeeeeeabcccccccccccccccccccccabccccccccccccccccccccc
eeeeeeeeeeeeeeeeeeeeeeeeeeee
abccccccccccccccccccccc
eeeeeeeeeeeeeeeeeeeeeeeeeeee
abccccccccccccccccccccc
eeeeeeeeeeeeeeeeeeeeeeeeeeeeabccccccccccccccccccccc
eeeeeeeeeeeeeeeeeeeeeeeeeeeeabccccccccccccccccccccc
eeeeeeeeeeeeeeeeeeeeeeeeeeeeabccccccccccccccccccccc
eeeeeeeeeeeeeeeeeeeeeeeeeeeeabccccccccccccccccccccc
eeeeeeeeeeeeeeeeeeeeeeeeeeeeabccccccccccccccccccccc
eeeeeeeeeeeeeeeeeeeeeeeeeeeeabccccccccccccccccccccc
eeeeeeeeeeeeeeeeeeeeeeeeeeeeabccccccccccccccccccccc
eeeeeeeeeeeeeeeeeeeeeeeeeeeeabccccccccccccccccccccc
eeeeeeeeeeeeeeeeeeeeeeeeeeeeabccccccccccccccccccccc
eeeeeeeeeeeeeeeeeeeeeeeeeeeeabccccccccccccccccccccc
eeeeeeeeeeeeeeeeeeeeeeeeeeeeabccccccccccccccccccccc
eeeeeeeeeeeeeeeeeeeeeeeeeeeeabcccccccccccccccccccccabccccccccccccccccccccc
eeeeeeeeeeeeeeeeeeeeeeeeeeee
abccccccccccccccccccccc
eeeeeeeeeeeeeeeeeeeeeeeeeeee
abccccccccccccccccccccc
eeeeeeeeeeeeeeeeeeeeeeeeeeeeabccc
eeeeeeeeeeeeeeeeeeeeeeeeeeeeabccccccccccccccccccccc
eeeeeeeeeeeeeeeeeeeeeeeeeeeeabccccccccccccccccccccc
eeeeeeeeeeeeeeeeeeeeeeeeeeeeabcccccccccccccccccccccabccccccccccccccccccccc
eeeeeeeeeeeeeeeeeeeeeeeeeeee
abccccccccccccccccccccc
eeeeeeeeeeeeeeeeeeeeeeeeeeee
abccccccccccccccccccccc
eeeeeeeeeeeeeeeeeeeeeeeeeeeeabcccccccccc
eeeeeeeeeeeeeeeeeeeeeeeeeeeeabccccccccccccccccccccc
eeeeeeeeeeeeeeeeeeeeeeeeeeeeabccccccccccccccccccccc
eeeeeeeeeeeeeeeeeeeeeeeeeeeeabccccccccccccccccccccc
eeeeeeeeeeeeeeeeeeeeeeeeeeeeabccccccccccccccccccccc
eeeeeeeeeeeeeeeeeeeeeeeeeeeeabccccccccccccccccccccc
eeeeeeeeeeeeeeeeeeeeeeeeeeeeabccccccccccccccccccccc
eeeeeeeeeeeeeeeeeeeeeeeeeeeeabccccccccccccccccccccc
eeeeeeeeeeeeeeeeeeeeeeeeeeeeabcccccccccccccccccccccabccccccccccccccccccccc
eeeeeeeeeeeeeeeeeeeeeeeeeeee
abccccccccccccccccccccc
eeeeeeeeeeeeeeeeeeeeeeeeeeee
abccccccccccccccccccccc
eeeeeeeeeeeeeeeeeeeeeeeeeeeeabccccccccccccccccccccc
eeeeeeeeeeeeeeeeeeeeeeeeeeeeabccccccccccccccccccccc
eeeeeeeeeeeeeeeeeeeeeeeeeeeeabccccccccccccccccccccc
eeeeeeeeeeeeeeeeeeeeeeeeeeeeabccccccccccccccccccccc
eeeeeeeeeeeeeeeeeeeeeeeeeeeeabccccccccccccccccccccc
eeeeeeeeeeeeeeeeeeeeeeeeeeeeabccccccccccccccccccccc
eeeeeeeeeeeeeeeeeeeeeeeeeeeeabccccccccccccccccccccc
eeeeeeeeeeeeeeeeeeeeeeeeeeeeabccccccccccccccccccccc
eeeeeeeeeeeeeeeeeeeeeeeeeeeeabccccccccccccccccccccc
eeeeeeeeeeeeeeeeeeeeeeeeeeeeabccccccccccccccccccccc
eeeeeeeeeeeeeeeeeeeeeeeeeeeeabccccccccccccccccccccc
eeeeeeeeeeeeeeeeeeeeeeeeeeeeabcccccccccccccccccccccabccccccccccccccccccccc
eeeeeeeeeeeeeeeeeeeeeeeeeeee
abccccccccccccccccccccc
eeeeeeeeeeeeeeeeeeeeeeeeeeee
abccccccccccccccccccccc
eeeeeeeeeeeeeeeeeeeeeeeeeeeeabccccccccccccccccccccc
eeeeeeeeeeeeeeeeeeeeeeeeeeeeabccccccccccccccccccccc
eeeeeeeeeeeeeeeeeeeeeeeeeeeeabccccccccccccccccccccc
eeeeeeeeeeeeeeeeeeeeeeeeeeeeabccccccccccccccccccccc
eeeeeeeeeeeeeeeeeeeeeeeeeeeeabccccccccccccccccccccc
eeeeeeeeeeeeeeeeeeeeeeeeeeeeabccccccccccccccccccccc
eeeeeeeeeeeeeeeeeeeeeeeeeeeeabccccccccccccccccccccc
eeeeeeeeeeeeeeeeeeeeeeeeeeeeabccccccccccccccccccccc
eeeeeeeeeeeeeeeeeeeeeeeeeeeeabccccccccccccccccccccc
eeeeeeeeeeeeeeeeeeeeeeeeeeeeabccccccccccccccccccccc
eeeeeeeeeeeeeeeeeeeeeeeeeeeeabccccccccccccccccccccc
eeeeeeeeeeeeeeeeeeeeeeeeeeeeabcccccccccccccccccccccabccccccccccccccccccccc
eeeeeeeeeeeeeeeeeeeeeeeeeeee
abccccccccccccccccccccc
eeeeeeeeeeeeeeeeeeeeeeeeeeee
abccccccccccccccccccccc
eeeeeeeeeeeeeeeeeeeeeeeeeeeeabccccccccccccccccccccc
eeeeeeeeeeeeeeeeeeeeeeeeeeeeabccccccccccccccccccccc
eeeeeeeeeeeeeeeeeeeeeeeeeeeeabccccccccccccccccccccc
eeeeeeeeeeeeeeeeeeeeeeeeeeeeabccccccccccccccccccccc
eeeeeeeeeeeeeeeeeeeeeeeeeeeeabccccccccccccccccccccc
eeeeeeeeeeeeeeeeeeeeeeeeeeeeabccccccccccccccccccccc
eeeeeeeeeeeeeeeeeeeeeeeeeeeeabccccccccccccccccccccc
eeeeeeeeeeeeeeeeeeeeeeeeeeeeabccccccccccccccccccccc
eeeeeeeeeeeeeeeeeeeeeeeeeeeeabccccccccccccccccccccc
eeeeeeeeeeeeeeeeeeeeeeeeeeeeabccccccccccccccccccccc
eeeeeeeeeeeeeeeeeeeeeeeeeeeeabccccccccccccccccccccc
eeeeeeeeeeeeeeeeeeeeeeeeeeeeabcccccccccccccccccccccabccccccccccccccccccccc
eeeeeeeeeeeeeeeeeeeeeeeeeeee
abccccccccccccccccccccc
eeeeeeeeeeeeeeeeeeeeeeeeeeee
abccccccccccccccccccccc
eeeeeeeeeeeeeeeeeeeeeeeeeeeeabccccccccccccccccccccc
eeeeeeeeeeeeeeeeeeeeeeeeeeeeabccccccccccccccccccccc
eeeeeeeeeeeeeeeeeeeeeeeeeeeeabccccccccccccccccccccc
eeeeeeeeeeeeeeeeeeeeeeeeeeeeabccccccccccccccccccccc
eeeeeeeeeeeeeeeeeeeeeeeeeeeeabccccccccccccccccccccc
eeeeeeeeeeeeeeeeeeeeeeeeeeeeabccccccccccccccccccccc
eeeeeeeeeeeeeeeeeeeeeeeeeeeeabccccccccccccccccccccc
eeeeeeeeeeeeeeeeeeeeeeeeeeeeabccccccccccccccccccccc
eeeeeeeeeeeeeeeeeeeeeeeeeeeeabccccccccccccccccccccc
eeeeeeeeeeeeeeeeeeeeeeeeeeeeabccccccccccccccccccccc
eeeeeeeeeeeeeeeeeeeeeeeeeeeeabccccccccccccccccccccc
eeeeeeeeeeeeeeeeeeeeeeeeeeeeabcccccccccccccccccccccabccccccccccccccccccccc
eeeeeeeeeeeeeeeeeeeeeeeeeeee
abccccccccccccccccccccc
eeeeeeeeeeeeeeeeeeeeeeeeeeee
abccccccccccccccccccccc
eeeeeeeeeeeeeeeeeeeeeeeeeeeeabccccccccccccccccccccc
eeeeeeeeeeeeeeeeeeeeeeeeeeeeabccccccccccccccccccccc
eeeeeeeeeeeeeeeeeeeeeeeeeeeeabccccccccccccccccccccc
eeeeeeeeeeeeeeeeeeeeeeeeeeeeabccccccccccccccccccccc
eeeeeeeeeeeeeeeeeeeeeeeeeeeeabccccccccccccccccccccc
eeeeeeeeeeeeeeeeeeeeeeeeeeeeabccccccccccccccccccccc
eeeeeeeeeeeeeeeeeeeeeeeeeeeeabccccccccccccccccccccc
eeeeeeeeeeeeeeeeeeeeeeeeeeeeabccccccccccccccccccccc
eeeeeeeeeeeeeeeeeeeeeeeeeeeeabccccccccccccccccccccc
eeeeeeeeeeeeeeeeeeeeeeeeeeeeabccccccccccccccccccccc
eeeeeeeeeeeeeeeeeeeeeeeeeeeeabccccccccccccccccccccc
eeeeeeeeeeeeeeeeeeeeeeeeeeeeabcccccccccccccccccccccabccccccccccccccccccccc
eeeeeeeeeeeeeeeeeeeeeeeeeeee
abccccccccccccccccccccc
eeeeeeeeeeeeeeeeeeeeeeeeeeee
abccccccccccccccccccccc
eeeeeeeeeeeeeeeeeeeeeeeeeeeeabccccccccccccccccccccc
eeeeeeeeeeeeeeeeeeeeeeeeeeeeabccccccccccccccccccccc
eeeeeeeeeeeeeeeeeeeeeeeeeeeeabccccccccccccccccccccc
eeeeeeeeeeeeeeeeeeeeeeeeeeeeabccccccccccccccccccccc
eeeeeeeeeeeeeeeeeeeeeeeeeeeeabccccccccccccccccccccc
eeeeeeeeeeeeeeeeeeeeeeeeeeeeabccccccccccccccccccccc
eeeeeeeeeeeeeeeeeeeeeeeeeeeeabccccccccccccccccccccc
eeeeeeeeeeeeeeeeeeeeeeeeeeeeabccccccccccccccccccccc
eeeeeeeeeeeeeeeeeeeeeeeeeeeeabccccccccccccccccccccc
eeeeeeeeeeeeeeeeeeeeeeeeeeeeabccccccccccccccccccccc
eeeeeeeeeeeeeeeeeeeeeeeeeeeeabccccccccccccccccccccc
eeeeeeeeeeeeeeeeeeeeeeeeeeeeabcccccccccccccccccccccabccccccccccccccccccccc
eeeeeeeeeeeeeeeeeeeeeeeeeeee
abccccccccccccccccccccc
eeeeeeeeeeeeeeeeeeeeeeeeeeee
abccccccccccccccccccccc
eeeeeeeeeeeeeeeeeeeeeeeeeeeeabccccccccccccccccccccc
eeeeeeeeeeeeeeeeeeeeeeeeeeeeabccccccccccccccccccccc
eeeeeeeeeeeeeeeeeeeeeeeeeeeeabccccccccccccccccccccc
eeeeeeeeeeeeeeeeeeeeeeeeeeeeabccccccccccccccccccccc
eeeeeeeeeeeeeeeeeeeeeeeeeeeeabccccccccccccccccccccc
eeeeeeeeeeeeeeeeeeeeeeeeeeeeabccccccccccccccccccccc
eeeeeeeeeeeeeeeeeeeeeeeeeeeeabccccccccccccccccccccc
eeeeeeeeeeeeeeeeeeeeeeeeeeeeabccccccccccccccccccccc
eeeeeeeeeeeeeeeeeeeeeeeeeeeeabccccccccccccccccccccc
eeeeeeeeeeeeeeeeeeeeeeeeeeeeabccccccccccccccccccccc
eeeeeeeeeeeeeeeeeeeeeeeeeeeeabccccccccccccccccccccc
eeeeeeeeeeeeeeeeeeeeeeeeeeeeabcccccccccccccccccccccabccccccccccccccccccccc
eeeeeeeeeeeeeeeeeeeeeeeeeeee
abccccccccccccccccccccc
eeeeeeeeeeeeeeeeeeeeeeeeeeee
abccccccccccccccccccccc
eeeeeeeeeeeeeeeeeeeeeeeeeeeeabccccccccccccccccccccc
eeeeeeeeeeeeeeeeeeeeeeeeeeeeabccccccccccccccccccccc
eeeeeeeeeeeeeeeeeeeeeeeeeeeeabccccccccccccccccccccc
eeeeeeeeeeeeeeeeeeeeeeeeeeeeabccccccccccccccccccccc
eeeeeeeeeeeeeeeeeeeeeeeeeeeeabccccccccccccccccccccc
eeeeeeeeeeeeeeeeeeeeeeeeeeeeabccccccccccccccccccccc
eeeeeeeeeeeeeeeeeeeeeeeeeeeeabccccccccccccccccccccc
eeeeeeeeeeeeeeeeeeeeeeeeeeeeabccccccccccccccccccccc
eeeeeeeeeeeeeeeeeeeeeeeeeeeeabccccccccccccccccccccc
eeeeeeeeeeeeeeeeeeeeeeeeeeeeabccccccccccccccccccccc
eeeeeeeeeeeeeeeeeeeeeeeeeeeeabccccccccccccccccccccc
eeeeeeeeeeeeeeeeeeeeeeeeeeeeabcccccccccccccccccccccabccccccccccccccccccccc
eeeeeeeeeeeeeeeeeeeeeeeeeeee
abccccccccccccccccccccc
eeeeeeeeeeeeeeeeeeeeeeeeeeee
abccccccccccccccccccccc
eeeeeeeeeeeeeeeeeeeeeeeeeeeeabccccccccccccccccccccc
eeeeeeeeeeeeeeeeeeeeeeeeeeeeabccccccccccccccccccccc
eeeeeeeeeeeeeeeeeeeeeeeeeeeeabccccccccccccccccccccc
eeeeeeeeeeeeeeeeeeeeeeeeeeeeabccccccccccccccccccccc
eeeeeeeeeeeeeeeeeeeeeeeeeeeeabccccccccccccccccccccc
eeeeeeeeeeeeeeeeeeeeeeeeeeeeabccccccccccccccccccccc
eeeeeeeeeeeeeeeeeeeeeeeeeeeeabccccccccccccccccccccc
eeeeeeeeeeeeeeeeeeeeeeeeeeeeabccccccccccccccccccccc
eeeeeeeeeeeeeeeeeeeeeeeeeeeeabccccccccccccccccccccc
eeeeeeeeeeeeeeeeeeeeeeeeeeeeabccccccccccccccccccccc
eeeeeeeeeeeeeeeeeeeeeeeeeeeeabccccccccccccccccccccc
eeeeeeeeeeeeeeeeeeeeeeeeeeeeabcccccccccccccccccccccabccccccccccccccccccccc
eeeeeeeeeeeeeeeeeeeeeeeeeeee
abccccccccccccccccccccc
eeeeeeeeeeeeeeeeeeeeeeeeeeee
abccccccccccccccccccccc
eeeeeeeeeeeeeeeeeeeeeeeeeeeeabccccccccccccccccccccc
eeeeeeeeeeeeeeeeeeeeeeeeeeeeabccccccccccccccccccccc
eeeeeeeeeeeeeeeeeeeeeeeeeeeeabccccccccccccccccccccc
eeeeeeeeeeeeeeeeeeeeeeeeeeeeabccccccccccccccccccccc
eeeeeeeeeeeeeeeeeeeeeeeeeeeeabccccccccccccccccccccc
eeeeeeeeeeeeeeeeeeeeeeeeeeeeabccccccccccccccccccccc
eeeeeeeeeeeeeeeeeeeeeeeeeeeeabccccccccccccccccccccc
eeeeeeeeeeeeeeeeeeeeeeeeeeeeabccccccccccccccccccccc
eeeeeeeeeeeeeeeeeeeeeeeeeeeeabccccccccccccccccccccc
eeeeeeeeeeeeeeeeeeeeeeeeeeeeabccccccccccccccccccccc
eeeeeeeeeeeeeeeeeeeeeeeeeeeeabccccccccccccccccccccc
eeeeeeeeeeeeeeeeeeeeeeeeeeeeabcccccccccccccccccccccabccccccccccccccccccccc
eeeeeeeeeeeeeeeeeeeeeeeeeeee
abccccccccccccccccccccc
eeeeeeeeeeeeeeeeeeeeeeeeeeee
abccccccccccccccccccccc
eeeeeeeeeeeeeeeeeeeeeeeeeeeeabccccccccccccccccccccc
eeeeeeeeeeeeeeeeeeeeeeeeeeeeabccccccccccccccccccccc
eeeeeeeeeeeeeeeeeeeeeeeeeeeeabccccccccccccccccccccc
eeeeeeeeeeeeeeeeeeeeeeeeeeeeabccccccccccccccccccccc
eeeeeeeeeeeeeeeeeeeeeeeeeeeeabccccccccccccccccccccc
eeeeeeeeeeeeeeeeeeeeeeeeeeeeabccccccccccccccccccccc
eeeeeeeeeeeeeeeeeeeeeeeeeeeeabccccccccccccccccccccc
eeeeeeeeeeeeeeeeeeeeeeeeeeeeabccccccccccccccccccccc
eeeeeeeeeeeeeeeeeeeeeeeeeeeeabccccccccccccccccccccc
eeeeeeeeeeeeeeeeeeeeeeeeeeeeabccccccccccccccccccccc
eeeeeeeeeeeeeeeeeeeeeeeeeeeeabccccccccccccccccccccc
eeeeeeeeeeeeeeeeeeeeeeeeeeeeabcccccccccccccccccccccabccccccccccccccccccccc
eeeeeeeeeeeeeeeeeeeeeeeeeeee
abccccccccccccccccccccc
eeeeeeeeeeeeeeeeeeeeeeeeeeee
abccccccccccccccccccccc
eeeeeeeeeeeeeeeeeeeeeeeeeeeeabccccccccccccccccccccc
eeeeeeeeeeeeeeeeeeeeeeeeeeeeabccccccccccccccccccccc
eeeeeeeeeeeeeeeeeeeeeeeeeeeeabccccccccccccccccccccc
eeeeeeeeeeeeeeeeeeeeeeeeeeeeabccccccccccccccccccccc
eeeeeeeeeeeeeeeeeeeeeeeeeeeeabccccccccccccccccccccc
eeeeeeeeeeeeeeeeeeeeeeeeeeeeabccccccccccccccccccccc
eeeeeeeeeeeeeeeeeeeeeeeeeeeeabccccccccccccccccccccc
eeeeeeeeeeeeeeeeeeeeeeeeeeeeabccccccccccccccccccccc
eeeeeeeeeeeeeeeeeeeeeeeeeeeeabccccccccccccccccccccc
eeeeeeeeeeeeeeeeeeeeeeeeeeeeabccccccccccccccccccccc
eeeeeeeeeeeeeeeeeeeeeeeeeeeeabccccccccccccccccccccc
eeeeeeeeeeeeeeeeeeeeeeeeeeeeabcccccccccccccccccccccabccccccccccccccccccccc
eeeeeeeeeeeeeeeeeeeeeeeeeeee
abccccccccccccccccccccc
eeeeeeeeeeeeeeeeeeeeeeeeeeee
abccccccccccccccccccccc
eeeeeeeeeeeeeeeeeeeeeeeeeeeeabccccccccccccccccccccc
eeeeeeeeeeeeeeeeeeeeeeeeeeeeabccccccccccccccccccccc
eeeeeeeeeeeeeeeeeeeeeeeeeeeeabccccccccccccccccccccc
eeeeeeeeeeeeeeeeeeeeeeeeeeeeabccccccccccccccccccccc
eeeeeeeeeeeeeeeeeeeeeeeeeeeeabccccccccccccccccccccc
eeeeeeeeeeeeeeeeeeeeeeeeeeeeabccccccccccccccccccccc
eeeeeeeeeeeeeeeeeeeeeeeeeeeeabccccccccccccccccccccc
eeeeeeeeeeeeeeeeeeeeeeeeeeeeabccccccccccccccccccccc
eeeeeeeeeeeeeeeeeeeeeeeeeeeeabccccccccccccccccccccc
eeeeeeeeeeeeeeeeeeeeeeeeeeeeabccccccccccccccccccccc
eeeeeeeeeeeeeeeeeeeeeeeeeeeeabccccccccccccccccccccc
eeeeeeeeeeeeeeeeeeeeeeeeeeeeabcccccccccccccccccccccabccccccccccccccccccccc
eeeeeeeeeeeeeeeeeeeeeeeeeeee
abccccccccccccccccccccc
eeeeeeeeeeeeeeeeeeeeeeeeeeee
abccccccccccccccccccccc
eeeeeeeeeeeeeeeeeeeeeeeeeeeeabccccccccccccccccccccc
eeeeeeeeeeeeeeeeeeeeeeeeeeeeabccccccccccccccccccccc
eeeeeeeeeeeeeeeeeeeeeeeeeeeeabccccccccccccccccccccc
eeeeeeeeeeeeeeeeeeeeeeeeeeeeabccccccccccccccccccccc
eeeeeeeeeeeeeeeeeeeeeeeeeeeeabccccccccccccccccccccc
eeeeeeeeeeeeeeeeeeeeeeeeeeeeabccccccccccccccccccccc
eeeeeeeeeeeeeeeeeeeeeeeeeeeeabccccccccccccccccccccc
eeeeeeeeeeeeeeeeeeeeeeeeeeeeabccccccccccccccccccccc
eeeeeeeeeeeeeeeeeeeeeeeeeeeeabccccccccccccccccccccc
eeeeeeeeeeeeeeeeeeeeeeeeeeeeabccccccccccccccccccccc
eeeeeeeeeeeeeeeeeeeeeeeeeeeeabccccccccccccccccccccc
eeeeeeeeeeeeeeeeeeeeeeeeeeeeabcccccccccccccccccccccabccccccccccccccccccccc
eeeeeeeeeeeeeeeeeeeeeeeeeeee
abccccccccccccccccccccc
eeeeeeeeeeeeeeeeeeeeeeeeeeee
abccccccccccccccccccccc
eeeeeeeeeeeeeeeeeeeeeeeeeeeeabccccccccccccccccccccc
eeeeeeeeeeeeeeeeeeeeeeeeeeeeabccccccccccccccccccccc
eeeeeeeeeeeeeeeeeeeeeeeeeeeeabccccccccccccccccccccc
eeeeeeeeeeeeeeeeeeeeeeeeeeeeabccccccccccccccccccccc
eeeeeeeeeeeeeeeeeeeeeeeeeeeeabccccccccccccccccccccc
eeeeeeeeeeeeeeeeeeeeeeeeeeeeabccccccccccccccccccccc
eeeeeeeeeeeeeeeeeeeeeeeeeeeeabccccccccccccccccccccc
eeeeeeeeeeeeeeeeeeeeeeeeeeeeabccccccccccccccccccccc
eeeeeeeeeeeeeeeeeeeeeeeeeeeeabccccccccccccccccccccc
eeeeeeeeeeeeeeeeeeeeeeeeeeeeabccccccccccccccccccccc
eeeeeeeeeeeeeeeeeeeeeeeeeeeeabccccccccccccccccccccc
eeeeeeeeeeeeeeeeeeeeeeeeeeeeabcccccccccccccccccccccabccccccccccccccccccccc
eeeeeeeeeeeeeeeeeeeeeeeeeeee
abccccccccccccccccccccc
eeeeeeeeeeeeeeeeeeeeeeeeeeee
abccccccccccccccccccccc
eeeeeeeeeeeeeeeeeeeeeeeeeeeeabccccccccccccccccccccc
eeeeeeeeeeeeeeeeeeeeeeeeeeeeabccccccccccccccccccccc
eeeeeeeeeeeeeeeeeeeeeeeeeeeeabccccccccccccccccccccc
eeeeeeeeeeeeeeeeeeeeeeeeeeeeabccccccccccccccccccccc
eeeeeeeeeeeeeeeeeeeeeeeeeeeeabccccccccccccccccccccc
eeeeeeeeeeeeeeeeeeeeeeeeeeeeabccccccccccccccccccccc
eeeeeeeeeeeeeeeeeeeeeeeeeeeeabccccccccccccccccccccc
eeeeeeeeeeeeeeeeeeeeeeeeeeeeabccccccccccccccccccccc
eeeeeeeeeeeeeeeeeeeeeeeeeeeeabccccccccccccccccccccc
eeeeeeeeeeeeeeeeeeeeeeeeeeeeabccccccccccccccccccccc
eeeeeeeeeeeeeeeeeeeeeeeeeeeeabccccccccccccccccccccc
eeeeeeeeeeeeeeeeeeeeeeeeeeeeabcccccccccccccccccccccabccccccccccccccccccccc
eeeeeeeeeeeeeeeeeeeeeeeeeeee
abccccccccccccccccccccc
eeeeeeeeeeeeeeeeeeeeeeeeeeee
abccccccccccccccccccccc
eeeeeeeeeeeeeeeeeeeeeeeeeeeeabccccccccccccccccccccc
eeeeeeeeeeeeeeeeeeeeeeeeeeeeabccccccccccccccccccccc
eeeeeeeeeeeeeeeeeeeeeeeeeeeeabccccccccccccccccccccc
eeeeeeeeeeeeeeeeeeeeeeeeeeeeabccccccccccccccccccccc
eeeeeeeeeeeeeeeeeeeeeeeeeeeeabccccccccccccccccccccc
eeeeeeeeeeeeeeeeeeeeeeeeeeeeabccccccccccccccccccccc
eeeeeeeeeeeeeeeeeeeeeeeeeeeeabccccccccccccccccccccc
eeeeeeeeeeeeeeeeeeeeeeeeeeeeabccccccccccccccccccccc
eeeeeeeeeeeeeeeeeeeeeeeeeeeeabccccccccccccccccccccc
eeeeeeeeeeeeeeeeeeeeeeeeeeeeabccccccccccccccccccccc
eeeeeeeeeeeeeeeeeeeeeeeeeeeeabccccccccccccccccccccc
eeeeeeeeeeeeeeeeeeeeeeeeeeeeabcccccccccccccccccccccabccccccccccccccccccccc
eeeeeeeeeeeeeeeeeeeeeeeeeeee
abccccccccccccccccccccc
eeeeeeeeeeeeeeeeeeeeeeeeeeee
abccccccccccccccccccccc
eeeeeeeeeeeeeeeeeeeeeeeeeeeeabccccccccccccccccccccc
eeeeeeeeeeeeeeeeeeeeeeeeeeeeabccccccccccccccccccccc
eeeeeeeeeeeeeeeeeeeeeeeeeeeeabccccccccccccccccccccc
eeeeeeeeeeeeeeeeeeeeeeeeeeeeabccccccccccccccccccccc
eeeeeeeeeeeeeeeeeeeeeeeeeeeeabccccccccccccccccccccc
eeeeeeeeeeeeeeeeeeeeeeeeeeeeabccccccccccccccccccccc
eeeeeeeeeeeeeeeeeeeeeeeeeeeeabccccccccccccccccccccc
eeeeeeeeeeeeeeeeeeeeeeeeeeeeabccccccccccccccccccccc
eeeeeeeeeeeeeeeeeeeeeeeeeeeeabccccccccccccccccccccc
eeeeeeeeeeeeeeeeeeeeeeeeeeeeabccccccccccccccccccccc
eeeeeeeeeeeeeeeeeeeeeeeeeeeeabccccccccccccccccccccc
eeeeeeeeeeeeeeeeeeeeeeeeeeeeabcccccccccccccccccccccabccccccccccccccccccccc
eeeeeeeeeeeeeeeeeeeeeeeeeeee
abccccccccccccccccccccc
eeeeeeeeeeeeeeeeeeeeeeeeeeee
abccccccccccccccccccccc
eeeeeeeeeeeeeeeeeeeeeeeeeeeeabccccccccccccccccccccc
eeeeeeeeeeeeeeeeeeeeeeeeeeeeabccccccccccccccccccccc
eeeeeeeeeeeeeeeeeeeeeeeeeeeeabccccccccccccccccccccc
eeeeeeeeeeeeeeeeeeeeeeeeeeeeabccccccccccccccccccccc
eeeeeeeeeeeeeeeeeeeeeeeeeeeeabccccccccccccccccccccc
eeeeeeeeeeeeeeeeeeeeeeeeeeeeabccccccccccccccccccccc
eeeeeeeeeeeeeeeeeeeeeeeeeeeeabccccccccccccccccccccc
eeeeeeeeeeeeeeeeeeeeeeeeeeeeabccccccccccccccccccccc
eeeeeeeeeeeeeeeeeeeeeeeeeeeeabccccccccccccccccccccc
eeeeeeeeeeeeeeeeeeeeeeeeeeeeabccccccccccccccccccccc
eeeeeeeeeeeeeeeeeeeeeeeeeeeeabccccccccccccccccccccc
eeeeeeeeeeeeeeeeeeeeeeeeeeeeabcccccccccccccccccccccabccccccccccccccccccccc
eeeeeeeeeeeeeeeeeeeeeeeeeeee
abccccccccccccccccccccc
eeeeeeeeeeeeeeeeeeeeeeeeeeee
abccccccccccccccccccccc
eeeeeeeeeeeeeeeeeeeeeeeeeeeeabccccccccccccccccccccc
eeeeeeeeeeeeeeeeeeeeeeeeeeeeabccccccccccccccccccccc
eeeeeeeeeeeeeeeeeeeeeeeeeeeeabccccccccccccccccccccc
eeeeeeeeeeeeeeeeeeeeeeeeeeeeabccccccccccccccccccccc
eeeeeeeeeeeeeeeeeeeeeeeeeeeeabccccccccccccccccccccc
eeeeeeeeeeeeeeeeeeeeeeeeeeeeabccccccccccccccccccccc
eeeeeeeeeeeeeeeeeeeeeeeeeeeeabccccccccccccccccccccc
eeeeeeeeeeeeeeeeeeeeeeeeeeeeabccccccccccccccccccccc
eeeeeeeeeeeeeeeeeeeeeeeeeeeeabccccccccccccccccccccc
eeeeeeeeeeeeeeeeeeeeeeeeeeeeabccccccccccccccccccccc
eeeeeeeeeeeeeeeeeeeeeeeeeeeeabccccccccccccccccccccc
eeeeeeeeeeeeeeeeeeeeeeeeeeeeabcccccccccccccccccccccabccccccccccccccccccccc
eeeeeeeeeeeeeeeeeeeeeeeeeeee
abccccccccccccccccccccc
eeeeeeeeeeeeeeeeeeeeeeeeeeee
abccccccccccccccccccccc
eeeeeeeeeeeeeeeeeeeeeeeeeeeeabccccccccccccccccccccc
eeeeeeeeeeeeeeeeeeeeeeeeeeeeabccccccccccccccccccccc
eeeeeeeeeeeeeeeeeeeeeeeeeeeeabccccccccccccccccccccc
eeeeeeeeeeeeeeeeeeeeeeeeeeeeabccccccccccccccccccccc
eeeeeeeeeeeeeeeeeeeeeeeeeeeeabccccccccccccccccccccc
eeeeeeeeeeeeeeeeeeeeeeeeeeeeabccccccccccccccccccccc
eeeeeeeeeeeeeeeeeeeeeeeeeeeeabccccccccccccccccccccc
eeeeeeeeeeeeeeeeeeeeeeeeeeeeabccccccccccccccccccccc
eeeeeeeeeeeeeeeeeeeeeeeeeeeeabccccccccccccccccccccc
eeeeeeeeeeeeeeeeeeeeeeeeeeeeabccccccccccccccccccccc
eeeeeeeeeeeeeeeeeeeeeeeeeeeeabccccccccccccccccccccc
eeeeeeeeeeeeeeeeeeeeeeeeeeeeabcccccccccccccccccccccabccccccccccccccccccccc
eeeeeeeeeeeeeeeeeeeeeeeeeeee
abccccccccccccccccccccc
eeeeeeeeeeeeeeeeeeeeeeeeeeee
abccccccccccccccccccccc
eeeeeeeeeeeeeeeeeeeeeeeeeeeeabccccccccccccccccccccc
eeeeeeeeeeeeeeeeeeeeeeeeeeeeabccccccccccccccccccccc
eeeeeeeeeeeeeeeeeeeeeeeeeeeeabccccccccccccccccccccc
eeeeeeeeeeeeeeeeeeeeeeeeeeeeabccccccccccccccccccccc
eeeeeeeeeeeeeeeeeeeeeeeeeeeeabccccccccccccccccccccc
eeeeeeeeeeeeeeeeeeeeeeeeeeeeabccccccccccccccccccccc
eeeeeeeeeeeeeeeeeeeeeeeeeeeeabccccccccccccccccccccc
eeeeeeeeeeeeeeeeeeeeeeeeeeeeabccccccccccccccccccccc
eeeeeeeeeeeeeeeeeeeeeeeeeeeeabccccccccccccccccccccc
eeeeeeeeeeeeeeeeeeeeeeeeeeeeabccccccccccccccccccccc
eeeeeeeeeeeeeeeeeeeeeeeeeeeeabccccccccccccccccccccc
eeeeeeeeeeeeeeeeeeeeeeeeeeeeabcccccccccccccccccccccabccccccccccccccccccccc
eeeeeeeeeeeeeeeeeeeeeeeeeeee
abccccccccccccccccccccc
eeeeeeeeeeeeeeeeeeeeeeeeeeee
abccccccccccccccccccccc
eeeeeeeeeeeeeeeeeeeeeeeeeeeeabccccccccccccccccccccc
eeeeeeeeeeeeeeeeeeeeeeeeeeeeabccccccccccccccccccccc
eeeeeeeeeeeeeeeeeeeeeeeeeeeeabccccccccccccccccccccc
eeeeeeeeeeeeeeeeeeeeeeeeeeeeabccccccccccccccccccccc
eeeeeeeeeeeeeeeeeeeeeeeeeeeeabccccccccccccccccccccc
eeeeeeeeeeeeeeeeeeeeeeeeeeeeabccccccccccccccccccccc
eeeeeeeeeeeeeeeeeeeeeeeeeeeeabccccccccccccccccccccc
eeeeeeeeeeeeeeeeeeeeeeeeeeeeabccccccccccccccccccccc
eeeeeeeeeeeeeeeeeeeeeeeeeeeeabccccccccccccccccccccc
eeeeeeeeeeeeeeeeeeeeeeeeeeeeabccccccccccccccccccccc
eeeeeeeeeeeeeeeeeeeeeeeeeeeeabccccccccccccccccccccc
eeeeeeeeeeeeeeeeeeeeeeeeeeeeabcccccccccccccccccccccabccccccccccccccccccccc
eeeeeeeeeeeeeeeeeeeeeeeeeeee
abccccccccccccccccccccc
eeeeeeeeeeeeeeeeeeeeeeeeeeee
abccccccccccccccccccccc
eeeeeeeeeeeeeeeeeeeeeeeeeeeeabccccccccccccccccccccc
eeeeeeeeeeeeeeeeeeeeeeeeeeeeabccccccccccccccccccccc
eeeeeeeeeeeeeeeeeeeeeeeeeeeeabccccccccccccccccccccc
eeeeeeeeeeeeeeeeeeeeeeeeeeeeabccccccccccccccccccccc
eeeeeeeeeeeeeeeeeeeeeeeeeeeeabccccccccccccccccccccc
eeeeeeeeeeeeeeeeeeeeeeeeeeeeabccccccccccccccccccccc
eeeeeeeeeeeeeeeeeeeeeeeeeeeeabccccccccccccccccccccc
eeeeeeeeeeeeeeeeeeeeeeeeeeeeabccccccccccccccccccccc
eeeeeeeeeeeeeeeeeeeeeeeeeeeeabccccccccccccccccccccc
eeeeeeeeeeeeeeeeeeeeeeeeeeeeabccccccccccccccccccccc
eeeeeeeeeeeeeeeeeeeeeeeeeeeeabccccccccccccccccccccc
eeeeeeeeeeeeeeeeeeeeeeeeeeeeabcccccccccccccccccccccabccccccccccccccccccccc
eeeeeeeeeeeeeeeeeeeeeeeeeeee
abccccccccccccccccccccc
eeeeeeeeeeeeeeeeeeeeeeeeeeee
abccccccccccccccccccccc
eeeeeeeeeeeeeeeeeeeeeeeeeeeeabccccccccccccccccccccc
eeeeeeeeeeeeeeeeeeeeeeeeeeeeabccccccccccccccccccccc
eeeeeeeeeeeeeeeeeeeeeeeeeeeeabccccccccccccccccccccc
eeeeeeeeeeeeeeeeeeeeeeeeeeeeabccccccccccccccccccccc
eeeeeeeeeeeeeeeeeeeeeeeeeeeeabccccccccccccccccccccc
eeeeeeeeeeeeeeeeeeeeeeeeeeeeabccccccccccccccccccccc
eeeeeeeeeeeeeeeeeeeeeeeeeeeeabccccccccccccccccccccc
eeeeeeeeeeeeeeeeeeeeeeeeeeeeabccccccccccccccccccccc
eeeeeeeeeeeeeeeeeeeeeeeeeeeeabccccccccccccccccccccc
eeeeeeeeeeeeeeeeeeeeeeeeeeeeabccccccccccccccccccccc
eeeeeeeeeeeeeeeeeeeeeeeeeeeeabccccccccccccccccccccc
eeeeeeeeeeeeeeeeeeeeeeeeeeeeabcccccccccccccccccccccabccccccccccccccccccccc
eeeeeeeeeeeeeeeeeeeeeeeeeeee
abccccccccccccccccccccc
eeeeeeeeeeeeeeeeeeeeeeeeeeee
abccccccccccccccccccccc
eeeeeeeeeeeeeeeeeeeeeeeeeeeeabccccccccccccccccccccc
eeeeeeeeeeeeeeeeeeeeeeeeeeeeabccccccccccccccccccccc
eeeeeeeeeeeeeeeeeeeeeeeeeeeeabccccccccccccccccccccc
eeeeeeeeeeeeeeeeeeeeeeeeeeeeabccccccccccccccccccccc
eeeeeeeeeeeeeeeeeeeeeeeeeeeeabccccccccccccccccccccc
eeeeeeeeeeeeeeeeeeeeeeeeeeeeabccccccccccccccccccccc
eeeeeeeeeeeeeeeeeeeeeeeeeeeeabccccccccccccccccccccc
eeeeeeeeeeeeeeeeeeeeeeeeeeeeabccccccccccccccccccccc
eeeeeeeeeeeeeeeeeeeeeeeeeeeeabccccccccccccccccccccc
eeeeeeeeeeeeeeeeeeeeeeeeeeeeabccccccccccccccccccccc
eeeeeeeeeeeeeeeeeeeeeeeeeeeeabccccccccccccccccccccc
eeeeeeeeeeeeeeeeeeeeeeeeeeeeabcccccccccccccccccccccabccccccccccccccccccccc
eeeeeeeeeeeeeeeeeeeeeeeeeeee
abccccccccccccccccccccc
eeeeeeeeeeeeeeeeeeeeeeeeeeee
abccccccccccccccccccccc
eeeeeeeeeeeeeeeeeeeeeeeeeeeeabccccccccccccccccccccc
eeeeeeeeeeeeeeeeeeeeeeeeeeeeabccccccccccccccccccccc
eeeeeeeeeeeeeeeeeeeeeeeeeeeeabccccccccccccccccccccc
eeeeeeeeeeeeeeeeeeeeeeeeeeeeabccccccccccccccccccccc
eeeeeeeeeeeeeeeeeeeeeeeeeeeeabccccccccccccccccccccc
eeeeeeeeeeeeeeeeeeeeeeeeeeeeabccccccccccccccccccccc
eeeeeeeeeeeeeeeeeeeeeeeeeeeeabccccccccccccccccccccc
eeeeeeeeeeeeeeeeeeeeeeeeeeeeabccccccccccccccccccccc
eeeeeeeeeeeeeeeeeeeeeeeeeeeeabccccccccccccccccccccc
eeeeeeeeeeeeeeeeeeeeeeeeeeeeabccccccccccccccccccccc
eeeeeeeeeeeeeeeeeeeeeeeeeeeeabccccccccccccccccccccc
eeeeeeeeeeeeeeeeeeeeeeeeeeeeabcccccccccccccccccccccabccccccccccccccccccccc
eeeeeeeeeeeeeeeeeeeeeeeeeeee
abccccccccccccccccccccc
eeeeeeeeeeeeeeeeeeeeeeeeeeee
abccccccccccccccccccccc
eeeeeeeeeeeeeeeeeeeeeeeeeeeeabccccccccccccccccccccc
eeeeeeeeeeeeeeeeeeeeeeeeeeeeabccccccccccccccccccccc
eeeeeeeeeeeeeeeeeeeeeeeeeeeeabccccccccccccccccccccc
eeeeeeeeeeeeeeeeeeeeeeeeeeeeabccccccccccccccccccccc
eeeeeeeeeeeeeeeeeeeeeeeeeeeeabccccccccccccccccccccc
eeeeeeeeeeeeeeeeeeeeeeeeeeeeabccccccccccccccccccccc
eeeeeeeeeeeeeeeeeeeeeeeeeeeeabccccccccccccccccccccc
eeeeeeeeeeeeeeeeeeeeeeeeeeeeabccccccccccccccccccccc
eeeeeeeeeeeeeeeeeeeeeeeeeeeeabccccccccccccccccccccc
eeeeeeeeeeeeeeeeeeeeeeeeeeeeabccccccccccccccccccccc
eeeeeeeeeeeeeeeeeeeeeeeeeeeeabccccccccccccccccccccc
eeeeeeeeeeeeeeeeeeeeeeeeeeeeabcccccccccccccccccccccabccccccccccccccccccccc
eeeeeeeeeeeeeeeeeeeeeeeeeeee
abccccccccccccccccccccc
eeeeeeeeeeeeeeeeeeeeeeeeeeee
abccccccccccccccccccccc
eeeeeeeeeeeeeeeeeeeeeeeeeeeeabccccccccccccccccccccc
eeeeeeeeeeeeeeeeeeeeeeeeeeeeabccccccccccccccccccccc
eeeeeeeeeeeeeeeeeeeeeeeeeeeeabccccccccccccccccccccc
eeeeeeeeeeeeeeeeeeeeeeeeeeeeabccccccccccccccccccccc
eeeeeeeeeeeeeeeeeeeeeeeeeeeeabccccccccccccccccccccc
eeeeeeeeeeeeeeeeeeeeeeeeeeeeabccccccccccccccccccccc
eeeeeeeeeeeeeeeeeeeeeeeeeeeeabccccccccccccccccccccc
eeeeeeeeeeeeeeeeeeeeeeeeeeeeabccccccccccccccccccccc
eeeeeeeeeeeeeeeeeeeeeeeeeeeeabccccccccccccccccccccc
eeeeeeeeeeeeeeeeeeeeeeeeeeeeabccccccccccccccccccccc
eeeeeeeeeeeeeeeeeeeeeeeeeeeeabccccccccccccccccccccc
eeeeeeeeeeeeeeeeeeeeeeeeeeeeabcccccccccccccccccccccabccccccccccccccccccccc
eeeeeeeeeeeeeeeeeeeeeeeeeeee
abccccccccccccccccccccc
eeeeeeeeeeeeeeeeeeeeeeeeeeee
abccccccccccccccccccccc
eeeeeeeeeeeeeeeeeeeeeeeeeeeeabccccccccccccccccccccc
eeeeeeeeeeeeeeeeeeeeeeeeeeeeabccccccccccccccccccccc
eeeeeeeeeeeeeeeeeeeeeeeeeeeeabccccccccccccccccccccc
eeeeeeeeeeeeeeeeeeeeeeeeeeeeabccccccccccccccccccccc
eeeeeeeeeeeeeeeeeeeeeeeeeeeeabccccccccccccccccccccc
eeeeeeeeeeeeeeeeeeeeeeeeeeeeabccccccccccccccccccccc
eeeeeeeeeeeeeeeeeeeeeeeeeeeeabccccccccccccccccccccc
eeeeeeeeeeeeeeeeeeeeeeeeeeeeabccccccccccccccccccccc
eeeeeeeeeeeeeeeeeeeeeeeeeeeeabccccccccccccccccccccc
eeeeeeeeeeeeeeeeeeeeeeeeeeeeabccccccccccccccccccccc
eeeeeeeeeeeeeeeeeeeeeeeeeeeeabccccccccccccccccccccc
eeeeeeeeeeeeeeeeeeeeeeeeeeeeabcccccccccccccccccccccabccccccccccccccccccccc
eeeeeeeeeeeeeeeeeeeeeeeeeeee
abccccccccccccccccccccc
eeeeeeeeeeeeeeeeeeeeeeeeeeee
abccccccccccccccccccccc
eeeeeeeeeeeeeeeeeeeeeeeeeeeeabccccccccccccccccccccc
eeeeeeeeeeeeeeeeeeeeeeeeeeeeabccccccccccccccccccccc
eeeeeeeeeeeeeeeeeeeeeeeeeeeeabccccccccccccccccccccc
eeeeeeeeeeeeeeeeeeeeeeeeeeeeabccccccccccccccccccccc
eeeeeeeeeeeeeeeeeeeeeeeeeeeeabccccccccccccccccccccc
eeeeeeeeeeeeeeeeeeeeeeeeeeeeabccccccccccccccccccccc
eeeeeeeeeeeeeeeeeeeeeeeeeeeeabccccccccccccccccccccc
eeeeeeeeeeeeeeeeeeeeeeeeeeeeabccccccccccccccccccccc
eeeeeeeeeeeeeeeeeeeeeeeeeeeeabccccccccccccccccccccc
eeeeeeeeeeeeeeeeeeeeeeeeeeeeabccccccccccccccccccccc
eeeeeeeeeeeeeeeeeeeeeeeeeeeeabccccccccccccccccccccc
eeeeeeeeeeeeeeeeeeeeeeeeeeeeabcccccccccccccccccccccabccccccccccccccccccccc
eeeeeeeeeeeeeeeeeeeeeeeeeeee
abccccccccccccccccccccc
eeeeeeeeeeeeeeeeeeeeeeeeeeee
abccccccccccccccccccccc
eeeeeeeeeeeeeeeeeeeeeeeeeeeeabccccccccccccccccccccc
eeeeeeeeeeeeeeeeeeeeeeeeeeeeabccccccccccccccccccccc
eeeeeeeeeeeeeeeeeeeeeeeeeeeeabccccccccccccccccccccc
eeeeeeeeeeeeeeeeeeeeeeeeeeeeabccccccccccccccccccccc
eeeeeeeeeeeeeeeeeeeeeeeeeeeeabccccccccccccccccccccc
eeeeeeeeeeeeeeeeeeeeeeeeeeeeabccccccccccccccccccccc
eeeeeeeeeeeeeeeeeeeeeeeeeeeeabccccccccccccccccccccc
eeeeeeeeeeeeeeeeeeeeeeeeeeeeabccccccccccccccccccccc
eeeeeeeeeeeeeeeeeeeeeeeeeeeeabccccccccccccccccccccc
eeeeeeeeeeeeeeeeeeeeeeeeeeeeabccccccccccccccccccccc
eeeeeeeeeeeeeeeeeeeeeeeeeeeeabccccccccccccccccccccc
eeeeeeeeeeeeeeeeeeeeeeeeeeeeabcccccccccccccccccccccabccccccccccccccccccccc
eeeeeeeeeeeeeeeeeeeeeeeeeeee
abccccccccccccccccccccc
eeeeeeeeeeeeeeeeeeeeeeeeeeee
abccccccccccccccccccccc
eeeeeeeeeeeeeeeeeeeeeeeeeeeeabccccccccccccccccccccc
eeeeeeeeeeeeeeeeeeeeeeeeeeeeabccccccccccccccccccccc
eeeeeeeeeeeeeeeeeeeeeeeeeeeeabccccccccccccccccccccc
eeeeeeeeeeeeeeeeeeeeeeeeeeeeabccccccccccccccccccccc
eeeeeeeeeeeeeeeeeeeeeeeeeeeeabccccccccccccccccccccc
eeeeeeeeeeeeeeeeeeeeeeeeeeeeabccccccccccccccccccccc
eeeeeeeeeeeeeeeeeeeeeeeeeeeeabccccccccccccccccccccc
eeeeeeeeeeeeeeeeeeeeeeeeeeeeabccccccccccccccccccccc
eeeeeeeeeeeeeeeeeeeeeeeeeeeeabccccccccccccccccccccc
eeeeeeeeeeeeeeeeeeeeeeeeeeeeabccccccccccccccccccccc
eeeeeeeeeeeeeeeeeeeeeeeeeeeeabccccccccccccccccccccc
eeeeeeeeeeeeeeeeeeeeeeeeeeeeabcccccccccccccccccccccabccccccccccccccccccccc
eeeeeeeeeeeeeeeeeeeeeeeeeeee
abccccccccccccccccccccc
eeeeeeeeeeeeeeeeeeeeeeeeeeee
abccccccccccccccccccccc
eeeeeeeeeeeeeeeeeeeeeeeeeeeeabccccccccccccccccccccc
eeeeeeeeeeeeeeeeeeeeeeeeeeeeabccccccccccccccccccccc
eeeeeeeeeeeeeeeeeeeeeeeeeeeeabccccccccccccccccccccc
eeeeeeeeeeeeeeeeeeeeeeeeeeeeabccccccccccccccccccccc
eeeeeeeeeeeeeeeeeeeeeeeeeeeeabccccccccccccccccccccc
eeeeeeeeeeeeeeeeeeeeeeeeeeeeabccccccccccccccccccccc
eeeeeeeeeeeeeeeeeeeeeeeeeeeeabccccccccccccccccccccc
eeeeeeeeeeeeeeeeeeeeeeeeeeeeabccccccccccccccccccccc
eeeeeeeeeeeeeeeeeeeeeeeeeeeeabccccccccccccccccccccc
eeeeeeeeeeeeeeeeeeeeeeeeeeeeabccccccccccccccccccccc
eeeeeeeeeeeeeeeeeeeeeeeeeeeeabccccccccccccccccccccc
eeeeeeeeeeeeeeeeeeeeeeeeeeeeabcccccccccccccccccccccabccccccccccccccccccccc
eeeeeeeeeeeeeeeeeeeeeeeeeeee
abccccccccccccccccccccc
eeeeeeeeeeeeeeeeeeeeeeeeeeee
abccccccccccccccccccccc
eeeeeeeeeeeeeeeeeeeeeeeeeeeeabccccccccccccccccccccc
eeeeeeeeeeeeeeeeeeeeeeeeeeeeabccccccccccccccccccccc
eeeeeeeeeeeeeeeeeeeeeeeeeeeeabccccccccccccccccccccc
eeeeeeeeeeeeeeeeeeeeeeeeeeeeabccccccccccccccccccccc
eeeeeeeeeeeeeeeeeeeeeeeeeeeeabccccccccccccccccccccc
eeeeeeeeeeeeeeeeeeeeeeeeeeeeabccccccccccccccccccccc
eeeeeeeeeeeeeeeeeeeeeeeeeeeeabccccccccccccccccccccc
eeeeeeeeeeeeeeeeeeeeeeeeeeeeabccccccccccccccccccccc
eeeeeeeeeeeeeeeeeeeeeeeeeeeeabccccccccccccccccccccc
eeeeeeeeeeeeeeeeeeeeeeeeeeeeabccccccccccccccccccccc
eeeeeeeeeeeeeeeeeeeeeeeeeeeeabccccccccccccccccccccc
eeeeeeeeeeeeeeeeeeeeeeeeeeeeabcccccccccccccccccccccabccccccccccccccccccccc
eeeeeeeeeeeeeeeeeeeeeeeeeeee
abccccccccccccccccccccc
eeeeeeeeeeeeeeeeeeeeeeeeeeee
abccccccccccccccccccccc
eeeeeeeeeeeeeeeeeeeeeeeeeeeeabccccccccccccccccccccc
eeeeeeeeeeeeeeeeeeeeeeeeeeeeabccccccccccccccccccccc
eeeeeeeeeeeeeeeeeeeeeeeeeeeeabccccccccccccccccccccc
eeeeeeeeeeeeeeeeeeeeeeeeeeeeabccccccccccccccccccccc
eeeeeeeeeeeeeeeeeeeeeeeeeeeeabccccccccccccccccccccc
eeeeeeeeeeeeeeeeeeeeeeeeeeeeabccccccccccccccccccccc
eeeeeeeeeeeeeeeeeeeeeeeeeeeeabccccccccccccccccccccc
eeeeeeeeeeeeeeeeeeeeeeeeeeeeabccccccccccccccccccccc
eeeeeeeeeeeeeeeeeeeeeeeeeeeeabccccccccccccccccccccc
eeeeeeeeeeeeeeeeeeeeeeeeeeeeabccccccccccccccccccccc
eeeeeeeeeeeeeeeeeeeeeeeeeeeeabccccccccccccccccccccc
eeeeeeeeeeeeeeeeeeeeeeeeeeeeabcccccccccccccccccccccabccccccccccccccccccccc
eeeeeeeeeeeeeeeeeeeeeeeeeeee
abccccccccccccccccccccc
eeeeeeeeeeeeeeeeeeeeeeeeeeee
abccccccccccccccccccccc
eeeeeeeeeeeeeeeeeeeeeeeeeeeeabccccccccccccccccccccc
eeeeeeeeeeeeeeeeeeeeeeeeeeeeabccccccccccccccccccccc
eeeeeeeeeeeeeeeeeeeeeeeeeeeeabccccccccccccccccccccc
eeeeeeeeeeeeeeeeeeeeeeeeeeeeabccccccccccccccccccccc
eeeeeeeeeeeeeeeeeeeeeeeeeeeeabccccccccccccccccccccc
eeeeeeeeeeeeeeeeeeeeeeeeeeeeabccccccccccccccccccccc
eeeeeeeeeeeeeeeeeeeeeeeeeeeeabccccccccccccccccccccc
eeeeeeeeeeeeeeeeeeeeeeeeeeeeabccccccccccccccccccccc
eeeeeeeeeeeeeeeeeeeeeeeeeeeeabccccccccccccccccccccc
eeeeeeeeeeeeeeeeeeeeeeeeeeeeabccccccccccccccccccccc
eeeeeeeeeeeeeeeeeeeeeeeeeeeeabccccccccccccccccccccc
eeeeeeeeeeeeeeeeeeeeeeeeeeeeabcccccccccccccccccccccabccccccccccccccccccccc
eeeeeeeeeeeeeeeeeeeeeeeeeeee
abccccccccccccccccccccc
eeeeeeeeeeeeeeeeeeeeeeeeeeee
abccccccccccccccccccccc
eeeeeeeeeeeeeeeeeeeeeeeeeeeeabccccccccccccccccccccc
eeeeeeeeeeeeeeeeeeeeeeeeeeeeabccccccccccccccccccccc
eeeeeeeeeeeeeeeeeeeeeeeeeeeeabccccccccccccccccccccc
eeeeeeeeeeeeeeeeeeeeeeeeeeeeabccccccccccccccccccccc
eeeeeeeeeeeeeeeeeeeeeeeeeeeeabccccccccccccccccccccc
eeeeeeeeeeeeeeeeeeeeeeeeeeeeabccccccccccccccccccccc
eeeeeeeeeeeeeeeeeeeeeeeeeeeeabccccccccccccccccccccc
eeeeeeeeeeeeeeeeeeeeeeeeeeeeabccccccccccccccccccccc
eeeeeeeeeeeeeeeeeeeeeeeeeeeeabccccccccccccccccccccc
eeeeeeeeeeeeeeeeeeeeeeeeeeeeabccccccccccccccccccccc
eeeeeeeeeeeeeeeeeeeeeeeeeeeeabccccccccccccccccccccc
eeeeeeeeeeeeeeeeeeeeeeeeeeeeabcccccccccccccccccccccabccccccccccccccccccccc
eeeeeeeeeeeeeeeeeeeeeeeeeeee
abccccccccccccccccccccc
eeeeeeeeeeeeeeeeeeeeeeeeeeee
abccccccccccccccccccccc
eeeeeeeeeeeeeeeeeeeeeeeeeeeeabccccccccccccccccccccc
eeeeeeeeeeeeeeeeeeeeeeeeeeeeabccccccccccccccccccccc
eeeeeeeeeeeeeeeeeeeeeeeeeeeeabccccccccccccccccccccc
eeeeeeeeeeeeeeeeeeeeeeeeeeeeabccccccccccccccccccccc
eeeeeeeeeeeeeeeeeeeeeeeeeeeeabccccccccccccccccccccc
eeeeeeeeeeeeeeeeeeeeeeeeeeeeabccccccccccccccccccccc
eeeeeeeeeeeeeeeeeeeeeeeeeeeeabccccccccccccccccccccc
eeeeeeeeeeeeeeeeeeeeeeeeeeeeabccccccccccccccccccccc
eeeeeeeeeeeeeeeeeeeeeeeeeeeeabccccccccccccccccccccc
eeeeeeeeeeeeeeeeeeeeeeeeeeeeabccccccccccccccccccccc
eeeeeeeeeeeeeeeeeeeeeeeeeeeeabccccccccccccccccccccc
eeeeeeeeeeeeeeeeeeeeeeeeeeeeabcccccccccccccccccccccabccccccccccccccccccccc
eeeeeeeeeeeeeeeeeeeeeeeeeeee
abccccccccccccccccccccc
eeeeeeeeeeeeeeeeeeeeeeeeeeee
abccccccccccccccccccccc
eeeeeeeeeeeeeeeeeeeeeeeeeeeeabccccccccccccccccccccc
eeeeeeeeeeeeeeeeeeeeeeeeeeeeabccccccccccccccccccccc
eeeeeeeeeeeeeeeeeeeeeeeeeeeeabccccccccccccccccccccc
eeeeeeeeeeeeeeeeeeeeeeeeeeeeabccccccccccccccccccccc
eeeeeeeeeeeeeeeeeeeeeeeeeeeeabccccccccccccccccccccc
eeeeeeeeeeeeeeeeeeeeeeeeeeeeabccccccccccccccccccccc
eeeeeeeeeeeeeeeeeeeeeeeeeeeeabccccccccccccccccccccc
eeeeeeeeeeeeeeeeeeeeeeeeeeeeabccccccccccccccccccccc
eeeeeeeeeeeeeeeeeeeeeeeeeeeeabccccccccccccccccccccc
eeeeeeeeeeeeeeeeeeeeeeeeeeeeabccccccccccccccccccccc
eeeeeeeeeeeeeeeeeeeeeeeeeeeeabccccccccccccccccccccc
eeeeeeeeeeeeeeeeeeeeeeeeeeeeabcccccccccccccccccccccabccccccccccccccccccccc
eeeeeeeeeeeeeeeeeeeeeeeeeeee
abccccccccccccccccccccc
eeeeeeeeeeeeeeeeeeeeeeeeeeee
abccccccccccccccccccccc
eeeeeeeeeeeeeeeeeeeeeeeeeeeeabccccccccccccccccccccc
eeeeeeeeeeeeeeeeeeeeeeeeeeeeabccccccccccccccccccccc
eeeeeeeeeeeeeeeeeeeeeeeeeeeeabccccccccccccccccccccc
eeeeeeeeeeeeeeeeeeeeeeeeeeeeabccccccccccccccccccccc
eeeeeeeeeeeeeeeeeeeeeeeeeeeeabccccccccccccccccccccc
eeeeeeeeeeeeeeeeeeeeeeeeeeeeabccccccccccccccccccccc
eeeeeeeeeeeeeeeeeeeeeeeeeeeeabccccccccccccccccccccc
eeeeeeeeeeeeeeeeeeeeeeeeeeeeabccccccccccccccccccccc
eeeeeeeeeeeeeeeeeeeeeeeeeeeeabccccccccccccccccccccc
eeeeeeeeeeeeeeeeeeeeeeeeeeeeabccccccccccccccccccccc
eeeeeeeeeeeeeeeeeeeeeeeeeeeeabccccccccccccccccccccc
eeeeeeeeeeeeeeeeeeeeeeeeeeeeabcccccccccccccccccccccabccccccccccccccccccccc
eeeeeeeeeeeeeeeeeeeeeeeeeeee
abccccccccccccccccccccc
eeeeeeeeeeeeeeeeeeeeeeeeeeee
abccccccccccccccccccccc
eeeeeeeeeeeeeeeeeeeeeeeeeeeeabccccccccccccccccccccc
eeeeeeeeeeeeeeeeeeeeeeeeeeeeabccccccccccccccccccccc
eeeeeeeeeeeeeeeeeeeeeeeeeeeeabccccccccccccccccccccc
eeeeeeeeeeeeeeeeeeeeeeeeeeeeabccccccccccccccccccccc
eeeeeeeeeeeeeeeeeeeeeeeeeeeeabccccccccccccccccccccc
eeeeeeeeeeeeeeeeeeeeeeeeeeeeabccccccccccccccccccccc
eeeeeeeeeeeeeeeeeeeeeeeeeeeeabccccccccccccccccccccc
eeeeeeeeeeeeeeeeeeeeeeeeeeeeabccccccccccccccccccccc
eeeeeeeeeeeeeeeeeeeeeeeeeeeeabccccccccccccccccccccc
eeeeeeeeeeeeeeeeeeeeeeeeeeeeabccccccccccccccccccccc
eeeeeeeeeeeeeeeeeeeeeeeeeeeeabccccccccccccccccccccc
eeeeeeeeeeeeeeeeeeeeeeeeeeeeabcccccccccccccccccccccabccccccccccccccccccccc
eeeeeeeeeeeeeeeeeeeeeeeeeeee
abccccccccccccccccccccc
eeeeeeeeeeeeeeeeeeeeeeeeeeee
abccccccccccccccccccccc
eeeeeeeeeeeeeeeeeeeeeeeeeeeeabccccccccccccccccccccc
eeeeeeeeeeeeeeeeeeeeeeeeeeeeabccccccccccccccccccccc
eeeeeeeeeeeeeeeeeeeeeeeeeeeeabccccccccccccccccccccc
eeeeeeeeeeeeeeeeeeeeeeeeeeeeabccccccccccccccccccccc
eeeeeeeeeeeeeeeeeeeeeeeeeeeeabccccccccccccccccccccc
eeeeeeeeeeeeeeeeeeeeeeeeeeeeabccccccccccccccccccccc
eeeeeeeeeeeeeeeeeeeeeeeeeeeeabccccccccccccccccccccc
eeeeeeeeeeeeeeeeeeeeeeeeeeeeabccccccccccccccccccccc
eeeeeeeeeeeeeeeeeeeeeeeeeeeeabccccccccccccccccccccc
eeeeeeeeeeeeeeeeeeeeeeeeeeeeabccccccccccccccccccccc
eeeeeeeeeeeeeeeeeeeeeeeeeeeeabccccccccccccccccccccc
eeeeeeeeeeeeeeeeeeeeeeeeeeeeabcccccccccccccccccccccabccccccccccccccccccccc
eeeeeeeeeeeeeeeeeeeeeeeeeeee
abccccccccccccccccccccc
eeeeeeeeeeeeeeeeeeeeeeeeeeee
abccccccccccccccccccccc
eeeeeeeeeeeeeeeeeeeeeeeeeeeeabccccccccccccccccccccc
eeeeeeeeeeeeeeeeeeeeeeeeeeeeabccccccccccccccccccccc
eeeeeeeeeeeeeeeeeeeeeeeeeeeeabccccccccccccccccccccc
eeeeeeeeeeeeeeeeeeeeeeeeeeeeabccccccccccccccccccccc
eeeeeeeeeeeeeeeeeeeeeeeeeeeeabccccccccccccccccccccc
eeeeeeeeeeeeeeeeeeeeeeeeeeeeabccccccccccccccccccccc
eeeeeeeeeeeeeeeeeeeeeeeeeeeeabccccccccccccccccccccc
eeeeeeeeeeeeeeeeeeeeeeeeeeeeabccccccccccccccccccccc
eeeeeeeeeeeeeeeeeeeeeeeeeeeeabccccccccccccccccccccc
eeeeeeeeeeeeeeeeeeeeeeeeeeeeabccccccccccccccccccccc
eeeeeeeeeeeeeeeeeeeeeeeeeeeeabccccccccccccccccccccc
eeeeeeeeeeeeeeeeeeeeeeeeeeeeabcccccccccccccccccccccabccccccccccccccccccccc
eeeeeeeeeeeeeeeeeeeeeeeeeeee
abccccccccccccccccccccc
eeeeeeeeeeeeeeeeeeeeeeeeeeee
abccccccccccccccccccccc
eeeeeeeeeeeeeeeeeeeeeeeeeeeeabccccccccccccccccccccc
eeeeeeeeeeeeeeeeeeeeeeeeeeeeabccccccccccccccccccccc
eeeeeeeeeeeeeeeeeeeeeeeeeeeeabccccccccccccccccccccc
eeeeeeeeeeeeeeeeeeeeeeeeeeeeabccccccccccccccccccccc
eeeeeeeeeeeeeeeeeeeeeeeeeeeeabccccccccccccccccccccc
eeeeeeeeeeeeeeeeeeeeeeeeeeeeabccccccccccccccccccccc
eeeeeeeeeeeeeeeeeeeeeeeeeeeeabccccccccccccccccccccc
eeeeeeeeeeeeeeeeeeeeeeeeeeeeabccccccccccccccccccccc
eeeeeeeeeeeeeeeeeeeeeeeeeeeeabccccccccccccccccccccc
eeeeeeeeeeeeeeeeeeeeeeeeeeeeabccccccccccccccccccccc
eeeeeeeeeeeeeeeeeeeeeeeeeeeeabccccccccccccccccccccc
eeeeeeeeeeeeeeeeeeeeeeeeeeeeabcccccccccccccccccccccabccccccccccccccccccccc
eeeeeeeeeeeeeeeeeeeeeeeeeeee
abccccccccccccccccccccc
eeeeeeeeeeeeeeeeeeeeeeeeeeee
abccccccccccccccccccccc
eeeeeeeeeeeeeeeeeeeeeeeeeeeeabccccccccccccccccccccc
eeeeeeeeeeeeeeeeeeeeeeeeeeeeabccccccccccccccccccccc
eeeeeeeeeeeeeeeeeeeeeeeeeeeeabccccccccccccccccccccc
eeeeeeeeeeeeeeeeeeeeeeeeeeeeabccccccccccccccccccccc
eeeeeeeeeeeeeeeeeeeeeeeeeeeeabccccccccccccccccccccc
eeeeeeeeeeeeeeeeeeeeeeeeeeeeabccccccccccccccccccccc
eeeeeeeeeeeeeeeeeeeeeeeeeeeeabccccccccccccccccccccc
eeeeeeeeeeeeeeeeeeeeeeeeeeeeabccccccccccccccccccccc
eeeeeeeeeeeeeeeeeeeeeeeeeeeeabccccccccccccccccccccc
eeeeeeeeeeeeeeeeeeeeeeeeeeeeabccccccccccccccccccccc
eeeeeeeeeeeeeeeeeeeeeeeeeeeeabccccccccccccccccccccc
eeeeeeeeeeeeeeeeeeeeeeeeeeeeabcccccccccccccccccccccabccccccccccccccccccccc
eeeeeeeeeeeeeeeeeeeeeeeeeeee
abccccccccccccccccccccc
eeeeeeeeeeeeeeeeeeeeeeeeeeee
abccccccccccccccccccccc
eeeeeeeeeeeeeeeeeeeeeeeeeeeeabccccccccccccccccccccc
eeeeeeeeeeeeeeeeeeeeeeeeeeeeabccccccccccccccccccccc
eeeeeeeeeeeeeeeeeeeeeeeeeeeeabccccccccccccccccccccc
eeeeeeeeeeeeeeeeeeeeeeeeeeeeabccccccccccccccccccccc
eeeeeeeeeeeeeeeeeeeeeeeeeeeeabccccccccccccccccccccc
eeeeeeeeeeeeeeeeeeeeeeeeeeeeabccccccccccccccccccccc
eeeeeeeeeeeeeeeeeeeeeeeeeeeeabccccccccccccccccccccc
eeeeeeeeeeeeeeeeeeeeeeeeeeeeabccccccccccccccccccccc
eeeeeeeeeeeeeeeeeeeeeeeeeeeeabccccccccccccccccccccc
eeeeeeeeeeeeeeeeeeeeeeeeeeeeabccccccccccccccccccccc
eeeeeeeeeeeeeeeeeeeeeeeeeeeeabccccccccccccccccccccc
eeeeeeeeeeeeeeeeeeeeeeeeeeeeabcccccccccccccccccccccabccccccccccccccccccccc
eeeeeeeeeeeeeeeeeeeeeeeeeeee
abccccccccccccccccccccc
eeeeeeeeeeeeeeeeeeeeeeeeeeee
abccccccccccccccccccccc
eeeeeeeeeeeeeeeeeeeeeeeeeeeeabccccccccccccccccccccc
eeeeeeeeeeeeeeeeeeeeeeeeeeeeabccccccccccccccccccccc
eeeeeeeeeeeeeeeeeeeeeeeeeeeeabccccccccccccccccccccc
eeeeeeeeeeeeeeeeeeeeeeeeeeeeabccccccccccccccccccccc
eeeeeeeeeeeeeeeeeeeeeeeeeeeeabccccccccccccccccccccc
eeeeeeeeeeeeeeeeeeeeeeeeeeeeabccccccccccccccccccccc
eeeeeeeeeeeeeeeeeeeeeeeeeeeeabccccccccccccccccccccc
eeeeeeeeeeeeeeeeeeeeeeeeeeeeabccccccccccccccccccccc
eeeeeeeeeeeeeeeeeeeeeeeeeeeeabccccccccccccccccccccc
eeeeeeeeeeeeeeeeeeeeeeeeeeeeabccccccccccccccccccccc
eeeeeeeeeeeeeeeeeeeeeeeeeeeeabccccccccccccccccccccc
eeeeeeeeeeeeeeeeeeeeeeeeeeeeabcccccccccccccccccccccabccccccccccccccccccccc
eeeeeeeeeeeeeeeeeeeeeeeeeeee
abccccccccccccccccccccc
eeeeeeeeeeeeeeeeeeeeeeeeeeee
abccccccccccccccccccccc
eeeeeeeeeeeeeeeeeeeeeeeeeeeeabccccccccccccccccccccc
eeeeeeeeeeeeeeeeeeeeeeeeeeeeabccccccccccccccccccccc
eeeeeeeeeeeeeeeeeeeeeeeeeeeeabccccccccccccccccccccc
eeeeeeeeeeeeeeeeeeeeeeeeeeeeabccccccccccccccccccccc
eeeeeeeeeeeeeeeeeeeeeeeeeeeeabccccccccccccccccccccc
eeeeeeeeeeeeeeeeeeeeeeeeeeeeabccccccccccccccccccccc
eeeeeeeeeeeeeeeeeeeeeeeeeeeeabccccccccccccccccccccc
eeeeeeeeeeeeeeeeeeeeeeeeeeeeabccccccccccccccccccccc
eeeeeeeeeeeeeeeeeeeeeeeeeeeeabccccccccccccccccccccc
eeeeeeeeeeeeeeeeeeeeeeeeeeeeabccccccccccccccccccccc
eeeeeeeeeeeeeeeeeeeeeeeeeeeeabccccccccccccccccccccc
eeeeeeeeeeeeeeeeeeeeeeeeeeeeabcccccccccccccccccccccabccccccccccccccccccccc
eeeeeeeeeeeeeeeeeeeeeeeeeeee
abccccccccccccccccccccc
eeeeeeeeeeeeeeeeeeeeeeeeeeee
abccccccccccccccccccccc
eeeeeeeeeeeeeeeeeeeeeeeeeeeeabccccccccccccccccccccc
eeeeeeeeeeeeeeeeeeeeeeeeeeeeabccccccccccccccccccccc
eeeeeeeeeeeeeeeeeeeeeeeeeeeeabccccccccccccccccccccc
eeeeeeeeeeeeeeeeeeeeeeeeeeeeabccccccccccccccccccccc
eeeeeeeeeeeeeeeeeeeeeeeeeeeeabccccccccccccccccccccc
eeeeeeeeeeeeeeeeeeeeeeeeeeeeabccccccccccccccccccccc
eeeeeeeeeeeeeeeeeeeeeeeeeeeeabccccccccccccccccccccc
eeeeeeeeeeeeeeeeeeeeeeeeeeeeabccccccccccccccccccccc
eeeeeeeeeeeeeeeeeeeeeeeeeeeeabccccccccccccccccccccc
eeeeeeeeeeeeeeeeeeeeeeeeeeeeabccccccccccccccccccccc
eeeeeeeeeeeeeeeeeeeeeeeeeeeeabccccccccccccccccccccc
eeeeeeeeeeeeeeeeeeeeeeeeeeeeabcccccccccccccccccccccabccccccccccccccccccccc
eeeeeeeeeeeeeeeeeeeeeeeeeeee
abccccccccccccccccccccc
eeeeeeeeeeeeeeeeeeeeeeeeeeee
abccccccccccccccccccccc
eeeeeeeeeeeeeeeeeeeeeeeeeeeeabccccccccccccccccccccc
eeeeeeeeeeeeeeeeeeeeeeeeeeeeabccccccccccccccccccccc
eeeeeeeeeeeeeeeeeeeeeeeeeeeeabccccccccccccccccccccc
eeeeeeeeeeeeeeeeeeeeeeeeeeeeabccccccccccccccccccccc
eeeeeeeeeeeeeeeeeeeeeeeeeeeeabccccccccccccccccccccc
eeeeeeeeeeeeeeeeeeeeeeeeeeeeabccccccccccccccccccccc
eeeeeeeeeeeeeeeeeeeeeeeeeeeeabccccccccccccccccccccc
eeeeeeeeeeeeeeeeeeeeeeeeeeeeabccccccccccccccccccccc
eeeeeeeeeeeeeeeeeeeeeeeeeeeeabccccccccccccccccccccc
eeeeeeeeeeeeeeeeeeeeeeeeeeeeabccccccccccccccccccccc
eeeeeeeeeeeeeeeeeeeeeeeeeeeeabccccccccccccccccccccc
eeeeeeeeeeeeeeeeeeeeeeeeeeeeabcccccccccccccccccccccabccccccccccccccccccccc
eeeeeeeeeeeeeeeeeeeeeeeeeeee
abccccccccccccccccccccc
eeeeeeeeeeeeeeeeeeeeeeeeeeee
abccccccccccccccccccccc
eeeeeeeeeeeeeeeeeeeeeeeeeeeeabccccccccccccccccccccc
eeeeeeeeeeeeeeeeeeeeeeeeeeeeabccccccccccccccccccccc
eeeeeeeeeeeeeeeeeeeeeeeeeeeeabccccccccccccccccccccc
eeeeeeeeeeeeeeeeeeeeeeeeeeeeabccccccccccccccccccccc
eeeeeeeeeeeeeeeeeeeeeeeeeeeeabccccccccccccccccccccc
eeeeeeeeeeeeeeeeeeeeeeeeeeeeabccccccccccccccccccccc
eeeeeeeeeeeeeeeeeeeeeeeeeeeeabccccccccccccccccccccc
eeeeeeeeeeeeeeeeeeeeeeeeeeeeabccccccccccccccccccccc
eeeeeeeeeeeeeeeeeeeeeeeeeeeeabccccccccccccccccccccc
eeeeeeeeeeeeeeeeeeeeeeeeeeeeabccccccccccccccccccccc
eeeeeeeeeeeeeeeeeeeeeeeeeeeeabccccccccccccccccccccc
eeeeeeeeeeeeeeeeeeeeeeeeeeeeabcccccccccccccccccccccabccccccccccccccccccccc
eeeeeeeeeeeeeeeeeeeeeeeeeeee
abccccccccccccccccccccc
eeeeeeeeeeeeeeeeeeeeeeeeeeee
abccccccccccccccccccccc
eeeeeeeeeeeeeeeeeeeeeeeeeeeeabccccccccccccccccccccc
eeeeeeeeeeeeeeeeeeeeeeeeeeeeabccccccccccccccccccccc
eeeeeeeeeeeeeeeeeeeeeeeeeeeeabccccccccccccccccccccc
eeeeeeeeeeeeeeeeeeeeeeeeeeeeabccccccccccccccccccccc
eeeeeeeeeeeeeeeeeeeeeeeeeeeeabccccccccccccccccccccc
eeeeeeeeeeeeeeeeeeeeeeeeeeeeabccccccccccccccccccccc
eeeeeeeeeeeeeeeeeeeeeeeeeeeeabccccccccccccccccccccc
eeeeeeeeeeeeeeeeeeeeeeeeeeeeabccccccccccccccccccccc
eeeeeeeeeeeeeeeeeeeeeeeeeeeeabccccccccccccccccccccc
eeeeeeeeeeeeeeeeeeeeeeeeeeeeabccccccccccccccccccccc
eeeeeeeeeeeeeeeeeeeeeeeeeeeeabccccccccccccccccccccc
eeeeeeeeeeeeeeeeeeeeeeeeeeeeabcccccccccccccccccccccabccccccccccccccccccccc
eeeeeeeeeeeeeeeeeeeeeeeeeeee
abccccccccccccccccccccc
eeeeeeeeeeeeeeeeeeeeeeeeeeee
abccccccccccccccccccccc
eeeeeeeeeeeeeeeeeeeeeeeeeeeeabccccccccccccccccccccc
eeeeeeeeeeeeeeeeeeeeeeeeeeeeabccccccccccccccccccccc
eeeeeeeeeeeeeeeeeeeeeeeeeeeeabccccccccccccccccccccc
eeeeeeeeeeeeeeeeeeeeeeeeeeeeabccccccccccccccccccccc
eeeeeeeeeeeeeeeeeeeeeeeeeeeeabccccccccccccccccccccc
eeeeeeeeeeeeeeeeeeeeeeeeeeeeabccccccccccccccccccccc
eeeeeeeeeeeeeeeeeeeeeeeeeeeeabccccccccccccccccccccc
eeeeeeeeeeeeeeeeeeeeeeeeeeeeabccccccccccccccccccccc
eeeeeeeeeeeeeeeeeeeeeeeeeeeeabccccccccccccccccccccc
eeeeeeeeeeeeeeeeeeeeeeeeeeeeabccccccccccccccccccccc
eeeeeeeeeeeeeeeeeeeeeeeeeeeeabccccccccccccccccccccc
eeeeeeeeeeeeeeeeeeeeeeeeeeeeabcccccccccccccccccccccabccccccccccccccccccccc
eeeeeeeeeeeeeeeeeeeeeeeeeeee
abccccccccccccccccccccc
eeeeeeeeeeeeeeeeeeeeeeeeeeee
abccccccccccccccccccccc
eeeeeeeeeeeeeeeeeeeeeeeeeeeeabccccccccccccccccccccc
eeeeeeeeeeeeeeeeeeeeeeeeeeeeabccccccccccccccccccccc
eeeeeeeeeeeeeeeeeeeeeeeeeeeeabccccccccccccccccccccc
eeeeeeeeeeeeeeeeeeeeeeeeeeeeabccccccccccccccccccccc
eeeeeeeeeeeeeeeeeeeeeeeeeeeeabccccccccccccccccccccc
eeeeeeeeeeeeeeeeeeeeeeeeeeeeabccccccccccccccccccccc
eeeeeeeeeeeeeeeeeeeeeeeeeeeeabccccccccccccccccccccc
eeeeeeeeeeeeeeeeeeeeeeeeeeeeabccccccccccccccccccccc
eeeeeeeeeeeeeeeeeeeeeeeeeeeeabccccccccccccccccccccc
eeeeeeeeeeeeeeeeeeeeeeeeeeeeabccccccccccccccccccccc
eeeeeeeeeeeeeeeeeeeeeeeeeeeeabccccccccccccccccccccc
eeeeeeeeeeeeeeeeeeeeeeeeeeeeabcccccccccccccccccccccabccccccccccccccccccccc
eeeeeeeeeeeeeeeeeeeeeeeeeeee
abccccccccccccccccccccc
eeeeeeeeeeeeeeeeeeeeeeeeeeee
abccccccccccccccccccccc
eeeeeeeeeeeeeeeeeeeeeeeeeeeeabccccccccccccccccccccc
eeeeeeeeeeeeeeeeeeeeeeeeeeeeabccccccccccccccccccccc
eeeeeeeeeeeeeeeeeeeeeeeeeeeeabccccccccccccccccccccc
eeeeeeeeeeeeeeeeeeeeeeeeeeeeabccccccccccccccccccccc
eeeeeeeeeeeeeeeeeeeeeeeeeeeeabccccccccccccccccccccc
eeeeeeeeeeeeeeeeeeeeeeeeeeeeabccccccccccccccccccccc
eeeeeeeeeeeeeeeeeeeeeeeeeeeeabccccccccccccccccccccc
eeeeeeeeeeeeeeeeeeeeeeeeeeeeabccccccccccccccccccccc
eeeeeeeeeeeeeeeeeeeeeeeeeeeeabccccccccccccccccccccc
eeeeeeeeeeeeeeeeeeeeeeeeeeeeabccccccccccccccccccccc
eeeeeeeeeeeeeeeeeeeeeeeeeeeeabccccccccccccccccccccc
eeeeeeeeeeeeeeeeeeeeeeeeeeeeabcccccccccccccccccccccabccccccccccccccccccccc
eeeeeeeeeeeeeeeeeeeeeeeeeeee
abccccccccccccccccccccc
eeeeeeeeeeeeeeeeeeeeeeeeeeee
abccccccccccccccccccccc
eeeeeeeeeeeeeeeeeeeeeeeeeeeeabccccccccccccccccccccc
eeeeeeeeeeeeeeeeeeeeeeeeeeeeabccccccccccccccccccccc
eeeeeeeeeeeeeeeeeeeeeeeeeeeeabccccccccccccccccccccc
eeeeeeeeeeeeeeeeeeeeeeeeeeeeabccccccccccccccccccccc
eeeeeeeeeeeeeeeeeeeeeeeeeeeeabccccccccccccccccccccc
eeeeeeeeeeeeeeeeeeeeeeeeeeeeabccccccccccccccccccccc
eeeeeeeeeeeeeeeeeeeeeeeeeeeeabccccccccccccccccccccc
eeeeeeeeeeeeeeeeeeeeeeeeeeeeabccccccccccccccccccccc
eeeeeeeeeeeeeeeeeeeeeeeeeeeeabccccccccccccccccccccc
eeeeeeeeeeeeeeeeeeeeeeeeeeeeabccccccccccccccccccccc
eeeeeeeeeeeeeeeeeeeeeeeeeeeeabccccccccccccccccccccc
eeeeeeeeeeeeeeeeeeeeeeeeeeeeabcccccccccccccccccccccabccccccccccccccccccccc
eeeeeeeeeeeeeeeeeeeeeeeeeeee
abccccccccccccccccccccc
eeeeeeeeeeeeeeeeeeeeeeeeeeee
abccccccccccccccccccccc
eeeeeeeeeeeeeeeeeeeeeeeeeeeeabccccccccccccccccccccc
eeeeeeeeeeeeeeeeeeeeeeeeeeeeabccccccccccccccccccccc
eeeeeeeeeeeeeeeeeeeeeeeeeeeeabccccccccccccccccccccc
eeeeeeeeeeeeeeeeeeeeeeeeeeeeabccccccccccccccccccccc
eeeeeeeeeeeeeeeeeeeeeeeeeeeeabccccccccccccccccccccc
eeeeeeeeeeeeeeeeeeeeeeeeeeeeabccccccccccccccccccccc
eeeeeeeeeeeeeeeeeeeeeeeeeeeeabccccccccccccccccccccc
eeeeeeeeeeeeeeeeeeeeeeeeeeeeabccccccccccccccccccccc
eeeeeeeeeeeeeeeeeeeeeeeeeeeeabccccccccccccccccccccc
eeeeeeeeeeeeeeeeeeeeeeeeeeeeabccccccccccccccccccccc
eeeeeeeeeeeeeeeeeeeeeeeeeeeeabccccccccccccccccccccc
eeeeeeeeeeeeeeeeeeeeeeeeeeeeabcccccccccccccccccccccabccccccccccccccccccccc
eeeeeeeeeeeeeeeeeeeeeeeeeeee
abccccccccccccccccccccc
eeeeeeeeeeeeeeeeeeeeeeeeeeee
abccccccccccccccccccccc
eeeeeeeeeeeeeeeeeeeeeeeeeeeeabccccccccccccccccccccc
eeeeeeeeeeeeeeeeeeeeeeeeeeeeabccccccccccccccccccccc
eeeeeeeeeeeeeeeeeeeeeeeeeeeeabccccccccccccccccccccc
eeeeeeeeeeeeeeeeeeeeeeeeeeeeabccccccccccccccccccccc
eeeeeeeeeeeeeeeeeeeeeeeeeeeeabccccccccccccccccccccc
eeeeeeeeeeeeeeeeeeeeeeeeeeeeabccccccccccccccccccccc
eeeeeeeeeeeeeeeeeeeeeeeeeeeeabccccccccccccccccccccc
eeeeeeeeeeeeeeeeeeeeeeeeeeeeabccccccccccccccccccccc
eeeeeeeeeeeeeeeeeeeeeeeeeeeeabccccccccccccccccccccc
eeeeeeeeeeeeeeeeeeeeeeeeeeeeabccccccccccccccccccccc
eeeeeeeeeeeeeeeeeeeeeeeeeeeeabccccccccccccccccccccc
eeeeeeeeeeeeeeeeeeeeeeeeeeeeabcccccccccccccccccccccabccccccccccccccccccccc
eeeeeeeeeeeeeeeeeeeeeeeeeeee
abccccccccccccccccccccc
eeeeeeeeeeeeeeeeeeeeeeeeeeee
abccccccccccccccccccccc
eeeeeeeeeeeeeeeeeeeeeeeeeeeeabccccccccccccccccccccc
eeeeeeeeeeeeeeeeeeeeeeeeeeeeabccccccccccccccccccccc
eeeeeeeeeeeeeeeeeeeeeeeeeeeeabccccccccccccccccccccc
eeeeeeeeeeeeeeeeeeeeeeeeeeeeabccccccccccccccccccccc
eeeeeeeeeeeeeeeeeeeeeeeeeeeeabccccccccccccccccccccc
eeeeeeeeeeeeeeeeeeeeeeeeeeeeabccccccccccccccccccccc
eeeeeeeeeeeeeeeeeeeeeeeeeeeeabccccccccccccccccccccc
eeeeeeeeeeeeeeeeeeeeeeeeeeeeabccccccccccccccccccccc
eeeeeeeeeeeeeeeeeeeeeeeeeeeeabccccccccccccccccccccc
eeeeeeeeeeeeeeeeeeeeeeeeeeeeabccccccccccccccccccccc
eeeeeeeeeeeeeeeeeeeeeeeeeeeeabccccccccccccccccccccc
eeeeeeeeeeeeeeeeeeeeeeeeeeeeabcccccccccccccccccccccabccccccccccccccccccccc
eeeeeeeeeeeeeeeeeeeeeeeeeeee
abccccccccccccccccccccc
eeeeeeeeeeeeeeeeeeeeeeeeeeee
abccccccccccccccccccccc
eeeeeeeeeeeeeeeeeeeeeeeeeeeeabccccccccccccccccccccc
eeeeeeeeeeeeeeeeeeeeeeeeeeeeabccccccccccccccccccccc
eeeeeeeeeeeeeeeeeeeeeeeeeeeeabccccccccccccccccccccc
eeeeeeeeeeeeeeeeeeeeeeeeeeeeabccccccccccccccccccccc
eeeeeeeeeeeeeeeeeeeeeeeeeeeeabccccccccccccccccccccc
eeeeeeeeeeeeeeeeeeeeeeeeeeeeabccccccccccccccccccccc
eeeeeeeeeeeeeeeeeeeeeeeeeeeeabccccccccccccccccccccc
eeeeeeeeeeeeeeeeeeeeeeeeeeeeabccccccccccccccccccccc
eeeeeeeeeeeeeeeeeeeeeeeeeeeeabccccccccccccccccccccc
eeeeeeeeeeeeeeeeeeeeeeeeeeeeabccccccccccccccccccccc
eeeeeeeeeeeeeeeeeeeeeeeeeeeeabccccccccccccccccccccc
eeeeeeeeeeeeeeeeeeeeeeeeeeeeabcccccccccccccccccccccabccccccccccccccccccccc
eeeeeeeeeeeeeeeeeeeeeeeeeeee
abccccccccccccccccccccc
eeeeeeeeeeeeeeeeeeeeeeeeeeee
abccccccccccccccccccccc
eeeeeeeeeeeeeeeeeeeeeeeeeeeeabccccccccccccccccccccc
eeeeeeeeeeeeeeeeeeeeeeeeeeeeabccccccccccccccccccccc
eeeeeeeeeeeeeeeeeeeeeeeeeeeeabccccccccccccccccccccc
eeeeeeeeeeeeeeeeeeeeeeeeeeeeabccccccccccccccccccccc
eeeeeeeeeeeeeeeeeeeeeeeeeeeeabccccccccccccccccccccc
eeeeeeeeeeeeeeeeeeeeeeeeeeeeabccccccccccccccccccccc
eeeeeeeeeeeeeeeeeeeeeeeeeeeeabccccccccccccccccccccc
eeeeeeeeeeeeeeeeeeeeeeeeeeeeabccccccccccccccccccccc
eeeeeeeeeeeeeeeeeeeeeeeeeeeeabccccccccccccccccccccc
eeeeeeeeeeeeeeeeeeeeeeeeeeeeabccccccccccccccccccccc
eeeeeeeeeeeeeeeeeeeeeeeeeeeeabccccccccccccccccccccc
eeeeeeeeeeeeeeeeeeeeeeeeeeeeabcccccccccccccccccccccabccccccccccccccccccccc
eeeeeeeeeeeeeeeeeeeeeeeeeeee
abccccccccccccccccccccc
eeeeeeeeeeeeeeeeeeeeeeeeeeee
abccccccccccccccccccccc
eeeeeeeeeeeeeeeeeeeeeeeeeeeeabccccccccccccccccccccc
eeeeeeeeeeeeeeeeeeeeeeeeeeeeabccccccccccccccccccccc
eeeeeeeeeeeeeeeeeeeeeeeeeeeeabccccccccccccccccccccc
eeeeeeeeeeeeeeeeeeeeeeeeeeeeabccccccccccccccccccccc
eeeeeeeeeeeeeeeeeeeeeeeeeeeeabccccccccccccccccccccc
eeeeeeeeeeeeeeeeeeeeeeeeeeeeabccccccccccccccccccccc
eeeeeeeeeeeeeeeeeeeeeeeeeeeeabccccccccccccccccccccc
eeeeeeeeeeeeeeeeeeeeeeeeeeeeabccccccccccccccccccccc
eeeeeeeeeeeeeeeeeeeeeeeeeeeeabccccccccccccccccccccc
eeeeeeeeeeeeeeeeeeeeeeeeeeeeabccccccccccccccccccccc
eeeeeeeeeeeeeeeeeeeeeeeeeeeeabccccccccccccccccccccc
eeeeeeeeeeeeeeeeeeeeeeeeeeeeabcccccccccccccccccccccabccccccccccccccccccccc
eeeeeeeeeeeeeeeeeeeeeeeeeeee
abccccccccccccccccccccc
eeeeeeeeeeeeeeeeeeeeeeeeeeee
abccccccccccccccccccccc
eeeeeeeeeeeeeeeeeeeeeeeeeeeeabccccccccccccccccccccc
eeeeeeeeeeeeeeeeeeeeeeeeeeeeabccccccccccccccccccccc
eeeeeeeeeeeeeeeeeeeeeeeeeeeeabccccccccccccccccccccc
eeeeeeeeeeeeeeeeeeeeeeeeeeeeabccccccccccccccccccccc
eeeeeeeeeeeeeeeeeeeeeeeeeeeeabccccccccccccccccccccc
eeeeeeeeeeeeeeeeeeeeeeeeeeeeabccccccccccccccccccccc
eeeeeeeeeeeeeeeeeeeeeeeeeeeeabccccccccccccccccccccc
eeeeeeeeeeeeeeeeeeeeeeeeeeeeabccccccccccccccccccccc
eeeeeeeeeeeeeeeeeeeeeeeeeeeeabccccccccccccccccccccc
eeeeeeeeeeeeeeeeeeeeeeeeeeeeabccccccccccccccccccccc
eeeeeeeeeeeeeeeeeeeeeeeeeeeeabccccccccccccccccccccc
eeeeeeeeeeeeeeeeeeeeeeeeeeeeabcccccccccccccccccccccabccccccccccccccccccccc
eeeeeeeeeeeeeeeeeeeeeeeeeeee
abccccccccccccccccccccc
eeeeeeeeeeeeeeeeeeeeeeeeeeee
abccccccccccccccccccccc
eeeeeeeeeeeeeeeeeeeeeeeeeeeeabccccccccccccccccccccc
eeeeeeeeeeeeeeeeeeeeeeeeeeeeabccccccccccccccccccccc
eeeeeeeeeeeeeeeeeeeeeeeeeeeeabccccccccccccccccccccc
eeeeeeeeeeeeeeeeeeeeeeeeeeeeabccccccccccccccccccccc
eeeeeeeeeeeeeeeeeeeeeeeeeeeeabccccccccccccccccccccc
eeeeeeeeeeeeeeeeeeeeeeeeeeeeabccccccccccccccccccccc
eeeeeeeeeeeeeeeeeeeeeeeeeeeeabccccccccccccccccccccc
eeeeeeeeeeeeeeeeeeeeeeeeeeeeabccccccccccccccccccccc
eeeeeeeeeeeeeeeeeeeeeeeeeeeeabccccccccccccccccccccc
eeeeeeeeeeeeeeeeeeeeeeeeeeeeabccccccccccccccccccccc
eeeeeeeeeeeeeeeeeeeeeeeeeeeeabccccccccccccccccccccc
eeeeeeeeeeeeeeeeeeeeeeeeeeeeabcccccccccccccccccccccabccccccccccccccccccccc
eeeeeeeeeeeeeeeeeeeeeeeeeeee
abccccccccccccccccccccc
eeeeeeeeeeeeeeeeeeeeeeeeeeee
abccccccccccccccccccccc
eeeeeeeeeeeeeeeeeeeeeeeeeeeeabccccccccccccccccccccc
eeeeeeeeeeeeeeeeeeeeeeeeeeeeabccccccccccccccccccccc
eeeeeeeeeeeeeeeeeeeeeeeeeeeeabccccccccccccccccccccc
eeeeeeeeeeeeeeeeeeeeeeeeeeeeabccccccccccccccccccccc
eeeeeeeeeeeeeeeeeeeeeeeeeeeeabccccccccccccccccccccc
eeeeeeeeeeeeeeeeeeeeeeeeeeeeabccccccccccccccccccccc
eeeeeeeeeeeeeeeeeeeeeeeeeeeeabccccccccccccccccccccc
eeeeeeeeeeeeeeeeeeeeeeeeeeeeabccccccccccccccccccccc
eeeeeeeeeeeeeeeeeeeeeeeeeeeeabccccccccccccccccccccc
eeeeeeeeeeeeeeeeeeeeeeeeeeeeabccccccccccccccccccccc
eeeeeeeeeeeeeeeeeeeeeeeeeeeeabccccccccccccccccccccc
eeeeeeeeeeeeeeeeeeeeeeeeeeeeabcccccccccccccccccccccabccccccccccccccccccccc
eeeeeeeeeeeeeeeeeeeeeeeeeeee
abccccccccccccccccccccc
eeeeeeeeeeeeeeeeeeeeeeeeeeee
abccccccccccccccccccccc
eeeeeeeeeeeeeeeeeeeeeeeeeeeeabccccccccccccccccccccc
eeeeeeeeeeeeeeeeeeeeeeeeeeeeabccccccccccccccccccccc
eeeeeeeeeeeeeeeeeeeeeeeeeeeeabccccccccccccccccccccc
eeeeeeeeeeeeeeeeeeeeeeeeeeeeabccccccccccccccccccccc
eeeeeeeeeeeeeeeeeeeeeeeeeeeeabccccccccccccccccccccc
eeeeeeeeeeeeeeeeeeeeeeeeeeeeabccccccccccccccccccccc
eeeeeeeeeeeeeeeeeeeeeeeeeeeeabccccccccccccccccccccc
eeeeeeeeeeeeeeeeeeeeeeeeeeeeabccccccccccccccccccccc
eeeeeeeeeeeeeeeeeeeeeeeeeeeeabccccccccccccccccccccc
eeeeeeeeeeeeeeeeeeeeeeeeeeeeabccccccccccccccccccccc
eeeeeeeeeeeeeeeeeeeeeeeeeeeeabccccccccccccccccccccc
eeeeeeeeeeeeeeeeeeeeeeeeeeeeabcccccccccccccccccccccabccccccccccccccccccccc
eeeeeeeeeeeeeeeeeeeeeeeeeeee
abccccccccccccccccccccc
eeeeeeeeeeeeeeeeeeeeeeeeeeee
abccccccccccccccccccccc
eeeeeeeeeeeeeeeeeeeeeeeeeeeeabccccccccccccccccccccc
eeeeeeeeeeeeeeeeeeeeeeeeeeeeabccccccccccccccccccccc
eeeeeeeeeeeeeeeeeeeeeeeeeeeeabccccccccccccccccccccc
eeeeeeeeeeeeeeeeeeeeeeeeeeeeabccccccccccccccccccccc
eeeeeeeeeeeeeeeeeeeeeeeeeeeeabccccccccccccccccccccc
eeeeeeeeeeeeeeeeeeeeeeeeeeeeabccccccccccccccccccccc
eeeeeeeeeeeeeeeeeeeeeeeeeeeeabccccccccccccccccccccc
eeeeeeeeeeeeeeeeeeeeeeeeeeeeabccccccccccccccccccccc
eeeeeeeeeeeeeeeeeeeeeeeeeeeeabccccccccccccccccccccc
eeeeeeeeeeeeeeeeeeeeeeeeeeeeabccccccccccccccccccccc
eeeeeeeeeeeeeeeeeeeeeeeeeeeeabccccccccccccccccccccc
eeeeeeeeeeeeeeeeeeeeeeeeeeeeabcccccccccccccccccccccabccccccccccccccccccccc
eeeeeeeeeeeeeeeeeeeeeeeeeeee
abccccccccccccccccccccc
eeeeeeeeeeeeeeeeeeeeeeeeeeee
abccccccccccccccccccccc
eeeeeeeeeeeeeeeeeeeeeeeeeeeeabccccccccccccccccccccc
eeeeeeeeeeeeeeeeeeeeeeeeeeeeabccccccccccccccccccccc
eeeeeeeeeeeeeeeeeeeeeeeeeeeeabccccccccccccccccccccc
eeeeeeeeeeeeeeeeeeeeeeeeeeeeabccccccccccccccccccccc
eeeeeeeeeeeeeeeeeeeeeeeeeeeeabccccccccccccccccccccc
eeeeeeeeeeeeeeeeeeeeeeeeeeeeabccccccccccccccccccccc
eeeeeeeeeeeeeeeeeeeeeeeeeeeeabccccccccccccccccccccc
eeeeeeeeeeeeeeeeeeeeeeeeeeeeabccccccccccccccccccccc
eeeeeeeeeeeeeeeeeeeeeeeeeeeeabccccccccccccccccccccc
eeeeeeeeeeeeeeeeeeeeeeeeeeeeabccccccccccccccccccccc
eeeeeeeeeeeeeeeeeeeeeeeeeeeeabccccccccccccccccccccc
eeeeeeeeeeeeeeeeeeeeeeeeeeeeabcccccccccccccccccccccabccccccccccccccccccccc
eeeeeeeeeeeeeeeeeeeeeeeeeeee
abccccccccccccccccccccc
eeeeeeeeeeeeeeeeeeeeeeeeeeee
abccccccccccccccccccccc
eeeeeeeeeeeeeeeeeeeeeeeeeeeeabccccccccccccccccccccc
eeeeeeeeeeeeeeeeeeeeeeeeeeeeabccccccccccccccccccccc
eeeeeeeeeeeeeeeeeeeeeeeeeeeeabccccccccccccccccccccc
eeeeeeeeeeeeeeeeeeeeeeeeeeeeabccccccccccccccccccccc
eeeeeeeeeeeeeeeeeeeeeeeeeeeeabccccccccccccccccccccc
eeeeeeeeeeeeeeeeeeeeeeeeeeeeabccccccccccccccccccccc
eeeeeeeeeeeeeeeeeeeeeeeeeeeeabccccccccccccccccccccc
eeeeeeeeeeeeeeeeeeeeeeeeeeeeabccccccccccccccccccccc
eeeeeeeeeeeeeeeeeeeeeeeeeeeeabccccccccccccccccccccc
eeeeeeeeeeeeeeeeeeeeeeeeeeeeabccccccccccccccccccccc
eeeeeeeeeeeeeeeeeeeeeeeeeeeeabccccccccccccccccccccc
eeeeeeeeeeeeeeeeeeeeeeeeeeeeabcccccccccccccccccccccabccccccccccccccccccccc
eeeeeeeeeeeeeeeeeeeeeeeeeeee
abccccccccccccccccccccc
eeeeeeeeeeeeeeeeeeeeeeeeeeee
abccccccccccccccccccccc
eeeeeeeeeeeeeeeeeeeeeeeeeeeeabccccccccccccccccccccc
eeeeeeeeeeeeeeeeeeeeeeeeeeeeabccccccccccccccccccccc
eeeeeeeeeeeeeeeeeeeeeeeeeeeeabccccccccccccccccccccc
eeeeeeeeeeeeeeeeeeeeeeeeeeeeabccccccccccccccccccccc
eeeeeeeeeeeeeeeeeeeeeeeeeeeeabccccccccccccccccccccc
eeeeeeeeeeeeeeeeeeeeeeeeeeeeabccccccccccccccccccccc
eeeeeeeeeeeeeeeeeeeeeeeeeeeeabccccccccccccccccccccc
eeeeeeeeeeeeeeeeeeeeeeeeeeeeabccccccccccccccccccccc
eeeeeeeeeeeeeeeeeeeeeeeeeeeeabccccccccccccccccccccc
eeeeeeeeeeeeeeeeeeeeeeeeeeeeabccccccccccccccccccccc
eeeeeeeeeeeeeeeeeeeeeeeeeeeeabccccccccccccccccccccc
eeeeeeeeeeeeeeeeeeeeeeeeeeeeabcccccccccccccccccccccabccccccccccccccccccccc
eeeeeeeeeeeeeeeeeeeeeeeeeeee
abccccccccccccccccccccc
eeeeeeeeeeeeeeeeeeeeeeeeeeee
abccccccccccccccccccccc
eeeeeeeeeeeeeeeeeeeeeeeeeeeeabccccccccccccccccccccc
eeeeeeeeeeeeeeeeeeeeeeeeeeeeabccccccccccccccccccccc
eeeeeeeeeeeeeeeeeeeeeeeeeeeeabccccccccccccccccccccc
eeeeeeeeeeeeeeeeeeeeeeeeeeeeabccccccccccccccccccccc
eeeeeeeeeeeeeeeeeeeeeeeeeeeeabccccccccccccccccccccc
eeeeeeeeeeeeeeeeeeeeeeeeeeeeabccccccccccccccccccccc
eeeeeeeeeeeeeeeeeeeeeeeeeeeeabccccccccccccccccccccc
eeeeeeeeeeeeeeeeeeeeeeeeeeeeabccccccccccccccccccccc
eeeeeeeeeeeeeeeeeeeeeeeeeeeeabccccccccccccccccccccc
eeeeeeeeeeeeeeeeeeeeeeeeeeeeabccccccccccccccccccccc
eeeeeeeeeeeeeeeeeeeeeeeeeeeeabccccccccccccccccccccc
eeeeeeeeeeeeeeeeeeeeeeeeeeeeabcccccccccccccccccccccabccccccccccccccccccccc
eeeeeeeeeeeeeeeeeeeeeeeeeeee
abccccccccccccccccccccc
eeeeeeeeeeeeeeeeeeeeeeeeeeee
abccccccccccccccccccccc
eeeeeeeeeeeeeeeeeeeeeeeeeeeeabccccccccccccccccccccc
eeeeeeeeeeeeeeeeeeeeeeeeeeeeabccccccccccccccccccccc
eeeeeeeeeeeeeeeeeeeeeeeeeeeeabccccccccccccccccccccc
eeeeeeeeeeeeeeeeeeeeeeeeeeeeabccccccccccccccccccccc
eeeeeeeeeeeeeeeeeeeeeeeeeeeeabccccccccccccccccccccc
eeeeeeeeeeeeeeeeeeeeeeeeeeeeabccccccccccccccccccccc
eeeeeeeeeeeeeeeeeeeeeeeeeeeeabccccccccccccccccccccc
eeeeeeeeeeeeeeeeeeeeeeeeeeeeabccccccccccccccccccccc
eeeeeeeeeeeeeeeeeeeeeeeeeeeeabccccccccccccccccccccc
eeeeeeeeeeeeeeeeeeeeeeeeeeeeabccccccccccccccccccccc
eeeeeeeeeeeeeeeeeeeeeeeeeeeeabccccccccccccccccccccc
eeeeeeeeeeeeeeeeeeeeeeeeeeeeabcccccccccccccccccccccabccccccccccccccccccccc
eeeeeeeeeeeeeeeeeeeeeeeeeeee
abccccccccccccccccccccc
eeeeeeeeeeeeeeeeeeeeeeeeeeee
abccccccccccccccccccccc
eeeeeeeeeeeeeeeeeeeeeeeeeeeeabccccccccccccccccccccc
eeeeeeeeeeeeeeeeeeeeeeeeeeeeabccccccccccccccccccccc
eeeeeeeeeeeeeeeeeeeeeeeeeeeeabccccccccccccccccccccc
eeeeeeeeeeeeeeeeeeeeeeeeeeeeabccccccccccccccccccccc
eeeeeeeeeeeeeeeeeeeeeeeeeeeeabccccccccccccccccccccc
eeeeeeeeeeeeeeeeeeeeeeeeeeeeabccccccccccccccccccccc
eeeeeeeeeeeeeeeeeeeeeeeeeeeeabccccccccccccccccccccc
eeeeeeeeeeeeeeeeeeeeeeeeeeeeabccccccccccccccccccccc
eeeeeeeeeeeeeeeeeeeeeeeeeeeeabccccccccccccccccccccc
eeeeeeeeeeeeeeeeeeeeeeeeeeeeabccccccccccccccccccccc
eeeeeeeeeeeeeeeeeeeeeeeeeeeeabccccccccccccccccccccc
eeeeeeeeeeeeeeeeeeeeeeeeeeeeabcccccccccccccccccccccabccccccccccccccccccccc
eeeeeeeeeeeeeeeeeeeeeeeeeeee
abccccccccccccccccccccc
eeeeeeeeeeeeeeeeeeeeeeeeeeee
abccccccccccccccccccccc
eeeeeeeeeeeeeeeeeeeeeeeeeeeeabccccccccccccccccccccc
eeeeeeeeeeeeeeeeeeeeeeeeeeeeabccccccccccccccccccccc
eeeeeeeeeeeeeeeeeeeeeeeeeeeeabccccccccccccccccccccc
eeeeeeeeeeeeeeeeeeeeeeeeeeeeabccccccccccccccccccccc
eeeeeeeeeeeeeeeeeeeeeeeeeeeeabccccccccccccccccccccc
eeeeeeeeeeeeeeeeeeeeeeeeeeeeabccccccccccccccccccccc
eeeeeeeeeeeeeeeeeeeeeeeeeeeeabccccccccccccccccccccc
eeeeeeeeeeeeeeeeeeeeeeeeeeeeabccccccccccccccccccccc
eeeeeeeeeeeeeeeeeeeeeeeeeeeeabccccccccccccccccccccc
eeeeeeeeeeeeeeeeeeeeeeeeeeeeabccccccccccccccccccccc
eeeeeeeeeeeeeeeeeeeeeeeeeeeeabccccccccccccccccccccc
eeeeeeeeeeeeeeeeeeeeeeeeeeeeabcccccccccccccccccccccabccccccccccccccccccccc
eeeeeeeeeeeeeeeeeeeeeeeeeeee
abccccccccccccccccccccc
eeeeeeeeeeeeeeeeeeeeeeeeeeee
abccccccccccccccccccccc
eeeeeeeeeeeeeeeeeeeeeeeeeeeeabccccccccccccccccccccc
eeeeeeeeeeeeeeeeeeeeeeeeeeeeabccccccccccccccccccccc
eeeeeeeeeeeeeeeeeeeeeeeeeeeeabccccccccccccccccccccc
eeeeeeeeeeeeeeeeeeeeeeeeeeeeabccccccccccccccccccccc
eeeeeeeeeeeeeeeeeeeeeeeeeeeeabccccccccccccccccccccc
eeeeeeeeeeeeeeeeeeeeeeeeeeeeabccccccccccccccccccccc
eeeeeeeeeeeeeeeeeeeeeeeeeeeeabccccccccccccccccccccc
eeeeeeeeeeeeeeeeeeeeeeeeeeeeabccccccccccccccccccccc
eeeeeeeeeeeeeeeeeeeeeeeeeeeeabccccccccccccccccccccc
eeeeeeeeeeeeeeeeeeeeeeeeeeeeabccccccccccccccccccccc
eeeeeeeeeeeeeeeeeeeeeeeeeeeeabccccccccccccccccccccc
eeeeeeeeeeeeeeeeeeeeeeeeeeeeabcccccccccccccccccccccabccccccccccccccccccccc
eeeeeeeeeeeeeeeeeeeeeeeeeeee
abccccccccccccccccccccc
eeeeeeeeeeeeeeeeeeeeeeeeeeee
abccccccccccccccccccccc
eeeeeeeeeeeeeeeeeeeeeeeeeeeeabccccccccccccccccccccc
eeeeeeeeeeeeeeeeeeeeeeeeeeeeabccccccccccccccccccccc
eeeeeeeeeeeeeeeeeeeeeeeeeeeeabccccccccccccccccccccc
eeeeeeeeeeeeeeeeeeeeeeeeeeeeabccccccccccccccccccccc
eeeeeeeeeeeeeeeeeeeeeeeeeeeeabccccccccccccccccccccc
eeeeeeeeeeeeeeeeeeeeeeeeeeeeabccccccccccccccccccccc
eeeeeeeeeeeeeeeeeeeeeeeeeeeeabccccccccccccccccccccc
eeeeeeeeeeeeeeeeeeeeeeeeeeeeabccccccccccccccccccccc
eeeeeeeeeeeeeeeeeeeeeeeeeeeeabccccccccccccccccccccc
eeeeeeeeeeeeeeeeeeeeeeeeeeeeabccccccccccccccccccccc
eeeeeeeeeeeeeeeeeeeeeeeeeeeeabccccccccccccccccccccc
eeeeeeeeeeeeeeeeeeeeeeeeeeeeabcccccccccccccccccccccabccccccccccccccccccccc
eeeeeeeeeeeeeeeeeeeeeeeeeeee
abccccccccccccccccccccc
eeeeeeeeeeeeeeeeeeeeeeeeeeee
abccccccccccccccccccccc
eeeeeeeeeeeeeeeeeeeeeeeeeeeeabccccccccccccccccccccc
eeeeeeeeeeeeeeeeeeeeeeeeeeeeabccccccccccccccccccccc
eeeeeeeeeeeeeeeeeeeeeeeeeeeeabccccccccccccccccccccc
eeeeeeeeeeeeeeeeeeeeeeeeeeeeabccccccccccccccccccccc
eeeeeeeeeeeeeeeeeeeeeeeeeeeeabccccccccccccccccccccc
eeeeeeeeeeeeeeeeeeeeeeeeeeeeabccccccccccccccccccccc
eeeeeeeeeeeeeeeeeeeeeeeeeeeeabccccccccccccccccccccc
eeeeeeeeeeeeeeeeeeeeeeeeeeeeabccccccccccccccccccccc
eeeeeeeeeeeeeeeeeeeeeeeeeeeeabccccccccccccccccccccc
eeeeeeeeeeeeeeeeeeeeeeeeeeeeabccccccccccccccccccccc
eeeeeeeeeeeeeeeeeeeeeeeeeeeeabccccccccccccccccccccc
eeeeeeeeeeeeeeeeeeeeeeeeeeeeabcccccccccccccccccccccabccccccccccccccccccccc
eeeeeeeeeeeeeeeeeeeeeeeeeeee
abccccccccccccccccccccc
eeeeeeeeeeeeeeeeeeeeeeeeeeee
abccccccccccccccccccccc
eeeeeeeeeeeeeeeeeeeeeeeeeeeeabccccccccccccccccccccc
eeeeeeeeeeeeeeeeeeeeeeeeeeeeabccccccccccccccccccccc
eeeeeeeeeeeeeeeeeeeeeeeeeeeeabccccccccccccccccccccc
eeeeeeeeeeeeeeeeeeeeeeeeeeeeabccccccccccccccccccccc
eeeeeeeeeeeeeeeeeeeeeeeeeeeeabccccccccccccccccccccc
eeeeeeeeeeeeeeeeeeeeeeeeeeeeabccccccccccccccccccccc
eeeeeeeeeeeeeeeeeeeeeeeeeeeeabccccccccccccccccccccc
eeeeeeeeeeeeeeeeeeeeeeeeeeeeabccccccccccccccccccccc
eeeeeeeeeeeeeeeeeeeeeeeeeeeeabccccccccccccccccccccc
eeeeeeeeeeeeeeeeeeeeeeeeeeeeabccccccccccccccccccccc
eeeeeeeeeeeeeeeeeeeeeeeeeeeeabccccccccccccccccccccc
eeeeeeeeeeeeeeeeeeeeeeeeeeeeabcccccccccccccccccccccabccccccccccccccccccccc
eeeeeeeeeeeeeeeeeeeeeeeeeeee
abccccccccccccccccccccc
eeeeeeeeeeeeeeeeeeeeeeeeeeee
abccccccccccccccccccccc
eeeeeeeeeeeeeeeeeeeeeeeeeeeeabccccccccccccccccccccc
eeeeeeeeeeeeeeeeeeeeeeeeeeeeabccccccccccccccccccccc
eeeeeeeeeeeeeeeeeeeeeeeeeeeeabccccccccccccccccccccc
eeeeeeeeeeeeeeeeeeeeeeeeeeeeabccccccccccccccccccccc
eeeeeeeeeeeeeeeeeeeeeeeeeeeeabccccccccccccccccccccc
eeeeeeeeeeeeeeeeeeeeeeeeeeeeabccccccccccccccccccccc
eeeeeeeeeeeeeeeeeeeeeeeeeeeeabccccccccccccccccccccc
eeeeeeeeeeeeeeeeeeeeeeeeeeeeabccccccccccccccccccccc
eeeeeeeeeeeeeeeeeeeeeeeeeeeeabccccccccccccccccccccc
eeeeeeeeeeeeeeeeeeeeeeeeeeeeabccccccccccccccccccccc
eeeeeeeeeeeeeeeeeeeeeeeeeeeeabccccccccccccccccccccc
eeeeeeeeeeeeeeeeeeeeeeeeeeeeabcccccccccccccccccccccabccccccccccccccccccccc
eeeeeeeeeeeeeeeeeeeeeeeeeeee
abccccccccccccccccccccc
eeeeeeeeeeeeeeeeeeeeeeeeeeee
abccccccccccccccccccccc
eeeeeeeeeeeeeeeeeeeeeeeeeeeeabccccccccccccccccccccc
eeeeeeeeeeeeeeeeeeeeeeeeeeeeabccccccccccccccccccccc
eeeeeeeeeeeeeeeeeeeeeeeeeeeeabccccccccccccccccccccc
eeeeeeeeeeeeeeeeeeeeeeeeeeeeabccccccccccccccccccccc
eeeeeeeeeeeeeeeeeeeeeeeeeeeeabccccccccccccccccccccc
eeeeeeeeeeeeeeeeeeeeeeeeeeeeabccccccccccccccccccccc
eeeeeeeeeeeeeeeeeeeeeeeeeeeeabccccccccccccccccccccc
eeeeeeeeeeeeeeeeeeeeeeeeeeeeabccccccccccccccccccccc
eeeeeeeeeeeeeeeeeeeeeeeeeeeeabccccccccccccccccccccc
eeeeeeeeeeeeeeeeeeeeeeeeeeeeabccccccccccccccccccccc
eeeeeeeeeeeeeeeeeeeeeeeeeeeeabccccccccccccccccccccc
eeeeeeeeeeeeeeeeeeeeeeeeeeeeabcccccccccccccccccccccabccccccccccccccccccccc
eeeeeeeeeeeeeeeeeeeeeeeeeeee
abccccccccccccccccccccc
eeeeeeeeeeeeeeeeeeeeeeeeeeee
abccccccccccccccccccccc
eeeeeeeeeeeeeeeeeeeeeeeeeeeeabccccccccccccccccccccc
eeeeeeeeeeeeeeeeeeeeeeeeeeeeabccccccccccccccccccccc
eeeeeeeeeeeeeeeeeeeeeeeeeeeeabccccccccccccccccccccc
eeeeeeeeeeeeeeeeeeeeeeeeeeeeabccccccccccccccccccccc
eeeeeeeeeeeeeeeeeeeeeeeeeeeeabccccccccccccccccccccc
eeeeeeeeeeeeeeeeeeeeeeeeeeeeabccccccccccccccccccccc
eeeeeeeeeeeeeeeeeeeeeeeeeeeeabccccccccccccccccccccc
eeeeeeeeeeeeeeeeeeeeeeeeeeeeabccccccccccccccccccccc
eeeeeeeeeeeeeeeeeeeeeeeeeeeeabccccccccccccccccccccc
eeeeeeeeeeeeeeeeeeeeeeeeeeeeabccccccccccccccccccccc
eeeeeeeeeeeeeeeeeeeeeeeeeeeeabccccccccccccccccccccc
eeeeeeeeeeeeeeeeeeeeeeeeeeeeabcccccccccccccccccccccabccccccccccccccccccccc
eeeeeeeeeeeeeeeeeeeeeeeeeeee
abccccccccccccccccccccc
eeeeeeeeeeeeeeeeeeeeeeeeeeee
abccccccccccccccccccccc
eeeeeeeeeeeeeeeeeeeeeeeeeeeeabccccccccccccccccccccc
eeeeeeeeeeeeeeeeeeeeeeeeeeeeabccccccccccccccccccccc
eeeeeeeeeeeeeeeeeeeeeeeeeeeeabccccccccccccccccccccc
eeeeeeeeeeeeeeeeeeeeeeeeeeeeabccccccccccccccccccccc
eeeeeeeeeeeeeeeeeeeeeeeeeeeeabccccccccccccccccccccc
eeeeeeeeeeeeeeeeeeeeeeeeeeeeabccccccccccccccccccccc
eeeeeeeeeeeeeeeeeeeeeeeeeeeeabccccccccccccccccccccc
eeeeeeeeeeeeeeeeeeeeeeeeeeeeabccccccccccccccccccccc
eeeeeeeeeeeeeeeeeeeeeeeeeeeeabccccccccccccccccccccc
eeeeeeeeeeeeeeeeeeeeeeeeeeeeabccccccccccccccccccccc
eeeeeeeeeeeeeeeeeeeeeeeeeeeeabccccccccccccccccccccc
eeeeeeeeeeeeeeeeeeeeeeeeeeeeabcccccccccccccccccccccabccccccccccccccccccccc
eeeeeeeeeeeeeeeeeeeeeeeeeeee
abccccccccccccccccccccc
eeeeeeeeeeeeeeeeeeeeeeeeeeee
abccccccccccccccccccccc
eeeeeeeeeeeeeeeeeeeeeeeeeeeeabccccccccccccccccccccc
eeeeeeeeeeeeeeeeeeeeeeeeeeeeabccccccccccccccccccccc
eeeeeeeeeeeeeeeeeeeeeeeeeeeeabccccccccccccccccccccc
eeeeeeeeeeeeeeeeeeeeeeeeeeeeabccccccccccccccccccccc
eeeeeeeeeeeeeeeeeeeeeeeeeeeeabccccccccccccccccccccc
eeeeeeeeeeeeeeeeeeeeeeeeeeeeabccccccccccccccccccccc
eeeeeeeeeeeeeeeeeeeeeeeeeeeeabccccccccccccccccccccc
eeeeeeeeeeeeeeeeeeeeeeeeeeeeabccccccccccccccccccccc
eeeeeeeeeeeeeeeeeeeeeeeeeeeeabccccccccccccccccccccc
eeeeeeeeeeeeeeeeeeeeeeeeeeeeabccccccccccccccccccccc
eeeeeeeeeeeeeeeeeeeeeeeeeeeeabccccccccccccccccccccc
eeeeeeeeeeeeeeeeeeeeeeeeeeeeabcccccccccccccccccccccabccccccccccccccccccccc
eeeeeeeeeeeeeeeeeeeeeeeeeeee
abccccccccccccccccccccc
eeeeeeeeeeeeeeeeeeeeeeeeeeee
abccccccccccccccccccccc
eeeeeeeeeeeeeeeeeeeeeeeeeeeeabccccccccccccccccccccc
eeeeeeeeeeeeeeeeeeeeeeeeeeeeabccccccccccccccccccccc
eeeeeeeeeeeeeeeeeeeeeeeeeeeeabccccccccccccccccccccc
eeeeeeeeeeeeeeeeeeeeeeeeeeeeabccccccccccccccccccccc
eeeeeeeeeeeeeeeeeeeeeeeeeeeeabccccccccccccccccccccc
eeeeeeeeeeeeeeeeeeeeeeeeeeeeabccccccccccccccccccccc
eeeeeeeeeeeeeeeeeeeeeeeeeeeeabccccccccccccccccccccc
eeeeeeeeeeeeeeeeeeeeeeeeeeeeabccccccccccccccccccccc
eeeeeeeeeeeeeeeeeeeeeeeeeeeeabccccccccccccccccccccc
eeeeeeeeeeeeeeeeeeeeeeeeeeeeabccccccccccccccccccccc
eeeeeeeeeeeeeeeeeeeeeeeeeeeeabccccccccccccccccccccc
eeeeeeeeeeeeeeeeeeeeeeeeeeeeabcccccccccccccccccccccabccccccccccccccccccccc
eeeeeeeeeeeeeeeeeeeeeeeeeeee
abccccccccccccccccccccc
eeeeeeeeeeeeeeeeeeeeeeeeeeee
abccccccccccccccccccccc
eeeeeeeeeeeeeeeeeeeeeeeeeeeeabccccccccccccccccccccc
eeeeeeeeeeeeeeeeeeeeeeeeeeeeabccccccccccccccccccccc
eeeeeeeeeeeeeeeeeeeeeeeeeeeeabccccccccccccccccccccc
eeeeeeeeeeeeeeeeeeeeeeeeeeeeabccccccccccccccccccccc
eeeeeeeeeeeeeeeeeeeeeeeeeeeeabccccccccccccccccccccc
eeeeeeeeeeeeeeeeeeeeeeeeeeeeabccccccccccccccccccccc
eeeeeeeeeeeeeeeeeeeeeeeeeeeeabccccccccccccccccccccc
eeeeeeeeeeeeeeeeeeeeeeeeeeeeabccccccccccccccccccccc
eeeeeeeeeeeeeeeeeeeeeeeeeeeeabccccccccccccccccccccc
eeeeeeeeeeeeeeeeeeeeeeeeeeeeabccccccccccccccccccccc
eeeeeeeeeeeeeeeeeeeeeeeeeeeeabccccccccccccccccccccc
eeeeeeeeeeeeeeeeeeeeeeeeeeeeabcccccccccccccccccccccabccccccccccccccccccccc
eeeeeeeeeeeeeeeeeeeeeeeeeeee
abccccccccccccccccccccc
eeeeeeeeeeeeeeeeeeeeeeeeeeee
abccccccccccccccccccccc
eeeeeeeeeeeeeeeeeeeeeeeeeeeeabccccccccccccccccccccc
eeeeeeeeeeeeeeeeeeeeeeeeeeeeabccccccccccccccccccccc
eeeeeeeeeeeeeeeeeeeeeeeeeeeeabccccccccccccccccccccc
eeeeeeeeeeeeeeeeeeeeeeeeeeeeabccccccccccccccccccccc
eeeeeeeeeeeeeeeeeeeeeeeeeeeeabccccccccccccccccccccc
eeeeeeeeeeeeeeeeeeeeeeeeeeeeabccccccccccccccccccccc
eeeeeeeeeeeeeeeeeeeeeeeeeeeeabccccccccccccccccccccc
eeeeeeeeeeeeeeeeeeeeeeeeeeeeabccccccccccccccccccccc
eeeeeeeeeeeeeeeeeeeeeeeeeeeeabccccccccccccccccccccc
eeeeeeeeeeeeeeeeeeeeeeeeeeeeabccccccccccccccccccccc
eeeeeeeeeeeeeeeeeeeeeeeeeeeeabccccccccccccccccccccc
eeeeeeeeeeeeeeeeeeeeeeeeeeeeabcccccccccccccccccccccabccccccccccccccccccccc
eeeeeeeeeeeeeeeeeeeeeeeeeeee
abccccccccccccccccccccc
eeeeeeeeeeeeeeeeeeeeeeeeeeee
abccccccccccccccccccccc
eeeeeeeeeeeeeeeeeeeeeeeeeeeeabccccccccccccccccccccc
eeeeeeeeeeeeeeeeeeeeeeeeeeeeabccccccccccccccccccccc
eeeeeeeeeeeeeeeeeeeeeeeeeeeeabccccccccccccccccccccc
eeeeeeeeeeeeeeeeeeeeeeeeeeeeabccccccccccccccccccccc
eeeeeeeeeeeeeeeeeeeeeeeeeeeeabccccccccccccccccccccc
eeeeeeeeeeeeeeeeeeeeeeeeeeeeabccccccccccccccccccccc
eeeeeeeeeeeeeeeeeeeeeeeeeeeeabccccccccccccccccccccc
eeeeeeeeeeeeeeeeeeeeeeeeeeeeabccccccccccccccccccccc
eeeeeeeeeeeeeeeeeeeeeeeeeeeeabccccccccccccccccccccc
eeeeeeeeeeeeeeeeeeeeeeeeeeeeabccccccccccccccccccccc
eeeeeeeeeeeeeeeeeeeeeeeeeeeeabccccccccccccccccccccc
eeeeeeeeeeeeeeeeeeeeeeeeeeeeabcccccccccccccccccccccabccccccccccccccccccccc
eeeeeeeeeeeeeeeeeeeeeeeeeeee
abccccccccccccccccccccc
eeeeeeeeeeeeeeeeeeeeeeeeeeee
abccccccccccccccccccccc
eeeeeeeeeeeeeeeeeeeeeeeeeeeeabccccccccccccccccccccc
eeeeeeeeeeeeeeeeeeeeeeeeeeeeabccccccccccccccccccccc
eeeeeeeeeeeeeeeeeeeeeeeeeeeeabccccccccccccccccccccc
eeeeeeeeeeeeeeeeeeeeeeeeeeeeabccccccccccccccccccccc
eeeeeeeeeeeeeeeeeeeeeeeeeeeeabccccccccccccccccccccc
eeeeeeeeeeeeeeeeeeeeeeeeeeeeabccccccccccccccccccccc
eeeeeeeeeeeeeeeeeeeeeeeeeeeeabccccccccccccccccccccc
eeeeeeeeeeeeeeeeeeeeeeeeeeeeabccccccccccccccccccccc
eeeeeeeeeeeeeeeeeeeeeeeeeeeeabccccccccccccccccccccc
eeeeeeeeeeeeeeeeeeeeeeeeeeeeabccccccccccccccccccccc
eeeeeeeeeeeeeeeeeeeeeeeeeeeeabccccccccccccccccccccc
eeeeeeeeeeeeeeeeeeeeeeeeeeeeabcccccccccccccccccccccabccccccccccccccccccccc
eeeeeeeeeeeeeeeeeeeeeeeeeeee
abccccccccccccccccccccc
eeeeeeeeeeeeeeeeeeeeeeeeeeee
abccccccccccccccccccccc
eeeeeeeeeeeeeeeeeeeeeeeeeeeeabccccccccccccccccccccc
eeeeeeeeeeeeeeeeeeeeeeeeeeeeabccccccccccccccccccccc
eeeeeeeeeeeeeeeeeeeeeeeeeeeeabccccccccccccccccccccc
eeeeeeeeeeeeeeeeeeeeeeeeeeeeabccccccccccccccccccccc
eeeeeeeeeeeeeeeeeeeeeeeeeeeeabccccccccccccccccccccc
eeeeeeeeeeeeeeeeeeeeeeeeeeeeabccccccccccccccccccccc
eeeeeeeeeeeeeeeeeeeeeeeeeeeeabccccccccccccccccccccc
eeeeeeeeeeeeeeeeeeeeeeeeeeeeabccccccccccccccccccccc
eeeeeeeeeeeeeeeeeeeeeeeeeeeeabccccccccccccccccccccc
eeeeeeeeeeeeeeeeeeeeeeeeeeeeabccccccccccccccccccccc
eeeeeeeeeeeeeeeeeeeeeeeeeeeeabccccccccccccccccccccc
eeeeeeeeeeeeeeeeeeeeeeeeeeeeabcccccccccccccccccccccabccccccccccccccccccccc
eeeeeeeeeeeeeeeeeeeeeeeeeeee
abccccccccccccccccccccc
eeeeeeeeeeeeeeeeeeeeeeeeeeee
abccccccccccccccccccccc
eeeeeeeeeeeeeeeeeeeeeeeeeeeeabccccccccccccccccccccc
eeeeeeeeeeeeeeeeeeeeeeeeeeeeabccccccccccccccccccccc
eeeeeeeeeeeeeeeeeeeeeeeeeeeeabccccccccccccccccccccc
eeeeeeeeeeeeeeeeeeeeeeeeeeeeabccccccccccccccccccccc
eeeeeeeeeeeeeeeeeeeeeeeeeeeeabccccccccccccccccccccc
eeeeeeeeeeeeeeeeeeeeeeeeeeeeabccccccccccccccccccccc
eeeeeeeeeeeeeeeeeeeeeeeeeeeeabccccccccccccccccccccc
eeeeeeeeeeeeeeeeeeeeeeeeeeeeabccccccccccccccccccccc
eeeeeeeeeeeeeeeeeeeeeeeeeeeeabccccccccccccccccccccc
eeeeeeeeeeeeeeeeeeeeeeeeeeeeabccccccccccccccccccccc
eeeeeeeeeeeeeeeeeeeeeeeeeeeeabccccccccccccccccccccc
eeeeeeeeeeeeeeeeeeeeeeeeeeeeabcccccccccccccccccccccabccccccccccccccccccccc
eeeeeeeeeeeeeeeeeeeeeeeeeeee
abccccccccccccccccccccc
eeeeeeeeeeeeeeeeeeeeeeeeeeee
abccccccccccccccccccccc
eeeeeeeeeeeeeeeeeeeeeeeeeeeeabccccccccccccccccccccc
eeeeeeeeeeeeeeeeeeeeeeeeeeeeabccccccccccccccccccccc
eeeeeeeeeeeeeeeeeeeeeeeeeeeeabccccccccccccccccccccc
eeeeeeeeeeeeeeeeeeeeeeeeeeeeabccccccccccccccccccccc
eeeeeeeeeeeeeeeeeeeeeeeeeeeeabccccccccccccccccccccc
eeeeeeeeeeeeeeeeeeeeeeeeeeeeabccccccccccccccccccccc
eeeeeeeeeeeeeeeeeeeeeeeeeeeeabccccccccccccccccccccc
eeeeeeeeeeeeeeeeeeeeeeeeeeeeabccccccccccccccccccccc
eeeeeeeeeeeeeeeeeeeeeeeeeeeeabccccccccccccccccccccc
eeeeeeeeeeeeeeeeeeeeeeeeeeeeabccccccccccccccccccccc
eeeeeeeeeeeeeeeeeeeeeeeeeeeeabccccccccccccccccccccc
eeeeeeeeeeeeeeeeeeeeeeeeeeeeabcccccccccccccccccccccabccccccccccccccccccccc
eeeeeeeeeeeeeeeeeeeeeeeeeeee
abccccccccccccccccccccc
eeeeeeeeeeeeeeeeeeeeeeeeeeee
abccccccccccccccccccccc
eeeeeeeeeeeeeeeeeeeeeeeeeeeeabccccccccccccccccccccc
eeeeeeeeeeeeeeeeeeeeeeeeeeeeabccccccccccccccccccccc
eeeeeeeeeeeeeeeeeeeeeeeeeeeeabccccccccccccccccccccc
eeeeeeeeeeeeeeeeeeeeeeeeeeeeabccccccccccccccccccccc
eeeeeeeeeeeeeeeeeeeeeeeeeeeeabccccccccccccccccccccc
eeeeeeeeeeeeeeeeeeeeeeeeeeeeabccccccccccccccccccccc
eeeeeeeeeeeeeeeeeeeeeeeeeeeeabccccccccccccccccccccc
eeeeeeeeeeeeeeeeeeeeeeeeeeeeabccccccccccccccccccccc
eeeeeeeeeeeeeeeeeeeeeeeeeeeeabccccccccccccccccccccc
eeeeeeeeeeeeeeeeeeeeeeeeeeeeabccccccccccccccccccccc
eeeeeeeeeeeeeeeeeeeeeeeeeeeeabccccccccccccccccccccc
eeeeeeeeeeeeeeeeeeeeeeeeeeeeabcccccccccccccccccccccabccccccccccccccccccccc
eeeeeeeeeeeeeeeeeeeeeeeeeeee
abccccccccccccccccccccc
eeeeeeeeeeeeeeeeeeeeeeeeeeee
abccccccccccccccccccccc
eeeeeeeeeeeeeeeeeeeeeeeeeeeeabccccccccccccccccccccc
eeeeeeeeeeeeeeeeeeeeeeeeeeeeabccccccccccccccccccccc
eeeeeeeeeeeeeeeeeeeeeeeeeeeeabccccccccccccccccccccc
eeeeeeeeeeeeeeeeeeeeeeeeeeeeabccccccccccccccccccccc
eeeeeeeeeeeeeeeeeeeeeeeeeeeeabccccccccccccccccccccc
eeeeeeeeeeeeeeeeeeeeeeeeeeeeabccccccccccccccccccccc
eeeeeeeeeeeeeeeeeeeeeeeeeeeeabccccccccccccccccccccc
eeeeeeeeeeeeeeeeeeeeeeeeeeeeabccccccccccccccccccccc
eeeeeeeeeeeeeeeeeeeeeeeeeeeeabccccccccccccccccccccc
eeeeeeeeeeeeeeeeeeeeeeeeeeeeabccccccccccccccccccccc
eeeeeeeeeeeeeeeeeeeeeeeeeeeeabccccccccccccccccccccc
eeeeeeeeeeeeeeeeeeeeeeeeeeeeabcccccccccccccccccccccabccccccccccccccccccccc
eeeeeeeeeeeeeeeeeeeeeeeeeeee
abccccccccccccccccccccc
eeeeeeeeeeeeeeeeeeeeeeeeeeee
abccccccccccccccccccccc
eeeeeeeeeeeeeeeeeeeeeeeeeeeeabccccccccccccccccccccc
eeeeeeeeeeeeeeeeeeeeeeeeeeeeabccccccccccccccccccccc
eeeeeeeeeeeeeeeeeeeeeeeeeeeeabccccccccccccccccccccc
eeeeeeeeeeeeeeeeeeeeeeeeeeeeabccccccccccccccccccccc
eeeeeeeeeeeeeeeeeeeeeeeeeeeeabccccccccccccccccccccc
eeeeeeeeeeeeeeeeeeeeeeeeeeeeabccccccccccccccccccccc
eeeeeeeeeeeeeeeeeeeeeeeeeeeeabccccccccccccccccccccc
eeeeeeeeeeeeeeeeeeeeeeeeeeeeabccccccccccccccccccccc
eeeeeeeeeeeeeeeeeeeeeeeeeeeeabccccccccccccccccccccc
eeeeeeeeeeeeeeeeeeeeeeeeeeeeabccccccccccccccccccccc
eeeeeeeeeeeeeeeeeeeeeeeeeeeeabccccccccccccccccccccc
eeeeeeeeeeeeeeeeeeeeeeeeeeeeabcccccccccccccccccccccabccccccccccccccccccccc
eeeeeeeeeeeeeeeeeeeeeeeeeeee
abccccccccccccccccccccc
eeeeeeeeeeeeeeeeeeeeeeeeeeee
abccccccccccccccccccccc
eeeeeeeeeeeeeeeeeeeeeeeeeeeeabccccccccccccccccccccc
eeeeeeeeeeeeeeeeeeeeeeeeeeeeabccccccccccccccccccccc
eeeeeeeeeeeeeeeeeeeeeeeeeeeeabccccccccccccccccccccc
eeeeeeeeeeeeeeeeeeeeeeeeeeeeabccccccccccccccccccccc
eeeeeeeeeeeeeeeeeeeeeeeeeeeeabccccccccccccccccccccc
eeeeeeeeeeeeeeeeeeeeeeeeeeeeabccccccccccccccccccccc
eeeeeeeeeeeeeeeeeeeeeeeeeeeeabccccccccccccccccccccc
eeeeeeeeeeeeeeeeeeeeeeeeeeeeabccccccccccccccccccccc
eeeeeeeeeeeeeeeeeeeeeeeeeeeeabccccccccccccccccccccc
eeeeeeeeeeeeeeeeeeeeeeeeeeeeabccccccccccccccccccccc
eeeeeeeeeeeeeeeeeeeeeeeeeeeeabccccccccccccccccccccc
eeeeeeeeeeeeeeeeeeeeeeeeeeeeabcccccccccccccccccccccabccccccccccccccccccccc
eeeeeeeeeeeeeeeeeeeeeeeeeeee
abccccccccccccccccccccc
eeeeeeeeeeeeeeeeeeeeeeeeeeee
abccccccccccccccccccccc
eeeeeeeeeeeeeeeeeeeeeeeeeeeeabccccccccccccccccccccc
eeeeeeeeeeeeeeeeeeeeeeeeeeeeabccccccccccccccccccccc
eeeeeeeeeeeeeeeeeeeeeeeeeeeeabccccccccccccccccccccc
eeeeeeeeeeeeeeeeeeeeeeeeeeeeabccccccccccccccccccccc
eeeeeeeeeeeeeeeeeeeeeeeeeeeeabccccccccccccccccccccc
eeeeeeeeeeeeeeeeeeeeeeeeeeeeabccccccccccccccccccccc
eeeeeeeeeeeeeeeeeeeeeeeeeeeeabccccccccccccccccccccc
eeeeeeeeeeeeeeeeeeeeeeeeeeeeabccccccccccccccccccccc
eeeeeeeeeeeeeeeeeeeeeeeeeeeeabccccccccccccccccccccc
eeeeeeeeeeeeeeeeeeeeeeeeeeeeabccccccccccccccccccccc
eeeeeeeeeeeeeeeeeeeeeeeeeeeeabccccccccccccccccccccc
eeeeeeeeeeeeeeeeeeeeeeeeeeeeabcccccccccccccccccccccabccccccccccccccccccccc
eeeeeeeeeeeeeeeeeeeeeeeeeeee
abccccccccccccccccccccc
eeeeeeeeeeeeeeeeeeeeeeeeeeee
abccccccccccccccccccccc
eeeeeeeeeeeeeeeeeeeeeeeeeeeeabccccccccccccccccccccc
eeeeeeeeeeeeeeeeeeeeeeeeeeeeabccccccccccccccccccccc
eeeeeeeeeeeeeeeeeeeeeeeeeeeeabccccccccccccccccccccc
eeeeeeeeeeeeeeeeeeeeeeeeeeeeabccccccccccccccccccccc
eeeeeeeeeeeeeeeeeeeeeeeeeeeeabccccccccccccccccccccc
eeeeeeeeeeeeeeeeeeeeeeeeeeeeabccccccccccccccccccccc
eeeeeeeeeeeeeeeeeeeeeeeeeeeeabccccccccccccccccccccc
eeeeeeeeeeeeeeeeeeeeeeeeeeeeabccccccccccccccccccccc
eeeeeeeeeeeeeeeeeeeeeeeeeeeeabccccccccccccccccccccc
eeeeeeeeeeeeeeeeeeeeeeeeeeeeabccccccccccccccccccccc
eeeeeeeeeeeeeeeeeeeeeeeeeeeeabccccccccccccccccccccc
eeeeeeeeeeeeeeeeeeeeeeeeeeeeabcccccccccccccccccccccabccccccccccccccccccccc
eeeeeeeeeeeeeeeeeeeeeeeeeeee
abccccccccccccccccccccc
eeeeeeeeeeeeeeeeeeeeeeeeeeee
abccccccccccccccccccccc
eeeeeeeeeeeeeeeeeeeeeeeeeeeeabccccccccccccccccccccc
eeeeeeeeeeeeeeeeeeeeeeeeeeeeabccccccccccccccccccccc
eeeeeeeeeeeeeeeeeeeeeeeeeeeeabccccccccccccccccccccc
eeeeeeeeeeeeeeeeeeeeeeeeeeeeabccccccccccccccccccccc
eeeeeeeeeeeeeeeeeeeeeeeeeeeeabccccccccccccccccccccc
eeeeeeeeeeeeeeeeeeeeeeeeeeeeabccccccccccccccccccccc
eeeeeeeeeeeeeeeeeeeeeeeeeeeeabccccccccccccccccccccc
eeeeeeeeeeeeeeeeeeeeeeeeeeeeabccccccccccccccccccccc
eeeeeeeeeeeeeeeeeeeeeeeeeeeeabccccccccccccccccccccc
eeeeeeeeeeeeeeeeeeeeeeeeeeeeabccccccccccccccccccccc
eeeeeeeeeeeeeeeeeeeeeeeeeeeeabccccccccccccccccccccc
eeeeeeeeeeeeeeeeeeeeeeeeeeeeabcccccccccccccccccccccabccccccccccccccccccccc
eeeeeeeeeeeeeeeeeeeeeeeeeeee
abccccccccccccccccccccc
eeeeeeeeeeeeeeeeeeeeeeeeeeee
abccccccccccccccccccccc
eeeeeeeeeeeeeeeeeeeeeeeeeeeeabccccccccccccccccccccc
eeeeeeeeeeeeeeeeeeeeeeeeeeeeabccccccccccccccccccccc
eeeeeeeeeeeeeeeeeeeeeeeeeeeeabccccccccccccccccccccc
eeeeeeeeeeeeeeeeeeeeeeeeeeeeabccccccccccccccccccccc
eeeeeeeeeeeeeeeeeeeeeeeeeeeeabccccccccccccccccccccc
eeeeeeeeeeeeeeeeeeeeeeeeeeeeabccccccccccccccccccccc
eeeeeeeeeeeeeeeeeeeeeeeeeeeeabccccccccccccccccccccc
eeeeeeeeeeeeeeeeeeeeeeeeeeeeabccccccccccccccccccccc
eeeeeeeeeeeeeeeeeeeeeeeeeeeeabccccccccccccccccccccc
eeeeeeeeeeeeeeeeeeeeeeeeeeeeabccccccccccccccccccccc
eeeeeeeeeeeeeeeeeeeeeeeeeeeeabccccccccccccccccccccc
eeeeeeeeeeeeeeeeeeeeeeeeeeeeabcccccccccccccccccccccabccccccccccccccccccccc
eeeeeeeeeeeeeeeeeeeeeeeeeeee
abccccccccccccccccccccc
eeeeeeeeeeeeeeeeeeeeeeeeeeee
abccccccccccccccccccccc
eeeeeeeeeeeeeeeeeeeeeeeeeeeeabccccccccccccccccccccc
eeeeeeeeeeeeeeeeeeeeeeeeeeeeabccccccccccccccccccccc
eeeeeeeeeeeeeeeeeeeeeeeeeeeeabccccccccccccccccccccc
eeeeeeeeeeeeeeeeeeeeeeeeeeeeabccccccccccccccccccccc
eeeeeeeeeeeeeeeeeeeeeeeeeeeeabccccccccccccccccccccc
eeeeeeeeeeeeeeeeeeeeeeeeeeeeabccccccccccccccccccccc
eeeeeeeeeeeeeeeeeeeeeeeeeeeeabccccccccccccccccccccc
eeeeeeeeeeeeeeeeeeeeeeeeeeeeabccccccccccccccccccccc
eeeeeeeeeeeeeeeeeeeeeeeeeeeeabccccccccccccccccccccc
eeeeeeeeeeeeeeeeeeeeeeeeeeeeabccccccccccccccccccccc
eeeeeeeeeeeeeeeeeeeeeeeeeeeeabccccccccccccccccccccc
eeeeeeeeeeeeeeeeeeeeeeeeeeeeabcccccccccccccccccccccabccccccccccccccccccccc
eeeeeeeeeeeeeeeeeeeeeeeeeeee
abccccccccccccccccccccc
eeeeeeeeeeeeeeeeeeeeeeeeeeee
abccccccccccccccccccccc
eeeeeeeeeeeeeeeeeeeeeeeeeeeeabccccccccccccccccccccc
eeeeeeeeeeeeeeeeeeeeeeeeeeeeabccccccccccccccccccccc
eeeeeeeeeeeeeeeeeeeeeeeeeeeeabccccccccccccccccccccc
eeeeeeeeeeeeeeeeeeeeeeeeeeeeabccccccccccccccccccccc
eeeeeeeeeeeeeeeeeeeeeeeeeeeeabccccccccccccccccccccc
eeeeeeeeeeeeeeeeeeeeeeeeeeeeabccccccccccccccccccccc
eeeeeeeeeeeeeeeeeeeeeeeeeeeeabccccccccccccccccccccc
eeeeeeeeeeeeeeeeeeeeeeeeeeeeabccccccccccccccccccccc
eeeeeeeeeeeeeeeeeeeeeeeeeeeeabccccccccccccccccccccc
eeeeeeeeeeeeeeeeeeeeeeeeeeeeabccccccccccccccccccccc
eeeeeeeeeeeeeeeeeeeeeeeeeeeeabccccccccccccccccccccc
eeeeeeeeeeeeeeeeeeeeeeeeeeeeabcccccccccccccccccccccabccccccccccccccccccccc
eeeeeeeeeeeeeeeeeeeeeeeeeeee
abccccccccccccccccccccc
eeeeeeeeeeeeeeeeeeeeeeeeeeee
abccccccccccccccccccccc
eeeeeeeeeeeeeeeeeeeeeeeeeeeeabccccccccccccccccccccc
eeeeeeeeeeeeeeeeeeeeeeeeeeeeabccccccccccccccccccccc
eeeeeeeeeeeeeeeeeeeeeeeeeeeeabccccccccccccccccccccc
eeeeeeeeeeeeeeeeeeeeeeeeeeeeabccccccccccccccccccccc
eeeeeeeeeeeeeeeeeeeeeeeeeeeeabccccccccccccccccccccc
eeeeeeeeeeeeeeeeeeeeeeeeeeeeabccccccccccccccccccccc
eeeeeeeeeeeeeeeeeeeeeeeeeeeeabccccccccccccccccccccc
eeeeeeeeeeeeeeeeeeeeeeeeeeeeabccccccccccccccccccccc
eeeeeeeeeeeeeeeeeeeeeeeeeeeeabccccccccccccccccccccc
eeeeeeeeeeeeeeeeeeeeeeeeeeeeabccccccccccccccccccccc
eeeeeeeeeeeeeeeeeeeeeeeeeeeeabccccccccccccccccccccc
eeeeeeeeeeeeeeeeeeeeeeeeeeeeabcccccccccccccccccccccabccccccccccccccccccccc
eeeeeeeeeeeeeeeeeeeeeeeeeeee
abccccccccccccccccccccc
eeeeeeeeeeeeeeeeeeeeeeeeeeee
abccccccccccccccccccccc
eeeeeeeeeeeeeeeeeeeeeeeeeeeeabccccccccccccccccccccc
eeeeeeeeeeeeeeeeeeeeeeeeeeeeabccccccccccccccccccccc
eeeeeeeeeeeeeeeeeeeeeeeeeeeeabccccccccccccccccccccc
eeeeeeeeeeeeeeeeeeeeeeeeeeeeabccccccccccccccccccccc
eeeeeeeeeeeeeeeeeeeeeeeeeeeeabccccccccccccccccccccc
eeeeeeeeeeeeeeeeeeeeeeeeeeeeabccccccccccccccccccccc
eeeeeeeeeeeeeeeeeeeeeeeeeeeeabccccccccccccccccccccc
eeeeeeeeeeeeeeeeeeeeeeeeeeeeabccccccccccccccccccccc
eeeeeeeeeeeeeeeeeeeeeeeeeeeeabccccccccccccccccccccc
eeeeeeeeeeeeeeeeeeeeeeeeeeeeabccccccccccccccccccccc
eeeeeeeeeeeeeeeeeeeeeeeeeeeeabccccccccccccccccccccc
eeeeeeeeeeeeeeeeeeeeeeeeeeeeabcccccccccccccccccccccabccccccccccccccccccccc
eeeeeeeeeeeeeeeeeeeeeeeeeeee
abccccccccccccccccccccc
eeeeeeeeeeeeeeeeeeeeeeeeeeee
abccccccccccccccccccccc
eeeeeeeeeeeeeeeeeeeeeeeeeeeeabccccccccccccccccccccc
eeeeeeeeeeeeeeeeeeeeeeeeeeeeabccccccccccccccccccccc
eeeeeeeeeeeeeeeeeeeeeeeeeeeeabccccccccccccccccccccc
eeeeeeeeeeeeeeeeeeeeeeeeeeeeabccccccccccccccccccccc
eeeeeeeeeeeeeeeeeeeeeeeeeeeeabccccccccccccccccccccc
eeeeeeeeeeeeeeeeeeeeeeeeeeeeabccccccccccccccccccccc
eeeeeeeeeeeeeeeeeeeeeeeeeeeeabccccccccccccccccccccc
eeeeeeeeeeeeeeeeeeeeeeeeeeeeabccccccccccccccccccccc
eeeeeeeeeeeeeeeeeeeeeeeeeeeeabccccccccccccccccccccc
eeeeeeeeeeeeeeeeeeeeeeeeeeeeabccccccccccccccccccccc
eeeeeeeeeeeeeeeeeeeeeeeeeeeeabccccccccccccccccccccc
eeeeeeeeeeeeeeeeeeeeeeeeeeeeabcccccccccccccccccccccabccccccccccccccccccccc
eeeeeeeeeeeeeeeeeeeeeeeeeeee
abccccccccccccccccccccc
eeeeeeeeeeeeeeeeeeeeeeeeeeee
abccccccccccccccccccccc
eeeeeeeeeeeeeeeeeeeeeeeeeeeeabccccccccccccccccccccc
eeeeeeeeeeeeeeeeeeeeeeeeeeeeabccccccccccccccccccccc
eeeeeeeeeeeeeeeeeeeeeeeeeeeeabccccccccccccccccccccc
eeeeeeeeeeeeeeeeeeeeeeeeeeeeabccccccccccccccccccccc
eeeeeeeeeeeeeeeeeeeeeeeeeeeeabccccccccccccccccccccc
eeeeeeeeeeeeeeeeeeeeeeeeeeeeabccccccccccccccccccccc
eeeeeeeeeeeeeeeeeeeeeeeeeeeeabccccccccccccccccccccc
eeeeeeeeeeeeeeeeeeeeeeeeeeeeabccccccccccccccccccccc
eeeeeeeeeeeeeeeeeeeeeeeeeeeeabccccccccccccccccccccc
eeeeeeeeeeeeeeeeeeeeeeeeeeeeabccccccccccccccccccccc
eeeeeeeeeeeeeeeeeeeeeeeeeeeeabccccccccccccccccccccc
eeeeeeeeeeeeeeeeeeeeeeeeeeeeabcccccccccccccccccccccabccccccccccccccccccccc
eeeeeeeeeeeeeeeeeeeeeeeeeeee
abccccccccccccccccccccc
eeeeeeeeeeeeeeeeeeeeeeeeeeee
abccccccccccccccccccccc
eeeeeeeeeeeeeeeeeeeeeeeeeeeeabccccccccccccccccccccc
eeeeeeeeeeeeeeeeeeeeeeeeeeeeabccccccccccccccccccccc
eeeeeeeeeeeeeeeeeeeeeeeeeeeeabccccccccccccccccccccc
eeeeeeeeeeeeeeeeeeeeeeeeeeeeabccccccccccccccccccccc
eeeeeeeeeeeeeeeeeeeeeeeeeeeeabccccccccccccccccccccc
eeeeeeeeeeeeeeeeeeeeeeeeeeeeabccccccccccccccccccccc
eeeeeeeeeeeeeeeeeeeeeeeeeeeeabccccccccccccccccccccc
eeeeeeeeeeeeeeeeeeeeeeeeeeeeabccccccccccccccccccccc
eeeeeeeeeeeeeeeeeeeeeeeeeeeeabccccccccccccccccccccc
eeeeeeeeeeeeeeeeeeeeeeeeeeeeabccccccccccccccccccccc
eeeeeeeeeeeeeeeeeeeeeeeeeeeeabccccccccccccccccccccc
eeeeeeeeeeeeeeeeeeeeeeeeeeeeabcccccccccccccccccccccabccccccccccccccccccccc
eeeeeeeeeeeeeeeeeeeeeeeeeeee
abccccccccccccccccccccc
eeeeeeeeeeeeeeeeeeeeeeeeeeee
abccccccccccccccccccccc
eeeeeeeeeeeeeeeeeeeeeeeeeeeeabccccccccccccccccccccc
eeeeeeeeeeeeeeeeeeeeeeeeeeeeabccccccccccccccccccccc
eeeeeeeeeeeeeeeeeeeeeeeeeeeeabccccccccccccccccccccc
eeeeeeeeeeeeeeeeeeeeeeeeeeeeabccccccccccccccccccccc
eeeeeeeeeeeeeeeeeeeeeeeeeeeeabccccccccccccccccccccc
eeeeeeeeeeeeeeeeeeeeeeeeeeeeabccccccccccccccccccccc
eeeeeeeeeeeeeeeeeeeeeeeeeeeeabccccccccccccccccccccc
eeeeeeeeeeeeeeeeeeeeeeeeeeeeabccccccccccccccccccccc
eeeeeeeeeeeeeeeeeeeeeeeeeeeeabccccccccccccccccccccc
eeeeeeeeeeeeeeeeeeeeeeeeeeeeabccccccccccccccccccccc
eeeeeeeeeeeeeeeeeeeeeeeeeeeeabccccccccccccccccccccc
eeeeeeeeeeeeeeeeeeeeeeeeeeeeabcccccccccccccccccccccabccccccccccccccccccccc
eeeeeeeeeeeeeeeeeeeeeeeeeeee
abccccccccccccccccccccc
eeeeeeeeeeeeeeeeeeeeeeeeeeee
abccccccccccccccccccccc
eeeeeeeeeeeeeeeeeeeeeeeeeeeeabccccccccccccccccccccc
eeeeeeeeeeeeeeeeeeeeeeeeeeeeabccccccccccccccccccccc
eeeeeeeeeeeeeeeeeeeeeeeeeeeeabccccccccccccccccccccc
eeeeeeeeeeeeeeeeeeeeeeeeeeeeabccccccccccccccccccccc
eeeeeeeeeeeeeeeeeeeeeeeeeeeeabccccccccccccccccccccc
eeeeeeeeeeeeeeeeeeeeeeeeeeeeabccccccccccccccccccccc
eeeeeeeeeeeeeeeeeeeeeeeeeeeeabccccccccccccccccccccc
eeeeeeeeeeeeeeeeeeeeeeeeeeeeabccccccccccccccccccccc
eeeeeeeeeeeeeeeeeeeeeeeeeeeeabccccccccccccccccccccc
eeeeeeeeeeeeeeeeeeeeeeeeeeeeabccccccccccccccccccccc
eeeeeeeeeeeeeeeeeeeeeeeeeeeeabccccccccccccccccccccc
eeeeeeeeeeeeeeeeeeeeeeeeeeeeabcccccccccccccccccccccabccccccccccccccccccccc
eeeeeeeeeeeeeeeeeeeeeeeeeeee
abccccccccccccccccccccc
eeeeeeeeeeeeeeeeeeeeeeeeeeee
abccccccccccccccccccccc
eeeeeeeeeeeeeeeeeeeeeeeeeeeeabccccccccccccccccccccc
eeeeeeeeeeeeeeeeeeeeeeeeeeeeabccccccccccccccccccccc
eeeeeeeeeeeeeeeeeeeeeeeeeeeeabccccccccccccccccccccc
eeeeeeeeeeeeeeeeeeeeeeeeeeeeabccccccccccccccccccccc
eeeeeeeeeeeeeeeeeeeeeeeeeeeeabccccccccccccccccccccc
eeeeeeeeeeeeeeeeeeeeeeeeeeeeabccccccccccccccccccccc
eeeeeeeeeeeeeeeeeeeeeeeeeeeeabccccccccccccccccccccc
eeeeeeeeeeeeeeeeeeeeeeeeeeeeabccccccccccccccccccccc
eeeeeeeeeeeeeeeeeeeeeeeeeeeeabccccccccccccccccccccc
eeeeeeeeeeeeeeeeeeeeeeeeeeeeabccccccccccccccccccccc
eeeeeeeeeeeeeeeeeeeeeeeeeeeeabccccccccccccccccccccc
eeeeeeeeeeeeeeeeeeeeeeeeeeeeabcccccccccccccccccccccabccccccccccccccccccccc
eeeeeeeeeeeeeeeeeeeeeeeeeeee
abccccccccccccccccccccc
eeeeeeeeeeeeeeeeeeeeeeeeeeee
abccccccccccccccccccccc
eeeeeeeeeeeeeeeeeeeeeeeeeeeeabccccccccccccccccccccc
eeeeeeeeeeeeeeeeeeeeeeeeeeeeabccccccccccccccccccccc
eeeeeeeeeeeeeeeeeeeeeeeeeeeeabccccccccccccccccccccc
eeeeeeeeeeeeeeeeeeeeeeeeeeeeabccccccccccccccccccccc
eeeeeeeeeeeeeeeeeeeeeeeeeeeeabccccccccccccccccccccc
eeeeeeeeeeeeeeeeeeeeeeeeeeeeabccccccccccccccccccccc
eeeeeeeeeeeeeeeeeeeeeeeeeeeeabccccccccccccccccccccc
eeeeeeeeeeeeeeeeeeeeeeeeeeeeabccccccccccccccccccccc
eeeeeeeeeeeeeeeeeeeeeeeeeeeeabccccccccccccccccccccc
eeeeeeeeeeeeeeeeeeeeeeeeeeeeabccccccccccccccccccccc
eeeeeeeeeeeeeeeeeeeeeeeeeeeeabccccccccccccccccccccc
eeeeeeeeeeeeeeeeeeeeeeeeeeeeabcccccccccccccccccccccabccccccccccccccccccccc
eeeeeeeeeeeeeeeeeeeeeeeeeeee
abccccccccccccccccccccc
eeeeeeeeeeeeeeeeeeeeeeeeeeee
abccccccccccccccccccccc
eeeeeeeeeeeeeeeeeeeeeeeeeeeeabccccccccccccccccccccc
eeeeeeeeeeeeeeeeeeeeeeeeeeeeabccccccccccccccccccccc
eeeeeeeeeeeeeeeeeeeeeeeeeeeeabccccccccccccccccccccc
eeeeeeeeeeeeeeeeeeeeeeeeeeeeabccccccccccccccccccccc
eeeeeeeeeeeeeeeeeeeeeeeeeeeeabccccccccccccccccccccc
eeeeeeeeeeeeeeeeeeeeeeeeeeeeabccccccccccccccccccccc
eeeeeeeeeeeeeeeeeeeeeeeeeeeeabccccccccccccccccccccc
eeeeeeeeeeeeeeeeeeeeeeeeeeeeabccccccccccccccccccccc
eeeeeeeeeeeeeeeeeeeeeeeeeeeeabccccccccccccccccccccc
eeeeeeeeeeeeeeeeeeeeeeeeeeeeabccccccccccccccccccccc
eeeeeeeeeeeeeeeeeeeeeeeeeeeeabccccccccccccccccccccc
eeeeeeeeeeeeeeeeeeeeeeeeeeeeabcccccccccccccccccccccabccccccccccccccccccccc
eeeeeeeeeeeeeeeeeeeeeeeeeeee
abccccccccccccccccccccc
eeeeeeeeeeeeeeeeeeeeeeeeeeee
abccccccccccccccccccccc
eeeeeeeeeeeeeeeeeeeeeeeeeeeeabccccccccccccccccccccc
eeeeeeeeeeeeeeeeeeeeeeeeeeeeabccccccccccccccccccccc
eeeeeeeeeeeeeeeeeeeeeeeeeeeeabccccccccccccccccccccc
eeeeeeeeeeeeeeeeeeeeeeeeeeeeabccccccccccccccccccccc
eeeeeeeeeeeeeeeeeeeeeeeeeeeeabccccccccccccccccccccc
eeeeeeeeeeeeeeeeeeeeeeeeeeeeabccccccccccccccccccccc
eeeeeeeeeeeeeeeeeeeeeeeeeeeeabccccccccccccccccccccc
eeeeeeeeeeeeeeeeeeeeeeeeeeeeabccccccccccccccccccccc
eeeeeeeeeeeeeeeeeeeeeeeeeeeeabccccccccccccccccccccc
eeeeeeeeeeeeeeeeeeeeeeeeeeeeabccccccccccccccccccccc
eeeeeeeeeeeeeeeeeeeeeeeeeeeeabccccccccccccccccccccc
eeeeeeeeeeeeeeeeeeeeeeeeeeeeabcccccccccccccccccccccabccccccccccccccccccccc
eeeeeeeeeeeeeeeeeeeeeeeeeeee
abccccccccccccccccccccc
eeeeeeeeeeeeeeeeeeeeeeeeeeee
abccccccccccccccccccccc
eeeeeeeeeeeeeeeeeeeeeeeeeeeeabccccccccccccccccccccc
eeeeeeeeeeeeeeeeeeeeeeeeeeeeabccccccccccccccccccccc
eeeeeeeeeeeeeeeeeeeeeeeeeeeeabccccccccccccccccccccc
eeeeeeeeeeeeeeeeeeeeeeeeeeeeabccccccccccccccccccccc
eeeeeeeeeeeeeeeeeeeeeeeeeeeeabccccccccccccccccccccc
eeeeeeeeeeeeeeeeeeeeeeeeeeeeabccccccccccccccccccccc
eeeeeeeeeeeeeeeeeeeeeeeeeeeeabccccccccccccccccccccc
eeeeeeeeeeeeeeeeeeeeeeeeeeeeabccccccccccccccccccccc
eeeeeeeeeeeeeeeeeeeeeeeeeeeeabccccccccccccccccccccc
eeeeeeeeeeeeeeeeeeeeeeeeeeeeabccccccccccccccccccccc
eeeeeeeeeeeeeeeeeeeeeeeeeeeeabccccccccccccccccccccc
eeeeeeeeeeeeeeeeeeeeeeeeeeeeabcccccccccccccccccccccabccccccccccccccccccccc
eeeeeeeeeeeeeeeeeeeeeeeeeeee
abccccccccccccccccccccc
eeeeeeeeeeeeeeeeeeeeeeeeeeee
abccccccccccccccccccccc
eeeeeeeeeeeeeeeeeeeeeeeeeeeeabccccccccccccccccccccc
eeeeeeeeeeeeeeeeeeeeeeeeeeeeabccccccccccccccccccccc
eeeeeeeeeeeeeeeeeeeeeeeeeeeeabccccccccccccccccccccc
eeeeeeeeeeeeeeeeeeeeeeeeeeeeabccccccccccccccccccccc
eeeeeeeeeeeeeeeeeeeeeeeeeeeeabccccccccccccccccccccc
eeeeeeeeeeeeeeeeeeeeeeeeeeeeabccccccccccccccccccccc
eeeeeeeeeeeeeeeeeeeeeeeeeeeeabccccccccccccccccccccc
eeeeeeeeeeeeeeeeeeeeeeeeeeeeabccccccccccccccccccccc
eeeeeeeeeeeeeeeeeeeeeeeeeeeeabccccccccccccccccccccc
eeeeeeeeeeeeeeeeeeeeeeeeeeeeabccccccccccccccccccccc
eeeeeeeeeeeeeeeeeeeeeeeeeeeeabccccccccccccccccccccc
eeeeeeeeeeeeeeeeeeeeeeeeeeeeabcccccccccccccccccccccabccccccccccccccccccccc
eeeeeeeeeeeeeeeeeeeeeeeeeeee
abccccccccccccccccccccc
eeeeeeeeeeeeeeeeeeeeeeeeeeee
abccccccccccccccccccccc
eeeeeeeeeeeeeeeeeeeeeeeeeeeeabccccccccccccccccccccc
eeeeeeeeeeeeeeeeeeeeeeeeeeeeabccccccccccccccccccccc
eeeeeeeeeeeeeeeeeeeeeeeeeeeeabccccccccccccccccccccc
eeeeeeeeeeeeeeeeeeeeeeeeeeeeabccccccccccccccccccccc
eeeeeeeeeeeeeeeeeeeeeeeeeeeeabccccccccccccccccccccc
eeeeeeeeeeeeeeeeeeeeeeeeeeeeabccccccccccccccccccccc
eeeeeeeeeeeeeeeeeeeeeeeeeeeeabccccccccccccccccccccc
eeeeeeeeeeeeeeeeeeeeeeeeeeeeabccccccccccccccccccccc
eeeeeeeeeeeeeeeeeeeeeeeeeeeeabccccccccccccccccccccc
eeeeeeeeeeeeeeeeeeeeeeeeeeeeabccccccccccccccccccccc
eeeeeeeeeeeeeeeeeeeeeeeeeeeeabccccccccccccccccccccc
eeeeeeeeeeeeeeeeeeeeeeeeeeeeabcccccccccccccccccccccabccccccccccccccccccccc
eeeeeeeeeeeeeeeeeeeeeeeeeeee
abccccccccccccccccccccc
eeeeeeeeeeeeeeeeeeeeeeeeeeee
abccccccccccccccccccccc
eeeeeeeeeeeeeeeeeeeeeeeeeeeeabccccccccccccccccccccc
eeeeeeeeeeeeeeeeeeeeeeeeeeeeabccccccccccccccccccccc
eeeeeeeeeeeeeeeeeeeeeeeeeeeeabccccccccccccccccccccc
eeeeeeeeeeeeeeeeeeeeeeeeeeeeabccccccccccccccccccccc
eeeeeeeeeeeeeeeeeeeeeeeeeeeeabccccccccccccccccccccc
eeeeeeeeeeeeeeeeeeeeeeeeeeeeabccccccccccccccccccccc
eeeeeeeeeeeeeeeeeeeeeeeeeeeeabccccccccccccccccccccc
eeeeeeeeeeeeeeeeeeeeeeeeeeeeabccccccccccccccccccccc
eeeeeeeeeeeeeeeeeeeeeeeeeeeeabccccccccccccccccccccc
eeeeeeeeeeeeeeeeeeeeeeeeeeeeabccccccccccccccccccccc
eeeeeeeeeeeeeeeeeeeeeeeeeeeeabccccccccccccccccccccc
eeeeeeeeeeeeeeeeeeeeeeeeeeeeabcccccccccccccccccccccabccccccccccccccccccccc
eeeeeeeeeeeeeeeeeeeeeeeeeeee
abccccccccccccccccccccc
eeeeeeeeeeeeeeeeeeeeeeeeeeee
abccccccccccccccccccccc
eeeeeeeeeeeeeeeeeeeeeeeeeeeeabccccccccccccccccccccc
eeeeeeeeeeeeeeeeeeeeeeeeeeeeabccccccccccccccccccccc
eeeeeeeeeeeeeeeeeeeeeeeeeeeeabccccccccccccccccccccc
eeeeeeeeeeeeeeeeeeeeeeeeeeeeabccccccccccccccccccccc
eeeeeeeeeeeeeeeeeeeeeeeeeeeeabccccccccccccccccccccc
eeeeeeeeeeeeeeeeeeeeeeeeeeeeabccccccccccccccccccccc
eeeeeeeeeeeeeeeeeeeeeeeeeeeeabccccccccccccccccccccc
eeeeeeeeeeeeeeeeeeeeeeeeeeeeabccccccccccccccccccccc
eeeeeeeeeeeeeeeeeeeeeeeeeeeeabccccccccccccccccccccc
eeeeeeeeeeeeeeeeeeeeeeeeeeeeabccccccccccccccccccccc
eeeeeeeeeeeeeeeeeeeeeeeeeeeeabccccccccccccccccccccc
eeeeeeeeeeeeeeeeeeeeeeeeeeeeabcccccccccccccccccccccabccccccccccccccccccccc
eeeeeeeeeeeeeeeeeeeeeeeeeeee
abccccccccccccccccccccc
eeeeeeeeeeeeeeeeeeeeeeeeeeee
abccccccccccccccccccccc
eeeeeeeeeeeeeeeeeeeeeeeeeeeeabccccccccccccccccccccc
eeeeeeeeeeeeeeeeeeeeeeeeeeeeabccccccccccccccccccccc
eeeeeeeeeeeeeeeeeeeeeeeeeeeeabccccccccccccccccccccc
eeeeeeeeeeeeeeeeeeeeeeeeeeeeabccccccccccccccccccccc
eeeeeeeeeeeeeeeeeeeeeeeeeeeeabccccccccccccccccccccc
eeeeeeeeeeeeeeeeeeeeeeeeeeeeabccccccccccccccccccccc
eeeeeeeeeeeeeeeeeeeeeeeeeeeeabccccccccccccccccccccc
eeeeeeeeeeeeeeeeeeeeeeeeeeeeabccccccccccccccccccccc
eeeeeeeeeeeeeeeeeeeeeeeeeeeeabccccccccccccccccccccc
eeeeeeeeeeeeeeeeeeeeeeeeeeeeabccccccccccccccccccccc
eeeeeeeeeeeeeeeeeeeeeeeeeeeeabccccccccccccccccccccc
eeeeeeeeeeeeeeeeeeeeeeeeeeeeabcccccccccccccccccccccabccccccccccccccccccccc
eeeeeeeeeeeeeeeeeeeeeeeeeeee
abccccccccccccccccccccc
eeeeeeeeeeeeeeeeeeeeeeeeeeee
abccccccccccccccccccccc
eeeeeeeeeeeeeeeeeeeeeeeeeeeeabccccccccccccccccccccc
eeeeeeeeeeeeeeeeeeeeeeeeeeeeabccccccccccccccccccccc
eeeeeeeeeeeeeeeeeeeeeeeeeeeeabccccccccccccccccccccc
eeeeeeeeeeeeeeeeeeeeeeeeeeeeabccccccccccccccccccccc
eeeeeeeeeeeeeeeeeeeeeeeeeeeeabccccccccccccccccccccc
eeeeeeeeeeeeeeeeeeeeeeeeeeeeabccccccccccccccccccccc
eeeeeeeeeeeeeeeeeeeeeeeeeeeeabccccccccccccccccccccc
eeeeeeeeeeeeeeeeeeeeeeeeeeeeabccccccccccccccccccccc
eeeeeeeeeeeeeeeeeeeeeeeeeeeeabccccccccccccccccccccc
eeeeeeeeeeeeeeeeeeeeeeeeeeeeabccccccccccccccccccccc
eeeeeeeeeeeeeeeeeeeeeeeeeeeeabccccccccccccccccccccc
eeeeeeeeeeeeeeeeeeeeeeeeeeeeabcccccccccccccccccccccabccccccccccccccccccccc
eeeeeeeeeeeeeeeeeeeeeeeeeeee
abccccccccccccccccccccc
eeeeeeeeeeeeeeeeeeeeeeeeeeee
abccccccccccccccccccccc
eeeeeeeeeeeeeeeeeeeeeeeeeeeeabccccccccccccccccccccc
eeeeeeeeeeeeeeeeeeeeeeeeeeeeabccccccccccccccccccccc
eeeeeeeeeeeeeeeeeeeeeeeeeeeeabccccccccccccccccccccc
eeeeeeeeeeeeeeeeeeeeeeeeeeeeabccccccccccccccccccccc
eeeeeeeeeeeeeeeeeeeeeeeeeeeeabccccccccccccccccccccc
eeeeeeeeeeeeeeeeeeeeeeeeeeeeabccccccccccccccccccccc
eeeeeeeeeeeeeeeeeeeeeeeeeeeeabccccccccccccccccccccc
eeeeeeeeeeeeeeeeeeeeeeeeeeeeabccccccccccccccccccccc
eeeeeeeeeeeeeeeeeeeeeeeeeeeeabccccccccccccccccccccc
eeeeeeeeeeeeeeeeeeeeeeeeeeeeabccccccccccccccccccccc
eeeeeeeeeeeeeeeeeeeeeeeeeeeeabccccccccccccccccccccc
eeeeeeeeeeeeeeeeeeeeeeeeeeeeabcccccccccccccccccccccabccccccccccccccccccccc
eeeeeeeeeeeeeeeeeeeeeeeeeeee
abccccccccccccccccccccc
eeeeeeeeeeeeeeeeeeeeeeeeeeee
abccccccccccccccccccccc
eeeeeeeeeeeeeeeeeeeeeeeeeeeeabccccccccccccccccccccc
eeeeeeeeeeeeeeeeeeeeeeeeeeeeabccccccccccccccccccccc
eeeeeeeeeeeeeeeeeeeeeeeeeeeeabccccccccccccccccccccc
eeeeeeeeeeeeeeeeeeeeeeeeeeeeabccccccccccccccccccccc
eeeeeeeeeeeeeeeeeeeeeeeeeeeeabccccccccccccccccccccc
eeeeeeeeeeeeeeeeeeeeeeeeeeeeabccccccccccccccccccccc
eeeeeeeeeeeeeeeeeeeeeeeeeeeeabccccccccccccccccccccc
eeeeeeeeeeeeeeeeeeeeeeeeeeeeabccccccccccccccccccccc
eeeeeeeeeeeeeeeeeeeeeeeeeeeeabccccccccccccccccccccc
eeeeeeeeeeeeeeeeeeeeeeeeeeeeabccccccccccccccccccccc
eeeeeeeeeeeeeeeeeeeeeeeeeeeeabccccccccccccccccccccc
eeeeeeeeeeeeeeeeeeeeeeeeeeeeabcccccccccccccccccccccabccccccccccccccccccccc
eeeeeeeeeeeeeeeeeeeeeeeeeeee
abccccccccccccccccccccc
eeeeeeeeeeeeeeeeeeeeeeeeeeee
abccccccccccccccccccccc
eeeeeeeeeeeeeeeeeeeeeeeeeeeeabccccccccccccccccccccc
eeeeeeeeeeeeeeeeeeeeeeeeeeeeabccccccccccccccccccccc
eeeeeeeeeeeeeeeeeeeeeeeeeeeeabccccccccccccccccccccc
eeeeeeeeeeeeeeeeeeeeeeeeeeeeabccccccccccccccccccccc
eeeeeeeeeeeeeeeeeeeeeeeeeeeeabccccccccccccccccccccc
eeeeeeeeeeeeeeeeeeeeeeeeeeeeabccccccccccccccccccccc
eeeeeeeeeeeeeeeeeeeeeeeeeeeeabccccccccccccccccccccc
eeeeeeeeeeeeeeeeeeeeeeeeeeeeabccccccccccccccccccccc
eeeeeeeeeeeeeeeeeeeeeeeeeeeeabccccccccccccccccccccc
eeeeeeeeeeeeeeeeeeeeeeeeeeeeabccccccccccccccccccccc
eeeeeeeeeeeeeeeeeeeeeeeeeeeeabccccccccccccccccccccc
eeeeeeeeeeeeeeeeeeeeeeeeeeeeabcccccccccccccccccccccabccccccccccccccccccccc
eeeeeeeeeeeeeeeeeeeeeeeeeeee
abccccccccccccccccccccc
eeeeeeeeeeeeeeeeeeeeeeeeeeee
abccccccccccccccccccccc
eeeeeeeeeeeeeeeeeeeeeeeeeeeeabccccccccccccccccccccc
eeeeeeeeeeeeeeeeeeeeeeeeeeeeabccccccccccccccccccccc
eeeeeeeeeeeeeeeeeeeeeeeeeeeeabccccccccccccccccccccc
eeeeeeeeeeeeeeeeeeeeeeeeeeeeabccccccccccccccccccccc
eeeeeeeeeeeeeeeeeeeeeeeeeeeeabccccccccccccccccccccc
eeeeeeeeeeeeeeeeeeeeeeeeeeeeabccccccccccccccccccccc
eeeeeeeeeeeeeeeeeeeeeeeeeeeeabccccccccccccccccccccc
eeeeeeeeeeeeeeeeeeeeeeeeeeeeabccccccccccccccccccccc
eeeeeeeeeeeeeeeeeeeeeeeeeeeeabccccccccccccccccccccc
eeeeeeeeeeeeeeeeeeeeeeeeeeeeabccccccccccccccccccccc
eeeeeeeeeeeeeeeeeeeeeeeeeeeeabccccccccccccccccccccc
eeeeeeeeeeeeeeeeeeeeeeeeeeeeabcccccccccccccccccccccabccccccccccccccccccccc
eeeeeeeeeeeeeeeeeeeeeeeeeeee
abccccccccccccccccccccc
eeeeeeeeeeeeeeeeeeeeeeeeeeee
abccccccccccccccccccccc
eeeeeeeeeeeeeeeeeeeeeeeeeeeeabccccccccccccccccccccc
eeeeeeeeeeeeeeeeeeeeeeeeeeeeabccccccccccccccccccccc
eeeeeeeeeeeeeeeeeeeeeeeeeeeeabccccccccccccccccccccc
eeeeeeeeeeeeeeeeeeeeeeeeeeeeabccccccccccccccccccccc
eeeeeeeeeeeeeeeeeeeeeeeeeeeeabccccccccccccccccccccc
eeeeeeeeeeeeeeeeeeeeeeeeeeeeabccccccccccccccccccccc
eeeeeeeeeeeeeeeeeeeeeeeeeeeeabccccccccccccccccccccc
eeeeeeeeeeeeeeeeeeeeeeeeeeeeabccccccccccccccccccccc
eeeeeeeeeeeeeeeeeeeeeeeeeeeeabccccccccccccccccccccc
eeeeeeeeeeeeeeeeeeeeeeeeeeeeabccccccccccccccccccccc
eeeeeeeeeeeeeeeeeeeeeeeeeeeeabccccccccccccccccccccc
eeeeeeeeeeeeeeeeeeeeeeeeeeeeabcccccccccccccccccccccabccccccccccccccccccccc
eeeeeeeeeeeeeeeeeeeeeeeeeeee
abccccccccccccccccccccc
eeeeeeeeeeeeeeeeeeeeeeeeeeee
abccccccccccccccccccccc
eeeeeeeeeeeeeeeeeeeeeeeeeeeeabccccccccccccccccccccc
eeeeeeeeeeeeeeeeeeeeeeeeeeeeabccccccccccccccccccccc
eeeeeeeeeeeeeeeeeeeeeeeeeeeeabccccccccccccccccccccc
eeeeeeeeeeeeeeeeeeeeeeeeeeeeabccccccccccccccccccccc
eeeeeeeeeeeeeeeeeeeeeeeeeeeeabccccccccccccccccccccc
eeeeeeeeeeeeeeeeeeeeeeeeeeeeabccccccccccccccccccccc
eeeeeeeeeeeeeeeeeeeeeeeeeeeeabccccccccccccccccccccc
eeeeeeeeeeeeeeeeeeeeeeeeeeeeabccccccccccccccccccccc
eeeeeeeeeeeeeeeeeeeeeeeeeeeeabccccccccccccccccccccc
eeeeeeeeeeeeeeeeeeeeeeeeeeeeabccccccccccccccccccccc
eeeeeeeeeeeeeeeeeeeeeeeeeeeeabccccccccccccccccccccc
eeeeeeeeeeeeeeeeeeeeeeeeeeeeabcccccccccccccccccccccabccccccccccccccccccccc
eeeeeeeeeeeeeeeeeeeeeeeeeeee
abccccccccccccccccccccc
eeeeeeeeeeeeeeeeeeeeeeeeeeee
abccccccccccccccccccccc
eeeeeeeeeeeeeeeeeeeeeeeeeeeeabccccccccccccccccccccc
eeeeeeeeeeeeeeeeeeeeeeeeeeeeabccccccccccccccccccccc
eeeeeeeeeeeeeeeeeeeeeeeeeeeeabccccccccccccccccccccc
eeeeeeeeeeeeeeeeeeeeeeeeeeeeabccccccccccccccccccccc
eeeeeeeeeeeeeeeeeeeeeeeeeeeeabccccccccccccccccccccc
eeeeeeeeeeeeeeeeeeeeeeeeeeeeabccccccccccccccccccccc
eeeeeeeeeeeeeeeeeeeeeeeeeeeeabccccccccccccccccccccc
eeeeeeeeeeeeeeeeeeeeeeeeeeeeabccccccccccccccccccccc
eeeeeeeeeeeeeeeeeeeeeeeeeeeeabccccccccccccccccccccc
eeeeeeeeeeeeeeeeeeeeeeeeeeeeabccccccccccccccccccccc
eeeeeeeeeeeeeeeeeeeeeeeeeeeeabccccccccccccccccccccc
eeeeeeeeeeeeeeeeeeeeeeeeeeeeabcccccccccccccccccccccabccccccccccccccccccccc
eeeeeeeeeeeeeeeeeeeeeeeeeeee
abccccccccccccccccccccc
eeeeeeeeeeeeeeeeeeeeeeeeeeee
abccccccccccccccccccccc
eeeeeeeeeeeeeeeeeeeeeeeeeeeeabccccccccccccccccccccc
eeeeeeeeeeeeeeeeeeeeeeeeeeeeabccccccccccccccccccccc
eeeeeeeeeeeeeeeeeeeeeeeeeeeeabccccccccccccccccccccc
eeeeeeeeeeeeeeeeeeeeeeeeeeeeabccccccccccccccccccccc
eeeeeeeeeeeeeeeeeeeeeeeeeeeeabccccccccccccccccccccc
eeeeeeeeeeeeeeeeeeeeeeeeeeeeabccccccccccccccccccccc
eeeeeeeeeeeeeeeeeeeeeeeeeeeeabccccccccccccccccccccc
eeeeeeeeeeeeeeeeeeeeeeeeeeeeabccccccccccccccccccccc
eeeeeeeeeeeeeeeeeeeeeeeeeeeeabccccccccccccccccccccc
eeeeeeeeeeeeeeeeeeeeeeeeeeeeabccccccccccccccccccccc
eeeeeeeeeeeeeeeeeeeeeeeeeeeeabccccccccccccccccccccc
eeeeeeeeeeeeeeeeeeeeeeeeeeeeabcccccccccccccccccccccabccccccccccccccccccccc
eeeeeeeeeeeeeeeeeeeeeeeeeeee
abccccccccccccccccccccc
eeeeeeeeeeeeeeeeeeeeeeeeeeee
abccccccccccccccccccccc
eeeeeeeeeeeeeeeeeeeeeeeeeeeeabccccccccccccccccccccc
eeeeeeeeeeeeeeeeeeeeeeeeeeeeabccccccccccccccccccccc
eeeeeeeeeeeeeeeeeeeeeeeeeeeeabccccccccccccccccccccc
eeeeeeeeeeeeeeeeeeeeeeeeeeeeabccccccccccccccccccccc
eeeeeeeeeeeeeeeeeeeeeeeeeeeeabccccccccccccccccccccc
eeeeeeeeeeeeeeeeeeeeeeeeeeeeabccccccccccccccccccccc
eeeeeeeeeeeeeeeeeeeeeeeeeeeeabccccccccccccccccccccc
eeeeeeeeeeeeeeeeeeeeeeeeeeeeabccccccccccccccccccccc
eeeeeeeeeeeeeeeeeeeeeeeeeeeeabccccccccccccccccccccc
eeeeeeeeeeeeeeeeeeeeeeeeeeeeabccccccccccccccccccccc
eeeeeeeeeeeeeeeeeeeeeeeeeeeeabccccccccccccccccccccc
eeeeeeeeeeeeeeeeeeeeeeeeeeeeabcccccccccccccccccccccabccccccccccccccccccccc
eeeeeeeeeeeeeeeeeeeeeeeeeeee
abccccccccccccccccccccc
eeeeeeeeeeeeeeeeeeeeeeeeeeee
abccccccccccccccccccccc
eeeeeeeeeeeeeeeeeeeeeeeeeeeeabccccccccccccccccccccc
eeeeeeeeeeeeeeeeeeeeeeeeeeeeabccccccccccccccccccccc
eeeeeeeeeeeeeeeeeeeeeeeeeeeeabccccccccccccccccccccc
eeeeeeeeeeeeeeeeeeeeeeeeeeeeabccccccccccccccccccccc
eeeeeeeeeeeeeeeeeeeeeeeeeeeeabccccccccccccccccccccc
eeeeeeeeeeeeeeeeeeeeeeeeeeeeabccccccccccccccccccccc
eeeeeeeeeeeeeeeeeeeeeeeeeeeeabccccccccccccccccccccc
eeeeeeeeeeeeeeeeeeeeeeeeeeeeabccccccccccccccccccccc
eeeeeeeeeeeeeeeeeeeeeeeeeeeeabccccccccccccccccccccc
eeeeeeeeeeeeeeeeeeeeeeeeeeeeabccccccccccccccccccccc
eeeeeeeeeeeeeeeeeeeeeeeeeeeeabccccccccccccccccccccc
eeeeeeeeeeeeeeeeeeeeeeeeeeeeabcccccccccccccccccccccabccccccccccccccccccccc
eeeeeeeeeeeeeeeeeeeeeeeeeeee
abccccccccccccccccccccc
eeeeeeeeeeeeeeeeeeeeeeeeeeee
abccccccccccccccccccccc
eeeeeeeeeeeeeeeeeeeeeeeeeeeeabccccccccccccccccccccc
eeeeeeeeeeeeeeeeeeeeeeeeeeeeabccccccccccccccccccccc
eeeeeeeeeeeeeeeeeeeeeeeeeeeeabccccccccccccccccccccc
eeeeeeeeeeeeeeeeeeeeeeeeeeeeabccccccccccccccccccccc
eeeeeeeeeeeeeeeeeeeeeeeeeeeeabccccccccccccccccccccc
eeeeeeeeeeeeeeeeeeeeeeeeeeeeabccccccccccccccccccccc
eeeeeeeeeeeeeeeeeeeeeeeeeeeeabccccccccccccccccccccc
eeeeeeeeeeeeeeeeeeeeeeeeeeeeabccccccccccccccccccccc
eeeeeeeeeeeeeeeeeeeeeeeeeeeeabccccccccccccccccccccc
eeeeeeeeeeeeeeeeeeeeeeeeeeeeabccccccccccccccccccccc
eeeeeeeeeeeeeeeeeeeeeeeeeeeeabccccccccccccccccccccc
eeeeeeeeeeeeeeeeeeeeeeeeeeeeabcccccccccccccccccccccabccccccccccccccccccccc
eeeeeeeeeeeeeeeeeeeeeeeeeeee
abccccccccccccccccccccc
eeeeeeeeeeeeeeeeeeeeeeeeeeee
abccccccccccccccccccccc
eeeeeeeeeeeeeeeeeeeeeeeeeeeeabccccccccccccccccccccc
eeeeeeeeeeeeeeeeeeeeeeeeeeeeabccccccccccccccccccccc
eeeeeeeeeeeeeeeeeeeeeeeeeeeeabccccccccccccccccccccc
eeeeeeeeeeeeeeeeeeeeeeeeeeeeabccccccccccccccccccccc
eeeeeeeeeeeeeeeeeeeeeeeeeeeeabccccccccccccccccccccc
eeeeeeeeeeeeeeeeeeeeeeeeeeeeabccccccccccccccccccccc
eeeeeeeeeeeeeeeeeeeeeeeeeeeeabccccccccccccccccccccc
eeeeeeeeeeeeeeeeeeeeeeeeeeeeabccccccccccccccccccccc
eeeeeeeeeeeeeeeeeeeeeeeeeeeeabccccccccccccccccccccc
eeeeeeeeeeeeeeeeeeeeeeeeeeeeabccccccccccccccccccccc
eeeeeeeeeeeeeeeeeeeeeeeeeeeeabccccccccccccccccccccc
eeeeeeeeeeeeeeeeeeeeeeeeeeeeabcccccccccccccccccccccabccccccccccccccccccccc
eeeeeeeeeeeeeeeeeeeeeeeeeeee
abccccccccccccccccccccc
eeeeeeeeeeeeeeeeeeeeeeeeeeee
abccccccccccccccccccccc
eeeeeeeeeeeeeeeeeeeeeeeeeeeeabccccccccccccccccccccc
eeeeeeeeeeeeeeeeeeeeeeeeeeeeabccccccccccccccccccccc
eeeeeeeeeeeeeeeeeeeeeeeeeeeeabccccccccccccccccccccc
eeeeeeeeeeeeeeeeeeeeeeeeeeeeabccccccccccccccccccccc
eeeeeeeeeeeeeeeeeeeeeeeeeeeeabccccccccccccccccccccc
eeeeeeeeeeeeeeeeeeeeeeeeeeeeabccccccccccccccccccccc
eeeeeeeeeeeeeeeeeeeeeeeeeeeeabccccccccccccccccccccc
eeeeeeeeeeeeeeeeeeeeeeeeeeeeabccccccccccccccccccccc
eeeeeeeeeeeeeeeeeeeeeeeeeeeeabccccccccccccccccccccc
eeeeeeeeeeeeeeeeeeeeeeeeeeeeabccccccccccccccccccccc
eeeeeeeeeeeeeeeeeeeeeeeeeeeeabccccccccccccccccccccc
eeeeeeeeeeeeeeeeeeeeeeeeeeeeabcccccccccccccccccccccabccccccccccccccccccccc
eeeeeeeeeeeeeeeeeeeeeeeeeeee
abccccccccccccccccccccc
eeeeeeeeeeeeeeeeeeeeeeeeeeee
abccccccccccccccccccccc
eeeeeeeeeeeeeeeeeeeeeeeeeeeeabccccccccccccccccccccc
eeeeeeeeeeeeeeeeeeeeeeeeeeeeabccccccccccccccccccccc
eeeeeeeeeeeeeeeeeeeeeeeeeeeeabccccccccccccccccccccc
eeeeeeeeeeeeeeeeeeeeeeeeeeeeabccccccccccccccccccccc
eeeeeeeeeeeeeeeeeeeeeeeeeeeeabccccccccccccccccccccc
eeeeeeeeeeeeeeeeeeeeeeeeeeeeabccccccccccccccccccccc
eeeeeeeeeeeeeeeeeeeeeeeeeeeeabccccccccccccccccccccc
eeeeeeeeeeeeeeeeeeeeeeeeeeeeabccccccccccccccccccccc
eeeeeeeeeeeeeeeeeeeeeeeeeeeeabccccccccccccccccccccc
eeeeeeeeeeeeeeeeeeeeeeeeeeeeabccccccccccccccccccccc
eeeeeeeeeeeeeeeeeeeeeeeeeeeeabccccccccccccccccccccc
eeeeeeeeeeeeeeeeeeeeeeeeeeeeabcccccccccccccccccccccabccccccccccccccccccccc
eeeeeeeeeeeeeeeeeeeeeeeeeeee
abccccccccccccccccccccc
eeeeeeeeeeeeeeeeeeeeeeeeeeee
abccccccccccccccccccccc
eeeeeeeeeeeeeeeeeeeeeeeeeeeeabccccccccccccccccccccc
eeeeeeeeeeeeeeeeeeeeeeeeeeeeabccccccccccccccccccccc
eeeeeeeeeeeeeeeeeeeeeeeeeeeeabccccccccccccccccccccc
eeeeeeeeeeeeeeeeeeeeeeeeeeeeabccccccccccccccccccccc
eeeeeeeeeeeeeeeeeeeeeeeeeeeeabccccccccccccccccccccc
eeeeeeeeeeeeeeeeeeeeeeeeeeeeabccccccccccccccccccccc
eeeeeeeeeeeeeeeeeeeeeeeeeeeeabccccccccccccccccccccc
eeeeeeeeeeeeeeeeeeeeeeeeeeeeabccccccccccccccccccccc
eeeeeeeeeeeeeeeeeeeeeeeeeeeeabccccccccccccccccccccc
eeeeeeeeeeeeeeeeeeeeeeeeeeeeabccccccccccccccccccccc
eeeeeeeeeeeeeeeeeeeeeeeeeeeeabccccccccccccccccccccc
eeeeeeeeeeeeeeeeeeeeeeeeeeeeabcccccccccccccccccccccabccccccccccccccccccccc
eeeeeeeeeeeeeeeeeeeeeeeeeeee
abccccccccccccccccccccc
eeeeeeeeeeeeeeeeeeeeeeeeeeee
abccccccccccccccccccccc
eeeeeeeeeeeeeeeeeeeeeeeeeeeeabccccccccccccccccccccc
eeeeeeeeeeeeeeeeeeeeeeeeeeeeabccccccccccccccccccccc
eeeeeeeeeeeeeeeeeeeeeeeeeeeeabccccccccccccccccccccc
eeeeeeeeeeeeeeeeeeeeeeeeeeeeabccccccccccccccccccccc
eeeeeeeeeeeeeeeeeeeeeeeeeeeeabccccccccccccccccccccc
eeeeeeeeeeeeeeeeeeeeeeeeeeeeabccccccccccccccccccccc
eeeeeeeeeeeeeeeeeeeeeeeeeeeeabccccccccccccccccccccc
eeeeeeeeeeeeeeeeeeeeeeeeeeeeabccccccccccccccccccccc
eeeeeeeeeeeeeeeeeeeeeeeeeeeeabccccccccccccccccccccc
eeeeeeeeeeeeeeeeeeeeeeeeeeeeabccccccccccccccccccccc
eeeeeeeeeeeeeeeeeeeeeeeeeeeeabccccccccccccccccccccc
eeeeeeeeeeeeeeeeeeeeeeeeeeeeabcccccccccccccccccccccabccccccccccccccccccccc
eeeeeeeeeeeeeeeeeeeeeeeeeeee
abccccccccccccccccccccc
eeeeeeeeeeeeeeeeeeeeeeeeeeee
abccccccccccccccccccccc
eeeeeeeeeeeeeeeeeeeeeeeeeeeeabccccccccccccccccccccc
eeeeeeeeeeeeeeeeeeeeeeeeeeeeabccccccccccccccccccccc
eeeeeeeeeeeeeeeeeeeeeeeeeeeeabccccccccccccccccccccc
eeeeeeeeeeeeeeeeeeeeeeeeeeeeabccccccccccccccccccccc
eeeeeeeeeeeeeeeeeeeeeeeeeeeeabccccccccccccccccccccc
eeeeeeeeeeeeeeeeeeeeeeeeeeeeabccccccccccccccccccccc
eeeeeeeeeeeeeeeeeeeeeeeeeeeeabccccccccccccccccccccc
eeeeeeeeeeeeeeeeeeeeeeeeeeeeabccccccccccccccccccccc
eeeeeeeeeeeeeeeeeeeeeeeeeeeeabccccccccccccccccccccc
eeeeeeeeeeeeeeeeeeeeeeeeeeeeabccccccccccccccccccccc
eeeeeeeeeeeeeeeeeeeeeeeeeeeeabccccccccccccccccccccc
eeeeeeeeeeeeeeeeeeeeeeeeeeeeabcccccccccccccccccccccabccccccccccccccccccccc
eeeeeeeeeeeeeeeeeeeeeeeeeeee
abccccccccccccccccccccc
eeeeeeeeeeeeeeeeeeeeeeeeeeee
abccccccccccccccccccccc
eeeeeeeeeeeeeeeeeeeeeeeeeeeeabccccccccccccccccccccc
eeeeeeeeeeeeeeeeeeeeeeeeeeeeabccccccccccccccccccccc
eeeeeeeeeeeeeeeeeeeeeeeeeeeeabccccccccccccccccccccc
eeeeeeeeeeeeeeeeeeeeeeeeeeeeabccccccccccccccccccccc
eeeeeeeeeeeeeeeeeeeeeeeeeeeeabccccccccccccccccccccc
eeeeeeeeeeeeeeeeeeeeeeeeeeeeabccccccccccccccccccccc
eeeeeeeeeeeeeeeeeeeeeeeeeeeeabccccccccccccccccccccc
eeeeeeeeeeeeeeeeeeeeeeeeeeeeabccccccccccccccccccccc
eeeeeeeeeeeeeeeeeeeeeeeeeeeeabccccccccccccccccccccc
eeeeeeeeeeeeeeeeeeeeeeeeeeeeabccccccccccccccccccccc
eeeeeeeeeeeeeeeeeeeeeeeeeeeeabccccccccccccccccccccc
eeeeeeeeeeeeeeeeeeeeeeeeeeeeabcccccccccccccccccccccabccccccccccccccccccccc
eeeeeeeeeeeeeeeeeeeeeeeeeeee
abccccccccccccccccccccc
eeeeeeeeeeeeeeeeeeeeeeeeeeee
abccccccccccccccccccccc
eeeeeeeeeeeeeeeeeeeeeeeeeeeeabccccccccccccccccccccc
eeeeeeeeeeeeeeeeeeeeeeeeeeeeabccccccccccccccccccccc
eeeeeeeeeeeeeeeeeeeeeeeeeeeeabccccccccccccccccccccc
eeeeeeeeeeeeeeeeeeeeeeeeeeeeabccccccccccccccccccccc
eeeeeeeeeeeeeeeeeeeeeeeeeeeeabccccccccccccccccccccc
eeeeeeeeeeeeeeeeeeeeeeeeeeeeabccccccccccccccccccccc
eeeeeeeeeeeeeeeeeeeeeeeeeeeeabccccccccccccccccccccc
eeeeeeeeeeeeeeeeeeeeeeeeeeeeabccccccccccccccccccccc
eeeeeeeeeeeeeeeeeeeeeeeeeeeeabccccccccccccccccccccc
eeeeeeeeeeeeeeeeeeeeeeeeeeeeabccccccccccccccccccccc
eeeeeeeeeeeeeeeeeeeeeeeeeeeeabccccccccccccccccccccc
eeeeeeeeeeeeeeeeeeeeeeeeeeeeabcccccccccccccccccccccabccccccccccccccccccccc
eeeeeeeeeeeeeeeeeeeeeeeeeeee
abccccccccccccccccccccc
eeeeeeeeeeeeeeeeeeeeeeeeeeee
abccccccccccccccccccccc
eeeeeeeeeeeeeeeeeeeeeeeeeeeeabccccccccccccccccccccc
eeeeeeeeeeeeeeeeeeeeeeeeeeeeabccccccccccccccccccccc
eeeeeeeeeeeeeeeeeeeeeeeeeeeeabccccccccccccccccccccc
eeeeeeeeeeeeeeeeeeeeeeeeeeeeabccccccccccccccccccccc
eeeeeeeeeeeeeeeeeeeeeeeeeeeeabccccccccccccccccccccc
eeeeeeeeeeeeeeeeeeeeeeeeeeeeabccccccccccccccccccccc
eeeeeeeeeeeeeeeeeeeeeeeeeeeeabccccccccccccccccccccc
eeeeeeeeeeeeeeeeeeeeeeeeeeeeabccccccccccccccccccccc
eeeeeeeeeeeeeeeeeeeeeeeeeeeeabccccccccccccccccccccc
eeeeeeeeeeeeeeeeeeeeeeeeeeeeabccccccccccccccccccccc
eeeeeeeeeeeeeeeeeeeeeeeeeeeeabccccccccccccccccccccc
eeeeeeeeeeeeeeeeeeeeeeeeeeeeabcccccccccccccccccccccabccccccccccccccccccccc
eeeeeeeeeeeeeeeeeeeeeeeeeeee
abccccccccccccccccccccc
eeeeeeeeeeeeeeeeeeeeeeeeeeee
abccccccccccccccccccccc
eeeeeeeeeeeeeeeeeeeeeeeeeeeeabccccccccccccccccccccc
eeeeeeeeeeeeeeeeeeeeeeeeeeeeabccccccccccccccccccccc
eeeeeeeeeeeeeeeeeeeeeeeeeeeeabccccccccccccccccccccc
eeeeeeeeeeeeeeeeeeeeeeeeeeeeabccccccccccccccccccccc
eeeeeeeeeeeeeeeeeeeeeeeeeeeeabccccccccccccccccccccc
eeeeeeeeeeeeeeeeeeeeeeeeeeeeabccccccccccccccccccccc
eeeeeeeeeeeeeeeeeeeeeeeeeeeeabccccccccccccccccccccc
eeeeeeeeeeeeeeeeeeeeeeeeeeeeabccccccccccccccccccccc
eeeeeeeeeeeeeeeeeeeeeeeeeeeeabccccccccccccccccccccc
eeeeeeeeeeeeeeeeeeeeeeeeeeeeabccccccccccccccccccccc
eeeeeeeeeeeeeeeeeeeeeeeeeeeeabccccccccccccccccccccc
eeeeeeeeeeeeeeeeeeeeeeeeeeeeabcccccccccccccccccccccabccccccccccccccccccccc
eeeeeeeeeeeeeeeeeeeeeeeeeeee
abccccccccccccccccccccc
eeeeeeeeeeeeeeeeeeeeeeeeeeee
abccccccccccccccccccccc
eeeeeeeeeeeeeeeeeeeeeeeeeeeeabccccccccccccccccccccc
eeeeeeeeeeeeeeeeeeeeeeeeeeeeabccccccccccccccccccccc
eeeeeeeeeeeeeeeeeeeeeeeeeeeeabccccccccccccccccccccc
eeeeeeeeeeeeeeeeeeeeeeeeeeeeabccccccccccccccccccccc
eeeeeeeeeeeeeeeeeeeeeeeeeeeeabccccccccccccccccccccc
eeeeeeeeeeeeeeeeeeeeeeeeeeeeabccccccccccccccccccccc
eeeeeeeeeeeeeeeeeeeeeeeeeeeeabccccccccccccccccccccc
eeeeeeeeeeeeeeeeeeeeeeeeeeeeabccccccccccccccccccccc
eeeeeeeeeeeeeeeeeeeeeeeeeeeeabccccccccccccccccccccc
eeeeeeeeeeeeeeeeeeeeeeeeeeeeabccccccccccccccccccccc
eeeeeeeeeeeeeeeeeeeeeeeeeeeeabccccccccccccccccccccc
eeeeeeeeeeeeeeeeeeeeeeeeeeeeabcccccccccccccccccccccabccccccccccccccccccccc
eeeeeeeeeeeeeeeeeeeeeeeeeeee
abccccccccccccccccccccc
eeeeeeeeeeeeeeeeeeeeeeeeeeee
abccccccccccccccccccccc
eeeeeeeeeeeeeeeeeeeeeeeeeeeeabccccccccccccccccccccc
eeeeeeeeeeeeeeeeeeeeeeeeeeeeabccccccccccccccccccccc
eeeeeeeeeeeeeeeeeeeeeeeeeeeeabccccccccccccccccccccc
eeeeeeeeeeeeeeeeeeeeeeeeeeeeabccccccccccccccccccccc
eeeeeeeeeeeeeeeeeeeeeeeeeeeeabccccccccccccccccccccc
eeeeeeeeeeeeeeeeeeeeeeeeeeeeabccccccccccccccccccccc
eeeeeeeeeeeeeeeeeeeeeeeeeeeeabccccccccccccccccccccc
eeeeeeeeeeeeeeeeeeeeeeeeeeeeabccccccccccccccccccccc
eeeeeeeeeeeeeeeeeeeeeeeeeeeeabccccccccccccccccccccc
eeeeeeeeeeeeeeeeeeeeeeeeeeeeabccccccccccccccccccccc
eeeeeeeeeeeeeeeeeeeeeeeeeeeeabccccccccccccccccccccc
eeeeeeeeeeeeeeeeeeeeeeeeeeeeabcccccccccccccccccccccabccccccccccccccccccccc
eeeeeeeeeeeeeeeeeeeeeeeeeeee
abccccccccccccccccccccc
eeeeeeeeeeeeeeeeeeeeeeeeeeee
abccccccccccccccccccccc
eeeeeeeeeeeeeeeeeeeeeeeeeeeeabccccccccccccccccccccc
eeeeeeeeeeeeeeeeeeeeeeeeeeeeabccccccccccccccccccccc
eeeeeeeeeeeeeeeeeeeeeeeeeeeeabccccccccccccccccccccc
eeeeeeeeeeeeeeeeeeeeeeeeeeeeabccccccccccccccccccccc
eeeeeeeeeeeeeeeeeeeeeeeeeeeeabccccccccccccccccccccc
eeeeeeeeeeeeeeeeeeeeeeeeeeeeabccccccccccccccccccccc
eeeeeeeeeeeeeeeeeeeeeeeeeeeeabccccccccccccccccccccc
eeeeeeeeeeeeeeeeeeeeeeeeeeeeabccccccccccccccccccccc
eeeeeeeeeeeeeeeeeeeeeeeeeeeeabccccccccccccccccccccc
eeeeeeeeeeeeeeeeeeeeeeeeeeeeabccccccccccccccccccccc
eeeeeeeeeeeeeeeeeeeeeeeeeeeeabccccccccccccccccccccc
eeeeeeeeeeeeeeeeeeeeeeeeeeeeabcccccccccccccccccccccabccccccccccccccccccccc
eeeeeeeeeeeeeeeeeeeeeeeeeeee
abccccccccccccccccccccc
eeeeeeeeeeeeeeeeeeeeeeeeeeee
abccccccccccccccccccccc
eeeeeeeeeeeeeeeeeeeeeeeeeeeeabccccccccccccccccccccc
eeeeeeeeeeeeeeeeeeeeeeeeeeeeabccccccccccccccccccccc
eeeeeeeeeeeeeeeeeeeeeeeeeeeeabccccccccccccccccccccc
eeeeeeeeeeeeeeeeeeeeeeeeeeeeabccccccccccccccccccccc
eeeeeeeeeeeeeeeeeeeeeeeeeeeeabccccccccccccccccccccc
eeeeeeeeeeeeeeeeeeeeeeeeeeeeabccccccccccccccccccccc
eeeeeeeeeeeeeeeeeeeeeeeeeeeeabccccccccccccccccccccc
eeeeeeeeeeeeeeeeeeeeeeeeeeeeabccccccccccccccccccccc
eeeeeeeeeeeeeeeeeeeeeeeeeeeeabccccccccccccccccccccc
eeeeeeeeeeeeeeeeeeeeeeeeeeeeabccccccccccccccccccccc
eeeeeeeeeeeeeeeeeeeeeeeeeeeeabccccccccccccccccccccc
eeeeeeeeeeeeeeeeeeeeeeeeeeeeabcccccccccccccccccccccabccccccccccccccccccccc
eeeeeeeeeeeeeeeeeeeeeeeeeeee
abccccccccccccccccccccc
eeeeeeeeeeeeeeeeeeeeeeeeeeee
abccccccccccccccccccccc
eeeeeeeeeeeeeeeeeeeeeeeeeeeeabccccccccccccccccccccc
eeeeeeeeeeeeeeeeeeeeeeeeeeeeabccccccccccccccccccccc
eeeeeeeeeeeeeeeeeeeeeeeeeeeeabccccccccccccccccccccc
eeeeeeeeeeeeeeeeeeeeeeeeeeeeabccccccccccccccccccccc
eeeeeeeeeeeeeeeeeeeeeeeeeeeeabccccccccccccccccccccc
eeeeeeeeeeeeeeeeeeeeeeeeeeeeabccccccccccccccccccccc
eeeeeeeeeeeeeeeeeeeeeeeeeeeeabccccccccccccccccccccc
eeeeeeeeeeeeeeeeeeeeeeeeeeeeabccccccccccccccccccccc
eeeeeeeeeeeeeeeeeeeeeeeeeeeeabccccccccccccccccccccc
eeeeeeeeeeeeeeeeeeeeeeeeeeeeabccccccccccccccccccccc
eeeeeeeeeeeeeeeeeeeeeeeeeeeeabccccccccccccccccccccc
eeeeeeeeeeeeeeeeeeeeeeeeeeeeabcccccccccccccccccccccabccccccccccccccccccccc
eeeeeeeeeeeeeeeeeeeeeeeeeeee
abccccccccccccccccccccc
eeeeeeeeeeeeeeeeeeeeeeeeeeee
abccccccccccccccccccccc
eeeeeeeeeeeeeeeeeeeeeeeeeeeeabccccccccccccccccccccc
eeeeeeeeeeeeeeeeeeeeeeeeeeeeabccccccccccccccccccccc
eeeeeeeeeeeeeeeeeeeeeeeeeeeeabccccccccccccccccccccc
eeeeeeeeeeeeeeeeeeeeeeeeeeeeabccccccccccccccccccccc
eeeeeeeeeeeeeeeeeeeeeeeeeeeeabccccccccccccccccccccc
eeeeeeeeeeeeeeeeeeeeeeeeeeeeabccccccccccccccccccccc
eeeeeeeeeeeeeeeeeeeeeeeeeeeeabccccccccccccccccccccc
eeeeeeeeeeeeeeeeeeeeeeeeeeeeabccccccccccccccccccccc
eeeeeeeeeeeeeeeeeeeeeeeeeeeeabccccccccccccccccccccc
eeeeeeeeeeeeeeeeeeeeeeeeeeeeabccccccccccccccccccccc
eeeeeeeeeeeeeeeeeeeeeeeeeeeeabccccccccccccccccccccc
eeeeeeeeeeeeeeeeeeeeeeeeeeeeabcccccccccccccccccccccabccccccccccccccccccccc
eeeeeeeeeeeeeeeeeeeeeeeeeeee
abccccccccccccccccccccc
eeeeeeeeeeeeeeeeeeeeeeeeeeee
abccccccccccccccccccccc
eeeeeeeeeeeeeeeeeeeeeeeeeeeeabccccccccccccccccccccc
eeeeeeeeeeeeeeeeeeeeeeeeeeeeabccccccccccccccccccccc
eeeeeeeeeeeeeeeeeeeeeeeeeeeeabccccccccccccccccccccc
eeeeeeeeeeeeeeeeeeeeeeeeeeeeabccccccccccccccccccccc
eeeeeeeeeeeeeeeeeeeeeeeeeeeeabccccccccccccccccccccc
eeeeeeeeeeeeeeeeeeeeeeeeeeeeabccccccccccccccccccccc
eeeeeeeeeeeeeeeeeeeeeeeeeeeeabccccccccccccccccccccc
eeeeeeeeeeeeeeeeeeeeeeeeeeeeabccccccccccccccccccccc
eeeeeeeeeeeeeeeeeeeeeeeeeeeeabccccccccccccccccccccc
eeeeeeeeeeeeeeeeeeeeeeeeeeeeabccccccccccccccccccccc
eeeeeeeeeeeeeeeeeeeeeeeeeeeeabccccccccccccccccccccc
eeeeeeeeeeeeeeeeeeeeeeeeeeeeabcccccccccccccccccccccabccccccccccccccccccccc
eeeeeeeeeeeeeeeeeeeeeeeeeeee
abccccccccccccccccccccc
eeeeeeeeeeeeeeeeeeeeeeeeeeee
abccccccccccccccccccccc
eeeeeeeeeeeeeeeeeeeeeeeeeeeeabccccccccccccccccccccc
eeeeeeeeeeeeeeeeeeeeeeeeeeeeabccccccccccccccccccccc
eeeeeeeeeeeeeeeeeeeeeeeeeeeeabccccccccccccccccccccc
eeeeeeeeeeeeeeeeeeeeeeeeeeeeabccccccccccccccccccccc
eeeeeeeeeeeeeeeeeeeeeeeeeeeeabccccccccccccccccccccc
eeeeeeeeeeeeeeeeeeeeeeeeeeeeabccccccccccccccccccccc
eeeeeeeeeeeeeeeeeeeeeeeeeeeeabccccccccccccccccccccc
eeeeeeeeeeeeeeeeeeeeeeeeeeeeabccccccccccccccccccccc
eeeeeeeeeeeeeeeeeeeeeeeeeeeeabccccccccccccccccccccc
eeeeeeeeeeeeeeeeeeeeeeeeeeeeabccccccccccccccccccccc
eeeeeeeeeeeeeeeeeeeeeeeeeeeeabccccccccccccccccccccc
eeeeeeeeeeeeeeeeeeeeeeeeeeeeabcccccccccccccccccccccabccccccccccccccccccccc
eeeeeeeeeeeeeeeeeeeeeeeeeeee
abccccccccccccccccccccc
eeeeeeeeeeeeeeeeeeeeeeeeeeee
abccccccccccccccccccccc
eeeeeeeeeeeeeeeeeeeeeeeeeeeeabccccccccccccccccccccc
eeeeeeeeeeeeeeeeeeeeeeeeeeeeabccccccccccccccccccccc
eeeeeeeeeeeeeeeeeeeeeeeeeeeeabccccccccccccccccccccc
eeeeeeeeeeeeeeeeeeeeeeeeeeeeabccccccccccccccccccccc
eeeeeeeeeeeeeeeeeeeeeeeeeeeeabccccccccccccccccccccc
eeeeeeeeeeeeeeeeeeeeeeeeeeeeabccccccccccccccccccccc
eeeeeeeeeeeeeeeeeeeeeeeeeeeeabccccccccccccccccccccc
eeeeeeeeeeeeeeeeeeeeeeeeeeeeabccccccccccccccccccccc
eeeeeeeeeeeeeeeeeeeeeeeeeeeeabccccccccccccccccccccc
eeeeeeeeeeeeeeeeeeeeeeeeeeeeabccccccccccccccccccccc
eeeeeeeeeeeeeeeeeeeeeeeeeeeeabccccccccccccccccccccc
eeeeeeeeeeeeeeeeeeeeeeeeeeeeabcccccccccccccccccccccabccccccccccccccccccccc
eeeeeeeeeeeeeeeeeeeeeeeeeeee
abccccccccccccccccccccc
eeeeeeeeeeeeeeeeeeeeeeeeeeee
abccccccccccccccccccccc
eeeeeeeeeeeeeeeeeeeeeeeeeeeeabccccccccccccccccccccc
eeeeeeeeeeeeeeeeeeeeeeeeeeeeabccccccccccccccccccccc
eeeeeeeeeeeeeeeeeeeeeeeeeeeeabccccccccccccccccccccc
eeeeeeeeeeeeeeeeeeeeeeeeeeeeabccccccccccccccccccccc
eeeeeeeeeeeeeeeeeeeeeeeeeeeeabccccccccccccccccccccc
eeeeeeeeeeeeeeeeeeeeeeeeeeeeabccccccccccccccccccccc
eeeeeeeeeeeeeeeeeeeeeeeeeeeeabccccccccccccccccccccc
eeeeeeeeeeeeeeeeeeeeeeeeeeeeabccccccccccccccccccccc
eeeeeeeeeeeeeeeeeeeeeeeeeeeeabccccccccccccccccccccc
eeeeeeeeeeeeeeeeeeeeeeeeeeeeabccccccccccccccccccccc
eeeeeeeeeeeeeeeeeeeeeeeeeeeeabccccccccccccccccccccc
eeeeeeeeeeeeeeeeeeeeeeeeeeeeabcccccccccccccccccccccabccccccccccccccccccccc
eeeeeeeeeeeeeeeeeeeeeeeeeeee
abccccccccccccccccccccc
eeeeeeeeeeeeeeeeeeeeeeeeeeee
abccccccccccccccccccccc
eeeeeeeeeeeeeeeeeeeeeeeeeeeeabccccccccccccccccccccc
eeeeeeeeeeeeeeeeeeeeeeeeeeeeabccccccccccccccccccccc
eeeeeeeeeeeeeeeeeeeeeeeeeeeeabccccccccccccccccccccc
eeeeeeeeeeeeeeeeeeeeeeeeeeeeabccccccccccccccccccccc
eeeeeeeeeeeeeeeeeeeeeeeeeeeeabccccccccccccccccccccc
eeeeeeeeeeeeeeeeeeeeeeeeeeeeabccccccccccccccccccccc
eeeeeeeeeeeeeeeeeeeeeeeeeeeeabccccccccccccccccccccc
eeeeeeeeeeeeeeeeeeeeeeeeeeeeabccccccccccccccccccccc
eeeeeeeeeeeeeeeeeeeeeeeeeeeeabccccccccccccccccccccc
eeeeeeeeeeeeeeeeeeeeeeeeeeeeabccccccccccccccccccccc
eeeeeeeeeeeeeeeeeeeeeeeeeeeeabccccccccccccccccccccc
eeeeeeeeeeeeeeeeeeeeeeeeeeeeabcccccccccccccccccccccabccccccccccccccccccccc
eeeeeeeeeeeeeeeeeeeeeeeeeeee
abccccccccccccccccccccc
eeeeeeeeeeeeeeeeeeeeeeeeeeee
abccccccccccccccccccccc
eeeeeeeeeeeeeeeeeeeeeeeeeeeeabccccccccccccccccccccc
eeeeeeeeeeeeeeeeeeeeeeeeeeeeabccccccccccccccccccccc
eeeeeeeeeeeeeeeeeeeeeeeeeeeeabccccccccccccccccccccc
eeeeeeeeeeeeeeeeeeeeeeeeeeeeabccccccccccccccccccccc
eeeeeeeeeeeeeeeeeeeeeeeeeeeeabccccccccccccccccccccc
eeeeeeeeeeeeeeeeeeeeeeeeeeeeabccccccccccccccccccccc
eeeeeeeeeeeeeeeeeeeeeeeeeeeeabccccccccccccccccccccc
eeeeeeeeeeeeeeeeeeeeeeeeeeeeabccccccccccccccccccccc
eeeeeeeeeeeeeeeeeeeeeeeeeeeeabccccccccccccccccccccc
eeeeeeeeeeeeeeeeeeeeeeeeeeeeabccccccccccccccccccccc
eeeeeeeeeeeeeeeeeeeeeeeeeeeeabccccccccccccccccccccc
eeeeeeeeeeeeeeeeeeeeeeeeeeeeabcccccccccccccccccccccabccccccccccccccccccccc
eeeeeeeeeeeeeeeeeeeeeeeeeeee
abccccccccccccccccccccc
eeeeeeeeeeeeeeeeeeeeeeeeeeee
abccccccccccccccccccccc
eeeeeeeeeeeeeeeeeeeeeeeeeeeeabccccccccccccccccccccc
eeeeeeeeeeeeeeeeeeeeeeeeeeeeabccccccccccccccccccccc
eeeeeeeeeeeeeeeeeeeeeeeeeeeeabccccccccccccccccccccc
eeeeeeeeeeeeeeeeeeeeeeeeeeeeabccccccccccccccccccccc
eeeeeeeeeeeeeeeeeeeeeeeeeeeeabccccccccccccccccccccc
eeeeeeeeeeeeeeeeeeeeeeeeeeeeabccccccccccccccccccccc
eeeeeeeeeeeeeeeeeeeeeeeeeeeeabccccccccccccccccccccc
eeeeeeeeeeeeeeeeeeeeeeeeeeeeabccccccccccccccccccccc
eeeeeeeeeeeeeeeeeeeeeeeeeeeeabccccccccccccccccccccc
eeeeeeeeeeeeeeeeeeeeeeeeeeeeabccccccccccccccccccccc
eeeeeeeeeeeeeeeeeeeeeeeeeeeeabccccccccccccccccccccc
eeeeeeeeeeeeeeeeeeeeeeeeeeeeabcccccccccccccccccccccabccccccccccccccccccccc
eeeeeeeeeeeeeeeeeeeeeeeeeeee
abccccccccccccccccccccc
eeeeeeeeeeeeeeeeeeeeeeeeeeee
abccccccccccccccccccccc
eeeeeeeeeeeeeeeeeeeeeeeeeeeeabccccccccccccccccccccc
eeeeeeeeeeeeeeeeeeeeeeeeeeeeabccccccccccccccccccccc
eeeeeeeeeeeeeeeeeeeeeeeeeeeeabccccccccccccccccccccc
eeeeeeeeeeeeeeeeeeeeeeeeeeeeabccccccccccccccccccccc
eeeeeeeeeeeeeeeeeeeeeeeeeeeeabccccccccccccccccccccc
eeeeeeeeeeeeeeeeeeeeeeeeeeeeabccccccccccccccccccccc
eeeeeeeeeeeeeeeeeeeeeeeeeeeeabccccccccccccccccccccc
eeeeeeeeeeeeeeeeeeeeeeeeeeeeabccccccccccccccccccccc
eeeeeeeeeeeeeeeeeeeeeeeeeeeeabccccccccccccccccccccc
eeeeeeeeeeeeeeeeeeeeeeeeeeeeabccccccccccccccccccccc
eeeeeeeeeeeeeeeeeeeeeeeeeeeeabccccccccccccccccccccc
eeeeeeeeeeeeeeeeeeeeeeeeeeeeabcccccccccccccccccccccabccccccccccccccccccccc
eeeeeeeeeeeeeeeeeeeeeeeeeeee
abccccccccccccccccccccc
eeeeeeeeeeeeeeeeeeeeeeeeeeee
abccccccccccccccccccccc
eeeeeeeeeeeeeeeeeeeeeeeeeeeeabccccccccccccccccccccc
eeeeeeeeeeeeeeeeeeeeeeeeeeeeabccccccccccccccccccccc
eeeeeeeeeeeeeeeeeeeeeeeeeeeeabccccccccccccccccccccc
eeeeeeeeeeeeeeeeeeeeeeeeeeeeabccccccccccccccccccccc
eeeeeeeeeeeeeeeeeeeeeeeeeeeeabccccccccccccccccccccc
eeeeeeeeeeeeeeeeeeeeeeeeeeeeabccccccccccccccccccccc
eeeeeeeeeeeeeeeeeeeeeeeeeeeeabccccccccccccccccccccc
eeeeeeeeeeeeeeeeeeeeeeeeeeeeabccccccccccccccccccccc
eeeeeeeeeeeeeeeeeeeeeeeeeeeeabccccccccccccccccccccc
eeeeeeeeeeeeeeeeeeeeeeeeeeeeabccccccccccccccccccccc
eeeeeeeeeeeeeeeeeeeeeeeeeeeeabccccccccccccccccccccc
eeeeeeeeeeeeeeeeeeeeeeeeeeeeabcccccccccccccccccccccabccccccccccccccccccccc
eeeeeeeeeeeeeeeeeeeeeeeeeeee
abccccccccccccccccccccc
eeeeeeeeeeeeeeeeeeeeeeeeeeee
abccccccccccccccccccccc
eeeeeeeeeeeeeeeeeeeeeeeeeeeeabccccccccccccccccccccc
eeeeeeeeeeeeeeeeeeeeeeeeeeeeabccccccccccccccccccccc
eeeeeeeeeeeeeeeeeeeeeeeeeeeeabccccccccccccccccccccc
eeeeeeeeeeeeeeeeeeeeeeeeeeeeabccccccccccccccccccccc
eeeeeeeeeeeeeeeeeeeeeeeeeeeeabccccccccccccccccccccc
eeeeeeeeeeeeeeeeeeeeeeeeeeeeabccccccccccccccccccccc
eeeeeeeeeeeeeeeeeeeeeeeeeeeeabccccccccccccccccccccc
eeeeeeeeeeeeeeeeeeeeeeeeeeeeabccccccccccccccccccccc
eeeeeeeeeeeeeeeeeeeeeeeeeeeeabccccccccccccccccccccc
eeeeeeeeeeeeeeeeeeeeeeeeeeeeabccccccccccccccccccccc
eeeeeeeeeeeeeeeeeeeeeeeeeeeeabccccccccccccccccccccc
eeeeeeeeeeeeeeeeeeeeeeeeeeeeabcccccccccccccccccccccabccccccccccccccccccccc
eeeeeeeeeeeeeeeeeeeeeeeeeeee
abccccccccccccccccccccc
eeeeeeeeeeeeeeeeeeeeeeeeeeee
abccccccccccccccccccccc
eeeeeeeeeeeeeeeeeeeeeeeeeeeeabccccccccccccccccccccc
eeeeeeeeeeeeeeeeeeeeeeeeeeeeabccccccccccccccccccccc
eeeeeeeeeeeeeeeeeeeeeeeeeeeeabccccccccccccccccccccc
eeeeeeeeeeeeeeeeeeeeeeeeeeeeabccccccccccccccccccccc
eeeeeeeeeeeeeeeeeeeeeeeeeeeeabccccccccccccccccccccc
eeeeeeeeeeeeeeeeeeeeeeeeeeeeabccccccccccccccccccccc
eeeeeeeeeeeeeeeeeeeeeeeeeeeeabccccccccccccccccccccc
eeeeeeeeeeeeeeeeeeeeeeeeeeeeabccccccccccccccccccccc
eeeeeeeeeeeeeeeeeeeeeeeeeeeeabccccccccccccccccccccc
eeeeeeeeeeeeeeeeeeeeeeeeeeeeabccccccccccccccccccccc
eeeeeeeeeeeeeeeeeeeeeeeeeeeeabccccccccccccccccccccc
eeeeeeeeeeeeeeeeeeeeeeeeeeeeabcccccccccccccccccccccabccccccccccccccccccccc
eeeeeeeeeeeeeeeeeeeeeeeeeeee
abccccccccccccccccccccc
eeeeeeeeeeeeeeeeeeeeeeeeeeee
abccccccccccccccccccccc
eeeeeeeeeeeeeeeeeeeeeeeeeeeeabccccccccccccccccccccc
eeeeeeeeeeeeeeeeeeeeeeeeeeeeabccccccccccccccccccccc
eeeeeeeeeeeeeeeeeeeeeeeeeeeeabccccccccccccccccccccc
eeeeeeeeeeeeeeeeeeeeeeeeeeeeabccccccccccccccccccccc
eeeeeeeeeeeeeeeeeeeeeeeeeeeeabccccccccccccccccccccc
eeeeeeeeeeeeeeeeeeeeeeeeeeeeabccccccccccccccccccccc
eeeeeeeeeeeeeeeeeeeeeeeeeeeeabccccccccccccccccccccc
eeeeeeeeeeeeeeeeeeeeeeeeeeeeabccccccccccccccccccccc
eeeeeeeeeeeeeeeeeeeeeeeeeeeeabccccccccccccccccccccc
eeeeeeeeeeeeeeeeeeeeeeeeeeeeabccccccccccccccccccccc
eeeeeeeeeeeeeeeeeeeeeeeeeeeeabccccccccccccccccccccc
eeeeeeeeeeeeeeeeeeeeeeeeeeeeabcccccccccccccccccccccabccccccccccccccccccccc
eeeeeeeeeeeeeeeeeeeeeeeeeeee
abccccccccccccccccccccc
eeeeeeeeeeeeeeeeeeeeeeeeeeee
abccccccccccccccccccccc
eeeeeeeeeeeeeeeeeeeeeeeeeeeeabccccccccccccccccccccc
eeeeeeeeeeeeeeeeeeeeeeeeeeeeabccccccccccccccccccccc
eeeeeeeeeeeeeeeeeeeeeeeeeeeeabccccccccccccccccccccc
eeeeeeeeeeeeeeeeeeeeeeeeeeeeabccccccccccccccccccccc
eeeeeeeeeeeeeeeeeeeeeeeeeeeeabccccccccccccccccccccc
eeeeeeeeeeeeeeeeeeeeeeeeeeeeabccccccccccccccccccccc
eeeeeeeeeeeeeeeeeeeeeeeeeeeeabccccccccccccccccccccc
eeeeeeeeeeeeeeeeeeeeeeeeeeeeabccccccccccccccccccccc
eeeeeeeeeeeeeeeeeeeeeeeeeeeeabccccccccccccccccccccc
eeeeeeeeeeeeeeeeeeeeeeeeeeeeabccccccccccccccccccccc
eeeeeeeeeeeeeeeeeeeeeeeeeeeeabccccccccccccccccccccc
eeeeeeeeeeeeeeeeeeeeeeeeeeeeabcccccccccccccccccccccabccccccccccccccccccccc
eeeeeeeeeeeeeeeeeeeeeeeeeeee
abccccccccccccccccccccc
eeeeeeeeeeeeeeeeeeeeeeeeeeee
abccccccccccccccccccccc
eeeeeeeeeeeeeeeeeeeeeeeeeeeeabccccccccccccccccccccc
eeeeeeeeeeeeeeeeeeeeeeeeeeeeabccccccccccccccccccccc
eeeeeeeeeeeeeeeeeeeeeeeeeeeeabccccccccccccccccccccc
eeeeeeeeeeeeeeeeeeeeeeeeeeeeabccccccccccccccccccccc
eeeeeeeeeeeeeeeeeeeeeeeeeeeeabccccccccccccccccccccc
eeeeeeeeeeeeeeeeeeeeeeeeeeeeabccccccccccccccccccccc
eeeeeeeeeeeeeeeeeeeeeeeeeeeeabccccccccccccccccccccc
eeeeeeeeeeeeeeeeeeeeeeeeeeeeabccccccccccccccccccccc
eeeeeeeeeeeeeeeeeeeeeeeeeeeeabccccccccccccccccccccc
eeeeeeeeeeeeeeeeeeeeeeeeeeeeabccccccccccccccccccccc
eeeeeeeeeeeeeeeeeeeeeeeeeeeeabccccccccccccccccccccc
eeeeeeeeeeeeeeeeeeeeeeeeeeeeabcccccccccccccccccccccabccccccccccccccccccccc
eeeeeeeeeeeeeeeeeeeeeeeeeeee
abccccccccccccccccccccc
eeeeeeeeeeeeeeeeeeeeeeeeeeee
abccccccccccccccccccccc
eeeeeeeeeeeeeeeeeeeeeeeeeeeeabccccccccccccccccccccc
eeeeeeeeeeeeeeeeeeeeeeeeeeeeabccccccccccccccccccccc
eeeeeeeeeeeeeeeeeeeeeeeeeeeeabccccccccccccccccccccc
eeeeeeeeeeeeeeeeeeeeeeeeeeeeabccccccccccccccccccccc
eeeeeeeeeeeeeeeeeeeeeeeeeeeeabccccccccccccccccccccc
eeeeeeeeeeeeeeeeeeeeeeeeeeeeabccccccccccccccccccccc
eeeeeeeeeeeeeeeeeeeeeeeeeeeeabccccccccccccccccccccc
eeeeeeeeeeeeeeeeeeeeeeeeeeeeabccccccccccccccccccccc
eeeeeeeeeeeeeeeeeeeeeeeeeeeeabccccccccccccccccccccc
eeeeeeeeeeeeeeeeeeeeeeeeeeeeabccccccccccccccccccccc
eeeeeeeeeeeeeeeeeeeeeeeeeeeeabccccccccccccccccccccc
eeeeeeeeeeeeeeeeeeeeeeeeeeeeabcccccccccccccccccccccabccccccccccccccccccccc
eeeeeeeeeeeeeeeeeeeeeeeeeeee
abccccccccccccccccccccc
eeeeeeeeeeeeeeeeeeeeeeeeeeee
abccccccccccccccccccccc
eeeeeeeeeeeeeeeeeeeeeeeeeeeeabccccccccccccccccccccc
eeeeeeeeeeeeeeeeeeeeeeeeeeeeabccccccccccccccccccccc
eeeeeeeeeeeeeeeeeeeeeeeeeeeeabccccccccccccccccccccc
eeeeeeeeeeeeeeeeeeeeeeeeeeeeabccccccccccccccccccccc
eeeeeeeeeeeeeeeeeeeeeeeeeeeeabccccccccccccccccccccc
eeeeeeeeeeeeeeeeeeeeeeeeeeeeabccccccccccccccccccccc
eeeeeeeeeeeeeeeeeeeeeeeeeeeeabccccccccccccccccccccc
eeeeeeeeeeeeeeeeeeeeeeeeeeeeabccccccccccccccccccccc
eeeeeeeeeeeeeeeeeeeeeeeeeeeeabccccccccccccccccccccc
eeeeeeeeeeeeeeeeeeeeeeeeeeeeabccccccccccccccccccccc
eeeeeeeeeeeeeeeeeeeeeeeeeeeeabccccccccccccccccccccc
eeeeeeeeeeeeeeeeeeeeeeeeeeeeabcccccccccccccccccccccabccccccccccccccccccccc
eeeeeeeeeeeeeeeeeeeeeeeeeeee
abccccccccccccccccccccc
eeeeeeeeeeeeeeeeeeeeeeeeeeee
abccccccccccccccccccccc
eeeeeeeeeeeeeeeeeeeeeeeeeeeeabccccccccccccccccccccc
eeeeeeeeeeeeeeeeeeeeeeeeeeeeabccccccccccccccccccccc
eeeeeeeeeeeeeeeeeeeeeeeeeeeeabccccccccccccccccccccc
eeeeeeeeeeeeeeeeeeeeeeeeeeeeabccccccccccccccccccccc
eeeeeeeeeeeeeeeeeeeeeeeeeeeeabccccccccccccccccccccc
eeeeeeeeeeeeeeeeeeeeeeeeeeeeabccccccccccccccccccccc
eeeeeeeeeeeeeeeeeeeeeeeeeeeeabccccccccccccccccccccc
eeeeeeeeeeeeeeeeeeeeeeeeeeeeabccccccccccccccccccccc
eeeeeeeeeeeeeeeeeeeeeeeeeeeeabccccccccccccccccccccc
eeeeeeeeeeeeeeeeeeeeeeeeeeeeabccccccccccccccccccccc
eeeeeeeeeeeeeeeeeeeeeeeeeeeeabccccccccccccccccccccc
eeeeeeeeeeeeeeeeeeeeeeeeeeeeabcccccccccccccccccccccabccccccccccccccccccccc
eeeeeeeeeeeeeeeeeeeeeeeeeeee
abccccccccccccccccccccc
eeeeeeeeeeeeeeeeeeeeeeeeeeee
abccccccccccccccccccccc
eeeeeeeeeeeeeeeeeeeeeeeeeeeeabccccccccccccccccccccc
eeeeeeeeeeeeeeeeeeeeeeeeeeeeabccccccccccccccccccccc
eeeeeeeeeeeeeeeeeeeeeeeeeeeeabccccccccccccccccccccc
eeeeeeeeeeeeeeeeeeeeeeeeeeeeabccccccccccccccccccccc
eeeeeeeeeeeeeeeeeeeeeeeeeeeeabccccccccccccccccccccc
eeeeeeeeeeeeeeeeeeeeeeeeeeeeabccccccccccccccccccccc
eeeeeeeeeeeeeeeeeeeeeeeeeeeeabccccccccccccccccccccc
eeeeeeeeeeeeeeeeeeeeeeeeeeeeabccccccccccccccccccccc
eeeeeeeeeeeeeeeeeeeeeeeeeeeeabccccccccccccccccccccc
eeeeeeeeeeeeeeeeeeeeeeeeeeeeabccccccccccccccccccccc
eeeeeeeeeeeeeeeeeeeeeeeeeeeeabccccccccccccccccccccc
eeeeeeeeeeeeeeeeeeeeeeeeeeeeabcccccccccccccccccccccabccccccccccccccccccccc
eeeeeeeeeeeeeeeeeeeeeeeeeeee
abccccccccccccccccccccc
eeeeeeeeeeeeeeeeeeeeeeeeeeee
abccccccccccccccccccccc
eeeeeeeeeeeeeeeeeeeeeeeeeeeeabccccccccccccccccccccc
eeeeeeeeeeeeeeeeeeeeeeeeeeeeabccccccccccccccccccccc
eeeeeeeeeeeeeeeeeeeeeeeeeeeeabccccccccccccccccccccc
eeeeeeeeeeeeeeeeeeeeeeeeeeeeabccccccccccccccccccccc
eeeeeeeeeeeeeeeeeeeeeeeeeeeeabccccccccccccccccccccc
eeeeeeeeeeeeeeeeeeeeeeeeeeeeabccccccccccccccccccccc
eeeeeeeeeeeeeeeeeeeeeeeeeeeeabccccccccccccccccccccc
eeeeeeeeeeeeeeeeeeeeeeeeeeeeabccccccccccccccccccccc
eeeeeeeeeeeeeeeeeeeeeeeeeeeeabccccccccccccccccccccc
eeeeeeeeeeeeeeeeeeeeeeeeeeeeabccccccccccccccccccccc
eeeeeeeeeeeeeeeeeeeeeeeeeeeeabccccccccccccccccccccc
eeeeeeeeeeeeeeeeeeeeeeeeeeeeabcccccccccccccccccccccabccccccccccccccccccccc
eeeeeeeeeeeeeeeeeeeeeeeeeeee
abccccccccccccccccccccc
eeeeeeeeeeeeeeeeeeeeeeeeeeee
abccccccccccccccccccccc
eeeeeeeeeeeeeeeeeeeeeeeeeeeeabccccccccccccccccccccc
eeeeeeeeeeeeeeeeeeeeeeeeeeeeabccccccccccccccccccccc
eeeeeeeeeeeeeeeeeeeeeeeeeeeeabccccccccccccccccccccc
eeeeeeeeeeeeeeeeeeeeeeeeeeeeabccccccccccccccccccccc
eeeeeeeeeeeeeeeeeeeeeeeeeeeeabccccccccccccccccccccc
eeeeeeeeeeeeeeeeeeeeeeeeeeeeabccccccccccccccccccccc
eeeeeeeeeeeeeeeeeeeeeeeeeeeeabccccccccccccccccccccc
eeeeeeeeeeeeeeeeeeeeeeeeeeeeabccccccccccccccccccccc
eeeeeeeeeeeeeeeeeeeeeeeeeeeeabccccccccccccccccccccc
eeeeeeeeeeeeeeeeeeeeeeeeeeeeabccccccccccccccccccccc
eeeeeeeeeeeeeeeeeeeeeeeeeeeeabccccccccccccccccccccc
eeeeeeeeeeeeeeeeeeeeeeeeeeeeabcccccccccccccccccccccabccccccccccccccccccccc
eeeeeeeeeeeeeeeeeeeeeeeeeeee
abccccccccccccccccccccc
eeeeeeeeeeeeeeeeeeeeeeeeeeee
abccccccccccccccccccccc
eeeeeeeeeeeeeeeeeeeeeeeeeeeeabccccccccccccccccccccc
eeeeeeeeeeeeeeeeeeeeeeeeeeeeabccccccccccccccccccccc
eeeeeeeeeeeeeeeeeeeeeeeeeeeeabccccccccccccccccccccc
eeeeeeeeeeeeeeeeeeeeeeeeeeeeabccccccccccccccccccccc
eeeeeeeeeeeeeeeeeeeeeeeeeeeeabccccccccccccccccccccc
eeeeeeeeeeeeeeeeeeeeeeeeeeeeabccccccccccccccccccccc
eeeeeeeeeeeeeeeeeeeeeeeeeeeeabccccccccccccccccccccc
eeeeeeeeeeeeeeeeeeeeeeeeeeeeabccccccccccccccccccccc
eeeeeeeeeeeeeeeeeeeeeeeeeeeeabccccccccccccccccccccc
eeeeeeeeeeeeeeeeeeeeeeeeeeeeabccccccccccccccccccccc
eeeeeeeeeeeeeeeeeeeeeeeeeeeeabccccccccccccccccccccc
eeeeeeeeeeeeeeeeeeeeeeeeeeeeabcccccccccccccccccccccabccccccccccccccccccccc
eeeeeeeeeeeeeeeeeeeeeeeeeeee
abccccccccccccccccccccc
eeeeeeeeeeeeeeeeeeeeeeeeeeee
abccccccccccccccccccccc
eeeeeeeeeeeeeeeeeeeeeeeeeeeeabccccccccccccccccccccc
eeeeeeeeeeeeeeeeeeeeeeeeeeeeabccccccccccccccccccccc
eeeeeeeeeeeeeeeeeeeeeeeeeeeeabccccccccccccccccccccc
eeeeeeeeeeeeeeeeeeeeeeeeeeeeabccccccccccccccccccccc
eeeeeeeeeeeeeeeeeeeeeeeeeeeeabccccccccccccccccccccc
eeeeeeeeeeeeeeeeeeeeeeeeeeeeabccccccccccccccccccccc
eeeeeeeeeeeeeeeeeeeeeeeeeeeeabccccccccccccccccccccc
eeeeeeeeeeeeeeeeeeeeeeeeeeeeabccccccccccccccccccccc
eeeeeeeeeeeeeeeeeeeeeeeeeeeeabccccccccccccccccccccc
eeeeeeeeeeeeeeeeeeeeeeeeeeeeabccccccccccccccccccccc
eeeeeeeeeeeeeeeeeeeeeeeeeeeeabccccccccccccccccccccc
eeeeeeeeeeeeeeeeeeeeeeeeeeeeabcccccccccccccccccccccabccccccccccccccccccccc
eeeeeeeeeeeeeeeeeeeeeeeeeeee
abccccccccccccccccccccc
eeeeeeeeeeeeeeeeeeeeeeeeeeee
abccccccccccccccccccccc
eeeeeeeeeeeeeeeeeeeeeeeeeeeeabccccccccccccccccccccc
eeeeeeeeeeeeeeeeeeeeeeeeeeeeabccccccccccccccccccccc
eeeeeeeeeeeeeeeeeeeeeeeeeeeeabccccccccccccccccccccc
eeeeeeeeeeeeeeeeeeeeeeeeeeeeabccccccccccccccccccccc
eeeeeeeeeeeeeeeeeeeeeeeeeeeeabccccccccccccccccccccc
eeeeeeeeeeeeeeeeeeeeeeeeeeeeabccccccccccccccccccccc
eeeeeeeeeeeeeeeeeeeeeeeeeeeeabccccccccccccccccccccc
eeeeeeeeeeeeeeeeeeeeeeeeeeeeabccccccccccccccccccccc
eeeeeeeeeeeeeeeeeeeeeeeeeeeeabccccccccccccccccccccc
eeeeeeeeeeeeeeeeeeeeeeeeeeeeabccccccccccccccccccccc
eeeeeeeeeeeeeeeeeeeeeeeeeeeeabccccccccccccccccccccc
eeeeeeeeeeeeeeeeeeeeeeeeeeeeabcccccccccccccccccccccabccccccccccccccccccccc
eeeeeeeeeeeeeeeeeeeeeeeeeeee
abccccccccccccccccccccc
eeeeeeeeeeeeeeeeeeeeeeeeeeee
abccccccccccccccccccccc
eeeeeeeeeeeeeeeeeeeeeeeeeeeeabccccccccccccccccccccc
eeeeeeeeeeeeeeeeeeeeeeeeeeeeabccccccccccccccccccccc
eeeeeeeeeeeeeeeeeeeeeeeeeeeeabccccccccccccccccccccc
eeeeeeeeeeeeeeeeeeeeeeeeeeeeabccccccccccccccccccccc
eeeeeeeeeeeeeeeeeeeeeeeeeeeeabccccccccccccccccccccc
eeeeeeeeeeeeeeeeeeeeeeeeeeeeabccccccccccccccccccccc
eeeeeeeeeeeeeeeeeeeeeeeeeeeeabccccccccccccccccccccc
eeeeeeeeeeeeeeeeeeeeeeeeeeeeabccccccccccccccccccccc
eeeeeeeeeeeeeeeeeeeeeeeeeeeeabccccccccccccccccccccc
eeeeeeeeeeeeeeeeeeeeeeeeeeeeabccccccccccccccccccccc
eeeeeeeeeeeeeeeeeeeeeeeeeeeeabccccccccccccccccccccc
eeeeeeeeeeeeeeeeeeeeeeeeeeeeabcccccccccccccccccccccabccccccccccccccccccccc
eeeeeeeeeeeeeeeeeeeeeeeeeeee
abccccccccccccccccccccc
eeeeeeeeeeeeeeeeeeeeeeeeeeee
abccccccccccccccccccccc
eeeeeeeeeeeeeeeeeeeeeeeeeeeeabccccccccccccccccccccc
eeeeeeeeeeeeeeeeeeeeeeeeeeeeabccccccccccccccccccccc
eeeeeeeeeeeeeeeeeeeeeeeeeeeeabccccccccccccccccccccc
eeeeeeeeeeeeeeeeeeeeeeeeeeeeabccccccccccccccccccccc
eeeeeeeeeeeeeeeeeeeeeeeeeeeeabccccccccccccccccccccc
eeeeeeeeeeeeeeeeeeeeeeeeeeeeabccccccccccccccccccccc
eeeeeeeeeeeeeeeeeeeeeeeeeeeeabccccccccccccccccccccc
eeeeeeeeeeeeeeeeeeeeeeeeeeeeabccccccccccccccccccccc
eeeeeeeeeeeeeeeeeeeeeeeeeeeeabccccccccccccccccccccc
eeeeeeeeeeeeeeeeeeeeeeeeeeeeabccccccccccccccccccccc
eeeeeeeeeeeeeeeeeeeeeeeeeeeeabccccccccccccccccccccc
eeeeeeeeeeeeeeeeeeeeeeeeeeeeabcccccccccccccccccccccabccccccccccccccccccccc
eeeeeeeeeeeeeeeeeeeeeeeeeeee
abccccccccccccccccccccc
eeeeeeeeeeeeeeeeeeeeeeeeeeee
abccccccccccccccccccccc
eeeeeeeeeeeeeeeeeeeeeeeeeeeeabccccccccccccccccccccc
eeeeeeeeeeeeeeeeeeeeeeeeeeeeabccccccccccccccccccccc
eeeeeeeeeeeeeeeeeeeeeeeeeeeeabccccccccccccccccccccc
eeeeeeeeeeeeeeeeeeeeeeeeeeeeabccccccccccccccccccccc
eeeeeeeeeeeeeeeeeeeeeeeeeeeeabccccccccccccccccccccc
eeeeeeeeeeeeeeeeeeeeeeeeeeeeabccccccccccccccccccccc
eeeeeeeeeeeeeeeeeeeeeeeeeeeeabccccccccccccccccccccc
eeeeeeeeeeeeeeeeeeeeeeeeeeeeabccccccccccccccccccccc
eeeeeeeeeeeeeeeeeeeeeeeeeeeeabccccccccccccccccccccc
eeeeeeeeeeeeeeeeeeeeeeeeeeeeabccccccccccccccccccccc
eeeeeeeeeeeeeeeeeeeeeeeeeeeeabccccccccccccccccccccc
eeeeeeeeeeeeeeeeeeeeeeeeeeeeabcccccccccccccccccccccabccccccccccccccccccccc
eeeeeeeeeeeeeeeeeeeeeeeeeeee
abccccccccccccccccccccc
eeeeeeeeeeeeeeeeeeeeeeeeeeee
abccccccccccccccccccccc
eeeeeeeeeeeeeeeeeeeeeeeeeeeeabccccccccccccccccccccc
eeeeeeeeeeeeeeeeeeeeeeeeeeeeabccccccccccccccccccccc
eeeeeeeeeeeeeeeeeeeeeeeeeeeeabccccccccccccccccccccc
eeeeeeeeeeeeeeeeeeeeeeeeeeeeabccccccccccccccccccccc
eeeeeeeeeeeeeeeeeeeeeeeeeeeeabccccccccccccccccccccc
eeeeeeeeeeeeeeeeeeeeeeeeeeeeabccccccccccccccccccccc
eeeeeeeeeeeeeeeeeeeeeeeeeeeeabccccccccccccccccccccc
eeeeeeeeeeeeeeeeeeeeeeeeeeeeabccccccccccccccccccccc
eeeeeeeeeeeeeeeeeeeeeeeeeeeeabccccccccccccccccccccc
eeeeeeeeeeeeeeeeeeeeeeeeeeeeabccccccccccccccccccccc
eeeeeeeeeeeeeeeeeeeeeeeeeeeeabccccccccccccccccccccc
eeeeeeeeeeeeeeeeeeeeeeeeeeeeabcccccccccccccccccccccabccccccccccccccccccccc
eeeeeeeeeeeeeeeeeeeeeeeeeeee
abccccccccccccccccccccc
eeeeeeeeeeeeeeeeeeeeeeeeeeee
abccccccccccccccccccccc
eeeeeeeeeeeeeeeeeeeeeeeeeeeeabccccccccccccccccccccc
eeeeeeeeeeeeeeeeeeeeeeeeeeeeabccccccccccccccccccccc
eeeeeeeeeeeeeeeeeeeeeeeeeeeeabccccccccccccccccccccc
eeeeeeeeeeeeeeeeeeeeeeeeeeeeabccccccccccccccccccccc
eeeeeeeeeeeeeeeeeeeeeeeeeeeeabccccccccccccccccccccc
eeeeeeeeeeeeeeeeeeeeeeeeeeeeabccccccccccccccccccccc
eeeeeeeeeeeeeeeeeeeeeeeeeeeeabccccccccccccccccccccc
eeeeeeeeeeeeeeeeeeeeeeeeeeeeabccccccccccccccccccccc
eeeeeeeeeeeeeeeeeeeeeeeeeeeeabccccccccccccccccccccc
eeeeeeeeeeeeeeeeeeeeeeeeeeeeabccccccccccccccccccccc
eeeeeeeeeeeeeeeeeeeeeeeeeeeeabccccccccccccccccccccc
eeeeeeeeeeeeeeeeeeeeeeeeeeeeabcccccccccccccccccccccabccccccccccccccccccccc
eeeeeeeeeeeeeeeeeeeeeeeeeeee
abccccccccccccccccccccc
eeeeeeeeeeeeeeeeeeeeeeeeeeee
abccccccccccccccccccccc
eeeeeeeeeeeeeeeeeeeeeeeeeeeeabccccccccccccccccccccc
eeeeeeeeeeeeeeeeeeeeeeeeeeeeabccccccccccccccccccccc
eeeeeeeeeeeeeeeeeeeeeeeeeeeeabccccccccccccccccccccc
eeeeeeeeeeeeeeeeeeeeeeeeeeeeabccccccccccccccccccccc
eeeeeeeeeeeeeeeeeeeeeeeeeeeeabccccccccccccccccccccc
eeeeeeeeeeeeeeeeeeeeeeeeeeeeabccccccccccccccccccccc
eeeeeeeeeeeeeeeeeeeeeeeeeeeeabccccccccccccccccccccc
eeeeeeeeeeeeeeeeeeeeeeeeeeeeabccccccccccccccccccccc
eeeeeeeeeeeeeeeeeeeeeeeeeeeeabccccccccccccccccccccc
eeeeeeeeeeeeeeeeeeeeeeeeeeeeabccccccccccccccccccccc
eeeeeeeeeeeeeeeeeeeeeeeeeeeeabccccccccccccccccccccc
eeeeeeeeeeeeeeeeeeeeeeeeeeeeabcccccccccccccccccccccabccccccccccccccccccccc
eeeeeeeeeeeeeeeeeeeeeeeeeeee
abccccccccccccccccccccc
eeeeeeeeeeeeeeeeeeeeeeeeeeee
abccccccccccccccccccccc
eeeeeeeeeeeeeeeeeeeeeeeeeeeeabccccccccccccccccccccc
eeeeeeeeeeeeeeeeeeeeeeeeeeeeabccccccccccccccccccccc
eeeeeeeeeeeeeeeeeeeeeeeeeeeeabccccccccccccccccccccc
eeeeeeeeeeeeeeeeeeeeeeeeeeeeabccccccccccccccccccccc
eeeeeeeeeeeeeeeeeeeeeeeeeeeeabccccccccccccccccccccc
eeeeeeeeeeeeeeeeeeeeeeeeeeeeabccccccccccccccccccccc
eeeeeeeeeeeeeeeeeeeeeeeeeeeeabccccccccccccccccccccc
eeeeeeeeeeeeeeeeeeeeeeeeeeeeabccccccccccccccccccccc
eeeeeeeeeeeeeeeeeeeeeeeeeeeeabccccccccccccccccccccc
eeeeeeeeeeeeeeeeeeeeeeeeeeeeabccccccccccccccccccccc
eeeeeeeeeeeeeeeeeeeeeeeeeeeeabccccccccccccccccccccc
eeeeeeeeeeeeeeeeeeeeeeeeeeeeabcccccccccccccccccccccabccccccccccccccccccccc
eeeeeeeeeeeeeeeeeeeeeeeeeeee
abccccccccccccccccccccc
eeeeeeeeeeeeeeeeeeeeeeeeeeee
abccccccccccccccccccccc
eeeeeeeeeeeeeeeeeeeeeeeeeeeeabccccccccccccccccccccc
eeeeeeeeeeeeeeeeeeeeeeeeeeeeabccccccccccccccccccccc
eeeeeeeeeeeeeeeeeeeeeeeeeeeeabccccccccccccccccccccc
eeeeeeeeeeeeeeeeeeeeeeeeeeeeabccccccccccccccccccccc
eeeeeeeeeeeeeeeeeeeeeeeeeeeeabccccccccccccccccccccc
eeeeeeeeeeeeeeeeeeeeeeeeeeeeabccccccccccccccccccccc
eeeeeeeeeeeeeeeeeeeeeeeeeeeeabccccccccccccccccccccc
eeeeeeeeeeeeeeeeeeeeeeeeeeeeabccccccccccccccccccccc
eeeeeeeeeeeeeeeeeeeeeeeeeeeeabccccccccccccccccccccc
eeeeeeeeeeeeeeeeeeeeeeeeeeeeabccccccccccccccccccccc
eeeeeeeeeeeeeeeeeeeeeeeeeeeeabccccccccccccccccccccc
eeeeeeeeeeeeeeeeeeeeeeeeeeeeabcccccccccccccccccccccabccccccccccccccccccccc
eeeeeeeeeeeeeeeeeeeeeeeeeeee
abccccccccccccccccccccc
eeeeeeeeeeeeeeeeeeeeeeeeeeee
abccccccccccccccccccccc
eeeeeeeeeeeeeeeeeeeeeeeeeeeeabccccccccccccccccccccc
eeeeeeeeeeeeeeeeeeeeeeeeeeeeabccccccccccccccccccccc
eeeeeeeeeeeeeeeeeeeeeeeeeeeeabccccccccccccccccccccc
eeeeeeeeeeeeeeeeeeeeeeeeeeeeabccccccccccccccccccccc
eeeeeeeeeeeeeeeeeeeeeeeeeeeeabccccccccccccccccccccc
eeeeeeeeeeeeeeeeeeeeeeeeeeeeabccccccccccccccccccccc
eeeeeeeeeeeeeeeeeeeeeeeeeeeeabccccccccccccccccccccc
eeeeeeeeeeeeeeeeeeeeeeeeeeeeabccccccccccccccccccccc
eeeeeeeeeeeeeeeeeeeeeeeeeeeeabccccccccccccccccccccc
eeeeeeeeeeeeeeeeeeeeeeeeeeeeabccccccccccccccccccccc
eeeeeeeeeeeeeeeeeeeeeeeeeeeeabccccccccccccccccccccc
eeeeeeeeeeeeeeeeeeeeeeeeeeeeabcccccccccccccccccccccabccccccccccccccccccccc
eeeeeeeeeeeeeeeeeeeeeeeeeeee
abccccccccccccccccccccc
eeeeeeeeeeeeeeeeeeeeeeeeeeee
abccccccccccccccccccccc
eeeeeeeeeeeeeeeeeeeeeeeeeeeeabccccccccccccccccccccc
eeeeeeeeeeeeeeeeeeeeeeeeeeeeabccccccccccccccccccccc
eeeeeeeeeeeeeeeeeeeeeeeeeeeeabccccccccccccccccccccc
eeeeeeeeeeeeeeeeeeeeeeeeeeeeabccccccccccccccccccccc
eeeeeeeeeeeeeeeeeeeeeeeeeeeeabccccccccccccccccccccc
eeeeeeeeeeeeeeeeeeeeeeeeeeeeabccccccccccccccccccccc
eeeeeeeeeeeeeeeeeeeeeeeeeeeeabccccccccccccccccccccc
eeeeeeeeeeeeeeeeeeeeeeeeeeeeabccccccccccccccccccccc
eeeeeeeeeeeeeeeeeeeeeeeeeeeeabccccccccccccccccccccc
eeeeeeeeeeeeeeeeeeeeeeeeeeeeabccccccccccccccccccccc
eeeeeeeeeeeeeeeeeeeeeeeeeeeeabccccccccccccccccccccc
eeeeeeeeeeeeeeeeeeeeeeeeeeeeabcccccccccccccccccccccabccccccccccccccccccccc
eeeeeeeeeeeeeeeeeeeeeeeeeeee
abccccccccccccccccccccc
eeeeeeeeeeeeeeeeeeeeeeeeeeee
abccccccccccccccccccccc
eeeeeeeeeeeeeeeeeeeeeeeeeeeeabccccccccccccccccccccc
eeeeeeeeeeeeeeeeeeeeeeeeeeeeabccccccccccccccccccccc
eeeeeeeeeeeeeeeeeeeeeeeeeeeeabccccccccccccccccccccc
eeeeeeeeeeeeeeeeeeeeeeeeeeeeabccccccccccccccccccccc
eeeeeeeeeeeeeeeeeeeeeeeeeeeeabccccccccccccccccccccc
eeeeeeeeeeeeeeeeeeeeeeeeeeeeabccccccccccccccccccccc
eeeeeeeeeeeeeeeeeeeeeeeeeeeeabccccccccccccccccccccc
eeeeeeeeeeeeeeeeeeeeeeeeeeeeabccccccccccccccccccccc
eeeeeeeeeeeeeeeeeeeeeeeeeeeeabccccccccccccccccccccc
eeeeeeeeeeeeeeeeeeeeeeeeeeeeabccccccccccccccccccccc
eeeeeeeeeeeeeeeeeeeeeeeeeeeeabccccccccccccccccccccc
eeeeeeeeeeeeeeeeeeeeeeeeeeeeabcccccccccccccccccccccabccccccccccccccccccccc
eeeeeeeeeeeeeeeeeeeeeeeeeeee
abccccccccccccccccccccc
eeeeeeeeeeeeeeeeeeeeeeeeeeee
abccccccccccccccccccccc
eeeeeeeeeeeeeeeeeeeeeeeeeeeeabccccccccccccccccccccc
eeeeeeeeeeeeeeeeeeeeeeeeeeeeabccccccccccccccccccccc
eeeeeeeeeeeeeeeeeeeeeeeeeeeeabccccccccccccccccccccc
eeeeeeeeeeeeeeeeeeeeeeeeeeeeabccccccccccccccccccccc
eeeeeeeeeeeeeeeeeeeeeeeeeeeeabccccccccccccccccccccc
eeeeeeeeeeeeeeeeeeeeeeeeeeeeabccccccccccccccccccccc
eeeeeeeeeeeeeeeeeeeeeeeeeeeeabccccccccccccccccccccc
eeeeeeeeeeeeeeeeeeeeeeeeeeeeabccccccccccccccccccccc
eeeeeeeeeeeeeeeeeeeeeeeeeeeeabccccccccccccccccccccc
eeeeeeeeeeeeeeeeeeeeeeeeeeeeabccccccccccccccccccccc
eeeeeeeeeeeeeeeeeeeeeeeeeeeeabccccccccccccccccccccc
eeeeeeeeeeeeeeeeeeeeeeeeeeeeabcccccccccccccccccccccabccccccccccccccccccccc
eeeeeeeeeeeeeeeeeeeeeeeeeeee
abccccccccccccccccccccc
eeeeeeeeeeeeeeeeeeeeeeeeeeee
abccccccccccccccccccccc
eeeeeeeeeeeeeeeeeeeeeeeeeeeeabccccccccccccccccccccc
eeeeeeeeeeeeeeeeeeeeeeeeeeeeabccccccccccccccccccccc
eeeeeeeeeeeeeeeeeeeeeeeeeeeeabccccccccccccccccccccc
eeeeeeeeeeeeeeeeeeeeeeeeeeeeabccccccccccccccccccccc
eeeeeeeeeeeeeeeeeeeeeeeeeeeeabccccccccccccccccccccc
eeeeeeeeeeeeeeeeeeeeeeeeeeeeabccccccccccccccccccccc
eeeeeeeeeeeeeeeeeeeeeeeeeeeeabccccccccccccccccccccc
eeeeeeeeeeeeeeeeeeeeeeeeeeeeabccccccccccccccccccccc
eeeeeeeeeeeeeeeeeeeeeeeeeeeeabccccccccccccccccccccc
eeeeeeeeeeeeeeeeeeeeeeeeeeeeabccccccccccccccccccccc
eeeeeeeeeeeeeeeeeeeeeeeeeeeeabccccccccccccccccccccc
eeeeeeeeeeeeeeeeeeeeeeeeeeeeabcccccccccccccccccccccabccccccccccccccccccccc
eeeeeeeeeeeeeeeeeeeeeeeeeeee
abccccccccccccccccccccc
eeeeeeeeeeeeeeeeeeeeeeeeeeee
abccccccccccccccccccccc
eeeeeeeeeeeeeeeeeeeeeeeeeeeeabccccccccccccccccccccc
eeeeeeeeeeeeeeeeeeeeeeeeeeeeabccccccccccccccccccccc
eeeeeeeeeeeeeeeeeeeeeeeeeeeeabccccccccccccccccccccc
eeeeeeeeeeeeeeeeeeeeeeeeeeeeabccccccccccccccccccccc
eeeeeeeeeeeeeeeeeeeeeeeeeeeeabccccccccccccccccccccc
eeeeeeeeeeeeeeeeeeeeeeeeeeeeabccccccccccccccccccccc
eeeeeeeeeeeeeeeeeeeeeeeeeeeeabccccccccccccccccccccc
eeeeeeeeeeeeeeeeeeeeeeeeeeeeabccccccccccccccccccccc
eeeeeeeeeeeeeeeeeeeeeeeeeeeeabccccccccccccccccccccc
eeeeeeeeeeeeeeeeeeeeeeeeeeeeabccccccccccccccccccccc
eeeeeeeeeeeeeeeeeeeeeeeeeeeeabccccccccccccccccccccc
eeeeeeeeeeeeeeeeeeeeeeeeeeeeabcccccccccccccccccccccabccccccccccccccccccccc
eeeeeeeeeeeeeeeeeeeeeeeeeeee
abccccccccccccccccccccc
eeeeeeeeeeeeeeeeeeeeeeeeeeee
abccccccccccccccccccccc
eeeeeeeeeeeeeeeeeeeeeeeeeeeeabccccccccccccccccccccc
eeeeeeeeeeeeeeeeeeeeeeeeeeeeabccccccccccccccccccccc
eeeeeeeeeeeeeeeeeeeeeeeeeeeeabccccccccccccccccccccc
eeeeeeeeeeeeeeeeeeeeeeeeeeeeabccccccccccccccccccccc
eeeeeeeeeeeeeeeeeeeeeeeeeeeeabccccccccccccccccccccc
eeeeeeeeeeeeeeeeeeeeeeeeeeeeabccccccccccccccccccccc
eeeeeeeeeeeeeeeeeeeeeeeeeeeeabccccccccccccccccccccc
eeeeeeeeeeeeeeeeeeeeeeeeeeeeabccccccccccccccccccccc
eeeeeeeeeeeeeeeeeeeeeeeeeeeeabccccccccccccccccccccc
eeeeeeeeeeeeeeeeeeeeeeeeeeeeabccccccccccccccccccccc
eeeeeeeeeeeeeeeeeeeeeeeeeeeeabccccccccccccccccccccc
eeeeeeeeeeeeeeeeeeeeeeeeeeeeabcccccccccccccccccccccabccccccccccccccccccccc
eeeeeeeeeeeeeeeeeeeeeeeeeeee
abccccccccccccccccccccc
eeeeeeeeeeeeeeeeeeeeeeeeeeee
abccccccccccccccccccccc
eeeeeeeeeeeeeeeeeeeeeeeeeeeeabccccccccccccccccccccc
eeeeeeeeeeeeeeeeeeeeeeeeeeeeabccccccccccccccccccccc
eeeeeeeeeeeeeeeeeeeeeeeeeeeeabccccccccccccccccccccc
eeeeeeeeeeeeeeeeeeeeeeeeeeeeabccccccccccccccccccccc
eeeeeeeeeeeeeeeeeeeeeeeeeeeeabccccccccccccccccccccc
eeeeeeeeeeeeeeeeeeeeeeeeeeeeabccccccccccccccccccccc
eeeeeeeeeeeeeeeeeeeeeeeeeeeeabccccccccccccccccccccc
eeeeeeeeeeeeeeeeeeeeeeeeeeeeabccccccccccccccccccccc
eeeeeeeeeeeeeeeeeeeeeeeeeeeeabccccccccccccccccccccc
eeeeeeeeeeeeeeeeeeeeeeeeeeeeabccccccccccccccccccccc
eeeeeeeeeeeeeeeeeeeeeeeeeeeeabccccccccccccccccccccc
eeeeeeeeeeeeeeeeeeeeeeeeeeeeabcccccccccccccccccccccabccccccccccccccccccccc
eeeeeeeeeeeeeeeeeeeeeeeeeeee
abccccccccccccccccccccc
eeeeeeeeeeeeeeeeeeeeeeeeeeee
abccccccccccccccccccccc
eeeeeeeeeeeeeeeeeeeeeeeeeeeeabccccccccccccccccccccc
eeeeeeeeeeeeeeeeeeeeeeeeeeeeabccccccccccccccccccccc
eeeeeeeeeeeeeeeeeeeeeeeeeeeeabccccccccccccccccccccc
eeeeeeeeeeeeeeeeeeeeeeeeeeeeabccccccccccccccccccccc
eeeeeeeeeeeeeeeeeeeeeeeeeeeeabccccccccccccccccccccc
eeeeeeeeeeeeeeeeeeeeeeeeeeeeabccccccccccccccccccccc
eeeeeeeeeeeeeeeeeeeeeeeeeeeeabccccccccccccccccccccc
eeeeeeeeeeeeeeeeeeeeeeeeeeeeabccccccccccccccccccccc
eeeeeeeeeeeeeeeeeeeeeeeeeeeeabccccccccccccccccccccc
eeeeeeeeeeeeeeeeeeeeeeeeeeeeabccccccccccccccccccccc
eeeeeeeeeeeeeeeeeeeeeeeeeeeeabccccccccccccccccccccc
eeeeeeeeeeeeeeeeeeeeeeeeeeeeabcccccccccccccccccccccabccccccccccccccccccccc
eeeeeeeeeeeeeeeeeeeeeeeeeeee
abccccccccccccccccccccc
eeeeeeeeeeeeeeeeeeeeeeeeeeee
abccccccccccccccccccccc
eeeeeeeeeeeeeeeeeeeeeeeeeeeeabccccccccccccccccccccc
eeeeeeeeeeeeeeeeeeeeeeeeeeeeabccccccccccccccccccccc
eeeeeeeeeeeeeeeeeeeeeeeeeeeeabccccccccccccccccccccc
eeeeeeeeeeeeeeeeeeeeeeeeeeeeabccccccccccccccccccccc
eeeeeeeeeeeeeeeeeeeeeeeeeeeeabccccccccccccccccccccc
eeeeeeeeeeeeeeeeeeeeeeeeeeeeabccccccccccccccccccccc
eeeeeeeeeeeeeeeeeeeeeeeeeeeeabccccccccccccccccccccc
eeeeeeeeeeeeeeeeeeeeeeeeeeeeabccccccccccccccccccccc
eeeeeeeeeeeeeeeeeeeeeeeeeeeeabccccccccccccccccccccc
eeeeeeeeeeeeeeeeeeeeeeeeeeeeabccccccccccccccccccccc
eeeeeeeeeeeeeeeeeeeeeeeeeeeeabccccccccccccccccccccc
eeeeeeeeeeeeeeeeeeeeeeeeeeeeabcccccccccccccccccccccabccccccccccccccccccccc
eeeeeeeeeeeeeeeeeeeeeeeeeeee
abccccccccccccccccccccc
eeeeeeeeeeeeeeeeeeeeeeeeeeee
abccccccccccccccccccccc
eeeeeeeeeeeeeeeeeeeeeeeeeeeeabccccccccccccccccccccc
eeeeeeeeeeeeeeeeeeeeeeeeeeeeabccccccccccccccccccccc
eeeeeeeeeeeeeeeeeeeeeeeeeeeeabccccccccccccccccccccc
eeeeeeeeeeeeeeeeeeeeeeeeeeeeabccccccccccccccccccccc
eeeeeeeeeeeeeeeeeeeeeeeeeeeeabccccccccccccccccccccc
eeeeeeeeeeeeeeeeeeeeeeeeeeeeabccccccccccccccccccccc
eeeeeeeeeeeeeeeeeeeeeeeeeeeeabccccccccccccccccccccc
eeeeeeeeeeeeeeeeeeeeeeeeeeeeabccccccccccccccccccccc
eeeeeeeeeeeeeeeeeeeeeeeeeeeeabccccccccccccccccccccc
eeeeeeeeeeeeeeeeeeeeeeeeeeeeabccccccccccccccccccccc
eeeeeeeeeeeeeeeeeeeeeeeeeeeeabccccccccccccccccccccc
eeeeeeeeeeeeeeeeeeeeeeeeeeeeabcccccccccccccccccccccabccccccccccccccccccccc
eeeeeeeeeeeeeeeeeeeeeeeeeeee
abccccccccccccccccccccc
eeeeeeeeeeeeeeeeeeeeeeeeeeee
abccccccccccccccccccccc
eeeeeeeeeeeeeeeeeeeeeeeeeeeeabccccccccccccccccccccc
eeeeeeeeeeeeeeeeeeeeeeeeeeeeabccccccccccccccccccccc
eeeeeeeeeeeeeeeeeeeeeeeeeeeeabccccccccccccccccccccc
eeeeeeeeeeeeeeeeeeeeeeeeeeeeabccccccccccccccccccccc
eeeeeeeeeeeeeeeeeeeeeeeeeeeeabccccccccccccccccccccc
eeeeeeeeeeeeeeeeeeeeeeeeeeeeabccccccccccccccccccccc
eeeeeeeeeeeeeeeeeeeeeeeeeeeeabccccccccccccccccccccc
eeeeeeeeeeeeeeeeeeeeeeeeeeeeabccccccccccccccccccccc
eeeeeeeeeeeeeeeeeeeeeeeeeeeeabccccccccccccccccccccc
eeeeeeeeeeeeeeeeeeeeeeeeeeeeabccccccccccccccccccccc
eeeeeeeeeeeeeeeeeeeeeeeeeeeeabccccccccccccccccccccc
eeeeeeeeeeeeeeeeeeeeeeeeeeeeabcccccccccccccccccccccabccccccccccccccccccccc
eeeeeeeeeeeeeeeeeeeeeeeeeeee
abccccccccccccccccccccc
eeeeeeeeeeeeeeeeeeeeeeeeeeee
abccccccccccccccccccccc
eeeeeeeeeeeeeeeeeeeeeeeeeeeeabccccccccccccccccccccc
eeeeeeeeeeeeeeeeeeeeeeeeeeeeabccccccccccccccccccccc
eeeeeeeeeeeeeeeeeeeeeeeeeeeeabccccccccccccccccccccc
eeeeeeeeeeeeeeeeeeeeeeeeeeeeabccccccccccccccccccccc
eeeeeeeeeeeeeeeeeeeeeeeeeeeeabccccccccccccccccccccc
eeeeeeeeeeeeeeeeeeeeeeeeeeeeabccccccccccccccccccccc
eeeeeeeeeeeeeeeeeeeeeeeeeeeeabccccccccccccccccccccc
eeeeeeeeeeeeeeeeeeeeeeeeeeeeabccccccccccccccccccccc
eeeeeeeeeeeeeeeeeeeeeeeeeeeeabccccccccccccccccccccc
eeeeeeeeeeeeeeeeeeeeeeeeeeeeabccccccccccccccccccccc
eeeeeeeeeeeeeeeeeeeeeeeeeeeeabccccccccccccccccccccc
eeeeeeeeeeeeeeeeeeeeeeeeeeeeabcccccccccccccccccccccabccccccccccccccccccccc
eeeeeeeeeeeeeeeeeeeeeeeeeeee
abccccccccccccccccccccc
eeeeeeeeeeeeeeeeeeeeeeeeeeee
abccccccccccccccccccccc
eeeeeeeeeeeeeeeeeeeeeeeeeeeeabccccccccccccccccccccc
eeeeeeeeeeeeeeeeeeeeeeeeeeeeabccccccccccccccccccccc
eeeeeeeeeeeeeeeeeeeeeeeeeeeeabccccccccccccccccccccc
eeeeeeeeeeeeeeeeeeeeeeeeeeeeabccccccccccccccccccccc
eeeeeeeeeeeeeeeeeeeeeeeeeeeeabccccccccccccccccccccc
eeeeeeeeeeeeeeeeeeeeeeeeeeeeabccccccccccccccccccccc
eeeeeeeeeeeeeeeeeeeeeeeeeeeeabccccccccccccccccccccc
eeeeeeeeeeeeeeeeeeeeeeeeeeeeabccccccccccccccccccccc
eeeeeeeeeeeeeeeeeeeeeeeeeeeeabccccccccccccccccccccc
eeeeeeeeeeeeeeeeeeeeeeeeeeeeabccccccccccccccccccccc
eeeeeeeeeeeeeeeeeeeeeeeeeeeeabccccccccccccccccccccc
eeeeeeeeeeeeeeeeeeeeeeeeeeeeabcccccccccccccccccccccabccccccccccccccccccccc
eeeeeeeeeeeeeeeeeeeeeeeeeeee
abccccccccccccccccccccc
eeeeeeeeeeeeeeeeeeeeeeeeeeee
abccccccccccccccccccccc
eeeeeeeeeeeeeeeeeeeeeeeeeeeeabccccccccccccccccccccc
eeeeeeeeeeeeeeeeeeeeeeeeeeeeabccccccccccccccccccccc
eeeeeeeeeeeeeeeeeeeeeeeeeeeeabccccccccccccccccccccc
eeeeeeeeeeeeeeeeeeeeeeeeeeeeabccccccccccccccccccccc
eeeeeeeeeeeeeeeeeeeeeeeeeeeeabccccccccccccccccccccc
eeeeeeeeeeeeeeeeeeeeeeeeeeeeabccccccccccccccccccccc
eeeeeeeeeeeeeeeeeeeeeeeeeeeeabccccccccccccccccccccc
eeeeeeeeeeeeeeeeeeeeeeeeeeeeabccccccccccccccccccccc
eeeeeeeeeeeeeeeeeeeeeeeeeeeeabccccccccccccccccccccc
eeeeeeeeeeeeeeeeeeeeeeeeeeeeabccccccccccccccccccccc
eeeeeeeeeeeeeeeeeeeeeeeeeeeeabccccccccccccccccccccc
eeeeeeeeeeeeeeeeeeeeeeeeeeeeabcccccccccccccccccccccabccccccccccccccccccccc
eeeeeeeeeeeeeeeeeeeeeeeeeeee
abccccccccccccccccccccc
eeeeeeeeeeeeeeeeeeeeeeeeeeee
abccccccccccccccccccccc
eeeeeeeeeeeeeeeeeeeeeeeeeeeeabccccccccccccccccccccc
eeeeeeeeeeeeeeeeeeeeeeeeeeeeabccccccccccccccccccccc
eeeeeeeeeeeeeeeeeeeeeeeeeeeeabccccccccccccccccccccc
eeeeeeeeeeeeeeeeeeeeeeeeeeeeabccccccccccccccccccccc
eeeeeeeeeeeeeeeeeeeeeeeeeeeeabccccccccccccccccccccc
eeeeeeeeeeeeeeeeeeeeeeeeeeeeabccccccccccccccccccccc
eeeeeeeeeeeeeeeeeeeeeeeeeeeeabccccccccccccccccccccc
eeeeeeeeeeeeeeeeeeeeeeeeeeeeabccccccccccccccccccccc
eeeeeeeeeeeeeeeeeeeeeeeeeeeeabccccccccccccccccccccc
eeeeeeeeeeeeeeeeeeeeeeeeeeeeabccccccccccccccccccccc
eeeeeeeeeeeeeeeeeeeeeeeeeeeeabccccccccccccccccccccc
eeeeeeeeeeeeeeeeeeeeeeeeeeeeabcccccccccccccccccccccabccccccccccccccccccccc
eeeeeeeeeeeeeeeeeeeeeeeeeeee
abccccccccccccccccccccc
eeeeeeeeeeeeeeeeeeeeeeeeeeee
abccccccccccccccccccccc
eeeeeeeeeeeeeeeeeeeeeeeeeeeeabccccccccccccccccccccc
eeeeeeeeeeeeeeeeeeeeeeeeeeeeabccccccccccccccccccccc
eeeeeeeeeeeeeeeeeeeeeeeeeeeeabccccccccccccccccccccc
eeeeeeeeeeeeeeeeeeeeeeeeeeeeabccccccccccccccccccccc
eeeeeeeeeeeeeeeeeeeeeeeeeeeeabccccccccccccccccccccc
eeeeeeeeeeeeeeeeeeeeeeeeeeeeabccccccccccccccccccccc
eeeeeeeeeeeeeeeeeeeeeeeeeeeeabccccccccccccccccccccc
eeeeeeeeeeeeeeeeeeeeeeeeeeeeabccccccccccccccccccccc
eeeeeeeeeeeeeeeeeeeeeeeeeeeeabccccccccccccccccccccc
eeeeeeeeeeeeeeeeeeeeeeeeeeeeabccccccccccccccccccccc
eeeeeeeeeeeeeeeeeeeeeeeeeeeeabccccccccccccccccccccc
eeeeeeeeeeeeeeeeeeeeeeeeeeeeabcccccccccccccccccccccabccccccccccccccccccccc
eeeeeeeeeeeeeeeeeeeeeeeeeeee
abccccccccccccccccccccc
eeeeeeeeeeeeeeeeeeeeeeeeeeee
abccccccccccccccccccccc
eeeeeeeeeeeeeeeeeeeeeeeeeeeeabccccccccccccccccccccc
eeeeeeeeeeeeeeeeeeeeeeeeeeeeabccccccccccccccccccccc
eeeeeeeeeeeeeeeeeeeeeeeeeeeeabccccccccccccccccccccc
eeeeeeeeeeeeeeeeeeeeeeeeeeeeabccccccccccccccccccccc
eeeeeeeeeeeeeeeeeeeeeeeeeeeeabccccccccccccccccccccc
eeeeeeeeeeeeeeeeeeeeeeeeeeeeabccccccccccccccccccccc
eeeeeeeeeeeeeeeeeeeeeeeeeeeeabccccccccccccccccccccc
eeeeeeeeeeeeeeeeeeeeeeeeeeeeabccccccccccccccccccccc
eeeeeeeeeeeeeeeeeeeeeeeeeeeeabccccccccccccccccccccc
eeeeeeeeeeeeeeeeeeeeeeeeeeeeabccccccccccccccccccccc
eeeeeeeeeeeeeeeeeeeeeeeeeeeeabccccccccccccccccccccc
eeeeeeeeeeeeeeeeeeeeeeeeeeeeabcccccccccccccccccccccabccccccccccccccccccccc
eeeeeeeeeeeeeeeeeeeeeeeeeeee
abccccccccccccccccccccc
eeeeeeeeeeeeeeeeeeeeeeeeeeee
abccccccccccccccccccccc
eeeeeeeeeeeeeeeeeeeeeeeeeeeeabccccccccccccccccccccc
eeeeeeeeeeeeeeeeeeeeeeeeeeeeabccccccccccccccccccccc
eeeeeeeeeeeeeeeeeeeeeeeeeeeeabccccccccccccccccccccc
eeeeeeeeeeeeeeeeeeeeeeeeeeeeabccccccccccccccccccccc
eeeeeeeeeeeeeeeeeeeeeeeeeeeeabccccccccccccccccccccc
eeeeeeeeeeeeeeeeeeeeeeeeeeeeabccccccccccccccccccccc
eeeeeeeeeeeeeeeeeeeeeeeeeeeeabccccccccccccccccccccc
eeeeeeeeeeeeeeeeeeeeeeeeeeeeabccccccccccccccccccccc
eeeeeeeeeeeeeeeeeeeeeeeeeeeeabccccccccccccccccccccc
eeeeeeeeeeeeeeeeeeeeeeeeeeeeabccccccccccccccccccccc
eeeeeeeeeeeeeeeeeeeeeeeeeeeeabccccccccccccccccccccc
eeeeeeeeeeeeeeeeeeeeeeeeeeeeabcccccccccccccccccccccabccccccccccccccccccccc
eeeeeeeeeeeeeeeeeeeeeeeeeeee
abccccccccccccccccccccc
eeeeeeeeeeeeeeeeeeeeeeeeeeee
abccccccccccccccccccccc
eeeeeeeeeeeeeeeeeeeeeeeeeeeeabccccccccccccccccccccc
eeeeeeeeeeeeeeeeeeeeeeeeeeeeabccccccccccccccccccccc
eeeeeeeeeeeeeeeeeeeeeeeeeeeeabccccccccccccccccccccc
eeeeeeeeeeeeeeeeeeeeeeeeeeeeabccccccccccccccccccccc
eeeeeeeeeeeeeeeeeeeeeeeeeeeeabccccccccccccccccccccc
eeeeeeeeeeeeeeeeeeeeeeeeeeeeabccccccccccccccccccccc
eeeeeeeeeeeeeeeeeeeeeeeeeeeeabccccccccccccccccccccc
eeeeeeeeeeeeeeeeeeeeeeeeeeeeabccccccccccccccccccccc
eeeeeeeeeeeeeeeeeeeeeeeeeeeeabccccccccccccccccccccc
eeeeeeeeeeeeeeeeeeeeeeeeeeeeabccccccccccccccccccccc
eeeeeeeeeeeeeeeeeeeeeeeeeeeeabccccccccccccccccccccc
eeeeeeeeeeeeeeeeeeeeeeeeeeeeabcccccccccccccccccccccabccccccccccccccccccccc
eeeeeeeeeeeeeeeeeeeeeeeeeeee
abccccccccccccccccccccc
eeeeeeeeeeeeeeeeeeeeeeeeeeee
abccccccccccccccccccccc
eeeeeeeeeeeeeeeeeeeeeeeeeeeeabccccccccccccccccccccc
eeeeeeeeeeeeeeeeeeeeeeeeeeeeabccccccccccccccccccccc
eeeeeeeeeeeeeeeeeeeeeeeeeeeeabccccccccccccccccccccc
eeeeeeeeeeeeeeeeeeeeeeeeeeeeabccccccccccccccccccccc
eeeeeeeeeeeeeeeeeeeeeeeeeeeeabccccccccccccccccccccc
eeeeeeeeeeeeeeeeeeeeeeeeeeeeabccccccccccccccccccccc
eeeeeeeeeeeeeeeeeeeeeeeeeeeeabccccccccccccccccccccc
eeeeeeeeeeeeeeeeeeeeeeeeeeeeabccccccccccccccccccccc
eeeeeeeeeeeeeeeeeeeeeeeeeeeeabccccccccccccccccccccc
eeeeeeeeeeeeeeeeeeeeeeeeeeeeabccccccccccccccccccccc
eeeeeeeeeeeeeeeeeeeeeeeeeeeeabccccccccccccccccccccc
eeeeeeeeeeeeeeeeeeeeeeeeeeeeabcccccccccccccccccccccabccccccccccccccccccccc
eeeeeeeeeeeeeeeeeeeeeeeeeeee
abccccccccccccccccccccc
eeeeeeeeeeeeeeeeeeeeeeeeeeee
abccccccccccccccccccccc
eeeeeeeeeeeeeeeeeeeeeeeeeeeeabccccccccccccccccccccc
eeeeeeeeeeeeeeeeeeeeeeeeeeeeabccccccccccccccccccccc
eeeeeeeeeeeeeeeeeeeeeeeeeeeeabccccccccccccccccccccc
eeeeeeeeeeeeeeeeeeeeeeeeeeeeabccccccccccccccccccccc
eeeeeeeeeeeeeeeeeeeeeeeeeeeeabccccccccccccccccccccc
eeeeeeeeeeeeeeeeeeeeeeeeeeeeabccccccccccccccccccccc
eeeeeeeeeeeeeeeeeeeeeeeeeeeeabccccccccccccccccccccc
eeeeeeeeeeeeeeeeeeeeeeeeeeeeabccccccccccccccccccccc
eeeeeeeeeeeeeeeeeeeeeeeeeeeeabccccccccccccccccccccc
eeeeeeeeeeeeeeeeeeeeeeeeeeeeabccccccccccccccccccccc
eeeeeeeeeeeeeeeeeeeeeeeeeeeeabccccccccccccccccccccc
eeeeeeeeeeeeeeeeeeeeeeeeeeeeabcccccccccccccccccccccabccccccccccccccccccccc
eeeeeeeeeeeeeeeeeeeeeeeeeeee
abccccccccccccccccccccc
eeeeeeeeeeeeeeeeeeeeeeeeeeee
abccccccccccccccccccccc
eeeeeeeeeeeeeeeeeeeeeeeeeeeeabccccccccccccccccccccc
eeeeeeeeeeeeeeeeeeeeeeeeeeeeabccccccccccccccccccccc
eeeeeeeeeeeeeeeeeeeeeeeeeeeeabccccccccccccccccccccc
eeeeeeeeeeeeeeeeeeeeeeeeeeeeabccccccccccccccccccccc
eeeeeeeeeeeeeeeeeeeeeeeeeeeeabccccccccccccccccccccc
eeeeeeeeeeeeeeeeeeeeeeeeeeeeabccccccccccccccccccccc
eeeeeeeeeeeeeeeeeeeeeeeeeeeeabccccccccccccccccccccc
eeeeeeeeeeeeeeeeeeeeeeeeeeeeabccccccccccccccccccccc
eeeeeeeeeeeeeeeeeeeeeeeeeeeeabccccccccccccccccccccc
eeeeeeeeeeeeeeeeeeeeeeeeeeeeabccccccccccccccccccccc
eeeeeeeeeeeeeeeeeeeeeeeeeeeeabccccccccccccccccccccc
eeeeeeeeeeeeeeeeeeeeeeeeeeeeabcccccccccccccccccccccabccccccccccccccccccccc
eeeeeeeeeeeeeeeeeeeeeeeeeeee
abccccccccccccccccccccc
eeeeeeeeeeeeeeeeeeeeeeeeeeee
abccccccccccccccccccccc
eeeeeeeeeeeeeeeeeeeeeeeeeeeeabccccccccccccccccccccc
eeeeeeeeeeeeeeeeeeeeeeeeeeeeabccccccccccccccccccccc
eeeeeeeeeeeeeeeeeeeeeeeeeeeeabccccccccccccccccccccc
eeeeeeeeeeeeeeeeeeeeeeeeeeeeabccccccccccccccccccccc
eeeeeeeeeeeeeeeeeeeeeeeeeeeeabccccccccccccccccccccc
eeeeeeeeeeeeeeeeeeeeeeeeeeeeabccccccccccccccccccccc
eeeeeeeeeeeeeeeeeeeeeeeeeeeeabccccccccccccccccccccc
eeeeeeeeeeeeeeeeeeeeeeeeeeeeabccccccccccccccccccccc
eeeeeeeeeeeeeeeeeeeeeeeeeeeeabccccccccccccccccccccc
eeeeeeeeeeeeeeeeeeeeeeeeeeeeabccccccccccccccccccccc
eeeeeeeeeeeeeeeeeeeeeeeeeeeeabccccccccccccccccccccc
eeeeeeeeeeeeeeeeeeeeeeeeeeeeabcccccccccccccccccccccabccccccccccccccccccccc
eeeeeeeeeeeeeeeeeeeeeeeeeeee
abccccccccccccccccccccc
eeeeeeeeeeeeeeeeeeeeeeeeeeee
abccccccccccccccccccccc
eeeeeeeeeeeeeeeeeeeeeeeeeeeeabccccccccccccccccccccc
eeeeeeeeeeeeeeeeeeeeeeeeeeeeabccccccccccccccccccccc
eeeeeeeeeeeeeeeeeeeeeeeeeeeeabccccccccccccccccccccc
eeeeeeeeeeeeeeeeeeeeeeeeeeeeabccccccccccccccccccccc
eeeeeeeeeeeeeeeeeeeeeeeeeeeeabccccccccccccccccccccc
eeeeeeeeeeeeeeeeeeeeeeeeeeeeabccccccccccccccccccccc
eeeeeeeeeeeeeeeeeeeeeeeeeeeeabccccccccccccccccccccc
eeeeeeeeeeeeeeeeeeeeeeeeeeeeabccccccccccccccccccccc
eeeeeeeeeeeeeeeeeeeeeeeeeeeeabccccccccccccccccccccc
eeeeeeeeeeeeeeeeeeeeeeeeeeeeabccccccccccccccccccccc
eeeeeeeeeeeeeeeeeeeeeeeeeeeeabccccccccccccccccccccc
eeeeeeeeeeeeeeeeeeeeeeeeeeeeabcccccccccccccccccccccabccccccccccccccccccccc
eeeeeeeeeeeeeeeeeeeeeeeeeeee
abccccccccccccccccccccc
eeeeeeeeeeeeeeeeeeeeeeeeeeee
abccccccccccccccccccccc
eeeeeeeeeeeeeeeeeeeeeeeeeeeeabccccccccccccccccccccc
eeeeeeeeeeeeeeeeeeeeeeeeeeeeabccccccccccccccccccccc
eeeeeeeeeeeeeeeeeeeeeeeeeeeeabccccccccccccccccccccc
eeeeeeeeeeeeeeeeeeeeeeeeeeeeabccccccccccccccccccccc
eeeeeeeeeeeeeeeeeeeeeeeeeeeeabccccccccccccccccccccc
eeeeeeeeeeeeeeeeeeeeeeeeeeeeabccccccccccccccccccccc
eeeeeeeeeeeeeeeeeeeeeeeeeeeeabccccccccccccccccccccc
eeeeeeeeeeeeeeeeeeeeeeeeeeeeabccccccccccccccccccccc
eeeeeeeeeeeeeeeeeeeeeeeeeeeeabccccccccccccccccccccc
eeeeeeeeeeeeeeeeeeeeeeeeeeeeabccccccccccccccccccccc
eeeeeeeeeeeeeeeeeeeeeeeeeeeeabccccccccccccccccccccc
eeeeeeeeeeeeeeeeeeeeeeeeeeeeabcccccccccccccccccccccabccccccccccccccccccccc
eeeeeeeeeeeeeeeeeeeeeeeeeeee
abccccccccccccccccccccc
eeeeeeeeeeeeeeeeeeeeeeeeeeee
abccccccccccccccccccccc
eeeeeeeeeeeeeeeeeeeeeeeeeeeeabccccccccccccccccccccc
eeeeeeeeeeeeeeeeeeeeeeeeeeeeabccccccccccccccccccccc
eeeeeeeeeeeeeeeeeeeeeeeeeeeeabccccccccccccccccccccc
eeeeeeeeeeeeeeeeeeeeeeeeeeeeabccccccccccccccccccccc
eeeeeeeeeeeeeeeeeeeeeeeeeeeeabccccccccccccccccccccc
eeeeeeeeeeeeeeeeeeeeeeeeeeeeabccccccccccccccccccccc
eeeeeeeeeeeeeeeeeeeeeeeeeeeeabccccccccccccccccccccc
eeeeeeeeeeeeeeeeeeeeeeeeeeeeabccccccccccccccccccccc
eeeeeeeeeeeeeeeeeeeeeeeeeeeeabccccccccccccccccccccc
eeeeeeeeeeeeeeeeeeeeeeeeeeeeabccccccccccccccccccccc
eeeeeeeeeeeeeeeeeeeeeeeeeeeeabccccccccccccccccccccc
eeeeeeeeeeeeeeeeeeeeeeeeeeeeabcccccccccccccccccccccabccccccccccccccccccccc
eeeeeeeeeeeeeeeeeeeeeeeeeeee
abccccccccccccccccccccc
eeeeeeeeeeeeeeeeeeeeeeeeeeee
abccccccccccccccccccccc
eeeeeeeeeeeeeeeeeeeeeeeeeeeeabccccccccccccccccccccc
eeeeeeeeeeeeeeeeeeeeeeeeeeeeabccccccccccccccccccccc
eeeeeeeeeeeeeeeeeeeeeeeeeeeeabccccccccccccccccccccc
eeeeeeeeeeeeeeeeeeeeeeeeeeeeabccccccccccccccccccccc
eeeeeeeeeeeeeeeeeeeeeeeeeeeeabccccccccccccccccccccc
eeeeeeeeeeeeeeeeeeeeeeeeeeeeabccccccccccccccccccccc
eeeeeeeeeeeeeeeeeeeeeeeeeeeeabccccccccccccccccccccc
eeeeeeeeeeeeeeeeeeeeeeeeeeeeabccccccccccccccccccccc
eeeeeeeeeeeeeeeeeeeeeeeeeeeeabccccccccccccccccccccc
eeeeeeeeeeeeeeeeeeeeeeeeeeeeabccccccccccccccccccccc
eeeeeeeeeeeeeeeeeeeeeeeeeeeeabccccccccccccccccccccc
eeeeeeeeeeeeeeeeeeeeeeeeeeeeabcccccccccccccccccccccabccccccccccccccccccccc
eeeeeeeeeeeeeeeeeeeeeeeeeeee
abccccccccccccccccccccc
eeeeeeeeeeeeeeeeeeeeeeeeeeee
abccccccccccccccccccccc
eeeeeeeeeeeeeeeeeeeeeeeeeeeeabccccccccccccccccccccc
eeeeeeeeeeeeeeeeeeeeeeeeeeeeabccccccccccccccccccccc
eeeeeeeeeeeeeeeeeeeeeeeeeeeeabccccccccccccccccccccc
eeeeeeeeeeeeeeeeeeeeeeeeeeeeabccccccccccccccccccccc
eeeeeeeeeeeeeeeeeeeeeeeeeeeeabccccccccccccccccccccc
eeeeeeeeeeeeeeeeeeeeeeeeeeeeabccccccccccccccccccccc
eeeeeeeeeeeeeeeeeeeeeeeeeeeeabccccccccccccccccccccc
eeeeeeeeeeeeeeeeeeeeeeeeeeeeabccccccccccccccccccccc
eeeeeeeeeeeeeeeeeeeeeeeeeeeeabccccccccccccccccccccc
eeeeeeeeeeeeeeeeeeeeeeeeeeeeabccccccccccccccccccccc
eeeeeeeeeeeeeeeeeeeeeeeeeeeeabccccccccccccccccccccc
eeeeeeeeeeeeeeeeeeeeeeeeeeeeabcccccccccccccccccccccabccccccccccccccccccccc
eeeeeeeeeeeeeeeeeeeeeeeeeeee
abccccccccccccccccccccc
eeeeeeeeeeeeeeeeeeeeeeeeeeee
abccccccccccccccccccccc
eeeeeeeeeeeeeeeeeeeeeeeeeeeeabccccccccccccccccccccc
eeeeeeeeeeeeeeeeeeeeeeeeeeeeabccccccccccccccccccccc
eeeeeeeeeeeeeeeeeeeeeeeeeeeeabccccccccccccccccccccc
eeeeeeeeeeeeeeeeeeeeeeeeeeeeabccccccccccccccccccccc
eeeeeeeeeeeeeeeeeeeeeeeeeeeeabccccccccccccccccccccc
eeeeeeeeeeeeeeeeeeeeeeeeeeeeabccccccccccccccccccccc
eeeeeeeeeeeeeeeeeeeeeeeeeeeeabccccccccccccccccccccc
eeeeeeeeeeeeeeeeeeeeeeeeeeeeabccccccccccccccccccccc
eeeeeeeeeeeeeeeeeeeeeeeeeeeeabccccccccccccccccccccc
eeeeeeeeeeeeeeeeeeeeeeeeeeeeabccccccccccccccccccccc
eeeeeeeeeeeeeeeeeeeeeeeeeeeeabccccccccccccccccccccc
eeeeeeeeeeeeeeeeeeeeeeeeeeeeabcccccccccccccccccccccabccccccccccccccccccccc
eeeeeeeeeeeeeeeeeeeeeeeeeeee
abccccccccccccccccccccc
eeeeeeeeeeeeeeeeeeeeeeeeeeee
abccccccccccccccccccccc
eeeeeeeeeeeeeeeeeeeeeeeeeeeeabccccccccccccccccccccc
eeeeeeeeeeeeeeeeeeeeeeeeeeeeabccccccccccccccccccccc
eeeeeeeeeeeeeeeeeeeeeeeeeeeeabccccccccccccccccccccc
eeeeeeeeeeeeeeeeeeeeeeeeeeeeabccccccccccccccccccccc
eeeeeeeeeeeeeeeeeeeeeeeeeeeeabccccccccccccccccccccc
eeeeeeeeeeeeeeeeeeeeeeeeeeeeabccccccccccccccccccccc
eeeeeeeeeeeeeeeeeeeeeeeeeeeeabccccccccccccccccccccc
eeeeeeeeeeeeeeeeeeeeeeeeeeeeabccccccccccccccccccccc
eeeeeeeeeeeeeeeeeeeeeeeeeeeeabccccccccccccccccccccc
eeeeeeeeeeeeeeeeeeeeeeeeeeeeabccccccccccccccccccccc
eeeeeeeeeeeeeeeeeeeeeeeeeeeeabccccccccccccccccccccc
eeeeeeeeeeeeeeeeeeeeeeeeeeeeabcccccccccccccccccccccabccccccccccccccccccccc
eeeeeeeeeeeeeeeeeeeeeeeeeeee
abccccccccccccccccccccc
eeeeeeeeeeeeeeeeeeeeeeeeeeee
abccccccccccccccccccccc
eeeeeeeeeeeeeeeeeeeeeeeeeeeeabccccccccccccccccccccc
eeeeeeeeeeeeeeeeeeeeeeeeeeeeabccccccccccccccccccccc
eeeeeeeeeeeeeeeeeeeeeeeeeeeeabccccccccccccccccccccc
eeeeeeeeeeeeeeeeeeeeeeeeeeeeabccccccccccccccccccccc
eeeeeeeeeeeeeeeeeeeeeeeeeeeeabccccccccccccccccccccc
eeeeeeeeeeeeeeeeeeeeeeeeeeeeabccccccccccccccccccccc
eeeeeeeeeeeeeeeeeeeeeeeeeeeeabccccccccccccccccccccc
eeeeeeeeeeeeeeeeeeeeeeeeeeeeabccccccccccccccccccccc
eeeeeeeeeeeeeeeeeeeeeeeeeeeeabccccccccccccccccccccc
eeeeeeeeeeeeeeeeeeeeeeeeeeeeabccccccccccccccccccccc
eeeeeeeeeeeeeeeeeeeeeeeeeeeeabccccccccccccccccccccc
eeeeeeeeeeeeeeeeeeeeeeeeeeeeabcccccccccccccccccccccabccccccccccccccccccccc
eeeeeeeeeeeeeeeeeeeeeeeeeeee
abccccccccccccccccccccc
eeeeeeeeeeeeeeeeeeeeeeeeeeee
abccccccccccccccccccccc
eeeeeeeeeeeeeeeeeeeeeeeeeeeeabccccccccccccccccccccc
eeeeeeeeeeeeeeeeeeeeeeeeeeeeabccccccccccccccccccccc
eeeeeeeeeeeeeeeeeeeeeeeeeeeeabccccccccccccccccccccc
eeeeeeeeeeeeeeeeeeeeeeeeeeeeabccccccccccccccccccccc
eeeeeeeeeeeeeeeeeeeeeeeeeeeeabccccccccccccccccccccc
eeeeeeeeeeeeeeeeeeeeeeeeeeeeabccccccccccccccccccccc
eeeeeeeeeeeeeeeeeeeeeeeeeeeeabccccccccccccccccccccc
eeeeeeeeeeeeeeeeeeeeeeeeeeeeabccccccccccccccccccccc
eeeeeeeeeeeeeeeeeeeeeeeeeeeeabccccccccccccccccccccc
eeeeeeeeeeeeeeeeeeeeeeeeeeeeabccccccccccccccccccccc
eeeeeeeeeeeeeeeeeeeeeeeeeeeeabccccccccccccccccccccc
eeeeeeeeeeeeeeeeeeeeeeeeeeeeabcccccccccccccccccccccabccccccccccccccccccccc
eeeeeeeeeeeeeeeeeeeeeeeeeeee
abccccccccccccccccccccc
eeeeeeeeeeeeeeeeeeeeeeeeeeee
abccccccccccccccccccccc
eeeeeeeeeeeeeeeeeeeeeeeeeeeeabccccccccccccccccccccc
eeeeeeeeeeeeeeeeeeeeeeeeeeeeabccccccccccccccccccccc
eeeeeeeeeeeeeeeeeeeeeeeeeeeeabccccccccccccccccccccc
eeeeeeeeeeeeeeeeeeeeeeeeeeeeabccccccccccccccccccccc
eeeeeeeeeeeeeeeeeeeeeeeeeeeeabccccccccccccccccccccc
eeeeeeeeeeeeeeeeeeeeeeeeeeeeabccccccccccccccccccccc
eeeeeeeeeeeeeeeeeeeeeeeeeeeeabccccccccccccccccccccc
eeeeeeeeeeeeeeeeeeeeeeeeeeeeabccccccccccccccccccccc
eeeeeeeeeeeeeeeeeeeeeeeeeeeeabccccccccccccccccccccc
eeeeeeeeeeeeeeeeeeeeeeeeeeeeabccccccccccccccccccccc
eeeeeeeeeeeeeeeeeeeeeeeeeeeeabccccccccccccccccccccc
eeeeeeeeeeeeeeeeeeeeeeeeeeeeabcccccccccccccccccccccabccccccccccccccccccccc
eeeeeeeeeeeeeeeeeeeeeeeeeeee
abccccccccccccccccccccc
eeeeeeeeeeeeeeeeeeeeeeeeeeee
abccccccccccccccccccccc
eeeeeeeeeeeeeeeeeeeeeeeeeeeeabccccccccccccccccccccc
eeeeeeeeeeeeeeeeeeeeeeeeeeeeabccccccccccccccccccccc
eeeeeeeeeeeeeeeeeeeeeeeeeeeeabccccccccccccccccccccc
eeeeeeeeeeeeeeeeeeeeeeeeeeeeabccccccccccccccccccccc
eeeeeeeeeeeeeeeeeeeeeeeeeeeeabccccccccccccccccccccc
eeeeeeeeeeeeeeeeeeeeeeeeeeeeabccccccccccccccccccccc
eeeeeeeeeeeeeeeeeeeeeeeeeeeeabccccccccccccccccccccc
eeeeeeeeeeeeeeeeeeeeeeeeeeeeabccccccccccccccccccccc
eeeeeeeeeeeeeeeeeeeeeeeeeeeeabccccccccccccccccccccc
eeeeeeeeeeeeeeeeeeeeeeeeeeeeabccccccccccccccccccccc
eeeeeeeeeeeeeeeeeeeeeeeeeeeeabccccccccccccccccccccc
eeeeeeeeeeeeeeeeeeeeeeeeeeeeabcccccccccccccccccccccabccccccccccccccccccccc
eeeeeeeeeeeeeeeeeeeeeeeeeeee
abccccccccccccccccccccc
eeeeeeeeeeeeeeeeeeeeeeeeeeee
abccccccccccccccccccccc
eeeeeeeeeeeeeeeeeeeeeeeeeeeeabccccccccccccccccccccc
eeeeeeeeeeeeeeeeeeeeeeeeeeeeabccccccccccccccccccccc
eeeeeeeeeeeeeeeeeeeeeeeeeeeeabccccccccccccccccccccc
eeeeeeeeeeeeeeeeeeeeeeeeeeeeabccccccccccccccccccccc
eeeeeeeeeeeeeeeeeeeeeeeeeeeeabccccccccccccccccccccc
eeeeeeeeeeeeeeeeeeeeeeeeeeeeabccccccccccccccccccccc
eeeeeeeeeeeeeeeeeeeeeeeeeeeeabccccccccccccccccccccc
eeeeeeeeeeeeeeeeeeeeeeeeeeeeabccccccccccccccccccccc
eeeeeeeeeeeeeeeeeeeeeeeeeeeeabccccccccccccccccccccc
eeeeeeeeeeeeeeeeeeeeeeeeeeeeabccccccccccccccccccccc
eeeeeeeeeeeeeeeeeeeeeeeeeeeeabccccccccccccccccccccc
eeeeeeeeeeeeeeeeeeeeeeeeeeeeabcccccccccccccccccccccabccccccccccccccccccccc
eeeeeeeeeeeeeeeeeeeeeeeeeeee
abccccccccccccccccccccc
eeeeeeeeeeeeeeeeeeeeeeeeeeee
abccccccccccccccccccccc
eeeeeeeeeeeeeeeeeeeeeeeeeeeeabccccccccccccccccccccc
eeeeeeeeeeeeeeeeeeeeeeeeeeeeabccccccccccccccccccccc
eeeeeeeeeeeeeeeeeeeeeeeeeeeeabccccccccccccccccccccc
eeeeeeeeeeeeeeeeeeeeeeeeeeeeabccccccccccccccccccccc
eeeeeeeeeeeeeeeeeeeeeeeeeeeeabccccccccccccccccccccc
eeeeeeeeeeeeeeeeeeeeeeeeeeeeabccccccccccccccccccccc
eeeeeeeeeeeeeeeeeeeeeeeeeeeeabccccccccccccccccccccc
eeeeeeeeeeeeeeeeeeeeeeeeeeeeabccccccccccccccccccccc
eeeeeeeeeeeeeeeeeeeeeeeeeeeeabccccccccccccccccccccc
eeeeeeeeeeeeeeeeeeeeeeeeeeeeabccccccccccccccccccccc
eeeeeeeeeeeeeeeeeeeeeeeeeeeeabccccccccccccccccccccc
eeeeeeeeeeeeeeeeeeeeeeeeeeeeabcccccccccccccccccccccabccccccccccccccccccccc
eeeeeeeeeeeeeeeeeeeeeeeeeeee
abccccccccccccccccccccc
eeeeeeeeeeeeeeeeeeeeeeeeeeee
abccccccccccccccccccccc
eeeeeeeeeeeeeeeeeeeeeeeeeeeeabccccccccccccccccccccc
eeeeeeeeeeeeeeeeeeeeeeeeeeeeabccccccccccccccccccccc
eeeeeeeeeeeeeeeeeeeeeeeeeeeeabccccccccccccccccccccc
eeeeeeeeeeeeeeeeeeeeeeeeeeeeabccccccccccccccccccccc
eeeeeeeeeeeeeeeeeeeeeeeeeeeeabccccccccccccccccccccc
eeeeeeeeeeeeeeeeeeeeeeeeeeeeabccccccccccccccccccccc
eeeeeeeeeeeeeeeeeeeeeeeeeeeeabccccccccccccccccccccc
eeeeeeeeeeeeeeeeeeeeeeeeeeeeabccccccccccccccccccccc
eeeeeeeeeeeeeeeeeeeeeeeeeeeeabccccccccccccccccccccc
eeeeeeeeeeeeeeeeeeeeeeeeeeeeabccccccccccccccccccccc
eeeeeeeeeeeeeeeeeeeeeeeeeeeeabccccccccccccccccccccc
eeeeeeeeeeeeeeeeeeeeeeeeeeeeabcccccccccccccccccccccabccccccccccccccccccccc
eeeeeeeeeeeeeeeeeeeeeeeeeeee
abccccccccccccccccccccc
eeeeeeeeeeeeeeeeeeeeeeeeeeee
abccccccccccccccccccccc
eeeeeeeeeeeeeeeeeeeeeeeeeeeeabccccccccccccccccccccc
eeeeeeeeeeeeeeeeeeeeeeeeeeeeabccccccccccccccccccccc
eeeeeeeeeeeeeeeeeeeeeeeeeeeeabccccccccccccccccccccc
eeeeeeeeeeeeeeeeeeeeeeeeeeeeabccccccccccccccccccccc
eeeeeeeeeeeeeeeeeeeeeeeeeeeeabccccccccccccccccccccc
eeeeeeeeeeeeeeeeeeeeeeeeeeeeabccccccccccccccccccccc
eeeeeeeeeeeeeeeeeeeeeeeeeeeeabccccccccccccccccccccc
eeeeeeeeeeeeeeeeeeeeeeeeeeeeabccccccccccccccccccccc
eeeeeeeeeeeeeeeeeeeeeeeeeeeeabccccccccccccccccccccc
eeeeeeeeeeeeeeeeeeeeeeeeeeeeabccccccccccccccccccccc
eeeeeeeeeeeeeeeeeeeeeeeeeeeeabccccccccccccccccccccc
eeeeeeeeeeeeeeeeeeeeeeeeeeeeabcccccccccccccccccccccabccccccccccccccccccccc
eeeeeeeeeeeeeeeeeeeeeeeeeeee
abccccccccccccccccccccc
eeeeeeeeeeeeeeeeeeeeeeeeeeee
abccccccccccccccccccccc
eeeeeeeeeeeeeeeeeeeeeeeeeeeeabccccccccccccccccccccc
eeeeeeeeeeeeeeeeeeeeeeeeeeeeabccccccccccccccccccccc
eeeeeeeeeeeeeeeeeeeeeeeeeeeeabccccccccccccccccccccc
eeeeeeeeeeeeeeeeeeeeeeeeeeeeabccccccccccccccccccccc
eeeeeeeeeeeeeeeeeeeeeeeeeeeeabccccccccccccccccccccc
eeeeeeeeeeeeeeeeeeeeeeeeeeeeabccccccccccccccccccccc
eeeeeeeeeeeeeeeeeeeeeeeeeeeeabccccccccccccccccccccc
eeeeeeeeeeeeeeeeeeeeeeeeeeeeabccccccccccccccccccccc
eeeeeeeeeeeeeeeeeeeeeeeeeeeeabccccccccccccccccccccc
eeeeeeeeeeeeeeeeeeeeeeeeeeeeabccccccccccccccccccccc
eeeeeeeeeeeeeeeeeeeeeeeeeeeeabccccccccccccccccccccc
eeeeeeeeeeeeeeeeeeeeeeeeeeeeabcccccccccccccccccccccabccccccccccccccccccccc
eeeeeeeeeeeeeeeeeeeeeeeeeeee
abccccccccccccccccccccc
eeeeeeeeeeeeeeeeeeeeeeeeeeee
abccccccccccccccccccccc
eeeeeeeeeeeeeeeeeeeeeeeeeeeeabccccccccccccccccccccc
eeeeeeeeeeeeeeeeeeeeeeeeeeeeabccccccccccccccccccccc
eeeeeeeeeeeeeeeeeeeeeeeeeeeeabccccccccccccccccccccc
eeeeeeeeeeeeeeeeeeeeeeeeeeeeabccccccccccccccccccccc
eeeeeeeeeeeeeeeeeeeeeeeeeeeeabccccccccccccccccccccc
eeeeeeeeeeeeeeeeeeeeeeeeeeeeabccccccccccccccccccccc
eeeeeeeeeeeeeeeeeeeeeeeeeeeeabccccccccccccccccccccc
eeeeeeeeeeeeeeeeeeeeeeeeeeeeabccccccccccccccccccccc
eeeeeeeeeeeeeeeeeeeeeeeeeeeeabccccccccccccccccccccc
eeeeeeeeeeeeeeeeeeeeeeeeeeeeabccccccccccccccccccccc
eeeeeeeeeeeeeeeeeeeeeeeeeeeeabccccccccccccccccccccc
eeeeeeeeeeeeeeeeeeeeeeeeeeeeabcccccccccccccccccccccabccccccccccccccccccccc
eeeeeeeeeeeeeeeeeeeeeeeeeeee
abccccccccccccccccccccc
eeeeeeeeeeeeeeeeeeeeeeeeeeee
abccccccccccccccccccccc
eeeeeeeeeeeeeeeeeeeeeeeeeeeeabccccccccccccccccccccc
eeeeeeeeeeeeeeeeeeeeeeeeeeeeabccccccccccccccccccccc
eeeeeeeeeeeeeeeeeeeeeeeeeeeeabccccccccccccccccccccc
eeeeeeeeeeeeeeeeeeeeeeeeeeeeabccccccccccccccccccccc
eeeeeeeeeeeeeeeeeeeeeeeeeeeeabccccccccccccccccccccc
eeeeeeeeeeeeeeeeeeeeeeeeeeeeabccccccccccccccccccccc
eeeeeeeeeeeeeeeeeeeeeeeeeeeeabccccccccccccccccccccc
eeeeeeeeeeeeeeeeeeeeeeeeeeeeabccccccccccccccccccccc
eeeeeeeeeeeeeeeeeeeeeeeeeeeeabccccccccccccccccccccc
eeeeeeeeeeeeeeeeeeeeeeeeeeeeabccccccccccccccccccccc
eeeeeeeeeeeeeeeeeeeeeeeeeeeeabccccccccccccccccccccc
eeeeeeeeeeeeeeeeeeeeeeeeeeeeabcccccccccccccccccccccabccccccccccccccccccccc
eeeeeeeeeeeeeeeeeeeeeeeeeeee
abccccccccccccccccccccc
eeeeeeeeeeeeeeeeeeeeeeeeeeee
abccccccccccccccccccccc
eeeeeeeeeeeeeeeeeeeeeeeeeeeeabccccccccccccccccccccc
eeeeeeeeeeeeeeeeeeeeeeeeeeeeabccccccccccccccccccccc
eeeeeeeeeeeeeeeeeeeeeeeeeeeeabccccccccccccccccccccc
eeeeeeeeeeeeeeeeeeeeeeeeeeeeabccccccccccccccccccccc
eeeeeeeeeeeeeeeeeeeeeeeeeeeeabccccccccccccccccccccc
eeeeeeeeeeeeeeeeeeeeeeeeeeeeabccccccccccccccccccccc
eeeeeeeeeeeeeeeeeeeeeeeeeeeeabccccccccccccccccccccc
eeeeeeeeeeeeeeeeeeeeeeeeeeeeabccccccccccccccccccccc
eeeeeeeeeeeeeeeeeeeeeeeeeeeeabccccccccccccccccccccc
eeeeeeeeeeeeeeeeeeeeeeeeeeeeabccccccccccccccccccccc
eeeeeeeeeeeeeeeeeeeeeeeeeeeeabccccccccccccccccccccc
eeeeeeeeeeeeeeeeeeeeeeeeeeeeabcccccccccccccccccccccabccccccccccccccccccccc
eeeeeeeeeeeeeeeeeeeeeeeeeeee
abccccccccccccccccccccc
eeeeeeeeeeeeeeeeeeeeeeeeeeee
abccccccccccccccccccccc
eeeeeeeeeeeeeeeeeeeeeeeeeeeeabccccccccccccccccccccc
eeeeeeeeeeeeeeeeeeeeeeeeeeeeabccccccccccccccccccccc
eeeeeeeeeeeeeeeeeeeeeeeeeeeeabccccccccccccccccccccc
eeeeeeeeeeeeeeeeeeeeeeeeeeeeabccccccccccccccccccccc
eeeeeeeeeeeeeeeeeeeeeeeeeeeeabccccccccccccccccccccc
eeeeeeeeeeeeeeeeeeeeeeeeeeeeabccccccccccccccccccccc
eeeeeeeeeeeeeeeeeeeeeeeeeeeeabccccccccccccccccccccc
eeeeeeeeeeeeeeeeeeeeeeeeeeeeabccccccccccccccccccccc
eeeeeeeeeeeeeeeeeeeeeeeeeeeeabccccccccccccccccccccc
eeeeeeeeeeeeeeeeeeeeeeeeeeeeabccccccccccccccccccccc
eeeeeeeeeeeeeeeeeeeeeeeeeeeeabccccccccccccccccccccc
eeeeeeeeeeeeeeeeeeeeeeeeeeeeabcccccccccccccccccccccabccccccccccccccccccccc
eeeeeeeeeeeeeeeeeeeeeeeeeeee
abccccccccccccccccccccc
eeeeeeeeeeeeeeeeeeeeeeeeeeee
abccccccccccccccccccccc
eeeeeeeeeeeeeeeeeeeeeeeeeeeeabccccccccccccccccccccc
eeeeeeeeeeeeeeeeeeeeeeeeeeeeabccccccccccccccccccccc
eeeeeeeeeeeeeeeeeeeeeeeeeeeeabccccccccccccccccccccc
eeeeeeeeeeeeeeeeeeeeeeeeeeeeabccccccccccccccccccccc
eeeeeeeeeeeeeeeeeeeeeeeeeeeeabccccccccccccccccccccc
eeeeeeeeeeeeeeeeeeeeeeeeeeeeabccccccccccccccccccccc
eeeeeeeeeeeeeeeeeeeeeeeeeeeeabccccccccccccccccccccc
eeeeeeeeeeeeeeeeeeeeeeeeeeeeabccccccccccccccccccccc
eeeeeeeeeeeeeeeeeeeeeeeeeeeeabccccccccccccccccccccc
eeeeeeeeeeeeeeeeeeeeeeeeeeeeabccccccccccccccccccccc
eeeeeeeeeeeeeeeeeeeeeeeeeeeeabccccccccccccccccccccc
eeeeeeeeeeeeeeeeeeeeeeeeeeeeabcccccccccccccccccccccabccccccccccccccccccccc
eeeeeeeeeeeeeeeeeeeeeeeeeeee
abccccccccccccccccccccc
eeeeeeeeeeeeeeeeeeeeeeeeeeee
abccccccccccccccccccccc
eeeeeeeeeeeeeeeeeeeeeeeeeeeeabccccccccccccccccccccc
eeeeeeeeeeeeeeeeeeeeeeeeeeeeabccccccccccccccccccccc
eeeeeeeeeeeeeeeeeeeeeeeeeeeeabccccccccccccccccccccc
eeeeeeeeeeeeeeeeeeeeeeeeeeeeabccccccccccccccccccccc
eeeeeeeeeeeeeeeeeeeeeeeeeeeeabccccccccccccccccccccc
eeeeeeeeeeeeeeeeeeeeeeeeeeeeabccccccccccccccccccccc
eeeeeeeeeeeeeeeeeeeeeeeeeeeeabccccccccccccccccccccc
eeeeeeeeeeeeeeeeeeeeeeeeeeeeabccccccccccccccccccccc
eeeeeeeeeeeeeeeeeeeeeeeeeeeeabccccccccccccccccccccc
eeeeeeeeeeeeeeeeeeeeeeeeeeeeabccccccccccccccccccccc
eeeeeeeeeeeeeeeeeeeeeeeeeeeeabccccccccccccccccccccc
eeeeeeeeeeeeeeeeeeeeeeeeeeeeabcccccccccccccccccccccabccccccccccccccccccccc
eeeeeeeeeeeeeeeeeeeeeeeeeeee
abccccccccccccccccccccc
eeeeeeeeeeeeeeeeeeeeeeeeeeee
abccccccccccccccccccccc
eeeeeeeeeeeeeeeeeeeeeeeeeeeeabccccccccccccccccccccc
eeeeeeeeeeeeeeeeeeeeeeeeeeeeabccccccccccccccccccccc
eeeeeeeeeeeeeeeeeeeeeeeeeeeeabccccccccccccccccccccc
eeeeeeeeeeeeeeeeeeeeeeeeeeeeabccccccccccccccccccccc
eeeeeeeeeeeeeeeeeeeeeeeeeeeeabccccccccccccccccccccc
eeeeeeeeeeeeeeeeeeeeeeeeeeeeabccccccccccccccccccccc
eeeeeeeeeeeeeeeeeeeeeeeeeeeeabccccccccccccccccccccc
eeeeeeeeeeeeeeeeeeeeeeeeeeeeabccccccccccccccccccccc
eeeeeeeeeeeeeeeeeeeeeeeeeeeeabccccccccccccccccccccc
eeeeeeeeeeeeeeeeeeeeeeeeeeeeabccccccccccccccccccccc
eeeeeeeeeeeeeeeeeeeeeeeeeeeeabccccccccccccccccccccc
eeeeeeeeeeeeeeeeeeeeeeeeeeeeabcccccccccccccccccccccabccccccccccccccccccccc
eeeeeeeeeeeeeeeeeeeeeeeeeeee
abccccccccccccccccccccc
eeeeeeeeeeeeeeeeeeeeeeeeeeee
abccccccccccccccccccccc
eeeeeeeeeeeeeeeeeeeeeeeeeeeeabccccccccccccccccccccc
eeeeeeeeeeeeeeeeeeeeeeeeeeeeabccccccccccccccccccccc
eeeeeeeeeeeeeeeeeeeeeeeeeeeeabccccccccccccccccccccc
eeeeeeeeeeeeeeeeeeeeeeeeeeeeabccccccccccccccccccccc
eeeeeeeeeeeeeeeeeeeeeeeeeeeeabccccccccccccccccccccc
eeeeeeeeeeeeeeeeeeeeeeeeeeeeabccccccccccccccccccccc
eeeeeeeeeeeeeeeeeeeeeeeeeeeeabccccccccccccccccccccc
eeeeeeeeeeeeeeeeeeeeeeeeeeeeabccccccccccccccccccccc
eeeeeeeeeeeeeeeeeeeeeeeeeeeeabccccccccccccccccccccc
eeeeeeeeeeeeeeeeeeeeeeeeeeeeabccccccccccccccccccccc
eeeeeeeeeeeeeeeeeeeeeeeeeeeeabccccccccccccccccccccc
eeeeeeeeeeeeeeeeeeeeeeeeeeeeabcccccccccccccccccccccabccccccccccccccccccccc
eeeeeeeeeeeeeeeeeeeeeeeeeeee
abccccccccccccccccccccc
eeeeeeeeeeeeeeeeeeeeeeeeeeee
abccccccccccccccccccccc
eeeeeeeeeeeeeeeeeeeeeeeeeeeeabccccccccccccccccccccc
eeeeeeeeeeeeeeeeeeeeeeeeeeeeabccccccccccccccccccccc
eeeeeeeeeeeeeeeeeeeeeeeeeeeeabccccccccccccccccccccc
eeeeeeeeeeeeeeeeeeeeeeeeeeeeabccccccccccccccccccccc
eeeeeeeeeeeeeeeeeeeeeeeeeeeeabccccccccccccccccccccc
eeeeeeeeeeeeeeeeeeeeeeeeeeeeabccccccccccccccccccccc
eeeeeeeeeeeeeeeeeeeeeeeeeeeeabccccccccccccccccccccc
eeeeeeeeeeeeeeeeeeeeeeeeeeeeabccccccccccccccccccccc
eeeeeeeeeeeeeeeeeeeeeeeeeeeeabccccccccccccccccccccc
eeeeeeeeeeeeeeeeeeeeeeeeeeeeabccccccccccccccccccccc
eeeeeeeeeeeeeeeeeeeeeeeeeeeeabccccccccccccccccccccc
eeeeeeeeeeeeeeeeeeeeeeeeeeeeabcccccccccccccccccccccabccccccccccccccccccccc
eeeeeeeeeeeeeeeeeeeeeeeeeeee
abccccccccccccccccccccc
eeeeeeeeeeeeeeeeeeeeeeeeeeee
abccccccccccccccccccccc
eeeeeeeeeeeeeeeeeeeeeeeeeeeeabccccccccccccccccccccc
eeeeeeeeeeeeeeeeeeeeeeeeeeeeabccccccccccccccccccccc
eeeeeeeeeeeeeeeeeeeeeeeeeeeeabccccccccccccccccccccc
eeeeeeeeeeeeeeeeeeeeeeeeeeeeabccccccccccccccccccccc
eeeeeeeeeeeeeeeeeeeeeeeeeeeeabccccccccccccccccccccc
eeeeeeeeeeeeeeeeeeeeeeeeeeeeabccccccccccccccccccccc
eeeeeeeeeeeeeeeeeeeeeeeeeeeeabccccccccccccccccccccc
eeeeeeeeeeeeeeeeeeeeeeeeeeeeabccccccccccccccccccccc
eeeeeeeeeeeeeeeeeeeeeeeeeeeeabccccccccccccccccccccc
eeeeeeeeeeeeeeeeeeeeeeeeeeeeabccccccccccccccccccccc
eeeeeeeeeeeeeeeeeeeeeeeeeeeeabccccccccccccccccccccc
eeeeeeeeeeeeeeeeeeeeeeeeeeeeabcccccccccccccccccccccabccccccccccccccccccccc
eeeeeeeeeeeeeeeeeeeeeeeeeeee
abccccccccccccccccccccc
eeeeeeeeeeeeeeeeeeeeeeeeeeee
abccccccccccccccccccccc
eeeeeeeeeeeeeeeeeeeeeeeeeeeeabccccccccccccccccccccc
eeeeeeeeeeeeeeeeeeeeeeeeeeeeabccccccccccccccccccccc
eeeeeeeeeeeeeeeeeeeeeeeeeeeeabccccccccccccccccccccc
eeeeeeeeeeeeeeeeeeeeeeeeeeeeabccccccccccccccccccccc
eeeeeeeeeeeeeeeeeeeeeeeeeeeeabccccccccccccccccccccc
eeeeeeeeeeeeeeeeeeeeeeeeeeeeabccccccccccccccccccccc
eeeeeeeeeeeeeeeeeeeeeeeeeeeeabccccccccccccccccccccc
eeeeeeeeeeeeeeeeeeeeeeeeeeeeabccccccccccccccccccccc
eeeeeeeeeeeeeeeeeeeeeeeeeeeeabccccccccccccccccccccc
eeeeeeeeeeeeeeeeeeeeeeeeeeeeabccccccccccccccccccccc
eeeeeeeeeeeeeeeeeeeeeeeeeeeeabccccccccccccccccccccc
eeeeeeeeeeeeeeeeeeeeeeeeeeeeabcccccccccccccccccccccabccccccccccccccccccccc
eeeeeeeeeeeeeeeeeeeeeeeeeeee
abccccccccccccccccccccc
eeeeeeeeeeeeeeeeeeeeeeeeeeee
abccccccccccccccccccccc
eeeeeeeeeeeeeeeeeeeeeeeeeeeeabccccccccccccccccccccc
eeeeeeeeeeeeeeeeeeeeeeeeeeeeabccccccccccccccccccccc
eeeeeeeeeeeeeeeeeeeeeeeeeeeeabccccccccccccccccccccc
eeeeeeeeeeeeeeeeeeeeeeeeeeeeabccccccccccccccccccccc
eeeeeeeeeeeeeeeeeeeeeeeeeeeeabccccccccccccccccccccc
eeeeeeeeeeeeeeeeeeeeeeeeeeeeabccccccccccccccccccccc
eeeeeeeeeeeeeeeeeeeeeeeeeeeeabccccccccccccccccccccc
eeeeeeeeeeeeeeeeeeeeeeeeeeeeabccccccccccccccccccccc
eeeeeeeeeeeeeeeeeeeeeeeeeeeeabccccccccccccccccccccc
eeeeeeeeeeeeeeeeeeeeeeeeeeeeabccccccccccccccccccccc
eeeeeeeeeeeeeeeeeeeeeeeeeeeeabccccccccccccccccccccc
eeeeeeeeeeeeeeeeeeeeeeeeeeeeabcccccccccccccccccccccabccccccccccccccccccccc
eeeeeeeeeeeeeeeeeeeeeeeeeeee
abccccccccccccccccccccc
eeeeeeeeeeeeeeeeeeeeeeeeeeee
abccccccccccccccccccccc
eeeeeeeeeeeeeeeeeeeeeeeeeeeeabccccccccccccccccccccc
eeeeeeeeeeeeeeeeeeeeeeeeeeeeabccccccccccccccccccccc
eeeeeeeeeeeeeeeeeeeeeeeeeeeeabccccccccccccccccccccc
eeeeeeeeeeeeeeeeeeeeeeeeeeeeabccccccccccccccccccccc
eeeeeeeeeeeeeeeeeeeeeeeeeeeeabccccccccccccccccccccc
eeeeeeeeeeeeeeeeeeeeeeeeeeeeabccccccccccccccccccccc
eeeeeeeeeeeeeeeeeeeeeeeeeeeeabccccccccccccccccccccc
eeeeeeeeeeeeeeeeeeeeeeeeeeeeabccccccccccccccccccccc
eeeeeeeeeeeeeeeeeeeeeeeeeeeeabccccccccccccccccccccc
eeeeeeeeeeeeeeeeeeeeeeeeeeeeabccccccccccccccccccccc
eeeeeeeeeeeeeeeeeeeeeeeeeeeeabccccccccccccccccccccc
eeeeeeeeeeeeeeeeeeeeeeeeeeeeabcccccccccccccccccccccabccccccccccccccccccccc
eeeeeeeeeeeeeeeeeeeeeeeeeeee
abccccccccccccccccccccc
eeeeeeeeeeeeeeeeeeeeeeeeeeee
abccccccccccccccccccccc
eeeeeeeeeeeeeeeeeeeeeeeeeeeeabccccccccccccccccccccc
eeeeeeeeeeeeeeeeeeeeeeeeeeeeabccccccccccccccccccccc
eeeeeeeeeeeeeeeeeeeeeeeeeeeeabccccccccccccccccccccc
eeeeeeeeeeeeeeeeeeeeeeeeeeeeabccccccccccccccccccccc
eeeeeeeeeeeeeeeeeeeeeeeeeeeeabccccccccccccccccccccc
eeeeeeeeeeeeeeeeeeeeeeeeeeeeabccccccccccccccccccccc
eeeeeeeeeeeeeeeeeeeeeeeeeeeeabccccccccccccccccccccc
eeeeeeeeeeeeeeeeeeeeeeeeeeeeabccccccccccccccccccccc
eeeeeeeeeeeeeeeeeeeeeeeeeeeeabccccccccccccccccccccc
eeeeeeeeeeeeeeeeeeeeeeeeeeeeabccccccccccccccccccccc
eeeeeeeeeeeeeeeeeeeeeeeeeeeeabccccccccccccccccccccc
eeeeeeeeeeeeeeeeeeeeeeeeeeeeabcccccccccccccccccccccabccccccccccccccccccccc
eeeeeeeeeeeeeeeeeeeeeeeeeeee
abccccccccccccccccccccc
eeeeeeeeeeeeeeeeeeeeeeeeeeee
abccccccccccccccccccccc
eeeeeeeeeeeeeeeeeeeeeeeeeeeeabccccccccccccccccccccc
eeeeeeeeeeeeeeeeeeeeeeeeeeeeabccccccccccccccccccccc
eeeeeeeeeeeeeeeeeeeeeeeeeeeeabccccccccccccccccccccc
eeeeeeeeeeeeeeeeeeeeeeeeeeeeabccccccccccccccccccccc
eeeeeeeeeeeeeeeeeeeeeeeeeeeeabccccccccccccccccccccc
eeeeeeeeeeeeeeeeeeeeeeeeeeeeabccccccccccccccccccccc
eeeeeeeeeeeeeeeeeeeeeeeeeeeeabccccccccccccccccccccc
eeeeeeeeeeeeeeeeeeeeeeeeeeeeabccccccccccccccccccccc
eeeeeeeeeeeeeeeeeeeeeeeeeeeeabccccccccccccccccccccc
eeeeeeeeeeeeeeeeeeeeeeeeeeeeabccccccccccccccccccccc
eeeeeeeeeeeeeeeeeeeeeeeeeeeeabccccccccccccccccccccc
eeeeeeeeeeeeeeeeeeeeeeeeeeeeabcccccccccccccccccccccabccccccccccccccccccccc
eeeeeeeeeeeeeeeeeeeeeeeeeeee
abccccccccccccccccccccc
eeeeeeeeeeeeeeeeeeeeeeeeeeee
abccccccccccccccccccccc
eeeeeeeeeeeeeeeeeeeeeeeeeeeeabccccccccccccccccccccc
eeeeeeeeeeeeeeeeeeeeeeeeeeeeabccccccccccccccccccccc
eeeeeeeeeeeeeeeeeeeeeeeeeeeeabccccccccccccccccccccc
eeeeeeeeeeeeeeeeeeeeeeeeeeeeabccccccccccccccccccccc
eeeeeeeeeeeeeeeeeeeeeeeeeeeeabccccccccccccccccccccc
eeeeeeeeeeeeeeeeeeeeeeeeeeeeabccccccccccccccccccccc
eeeeeeeeeeeeeeeeeeeeeeeeeeeeabccccccccccccccccccccc
eeeeeeeeeeeeeeeeeeeeeeeeeeeeabccccccccccccccccccccc
eeeeeeeeeeeeeeeeeeeeeeeeeeeeabccccccccccccccccccccc
eeeeeeeeeeeeeeeeeeeeeeeeeeeeabccccccccccccccccccccc
eeeeeeeeeeeeeeeeeeeeeeeeeeeeabccccccccccccccccccccc
eeeeeeeeeeeeeeeeeeeeeeeeeeeeabcccccccccccccccccccccabccccccccccccccccccccc
eeeeeeeeeeeeeeeeeeeeeeeeeeee
abccccccccccccccccccccc
eeeeeeeeeeeeeeeeeeeeeeeeeeee
abccccccccccccccccccccc
eeeeeeeeeeeeeeeeeeeeeeeeeeeeabccccccccccccccccccccc
eeeeeeeeeeeeeeeeeeeeeeeeeeeeabccccccccccccccccccccc
eeeeeeeeeeeeeeeeeeeeeeeeeeeeabccccccccccccccccccccc
eeeeeeeeeeeeeeeeeeeeeeeeeeeeabccccccccccccccccccccc
eeeeeeeeeeeeeeeeeeeeeeeeeeeeabccccccccccccccccccccc
eeeeeeeeeeeeeeeeeeeeeeeeeeeeabccccccccccccccccccccc
eeeeeeeeeeeeeeeeeeeeeeeeeeeeabccccccccccccccccccccc
eeeeeeeeeeeeeeeeeeeeeeeeeeeeabccccccccccccccccccccc
eeeeeeeeeeeeeeeeeeeeeeeeeeeeabccccccccccccccccccccc
eeeeeeeeeeeeeeeeeeeeeeeeeeeeabccccccccccccccccccccc
eeeeeeeeeeeeeeeeeeeeeeeeeeeeabccccccccccccccccccccc
eeeeeeeeeeeeeeeeeeeeeeeeeeeeabcccccccccccccccccccccabccccccccccccccccccccc
eeeeeeeeeeeeeeeeeeeeeeeeeeee
abccccccccccccccccccccc
eeeeeeeeeeeeeeeeeeeeeeeeeeee
abccccccccccccccccccccc
eeeeeeeeeeeeeeeeeeeeeeeeeeeeabccccccccccccccccccccc
eeeeeeeeeeeeeeeeeeeeeeeeeeeeabccccccccccccccccccccc
eeeeeeeeeeeeeeeeeeeeeeeeeeeeabccccccccccccccccccccc
eeeeeeeeeeeeeeeeeeeeeeeeeeeeabccccccccccccccccccccc
eeeeeeeeeeeeeeeeeeeeeeeeeeeeabccccccccccccccccccccc
eeeeeeeeeeeeeeeeeeeeeeeeeeeeabccccccccccccccccccccc
eeeeeeeeeeeeeeeeeeeeeeeeeeeeabccccccccccccccccccccc
eeeeeeeeeeeeeeeeeeeeeeeeeeeeabccccccccccccccccccccc
eeeeeeeeeeeeeeeeeeeeeeeeeeeeabccccccccccccccccccccc
eeeeeeeeeeeeeeeeeeeeeeeeeeeeabccccccccccccccccccccc
eeeeeeeeeeeeeeeeeeeeeeeeeeeeabccccccccccccccccccccc
eeeeeeeeeeeeeeeeeeeeeeeeeeeeabcccccccccccccccccccccabccccccccccccccccccccc
eeeeeeeeeeeeeeeeeeeeeeeeeeee
abccccccccccccccccccccc
eeeeeeeeeeeeeeeeeeeeeeeeeeee
abccccccccccccccccccccc
eeeeeeeeeeeeeeeeeeeeeeeeeeeeabccccccccccccccccccccc
eeeeeeeeeeeeeeeeeeeeeeeeeeeeabccccccccccccccccccccc
eeeeeeeeeeeeeeeeeeeeeeeeeeeeabccccccccccccccccccccc
eeeeeeeeeeeeeeeeeeeeeeeeeeeeabccccccccccccccccccccc
eeeeeeeeeeeeeeeeeeeeeeeeeeeeabccccccccccccccccccccc
eeeeeeeeeeeeeeeeeeeeeeeeeeeeabccccccccccccccccccccc
eeeeeeeeeeeeeeeeeeeeeeeeeeeeabccccccccccccccccccccc
eeeeeeeeeeeeeeeeeeeeeeeeeeeeabccccccccccccccccccccc
eeeeeeeeeeeeeeeeeeeeeeeeeeeeabccccccccccccccccccccc
eeeeeeeeeeeeeeeeeeeeeeeeeeeeabccccccccccccccccccccc
eeeeeeeeeeeeeeeeeeeeeeeeeeeeabccccccccccccccccccccc
eeeeeeeeeeeeeeeeeeeeeeeeeeeeabcccccccccccccccccccccabccccccccccccccccccccc
eeeeeeeeeeeeeeeeeeeeeeeeeeee
abccccccccccccccccccccc
eeeeeeeeeeeeeeeeeeeeeeeeeeee
abccccccccccccccccccccc
eeeeeeeeeeeeeeeeeeeeeeeeeeeeabccccccccccccccccccccc
eeeeeeeeeeeeeeeeeeeeeeeeeeeeabccccccccccccccccccccc
eeeeeeeeeeeeeeeeeeeeeeeeeeeeabccccccccccccccccccccc
eeeeeeeeeeeeeeeeeeeeeeeeeeeeabccccccccccccccccccccc
eeeeeeeeeeeeeeeeeeeeeeeeeeeeabccccccccccccccccccccc
eeeeeeeeeeeeeeeeeeeeeeeeeeeeabccccccccccccccccccccc
eeeeeeeeeeeeeeeeeeeeeeeeeeeeabccccccccccccccccccccc
eeeeeeeeeeeeeeeeeeeeeeeeeeeeabccccccccccccccccccccc
eeeeeeeeeeeeeeeeeeeeeeeeeeeeabccccccccccccccccccccc
eeeeeeeeeeeeeeeeeeeeeeeeeeeeabccccccccccccccccccccc
eeeeeeeeeeeeeeeeeeeeeeeeeeeeabccccccccccccccccccccc
eeeeeeeeeeeeeeeeeeeeeeeeeeeeabcccccccccccccccccccccabccccccccccccccccccccc
eeeeeeeeeeeeeeeeeeeeeeeeeeee
abccccccccccccccccccccc
eeeeeeeeeeeeeeeeeeeeeeeeeeee
abccccccccccccccccccccc
eeeeeeeeeeeeeeeeeeeeeeeeeeeeabccccccccccccccccccccc
eeeeeeeeeeeeeeeeeeeeeeeeeeeeabccccccccccccccccccccc
eeeeeeeeeeeeeeeeeeeeeeeeeeeeabccccccccccccccccccccc
eeeeeeeeeeeeeeeeeeeeeeeeeeeeabccccccccccccccccccccc
eeeeeeeeeeeeeeeeeeeeeeeeeeeeabccccccccccccccccccccc
eeeeeeeeeeeeeeeeeeeeeeeeeeeeabccccccccccccccccccccc
eeeeeeeeeeeeeeeeeeeeeeeeeeeeabccccccccccccccccccccc
eeeeeeeeeeeeeeeeeeeeeeeeeeeeabccccccccccccccccccccc
eeeeeeeeeeeeeeeeeeeeeeeeeeeeabccccccccccccccccccccc
eeeeeeeeeeeeeeeeeeeeeeeeeeeeabccccccccccccccccccccc
eeeeeeeeeeeeeeeeeeeeeeeeeeeeabccccccccccccccccccccc
eeeeeeeeeeeeeeeeeeeeeeeeeeeeabcccccccccccccccccccccabccccccccccccccccccccc
eeeeeeeeeeeeeeeeeeeeeeeeeeee
abccccccccccccccccccccc
eeeeeeeeeeeeeeeeeeeeeeeeeeee
abccccccccccccccccccccc
eeeeeeeeeeeeeeeeeeeeeeeeeeeeabccccccccccccccccccccc
eeeeeeeeeeeeeeeeeeeeeeeeeeeeabccccccccccccccccccccc
eeeeeeeeeeeeeeeeeeeeeeeeeeeeabccccccccccccccccccccc
eeeeeeeeeeeeeeeeeeeeeeeeeeeeabccccccccccccccccccccc
eeeeeeeeeeeeeeeeeeeeeeeeeeeeabccccccccccccccccccccc
eeeeeeeeeeeeeeeeeeeeeeeeeeeeabccccccccccccccccccccc
eeeeeeeeeeeeeeeeeeeeeeeeeeeeabccccccccccccccccccccc
eeeeeeeeeeeeeeeeeeeeeeeeeeeeabccccccccccccccccccccc
eeeeeeeeeeeeeeeeeeeeeeeeeeeeabccccccccccccccccccccc
eeeeeeeeeeeeeeeeeeeeeeeeeeeeabccccccccccccccccccccc
eeeeeeeeeeeeeeeeeeeeeeeeeeeeabccccccccccccccccccccc
eeeeeeeeeeeeeeeeeeeeeeeeeeeeabcccccccccccccccccccccabccccccccccccccccccccc
eeeeeeeeeeeeeeeeeeeeeeeeeeee
abccccccccccccccccccccc
eeeeeeeeeeeeeeeeeeeeeeeeeeee
abccccccccccccccccccccc
eeeeeeeeeeeeeeeeeeeeeeeeeeeeabccccccccccccccccccccc
eeeeeeeeeeeeeeeeeeeeeeeeeeeeabccccccccccccccccccccc
eeeeeeeeeeeeeeeeeeeeeeeeeeeeabccccccccccccccccccccc
eeeeeeeeeeeeeeeeeeeeeeeeeeeeabccccccccccccccccccccc
eeeeeeeeeeeeeeeeeeeeeeeeeeeeabccccccccccccccccccccc
eeeeeeeeeeeeeeeeeeeeeeeeeeeeabccccccccccccccccccccc
eeeeeeeeeeeeeeeeeeeeeeeeeeeeabccccccccccccccccccccc
eeeeeeeeeeeeeeeeeeeeeeeeeeeeabccccccccccccccccccccc
eeeeeeeeeeeeeeeeeeeeeeeeeeeeabccccccccccccccccccccc
eeeeeeeeeeeeeeeeeeeeeeeeeeeeabccccccccccccccccccccc
eeeeeeeeeeeeeeeeeeeeeeeeeeeeabccccccccccccccccccccc
eeeeeeeeeeeeeeeeeeeeeeeeeeeeabcccccccccccccccccccccabccccccccccccccccccccc
eeeeeeeeeeeeeeeeeeeeeeeeeeee
abccccccccccccccccccccc
eeeeeeeeeeeeeeeeeeeeeeeeeeee
abccccccccccccccccccccc
eeeeeeeeeeeeeeeeeeeeeeeeeeeeabccccccccccccccccccccc
eeeeeeeeeeeeeeeeeeeeeeeeeeeeabccccccccccccccccccccc
eeeeeeeeeeeeeeeeeeeeeeeeeeeeabccccccccccccccccccccc
eeeeeeeeeeeeeeeeeeeeeeeeeeeeabccccccccccccccccccccc
eeeeeeeeeeeeeeeeeeeeeeeeeeeeabccccccccccccccccccccc
eeeeeeeeeeeeeeeeeeeeeeeeeeeeabccccccccccccccccccccc
eeeeeeeeeeeeeeeeeeeeeeeeeeeeabccccccccccccccccccccc
eeeeeeeeeeeeeeeeeeeeeeeeeeeeabccccccccccccccccccccc
eeeeeeeeeeeeeeeeeeeeeeeeeeeeabccccccccccccccccccccc
eeeeeeeeeeeeeeeeeeeeeeeeeeeeabccccccccccccccccccccc
eeeeeeeeeeeeeeeeeeeeeeeeeeeeabccccccccccccccccccccc
eeeeeeeeeeeeeeeeeeeeeeeeeeeeabcccccccccccccccccccccabccccccccccccccccccccc
eeeeeeeeeeeeeeeeeeeeeeeeeeee
abccccccccccccccccccccc
eeeeeeeeeeeeeeeeeeeeeeeeeeee
abccccccccccccccccccccc
eeeeeeeeeeeeeeeeeeeeeeeeeeeeabccccccccccccccccccccc
eeeeeeeeeeeeeeeeeeeeeeeeeeeeabccccccccccccccccccccc
eeeeeeeeeeeeeeeeeeeeeeeeeeeeabccccccccccccccccccccc
eeeeeeeeeeeeeeeeeeeeeeeeeeeeabccccccccccccccccccccc
eeeeeeeeeeeeeeeeeeeeeeeeeeeeabccccccccccccccccccccc
eeeeeeeeeeeeeeeeeeeeeeeeeeeeabccccccccccccccccccccc
eeeeeeeeeeeeeeeeeeeeeeeeeeeeabccccccccccccccccccccc
eeeeeeeeeeeeeeeeeeeeeeeeeeeeabccccccccccccccccccccc
eeeeeeeeeeeeeeeeeeeeeeeeeeeeabccccccccccccccccccccc
eeeeeeeeeeeeeeeeeeeeeeeeeeeeabccccccccccccccccccccc
eeeeeeeeeeeeeeeeeeeeeeeeeeeeabccccccccccccccccccccc
eeeeeeeeeeeeeeeeeeeeeeeeeeeeabcccccccccccccccccccccabccccccccccccccccccccc
eeeeeeeeeeeeeeeeeeeeeeeeeeee
abccccccccccccccccccccc
eeeeeeeeeeeeeeeeeeeeeeeeeeee
abccccccccccccccccccccc
eeeeeeeeeeeeeeeeeeeeeeeeeeeeabccccccccccccccccccccc
eeeeeeeeeeeeeeeeeeeeeeeeeeeeabccccccccccccccccccccc
eeeeeeeeeeeeeeeeeeeeeeeeeeeeabccccccccccccccccccccc
eeeeeeeeeeeeeeeeeeeeeeeeeeeeabccccccccccccccccccccc
eeeeeeeeeeeeeeeeeeeeeeeeeeeeabccccccccccccccccccccc
eeeeeeeeeeeeeeeeeeeeeeeeeeeeabccccccccccccccccccccc
eeeeeeeeeeeeeeeeeeeeeeeeeeeeabccccccccccccccccccccc
eeeeeeeeeeeeeeeeeeeeeeeeeeeeabccccccccccccccccccccc
eeeeeeeeeeeeeeeeeeeeeeeeeeeeabccccccccccccccccccccc
eeeeeeeeeeeeeeeeeeeeeeeeeeeeabccccccccccccccccccccc
eeeeeeeeeeeeeeeeeeeeeeeeeeeeabccccccccccccccccccccc
eeeeeeeeeeeeeeeeeeeeeeeeeeeeabcccccccccccccccccccccabccccccccccccccccccccc
eeeeeeeeeeeeeeeeeeeeeeeeeeee
abccccccccccccccccccccc
eeeeeeeeeeeeeeeeeeeeeeeeeeee
abccccccccccccccccccccc
eeeeeeeeeeeeeeeeeeeeeeeeeeeeabccccccccccccccccccccc
eeeeeeeeeeeeeeeeeeeeeeeeeeeeabccccccccccccccccccccc
eeeeeeeeeeeeeeeeeeeeeeeeeeeeabccccccccccccccccccccc
eeeeeeeeeeeeeeeeeeeeeeeeeeeeabccccccccccccccccccccc
eeeeeeeeeeeeeeeeeeeeeeeeeeeeabccccccccccccccccccccc
eeeeeeeeeeeeeeeeeeeeeeeeeeeeabccccccccccccccccccccc
eeeeeeeeeeeeeeeeeeeeeeeeeeeeabccccccccccccccccccccc
eeeeeeeeeeeeeeeeeeeeeeeeeeeeabccccccccccccccccccccc
eeeeeeeeeeeeeeeeeeeeeeeeeeeeabccccccccccccccccccccc
eeeeeeeeeeeeeeeeeeeeeeeeeeeeabccccccccccccccccccccc
eeeeeeeeeeeeeeeeeeeeeeeeeeeeabccccccccccccccccccccc
eeeeeeeeeeeeeeeeeeeeeeeeeeeeabcccccccccccccccccccccabccccccccccccccccccccc
eeeeeeeeeeeeeeeeeeeeeeeeeeee
abccccccccccccccccccccc
eeeeeeeeeeeeeeeeeeeeeeeeeeee
abccccccccccccccccccccc
eeeeeeeeeeeeeeeeeeeeeeeeeeeeabccccccccccccccccccccc
eeeeeeeeeeeeeeeeeeeeeeeeeeeeabccccccccccccccccccccc
eeeeeeeeeeeeeeeeeeeeeeeeeeeeabccccccccccccccccccccc
eeeeeeeeeeeeeeeeeeeeeeeeeeeeabccccccccccccccccccccc
eeeeeeeeeeeeeeeeeeeeeeeeeeeeabccccccccccccccccccccc
eeeeeeeeeeeeeeeeeeeeeeeeeeeeabccccccccccccccccccccc
eeeeeeeeeeeeeeeeeeeeeeeeeeeeabccccccccccccccccccccc
eeeeeeeeeeeeeeeeeeeeeeeeeeeeabccccccccccccccccccccc
eeeeeeeeeeeeeeeeeeeeeeeeeeeeabccccccccccccccccccccc
eeeeeeeeeeeeeeeeeeeeeeeeeeeeabccccccccccccccccccccc
eeeeeeeeeeeeeeeeeeeeeeeeeeeeabccccccccccccccccccccc
eeeeeeeeeeeeeeeeeeeeeeeeeeeeabcccccccccccccccccccccabccccccccccccccccccccc
eeeeeeeeeeeeeeeeeeeeeeeeeeee
abccccccccccccccccccccc
eeeeeeeeeeeeeeeeeeeeeeeeeeee
abccccccccccccccccccccc
eeeeeeeeeeeeeeeeeeeeeeeeeeeeabccccccccccccccccccccc
eeeeeeeeeeeeeeeeeeeeeeeeeeeeabccccccccccccccccccccc
eeeeeeeeeeeeeeeeeeeeeeeeeeeeabccccccccccccccccccccc
eeeeeeeeeeeeeeeeeeeeeeeeeeeeabccccccccccccccccccccc
eeeeeeeeeeeeeeeeeeeeeeeeeeeeabccccccccccccccccccccc
eeeeeeeeeeeeeeeeeeeeeeeeeeeeabccccccccccccccccccccc
eeeeeeeeeeeeeeeeeeeeeeeeeeeeabccccccccccccccccccccc
eeeeeeeeeeeeeeeeeeeeeeeeeeeeabccccccccccccccccccccc
eeeeeeeeeeeeeeeeeeeeeeeeeeeeabccccccccccccccccccccc
eeeeeeeeeeeeeeeeeeeeeeeeeeeeabccccccccccccccccccccc
eeeeeeeeeeeeeeeeeeeeeeeeeeeeabccccccccccccccccccccc
eeeeeeeeeeeeeeeeeeeeeeeeeeeeabcccccccccccccccccccccabccccccccccccccccccccc
eeeeeeeeeeeeeeeeeeeeeeeeeeee
abccccccccccccccccccccc
eeeeeeeeeeeeeeeeeeeeeeeeeeee
abccccccccccccccccccccc
eeeeeeeeeeeeeeeeeeeeeeeeeeeeabccccccccccccccccccccc
eeeeeeeeeeeeeeeeeeeeeeeeeeeeabccccccccccccccccccccc
eeeeeeeeeeeeeeeeeeeeeeeeeeeeabccccccccccccccccccccc
eeeeeeeeeeeeeeeeeeeeeeeeeeeeabccccccccccccccccccccc
eeeeeeeeeeeeeeeeeeeeeeeeeeeeabccccccccccccccccccccc
eeeeeeeeeeeeeeeeeeeeeeeeeeeeabccccccccccccccccccccc
eeeeeeeeeeeeeeeeeeeeeeeeeeeeabccccccccccccccccccccc
eeeeeeeeeeeeeeeeeeeeeeeeeeeeabccccccccccccccccccccc
eeeeeeeeeeeeeeeeeeeeeeeeeeeeabccccccccccccccccccccc
eeeeeeeeeeeeeeeeeeeeeeeeeeeeabccccccccccccccccccccc
eeeeeeeeeeeeeeeeeeeeeeeeeeeeabccccccccccccccccccccc
eeeeeeeeeeeeeeeeeeeeeeeeeeeeabcccccccccccccccccccccabccccccccccccccccccccc
eeeeeeeeeeeeeeeeeeeeeeeeeeee
abccccccccccccccccccccc
eeeeeeeeeeeeeeeeeeeeeeeeeeee
abccccccccccccccccccccc
eeeeeeeeeeeeeeeeeeeeeeeeeeeeabccccccccccccccccccccc
eeeeeeeeeeeeeeeeeeeeeeeeeeeeabccccccccccccccccccccc
eeeeeeeeeeeeeeeeeeeeeeeeeeeeabccccccccccccccccccccc
eeeeeeeeeeeeeeeeeeeeeeeeeeeeabccccccccccccccccccccc
eeeeeeeeeeeeeeeeeeeeeeeeeeeeabccccccccccccccccccccc
eeeeeeeeeeeeeeeeeeeeeeeeeeeeabccccccccccccccccccccc
eeeeeeeeeeeeeeeeeeeeeeeeeeeeabccccccccccccccccccccc
eeeeeeeeeeeeeeeeeeeeeeeeeeeeabccccccccccccccccccccc
eeeeeeeeeeeeeeeeeeeeeeeeeeeeabccccccccccccccccccccc
eeeeeeeeeeeeeeeeeeeeeeeeeeeeabccccccccccccccccccccc
eeeeeeeeeeeeeeeeeeeeeeeeeeeeabccccccccccccccccccccc
eeeeeeeeeeeeeeeeeeeeeeeeeeeeabcccccccccccccccccccccabccccccccccccccccccccc
eeeeeeeeeeeeeeeeeeeeeeeeeeee
abccccccccccccccccccccc
eeeeeeeeeeeeeeeeeeeeeeeeeeee
abccccccccccccccccccccc
eeeeeeeeeeeeeeeeeeeeeeeeeeeeabccccccccccccccccccccc
eeeeeeeeeeeeeeeeeeeeeeeeeeeeabccccccccccccccccccccc
eeeeeeeeeeeeeeeeeeeeeeeeeeeeabccccccccccccccccccccc
eeeeeeeeeeeeeeeeeeeeeeeeeeeeabccccccccccccccccccccc
eeeeeeeeeeeeeeeeeeeeeeeeeeeeabccccccccccccccccccccc
eeeeeeeeeeeeeeeeeeeeeeeeeeeeabccccccccccccccccccccc
eeeeeeeeeeeeeeeeeeeeeeeeeeeeabccccccccccccccccccccc
eeeeeeeeeeeeeeeeeeeeeeeeeeeeabccccccccccccccccccccc
eeeeeeeeeeeeeeeeeeeeeeeeeeeeabccccccccccccccccccccc
eeeeeeeeeeeeeeeeeeeeeeeeeeeeabccccccccccccccccccccc
eeeeeeeeeeeeeeeeeeeeeeeeeeeeabccccccccccccccccccccc
eeeeeeeeeeeeeeeeeeeeeeeeeeeeabcccccccccccccccccccccabccccccccccccccccccccc
eeeeeeeeeeeeeeeeeeeeeeeeeeee
abccccccccccccccccccccc
eeeeeeeeeeeeeeeeeeeeeeeeeeee
abccccccccccccccccccccc
eeeeeeeeeeeeeeeeeeeeeeeeeeeeabccccccccccccccccccccc
eeeeeeeeeeeeeeeeeeeeeeeeeeeeabccccccccccccccccccccc
eeeeeeeeeeeeeeeeeeeeeeeeeeeeabccccccccccccccccccccc
eeeeeeeeeeeeeeeeeeeeeeeeeeeeabccccccccccccccccccccc
eeeeeeeeeeeeeeeeeeeeeeeeeeeeabccccccccccccccccccccc
eeeeeeeeeeeeeeeeeeeeeeeeeeeeabccccccccccccccccccccc
eeeeeeeeeeeeeeeeeeeeeeeeeeeeabccccccccccccccccccccc
eeeeeeeeeeeeeeeeeeeeeeeeeeeeabccccccccccccccccccccc
eeeeeeeeeeeeeeeeeeeeeeeeeeeeabccccccccccccccccccccc
eeeeeeeeeeeeeeeeeeeeeeeeeeeeabccccccccccccccccccccc
eeeeeeeeeeeeeeeeeeeeeeeeeeeeabccccccccccccccccccccc
eeeeeeeeeeeeeeeeeeeeeeeeeeeeabcccccccccccccccccccccabccccccccccccccccccccc
eeeeeeeeeeeeeeeeeeeeeeeeeeee
abccccccccccccccccccccc
eeeeeeeeeeeeeeeeeeeeeeeeeeee
abccccccccccccccccccccc
eeeeeeeeeeeeeeeeeeeeeeeeeeeeabccccccccccccccccccccc
eeeeeeeeeeeeeeeeeeeeeeeeeeeeabccccccccccccccccccccc
eeeeeeeeeeeeeeeeeeeeeeeeeeeeabccccccccccccccccccccc
eeeeeeeeeeeeeeeeeeeeeeeeeeeeabccccccccccccccccccccc
eeeeeeeeeeeeeeeeeeeeeeeeeeeeabccccccccccccccccccccc
eeeeeeeeeeeeeeeeeeeeeeeeeeeeabccccccccccccccccccccc
eeeeeeeeeeeeeeeeeeeeeeeeeeeeabccccccccccccccccccccc
eeeeeeeeeeeeeeeeeeeeeeeeeeeeabccccccccccccccccccccc
eeeeeeeeeeeeeeeeeeeeeeeeeeeeabccccccccccccccccccccc
eeeeeeeeeeeeeeeeeeeeeeeeeeeeabccccccccccccccccccccc
eeeeeeeeeeeeeeeeeeeeeeeeeeeeabccccccccccccccccccccc
eeeeeeeeeeeeeeeeeeeeeeeeeeeeabcccccccccccccccccccccabccccccccccccccccccccc
eeeeeeeeeeeeeeeeeeeeeeeeeeee
abccccccccccccccccccccc
eeeeeeeeeeeeeeeeeeeeeeeeeeee
abccccccccccccccccccccc
eeeeeeeeeeeeeeeeeeeeeeeeeeeeabccccccccccccccccccccc
eeeeeeeeeeeeeeeeeeeeeeeeeeeeabccccccccccccccccccccc
eeeeeeeeeeeeeeeeeeeeeeeeeeeeabccccccccccccccccccccc
eeeeeeeeeeeeeeeeeeeeeeeeeeeeabccccccccccccccccccccc
eeeeeeeeeeeeeeeeeeeeeeeeeeeeabccccccccccccccccccccc
eeeeeeeeeeeeeeeeeeeeeeeeeeeeabccccccccccccccccccccc
eeeeeeeeeeeeeeeeeeeeeeeeeeeeabccccccccccccccccccccc
eeeeeeeeeeeeeeeeeeeeeeeeeeeeabccccccccccccccccccccc
eeeeeeeeeeeeeeeeeeeeeeeeeeeeabccccccccccccccccccccc
eeeeeeeeeeeeeeeeeeeeeeeeeeeeabccccccccccccccccccccc
eeeeeeeeeeeeeeeeeeeeeeeeeeeeabccccccccccccccccccccc
eeeeeeeeeeeeeeeeeeeeeeeeeeeeabcccccccccccccccccccccabccccccccccccccccccccc
eeeeeeeeeeeeeeeeeeeeeeeeeeee
abccccccccccccccccccccc
eeeeeeeeeeeeeeeeeeeeeeeeeeee
abccccccccccccccccccccc
eeeeeeeeeeeeeeeeeeeeeeeeeeeeabccccccccccccccccccccc
eeeeeeeeeeeeeeeeeeeeeeeeeeeeabccccccccccccccccccccc
eeeeeeeeeeeeeeeeeeeeeeeeeeeeabccccccccccccccccccccc
eeeeeeeeeeeeeeeeeeeeeeeeeeeeabccccccccccccccccccccc
eeeeeeeeeeeeeeeeeeeeeeeeeeeeabccccccccccccccccccccc
eeeeeeeeeeeeeeeeeeeeeeeeeeeeabccccccccccccccccccccc
eeeeeeeeeeeeeeeeeeeeeeeeeeeeabccccccccccccccccccccc
eeeeeeeeeeeeeeeeeeeeeeeeeeeeabccccccccccccccccccccc
eeeeeeeeeeeeeeeeeeeeeeeeeeeeabccccccccccccccccccccc
eeeeeeeeeeeeeeeeeeeeeeeeeeeeabccccccccccccccccccccc
eeeeeeeeeeeeeeeeeeeeeeeeeeeeabccccccccccccccccccccc
eeeeeeeeeeeeeeeeeeeeeeeeeeeeabcccccccccccccccccccccabccccccccccccccccccccc
eeeeeeeeeeeeeeeeeeeeeeeeeeee
abccccccccccccccccccccc
eeeeeeeeeeeeeeeeeeeeeeeeeeee
abccccccccccccccccccccc
eeeeeeeeeeeeeeeeeeeeeeeeeeeeabccccccccccccccccccccc
eeeeeeeeeeeeeeeeeeeeeeeeeeeeabccccccccccccccccccccc
eeeeeeeeeeeeeeeeeeeeeeeeeeeeabccccccccccccccccccccc
eeeeeeeeeeeeeeeeeeeeeeeeeeeeabccccccccccccccccccccc
eeeeeeeeeeeeeeeeeeeeeeeeeeeeabccccccccccccccccccccc
eeeeeeeeeeeeeeeeeeeeeeeeeeeeabccccccccccccccccccccc
eeeeeeeeeeeeeeeeeeeeeeeeeeeeabccccccccccccccccccccc
eeeeeeeeeeeeeeeeeeeeeeeeeeeeabccccccccccccccccccccc
eeeeeeeeeeeeeeeeeeeeeeeeeeeeabccccccccccccccccccccc
eeeeeeeeeeeeeeeeeeeeeeeeeeeeabccccccccccccccccccccc
eeeeeeeeeeeeeeeeeeeeeeeeeeeeabccccccccccccccccccccc
eeeeeeeeeeeeeeeeeeeeeeeeeeeeabcccccccccccccccccccccabccccccccccccccccccccc
eeeeeeeeeeeeeeeeeeeeeeeeeeee
abccccccccccccccccccccc
eeeeeeeeeeeeeeeeeeeeeeeeeeee
abccccccccccccccccccccc
eeeeeeeeeeeeeeeeeeeeeeeeeeeeabccccccccccccccccccccc
eeeeeeeeeeeeeeeeeeeeeeeeeeeeabccccccccccccccccccccc
eeeeeeeeeeeeeeeeeeeeeeeeeeeeabccccccccccccccccccccc
eeeeeeeeeeeeeeeeeeeeeeeeeeeeabccccccccccccccccccccc
eeeeeeeeeeeeeeeeeeeeeeeeeeeeabccccccccccccccccccccc
eeeeeeeeeeeeeeeeeeeeeeeeeeeeabccccccccccccccccccccc
eeeeeeeeeeeeeeeeeeeeeeeeeeeeabccccccccccccccccccccc
eeeeeeeeeeeeeeeeeeeeeeeeeeeeabccccccccccccccccccccc
eeeeeeeeeeeeeeeeeeeeeeeeeeeeabccccccccccccccccccccc
eeeeeeeeeeeeeeeeeeeeeeeeeeeeabccccccccccccccccccccc
eeeeeeeeeeeeeeeeeeeeeeeeeeeeabccccccccccccccccccccc
eeeeeeeeeeeeeeeeeeeeeeeeeeeeabcccccccccccccccccccccabccccccccccccccccccccc
eeeeeeeeeeeeeeeeeeeeeeeeeeee
abccccccccccccccccccccc
eeeeeeeeeeeeeeeeeeeeeeeeeeee
abccccccccccccccccccccc
eeeeeeeeeeeeeeeeeeeeeeeeeeeeabccccccccccccccccccccc
eeeeeeeeeeeeeeeeeeeeeeeeeeeeabccccccccccccccccccccc
eeeeeeeeeeeeeeeeeeeeeeeeeeeeabccccccccccccccccccccc
eeeeeeeeeeeeeeeeeeeeeeeeeeeeabccccccccccccccccccccc
eeeeeeeeeeeeeeeeeeeeeeeeeeeeabccccccccccccccccccccc
eeeeeeeeeeeeeeeeeeeeeeeeeeeeabccccccccccccccccccccc
eeeeeeeeeeeeeeeeeeeeeeeeeeeeabccccccccccccccccccccc
eeeeeeeeeeeeeeeeeeeeeeeeeeeeabccccccccccccccccccccc
eeeeeeeeeeeeeeeeeeeeeeeeeeeeabccccccccccccccccccccc
eeeeeeeeeeeeeeeeeeeeeeeeeeeeabccccccccccccccccccccc
eeeeeeeeeeeeeeeeeeeeeeeeeeeeabccccccccccccccccccccc
eeeeeeeeeeeeeeeeeeeeeeeeeeeeabcccccccccccccccccccccabccccccccccccccccccccc
eeeeeeeeeeeeeeeeeeeeeeeeeeee
abccccccccccccccccccccc
eeeeeeeeeeeeeeeeeeeeeeeeeeee
abccccccccccccccccccccc
eeeeeeeeeeeeeeeeeeeeeeeeeeeeabccccccccccccccccccccc
eeeeeeeeeeeeeeeeeeeeeeeeeeeeabccccccccccccccccccccc
eeeeeeeeeeeeeeeeeeeeeeeeeeeeabccccccccccccccccccccc
eeeeeeeeeeeeeeeeeeeeeeeeeeeeabccccccccccccccccccccc
eeeeeeeeeeeeeeeeeeeeeeeeeeeeabccccccccccccccccccccc
eeeeeeeeeeeeeeeeeeeeeeeeeeeeabccccccccccccccccccccc
eeeeeeeeeeeeeeeeeeeeeeeeeeeeabccccccccccccccccccccc
eeeeeeeeeeeeeeeeeeeeeeeeeeeeabccccccccccccccccccccc
eeeeeeeeeeeeeeeeeeeeeeeeeeeeabccccccccccccccccccccc
eeeeeeeeeeeeeeeeeeeeeeeeeeeeabccccccccccccccccccccc
eeeeeeeeeeeeeeeeeeeeeeeeeeeeabccccccccccccccccccccc
eeeeeeeeeeeeeeeeeeeeeeeeeeeeabcccccccccccccccccccccabccccccccccccccccccccc
eeeeeeeeeeeeeeeeeeeeeeeeeeee
abccccccccccccccccccccc
eeeeeeeeeeeeeeeeeeeeeeeeeeee
abccccccccccccccccccccc
eeeeeeeeeeeeeeeeeeeeeeeeeeeeabccccccccccccccccccccc
eeeeeeeeeeeeeeeeeeeeeeeeeeeeabccccccccccccccccccccc
eeeeeeeeeeeeeeeeeeeeeeeeeeeeabccccccccccccccccccccc
eeeeeeeeeeeeeeeeeeeeeeeeeeeeabccccccccccccccccccccc
eeeeeeeeeeeeeeeeeeeeeeeeeeeeabccccccccccccccccccccc
eeeeeeeeeeeeeeeeeeeeeeeeeeeeabccccccccccccccccccccc
eeeeeeeeeeeeeeeeeeeeeeeeeeeeabccccccccccccccccccccc
eeeeeeeeeeeeeeeeeeeeeeeeeeeeabccccccccccccccccccccc
eeeeeeeeeeeeeeeeeeeeeeeeeeeeabccccccccccccccccccccc
eeeeeeeeeeeeeeeeeeeeeeeeeeeeabccccccccccccccccccccc
eeeeeeeeeeeeeeeeeeeeeeeeeeeeabccccccccccccccccccccc
eeeeeeeeeeeeeeeeeeeeeeeeeeeeabcccccccccccccccccccccabccccccccccccccccccccc
eeeeeeeeeeeeeeeeeeeeeeeeeeee
abccccccccccccccccccccc
eeeeeeeeeeeeeeeeeeeeeeeeeeee
abccccccccccccccccccccc
eeeeeeeeeeeeeeeeeeeeeeeeeeeeabccccccccccccccccccccc
eeeeeeeeeeeeeeeeeeeeeeeeeeeeabccccccccccccccccccccc
eeeeeeeeeeeeeeeeeeeeeeeeeeeeabccccccccccccccccccccc
eeeeeeeeeeeeeeeeeeeeeeeeeeeeabccccccccccccccccccccc
eeeeeeeeeeeeeeeeeeeeeeeeeeeeabccccccccccccccccccccc
eeeeeeeeeeeeeeeeeeeeeeeeeeeeabccccccccccccccccccccc
eeeeeeeeeeeeeeeeeeeeeeeeeeeeabccccccccccccccccccccc
eeeeeeeeeeeeeeeeeeeeeeeeeeeeabccccccccccccccccccccc
eeeeeeeeeeeeeeeeeeeeeeeeeeeeabccccccccccccccccccccc
eeeeeeeeeeeeeeeeeeeeeeeeeeeeabccccccccccccccccccccc
eeeeeeeeeeeeeeeeeeeeeeeeeeeeabccccccccccccccccccccc
eeeeeeeeeeeeeeeeeeeeeeeeeeeeabcccccccccccccccccccccabccccccccccccccccccccc
eeeeeeeeeeeeeeeeeeeeeeeeeeee
abccccccccccccccccccccc
eeeeeeeeeeeeeeeeeeeeeeeeeeee
abccccccccccccccccccccc
eeeeeeeeeeeeeeeeeeeeeeeeeeeeabccccccccccccccccccccc
eeeeeeeeeeeeeeeeeeeeeeeeeeeeabccccccccccccccccccccc
eeeeeeeeeeeeeeeeeeeeeeeeeeeeabccccccccccccccccccccc
eeeeeeeeeeeeeeeeeeeeeeeeeeeeabccccccccccccccccccccc
eeeeeeeeeeeeeeeeeeeeeeeeeeeeabccccccccccccccccccccc
eeeeeeeeeeeeeeeeeeeeeeeeeeeeabccccccccccccccccccccc
eeeeeeeeeeeeeeeeeeeeeeeeeeeeabccccccccccccccccccccc
eeeeeeeeeeeeeeeeeeeeeeeeeeeeabccccccccccccccccccccc
eeeeeeeeeeeeeeeeeeeeeeeeeeeeabccccccccccccccccccccc
eeeeeeeeeeeeeeeeeeeeeeeeeeeeabccccccccccccccccccccc
eeeeeeeeeeeeeeeeeeeeeeeeeeeeabccccccccccccccccccccc
eeeeeeeeeeeeeeeeeeeeeeeeeeeeabcccccccccccccccccccccabccccccccccccccccccccc
eeeeeeeeeeeeeeeeeeeeeeeeeeee
abccccccccccccccccccccc
eeeeeeeeeeeeeeeeeeeeeeeeeeee
abccccccccccccccccccccc
eeeeeeeeeeeeeeeeeeeeeeeeeeeeabccccccccccccccccccccc
eeeeeeeeeeeeeeeeeeeeeeeeeeeeabccccccccccccccccccccc
eeeeeeeeeeeeeeeeeeeeeeeeeeeeabccccccccccccccccccccc
eeeeeeeeeeeeeeeeeeeeeeeeeeeeabccccccccccccccccccccc
eeeeeeeeeeeeeeeeeeeeeeeeeeeeabccccccccccccccccccccc
eeeeeeeeeeeeeeeeeeeeeeeeeeeeabccccccccccccccccccccc
eeeeeeeeeeeeeeeeeeeeeeeeeeeeabccccccccccccccccccccc
eeeeeeeeeeeeeeeeeeeeeeeeeeeeabccccccccccccccccccccc
eeeeeeeeeeeeeeeeeeeeeeeeeeeeabccccccccccccccccccccc
eeeeeeeeeeeeeeeeeeeeeeeeeeeeabccccccccccccccccccccc
eeeeeeeeeeeeeeeeeeeeeeeeeeeeabccccccccccccccccccccc
eeeeeeeeeeeeeeeeeeeeeeeeeeeeabcccccccccccccccccccccabccccccccccccccccccccc
eeeeeeeeeeeeeeeeeeeeeeeeeeee
abccccccccccccccccccccc
eeeeeeeeeeeeeeeeeeeeeeeeeeee
abccccccccccccccccccccc
eeeeeeeeeeeeeeeeeeeeeeeeeeeeabccccccccccccccccccccc
eeeeeeeeeeeeeeeeeeeeeeeeeeeeabccccccccccccccccccccc
eeeeeeeeeeeeeeeeeeeeeeeeeeeeabccccccccccccccccccccc
eeeeeeeeeeeeeeeeeeeeeeeeeeeeabccccccccccccccccccccc
eeeeeeeeeeeeeeeeeeeeeeeeeeeeabccccccccccccccccccccc
eeeeeeeeeeeeeeeeeeeeeeeeeeeeabccccccccccccccccccccc
eeeeeeeeeeeeeeeeeeeeeeeeeeeeabccccccccccccccccccccc
eeeeeeeeeeeeeeeeeeeeeeeeeeeeabccccccccccccccccccccc
eeeeeeeeeeeeeeeeeeeeeeeeeeeeabccccccccccccccccccccc
eeeeeeeeeeeeeeeeeeeeeeeeeeeeabccccccccccccccccccccc
eeeeeeeeeeeeeeeeeeeeeeeeeeeeabccccccccccccccccccccc
eeeeeeeeeeeeeeeeeeeeeeeeeeeeabcccccccccccccccccccccabccccccccccccccccccccc
eeeeeeeeeeeeeeeeeeeeeeeeeeee
abccccccccccccccccccccc
eeeeeeeeeeeeeeeeeeeeeeeeeeee
abccccccccccccccccccccc
eeeeeeeeeeeeeeeeeeeeeeeeeeeeabccccccccccccccccccccc
eeeeeeeeeeeeeeeeeeeeeeeeeeeeabccccccccccccccccccccc
eeeeeeeeeeeeeeeeeeeeeeeeeeeeabccccccccccccccccccccc
eeeeeeeeeeeeeeeeeeeeeeeeeeeeabccccccccccccccccccccc
eeeeeeeeeeeeeeeeeeeeeeeeeeeeabccccccccccccccccccccc
eeeeeeeeeeeeeeeeeeeeeeeeeeeeabccccccccccccccccccccc
eeeeeeeeeeeeeeeeeeeeeeeeeeeeabccccccccccccccccccccc
eeeeeeeeeeeeeeeeeeeeeeeeeeeeabccccccccccccccccccccc
eeeeeeeeeeeeeeeeeeeeeeeeeeeeabccccccccccccccccccccc
eeeeeeeeeeeeeeeeeeeeeeeeeeeeabccccccccccccccccccccc
eeeeeeeeeeeeeeeeeeeeeeeeeeeeabccccccccccccccccccccc
eeeeeeeeeeeeeeeeeeeeeeeeeeeeabcccccccccccccccccccccabccccccccccccccccccccc
eeeeeeeeeeeeeeeeeeeeeeeeeeee
abccccccccccccccccccccc
eeeeeeeeeeeeeeeeeeeeeeeeeeee
abccccccccccccccccccccc
eeeeeeeeeeeeeeeeeeeeeeeeeeeeabccccccccccccccccccccc
eeeeeeeeeeeeeeeeeeeeeeeeeeeeabccccccccccccccccccccc
eeeeeeeeeeeeeeeeeeeeeeeeeeeeabccccccccccccccccccccc
eeeeeeeeeeeeeeeeeeeeeeeeeeeeabccccccccccccccccccccc
eeeeeeeeeeeeeeeeeeeeeeeeeeeeabccccccccccccccccccccc
eeeeeeeeeeeeeeeeeeeeeeeeeeeeabccccccccccccccccccccc
eeeeeeeeeeeeeeeeeeeeeeeeeeeeabccccccccccccccccccccc
eeeeeeeeeeeeeeeeeeeeeeeeeeeeabccccccccccccccccccccc
eeeeeeeeeeeeeeeeeeeeeeeeeeeeabccccccccccccccccccccc
eeeeeeeeeeeeeeeeeeeeeeeeeeeeabccccccccccccccccccccc
eeeeeeeeeeeeeeeeeeeeeeeeeeeeabccccccccccccccccccccc
eeeeeeeeeeeeeeeeeeeeeeeeeeeeabcccccccccccccccccccccabccccccccccccccccccccc
eeeeeeeeeeeeeeeeeeeeeeeeeeee
abccccccccccccccccccccc
eeeeeeeeeeeeeeeeeeeeeeeeeeee
abccccccccccccccccccccc
eeeeeeeeeeeeeeeeeeeeeeeeeeeeabccccccccccccccccccccc
eeeeeeeeeeeeeeeeeeeeeeeeeeeeabccccccccccccccccccccc
eeeeeeeeeeeeeeeeeeeeeeeeeeeeabccccccccccccccccccccc
eeeeeeeeeeeeeeeeeeeeeeeeeeeeabccccccccccccccccccccc
eeeeeeeeeeeeeeeeeeeeeeeeeeeeabccccccccccccccccccccc
eeeeeeeeeeeeeeeeeeeeeeeeeeeeabccccccccccccccccccccc
eeeeeeeeeeeeeeeeeeeeeeeeeeeeabccccccccccccccccccccc
eeeeeeeeeeeeeeeeeeeeeeeeeeeeabccccccccccccccccccccc
eeeeeeeeeeeeeeeeeeeeeeeeeeeeabccccccccccccccccccccc
eeeeeeeeeeeeeeeeeeeeeeeeeeeeabccccccccccccccccccccc
eeeeeeeeeeeeeeeeeeeeeeeeeeeeabccccccccccccccccccccc
eeeeeeeeeeeeeeeeeeeeeeeeeeeeabcccccccccccccccccccccabccccccccccccccccccccc
eeeeeeeeeeeeeeeeeeeeeeeeeeee
abccccccccccccccccccccc
eeeeeeeeeeeeeeeeeeeeeeeeeeee
abccccccccccccccccccccc
eeeeeeeeeeeeeeeeeeeeeeeeeeeeabccccccccccccccccccccc
eeeeeeeeeeeeeeeeeeeeeeeeeeeeabccccccccccccccccccccc
eeeeeeeeeeeeeeeeeeeeeeeeeeeeabccccccccccccccccccccc
eeeeeeeeeeeeeeeeeeeeeeeeeeeeabccccccccccccccccccccc
eeeeeeeeeeeeeeeeeeeeeeeeeeeeabccccccccccccccccccccc
eeeeeeeeeeeeeeeeeeeeeeeeeeeeabccccccccccccccccccccc
eeeeeeeeeeeeeeeeeeeeeeeeeeeeabccccccccccccccccccccc
eeeeeeeeeeeeeeeeeeeeeeeeeeeeabccccccccccccccccccccc
eeeeeeeeeeeeeeeeeeeeeeeeeeeeabccccccccccccccccccccc
eeeeeeeeeeeeeeeeeeeeeeeeeeeeabccccccccccccccccccccc
eeeeeeeeeeeeeeeeeeeeeeeeeeeeabccccccccccccccccccccc
eeeeeeeeeeeeeeeeeeeeeeeeeeeeabcccccccccccccccccccccabccccccccccccccccccccc
eeeeeeeeeeeeeeeeeeeeeeeeeeee
abccccccccccccccccccccc
eeeeeeeeeeeeeeeeeeeeeeeeeeee
abccccccccccccccccccccc
eeeeeeeeeeeeeeeeeeeeeeeeeeeeabccccccccccccccccccccc
eeeeeeeeeeeeeeeeeeeeeeeeeeeeabccccccccccccccccccccc
eeeeeeeeeeeeeeeeeeeeeeeeeeeeabccccccccccccccccccccc
eeeeeeeeeeeeeeeeeeeeeeeeeeeeabccccccccccccccccccccc
eeeeeeeeeeeeeeeeeeeeeeeeeeeeabccccccccccccccccccccc
eeeeeeeeeeeeeeeeeeeeeeeeeeeeabccccccccccccccccccccc
eeeeeeeeeeeeeeeeeeeeeeeeeeeeabccccccccccccccccccccc
eeeeeeeeeeeeeeeeeeeeeeeeeeeeabccccccccccccccccccccc
eeeeeeeeeeeeeeeeeeeeeeeeeeeeabccccccccccccccccccccc
eeeeeeeeeeeeeeeeeeeeeeeeeeeeabccccccccccccccccccccc
eeeeeeeeeeeeeeeeeeeeeeeeeeeeabccccccccccccccccccccc
eeeeeeeeeeeeeeeeeeeeeeeeeeeeabcccccccccccccccccccccabccccccccccccccccccccc
eeeeeeeeeeeeeeeeeeeeeeeeeeee
abccccccccccccccccccccc
eeeeeeeeeeeeeeeeeeeeeeeeeeee
abccccccccccccccccccccc
eeeeeeeeeeeeeeeeeeeeeeeeeeeeabccccccccccccccccccccc
eeeeeeeeeeeeeeeeeeeeeeeeeeeeabccccccccccccccccccccc
eeeeeeeeeeeeeeeeeeeeeeeeeeeeabccccccccccccccccccccc
eeeeeeeeeeeeeeeeeeeeeeeeeeeeabccccccccccccccccccccc
eeeeeeeeeeeeeeeeeeeeeeeeeeeeabccccccccccccccccccccc
eeeeeeeeeeeeeeeeeeeeeeeeeeeeabccccccccccccccccccccc
eeeeeeeeeeeeeeeeeeeeeeeeeeeeabccccccccccccccccccccc
eeeeeeeeeeeeeeeeeeeeeeeeeeeeabccccccccccccccccccccc
eeeeeeeeeeeeeeeeeeeeeeeeeeeeabccccccccccccccccccccc
eeeeeeeeeeeeeeeeeeeeeeeeeeeeabccccccccccccccccccccc
eeeeeeeeeeeeeeeeeeeeeeeeeeeeabccccccccccccccccccccc
eeeeeeeeeeeeeeeeeeeeeeeeeeeeabcccccccccccccccccccccabccccccccccccccccccccc
eeeeeeeeeeeeeeeeeeeeeeeeeeee
abccccccccccccccccccccc
eeeeeeeeeeeeeeeeeeeeeeeeeeee
abccccccccccccccccccccc
eeeeeeeeeeeeeeeeeeeeeeeeeeeeabccccccccccccccccccccc
eeeeeeeeeeeeeeeeeeeeeeeeeeeeabccccccccccccccccccccc
eeeeeeeeeeeeeeeeeeeeeeeeeeeeabccccccccccccccccccccc
eeeeeeeeeeeeeeeeeeeeeeeeeeeeabccccccccccccccccccccc
eeeeeeeeeeeeeeeeeeeeeeeeeeeeabccccccccccccccccccccc
eeeeeeeeeeeeeeeeeeeeeeeeeeeeabccccccccccccccccccccc
eeeeeeeeeeeeeeeeeeeeeeeeeeeeabccccccccccccccccccccc
eeeeeeeeeeeeeeeeeeeeeeeeeeeeabccccccccccccccccccccc
eeeeeeeeeeeeeeeeeeeeeeeeeeeeabccccccccccccccccccccc
eeeeeeeeeeeeeeeeeeeeeeeeeeeeabccccccccccccccccccccc
eeeeeeeeeeeeeeeeeeeeeeeeeeeeabccccccccccccccccccccc
eeeeeeeeeeeeeeeeeeeeeeeeeeeeabcccccccccccccccccccccabccccccccccccccccccccc
eeeeeeeeeeeeeeeeeeeeeeeeeeee
abccccccccccccccccccccc
eeeeeeeeeeeeeeeeeeeeeeeeeeee
abccccccccccccccccccccc
eeeeeeeeeeeeeeeeeeeeeeeeeeeeabccccccccccccccccccccc
eeeeeeeeeeeeeeeeeeeeeeeeeeeeabccccccccccccccccccccc
eeeeeeeeeeeeeeeeeeeeeeeeeeeeabccccccccccccccccccccc
eeeeeeeeeeeeeeeeeeeeeeeeeeeeabccccccccccccccccccccc
eeeeeeeeeeeeeeeeeeeeeeeeeeeeabccccccccccccccccccccc
eeeeeeeeeeeeeeeeeeeeeeeeeeeeabccccccccccccccccccccc
eeeeeeeeeeeeeeeeeeeeeeeeeeeeabccccccccccccccccccccc
eeeeeeeeeeeeeeeeeeeeeeeeeeeeabccccccccccccccccccccc
eeeeeeeeeeeeeeeeeeeeeeeeeeeeabccccccccccccccccccccc
eeeeeeeeeeeeeeeeeeeeeeeeeeeeabccccccccccccccccccccc
eeeeeeeeeeeeeeeeeeeeeeeeeeeeabccccccccccccccccccccc
eeeeeeeeeeeeeeeeeeeeeeeeeeeeabcccccccccccccccccccccabccccccccccccccccccccc
eeeeeeeeeeeeeeeeeeeeeeeeeeee
abccccccccccccccccccccc
eeeeeeeeeeeeeeeeeeeeeeeeeeee
abccccccccccccccccccccc
eeeeeeeeeeeeeeeeeeeeeeeeeeeeabccccccccccccccccccccc
eeeeeeeeeeeeeeeeeeeeeeeeeeeeabccccccccccccccccccccc
eeeeeeeeeeeeeeeeeeeeeeeeeeeeabccccccccccccccccccccc
eeeeeeeeeeeeeeeeeeeeeeeeeeeeabccccccccccccccccccccc
eeeeeeeeeeeeeeeeeeeeeeeeeeeeabccccccccccccccccccccc
eeeeeeeeeeeeeeeeeeeeeeeeeeeeabccccccccccccccccccccc
eeeeeeeeeeeeeeeeeeeeeeeeeeeeabccccccccccccccccccccc
eeeeeeeeeeeeeeeeeeeeeeeeeeeeabccccccccccccccccccccc
eeeeeeeeeeeeeeeeeeeeeeeeeeeeabccccccccccccccccccccc
eeeeeeeeeeeeeeeeeeeeeeeeeeeeabccccccccccccccccccccc
eeeeeeeeeeeeeeeeeeeeeeeeeeeeabccccccccccccccccccccc
eeeeeeeeeeeeeeeeeeeeeeeeeeeeabcccccccccccccccccccccabccccccccccccccccccccc
eeeeeeeeeeeeeeeeeeeeeeeeeeee
abccccccccccccccccccccc
eeeeeeeeeeeeeeeeeeeeeeeeeeee
abccccccccccccccccccccc
eeeeeeeeeeeeeeeeeeeeeeeeeeeeabccccccccccccccccccccc
eeeeeeeeeeeeeeeeeeeeeeeeeeeeabccccccccccccccccccccc
eeeeeeeeeeeeeeeeeeeeeeeeeeeeabccccccccccccccccccccc
eeeeeeeeeeeeeeeeeeeeeeeeeeeeabccccccccccccccccccccc
eeeeeeeeeeeeeeeeeeeeeeeeeeeeabccccccccccccccccccccc
eeeeeeeeeeeeeeeeeeeeeeeeeeeeabccccccccccccccccccccc
eeeeeeeeeeeeeeeeeeeeeeeeeeeeabccccccccccccccccccccc
eeeeeeeeeeeeeeeeeeeeeeeeeeeeabccccccccccccccccccccc
eeeeeeeeeeeeeeeeeeeeeeeeeeeeabccccccccccccccccccccc
eeeeeeeeeeeeeeeeeeeeeeeeeeeeabccccccccccccccccccccc
eeeeeeeeeeeeeeeeeeeeeeeeeeeeabccccccccccccccccccccc
eeeeeeeeeeeeeeeeeeeeeeeeeeeeabcccccccccccccccccccccabccccccccccccccccccccc
eeeeeeeeeeeeeeeeeeeeeeeeeeee
abccccccccccccccccccccc
eeeeeeeeeeeeeeeeeeeeeeeeeeee
abccccccccccccccccccccc
eeeeeeeeeeeeeeeeeeeeeeeeeeeeabccccccccccccccccccccc
eeeeeeeeeeeeeeeeeeeeeeeeeeeeabccccccccccccccccccccc
eeeeeeeeeeeeeeeeeeeeeeeeeeeeabccccccccccccccccccccc
eeeeeeeeeeeeeeeeeeeeeeeeeeeeabccccccccccccccccccccc
eeeeeeeeeeeeeeeeeeeeeeeeeeeeabccccccccccccccccccccc
eeeeeeeeeeeeeeeeeeeeeeeeeeeeabccccccccccccccccccccc
eeeeeeeeeeeeeeeeeeeeeeeeeeeeabccccccccccccccccccccc
eeeeeeeeeeeeeeeeeeeeeeeeeeeeabccccccccccccccccccccc
eeeeeeeeeeeeeeeeeeeeeeeeeeeeabccccccccccccccccccccc
eeeeeeeeeeeeeeeeeeeeeeeeeeeeabccccccccccccccccccccc
eeeeeeeeeeeeeeeeeeeeeeeeeeeeabccccccccccccccccccccc
eeeeeeeeeeeeeeeeeeeeeeeeeeeeabcccccccccccccccccccccabccccccccccccccccccccc
eeeeeeeeeeeeeeeeeeeeeeeeeeee
abccccccccccccccccccccc
eeeeeeeeeeeeeeeeeeeeeeeeeeee
abccccccccccccccccccccc
eeeeeeeeeeeeeeeeeeeeeeeeeeeeabccccccccccccccccccccc
eeeeeeeeeeeeeeeeeeeeeeeeeeeeabccccccccccccccccccccc
eeeeeeeeeeeeeeeeeeeeeeeeeeeeabccccccccccccccccccccc
eeeeeeeeeeeeeeeeeeeeeeeeeeeeabccccccccccccccccccccc
eeeeeeeeeeeeeeeeeeeeeeeeeeeeabccccccccccccccccccccc
eeeeeeeeeeeeeeeeeeeeeeeeeeeeabccccccccccccccccccccc
eeeeeeeeeeeeeeeeeeeeeeeeeeeeabccccccccccccccccccccc
eeeeeeeeeeeeeeeeeeeeeeeeeeeeabccccccccccccccccccccc
eeeeeeeeeeeeeeeeeeeeeeeeeeeeabccccccccccccccccccccc
eeeeeeeeeeeeeeeeeeeeeeeeeeeeabccccccccccccccccccccc
eeeeeeeeeeeeeeeeeeeeeeeeeeeeabccccccccccccccccccccc
eeeeeeeeeeeeeeeeeeeeeeeeeeeeabcccccccccccccccccccccabccccccccccccccccccccc
eeeeeeeeeeeeeeeeeeeeeeeeeeee
abccccccccccccccccccccc
eeeeeeeeeeeeeeeeeeeeeeeeeeee
abccccccccccccccccccccc
eeeeeeeeeeeeeeeeeeeeeeeeeeeeabccccccccccccccccccccc
eeeeeeeeeeeeeeeeeeeeeeeeeeeeabccccccccccccccccccccc
eeeeeeeeeeeeeeeeeeeeeeeeeeeeabccccccccccccccccccccc
eeeeeeeeeeeeeeeeeeeeeeeeeeeeabccccccccccccccccccccc
eeeeeeeeeeeeeeeeeeeeeeeeeeeeabccccccccccccccccccccc
eeeeeeeeeeeeeeeeeeeeeeeeeeeeabccccccccccccccccccccc
eeeeeeeeeeeeeeeeeeeeeeeeeeeeabccccccccccccccccccccc
eeeeeeeeeeeeeeeeeeeeeeeeeeeeabccccccccccccccccccccc
eeeeeeeeeeeeeeeeeeeeeeeeeeeeabccccccccccccccccccccc
eeeeeeeeeeeeeeeeeeeeeeeeeeeeabccccccccccccccccccccc
eeeeeeeeeeeeeeeeeeeeeeeeeeeeabccccccccccccccccccccc
eeeeeeeeeeeeeeeeeeeeeeeeeeeeabcccccccccccccccccccccabccccccccccccccccccccc
eeeeeeeeeeeeeeeeeeeeeeeeeeee
abccccccccccccccccccccc
eeeeeeeeeeeeeeeeeeeeeeeeeeee
abccccccccccccccccccccc
eeeeeeeeeeeeeeeeeeeeeeeeeeeeabccccccccccccccccccccc
eeeeeeeeeeeeeeeeeeeeeeeeeeeeabccccccccccccccccccccc
eeeeeeeeeeeeeeeeeeeeeeeeeeeeabccccccccccccccccccccc
eeeeeeeeeeeeeeeeeeeeeeeeeeeeabccccccccccccccccccccc
eeeeeeeeeeeeeeeeeeeeeeeeeeeeabccccccccccccccccccccc
eeeeeeeeeeeeeeeeeeeeeeeeeeeeabccccccccccccccccccccc
eeeeeeeeeeeeeeeeeeeeeeeeeeeeabccccccccccccccccccccc
eeeeeeeeeeeeeeeeeeeeeeeeeeeeabccccccccccccccccccccc
eeeeeeeeeeeeeeeeeeeeeeeeeeeeabccccccccccccccccccccc
eeeeeeeeeeeeeeeeeeeeeeeeeeeeabccccccccccccccccccccc
eeeeeeeeeeeeeeeeeeeeeeeeeeeeabccccccccccccccccccccc
eeeeeeeeeeeeeeeeeeeeeeeeeeeeabcccccccccccccccccccccabccccccccccccccccccccc
eeeeeeeeeeeeeeeeeeeeeeeeeeee
abccccccccccccccccccccc
eeeeeeeeeeeeeeeeeeeeeeeeeeee
abccccccccccccccccccccc
eeeeeeeeeeeeeeeeeeeeeeeeeeeeabccccccccccccccccccccc
eeeeeeeeeeeeeeeeeeeeeeeeeeeeabccccccccccccccccccccc
eeeeeeeeeeeeeeeeeeeeeeeeeeeeabccccccccccccccccccccc
eeeeeeeeeeeeeeeeeeeeeeeeeeeeabccccccccccccccccccccc
eeeeeeeeeeeeeeeeeeeeeeeeeeeeabccccccccccccccccccccc
eeeeeeeeeeeeeeeeeeeeeeeeeeeeabccccccccccccccccccccc
eeeeeeeeeeeeeeeeeeeeeeeeeeeeabccccccccccccccccccccc
eeeeeeeeeeeeeeeeeeeeeeeeeeeeabccccccccccccccccccccc
eeeeeeeeeeeeeeeeeeeeeeeeeeeeabccccccccccccccccccccc
eeeeeeeeeeeeeeeeeeeeeeeeeeeeabccccccccccccccccccccc
eeeeeeeeeeeeeeeeeeeeeeeeeeeeabccccccccccccccccccccc
eeeeeeeeeeeeeeeeeeeeeeeeeeeeabcccccccccccccccccccccabccccccccccccccccccccc
eeeeeeeeeeeeeeeeeeeeeeeeeeee
abccccccccccccccccccccc
eeeeeeeeeeeeeeeeeeeeeeeeeeee
abccccccccccccccccccccc
eeeeeeeeeeeeeeeeeeeeeeeeeeeeabccccccccccccccccccccc
eeeeeeeeeeeeeeeeeeeeeeeeeeeeabccccccccccccccccccccc
eeeeeeeeeeeeeeeeeeeeeeeeeeeeabccccccccccccccccccccc
eeeeeeeeeeeeeeeeeeeeeeeeeeeeabccccccccccccccccccccc
eeeeeeeeeeeeeeeeeeeeeeeeeeeeabccccccccccccccccccccc
eeeeeeeeeeeeeeeeeeeeeeeeeeeeabccccccccccccccccccccc
eeeeeeeeeeeeeeeeeeeeeeeeeeeeabccccccccccccccccccccc
eeeeeeeeeeeeeeeeeeeeeeeeeeeeabccccccccccccccccccccc
eeeeeeeeeeeeeeeeeeeeeeeeeeeeabccccccccccccccccccccc
eeeeeeeeeeeeeeeeeeeeeeeeeeeeabccccccccccccccccccccc
eeeeeeeeeeeeeeeeeeeeeeeeeeeeabccccccccccccccccccccc
eeeeeeeeeeeeeeeeeeeeeeeeeeeeabcccccccccccccccccccccabccccccccccccccccccccc
eeeeeeeeeeeeeeeeeeeeeeeeeeee
abccccccccccccccccccccc
eeeeeeeeeeeeeeeeeeeeeeeeeeee
abccccccccccccccccccccc
eeeeeeeeeeeeeeeeeeeeeeeeeeeeabccccccccccccccccccccc
eeeeeeeeeeeeeeeeeeeeeeeeeeeeabccccccccccccccccccccc
eeeeeeeeeeeeeeeeeeeeeeeeeeeeabccccccccccccccccccccc
eeeeeeeeeeeeeeeeeeeeeeeeeeeeabccccccccccccccccccccc
eeeeeeeeeeeeeeeeeeeeeeeeeeeeabccccccccccccccccccccc
eeeeeeeeeeeeeeeeeeeeeeeeeeeeabccccccccccccccccccccc
eeeeeeeeeeeeeeeeeeeeeeeeeeeeabccccccccccccccccccccc
eeeeeeeeeeeeeeeeeeeeeeeeeeeeabccccccccccccccccccccc
eeeeeeeeeeeeeeeeeeeeeeeeeeeeabccccccccccccccccccccc
eeeeeeeeeeeeeeeeeeeeeeeeeeeeabccccccccccccccccccccc
eeeeeeeeeeeeeeeeeeeeeeeeeeeeabccccccccccccccccccccc
eeeeeeeeeeeeeeeeeeeeeeeeeeeeabcccccccccccccccccccccabccccccccccccccccccccc
eeeeeeeeeeeeeeeeeeeeeeeeeeee
abccccccccccccccccccccc
eeeeeeeeeeeeeeeeeeeeeeeeeeee
abccccccccccccccccccccc
eeeeeeeeeeeeeeeeeeeeeeeeeeeeabccccccccccccccccccccc
eeeeeeeeeeeeeeeeeeeeeeeeeeeeabccccccccccccccccccccc
eeeeeeeeeeeeeeeeeeeeeeeeeeeeabccccccccccccccccccccc
eeeeeeeeeeeeeeeeeeeeeeeeeeeeabccccccccccccccccccccc
eeeeeeeeeeeeeeeeeeeeeeeeeeeeabccccccccccccccccccccc
eeeeeeeeeeeeeeeeeeeeeeeeeeeeabccccccccccccccccccccc
eeeeeeeeeeeeeeeeeeeeeeeeeeeeabccccccccccccccccccccc
eeeeeeeeeeeeeeeeeeeeeeeeeeeeabccccccccccccccccccccc
eeeeeeeeeeeeeeeeeeeeeeeeeeeeabccccccccccccccccccccc
eeeeeeeeeeeeeeeeeeeeeeeeeeeeabccccccccccccccccccccc
eeeeeeeeeeeeeeeeeeeeeeeeeeeeabccccccccccccccccccccc
eeeeeeeeeeeeeeeeeeeeeeeeeeeeabcccccccccccccccccccccabccccccccccccccccccccc
eeeeeeeeeeeeeeeeeeeeeeeeeeee
abccccccccccccccccccccc
eeeeeeeeeeeeeeeeeeeeeeeeeeee
abccccccccccccccccccccc
eeeeeeeeeeeeeeeeeeeeeeeeeeeeabccccccccccccccccccccc
eeeeeeeeeeeeeeeeeeeeeeeeeeeeabccccccccccccccccccccc
eeeeeeeeeeeeeeeeeeeeeeeeeeeeabccccccccccccccccccccc
eeeeeeeeeeeeeeeeeeeeeeeeeeeeabccccccccccccccccccccc
eeeeeeeeeeeeeeeeeeeeeeeeeeeeabccccccccccccccccccccc
eeeeeeeeeeeeeeeeeeeeeeeeeeeeabccccccccccccccccccccc
eeeeeeeeeeeeeeeeeeeeeeeeeeeeabccccccccccccccccccccc
eeeeeeeeeeeeeeeeeeeeeeeeeeeeabccccccccccccccccccccc
eeeeeeeeeeeeeeeeeeeeeeeeeeeeabccccccccccccccccccccc
eeeeeeeeeeeeeeeeeeeeeeeeeeeeabccccccccccccccccccccc
eeeeeeeeeeeeeeeeeeeeeeeeeeeeabccccccccccccccccccccc
eeeeeeeeeeeeeeeeeeeeeeeeeeeeabcccccccccccccccccccccabccccccccccccccccccccc
eeeeeeeeeeeeeeeeeeeeeeeeeeee
abccccccccccccccccccccc
eeeeeeeeeeeeeeeeeeeeeeeeeeee
abccccccccccccccccccccc
eeeeeeeeeeeeeeeeeeeeeeeeeeeeabccccccccccccccccccccc
eeeeeeeeeeeeeeeeeeeeeeeeeeeeabccccccccccccccccccccc
eeeeeeeeeeeeeeeeeeeeeeeeeeeeabccccccccccccccccccccc
eeeeeeeeeeeeeeeeeeeeeeeeeeeeabccccccccccccccccccccc
eeeeeeeeeeeeeeeeeeeeeeeeeeeeabccccccccccccccccccccc
eeeeeeeeeeeeeeeeeeeeeeeeeeeeabccccccccccccccccccccc
eeeeeeeeeeeeeeeeeeeeeeeeeeeeabccccccccccccccccccccc
eeeeeeeeeeeeeeeeeeeeeeeeeeeeabccccccccccccccccccccc
eeeeeeeeeeeeeeeeeeeeeeeeeeeeabccccccccccccccccccccc
eeeeeeeeeeeeeeeeeeeeeeeeeeeeabccccccccccccccccccccc
eeeeeeeeeeeeeeeeeeeeeeeeeeeeabccccccccccccccccccccc
eeeeeeeeeeeeeeeeeeeeeeeeeeeeabcccccccccccccccccccccabccccccccccccccccccccc
eeeeeeeeeeeeeeeeeeeeeeeeeeee
abccccccccccccccccccccc
eeeeeeeeeeeeeeeeeeeeeeeeeeee
abccccccccccccccccccccc
eeeeeeeeeeeeeeeeeeeeeeeeeeeeabccccccccccccccccccccc
eeeeeeeeeeeeeeeeeeeeeeeeeeeeabccccccccccccccccccccc
eeeeeeeeeeeeeeeeeeeeeeeeeeeeabccccccccccccccccccccc
eeeeeeeeeeeeeeeeeeeeeeeeeeeeabccccccccccccccccccccc
eeeeeeeeeeeeeeeeeeeeeeeeeeeeabccccccccccccccccccccc
eeeeeeeeeeeeeeeeeeeeeeeeeeeeabccccccccccccccccccccc
eeeeeeeeeeeeeeeeeeeeeeeeeeeeabccccccccccccccccccccc
eeeeeeeeeeeeeeeeeeeeeeeeeeeeabccccccccccccccccccccc
eeeeeeeeeeeeeeeeeeeeeeeeeeeeabccccccccccccccccccccc
eeeeeeeeeeeeeeeeeeeeeeeeeeeeabccccccccccccccccccccc
eeeeeeeeeeeeeeeeeeeeeeeeeeeeabccccccccccccccccccccc
eeeeeeeeeeeeeeeeeeeeeeeeeeeeabcccccccccccccccccccccabccccccccccccccccccccc
eeeeeeeeeeeeeeeeeeeeeeeeeeee
abccccccccccccccccccccc
eeeeeeeeeeeeeeeeeeeeeeeeeeee
abccccccccccccccccccccc
eeeeeeeeeeeeeeeeeeeeeeeeeeeeabccccccccccccccccccccc
eeeeeeeeeeeeeeeeeeeeeeeeeeeeabccccccccccccccccccccc
eeeeeeeeeeeeeeeeeeeeeeeeeeeeabccccccccccccccccccccc
eeeeeeeeeeeeeeeeeeeeeeeeeeeeabccccccccccccccccccccc
eeeeeeeeeeeeeeeeeeeeeeeeeeeeabccccccccccccccccccccc
eeeeeeeeeeeeeeeeeeeeeeeeeeeeabccccccccccccccccccccc
eeeeeeeeeeeeeeeeeeeeeeeeeeeeabccccccccccccccccccccc
eeeeeeeeeeeeeeeeeeeeeeeeeeeeabccccccccccccccccccccc
eeeeeeeeeeeeeeeeeeeeeeeeeeeeabccccccccccccccccccccc
eeeeeeeeeeeeeeeeeeeeeeeeeeeeabccccccccccccccccccccc
eeeeeeeeeeeeeeeeeeeeeeeeeeeeabccccccccccccccccccccc
eeeeeeeeeeeeeeeeeeeeeeeeeeeeabcccccccccccccccccccccabccccccccccccccccccccc
eeeeeeeeeeeeeeeeeeeeeeeeeeee
abccccccccccccccccccccc
eeeeeeeeeeeeeeeeeeeeeeeeeeee
abccccccccccccccccccccc
eeeeeeeeeeeeeeeeeeeeeeeeeeeeabccccccccccccccccccccc
eeeeeeeeeeeeeeeeeeeeeeeeeeeeabccccccccccccccccccccc
eeeeeeeeeeeeeeeeeeeeeeeeeeeeabccccccccccccccccccccc
eeeeeeeeeeeeeeeeeeeeeeeeeeeeabccccccccccccccccccccc
eeeeeeeeeeeeeeeeeeeeeeeeeeeeabccccccccccccccccccccc
eeeeeeeeeeeeeeeeeeeeeeeeeeeeabccccccccccccccccccccc
eeeeeeeeeeeeeeeeeeeeeeeeeeeeabccccccccccccccccccccc
eeeeeeeeeeeeeeeeeeeeeeeeeeeeabccccccccccccccccccccc
eeeeeeeeeeeeeeeeeeeeeeeeeeeeabccccccccccccccccccccc
eeeeeeeeeeeeeeeeeeeeeeeeeeeeabccccccccccccccccccccc
eeeeeeeeeeeeeeeeeeeeeeeeeeeeabccccccccccccccccccccc
eeeeeeeeeeeeeeeeeeeeeeeeeeeeabcccccccccccccccccccccabccccccccccccccccccccc
eeeeeeeeeeeeeeeeeeeeeeeeeeee
abccccccccccccccccccccc
eeeeeeeeeeeeeeeeeeeeeeeeeeee
abccccccccccccccccccccc
eeeeeeeeeeeeeeeeeeeeeeeeeeeeabccccccccccccccccccccc
eeeeeeeeeeeeeeeeeeeeeeeeeeeeabccccccccccccccccccccc
eeeeeeeeeeeeeeeeeeeeeeeeeeeeabccccccccccccccccccccc
eeeeeeeeeeeeeeeeeeeeeeeeeeeeabccccccccccccccccccccc
eeeeeeeeeeeeeeeeeeeeeeeeeeeeabccccccccccccccccccccc
eeeeeeeeeeeeeeeeeeeeeeeeeeeeabccccccccccccccccccccc
eeeeeeeeeeeeeeeeeeeeeeeeeeeeabccccccccccccccccccccc
eeeeeeeeeeeeeeeeeeeeeeeeeeeeabccccccccccccccccccccc
eeeeeeeeeeeeeeeeeeeeeeeeeeeeabccccccccccccccccccccc
eeeeeeeeeeeeeeeeeeeeeeeeeeeeabccccccccccccccccccccc
eeeeeeeeeeeeeeeeeeeeeeeeeeeeabccccccccccccccccccccc
eeeeeeeeeeeeeeeeeeeeeeeeeeeeabcccccccccccccccccccccabccccccccccccccccccccc
eeeeeeeeeeeeeeeeeeeeeeeeeeee
abccccccccccccccccccccc
eeeeeeeeeeeeeeeeeeeeeeeeeeee
abccccccccccccccccccccc
eeeeeeeeeeeeeeeeeeeeeeeeeeeeabccccccccccccccccccccc
eeeeeeeeeeeeeeeeeeeeeeeeeeeeabccccccccccccccccccccc
eeeeeeeeeeeeeeeeeeeeeeeeeeeeabccccccccccccccccccccc
eeeeeeeeeeeeeeeeeeeeeeeeeeeeabccccccccccccccccccccc
eeeeeeeeeeeeeeeeeeeeeeeeeeeeabccccccccccccccccccccc
eeeeeeeeeeeeeeeeeeeeeeeeeeeeabccccccccccccccccccccc
eeeeeeeeeeeeeeeeeeeeeeeeeeeeabccccccccccccccccccccc
eeeeeeeeeeeeeeeeeeeeeeeeeeeeabccccccccccccccccccccc
eeeeeeeeeeeeeeeeeeeeeeeeeeeeabccccccccccccccccccccc
eeeeeeeeeeeeeeeeeeeeeeeeeeeeabccccccccccccccccccccc
eeeeeeeeeeeeeeeeeeeeeeeeeeeeabccccccccccccccccccccc
eeeeeeeeeeeeeeeeeeeeeeeeeeeeabcccccccccccccccccccccabccccccccccccccccccccc
eeeeeeeeeeeeeeeeeeeeeeeeeeee
abccccccccccccccccccccc
eeeeeeeeeeeeeeeeeeeeeeeeeeee
abccccccccccccccccccccc
eeeeeeeeeeeeeeeeeeeeeeeeeeeeabccccccccccccccccccccc
eeeeeeeeeeeeeeeeeeeeeeeeeeeeabccccccccccccccccccccc
eeeeeeeeeeeeeeeeeeeeeeeeeeeeabccccccccccccccccccccc
eeeeeeeeeeeeeeeeeeeeeeeeeeeeabccccccccccccccccccccc
eeeeeeeeeeeeeeeeeeeeeeeeeeeeabccccccccccccccccccccc
eeeeeeeeeeeeeeeeeeeeeeeeeeeeabccccccccccccccccccccc
eeeeeeeeeeeeeeeeeeeeeeeeeeeeabccccccccccccccccccccc
eeeeeeeeeeeeeeeeeeeeeeeeeeeeabccccccccccccccccccccc
eeeeeeeeeeeeeeeeeeeeeeeeeeeeabccccccccccccccccccccc
eeeeeeeeeeeeeeeeeeeeeeeeeeeeabccccccccccccccccccccc
eeeeeeeeeeeeeeeeeeeeeeeeeeeeabccccccccccccccccccccc
eeeeeeeeeeeeeeeeeeeeeeeeeeeeabcccccccccccccccccccccabccccccccccccccccccccc
eeeeeeeeeeeeeeeeeeeeeeeeeeee
abccccccccccccccccccccc
eeeeeeeeeeeeeeeeeeeeeeeeeeee
abccccccccccccccccccccc
eeeeeeeeeeeeeeeeeeeeeeeeeeeeabccccccccccccccccccccc
eeeeeeeeeeeeeeeeeeeeeeeeeeeeabccccccccccccccccccccc
eeeeeeeeeeeeeeeeeeeeeeeeeeeeabccccccccccccccccccccc
eeeeeeeeeeeeeeeeeeeeeeeeeeeeabccccccccccccccccccccc
eeeeeeeeeeeeeeeeeeeeeeeeeeeeabccccccccccccccccccccc
eeeeeeeeeeeeeeeeeeeeeeeeeeeeabccccccccccccccccccccc
eeeeeeeeeeeeeeeeeeeeeeeeeeeeabccccccccccccccccccccc
eeeeeeeeeeeeeeeeeeeeeeeeeeeeabccccccccccccccccccccc
eeeeeeeeeeeeeeeeeeeeeeeeeeeeabccccccccccccccccccccc
eeeeeeeeeeeeeeeeeeeeeeeeeeeeabccccccccccccccccccccc
eeeeeeeeeeeeeeeeeeeeeeeeeeeeabccccccccccccccccccccc
eeeeeeeeeeeeeeeeeeeeeeeeeeeeabcccccccccccccccccccccabccccccccccccccccccccc
eeeeeeeeeeeeeeeeeeeeeeeeeeee
abccccccccccccccccccccc
eeeeeeeeeeeeeeeeeeeeeeeeeeee
abccccccccccccccccccccc
eeeeeeeeeeeeeeeeeeeeeeeeeeeeabccccccccccccccccccccc
eeeeeeeeeeeeeeeeeeeeeeeeeeeeabccccccccccccccccccccc
eeeeeeeeeeeeeeeeeeeeeeeeeeeeabccccccccccccccccccccc
eeeeeeeeeeeeeeeeeeeeeeeeeeeeabccccccccccccccccccccc
eeeeeeeeeeeeeeeeeeeeeeeeeeeeabccccccccccccccccccccc
eeeeeeeeeeeeeeeeeeeeeeeeeeeeabccccccccccccccccccccc
eeeeeeeeeeeeeeeeeeeeeeeeeeeeabccccccccccccccccccccc
eeeeeeeeeeeeeeeeeeeeeeeeeeeeabccccccccccccccccccccc
eeeeeeeeeeeeeeeeeeeeeeeeeeeeabccccccccccccccccccccc
eeeeeeeeeeeeeeeeeeeeeeeeeeeeabccccccccccccccccccccc
eeeeeeeeeeeeeeeeeeeeeeeeeeeeabccccccccccccccccccccc
eeeeeeeeeeeeeeeeeeeeeeeeeeeeabcccccccccccccccccccccabccccccccccccccccccccc
eeeeeeeeeeeeeeeeeeeeeeeeeeee
abccccccccccccccccccccc
eeeeeeeeeeeeeeeeeeeeeeeeeeee
abccccccccccccccccccccc
eeeeeeeeeeeeeeeeeeeeeeeeeeeeabccccccccccccccccccccc
eeeeeeeeeeeeeeeeeeeeeeeeeeeeabccccccccccccccccccccc
eeeeeeeeeeeeeeeeeeeeeeeeeeeeabccccccccccccccccccccc
eeeeeeeeeeeeeeeeeeeeeeeeeeeeabccccccccccccccccccccc
eeeeeeeeeeeeeeeeeeeeeeeeeeeeabccccccccccccccccccccc
eeeeeeeeeeeeeeeeeeeeeeeeeeeeabccccccccccccccccccccc
eeeeeeeeeeeeeeeeeeeeeeeeeeeeabccccccccccccccccccccc
eeeeeeeeeeeeeeeeeeeeeeeeeeeeabccccccccccccccccccccc
eeeeeeeeeeeeeeeeeeeeeeeeeeeeabccccccccccccccccccccc
eeeeeeeeeeeeeeeeeeeeeeeeeeeeabccccccccccccccccccccc
eeeeeeeeeeeeeeeeeeeeeeeeeeeeabccccccccccccccccccccc
eeeeeeeeeeeeeeeeeeeeeeeeeeeeabcccccccccccccccccccccabccccccccccccccccccccc
eeeeeeeeeeeeeeeeeeeeeeeeeeee
abccccccccccccccccccccc
eeeeeeeeeeeeeeeeeeeeeeeeeeee
abccccccccccccccccccccc
eeeeeeeeeeeeeeeeeeeeeeeeeeeeabccccccccccccccccccccc
eeeeeeeeeeeeeeeeeeeeeeeeeeeeabccccccccccccccccccccc
eeeeeeeeeeeeeeeeeeeeeeeeeeeeabccccccccccccccccccccc
eeeeeeeeeeeeeeeeeeeeeeeeeeeeabccccccccccccccccccccc
eeeeeeeeeeeeeeeeeeeeeeeeeeeeabccccccccccccccccccccc
eeeeeeeeeeeeeeeeeeeeeeeeeeeeabccccccccccccccccccccc
eeeeeeeeeeeeeeeeeeeeeeeeeeeeabccccccccccccccccccccc
eeeeeeeeeeeeeeeeeeeeeeeeeeeeabccccccccccccccccccccc
eeeeeeeeeeeeeeeeeeeeeeeeeeeeabccccccccccccccccccccc
eeeeeeeeeeeeeeeeeeeeeeeeeeeeabccccccccccccccccccccc
eeeeeeeeeeeeeeeeeeeeeeeeeeeeabccccccccccccccccccccc
eeeeeeeeeeeeeeeeeeeeeeeeeeeeabcccccccccccccccccccccabccccccccccccccccccccc
eeeeeeeeeeeeeeeeeeeeeeeeeeee
abccccccccccccccccccccc
eeeeeeeeeeeeeeeeeeeeeeeeeeee
abccccccccccccccccccccc
eeeeeeeeeeeeeeeeeeeeeeeeeeeeabccccccccccccccccccccc
eeeeeeeeeeeeeeeeeeeeeeeeeeeeabccccccccccccccccccccc
eeeeeeeeeeeeeeeeeeeeeeeeeeeeabccccccccccccccccccccc
eeeeeeeeeeeeeeeeeeeeeeeeeeeeabccccccccccccccccccccc
eeeeeeeeeeeeeeeeeeeeeeeeeeeeabccccccccccccccccccccc
eeeeeeeeeeeeeeeeeeeeeeeeeeeeabccccccccccccccccccccc
eeeeeeeeeeeeeeeeeeeeeeeeeeeeabccccccccccccccccccccc
eeeeeeeeeeeeeeeeeeeeeeeeeeeeabccccccccccccccccccccc
eeeeeeeeeeeeeeeeeeeeeeeeeeeeabccccccccccccccccccccc
eeeeeeeeeeeeeeeeeeeeeeeeeeeeabccccccccccccccccccccc
eeeeeeeeeeeeeeeeeeeeeeeeeeeeabccccccccccccccccccccc
eeeeeeeeeeeeeeeeeeeeeeeeeeeeabcccccccccccccccccccccabccccccccccccccccccccc
eeeeeeeeeeeeeeeeeeeeeeeeeeee
abccccccccccccccccccccc
eeeeeeeeeeeeeeeeeeeeeeeeeeee
abccccccccccccccccccccc
eeeeeeeeeeeeeeeeeeeeeeeeeeeeabccccccccccccccccccccc
eeeeeeeeeeeeeeeeeeeeeeeeeeeeabccccccccccccccccccccc
eeeeeeeeeeeeeeeeeeeeeeeeeeeeabccccccccccccccccccccc
eeeeeeeeeeeeeeeeeeeeeeeeeeeeabccccccccccccccccccccc
eeeeeeeeeeeeeeeeeeeeeeeeeeeeabccccccccccccccccccccc
eeeeeeeeeeeeeeeeeeeeeeeeeeeeabccccccccccccccccccccc
eeeeeeeeeeeeeeeeeeeeeeeeeeeeabccccccccccccccccccccc
eeeeeeeeeeeeeeeeeeeeeeeeeeeeabccccccccccccccccccccc
eeeeeeeeeeeeeeeeeeeeeeeeeeeeabccccccccccccccccccccc
eeeeeeeeeeeeeeeeeeeeeeeeeeeeabccccccccccccccccccccc
eeeeeeeeeeeeeeeeeeeeeeeeeeeeabccccccccccccccccccccc
eeeeeeeeeeeeeeeeeeeeeeeeeeeeabcccccccccccccccccccccabccccccccccccccccccccc
eeeeeeeeeeeeeeeeeeeeeeeeeeee
abccccccccccccccccccccc
eeeeeeeeeeeeeeeeeeeeeeeeeeee
abccccccccccccccccccccc
eeeeeeeeeeeeeeeeeeeeeeeeeeeeabccccccccccccccccccccc
eeeeeeeeeeeeeeeeeeeeeeeeeeeeabccccccccccccccccccccc
eeeeeeeeeeeeeeeeeeeeeeeeeeeeabccccccccccccccccccccc
eeeeeeeeeeeeeeeeeeeeeeeeeeeeabccccccccccccccccccccc
eeeeeeeeeeeeeeeeeeeeeeeeeeeeabccccccccccccccccccccc
eeeeeeeeeeeeeeeeeeeeeeeeeeeeabccccccccccccccccccccc
eeeeeeeeeeeeeeeeeeeeeeeeeeeeabccccccccccccccccccccc
eeeeeeeeeeeeeeeeeeeeeeeeeeeeabccccccccccccccccccccc
eeeeeeeeeeeeeeeeeeeeeeeeeeeeabccccccccccccccccccccc
eeeeeeeeeeeeeeeeeeeeeeeeeeeeabccccccccccccccccccccc
eeeeeeeeeeeeeeeeeeeeeeeeeeeeabccccccccccccccccccccc
eeeeeeeeeeeeeeeeeeeeeeeeeeeeabcccccccccccccccccccccabccccccccccccccccccccc
eeeeeeeeeeeeeeeeeeeeeeeeeeee
abccccccccccccccccccccc
eeeeeeeeeeeeeeeeeeeeeeeeeeee
abccccccccccccccccccccc
eeeeeeeeeeeeeeeeeeeeeeeeeeeeabccccccccccccccccccccc
eeeeeeeeeeeeeeeeeeeeeeeeeeeeabccccccccccccccccccccc
eeeeeeeeeeeeeeeeeeeeeeeeeeeeabccccccccccccccccccccc
eeeeeeeeeeeeeeeeeeeeeeeeeeeeabccccccccccccccccccccc
eeeeeeeeeeeeeeeeeeeeeeeeeeeeabccccccccccccccccccccc
eeeeeeeeeeeeeeeeeeeeeeeeeeeeabccccccccccccccccccccc
eeeeeeeeeeeeeeeeeeeeeeeeeeeeabccccccccccccccccccccc
eeeeeeeeeeeeeeeeeeeeeeeeeeeeabccccccccccccccccccccc
eeeeeeeeeeeeeeeeeeeeeeeeeeeeabccccccccccccccccccccc
eeeeeeeeeeeeeeeeeeeeeeeeeeeeabccccccccccccccccccccc
eeeeeeeeeeeeeeeeeeeeeeeeeeeeabccccccccccccccccccccc
eeeeeeeeeeeeeeeeeeeeeeeeeeeeabcccccccccccccccccccccabccccccccccccccccccccc
eeeeeeeeeeeeeeeeeeeeeeeeeeee
abccccccccccccccccccccc
eeeeeeeeeeeeeeeeeeeeeeeeeeee
abccccccccccccccccccccc
eeeeeeeeeeeeeeeeeeeeeeeeeeeeabccccccccccccccccccccc
eeeeeeeeeeeeeeeeeeeeeeeeeeeeabccccccccccccccccccccc
eeeeeeeeeeeeeeeeeeeeeeeeeeeeabccccccccccccccccccccc
eeeeeeeeeeeeeeeeeeeeeeeeeeeeabccccccccccccccccccccc
eeeeeeeeeeeeeeeeeeeeeeeeeeeeabccccccccccccccccccccc
eeeeeeeeeeeeeeeeeeeeeeeeeeeeabccccccccccccccccccccc
eeeeeeeeeeeeeeeeeeeeeeeeeeeeabccccccccccccccccccccc
eeeeeeeeeeeeeeeeeeeeeeeeeeeeabccccccccccccccccccccc
eeeeeeeeeeeeeeeeeeeeeeeeeeeeabccccccccccccccccccccc
eeeeeeeeeeeeeeeeeeeeeeeeeeeeabccccccccccccccccccccc
eeeeeeeeeeeeeeeeeeeeeeeeeeeeabccccccccccccccccccccc
eeeeeeeeeeeeeeeeeeeeeeeeeeeeabcccccccccccccccccccccabccccccccccccccccccccc
eeeeeeeeeeeeeeeeeeeeeeeeeeee
abccccccccccccccccccccc
eeeeeeeeeeeeeeeeeeeeeeeeeeee
abccccccccccccccccccccc
eeeeeeeeeeeeeeeeeeeeeeeeeeeeabccccccccccccccccccccc
eeeeeeeeeeeeeeeeeeeeeeeeeeeeabccccccccccccccccccccc
eeeeeeeeeeeeeeeeeeeeeeeeeeeeabccccccccccccccccccccc
eeeeeeeeeeeeeeeeeeeeeeeeeeeeabccccccccccccccccccccc
eeeeeeeeeeeeeeeeeeeeeeeeeeeeabccccccccccccccccccccc
eeeeeeeeeeeeeeeeeeeeeeeeeeeeabccccccccccccccccccccc
eeeeeeeeeeeeeeeeeeeeeeeeeeeeabccccccccccccccccccccc
eeeeeeeeeeeeeeeeeeeeeeeeeeeeabccccccccccccccccccccc
eeeeeeeeeeeeeeeeeeeeeeeeeeeeabccccccccccccccccccccc
eeeeeeeeeeeeeeeeeeeeeeeeeeeeabccccccccccccccccccccc
eeeeeeeeeeeeeeeeeeeeeeeeeeeeabccccccccccccccccccccc
eeeeeeeeeeeeeeeeeeeeeeeeeeeeabcccccccccccccccccccccabccccccccccccccccccccc
eeeeeeeeeeeeeeeeeeeeeeeeeeee
abccccccccccccccccccccc
eeeeeeeeeeeeeeeeeeeeeeeeeeee
abccccccccccccccccccccc
eeeeeeeeeeeeeeeeeeeeeeeeeeeeabccccccccccccccccccccc
eeeeeeeeeeeeeeeeeeeeeeeeeeeeabccccccccccccccccccccc
eeeeeeeeeeeeeeeeeeeeeeeeeeeeabccccccccccccccccccccc
eeeeeeeeeeeeeeeeeeeeeeeeeeeeabccccccccccccccccccccc
eeeeeeeeeeeeeeeeeeeeeeeeeeeeabccccccccccccccccccccc
eeeeeeeeeeeeeeeeeeeeeeeeeeeeabccccccccccccccccccccc
eeeeeeeeeeeeeeeeeeeeeeeeeeeeabccccccccccccccccccccc
eeeeeeeeeeeeeeeeeeeeeeeeeeeeabccccccccccccccccccccc
eeeeeeeeeeeeeeeeeeeeeeeeeeeeabccccccccccccccccccccc
eeeeeeeeeeeeeeeeeeeeeeeeeeeeabccccccccccccccccccccc
eeeeeeeeeeeeeeeeeeeeeeeeeeeeabccccccccccccccccccccc
eeeeeeeeeeeeeeeeeeeeeeeeeeeeabcccccccccccccccccccccabccccccccccccccccccccc
eeeeeeeeeeeeeeeeeeeeeeeeeeee
abccccccccccccccccccccc
eeeeeeeeeeeeeeeeeeeeeeeeeeee
abccccccccccccccccccccc
eeeeeeeeeeeeeeeeeeeeeeeeeeeeabccccccccccccccccccccc
eeeeeeeeeeeeeeeeeeeeeeeeeeeeabccccccccccccccccccccc
eeeeeeeeeeeeeeeeeeeeeeeeeeeeabccccccccccccccccccccc
eeeeeeeeeeeeeeeeeeeeeeeeeeeeabccccccccccccccccccccc
eeeeeeeeeeeeeeeeeeeeeeeeeeeeabccccccccccccccccccccc
eeeeeeeeeeeeeeeeeeeeeeeeeeeeabccccccccccccccccccccc
eeeeeeeeeeeeeeeeeeeeeeeeeeeeabccccccccccccccccccccc
eeeeeeeeeeeeeeeeeeeeeeeeeeeeabccccccccccccccccccccc
eeeeeeeeeeeeeeeeeeeeeeeeeeeeabccccccccccccccccccccc
eeeeeeeeeeeeeeeeeeeeeeeeeeeeabccccccccccccccccccccc
eeeeeeeeeeeeeeeeeeeeeeeeeeeeabccccccccccccccccccccc
eeeeeeeeeeeeeeeeeeeeeeeeeeeeabcccccccccccccccccccccabccccccccccccccccccccc
eeeeeeeeeeeeeeeeeeeeeeeeeeee
abccccccccccccccccccccc
eeeeeeeeeeeeeeeeeeeeeeeeeeee
abccccccccccccccccccccc
eeeeeeeeeeeeeeeeeeeeeeeeeeeeabccccccccccccccccccccc
eeeeeeeeeeeeeeeeeeeeeeeeeeeeabccccccccccccccccccccc
eeeeeeeeeeeeeeeeeeeeeeeeeeeeabccccccccccccccccccccc
eeeeeeeeeeeeeeeeeeeeeeeeeeeeabccccccccccccccccccccc
eeeeeeeeeeeeeeeeeeeeeeeeeeeeabccccccccccccccccccccc
eeeeeeeeeeeeeeeeeeeeeeeeeeeeabccccccccccccccccccccc
eeeeeeeeeeeeeeeeeeeeeeeeeeeeabccccccccccccccccccccc
eeeeeeeeeeeeeeeeeeeeeeeeeeeeabccccccccccccccccccccc
eeeeeeeeeeeeeeeeeeeeeeeeeeeeabccccccccccccccccccccc
eeeeeeeeeeeeeeeeeeeeeeeeeeeeabccccccccccccccccccccc
eeeeeeeeeeeeeeeeeeeeeeeeeeeeabccccccccccccccccccccc
eeeeeeeeeeeeeeeeeeeeeeeeeeeeabcccccccccccccccccccccabccccccccccccccccccccc
eeeeeeeeeeeeeeeeeeeeeeeeeeee
abccccccccccccccccccccc
eeeeeeeeeeeeeeeeeeeeeeeeeeee
abccccccccccccccccccccc
eeeeeeeeeeeeeeeeeeeeeeeeeeeeabccccccccccccccccccccc
eeeeeeeeeeeeeeeeeeeeeeeeeeeeabccccccccccccccccccccc
eeeeeeeeeeeeeeeeeeeeeeeeeeeeabccccccccccccccccccccc
eeeeeeeeeeeeeeeeeeeeeeeeeeeeabccccccccccccccccccccc
eeeeeeeeeeeeeeeeeeeeeeeeeeeeabccccccccccccccccccccc
eeeeeeeeeeeeeeeeeeeeeeeeeeeeabccccccccccccccccccccc
eeeeeeeeeeeeeeeeeeeeeeeeeeeeabccccccccccccccccccccc
eeeeeeeeeeeeeeeeeeeeeeeeeeeeabccccccccccccccccccccc
eeeeeeeeeeeeeeeeeeeeeeeeeeeeabccccccccccccccccccccc
eeeeeeeeeeeeeeeeeeeeeeeeeeeeabccccccccccccccccccccc
eeeeeeeeeeeeeeeeeeeeeeeeeeeeabccccccccccccccccccccc
eeeeeeeeeeeeeeeeeeeeeeeeeeeeabcccccccccccccccccccccabccccccccccccccccccccc
eeeeeeeeeeeeeeeeeeeeeeeeeeee
abccccccccccccccccccccc
eeeeeeeeeeeeeeeeeeeeeeeeeeee
abccccccccccccccccccccc
eeeeeeeeeeeeeeeeeeeeeeeeeeeeabccccccccccccccccccccc
eeeeeeeeeeeeeeeeeeeeeeeeeeeeabccccccccccccccccccccc
eeeeeeeeeeeeeeeeeeeeeeeeeeeeabccccccccccccccccccccc
eeeeeeeeeeeeeeeeeeeeeeeeeeeeabccccccccccccccccccccc
eeeeeeeeeeeeeeeeeeeeeeeeeeeeabccccccccccccccccccccc
eeeeeeeeeeeeeeeeeeeeeeeeeeeeabccccccccccccccccccccc
eeeeeeeeeeeeeeeeeeeeeeeeeeeeabccccccccccccccccccccc
eeeeeeeeeeeeeeeeeeeeeeeeeeeeabccccccccccccccccccccc
eeeeeeeeeeeeeeeeeeeeeeeeeeeeabccccccccccccccccccccc
eeeeeeeeeeeeeeeeeeeeeeeeeeeeabccccccccccccccccccccc
eeeeeeeeeeeeeeeeeeeeeeeeeeeeabccccccccccccccccccccc
eeeeeeeeeeeeeeeeeeeeeeeeeeeeabcccccccccccccccccccccabccccccccccccccccccccc
eeeeeeeeeeeeeeeeeeeeeeeeeeee
abccccccccccccccccccccc
eeeeeeeeeeeeeeeeeeeeeeeeeeee
abccccccccccccccccccccc
eeeeeeeeeeeeeeeeeeeeeeeeeeeeabccccccccccccccccccccc
eeeeeeeeeeeeeeeeeeeeeeeeeeeeabccccccccccccccccccccc
eeeeeeeeeeeeeeeeeeeeeeeeeeeeabccccccccccccccccccccc
eeeeeeeeeeeeeeeeeeeeeeeeeeeeabccccccccccccccccccccc
eeeeeeeeeeeeeeeeeeeeeeeeeeeeabccccccccccccccccccccc
eeeeeeeeeeeeeeeeeeeeeeeeeeeeabccccccccccccccccccccc
eeeeeeeeeeeeeeeeeeeeeeeeeeeeabccccccccccccccccccccc
eeeeeeeeeeeeeeeeeeeeeeeeeeeeabccccccccccccccccccccc
eeeeeeeeeeeeeeeeeeeeeeeeeeeeabccccccccccccccccccccc
eeeeeeeeeeeeeeeeeeeeeeeeeeeeabccccccccccccccccccccc
eeeeeeeeeeeeeeeeeeeeeeeeeeeeabccccccccccccccccccccc
eeeeeeeeeeeeeeeeeeeeeeeeeeeeabcccccccccccccccccccccabccccccccccccccccccccc
eeeeeeeeeeeeeeeeeeeeeeeeeeee
abccccccccccccccccccccc
eeeeeeeeeeeeeeeeeeeeeeeeeeee
abccccccccccccccccccccc
eeeeeeeeeeeeeeeeeeeeeeeeeeeeabccccccccccccccccccccc
eeeeeeeeeeeeeeeeeeeeeeeeeeeeabccccccccccccccccccccc
eeeeeeeeeeeeeeeeeeeeeeeeeeeeabccccccccccccccccccccc
eeeeeeeeeeeeeeeeeeeeeeeeeeeeabccccccccccccccccccccc
eeeeeeeeeeeeeeeeeeeeeeeeeeeeabccccccccccccccccccccc
eeeeeeeeeeeeeeeeeeeeeeeeeeeeabccccccccccccccccccccc
eeeeeeeeeeeeeeeeeeeeeeeeeeeeabccccccccccccccccccccc
eeeeeeeeeeeeeeeeeeeeeeeeeeeeabccccccccccccccccccccc
eeeeeeeeeeeeeeeeeeeeeeeeeeeeabccccccccccccccccccccc
eeeeeeeeeeeeeeeeeeeeeeeeeeeeabccccccccccccccccccccc
eeeeeeeeeeeeeeeeeeeeeeeeeeeeabccccccccccccccccccccc
eeeeeeeeeeeeeeeeeeeeeeeeeeeeabcccccccccccccccccccccabccccccccccccccccccccc
eeeeeeeeeeeeeeeeeeeeeeeeeeee
abccccccccccccccccccccc
eeeeeeeeeeeeeeeeeeeeeeeeeeee
abccccccccccccccccccccc
eeeeeeeeeeeeeeeeeeeeeeeeeeeeabccccccccccccccccccccc
eeeeeeeeeeeeeeeeeeeeeeeeeeeeabccccccccccccccccccccc
eeeeeeeeeeeeeeeeeeeeeeeeeeeeabccccccccccccccccccccc
eeeeeeeeeeeeeeeeeeeeeeeeeeeeabccccccccccccccccccccc
eeeeeeeeeeeeeeeeeeeeeeeeeeeeabccccccccccccccccccccc
eeeeeeeeeeeeeeeeeeeeeeeeeeeeabccccccccccccccccccccc
eeeeeeeeeeeeeeeeeeeeeeeeeeeeabccccccccccccccccccccc
eeeeeeeeeeeeeeeeeeeeeeeeeeeeabccccccccccccccccccccc
eeeeeeeeeeeeeeeeeeeeeeeeeeeeabccccccccccccccccccccc
eeeeeeeeeeeeeeeeeeeeeeeeeeeeabccccccccccccccccccccc
eeeeeeeeeeeeeeeeeeeeeeeeeeeeabccccccccccccccccccccc
eeeeeeeeeeeeeeeeeeeeeeeeeeeeabcccccccccccccccccccccabccccccccccccccccccccc
eeeeeeeeeeeeeeeeeeeeeeeeeeee
abccccccccccccccccccccc
eeeeeeeeeeeeeeeeeeeeeeeeeeee
abccccccccccccccccccccc
eeeeeeeeeeeeeeeeeeeeeeeeeeeeabccccccccccccccccccccc
eeeeeeeeeeeeeeeeeeeeeeeeeeeeabccccccccccccccccccccc
eeeeeeeeeeeeeeeeeeeeeeeeeeeeabccccccccccccccccccccc
eeeeeeeeeeeeeeeeeeeeeeeeeeeeabccccccccccccccccccccc
eeeeeeeeeeeeeeeeeeeeeeeeeeeeabccccccccccccccccccccc
eeeeeeeeeeeeeeeeeeeeeeeeeeeeabccccccccccccccccccccc
eeeeeeeeeeeeeeeeeeeeeeeeeeeeabccccccccccccccccccccc
eeeeeeeeeeeeeeeeeeeeeeeeeeeeabccccccccccccccccccccc
eeeeeeeeeeeeeeeeeeeeeeeeeeeeabccccccccccccccccccccc
eeeeeeeeeeeeeeeeeeeeeeeeeeeeabccccccccccccccccccccc
eeeeeeeeeeeeeeeeeeeeeeeeeeeeabccccccccccccccccccccc
eeeeeeeeeeeeeeeeeeeeeeeeeeeeabcccccccccccccccccccccabccccccccccccccccccccc
eeeeeeeeeeeeeeeeeeeeeeeeeeee
abccccccccccccccccccccc
eeeeeeeeeeeeeeeeeeeeeeeeeeee
abccccccccccccccccccccc
eeeeeeeeeeeeeeeeeeeeeeeeeeeeabccccccccccccccccccccc
eeeeeeeeeeeeeeeeeeeeeeeeeeeeabccccccccccccccccccccc
eeeeeeeeeeeeeeeeeeeeeeeeeeeeabccccccccccccccccccccc
eeeeeeeeeeeeeeeeeeeeeeeeeeeeabccccccccccccccccccccc
eeeeeeeeeeeeeeeeeeeeeeeeeeeeabccccccccccccccccccccc
eeeeeeeeeeeeeeeeeeeeeeeeeeeeabccccccccccccccccccccc
eeeeeeeeeeeeeeeeeeeeeeeeeeeeabccccccccccccccccccccc
eeeeeeeeeeeeeeeeeeeeeeeeeeeeabccccccccccccccccccccc
eeeeeeeeeeeeeeeeeeeeeeeeeeeeabccccccccccccccccccccc
eeeeeeeeeeeeeeeeeeeeeeeeeeeeabccccccccccccccccccccc
eeeeeeeeeeeeeeeeeeeeeeeeeeeeabccccccccccccccccccccc
eeeeeeeeeeeeeeeeeeeeeeeeeeeeabcccccccccccccccccccccabccccccccccccccccccccc
eeeeeeeeeeeeeeeeeeeeeeeeeeee
abccccccccccccccccccccc
eeeeeeeeeeeeeeeeeeeeeeeeeeee
abccccccccccccccccccccc
eeeeeeeeeeeeeeeeeeeeeeeeeeeeabccccccccccccccccccccc
eeeeeeeeeeeeeeeeeeeeeeeeeeeeabccccccccccccccccccccc
eeeeeeeeeeeeeeeeeeeeeeeeeeeeabccccccccccccccccccccc
eeeeeeeeeeeeeeeeeeeeeeeeeeeeabccccccccccccccccccccc
eeeeeeeeeeeeeeeeeeeeeeeeeeeeabccccccccccccccccccccc
eeeeeeeeeeeeeeeeeeeeeeeeeeeeabccccccccccccccccccccc
eeeeeeeeeeeeeeeeeeeeeeeeeeeeabccccccccccccccccccccc
eeeeeeeeeeeeeeeeeeeeeeeeeeeeabccccccccccccccccccccc
eeeeeeeeeeeeeeeeeeeeeeeeeeeeabccccccccccccccccccccc
eeeeeeeeeeeeeeeeeeeeeeeeeeeeabccccccccccccccccccccc
eeeeeeeeeeeeeeeeeeeeeeeeeeeeabccccccccccccccccccccc
eeeeeeeeeeeeeeeeeeeeeeeeeeeeabcccccccccccccccccccccabccccccccccccccccccccc
eeeeeeeeeeeeeeeeeeeeeeeeeeee
abccccccccccccccccccccc
eeeeeeeeeeeeeeeeeeeeeeeeeeee
abccccccccccccccccccccc
eeeeeeeeeeeeeeeeeeeeeeeeeeeeabccccccccccccccccccccc
eeeeeeeeeeeeeeeeeeeeeeeeeeeeabccccccccccccccccccccc
eeeeeeeeeeeeeeeeeeeeeeeeeeeeabccccccccccccccccccccc
eeeeeeeeeeeeeeeeeeeeeeeeeeeeabccccccccccccccccccccc
eeeeeeeeeeeeeeeeeeeeeeeeeeeeabccccccccccccccccccccc
eeeeeeeeeeeeeeeeeeeeeeeeeeeeabccccccccccccccccccccc
eeeeeeeeeeeeeeeeeeeeeeeeeeeeabccccccccccccccccccccc
eeeeeeeeeeeeeeeeeeeeeeeeeeeeabccccccccccccccccccccc
eeeeeeeeeeeeeeeeeeeeeeeeeeeeabccccccccccccccccccccc
eeeeeeeeeeeeeeeeeeeeeeeeeeeeabccccccccccccccccccccc
eeeeeeeeeeeeeeeeeeeeeeeeeeeeabccccccccccccccccccccc
eeeeeeeeeeeeeeeeeeeeeeeeeeeeabcccccccccccccccccccccabccccccccccccccccccccc
eeeeeeeeeeeeeeeeeeeeeeeeeeee
abccccccccccccccccccccc
eeeeeeeeeeeeeeeeeeeeeeeeeeee
abccccccccccccccccccccc
eeeeeeeeeeeeeeeeeeeeeeeeeeeeabccccccccccccccccccccc
eeeeeeeeeeeeeeeeeeeeeeeeeeeeabccccccccccccccccccccc
eeeeeeeeeeeeeeeeeeeeeeeeeeeeabccccccccccccccccccccc
eeeeeeeeeeeeeeeeeeeeeeeeeeeeabccccccccccccccccccccc
eeeeeeeeeeeeeeeeeeeeeeeeeeeeabccccccccccccccccccccc
eeeeeeeeeeeeeeeeeeeeeeeeeeeeabccccccccccccccccccccc
eeeeeeeeeeeeeeeeeeeeeeeeeeeeabccccccccccccccccccccc
eeeeeeeeeeeeeeeeeeeeeeeeeeeeabccccccccccccccccccccc
eeeeeeeeeeeeeeeeeeeeeeeeeeeeabccccccccccccccccccccc
eeeeeeeeeeeeeeeeeeeeeeeeeeeeabccccccccccccccccccccc
eeeeeeeeeeeeeeeeeeeeeeeeeeeeabccccccccccccccccccccc
eeeeeeeeeeeeeeeeeeeeeeeeeeeeabcccccccccccccccccccccabccccccccccccccccccccc
eeeeeeeeeeeeeeeeeeeeeeeeeeee
abccccccccccccccccccccc
eeeeeeeeeeeeeeeeeeeeeeeeeeee
abccccccccccccccccccccc
eeeeeeeeeeeeeeeeeeeeeeeeeeeeabccccccccccccccccccccc
eeeeeeeeeeeeeeeeeeeeeeeeeeeeabccccccccccccccccccccc
eeeeeeeeeeeeeeeeeeeeeeeeeeeeabccccccccccccccccccccc
eeeeeeeeeeeeeeeeeeeeeeeeeeeeabccccccccccccccccccccc
eeeeeeeeeeeeeeeeeeeeeeeeeeeeabccccccccccccccccccccc
eeeeeeeeeeeeeeeeeeeeeeeeeeeeabccccccccccccccccccccc
eeeeeeeeeeeeeeeeeeeeeeeeeeeeabccccccccccccccccccccc
eeeeeeeeeeeeeeeeeeeeeeeeeeeeabccccccccccccccccccccc
eeeeeeeeeeeeeeeeeeeeeeeeeeeeabccccccccccccccccccccc
eeeeeeeeeeeeeeeeeeeeeeeeeeeeabccccccccccccccccccccc
eeeeeeeeeeeeeeeeeeeeeeeeeeeeabccccccccccccccccccccc
eeeeeeeeeeeeeeeeeeeeeeeeeeeeabcccccccccccccccccccccabccccccccccccccccccccc
eeeeeeeeeeeeeeeeeeeeeeeeeeee
abccccccccccccccccccccc
eeeeeeeeeeeeeeeeeeeeeeeeeeee
abccccccccccccccccccccc
eeeeeeeeeeeeeeeeeeeeeeeeeeeeabccccccccccccccccccccc
eeeeeeeeeeeeeeeeeeeeeeeeeeeeabccccccccccccccccccccc
eeeeeeeeeeeeeeeeeeeeeeeeeeeeabccccccccccccccccccccc
eeeeeeeeeeeeeeeeeeeeeeeeeeeeabccccccccccccccccccccc
eeeeeeeeeeeeeeeeeeeeeeeeeeeeabccccccccccccccccccccc
eeeeeeeeeeeeeeeeeeeeeeeeeeeeabccccccccccccccccccccc
eeeeeeeeeeeeeeeeeeeeeeeeeeeeabccccccccccccccccccccc
eeeeeeeeeeeeeeeeeeeeeeeeeeeeabccccccccccccccccccccc
eeeeeeeeeeeeeeeeeeeeeeeeeeeeabccccccccccccccccccccc
eeeeeeeeeeeeeeeeeeeeeeeeeeeeabccccccccccccccccccccc
eeeeeeeeeeeeeeeeeeeeeeeeeeeeabccccccccccccccccccccc
eeeeeeeeeeeeeeeeeeeeeeeeeeeeabcccccccccccccccccccccabccccccccccccccccccccc
eeeeeeeeeeeeeeeeeeeeeeeeeeee
abccccccccccccccccccccc
eeeeeeeeeeeeeeeeeeeeeeeeeeee
abccccccccccccccccccccc
eeeeeeeeeeeeeeeeeeeeeeeeeeeeabccccccccccccccccccccc
eeeeeeeeeeeeeeeeeeeeeeeeeeeeabccccccccccccccccccccc
eeeeeeeeeeeeeeeeeeeeeeeeeeeeabccccccccccccccccccccc
eeeeeeeeeeeeeeeeeeeeeeeeeeeeabccccccccccccccccccccc
eeeeeeeeeeeeeeeeeeeeeeeeeeeeabccccccccccccccccccccc
eeeeeeeeeeeeeeeeeeeeeeeeeeeeabccccccccccccccccccccc
eeeeeeeeeeeeeeeeeeeeeeeeeeeeabccccccccccccccccccccc
eeeeeeeeeeeeeeeeeeeeeeeeeeeeabccccccccccccccccccccc
eeeeeeeeeeeeeeeeeeeeeeeeeeeeabccccccccccccccccccccc
eeeeeeeeeeeeeeeeeeeeeeeeeeeeabccccccccccccccccccccc
eeeeeeeeeeeeeeeeeeeeeeeeeeeeabccccccccccccccccccccc
eeeeeeeeeeeeeeeeeeeeeeeeeeeeabcccccccccccccccccccccabccccccccccccccccccccc
eeeeeeeeeeeeeeeeeeeeeeeeeeee
abccccccccccccccccccccc
eeeeeeeeeeeeeeeeeeeeeeeeeeee
abccccccccccccccccccccc
eeeeeeeeeeeeeeeeeeeeeeeeeeeeabccccccccccccccccccccc
eeeeeeeeeeeeeeeeeeeeeeeeeeeeabccccccccccccccccccccc
eeeeeeeeeeeeeeeeeeeeeeeeeeeeabccccccccccccccccccccc
eeeeeeeeeeeeeeeeeeeeeeeeeeeeabccccccccccccccccccccc
eeeeeeeeeeeeeeeeeeeeeeeeeeeeabccccccccccccccccccccc
eeeeeeeeeeeeeeeeeeeeeeeeeeeeabccccccccccccccccccccc
eeeeeeeeeeeeeeeeeeeeeeeeeeeeabccccccccccccccccccccc
eeeeeeeeeeeeeeeeeeeeeeeeeeeeabccccccccccccccccccccc
eeeeeeeeeeeeeeeeeeeeeeeeeeeeabccccccccccccccccccccc
eeeeeeeeeeeeeeeeeeeeeeeeeeeeabccccccccccccccccccccc
eeeeeeeeeeeeeeeeeeeeeeeeeeeeabccccccccccccccccccccc
eeeeeeeeeeeeeeeeeeeeeeeeeeeeabcccccccccccccccccccccabccccccccccccccccccccc
eeeeeeeeeeeeeeeeeeeeeeeeeeee
abccccccccccccccccccccc
eeeeeeeeeeeeeeeeeeeeeeeeeeee
abccccccccccccccccccccc
eeeeeeeeeeeeeeeeeeeeeeeeeeeeabccccccccccccccccccccc
eeeeeeeeeeeeeeeeeeeeeeeeeeeeabccccccccccccccccccccc
eeeeeeeeeeeeeeeeeeeeeeeeeeeeabccccccccccccccccccccc
eeeeeeeeeeeeeeeeeeeeeeeeeeeeabccccccccccccccccccccc
eeeeeeeeeeeeeeeeeeeeeeeeeeeeabccccccccccccccccccccc
eeeeeeeeeeeeeeeeeeeeeeeeeeeeabccccccccccccccccccccc
eeeeeeeeeeeeeeeeeeeeeeeeeeeeabccccccccccccccccccccc
eeeeeeeeeeeeeeeeeeeeeeeeeeeeabccccccccccccccccccccc
eeeeeeeeeeeeeeeeeeeeeeeeeeeeabccccccccccccccccccccc
eeeeeeeeeeeeeeeeeeeeeeeeeeeeabccccccccccccccccccccc
eeeeeeeeeeeeeeeeeeeeeeeeeeeeabccccccccccccccccccccc
eeeeeeeeeeeeeeeeeeeeeeeeeeeeabcccccccccccccccccccccabccccccccccccccccccccc
eeeeeeeeeeeeeeeeeeeeeeeeeeee
abccccccccccccccccccccc
eeeeeeeeeeeeeeeeeeeeeeeeeeee
abccccccccccccccccccccc
eeeeeeeeeeeeeeeeeeeeeeeeeeeeabccccccccccccccccccccc
eeeeeeeeeeeeeeeeeeeeeeeeeeeeabccccccccccccccccccccc
eeeeeeeeeeeeeeeeeeeeeeeeeeeeabccccccccccccccccccccc
eeeeeeeeeeeeeeeeeeeeeeeeeeeeabccccccccccccccccccccc
eeeeeeeeeeeeeeeeeeeeeeeeeeeeabccccccccccccccccccccc
eeeeeeeeeeeeeeeeeeeeeeeeeeeeabccccccccccccccccccccc
eeeeeeeeeeeeeeeeeeeeeeeeeeeeabccccccccccccccccccccc
eeeeeeeeeeeeeeeeeeeeeeeeeeeeabccccccccccccccccccccc
eeeeeeeeeeeeeeeeeeeeeeeeeeeeabccccccccccccccccccccc
eeeeeeeeeeeeeeeeeeeeeeeeeeeeabccccccccccccccccccccc
eeeeeeeeeeeeeeeeeeeeeeeeeeeeabccccccccccccccccccccc
eeeeeeeeeeeeeeeeeeeeeeeeeeeeabcccccccccccccccccccccabccccccccccccccccccccc
eeeeeeeeeeeeeeeeeeeeeeeeeeee
abccccccccccccccccccccc
eeeeeeeeeeeeeeeeeeeeeeeeeeee
abccccccccccccccccccccc
eeeeeeeeeeeeeeeeeeeeeeeeeeeeabccccccccccccccccccccc
eeeeeeeeeeeeeeeeeeeeeeeeeeeeabccccccccccccccccccccc
eeeeeeeeeeeeeeeeeeeeeeeeeeeeabccccccccccccccccccccc
eeeeeeeeeeeeeeeeeeeeeeeeeeeeabccccccccccccccccccccc
eeeeeeeeeeeeeeeeeeeeeeeeeeeeabccccccccccccccccccccc
eeeeeeeeeeeeeeeeeeeeeeeeeeeeabccccccccccccccccccccc
eeeeeeeeeeeeeeeeeeeeeeeeeeeeabccccccccccccccccccccc
eeeeeeeeeeeeeeeeeeeeeeeeeeeeabccccccccccccccccccccc
eeeeeeeeeeeeeeeeeeeeeeeeeeeeabccccccccccccccccccccc
eeeeeeeeeeeeeeeeeeeeeeeeeeeeabccccccccccccccccccccc
eeeeeeeeeeeeeeeeeeeeeeeeeeeeabccccccccccccccccccccc
eeeeeeeeeeeeeeeeeeeeeeeeeeeeabcccccccccccccccccccccabccccccccccccccccccccc
eeeeeeeeeeeeeeeeeeeeeeeeeeee
abccccccccccccccccccccc
eeeeeeeeeeeeeeeeeeeeeeeeeeee
abccccccccccccccccccccc
eeeeeeeeeeeeeeeeeeeeeeeeeeeeabccccccccccccccccccccc
eeeeeeeeeeeeeeeeeeeeeeeeeeeeabccccccccccccccccccccc
eeeeeeeeeeeeeeeeeeeeeeeeeeeeabccccccccccccccccccccc
eeeeeeeeeeeeeeeeeeeeeeeeeeeeabccccccccccccccccccccc
eeeeeeeeeeeeeeeeeeeeeeeeeeeeabccccccccccccccccccccc
eeeeeeeeeeeeeeeeeeeeeeeeeeeeabccccccccccccccccccccc
eeeeeeeeeeeeeeeeeeeeeeeeeeeeabccccccccccccccccccccc
eeeeeeeeeeeeeeeeeeeeeeeeeeeeabccccccccccccccccccccc
eeeeeeeeeeeeeeeeeeeeeeeeeeeeabccccccccccccccccccccc
eeeeeeeeeeeeeeeeeeeeeeeeeeeeabccccccccccccccccccccc
eeeeeeeeeeeeeeeeeeeeeeeeeeeeabccccccccccccccccccccc
eeeeeeeeeeeeeeeeeeeeeeeeeeeeabcccccccccccccccccccccabccccccccccccccccccccc
eeeeeeeeeeeeeeeeeeeeeeeeeeee
abccccccccccccccccccccc
eeeeeeeeeeeeeeeeeeeeeeeeeeee
abccccccccccccccccccccc
eeeeeeeeeeeeeeeeeeeeeeeeeeeeabccccccccccccccccccccc
eeeeeeeeeeeeeeeeeeeeeeeeeeeeabccccccccccccccccccccc
eeeeeeeeeeeeeeeeeeeeeeeeeeeeabccccccccccccccccccccc
eeeeeeeeeeeeeeeeeeeeeeeeeeeeabccccccccccccccccccccc
eeeeeeeeeeeeeeeeeeeeeeeeeeeeabccccccccccccccccccccc
eeeeeeeeeeeeeeeeeeeeeeeeeeeeabccccccccccccccccccccc
eeeeeeeeeeeeeeeeeeeeeeeeeeeeabccccccccccccccccccccc
eeeeeeeeeeeeeeeeeeeeeeeeeeeeabccccccccccccccccccccc
eeeeeeeeeeeeeeeeeeeeeeeeeeeeabccccccccccccccccccccc
eeeeeeeeeeeeeeeeeeeeeeeeeeeeabccccccccccccccccccccc
eeeeeeeeeeeeeeeeeeeeeeeeeeeeabccccccccccccccccccccc
eeeeeeeeeeeeeeeeeeeeeeeeeeeeabcccccccccccccccccccccabccccccccccccccccccccc
eeeeeeeeeeeeeeeeeeeeeeeeeeee
abccccccccccccccccccccc
eeeeeeeeeeeeeeeeeeeeeeeeeeee
abccccccccccccccccccccc
eeeeeeeeeeeeeeeeeeeeeeeeeeeeabccccccccccccccccccccc
eeeeeeeeeeeeeeeeeeeeeeeeeeeeabccccccccccccccccccccc
eeeeeeeeeeeeeeeeeeeeeeeeeeeeabccccccccccccccccccccc
eeeeeeeeeeeeeeeeeeeeeeeeeeeeabccccccccccccccccccccc
eeeeeeeeeeeeeeeeeeeeeeeeeeeeabccccccccccccccccccccc
eeeeeeeeeeeeeeeeeeeeeeeeeeeeabccccccccccccccccccccc
eeeeeeeeeeeeeeeeeeeeeeeeeeeeabccccccccccccccccccccc
eeeeeeeeeeeeeeeeeeeeeeeeeeeeabccccccccccccccccccccc
eeeeeeeeeeeeeeeeeeeeeeeeeeeeabccccccccccccccccccccc
eeeeeeeeeeeeeeeeeeeeeeeeeeeeabccccccccccccccccccccc
eeeeeeeeeeeeeeeeeeeeeeeeeeeeabccccccccccccccccccccc
eeeeeeeeeeeeeeeeeeeeeeeeeeeeabcccccccccccccccccccccabccccccccccccccccccccc
eeeeeeeeeeeeeeeeeeeeeeeeeeee
abccccccccccccccccccccc
eeeeeeeeeeeeeeeeeeeeeeeeeeee
abccccccccccccccccccccc
eeeeeeeeeeeeeeeeeeeeeeeeeeeeabccccccccccccccccccccc
eeeeeeeeeeeeeeeeeeeeeeeeeeeeabccccccccccccccccccccc
eeeeeeeeeeeeeeeeeeeeeeeeeeeeabccccccccccccccccccccc
eeeeeeeeeeeeeeeeeeeeeeeeeeeeabccccccccccccccccccccc
eeeeeeeeeeeeeeeeeeeeeeeeeeeeabccccccccccccccccccccc
eeeeeeeeeeeeeeeeeeeeeeeeeeeeabccccccccccccccccccccc
eeeeeeeeeeeeeeeeeeeeeeeeeeeeabccccccccccccccccccccc
eeeeeeeeeeeeeeeeeeeeeeeeeeeeabccccccccccccccccccccc
eeeeeeeeeeeeeeeeeeeeeeeeeeeeabccccccccccccccccccccc
eeeeeeeeeeeeeeeeeeeeeeeeeeeeabccccccccccccccccccccc
eeeeeeeeeeeeeeeeeeeeeeeeeeeeabccccccccccccccccccccc
eeeeeeeeeeeeeeeeeeeeeeeeeeeeabcccccccccccccccccccccabccccccccccccccccccccc
eeeeeeeeeeeeeeeeeeeeeeeeeeee
abccccccccccccccccccccc
eeeeeeeeeeeeeeeeeeeeeeeeeeee
abccccccccccccccccccccc
eeeeeeeeeeeeeeeeeeeeeeeeeeeeabccccccccccccccccccccc
eeeeeeeeeeeeeeeeeeeeeeeeeeeeabccccccccccccccccccccc
eeeeeeeeeeeeeeeeeeeeeeeeeeeeabccccccccccccccccccccc
eeeeeeeeeeeeeeeeeeeeeeeeeeeeabccccccccccccccccccccc
eeeeeeeeeeeeeeeeeeeeeeeeeeeeabccccccccccccccccccccc
eeeeeeeeeeeeeeeeeeeeeeeeeeeeabccccccccccccccccccccc
eeeeeeeeeeeeeeeeeeeeeeeeeeeeabccccccccccccccccccccc
eeeeeeeeeeeeeeeeeeeeeeeeeeeeabccccccccccccccccccccc
eeeeeeeeeeeeeeeeeeeeeeeeeeeeabccccccccccccccccccccc
eeeeeeeeeeeeeeeeeeeeeeeeeeeeabccccccccccccccccccccc
eeeeeeeeeeeeeeeeeeeeeeeeeeeeabccccccccccccccccccccc
eeeeeeeeeeeeeeeeeeeeeeeeeeeeabcccccccccccccccccccccabccccccccccccccccccccc
eeeeeeeeeeeeeeeeeeeeeeeeeeee
abccccccccccccccccccccc
eeeeeeeeeeeeeeeeeeeeeeeeeeee
abccccccccccccccccccccc
eeeeeeeeeeeeeeeeeeeeeeeeeeeeabccccccccccccccccccccc
eeeeeeeeeeeeeeeeeeeeeeeeeeeeabccccccccccccccccccccc
eeeeeeeeeeeeeeeeeeeeeeeeeeeeabccccccccccccccccccccc
eeeeeeeeeeeeeeeeeeeeeeeeeeeeabccccccccccccccccccccc
eeeeeeeeeeeeeeeeeeeeeeeeeeeeabccccccccccccccccccccc
eeeeeeeeeeeeeeeeeeeeeeeeeeeeabccccccccccccccccccccc
eeeeeeeeeeeeeeeeeeeeeeeeeeeeabccccccccccccccccccccc
eeeeeeeeeeeeeeeeeeeeeeeeeeeeabccccccccccccccccccccc
eeeeeeeeeeeeeeeeeeeeeeeeeeeeabccccccccccccccccccccc
eeeeeeeeeeeeeeeeeeeeeeeeeeeeabccccccccccccccccccccc
eeeeeeeeeeeeeeeeeeeeeeeeeeeeabccccccccccccccccccccc
eeeeeeeeeeeeeeeeeeeeeeeeeeeeabcccccccccccccccccccccabccccccccccccccccccccc
eeeeeeeeeeeeeeeeeeeeeeeeeeee
abccccccccccccccccccccc
eeeeeeeeeeeeeeeeeeeeeeeeeeee
abccccccccccccccccccccc
eeeeeeeeeeeeeeeeeeeeeeeeeeeeabccccccccccccccccccccc
eeeeeeeeeeeeeeeeeeeeeeeeeeeeabccccccccccccccccccccc
eeeeeeeeeeeeeeeeeeeeeeeeeeeeabccccccccccccccccccccc
eeeeeeeeeeeeeeeeeeeeeeeeeeeeabccccccccccccccccccccc
eeeeeeeeeeeeeeeeeeeeeeeeeeeeabccccccccccccccccccccc
eeeeeeeeeeeeeeeeeeeeeeeeeeeeabccccccccccccccccccccc
eeeeeeeeeeeeeeeeeeeeeeeeeeeeabccccccccccccccccccccc
eeeeeeeeeeeeeeeeeeeeeeeeeeeeabccccccccccccccccccccc
eeeeeeeeeeeeeeeeeeeeeeeeeeeeabccccccccccccccccccccc
eeeeeeeeeeeeeeeeeeeeeeeeeeeeabccccccccccccccccccccc
eeeeeeeeeeeeeeeeeeeeeeeeeeeeabccccccccccccccccccccc
eeeeeeeeeeeeeeeeeeeeeeeeeeeeabcccccccccccccccccccccabccccccccccccccccccccc
eeeeeeeeeeeeeeeeeeeeeeeeeeee
abccccccccccccccccccccc
eeeeeeeeeeeeeeeeeeeeeeeeeeee
abccccccccccccccccccccc
eeeeeeeeeeeeeeeeeeeeeeeeeeeeabccccccccccccccccccccc
eeeeeeeeeeeeeeeeeeeeeeeeeeeeabccccccccccccccccccccc
eeeeeeeeeeeeeeeeeeeeeeeeeeeeabccccccccccccccccccccc
eeeeeeeeeeeeeeeeeeeeeeeeeeeeabccccccccccccccccccccc
eeeeeeeeeeeeeeeeeeeeeeeeeeeeabccccccccccccccccccccc
eeeeeeeeeeeeeeeeeeeeeeeeeeeeabccccccccccccccccccccc
eeeeeeeeeeeeeeeeeeeeeeeeeeeeabccccccccccccccccccccc
eeeeeeeeeeeeeeeeeeeeeeeeeeeeabccccccccccccccccccccc
eeeeeeeeeeeeeeeeeeeeeeeeeeeeabccccccccccccccccccccc
eeeeeeeeeeeeeeeeeeeeeeeeeeeeabccccccccccccccccccccc
eeeeeeeeeeeeeeeeeeeeeeeeeeeeabccccccccccccccccccccc
eeeeeeeeeeeeeeeeeeeeeeeeeeeeabcccccccccccccccccccccabccccccccccccccccccccc
eeeeeeeeeeeeeeeeeeeeeeeeeeee
abccccccccccccccccccccc
eeeeeeeeeeeeeeeeeeeeeeeeeeee
abccccccccccccccccccccc
eeeeeeeeeeeeeeeeeeeeeeeeeeeeabccccccccccccccccccccc
eeeeeeeeeeeeeeeeeeeeeeeeeeeeabccccccccccccccccccccc
eeeeeeeeeeeeeeeeeeeeeeeeeeeeabccccccccccccccccccccc
eeeeeeeeeeeeeeeeeeeeeeeeeeeeabccccccccccccccccccccc
eeeeeeeeeeeeeeeeeeeeeeeeeeeeabccccccccccccccccccccc
eeeeeeeeeeeeeeeeeeeeeeeeeeeeabccccccccccccccccccccc
eeeeeeeeeeeeeeeeeeeeeeeeeeeeabccccccccccccccccccccc
eeeeeeeeeeeeeeeeeeeeeeeeeeeeabccccccccccccccccccccc
eeeeeeeeeeeeeeeeeeeeeeeeeeeeabccccccccccccccccccccc
eeeeeeeeeeeeeeeeeeeeeeeeeeeeabccccccccccccccccccccc
eeeeeeeeeeeeeeeeeeeeeeeeeeeeabccccccccccccccccccccc
eeeeeeeeeeeeeeeeeeeeeeeeeeeeabcccccccccccccccccccccabccccccccccccccccccccc
eeeeeeeeeeeeeeeeeeeeeeeeeeee
abccccccccccccccccccccc
eeeeeeeeeeeeeeeeeeeeeeeeeeee
abccccccccccccccccccccc
eeeeeeeeeeeeeeeeeeeeeeeeeeeeabccccccccccccccccccccc
eeeeeeeeeeeeeeeeeeeeeeeeeeeeabccccccccccccccccccccc
eeeeeeeeeeeeeeeeeeeeeeeeeeeeabccccccccccccccccccccc
eeeeeeeeeeeeeeeeeeeeeeeeeeeeabccccccccccccccccccccc
eeeeeeeeeeeeeeeeeeeeeeeeeeeeabccccccccccccccccccccc
eeeeeeeeeeeeeeeeeeeeeeeeeeeeabccccccccccccccccccccc
eeeeeeeeeeeeeeeeeeeeeeeeeeeeabccccccccccccccccccccc
eeeeeeeeeeeeeeeeeeeeeeeeeeeeabccccccccccccccccccccc
eeeeeeeeeeeeeeeeeeeeeeeeeeeeabccccccccccccccccccccc
eeeeeeeeeeeeeeeeeeeeeeeeeeeeabccccccccccccccccccccc
eeeeeeeeeeeeeeeeeeeeeeeeeeeeabccccccccccccccccccccc
eeeeeeeeeeeeeeeeeeeeeeeeeeeeabcccccccccccccccccccccabccccccccccccccccccccc
eeeeeeeeeeeeeeeeeeeeeeeeeeee
abccccccccccccccccccccc
eeeeeeeeeeeeeeeeeeeeeeeeeeee
abccccccccccccccccccccc
eeeeeeeeeeeeeeeeeeeeeeeeeeeeabccccccccccccccccccccc
eeeeeeeeeeeeeeeeeeeeeeeeeeeeabccccccccccccccccccccc
eeeeeeeeeeeeeeeeeeeeeeeeeeeeabccccccccccccccccccccc
eeeeeeeeeeeeeeeeeeeeeeeeeeeeabccccccccccccccccccccc
eeeeeeeeeeeeeeeeeeeeeeeeeeeeabccccccccccccccccccccc
eeeeeeeeeeeeeeeeeeeeeeeeeeeeabccccccccccccccccccccc
eeeeeeeeeeeeeeeeeeeeeeeeeeeeabccccccccccccccccccccc
eeeeeeeeeeeeeeeeeeeeeeeeeeeeabccccccccccccccccccccc
eeeeeeeeeeeeeeeeeeeeeeeeeeeeabccccccccccccccccccccc
eeeeeeeeeeeeeeeeeeeeeeeeeeeeabccccccccccccccccccccc
eeeeeeeeeeeeeeeeeeeeeeeeeeeeabccccccccccccccccccccc
eeeeeeeeeeeeeeeeeeeeeeeeeeeeabcccccccccccccccccccccabccccccccccccccccccccc
eeeeeeeeeeeeeeeeeeeeeeeeeeee
abccccccccccccccccccccc
eeeeeeeeeeeeeeeeeeeeeeeeeeee
abccccccccccccccccccccc
eeeeeeeeeeeeeeeeeeeeeeeeeeeeabccccccccccccccccccccc
eeeeeeeeeeeeeeeeeeeeeeeeeeeeabccccccccccccccccccccc
eeeeeeeeeeeeeeeeeeeeeeeeeeeeabccccccccccccccccccccc
eeeeeeeeeeeeeeeeeeeeeeeeeeeeabccccccccccccccccccccc
eeeeeeeeeeeeeeeeeeeeeeeeeeeeabccccccccccccccccccccc
eeeeeeeeeeeeeeeeeeeeeeeeeeeeabccccccccccccccccccccc
eeeeeeeeeeeeeeeeeeeeeeeeeeeeabccccccccccccccccccccc
eeeeeeeeeeeeeeeeeeeeeeeeeeeeabccccccccccccccccccccc
eeeeeeeeeeeeeeeeeeeeeeeeeeeeabccccccccccccccccccccc
eeeeeeeeeeeeeeeeeeeeeeeeeeeeabccccccccccccccccccccc
eeeeeeeeeeeeeeeeeeeeeeeeeeeeabccccccccccccccccccccc
eeeeeeeeeeeeeeeeeeeeeeeeeeeeabcccccccccccccccccccccabccccccccccccccccccccc
eeeeeeeeeeeeeeeeeeeeeeeeeeee
abccccccccccccccccccccc
eeeeeeeeeeeeeeeeeeeeeeeeeeee
abccccccccccccccccccccc
eeeeeeeeeeeeeeeeeeeeeeeeeeeeabccccccccccccccccccccc
eeeeeeeeeeeeeeeeeeeeeeeeeeeeabccccccccccccccccccccc
eeeeeeeeeeeeeeeeeeeeeeeeeeeeabccccccccccccccccccccc
eeeeeeeeeeeeeeeeeeeeeeeeeeeeabccccccccccccccccccccc
eeeeeeeeeeeeeeeeeeeeeeeeeeeeabccccccccccccccccccccc
eeeeeeeeeeeeeeeeeeeeeeeeeeeeabccccccccccccccccccccc
eeeeeeeeeeeeeeeeeeeeeeeeeeeeabccccccccccccccccccccc
eeeeeeeeeeeeeeeeeeeeeeeeeeeeabccccccccccccccccccccc
eeeeeeeeeeeeeeeeeeeeeeeeeeeeabccccccccccccccccccccc
eeeeeeeeeeeeeeeeeeeeeeeeeeeeabccccccccccccccccccccc
eeeeeeeeeeeeeeeeeeeeeeeeeeeeabccccccccccccccccccccc
eeeeeeeeeeeeeeeeeeeeeeeeeeeeabcccccccccccccccccccccabccccccccccccccccccccc
eeeeeeeeeeeeeeeeeeeeeeeeeeee
abccccccccccccccccccccc
eeeeeeeeeeeeeeeeeeeeeeeeeeee
abccccccccccccccccccccc
eeeeeeeeeeeeeeeeeeeeeeeeeeeeabccccccccccccccccccccc
eeeeeeeeeeeeeeeeeeeeeeeeeeeeabccccccccccccccccccccc
eeeeeeeeeeeeeeeeeeeeeeeeeeeeabccccccccccccccccccccc
eeeeeeeeeeeeeeeeeeeeeeeeeeeeabccccccccccccccccccccc
eeeeeeeeeeeeeeeeeeeeeeeeeeeeabccccccccccccccccccccc
eeeeeeeeeeeeeeeeeeeeeeeeeeeeabccccccccccccccccccccc
eeeeeeeeeeeeeeeeeeeeeeeeeeeeabccccccccccccccccccccc
eeeeeeeeeeeeeeeeeeeeeeeeeeeeabccccccccccccccccccccc
eeeeeeeeeeeeeeeeeeeeeeeeeeeeabccccccccccccccccccccc
eeeeeeeeeeeeeeeeeeeeeeeeeeeeabccccccccccccccccccccc
eeeeeeeeeeeeeeeeeeeeeeeeeeeeabccccccccccccccccccccc
eeeeeeeeeeeeeeeeeeeeeeeeeeeeabcccccccccccccccccccccabccccccccccccccccccccc
eeeeeeeeeeeeeeeeeeeeeeeeeeee
abccccccccccccccccccccc
eeeeeeeeeeeeeeeeeeeeeeeeeeee
abccccccccccccccccccccc
eeeeeeeeeeeeeeeeeeeeeeeeeeeeabccccccccccccccccccccc
eeeeeeeeeeeeeeeeeeeeeeeeeeeeabccccccccccccccccccccc
eeeeeeeeeeeeeeeeeeeeeeeeeeeeabccccccccccccccccccccc
eeeeeeeeeeeeeeeeeeeeeeeeeeeeabccccccccccccccccccccc
eeeeeeeeeeeeeeeeeeeeeeeeeeeeabccccccccccccccccccccc
eeeeeeeeeeeeeeeeeeeeeeeeeeeeabccccccccccccccccccccc
eeeeeeeeeeeeeeeeeeeeeeeeeeeeabccccccccccccccccccccc
eeeeeeeeeeeeeeeeeeeeeeeeeeeeabccccccccccccccccccccc
eeeeeeeeeeeeeeeeeeeeeeeeeeeeabccccccccccccccccccccc
eeeeeeeeeeeeeeeeeeeeeeeeeeeeabccccccccccccccccccccc
eeeeeeeeeeeeeeeeeeeeeeeeeeeeabccccccccccccccccccccc
eeeeeeeeeeeeeeeeeeeeeeeeeeeeabcccccccccccccccccccccabccccccccccccccccccccc
eeeeeeeeeeeeeeeeeeeeeeeeeeee
abccccccccccccccccccccc
eeeeeeeeeeeeeeeeeeeeeeeeeeee
abccccccccccccccccccccc
eeeeeeeeeeeeeeeeeeeeeeeeeeeeabccccccccccccccccccccc
eeeeeeeeeeeeeeeeeeeeeeeeeeeeabccccccccccccccccccccc
eeeeeeeeeeeeeeeeeeeeeeeeeeeeabccccccccccccccccccccc
eeeeeeeeeeeeeeeeeeeeeeeeeeeeabccccccccccccccccccccc
eeeeeeeeeeeeeeeeeeeeeeeeeeeeabccccccccccccccccccccc
eeeeeeeeeeeeeeeeeeeeeeeeeeeeabccccccccccccccccccccc
eeeeeeeeeeeeeeeeeeeeeeeeeeeeabccccccccccccccccccccc
eeeeeeeeeeeeeeeeeeeeeeeeeeeeabccccccccccccccccccccc
eeeeeeeeeeeeeeeeeeeeeeeeeeeeabccccccccccccccccccccc
eeeeeeeeeeeeeeeeeeeeeeeeeeeeabccccccccccccccccccccc
eeeeeeeeeeeeeeeeeeeeeeeeeeeeabccccccccccccccccccccc
eeeeeeeeeeeeeeeeeeeeeeeeeeeeabcccccccccccccccccccccabccccccccccccccccccccc
eeeeeeeeeeeeeeeeeeeeeeeeeeee
abccccccccccccccccccccc
eeeeeeeeeeeeeeeeeeeeeeeeeeee
abccccccccccccccccccccc
eeeeeeeeeeeeeeeeeeeeeeeeeeeeabccccccccccccccccccccc
eeeeeeeeeeeeeeeeeeeeeeeeeeeeabccccccccccccccccccccc
eeeeeeeeeeeeeeeeeeeeeeeeeeeeabccccccccccccccccccccc
eeeeeeeeeeeeeeeeeeeeeeeeeeeeabccccccccccccccccccccc
eeeeeeeeeeeeeeeeeeeeeeeeeeeeabccccccccccccccccccccc
eeeeeeeeeeeeeeeeeeeeeeeeeeeeabccccccccccccccccccccc
eeeeeeeeeeeeeeeeeeeeeeeeeeeeabccccccccccccccccccccc
eeeeeeeeeeeeeeeeeeeeeeeeeeeeabccccccccccccccccccccc
eeeeeeeeeeeeeeeeeeeeeeeeeeeeabccccccccccccccccccccc
eeeeeeeeeeeeeeeeeeeeeeeeeeeeabccccccccccccccccccccc
eeeeeeeeeeeeeeeeeeeeeeeeeeeeabccccccccccccccccccccc
eeeeeeeeeeeeeeeeeeeeeeeeeeeeabcccccccccccccccccccccabccccccccccccccccccccc
eeeeeeeeeeeeeeeeeeeeeeeeeeee
abccccccccccccccccccccc
eeeeeeeeeeeeeeeeeeeeeeeeeeee
abccccccccccccccccccccc
eeeeeeeeeeeeeeeeeeeeeeeeeeeeabccccccccccccccccccccc
eeeeeeeeeeeeeeeeeeeeeeeeeeeeabccccccccccccccccccccc
eeeeeeeeeeeeeeeeeeeeeeeeeeeeabccccccccccccccccccccc
eeeeeeeeeeeeeeeeeeeeeeeeeeeeabccccccccccccccccccccc
eeeeeeeeeeeeeeeeeeeeeeeeeeeeabccccccccccccccccccccc
eeeeeeeeeeeeeeeeeeeeeeeeeeeeabccccccccccccccccccccc
eeeeeeeeeeeeeeeeeeeeeeeeeeeeabccccccccccccccccccccc
eeeeeeeeeeeeeeeeeeeeeeeeeeeeabccccccccccccccccccccc
eeeeeeeeeeeeeeeeeeeeeeeeeeeeabccccccccccccccccccccc
eeeeeeeeeeeeeeeeeeeeeeeeeeeeabccccccccccccccccccccc
eeeeeeeeeeeeeeeeeeeeeeeeeeeeabccccccccccccccccccccc
eeeeeeeeeeeeeeeeeeeeeeeeeeeeabcccccccccccccccccccccabccccccccccccccccccccc
eeeeeeeeeeeeeeeeeeeeeeeeeeee
abccccccccccccccccccccc
eeeeeeeeeeeeeeeeeeeeeeeeeeee
abccccccccccccccccccccc
eeeeeeeeeeeeeeeeeeeeeeeeeeeeabccccccccccccccccccccc
eeeeeeeeeeeeeeeeeeeeeeeeeeeeabccccccccccccccccccccc
eeeeeeeeeeeeeeeeeeeeeeeeeeeeabccccccccccccccccccccc
eeeeeeeeeeeeeeeeeeeeeeeeeeeeabccccccccccccccccccccc
eeeeeeeeeeeeeeeeeeeeeeeeeeeeabccccccccccccccccccccc
eeeeeeeeeeeeeeeeeeeeeeeeeeeeabccccccccccccccccccccc
eeeeeeeeeeeeeeeeeeeeeeeeeeeeabccccccccccccccccccccc
eeeeeeeeeeeeeeeeeeeeeeeeeeeeabccccccccccccccccccccc
eeeeeeeeeeeeeeeeeeeeeeeeeeeeabccccccccccccccccccccc
eeeeeeeeeeeeeeeeeeeeeeeeeeeeabccccccccccccccccccccc
eeeeeeeeeeeeeeeeeeeeeeeeeeeeabccccccccccccccccccccc
eeeeeeeeeeeeeeeeeeeeeeeeeeeeabcccccccccccccccccccccabccccccccccccccccccccc
eeeeeeeeeeeeeeeeeeeeeeeeeeee
abccccccccccccccccccccc
eeeeeeeeeeeeeeeeeeeeeeeeeeee
abccccccccccccccccccccc
eeeeeeeeeeeeeeeeeeeeeeeeeeeeabccccccccccccccccccccc
eeeeeeeeeeeeeeeeeeeeeeeeeeeeabccccccccccccccccccccc
eeeeeeeeeeeeeeeeeeeeeeeeeeeeabccccccccccccccccccccc
eeeeeeeeeeeeeeeeeeeeeeeeeeeeabccccccccccccccccccccc
eeeeeeeeeeeeeeeeeeeeeeeeeeeeabccccccccccccccccccccc
eeeeeeeeeeeeeeeeeeeeeeeeeeeeabccccccccccccccccccccc
eeeeeeeeeeeeeeeeeeeeeeeeeeeeabccccccccccccccccccccc
eeeeeeeeeeeeeeeeeeeeeeeeeeeeabccccccccccccccccccccc
eeeeeeeeeeeeeeeeeeeeeeeeeeeeabccccccccccccccccccccc
eeeeeeeeeeeeeeeeeeeeeeeeeeeeabccccccccccccccccccccc
eeeeeeeeeeeeeeeeeeeeeeeeeeeeabccccccccccccccccccccc
eeeeeeeeeeeeeeeeeeeeeeeeeeeeabcccccccccccccccccccccabccccccccccccccccccccc
eeeeeeeeeeeeeeeeeeeeeeeeeeee
abccccccccccccccccccccc
eeeeeeeeeeeeeeeeeeeeeeeeeeee
abccccccccccccccccccccc
eeeeeeeeeeeeeeeeeeeeeeeeeeeeabccccccccccccccccccccc
eeeeeeeeeeeeeeeeeeeeeeeeeeeeabccccccccccccccccccccc
eeeeeeeeeeeeeeeeeeeeeeeeeeeeabccccccccccccccccccccc
eeeeeeeeeeeeeeeeeeeeeeeeeeeeabccccccccccccccccccccc
eeeeeeeeeeeeeeeeeeeeeeeeeeeeabccccccccccccccccccccc
eeeeeeeeeeeeeeeeeeeeeeeeeeeeabccccccccccccccccccccc
eeeeeeeeeeeeeeeeeeeeeeeeeeeeabccccccccccccccccccccc
eeeeeeeeeeeeeeeeeeeeeeeeeeeeabccccccccccccccccccccc
eeeeeeeeeeeeeeeeeeeeeeeeeeeeabccccccccccccccccccccc
eeeeeeeeeeeeeeeeeeeeeeeeeeeeabccccccccccccccccccccc
eeeeeeeeeeeeeeeeeeeeeeeeeeeeabccccccccccccccccccccc
eeeeeeeeeeeeeeeeeeeeeeeeeeeeabcccccccccccccccccccccabccccccccccccccccccccc
eeeeeeeeeeeeeeeeeeeeeeeeeeee
abccccccccccccccccccccc
eeeeeeeeeeeeeeeeeeeeeeeeeeee
abccccccccccccccccccccc
eeeeeeeeeeeeeeeeeeeeeeeeeeeeabccccccccccccccccccccc
eeeeeeeeeeeeeeeeeeeeeeeeeeeeabccccccccccccccccccccc
eeeeeeeeeeeeeeeeeeeeeeeeeeeeabccccccccccccccccccccc
eeeeeeeeeeeeeeeeeeeeeeeeeeeeabccccccccccccccccccccc
eeeeeeeeeeeeeeeeeeeeeeeeeeeeabccccccccccccccccccccc
eeeeeeeeeeeeeeeeeeeeeeeeeeeeabccccccccccccccccccccc
eeeeeeeeeeeeeeeeeeeeeeeeeeeeabccccccccccccccccccccc
eeeeeeeeeeeeeeeeeeeeeeeeeeeeabccccccccccccccccccccc
eeeeeeeeeeeeeeeeeeeeeeeeeeeeabccccccccccccccccccccc
eeeeeeeeeeeeeeeeeeeeeeeeeeeeabccccccccccccccccccccc
eeeeeeeeeeeeeeeeeeeeeeeeeeeeabccccccccccccccccccccc
eeeeeeeeeeeeeeeeeeeeeeeeeeeeabcccccccccccccccccccccabccccccccccccccccccccc
eeeeeeeeeeeeeeeeeeeeeeeeeeee
abccccccccccccccccccccc
eeeeeeeeeeeeeeeeeeeeeeeeeeee
abccccccccccccccccccccc
eeeeeeeeeeeeeeeeeeeeeeeeeeeeabccccccccccccccccccccc
eeeeeeeeeeeeeeeeeeeeeeeeeeeeabccccccccccccccccccccc
eeeeeeeeeeeeeeeeeeeeeeeeeeeeabccccccccccccccccccccc
eeeeeeeeeeeeeeeeeeeeeeeeeeeeabccccccccccccccccccccc
eeeeeeeeeeeeeeeeeeeeeeeeeeeeabccccccccccccccccccccc
eeeeeeeeeeeeeeeeeeeeeeeeeeeeabccccccccccccccccccccc
eeeeeeeeeeeeeeeeeeeeeeeeeeeeabccccccccccccccccccccc
eeeeeeeeeeeeeeeeeeeeeeeeeeeeabccccccccccccccccccccc
eeeeeeeeeeeeeeeeeeeeeeeeeeeeabccccccccccccccccccccc
eeeeeeeeeeeeeeeeeeeeeeeeeeeeabccccccccccccccccccccc
eeeeeeeeeeeeeeeeeeeeeeeeeeeeabccccccccccccccccccccc
eeeeeeeeeeeeeeeeeeeeeeeeeeeeabcccccccccccccccccccccabccccccccccccccccccccc
eeeeeeeeeeeeeeeeeeeeeeeeeeee
abccccccccccccccccccccc
eeeeeeeeeeeeeeeeeeeeeeeeeeee
abccccccccccccccccccccc
eeeeeeeeeeeeeeeeeeeeeeeeeeeeabccccccccccccccccccccc
eeeeeeeeeeeeeeeeeeeeeeeeeeeeabccccccccccccccccccccc
eeeeeeeeeeeeeeeeeeeeeeeeeeeeabccccccccccccccccccccc
eeeeeeeeeeeeeeeeeeeeeeeeeeeeabccccccccccccccccccccc
eeeeeeeeeeeeeeeeeeeeeeeeeeeeabccccccccccccccccccccc
eeeeeeeeeeeeeeeeeeeeeeeeeeeeabccccccccccccccccccccc
eeeeeeeeeeeeeeeeeeeeeeeeeeeeabccccccccccccccccccccc
eeeeeeeeeeeeeeeeeeeeeeeeeeeeabccccccccccccccccccccc
eeeeeeeeeeeeeeeeeeeeeeeeeeeeabccccccccccccccccccccc
eeeeeeeeeeeeeeeeeeeeeeeeeeeeabccccccccccccccccccccc
eeeeeeeeeeeeeeeeeeeeeeeeeeeeabccccccccccccccccccccc
eeeeeeeeeeeeeeeeeeeeeeeeeeeeabcccccccccccccccccccccabccccccccccccccccccccc
eeeeeeeeeeeeeeeeeeeeeeeeeeee
abccccccccccccccccccccc
eeeeeeeeeeeeeeeeeeeeeeeeeeee
abccccccccccccccccccccc
eeeeeeeeeeeeeeeeeeeeeeeeeeeeabccccccccccccccccccccc
eeeeeeeeeeeeeeeeeeeeeeeeeeeeabccccccccccccccccccccc
eeeeeeeeeeeeeeeeeeeeeeeeeeeeabccccccccccccccccccccc
eeeeeeeeeeeeeeeeeeeeeeeeeeeeabccccccccccccccccccccc
eeeeeeeeeeeeeeeeeeeeeeeeeeeeabccccccccccccccccccccc
eeeeeeeeeeeeeeeeeeeeeeeeeeeeabccccccccccccccccccccc
eeeeeeeeeeeeeeeeeeeeeeeeeeeeabccccccccccccccccccccc
eeeeeeeeeeeeeeeeeeeeeeeeeeeeabccccccccccccccccccccc
eeeeeeeeeeeeeeeeeeeeeeeeeeeeabccccccccccccccccccccc
eeeeeeeeeeeeeeeeeeeeeeeeeeeeabccccccccccccccccccccc
eeeeeeeeeeeeeeeeeeeeeeeeeeeeabccccccccccccccccccccc
eeeeeeeeeeeeeeeeeeeeeeeeeeeeabcccccccccccccccccccccabccccccccccccccccccccc
eeeeeeeeeeeeeeeeeeeeeeeeeeee
abccccccccccccccccccccc
eeeeeeeeeeeeeeeeeeeeeeeeeeee
abccccccccccccccccccccc
eeeeeeeeeeeeeeeeeeeeeeeeeeeeabccccccccccccccccccccc
eeeeeeeeeeeeeeeeeeeeeeeeeeeeabccccccccccccccccccccc
eeeeeeeeeeeeeeeeeeeeeeeeeeeeabccccccccccccccccccccc
eeeeeeeeeeeeeeeeeeeeeeeeeeeeabccccccccccccccccccccc
eeeeeeeeeeeeeeeeeeeeeeeeeeeeabccccccccccccccccccccc
eeeeeeeeeeeeeeeeeeeeeeeeeeeeabccccccccccccccccccccc
eeeeeeeeeeeeeeeeeeeeeeeeeeeeabccccccccccccccccccccc
eeeeeeeeeeeeeeeeeeeeeeeeeeeeabccccccccccccccccccccc
eeeeeeeeeeeeeeeeeeeeeeeeeeeeabccccccccccccccccccccc
eeeeeeeeeeeeeeeeeeeeeeeeeeeeabccccccccccccccccccccc
eeeeeeeeeeeeeeeeeeeeeeeeeeeeabccccccccccccccccccccc
eeeeeeeeeeeeeeeeeeeeeeeeeeeeabcccccccccccccccccccccabccccccccccccccccccccc
eeeeeeeeeeeeeeeeeeeeeeeeeeee
abccccccccccccccccccccc
eeeeeeeeeeeeeeeeeeeeeeeeeeee
abccccccccccccccccccccc
eeeeeeeeeeeeeeeeeeeeeeeeeeeeabccccccccccccccccccccc
eeeeeeeeeeeeeeeeeeeeeeeeeeeeabccccccccccccccccccccc
eeeeeeeeeeeeeeeeeeeeeeeeeeeeabccccccccccccccccccccc
eeeeeeeeeeeeeeeeeeeeeeeeeeeeabccccccccccccccccccccc
eeeeeeeeeeeeeeeeeeeeeeeeeeeeabccccccccccccccccccccc
eeeeeeeeeeeeeeeeeeeeeeeeeeeeabccccccccccccccccccccc
eeeeeeeeeeeeeeeeeeeeeeeeeeeeabccccccccccccccccccccc
eeeeeeeeeeeeeeeeeeeeeeeeeeeeabccccccccccccccccccccc
eeeeeeeeeeeeeeeeeeeeeeeeeeeeabccccccccccccccccccccc
eeeeeeeeeeeeeeeeeeeeeeeeeeeeabccccccccccccccccccccc
eeeeeeeeeeeeeeeeeeeeeeeeeeeeabccccccccccccccccccccc
eeeeeeeeeeeeeeeeeeeeeeeeeeeeabcccccccccccccccccccccabccccccccccccccccccccc
eeeeeeeeeeeeeeeeeeeeeeeeeeee
abccccccccccccccccccccc
eeeeeeeeeeeeeeeeeeeeeeeeeeee
abccccccccccccccccccccc
eeeeeeeeeeeeeeeeeeeeeeeeeeeeabccccccccccccccccccccc
eeeeeeeeeeeeeeeeeeeeeeeeeeeeabccccccccccccccccccccc
eeeeeeeeeeeeeeeeeeeeeeeeeeeeabccccccccccccccccccccc
eeeeeeeeeeeeeeeeeeeeeeeeeeeeabccccccccccccccccccccc
eeeeeeeeeeeeeeeeeeeeeeeeeeeeabccccccccccccccccccccc
eeeeeeeeeeeeeeeeeeeeeeeeeeeeabccccccccccccccccccccc
eeeeeeeeeeeeeeeeeeeeeeeeeeeeabccccccccccccccccccccc
eeeeeeeeeeeeeeeeeeeeeeeeeeeeabccccccccccccccccccccc
eeeeeeeeeeeeeeeeeeeeeeeeeeeeabccccccccccccccccccccc
eeeeeeeeeeeeeeeeeeeeeeeeeeeeabccccccccccccccccccccc
eeeeeeeeeeeeeeeeeeeeeeeeeeeeabccccccccccccccccccccc
eeeeeeeeeeeeeeeeeeeeeeeeeeeeabcccccccccccccccccccccabccccccccccccccccccccc
eeeeeeeeeeeeeeeeeeeeeeeeeeee
abccccccccccccccccccccc
eeeeeeeeeeeeeeeeeeeeeeeeeeee
abccccccccccccccccccccc
eeeeeeeeeeeeeeeeeeeeeeeeeeeeabccccccccccccccccccccc
eeeeeeeeeeeeeeeeeeeeeeeeeeeeabccccccccccccccccccccc
eeeeeeeeeeeeeeeeeeeeeeeeeeeeabccccccccccccccccccccc
eeeeeeeeeeeeeeeeeeeeeeeeeeeeabccccccccccccccccccccc
eeeeeeeeeeeeeeeeeeeeeeeeeeeeabccccccccccccccccccccc
eeeeeeeeeeeeeeeeeeeeeeeeeeeeabccccccccccccccccccccc
eeeeeeeeeeeeeeeeeeeeeeeeeeeeabccccccccccccccccccccc
eeeeeeeeeeeeeeeeeeeeeeeeeeeeabccccccccccccccccccccc
eeeeeeeeeeeeeeeeeeeeeeeeeeeeabccccccccccccccccccccc
eeeeeeeeeeeeeeeeeeeeeeeeeeeeabccccccccccccccccccccc
eeeeeeeeeeeeeeeeeeeeeeeeeeeeabccccccccccccccccccccc
eeeeeeeeeeeeeeeeeeeeeeeeeeeeabcccccccccccccccccccccabccccccccccccccccccccc
eeeeeeeeeeeeeeeeeeeeeeeeeeee
abccccccccccccccccccccc
eeeeeeeeeeeeeeeeeeeeeeeeeeee
abccccccccccccccccccccc
eeeeeeeeeeeeeeeeeeeeeeeeeeeeabccccccccccccccccccccc
eeeeeeeeeeeeeeeeeeeeeeeeeeeeabccccccccccccccccccccc
eeeeeeeeeeeeeeeeeeeeeeeeeeeeabccccccccccccccccccccc
eeeeeeeeeeeeeeeeeeeeeeeeeeeeabccccccccccccccccccccc
eeeeeeeeeeeeeeeeeeeeeeeeeeeeabccccccccccccccccccccc
eeeeeeeeeeeeeeeeeeeeeeeeeeeeabccccccccccccccccccccc
eeeeeeeeeeeeeeeeeeeeeeeeeeeeabccccccccccccccccccccc
eeeeeeeeeeeeeeeeeeeeeeeeeeeeabccccccccccccccccccccc
eeeeeeeeeeeeeeeeeeeeeeeeeeeeabccccccccccccccccccccc
eeeeeeeeeeeeeeeeeeeeeeeeeeeeabccccccccccccccccccccc
eeeeeeeeeeeeeeeeeeeeeeeeeeeeabccccccccccccccccccccc
eeeeeeeeeeeeeeeeeeeeeeeeeeeeabcccccccccccccccccccccabccccccccccccccccccccc
eeeeeeeeeeeeeeeeeeeeeeeeeeee
abccccccccccccccccccccc
eeeeeeeeeeeeeeeeeeeeeeeeeeee
abccccccccccccccccccccc
eeeeeeeeeeeeeeeeeeeeeeeeeeeeabccccccccccccccccccccc
eeeeeeeeeeeeeeeeeeeeeeeeeeeeabccccccccccccccccccccc
eeeeeeeeeeeeeeeeeeeeeeeeeeeeabccccccccccccccccccccc
eeeeeeeeeeeeeeeeeeeeeeeeeeeeabccccccccccccccccccccc
eeeeeeeeeeeeeeeeeeeeeeeeeeeeabccccccccccccccccccccc
eeeeeeeeeeeeeeeeeeeeeeeeeeeeabccccccccccccccccccccc
eeeeeeeeeeeeeeeeeeeeeeeeeeeeabccccccccccccccccccccc
eeeeeeeeeeeeeeeeeeeeeeeeeeeeabccccccccccccccccccccc
eeeeeeeeeeeeeeeeeeeeeeeeeeeeabccccccccccccccccccccc
eeeeeeeeeeeeeeeeeeeeeeeeeeeeabccccccccccccccccccccc
eeeeeeeeeeeeeeeeeeeeeeeeeeeeabccccccccccccccccccccc
eeeeeeeeeeeeeeeeeeeeeeeeeeeeabcccccccccccccccccccccabccccccccccccccccccccc
eeeeeeeeeeeeeeeeeeeeeeeeeeee
abccccccccccccccccccccc
eeeeeeeeeeeeeeeeeeeeeeeeeeee
abccccccccccccccccccccc
eeeeeeeeeeeeeeeeeeeeeeeeeeeeabccccccccccccccccccccc
eeeeeeeeeeeeeeeeeeeeeeeeeeeeabccccccccccccccccccccc
eeeeeeeeeeeeeeeeeeeeeeeeeeeeabccccccccccccccccccccc
eeeeeeeeeeeeeeeeeeeeeeeeeeeeabccccccccccccccccccccc
eeeeeeeeeeeeeeeeeeeeeeeeeeeeabccccccccccccccccccccc
eeeeeeeeeeeeeeeeeeeeeeeeeeeeabccccccccccccccccccccc
eeeeeeeeeeeeeeeeeeeeeeeeeeeeabccccccccccccccccccccc
eeeeeeeeeeeeeeeeeeeeeeeeeeeeabccccccccccccccccccccc
eeeeeeeeeeeeeeeeeeeeeeeeeeeeabccccccccccccccccccccc
eeeeeeeeeeeeeeeeeeeeeeeeeeeeabccccccccccccccccccccc
eeeeeeeeeeeeeeeeeeeeeeeeeeeeabccccccccccccccccccccc
eeeeeeeeeeeeeeeeeeeeeeeeeeeeabcccccccccccccccccccccabccccccccccccccccccccc
eeeeeeeeeeeeeeeeeeeeeeeeeeee
abccccccccccccccccccccc
eeeeeeeeeeeeeeeeeeeeeeeeeeee
abccccccccccccccccccccc
eeeeeeeeeeeeeeeeeeeeeeeeeeeeabccccccccccccccccccccc
eeeeeeeeeeeeeeeeeeeeeeeeeeeeabccccccccccccccccccccc
eeeeeeeeeeeeeeeeeeeeeeeeeeeeabccccccccccccccccccccc
eeeeeeeeeeeeeeeeeeeeeeeeeeeeabccccccccccccccccccccc
eeeeeeeeeeeeeeeeeeeeeeeeeeeeabccccccccccccccccccccc
eeeeeeeeeeeeeeeeeeeeeeeeeeeeabccccccccccccccccccccc
eeeeeeeeeeeeeeeeeeeeeeeeeeeeabccccccccccccccccccccc
eeeeeeeeeeeeeeeeeeeeeeeeeeeeabccccccccccccccccccccc
eeeeeeeeeeeeeeeeeeeeeeeeeeeeabccccccccccccccccccccc
eeeeeeeeeeeeeeeeeeeeeeeeeeeeabccccccccccccccccccccc
eeeeeeeeeeeeeeeeeeeeeeeeeeeeabccccccccccccccccccccc
eeeeeeeeeeeeeeeeeeeeeeeeeeeeabcccccccccccccccccccccabccccccccccccccccccccc
eeeeeeeeeeeeeeeeeeeeeeeeeeee
abccccccccccccccccccccc
eeeeeeeeeeeeeeeeeeeeeeeeeeee
abccccccccccccccccccccc
eeeeeeeeeeeeeeeeeeeeeeeeeeeeabccccccccccccccccccccc
eeeeeeeeeeeeeeeeeeeeeeeeeeeeabccccccccccccccccccccc
eeeeeeeeeeeeeeeeeeeeeeeeeeeeabccccccccccccccccccccc
eeeeeeeeeeeeeeeeeeeeeeeeeeeeabccccccccccccccccccccc
eeeeeeeeeeeeeeeeeeeeeeeeeeeeabccccccccccccccccccccc
eeeeeeeeeeeeeeeeeeeeeeeeeeeeabccccccccccccccccccccc
eeeeeeeeeeeeeeeeeeeeeeeeeeeeabccccccccccccccccccccc
eeeeeeeeeeeeeeeeeeeeeeeeeeeeabccccccccccccccccccccc
eeeeeeeeeeeeeeeeeeeeeeeeeeeeabccccccccccccccccccccc
eeeeeeeeeeeeeeeeeeeeeeeeeeeeabccccccccccccccccccccc
eeeeeeeeeeeeeeeeeeeeeeeeeeeeabccccccccccccccccccccc
eeeeeeeeeeeeeeeeeeeeeeeeeeeeabcccccccccccccccccccccabccccccccccccccccccccc
eeeeeeeeeeeeeeeeeeeeeeeeeeee
abccccccccccccccccccccc
eeeeeeeeeeeeeeeeeeeeeeeeeeee
abccccccccccccccccccccc
eeeeeeeeeeeeeeeeeeeeeeeeeeeeabccccccccccccccccccccc
eeeeeeeeeeeeeeeeeeeeeeeeeeeeabccccccccccccccccccccc
eeeeeeeeeeeeeeeeeeeeeeeeeeeeabccccccccccccccccccccc
eeeeeeeeeeeeeeeeeeeeeeeeeeeeabccccccccccccccccccccc
eeeeeeeeeeeeeeeeeeeeeeeeeeeeabccccccccccccccccccccc
eeeeeeeeeeeeeeeeeeeeeeeeeeeeabccccccccccccccccccccc
eeeeeeeeeeeeeeeeeeeeeeeeeeeeabccccccccccccccccccccc
eeeeeeeeeeeeeeeeeeeeeeeeeeeeabccccccccccccccccccccc
eeeeeeeeeeeeeeeeeeeeeeeeeeeeabccccccccccccccccccccc
eeeeeeeeeeeeeeeeeeeeeeeeeeeeabccccccccccccccccccccc
eeeeeeeeeeeeeeeeeeeeeeeeeeeeabccccccccccccccccccccc
eeeeeeeeeeeeeeeeeeeeeeeeeeeeabcccccccccccccccccccccabccccccccccccccccccccc
eeeeeeeeeeeeeeeeeeeeeeeeeeee
abccccccccccccccccccccc
eeeeeeeeeeeeeeeeeeeeeeeeeeee
abccccccccccccccccccccc
eeeeeeeeeeeeeeeeeeeeeeeeeeeeabccccccccccccccccccccc
eeeeeeeeeeeeeeeeeeeeeeeeeeeeabccccccccccccccccccccc
eeeeeeeeeeeeeeeeeeeeeeeeeeeeabccccccccccccccccccccc
eeeeeeeeeeeeeeeeeeeeeeeeeeeeabccccccccccccccccccccc
eeeeeeeeeeeeeeeeeeeeeeeeeeeeabccccccccccccccccccccc
eeeeeeeeeeeeeeeeeeeeeeeeeeeeabccccccccccccccccccccc
eeeeeeeeeeeeeeeeeeeeeeeeeeeeabccccccccccccccccccccc
eeeeeeeeeeeeeeeeeeeeeeeeeeeeabccccccccccccccccccccc
eeeeeeeeeeeeeeeeeeeeeeeeeeeeabccccccccccccccccccccc
eeeeeeeeeeeeeeeeeeeeeeeeeeeeabccccccccccccccccccccc
eeeeeeeeeeeeeeeeeeeeeeeeeeeeabccccccccccccccccccccc
eeeeeeeeeeeeeeeeeeeeeeeeeeeeabcccccccccccccccccccccabccccccccccccccccccccc
eeeeeeeeeeeeeeeeeeeeeeeeeeee
abccccccccccccccccccccc
eeeeeeeeeeeeeeeeeeeeeeeeeeee
abccccccccccccccccccccc
eeeeeeeeeeeeeeeeeeeeeeeeeeeeabccccccccccccccccccccc
eeeeeeeeeeeeeeeeeeeeeeeeeeeeabccccccccccccccccccccc
eeeeeeeeeeeeeeeeeeeeeeeeeeeeabccccccccccccccccccccc
eeeeeeeeeeeeeeeeeeeeeeeeeeeeabccccccccccccccccccccc
eeeeeeeeeeeeeeeeeeeeeeeeeeeeabccccccccccccccccccccc
eeeeeeeeeeeeeeeeeeeeeeeeeeeeabccccccccccccccccccccc
eeeeeeeeeeeeeeeeeeeeeeeeeeeeabccccccccccccccccccccc
eeeeeeeeeeeeeeeeeeeeeeeeeeeeabccccccccccccccccccccc
eeeeeeeeeeeeeeeeeeeeeeeeeeeeabccccccccccccccccccccc
eeeeeeeeeeeeeeeeeeeeeeeeeeeeabccccccccccccccccccccc
eeeeeeeeeeeeeeeeeeeeeeeeeeeeabccccccccccccccccccccc
eeeeeeeeeeeeeeeeeeeeeeeeeeeeabcccccccccccccccccccccabccccccccccccccccccccc
eeeeeeeeeeeeeeeeeeeeeeeeeeee
abccccccccccccccccccccc
eeeeeeeeeeeeeeeeeeeeeeeeeeee
abccccccccccccccccccccc
eeeeeeeeeeeeeeeeeeeeeeeeeeeeabccccccccccccccccccccc
eeeeeeeeeeeeeeeeeeeeeeeeeeeeabccccccccccccccccccccc
eeeeeeeeeeeeeeeeeeeeeeeeeeeeabccccccccccccccccccccc
eeeeeeeeeeeeeeeeeeeeeeeeeeeeabccccccccccccccccccccc
eeeeeeeeeeeeeeeeeeeeeeeeeeeeabccccccccccccccccccccc
eeeeeeeeeeeeeeeeeeeeeeeeeeeeabccccccccccccccccccccc
eeeeeeeeeeeeeeeeeeeeeeeeeeeeabccccccccccccccccccccc
eeeeeeeeeeeeeeeeeeeeeeeeeeeeabccccccccccccccccccccc
eeeeeeeeeeeeeeeeeeeeeeeeeeeeabccccccccccccccccccccc
eeeeeeeeeeeeeeeeeeeeeeeeeeeeabccccccccccccccccccccc
eeeeeeeeeeeeeeeeeeeeeeeeeeeeabccccccccccccccccccccc
eeeeeeeeeeeeeeeeeeeeeeeeeeeeabcccccccccccccccccccccabccccccccccccccccccccc
eeeeeeeeeeeeeeeeeeeeeeeeeeee
abccccccccccccccccccccc
eeeeeeeeeeeeeeeeeeeeeeeeeeee
abccccccccccccccccccccc
eeeeeeeeeeeeeeeeeeeeeeeeeeeeabccccccccccccccccccccc
eeeeeeeeeeeeeeeeeeeeeeeeeeeeabccccccccccccccccccccc
eeeeeeeeeeeeeeeeeeeeeeeeeeeeabccccccccccccccccccccc
eeeeeeeeeeeeeeeeeeeeeeeeeeeeabccccccccccccccccccccc
eeeeeeeeeeeeeeeeeeeeeeeeeeeeabccccccccccccccccccccc
eeeeeeeeeeeeeeeeeeeeeeeeeeeeabccccccccccccccccccccc
eeeeeeeeeeeeeeeeeeeeeeeeeeeeabccccccccccccccccccccc
eeeeeeeeeeeeeeeeeeeeeeeeeeeeabccccccccccccccccccccc
eeeeeeeeeeeeeeeeeeeeeeeeeeeeabccccccccccccccccccccc
eeeeeeeeeeeeeeeeeeeeeeeeeeeeabccccccccccccccccccccc
eeeeeeeeeeeeeeeeeeeeeeeeeeeeabccccccccccccccccccccc
eeeeeeeeeeeeeeeeeeeeeeeeeeeeabcccccccccccccccccccccabccccccccccccccccccccc
eeeeeeeeeeeeeeeeeeeeeeeeeeee
abccccccccccccccccccccc
eeeeeeeeeeeeeeeeeeeeeeeeeeee
abccccccccccccccccccccc
eeeeeeeeeeeeeeeeeeeeeeeeeeeeabccccccccccccccccccccc
eeeeeeeeeeeeeeeeeeeeeeeeeeeeabccccccccccccccccccccc
eeeeeeeeeeeeeeeeeeeeeeeeeeeeabccccccccccccccccccccc
eeeeeeeeeeeeeeeeeeeeeeeeeeeeabccccccccccccccccccccc
eeeeeeeeeeeeeeeeeeeeeeeeeeeeabccccccccccccccccccccc
eeeeeeeeeeeeeeeeeeeeeeeeeeeeabccccccccccccccccccccc
eeeeeeeeeeeeeeeeeeeeeeeeeeeeabccccccccccccccccccccc
eeeeeeeeeeeeeeeeeeeeeeeeeeeeabccccccccccccccccccccc
eeeeeeeeeeeeeeeeeeeeeeeeeeeeabccccccccccccccccccccc
eeeeeeeeeeeeeeeeeeeeeeeeeeeeabccccccccccccccccccccc
eeeeeeeeeeeeeeeeeeeeeeeeeeeeabccccccccccccccccccccc
eeeeeeeeeeeeeeeeeeeeeeeeeeeeabcccccccccccccccccccccabccccccccccccccccccccc
eeeeeeeeeeeeeeeeeeeeeeeeeeee
abccccccccccccccccccccc
eeeeeeeeeeeeeeeeeeeeeeeeeeee
abccccccccccccccccccccc
eeeeeeeeeeeeeeeeeeeeeeeeeeeeabccccccccccccccccccccc
eeeeeeeeeeeeeeeeeeeeeeeeeeeeabccccccccccccccccccccc
eeeeeeeeeeeeeeeeeeeeeeeeeeeeabccccccccccccccccccccc
eeeeeeeeeeeeeeeeeeeeeeeeeeeeabccccccccccccccccccccc
eeeeeeeeeeeeeeeeeeeeeeeeeeeeabccccccccccccccccccccc
eeeeeeeeeeeeeeeeeeeeeeeeeeeeabccccccccccccccccccccc
eeeeeeeeeeeeeeeeeeeeeeeeeeeeabccccccccccccccccccccc
eeeeeeeeeeeeeeeeeeeeeeeeeeeeabccccccccccccccccccccc
eeeeeeeeeeeeeeeeeeeeeeeeeeeeabccccccccccccccccccccc
eeeeeeeeeeeeeeeeeeeeeeeeeeeeabccccccccccccccccccccc
eeeeeeeeeeeeeeeeeeeeeeeeeeeeabccccccccccccccccccccc
eeeeeeeeeeeeeeeeeeeeeeeeeeeeabcccccccccccccccccccccabccccccccccccccccccccc
eeeeeeeeeeeeeeeeeeeeeeeeeeee
abccccccccccccccccccccc
eeeeeeeeeeeeeeeeeeeeeeeeeeee
abccccccccccccccccccccc
eeeeeeeeeeeeeeeeeeeeeeeeeeeeabccccccccccccccccccccc
eeeeeeeeeeeeeeeeeeeeeeeeeeeeabccccccccccccccccccccc
eeeeeeeeeeeeeeeeeeeeeeeeeeeeabccccccccccccccccccccc
eeeeeeeeeeeeeeeeeeeeeeeeeeeeabccccccccccccccccccccc
eeeeeeeeeeeeeeeeeeeeeeeeeeeeabccccccccccccccccccccc
eeeeeeeeeeeeeeeeeeeeeeeeeeeeabccccccccccccccccccccc
eeeeeeeeeeeeeeeeeeeeeeeeeeeeabccccccccccccccccccccc
eeeeeeeeeeeeeeeeeeeeeeeeeeeeabccccccccccccccccccccc
eeeeeeeeeeeeeeeeeeeeeeeeeeeeabccccccccccccccccccccc
eeeeeeeeeeeeeeeeeeeeeeeeeeeeabccccccccccccccccccccc
eeeeeeeeeeeeeeeeeeeeeeeeeeeeabccccccccccccccccccccc
eeeeeeeeeeeeeeeeeeeeeeeeeeeeabcccccccccccccccccccccabccccccccccccccccccccc
eeeeeeeeeeeeeeeeeeeeeeeeeeee
abccccccccccccccccccccc
eeeeeeeeeeeeeeeeeeeeeeeeeeee
abccccccccccccccccccccc
eeeeeeeeeeeeeeeeeeeeeeeeeeeeabccccccccccccccccccccc
eeeeeeeeeeeeeeeeeeeeeeeeeeeeabccccccccccccccccccccc
eeeeeeeeeeeeeeeeeeeeeeeeeeeeabccccccccccccccccccccc
eeeeeeeeeeeeeeeeeeeeeeeeeeeeabccccccccccccccccccccc
eeeeeeeeeeeeeeeeeeeeeeeeeeeeabccccccccccccccccccccc
eeeeeeeeeeeeeeeeeeeeeeeeeeeeabccccccccccccccccccccc
eeeeeeeeeeeeeeeeeeeeeeeeeeeeabccccccccccccccccccccc
eeeeeeeeeeeeeeeeeeeeeeeeeeeeabccccccccccccccccccccc
eeeeeeeeeeeeeeeeeeeeeeeeeeeeabccccccccccccccccccccc
eeeeeeeeeeeeeeeeeeeeeeeeeeeeabccccccccccccccccccccc
eeeeeeeeeeeeeeeeeeeeeeeeeeeeabccccccccccccccccccccc
eeeeeeeeeeeeeeeeeeeeeeeeeeeeabcccccccccccccccccccccabccccccccccccccccccccc
eeeeeeeeeeeeeeeeeeeeeeeeeeee
abccccccccccccccccccccc
eeeeeeeeeeeeeeeeeeeeeeeeeeee
abccccccccccccccccccccc
eeeeeeeeeeeeeeeeeeeeeeeeeeeeabccccccccccccccccccccc
eeeeeeeeeeeeeeeeeeeeeeeeeeeeabccccccccccccccccccccc
eeeeeeeeeeeeeeeeeeeeeeeeeeeeabccccccccccccccccccccc
eeeeeeeeeeeeeeeeeeeeeeeeeeeeabccccccccccccccccccccc
eeeeeeeeeeeeeeeeeeeeeeeeeeeeabccccccccccccccccccccc
eeeeeeeeeeeeeeeeeeeeeeeeeeeeabccccccccccccccccccccc
eeeeeeeeeeeeeeeeeeeeeeeeeeeeabccccccccccccccccccccc
eeeeeeeeeeeeeeeeeeeeeeeeeeeeabccccccccccccccccccccc
eeeeeeeeeeeeeeeeeeeeeeeeeeeeabccccccccccccccccccccc
eeeeeeeeeeeeeeeeeeeeeeeeeeeeabccccccccccccccccccccc
eeeeeeeeeeeeeeeeeeeeeeeeeeeeabccccccccccccccccccccc
eeeeeeeeeeeeeeeeeeeeeeeeeeeeabcccccccccccccccccccccabccccccccccccccccccccc
eeeeeeeeeeeeeeeeeeeeeeeeeeee
abccccccccccccccccccccc
eeeeeeeeeeeeeeeeeeeeeeeeeeee
abccccccccccccccccccccc
eeeeeeeeeeeeeeeeeeeeeeeeeeeeabccccccccccccccccccccc
eeeeeeeeeeeeeeeeeeeeeeeeeeeeabccccccccccccccccccccc
eeeeeeeeeeeeeeeeeeeeeeeeeeeeabccccccccccccccccccccc
eeeeeeeeeeeeeeeeeeeeeeeeeeeeabccccccccccccccccccccc
eeeeeeeeeeeeeeeeeeeeeeeeeeeeabccccccccccccccccccccc
eeeeeeeeeeeeeeeeeeeeeeeeeeeeabccccccccccccccccccccc
eeeeeeeeeeeeeeeeeeeeeeeeeeeeabccccccccccccccccccccc
eeeeeeeeeeeeeeeeeeeeeeeeeeeeabccccccccccccccccccccc
eeeeeeeeeeeeeeeeeeeeeeeeeeeeabccccccccccccccccccccc
eeeeeeeeeeeeeeeeeeeeeeeeeeeeabccccccccccccccccccccc
eeeeeeeeeeeeeeeeeeeeeeeeeeeeabccccccccccccccccccccc
eeeeeeeeeeeeeeeeeeeeeeeeeeeeabcccccccccccccccccccccabccccccccccccccccccccc
eeeeeeeeeeeeeeeeeeeeeeeeeeee
abccccccccccccccccccccc
eeeeeeeeeeeeeeeeeeeeeeeeeeee
abccccccccccccccccccccc
eeeeeeeeeeeeeeeeeeeeeeeeeeeeabccccccccccccccccccccc
eeeeeeeeeeeeeeeeeeeeeeeeeeeeabccccccccccccccccccccc
eeeeeeeeeeeeeeeeeeeeeeeeeeeeabccccccccccccccccccccc
eeeeeeeeeeeeeeeeeeeeeeeeeeeeabccccccccccccccccccccc
eeeeeeeeeeeeeeeeeeeeeeeeeeeeabccccccccccccccccccccc
eeeeeeeeeeeeeeeeeeeeeeeeeeeeabccccccccccccccccccccc
eeeeeeeeeeeeeeeeeeeeeeeeeeeeabccccccccccccccccccccc
eeeeeeeeeeeeeeeeeeeeeeeeeeeeabccccccccccccccccccccc
eeeeeeeeeeeeeeeeeeeeeeeeeeeeabccccccccccccccccccccc
eeeeeeeeeeeeeeeeeeeeeeeeeeeeabccccccccccccccccccccc
eeeeeeeeeeeeeeeeeeeeeeeeeeeeabccccccccccccccccccccc
eeeeeeeeeeeeeeeeeeeeeeeeeeeeabcccccccccccccccccccccabccccccccccccccccccccc
eeeeeeeeeeeeeeeeeeeeeeeeeeee
abccccccccccccccccccccc
eeeeeeeeeeeeeeeeeeeeeeeeeeee
abccccccccccccccccccccc
eeeeeeeeeeeeeeeeeeeeeeeeeeeeabccccccccccccccccccccc
eeeeeeeeeeeeeeeeeeeeeeeeeeeeabccccccccccccccccccccc
eeeeeeeeeeeeeeeeeeeeeeeeeeeeabccccccccccccccccccccc
eeeeeeeeeeeeeeeeeeeeeeeeeeeeabccccccccccccccccccccc
eeeeeeeeeeeeeeeeeeeeeeeeeeeeabccccccccccccccccccccc
eeeeeeeeeeeeeeeeeeeeeeeeeeeeabccccccccccccccccccccc
eeeeeeeeeeeeeeeeeeeeeeeeeeeeabccccccccccccccccccccc
eeeeeeeeeeeeeeeeeeeeeeeeeeeeabccccccccccccccccccccc
eeeeeeeeeeeeeeeeeeeeeeeeeeeeabccccccccccccccccccccc
eeeeeeeeeeeeeeeeeeeeeeeeeeeeabccccccccccccccccccccc
eeeeeeeeeeeeeeeeeeeeeeeeeeeeabccccccccccccccccccccc
eeeeeeeeeeeeeeeeeeeeeeeeeeeeabcccccccccccccccccccccabccccccccccccccccccccc
eeeeeeeeeeeeeeeeeeeeeeeeeeee
abccccccccccccccccccccc
eeeeeeeeeeeeeeeeeeeeeeeeeeee
abccccccccccccccccccccc
eeeeeeeeeeeeeeeeeeeeeeeeeeeeabccccccccccccccccccccc
eeeeeeeeeeeeeeeeeeeeeeeeeeeeabccccccccccccccccccccc
eeeeeeeeeeeeeeeeeeeeeeeeeeeeabccccccccccccccccccccc
eeeeeeeeeeeeeeeeeeeeeeeeeeeeabccccccccccccccccccccc
eeeeeeeeeeeeeeeeeeeeeeeeeeeeabccccccccccccccccccccc
eeeeeeeeeeeeeeeeeeeeeeeeeeeeabccccccccccccccccccccc
eeeeeeeeeeeeeeeeeeeeeeeeeeeeabccccccccccccccccccccc
eeeeeeeeeeeeeeeeeeeeeeeeeeeeabccccccccccccccccccccc
eeeeeeeeeeeeeeeeeeeeeeeeeeeeabccccccccccccccccccccc
eeeeeeeeeeeeeeeeeeeeeeeeeeeeabccccccccccccccccccccc
eeeeeeeeeeeeeeeeeeeeeeeeeeeeabccccccccccccccccccccc
eeeeeeeeeeeeeeeeeeeeeeeeeeeeabcccccccccccccccccccccabccccccccccccccccccccc
eeeeeeeeeeeeeeeeeeeeeeeeeeee
abccccccccccccccccccccc
eeeeeeeeeeeeeeeeeeeeeeeeeeee
abccccccccccccccccccccc
eeeeeeeeeeeeeeeeeeeeeeeeeeeeabccccccccccccccccccccc
eeeeeeeeeeeeeeeeeeeeeeeeeeeeabccccccccccccccccccccc
eeeeeeeeeeeeeeeeeeeeeeeeeeeeabccccccccccccccccccccc
eeeeeeeeeeeeeeeeeeeeeeeeeeeeabccccccccccccccccccccc
eeeeeeeeeeeeeeeeeeeeeeeeeeeeabccccccccccccccccccccc
eeeeeeeeeeeeeeeeeeeeeeeeeeeeabccccccccccccccccccccc
eeeeeeeeeeeeeeeeeeeeeeeeeeeeabccccccccccccccccccccc
eeeeeeeeeeeeeeeeeeeeeeeeeeeeabccccccccccccccccccccc
eeeeeeeeeeeeeeeeeeeeeeeeeeeeabccccccccccccccccccccc
eeeeeeeeeeeeeeeeeeeeeeeeeeeeabccccccccccccccccccccc
eeeeeeeeeeeeeeeeeeeeeeeeeeeeabccccccccccccccccccccc
eeeeeeeeeeeeeeeeeeeeeeeeeeeeabcccccccccccccccccccccabccccccccccccccccccccc
eeeeeeeeeeeeeeeeeeeeeeeeeeee
abccccccccccccccccccccc
eeeeeeeeeeeeeeeeeeeeeeeeeeee
abccccccccccccccccccccc
eeeeeeeeeeeeeeeeeeeeeeeeeeeeabccccccccccccccccccccc
eeeeeeeeeeeeeeeeeeeeeeeeeeeeabccccccccccccccccccccc
eeeeeeeeeeeeeeeeeeeeeeeeeeeeabccccccccccccccccccccc
eeeeeeeeeeeeeeeeeeeeeeeeeeeeabccccccccccccccccccccc
eeeeeeeeeeeeeeeeeeeeeeeeeeeeabccccccccccccccccccccc
eeeeeeeeeeeeeeeeeeeeeeeeeeeeabccccccccccccccccccccc
eeeeeeeeeeeeeeeeeeeeeeeeeeeeabccccccccccccccccccccc
eeeeeeeeeeeeeeeeeeeeeeeeeeeeabccccccccccccccccccccc
eeeeeeeeeeeeeeeeeeeeeeeeeeeeabccccccccccccccccccccc
eeeeeeeeeeeeeeeeeeeeeeeeeeeeabccccccccccccccccccccc
eeeeeeeeeeeeeeeeeeeeeeeeeeeeabccccccccccccccccccccc
eeeeeeeeeeeeeeeeeeeeeeeeeeeeabcccccccccccccccccccccabccccccccccccccccccccc
eeeeeeeeeeeeeeeeeeeeeeeeeeee
abccccccccccccccccccccc
eeeeeeeeeeeeeeeeeeeeeeeeeeee
abccccccccccccccccccccc
eeeeeeeeeeeeeeeeeeeeeeeeeeeeabccccccccccccccccccccc
eeeeeeeeeeeeeeeeeeeeeeeeeeeeabccccccccccccccccccccc
eeeeeeeeeeeeeeeeeeeeeeeeeeeeabccccccccccccccccccccc
eeeeeeeeeeeeeeeeeeeeeeeeeeeeabccccccccccccccccccccc
eeeeeeeeeeeeeeeeeeeeeeeeeeeeabccccccccccccccccccccc
eeeeeeeeeeeeeeeeeeeeeeeeeeeeabccccccccccccccccccccc
eeeeeeeeeeeeeeeeeeeeeeeeeeeeabccccccccccccccccccccc
eeeeeeeeeeeeeeeeeeeeeeeeeeeeabccccccccccccccccccccc
eeeeeeeeeeeeeeeeeeeeeeeeeeeeabccccccccccccccccccccc
eeeeeeeeeeeeeeeeeeeeeeeeeeeeabccccccccccccccccccccc
eeeeeeeeeeeeeeeeeeeeeeeeeeeeabccccccccccccccccccccc
eeeeeeeeeeeeeeeeeeeeeeeeeeeeabcccccccccccccccccccccabccccccccccccccccccccc
eeeeeeeeeeeeeeeeeeeeeeeeeeee
abccccccccccccccccccccc
eeeeeeeeeeeeeeeeeeeeeeeeeeee
abccccccccccccccccccccc
eeeeeeeeeeeeeeeeeeeeeeeeeeeeabccccccccccccccccccccc
eeeeeeeeeeeeeeeeeeeeeeeeeeeeabccccccccccccccccccccc
eeeeeeeeeeeeeeeeeeeeeeeeeeeeabccccccccccccccccccccc
eeeeeeeeeeeeeeeeeeeeeeeeeeeeabccccccccccccccccccccc
eeeeeeeeeeeeeeeeeeeeeeeeeeeeabccccccccccccccccccccc
eeeeeeeeeeeeeeeeeeeeeeeeeeeeabccccccccccccccccccccc
eeeeeeeeeeeeeeeeeeeeeeeeeeeeabccccccccccccccccccccc
eeeeeeeeeeeeeeeeeeeeeeeeeeeeabccccccccccccccccccccc
eeeeeeeeeeeeeeeeeeeeeeeeeeeeabccccccccccccccccccccc
eeeeeeeeeeeeeeeeeeeeeeeeeeeeabccccccccccccccccccccc
eeeeeeeeeeeeeeeeeeeeeeeeeeeeabccccccccccccccccccccc
eeeeeeeeeeeeeeeeeeeeeeeeeeeeabcccccccccccccccccccccabccccccccccccccccccccc
eeeeeeeeeeeeeeeeeeeeeeeeeeee
abccccccccccccccccccccc
eeeeeeeeeeeeeeeeeeeeeeeeeeee
abccccccccccccccccccccc
eeeeeeeeeeeeeeeeeeeeeeeeeeeeabccccccccccccccccccccc
eeeeeeeeeeeeeeeeeeeeeeeeeeeeabccccccccccccccccccccc
eeeeeeeeeeeeeeeeeeeeeeeeeeeeabccccccccccccccccccccc
eeeeeeeeeeeeeeeeeeeeeeeeeeeeabccccccccccccccccccccc
eeeeeeeeeeeeeeeeeeeeeeeeeeeeabccccccccccccccccccccc
eeeeeeeeeeeeeeeeeeeeeeeeeeeeabccccccccccccccccccccc
eeeeeeeeeeeeeeeeeeeeeeeeeeeeabccccccccccccccccccccc
eeeeeeeeeeeeeeeeeeeeeeeeeeeeabccccccccccccccccccccc
eeeeeeeeeeeeeeeeeeeeeeeeeeeeabccccccccccccccccccccc
eeeeeeeeeeeeeeeeeeeeeeeeeeeeabccccccccccccccccccccc
eeeeeeeeeeeeeeeeeeeeeeeeeeeeabccccccccccccccccccccc
eeeeeeeeeeeeeeeeeeeeeeeeeeeeabcccccccccccccccccccccabccccccccccccccccccccc
eeeeeeeeeeeeeeeeeeeeeeeeeeee
abccccccccccccccccccccc
eeeeeeeeeeeeeeeeeeeeeeeeeeee
abccccccccccccccccccccc
eeeeeeeeeeeeeeeeeeeeeeeeeeeeabccccccccccccccccccccc
eeeeeeeeeeeeeeeeeeeeeeeeeeeeabccccccccccccccccccccc
eeeeeeeeeeeeeeeeeeeeeeeeeeeeabccccccccccccccccccccc
eeeeeeeeeeeeeeeeeeeeeeeeeeeeabccccccccccccccccccccc
eeeeeeeeeeeeeeeeeeeeeeeeeeeeabccccccccccccccccccccc
eeeeeeeeeeeeeeeeeeeeeeeeeeeeabccccccccccccccccccccc
eeeeeeeeeeeeeeeeeeeeeeeeeeeeabccccccccccccccccccccc
eeeeeeeeeeeeeeeeeeeeeeeeeeeeabccccccccccccccccccccc
eeeeeeeeeeeeeeeeeeeeeeeeeeeeabccccccccccccccccccccc
eeeeeeeeeeeeeeeeeeeeeeeeeeeeabccccccccccccccccccccc
eeeeeeeeeeeeeeeeeeeeeeeeeeeeabccccccccccccccccccccc
eeeeeeeeeeeeeeeeeeeeeeeeeeeeabcccccccccccccccccccccabccccccccccccccccccccc
eeeeeeeeeeeeeeeeeeeeeeeeeeee
abccccccccccccccccccccc
eeeeeeeeeeeeeeeeeeeeeeeeeeee
abccccccccccccccccccccc
eeeeeeeeeeeeeeeeeeeeeeeeeeeeabccccccccccccccccccccc
eeeeeeeeeeeeeeeeeeeeeeeeeeeeabccccccccccccccccccccc
eeeeeeeeeeeeeeeeeeeeeeeeeeeeabccccccccccccccccccccc
eeeeeeeeeeeeeeeeeeeeeeeeeeeeabccccccccccccccccccccc
eeeeeeeeeeeeeeeeeeeeeeeeeeeeabccccccccccccccccccccc
eeeeeeeeeeeeeeeeeeeeeeeeeeeeabccccccccccccccccccccc
eeeeeeeeeeeeeeeeeeeeeeeeeeeeabccccccccccccccccccccc
eeeeeeeeeeeeeeeeeeeeeeeeeeeeabccccccccccccccccccccc
eeeeeeeeeeeeeeeeeeeeeeeeeeeeabccccccccccccccccccccc
eeeeeeeeeeeeeeeeeeeeeeeeeeeeabccccccccccccccccccccc
eeeeeeeeeeeeeeeeeeeeeeeeeeeeabccccccccccccccccccccc
eeeeeeeeeeeeeeeeeeeeeeeeeeeeabcccccccccccccccccccccabccccccccccccccccccccc
eeeeeeeeeeeeeeeeeeeeeeeeeeee
abccccccccccccccccccccc
eeeeeeeeeeeeeeeeeeeeeeeeeeee
abccccccccccccccccccccc
eeeeeeeeeeeeeeeeeeeeeeeeeeeeabccccccccccccccccccccc
eeeeeeeeeeeeeeeeeeeeeeeeeeeeabccccccccccccccccccccc
eeeeeeeeeeeeeeeeeeeeeeeeeeeeabccccccccccccccccccccc
eeeeeeeeeeeeeeeeeeeeeeeeeeeeabccccccccccccccccccccc
eeeeeeeeeeeeeeeeeeeeeeeeeeeeabccccccccccccccccccccc
eeeeeeeeeeeeeeeeeeeeeeeeeeeeabccccccccccccccccccccc
eeeeeeeeeeeeeeeeeeeeeeeeeeeeabccccccccccccccccccccc
eeeeeeeeeeeeeeeeeeeeeeeeeeeeabccccccccccccccccccccc
eeeeeeeeeeeeeeeeeeeeeeeeeeeeabccccccccccccccccccccc
eeeeeeeeeeeeeeeeeeeeeeeeeeeeabccccccccccccccccccccc
eeeeeeeeeeeeeeeeeeeeeeeeeeeeabccccccccccccccccccccc
eeeeeeeeeeeeeeeeeeeeeeeeeeeeabcccccccccccccccccccccabccccccccccccccccccccc
eeeeeeeeeeeeeeeeeeeeeeeeeeee
abccccccccccccccccccccc
eeeeeeeeeeeeeeeeeeeeeeeeeeee
abccccccccccccccccccccc
eeeeeeeeeeeeeeeeeeeeeeeeeeeeabccccccccccccccccccccc
eeeeeeeeeeeeeeeeeeeeeeeeeeeeabccccccccccccccccccccc
eeeeeeeeeeeeeeeeeeeeeeeeeeeeabccccccccccccccccccccc
eeeeeeeeeeeeeeeeeeeeeeeeeeeeabccccccccccccccccccccc
eeeeeeeeeeeeeeeeeeeeeeeeeeeeabccccccccccccccccccccc
eeeeeeeeeeeeeeeeeeeeeeeeeeeeabccccccccccccccccccccc
eeeeeeeeeeeeeeeeeeeeeeeeeeeeabccccccccccccccccccccc
eeeeeeeeeeeeeeeeeeeeeeeeeeeeabccccccccccccccccccccc
eeeeeeeeeeeeeeeeeeeeeeeeeeeeabccccccccccccccccccccc
eeeeeeeeeeeeeeeeeeeeeeeeeeeeabccccccccccccccccccccc
eeeeeeeeeeeeeeeeeeeeeeeeeeeeabccccccccccccccccccccc
eeeeeeeeeeeeeeeeeeeeeeeeeeeeabcccccccccccccccccccccabccccccccccccccccccccc
eeeeeeeeeeeeeeeeeeeeeeeeeeee
abccccccccccccccccccccc
eeeeeeeeeeeeeeeeeeeeeeeeeeee
abccccccccccccccccccccc
eeeeeeeeeeeeeeeeeeeeeeeeeeeeabccccccccccccccccccccc
eeeeeeeeeeeeeeeeeeeeeeeeeeeeabccccccccccccccccccccc
eeeeeeeeeeeeeeeeeeeeeeeeeeeeabccccccccccccccccccccc
eeeeeeeeeeeeeeeeeeeeeeeeeeeeabccccccccccccccccccccc
eeeeeeeeeeeeeeeeeeeeeeeeeeeeabccccccccccccccccccccc
eeeeeeeeeeeeeeeeeeeeeeeeeeeeabccccccccccccccccccccc
eeeeeeeeeeeeeeeeeeeeeeeeeeeeabccccccccccccccccccccc
eeeeeeeeeeeeeeeeeeeeeeeeeeeeabccccccccccccccccccccc
eeeeeeeeeeeeeeeeeeeeeeeeeeeeabccccccccccccccccccccc
eeeeeeeeeeeeeeeeeeeeeeeeeeeeabccccccccccccccccccccc
eeeeeeeeeeeeeeeeeeeeeeeeeeeeabccccccccccccccccccccc
eeeeeeeeeeeeeeeeeeeeeeeeeeeeabcccccccccccccccccccccabccccccccccccccccccccc
eeeeeeeeeeeeeeeeeeeeeeeeeeee
abccccccccccccccccccccc
eeeeeeeeeeeeeeeeeeeeeeeeeeee
abccccccccccccccccccccc
eeeeeeeeeeeeeeeeeeeeeeeeeeeeabccccccccccccccccccccc
eeeeeeeeeeeeeeeeeeeeeeeeeeeeabccccccccccccccccccccc
eeeeeeeeeeeeeeeeeeeeeeeeeeeeabccccccccccccccccccccc
eeeeeeeeeeeeeeeeeeeeeeeeeeeeabccccccccccccccccccccc
eeeeeeeeeeeeeeeeeeeeeeeeeeeeabccccccccccccccccccccc
eeeeeeeeeeeeeeeeeeeeeeeeeeeeabccccccccccccccccccccc
eeeeeeeeeeeeeeeeeeeeeeeeeeeeabccccccccccccccccccccc
eeeeeeeeeeeeeeeeeeeeeeeeeeeeabccccccccccccccccccccc
eeeeeeeeeeeeeeeeeeeeeeeeeeeeabccccccccccccccccccccc
eeeeeeeeeeeeeeeeeeeeeeeeeeeeabccccccccccccccccccccc
eeeeeeeeeeeeeeeeeeeeeeeeeeeeabccccccccccccccccccccc
eeeeeeeeeeeeeeeeeeeeeeeeeeeeabcccccccccccccccccccccabccccccccccccccccccccc
eeeeeeeeeeeeeeeeeeeeeeeeeeee
abccccccccccccccccccccc
eeeeeeeeeeeeeeeeeeeeeeeeeeee
abccccccccccccccccccccc
eeeeeeeeeeeeeeeeeeeeeeeeeeeeabccccccccccccccccccccc
eeeeeeeeeeeeeeeeeeeeeeeeeeeeabccccccccccccccccccccc
eeeeeeeeeeeeeeeeeeeeeeeeeeeeabccccccccccccccccccccc
eeeeeeeeeeeeeeeeeeeeeeeeeeeeabccccccccccccccccccccc
eeeeeeeeeeeeeeeeeeeeeeeeeeeeabccccccccccccccccccccc
eeeeeeeeeeeeeeeeeeeeeeeeeeeeabccccccccccccccccccccc
eeeeeeeeeeeeeeeeeeeeeeeeeeeeabccccccccccccccccccccc
eeeeeeeeeeeeeeeeeeeeeeeeeeeeabccccccccccccccccccccc
eeeeeeeeeeeeeeeeeeeeeeeeeeeeabccccccccccccccccccccc
eeeeeeeeeeeeeeeeeeeeeeeeeeeeabccccccccccccccccccccc
eeeeeeeeeeeeeeeeeeeeeeeeeeeeabccccccccccccccccccccc
eeeeeeeeeeeeeeeeeeeeeeeeeeeeabcccccccccccccccccccccabccccccccccccccccccccc
eeeeeeeeeeeeeeeeeeeeeeeeeeee
abccccccccccccccccccccc
eeeeeeeeeeeeeeeeeeeeeeeeeeee
abccccccccccccccccccccc
eeeeeeeeeeeeeeeeeeeeeeeeeeeeabccccccccccccccccccccc
eeeeeeeeeeeeeeeeeeeeeeeeeeeeabccccccccccccccccccccc
eeeeeeeeeeeeeeeeeeeeeeeeeeeeabccccccccccccccccccccc
eeeeeeeeeeeeeeeeeeeeeeeeeeeeabccccccccccccccccccccc
eeeeeeeeeeeeeeeeeeeeeeeeeeeeabccccccccccccccccccccc
eeeeeeeeeeeeeeeeeeeeeeeeeeeeabccccccccccccccccccccc
eeeeeeeeeeeeeeeeeeeeeeeeeeeeabccccccccccccccccccccc
eeeeeeeeeeeeeeeeeeeeeeeeeeeeabccccccccccccccccccccc
eeeeeeeeeeeeeeeeeeeeeeeeeeeeabccccccccccccccccccccc
eeeeeeeeeeeeeeeeeeeeeeeeeeeeabccccccccccccccccccccc
eeeeeeeeeeeeeeeeeeeeeeeeeeeeabccccccccccccccccccccc
eeeeeeeeeeeeeeeeeeeeeeeeeeeeabcccccccccccccccccccccabccccccccccccccccccccc
eeeeeeeeeeeeeeeeeeeeeeeeeeee
abccccccccccccccccccccc
eeeeeeeeeeeeeeeeeeeeeeeeeeee
abccccccccccccccccccccc
eeeeeeeeeeeeeeeeeeeeeeeeeeeeabccccccccccccccccccccc
eeeeeeeeeeeeeeeeeeeeeeeeeeeeabccccccccccccccccccccc
eeeeeeeeeeeeeeeeeeeeeeeeeeeeabccccccccccccccccccccc
eeeeeeeeeeeeeeeeeeeeeeeeeeeeabccccccccccccccccccccc
eeeeeeeeeeeeeeeeeeeeeeeeeeeeabccccccccccccccccccccc
eeeeeeeeeeeeeeeeeeeeeeeeeeeeabccccccccccccccccccccc
eeeeeeeeeeeeeeeeeeeeeeeeeeeeabccccccccccccccccccccc
eeeeeeeeeeeeeeeeeeeeeeeeeeeeabccccccccccccccccccccc
eeeeeeeeeeeeeeeeeeeeeeeeeeeeabccccccccccccccccccccc
eeeeeeeeeeeeeeeeeeeeeeeeeeeeabccccccccccccccccccccc
eeeeeeeeeeeeeeeeeeeeeeeeeeeeabccccccccccccccccccccc
eeeeeeeeeeeeeeeeeeeeeeeeeeeeabcccccccccccccccccccccabccccccccccccccccccccc
eeeeeeeeeeeeeeeeeeeeeeeeeeee
abccccccccccccccccccccc
eeeeeeeeeeeeeeeeeeeeeeeeeeee
abccccccccccccccccccccc
eeeeeeeeeeeeeeeeeeeeeeeeeeeeabccccccccccccccccccccc
eeeeeeeeeeeeeeeeeeeeeeeeeeeeabccccccccccccccccccccc
eeeeeeeeeeeeeeeeeeeeeeeeeeeeabccccccccccccccccccccc
eeeeeeeeeeeeeeeeeeeeeeeeeeeeabccccccccccccccccccccc
eeeeeeeeeeeeeeeeeeeeeeeeeeeeabccccccccccccccccccccc
eeeeeeeeeeeeeeeeeeeeeeeeeeeeabccccccccccccccccccccc
eeeeeeeeeeeeeeeeeeeeeeeeeeeeabccccccccccccccccccccc
eeeeeeeeeeeeeeeeeeeeeeeeeeeeabccccccccccccccccccccc
eeeeeeeeeeeeeeeeeeeeeeeeeeeeabccccccccccccccccccccc
eeeeeeeeeeeeeeeeeeeeeeeeeeeeabccccccccccccccccccccc
eeeeeeeeeeeeeeeeeeeeeeeeeeeeabccccccccccccccccccccc
eeeeeeeeeeeeeeeeeeeeeeeeeeeeabcccccccccccccccccccccabccccccccccccccccccccc
eeeeeeeeeeeeeeeeeeeeeeeeeeee
abccccccccccccccccccccc
eeeeeeeeeeeeeeeeeeeeeeeeeeee
abccccccccccccccccccccc
eeeeeeeeeeeeeeeeeeeeeeeeeeeeabccccccccccccccccccccc
eeeeeeeeeeeeeeeeeeeeeeeeeeeeabccccccccccccccccccccc
eeeeeeeeeeeeeeeeeeeeeeeeeeeeabccccccccccccccccccccc
eeeeeeeeeeeeeeeeeeeeeeeeeeeeabccccccccccccccccccccc
eeeeeeeeeeeeeeeeeeeeeeeeeeeeabccccccccccccccccccccc
eeeeeeeeeeeeeeeeeeeeeeeeeeeeabccccccccccccccccccccc
eeeeeeeeeeeeeeeeeeeeeeeeeeeeabccccccccccccccccccccc
eeeeeeeeeeeeeeeeeeeeeeeeeeeeabccccccccccccccccccccc
eeeeeeeeeeeeeeeeeeeeeeeeeeeeabccccccccccccccccccccc
eeeeeeeeeeeeeeeeeeeeeeeeeeeeabccccccccccccccccccccc
eeeeeeeeeeeeeeeeeeeeeeeeeeeeabccccccccccccccccccccc
eeeeeeeeeeeeeeeeeeeeeeeeeeeeabcccccccccccccccccccccabccccccccccccccccccccc
eeeeeeeeeeeeeeeeeeeeeeeeeeee
abccccccccccccccccccccc
eeeeeeeeeeeeeeeeeeeeeeeeeeee
abccccccccccccccccccccc
eeeeeeeeeeeeeeeeeeeeeeeeeeeeabccccccccccccccccccccc
eeeeeeeeeeeeeeeeeeeeeeeeeeeeabccccccccccccccccccccc
eeeeeeeeeeeeeeeeeeeeeeeeeeeeabccccccccccccccccccccc
eeeeeeeeeeeeeeeeeeeeeeeeeeeeabccccccccccccccccccccc
eeeeeeeeeeeeeeeeeeeeeeeeeeeeabccccccccccccccccccccc
eeeeeeeeeeeeeeeeeeeeeeeeeeeeabccccccccccccccccccccc
eeeeeeeeeeeeeeeeeeeeeeeeeeeeabccccccccccccccccccccc
eeeeeeeeeeeeeeeeeeeeeeeeeeeeabccccccccccccccccccccc
eeeeeeeeeeeeeeeeeeeeeeeeeeeeabccccccccccccccccccccc
eeeeeeeeeeeeeeeeeeeeeeeeeeeeabccccccccccccccccccccc
eeeeeeeeeeeeeeeeeeeeeeeeeeeeabccccccccccccccccccccc
eeeeeeeeeeeeeeeeeeeeeeeeeeeeabcccccccccccccccccccccabccccccccccccccccccccc
eeeeeeeeeeeeeeeeeeeeeeeeeeee
abccccccccccccccccccccc
eeeeeeeeeeeeeeeeeeeeeeeeeeee
abccccccccccccccccccccc
eeeeeeeeeeeeeeeeeeeeeeeeeeeeabccccccccccccccccccccc
eeeeeeeeeeeeeeeeeeeeeeeeeeeeabccccccccccccccccccccc
eeeeeeeeeeeeeeeeeeeeeeeeeeeeabccccccccccccccccccccc
eeeeeeeeeeeeeeeeeeeeeeeeeeeeabccccccccccccccccccccc
eeeeeeeeeeeeeeeeeeeeeeeeeeeeabccccccccccccccccccccc
eeeeeeeeeeeeeeeeeeeeeeeeeeeeabccccccccccccccccccccc
eeeeeeeeeeeeeeeeeeeeeeeeeeeeabccccccccccccccccccccc
eeeeeeeeeeeeeeeeeeeeeeeeeeeeabccccccccccccccccccccc
eeeeeeeeeeeeeeeeeeeeeeeeeeeeabccccccccccccccccccccc
eeeeeeeeeeeeeeeeeeeeeeeeeeeeabccccccccccccccccccccc
eeeeeeeeeeeeeeeeeeeeeeeeeeeeabccccccccccccccccccccc
eeeeeeeeeeeeeeeeeeeeeeeeeeeeabcccccccccccccccccccccabccccccccccccccccccccc
eeeeeeeeeeeeeeeeeeeeeeeeeeee
abccccccccccccccccccccc
eeeeeeeeeeeeeeeeeeeeeeeeeeee
abccccccccccccccccccccc
eeeeeeeeeeeeeeeeeeeeeeeeeeeeabccccccccccccccccccccc
eeeeeeeeeeeeeeeeeeeeeeeeeeeeabccccccccccccccccccccc
eeeeeeeeeeeeeeeeeeeeeeeeeeeeabccccccccccccccccccccc
eeeeeeeeeeeeeeeeeeeeeeeeeeeeabccccccccccccccccccccc
eeeeeeeeeeeeeeeeeeeeeeeeeeeeabccccccccccccccccccccc
eeeeeeeeeeeeeeeeeeeeeeeeeeeeabccccccccccccccccccccc
eeeeeeeeeeeeeeeeeeeeeeeeeeeeabccccccccccccccccccccc
eeeeeeeeeeeeeeeeeeeeeeeeeeeeabccccccccccccccccccccc
eeeeeeeeeeeeeeeeeeeeeeeeeeeeabccccccccccccccccccccc
eeeeeeeeeeeeeeeeeeeeeeeeeeeeabccccccccccccccccccccc
eeeeeeeeeeeeeeeeeeeeeeeeeeeeabccccccccccccccccccccc
eeeeeeeeeeeeeeeeeeeeeeeeeeeeabcccccccccccccccccccccabccccccccccccccccccccc
eeeeeeeeeeeeeeeeeeeeeeeeeeee
abccccccccccccccccccccc
eeeeeeeeeeeeeeeeeeeeeeeeeeee
abccccccccccccccccccccc
eeeeeeeeeeeeeeeeeeeeeeeeeeeeabccccccccccccccccccccc
eeeeeeeeeeeeeeeeeeeeeeeeeeeeabccccccccccccccccccccc
eeeeeeeeeeeeeeeeeeeeeeeeeeeeabccccccccccccccccccccc
eeeeeeeeeeeeeeeeeeeeeeeeeeeeabccccccccccccccccccccc
eeeeeeeeeeeeeeeeeeeeeeeeeeeeabccccccccccccccccccccc
eeeeeeeeeeeeeeeeeeeeeeeeeeeeabccccccccccccccccccccc
eeeeeeeeeeeeeeeeeeeeeeeeeeeeabccccccccccccccccccccc
eeeeeeeeeeeeeeeeeeeeeeeeeeeeabccccccccccccccccccccc
eeeeeeeeeeeeeeeeeeeeeeeeeeeeabccccccccccccccccccccc
eeeeeeeeeeeeeeeeeeeeeeeeeeeeabccccccccccccccccccccc
eeeeeeeeeeeeeeeeeeeeeeeeeeeeabccccccccccccccccccccc
eeeeeeeeeeeeeeeeeeeeeeeeeeeeabcccccccccccccccccccccabccccccccccccccccccccc
eeeeeeeeeeeeeeeeeeeeeeeeeeee
abccccccccccccccccccccc
eeeeeeeeeeeeeeeeeeeeeeeeeeee
abccccccccccccccccccccc
eeeeeeeeeeeeeeeeeeeeeeeeeeeeabccccccccccccccccccccc
eeeeeeeeeeeeeeeeeeeeeeeeeeeeabccccccccccccccccccccc
eeeeeeeeeeeeeeeeeeeeeeeeeeeeabccccccccccccccccccccc
eeeeeeeeeeeeeeeeeeeeeeeeeeeeabccccccccccccccccccccc
eeeeeeeeeeeeeeeeeeeeeeeeeeeeabccccccccccccccccccccc
eeeeeeeeeeeeeeeeeeeeeeeeeeeeabccccccccccccccccccccc
eeeeeeeeeeeeeeeeeeeeeeeeeeeeabccccccccccccccccccccc
eeeeeeeeeeeeeeeeeeeeeeeeeeeeabccccccccccccccccccccc
eeeeeeeeeeeeeeeeeeeeeeeeeeeeabccccccccccccccccccccc
eeeeeeeeeeeeeeeeeeeeeeeeeeeeabccccccccccccccccccccc
eeeeeeeeeeeeeeeeeeeeeeeeeeeeabccccccccccccccccccccc
eeeeeeeeeeeeeeeeeeeeeeeeeeeeabcccccccccccccccccccccabccccccccccccccccccccc
eeeeeeeeeeeeeeeeeeeeeeeeeeee
abccccccccccccccccccccc
eeeeeeeeeeeeeeeeeeeeeeeeeeee
abccccccccccccccccccccc
eeeeeeeeeeeeeeeeeeeeeeeeeeeeabccccccccccccccccccccc
eeeeeeeeeeeeeeeeeeeeeeeeeeeeabccccccccccccccccccccc
eeeeeeeeeeeeeeeeeeeeeeeeeeeeabccccccccccccccccccccc
eeeeeeeeeeeeeeeeeeeeeeeeeeeeabccccccccccccccccccccc
eeeeeeeeeeeeeeeeeeeeeeeeeeeeabccccccccccccccccccccc
eeeeeeeeeeeeeeeeeeeeeeeeeeeeabccccccccccccccccccccc
eeeeeeeeeeeeeeeeeeeeeeeeeeeeabccccccccccccccccccccc
eeeeeeeeeeeeeeeeeeeeeeeeeeeeabccccccccccccccccccccc
eeeeeeeeeeeeeeeeeeeeeeeeeeeeabccccccccccccccccccccc
eeeeeeeeeeeeeeeeeeeeeeeeeeeeabccccccccccccccccccccc
eeeeeeeeeeeeeeeeeeeeeeeeeeeeabccccccccccccccccccccc
eeeeeeeeeeeeeeeeeeeeeeeeeeeeabcccccccccccccccccccccabccccccccccccccccccccc
eeeeeeeeeeeeeeeeeeeeeeeeeeee
abccccccccccccccccccccc
eeeeeeeeeeeeeeeeeeeeeeeeeeee
abccccccccccccccccccccc
eeeeeeeeeeeeeeeeeeeeeeeeeeeeabccccccccccccccccccccc
eeeeeeeeeeeeeeeeeeeeeeeeeeeeabccccccccccccccccccccc
eeeeeeeeeeeeeeeeeeeeeeeeeeeeabccccccccccccccccccccc
eeeeeeeeeeeeeeeeeeeeeeeeeeeeabccccccccccccccccccccc
eeeeeeeeeeeeeeeeeeeeeeeeeeeeabccccccccccccccccccccc
eeeeeeeeeeeeeeeeeeeeeeeeeeeeabccccccccccccccccccccc
eeeeeeeeeeeeeeeeeeeeeeeeeeeeabccccccccccccccccccccc
eeeeeeeeeeeeeeeeeeeeeeeeeeeeabccccccccccccccccccccc
eeeeeeeeeeeeeeeeeeeeeeeeeeeeabccccccccccccccccccccc
eeeeeeeeeeeeeeeeeeeeeeeeeeeeabccccccccccccccccccccc
eeeeeeeeeeeeeeeeeeeeeeeeeeeeabccccccccccccccccccccc
eeeeeeeeeeeeeeeeeeeeeeeeeeeeabcccccccccccccccccccccabccccccccccccccccccccc
eeeeeeeeeeeeeeeeeeeeeeeeeeee
abccccccccccccccccccccc
eeeeeeeeeeeeeeeeeeeeeeeeeeee
abccccccccccccccccccccc
eeeeeeeeeeeeeeeeeeeeeeeeeeeeabccccccccccccccccccccc
eeeeeeeeeeeeeeeeeeeeeeeeeeeeabccccccccccccccccccccc
eeeeeeeeeeeeeeeeeeeeeeeeeeeeabccccccccccccccccccccc
eeeeeeeeeeeeeeeeeeeeeeeeeeeeabccccccccccccccccccccc
eeeeeeeeeeeeeeeeeeeeeeeeeeeeabccccccccccccccccccccc
eeeeeeeeeeeeeeeeeeeeeeeeeeeeabccccccccccccccccccccc
eeeeeeeeeeeeeeeeeeeeeeeeeeeeabccccccccccccccccccccc
eeeeeeeeeeeeeeeeeeeeeeeeeeeeabccccccccccccccccccccc
eeeeeeeeeeeeeeeeeeeeeeeeeeeeabccccccccccccccccccccc
eeeeeeeeeeeeeeeeeeeeeeeeeeeeabccccccccccccccccccccc
eeeeeeeeeeeeeeeeeeeeeeeeeeeeabccccccccccccccccccccc
eeeeeeeeeeeeeeeeeeeeeeeeeeeeabcccccccccccccccccccccabccccccccccccccccccccc
eeeeeeeeeeeeeeeeeeeeeeeeeeee
abccccccccccccccccccccc
eeeeeeeeeeeeeeeeeeeeeeeeeeee
abccccccccccccccccccccc
eeeeeeeeeeeeeeeeeeeeeeeeeeeeabccccccccccccccccccccc
eeeeeeeeeeeeeeeeeeeeeeeeeeeeabccccccccccccccccccccc
eeeeeeeeeeeeeeeeeeeeeeeeeeeeabccccccccccccccccccccc
eeeeeeeeeeeeeeeeeeeeeeeeeeeeabccccccccccccccccccccc
eeeeeeeeeeeeeeeeeeeeeeeeeeeeabccccccccccccccccccccc
eeeeeeeeeeeeeeeeeeeeeeeeeeeeabccccccccccccccccccccc
eeeeeeeeeeeeeeeeeeeeeeeeeeeeabccccccccccccccccccccc
eeeeeeeeeeeeeeeeeeeeeeeeeeeeabccccccccccccccccccccc
eeeeeeeeeeeeeeeeeeeeeeeeeeeeabccccccccccccccccccccc
eeeeeeeeeeeeeeeeeeeeeeeeeeeeabccccccccccccccccccccc
eeeeeeeeeeeeeeeeeeeeeeeeeeeeabccccccccccccccccccccc
eeeeeeeeeeeeeeeeeeeeeeeeeeeeabcccccccccccccccccccccabccccccccccccccccccccc
eeeeeeeeeeeeeeeeeeeeeeeeeeee
abccccccccccccccccccccc
eeeeeeeeeeeeeeeeeeeeeeeeeeee
abccccccccccccccccccccc
eeeeeeeeeeeeeeeeeeeeeeeeeeeeabccccccccccccccccccccc
eeeeeeeeeeeeeeeeeeeeeeeeeeeeabccccccccccccccccccccc
eeeeeeeeeeeeeeeeeeeeeeeeeeeeabccccccccccccccccccccc
eeeeeeeeeeeeeeeeeeeeeeeeeeeeabccccccccccccccccccccc
eeeeeeeeeeeeeeeeeeeeeeeeeeeeabccccccccccccccccccccc
eeeeeeeeeeeeeeeeeeeeeeeeeeeeabccccccccccccccccccccc
eeeeeeeeeeeeeeeeeeeeeeeeeeeeabccccccccccccccccccccc
eeeeeeeeeeeeeeeeeeeeeeeeeeeeabccccccccccccccccccccc
eeeeeeeeeeeeeeeeeeeeeeeeeeeeabccccccccccccccccccccc
eeeeeeeeeeeeeeeeeeeeeeeeeeeeabccccccccccccccccccccc
eeeeeeeeeeeeeeeeeeeeeeeeeeeeabccccccccccccccccccccc
eeeeeeeeeeeeeeeeeeeeeeeeeeeeabcccccccccccccccccccccabccccccccccccccccccccc
eeeeeeeeeeeeeeeeeeeeeeeeeeee
abccccccccccccccccccccc
eeeeeeeeeeeeeeeeeeeeeeeeeeee
abccccccccccccccccccccc
eeeeeeeeeeeeeeeeeeeeeeeeeeeeabccccccccccccccccccccc
eeeeeeeeeeeeeeeeeeeeeeeeeeeeabccccccccccccccccccccc
eeeeeeeeeeeeeeeeeeeeeeeeeeeeabccccccccccccccccccccc
eeeeeeeeeeeeeeeeeeeeeeeeeeeeabccccccccccccccccccccc
eeeeeeeeeeeeeeeeeeeeeeeeeeeeabccccccccccccccccccccc
eeeeeeeeeeeeeeeeeeeeeeeeeeeeabccccccccccccccccccccc
eeeeeeeeeeeeeeeeeeeeeeeeeeeeabccccccccccccccccccccc
eeeeeeeeeeeeeeeeeeeeeeeeeeeeabccccccccccccccccccccc
eeeeeeeeeeeeeeeeeeeeeeeeeeeeabccccccccccccccccccccc
eeeeeeeeeeeeeeeeeeeeeeeeeeeeabccccccccccccccccccccc
eeeeeeeeeeeeeeeeeeeeeeeeeeeeabccccccccccccccccccccc
eeeeeeeeeeeeeeeeeeeeeeeeeeeeabcccccccccccccccccccccabccccccccccccccccccccc
eeeeeeeeeeeeeeeeeeeeeeeeeeee
abccccccccccccccccccccc
eeeeeeeeeeeeeeeeeeeeeeeeeeee
abccccccccccccccccccccc
eeeeeeeeeeeeeeeeeeeeeeeeeeeeabccccccccccccccccccccc
eeeeeeeeeeeeeeeeeeeeeeeeeeeeabccccccccccccccccccccc
eeeeeeeeeeeeeeeeeeeeeeeeeeeeabccccccccccccccccccccc
eeeeeeeeeeeeeeeeeeeeeeeeeeeeabccccccccccccccccccccc
eeeeeeeeeeeeeeeeeeeeeeeeeeeeabccccccccccccccccccccc
eeeeeeeeeeeeeeeeeeeeeeeeeeeeabccccccccccccccccccccc
eeeeeeeeeeeeeeeeeeeeeeeeeeeeabccccccccccccccccccccc
eeeeeeeeeeeeeeeeeeeeeeeeeeeeabccccccccccccccccccccc
eeeeeeeeeeeeeeeeeeeeeeeeeeeeabccccccccccccccccccccc
eeeeeeeeeeeeeeeeeeeeeeeeeeeeabccccccccccccccccccccc
eeeeeeeeeeeeeeeeeeeeeeeeeeeeabccccccccccccccccccccc
eeeeeeeeeeeeeeeeeeeeeeeeeeeeabcccccccccccccccccccccabccccccccccccccccccccc
eeeeeeeeeeeeeeeeeeeeeeeeeeee
abccccccccccccccccccccc
eeeeeeeeeeeeeeeeeeeeeeeeeeee
abccccccccccccccccccccc
eeeeeeeeeeeeeeeeeeeeeeeeeeeeabccccccccccccccccccccc
eeeeeeeeeeeeeeeeeeeeeeeeeeeeabccccccccccccccccccccc
eeeeeeeeeeeeeeeeeeeeeeeeeeeeabccccccccccccccccccccc
eeeeeeeeeeeeeeeeeeeeeeeeeeeeabccccccccccccccccccccc
eeeeeeeeeeeeeeeeeeeeeeeeeeeeabccccccccccccccccccccc
eeeeeeeeeeeeeeeeeeeeeeeeeeeeabccccccccccccccccccccc
eeeeeeeeeeeeeeeeeeeeeeeeeeeeabccccccccccccccccccccc
eeeeeeeeeeeeeeeeeeeeeeeeeeeeabccccccccccccccccccccc
eeeeeeeeeeeeeeeeeeeeeeeeeeeeabccccccccccccccccccccc
eeeeeeeeeeeeeeeeeeeeeeeeeeeeabccccccccccccccccccccc
eeeeeeeeeeeeeeeeeeeeeeeeeeeeabccccccccccccccccccccc
eeeeeeeeeeeeeeeeeeeeeeeeeeeeabcccccccccccccccccccccabccccccccccccccccccccc
eeeeeeeeeeeeeeeeeeeeeeeeeeee
abccccccccccccccccccccc
eeeeeeeeeeeeeeeeeeeeeeeeeeee
abccccccccccccccccccccc
eeeeeeeeeeeeeeeeeeeeeeeeeeeeabccccccccccccccccccccc
eeeeeeeeeeeeeeeeeeeeeeeeeeeeabccccccccccccccccccccc
eeeeeeeeeeeeeeeeeeeeeeeeeeeeabccccccccccccccccccccc
eeeeeeeeeeeeeeeeeeeeeeeeeeeeabccccccccccccccccccccc
eeeeeeeeeeeeeeeeeeeeeeeeeeeeabccccccccccccccccccccc
eeeeeeeeeeeeeeeeeeeeeeeeeeeeabccccccccccccccccccccc
eeeeeeeeeeeeeeeeeeeeeeeeeeeeabccccccccccccccccccccc
eeeeeeeeeeeeeeeeeeeeeeeeeeeeabccccccccccccccccccccc
eeeeeeeeeeeeeeeeeeeeeeeeeeeeabccccccccccccccccccccc
eeeeeeeeeeeeeeeeeeeeeeeeeeeeabccccccccccccccccccccc
eeeeeeeeeeeeeeeeeeeeeeeeeeeeabccccccccccccccccccccc
eeeeeeeeeeeeeeeeeeeeeeeeeeeeabcccccccccccccccccccccabccccccccccccccccccccc
eeeeeeeeeeeeeeeeeeeeeeeeeeee
abccccccccccccccccccccc
eeeeeeeeeeeeeeeeeeeeeeeeeeee
abccccccccccccccccccccc
eeeeeeeeeeeeeeeeeeeeeeeeeeeeabccccccccccccccccccccc
eeeeeeeeeeeeeeeeeeeeeeeeeeeeabccccccccccccccccccccc
eeeeeeeeeeeeeeeeeeeeeeeeeeeeabccccccccccccccccccccc
eeeeeeeeeeeeeeeeeeeeeeeeeeeeabccccccccccccccccccccc
eeeeeeeeeeeeeeeeeeeeeeeeeeeeabccccccccccccccccccccc
eeeeeeeeeeeeeeeeeeeeeeeeeeeeabccccccccccccccccccccc
eeeeeeeeeeeeeeeeeeeeeeeeeeeeabccccccccccccccccccccc
eeeeeeeeeeeeeeeeeeeeeeeeeeeeabccccccccccccccccccccc
eeeeeeeeeeeeeeeeeeeeeeeeeeeeabccccccccccccccccccccc
eeeeeeeeeeeeeeeeeeeeeeeeeeeeabccccccccccccccccccccc
eeeeeeeeeeeeeeeeeeeeeeeeeeeeabccccccccccccccccccccc
eeeeeeeeeeeeeeeeeeeeeeeeeeeeabcccccccccccccccccccccabccccccccccccccccccccc
eeeeeeeeeeeeeeeeeeeeeeeeeeee
abccccccccccccccccccccc
eeeeeeeeeeeeeeeeeeeeeeeeeeee
abccccccccccccccccccccc
eeeeeeeeeeeeeeeeeeeeeeeeeeeeabccccccccccccccccccccc
eeeeeeeeeeeeeeeeeeeeeeeeeeeeabccccccccccccccccccccc
eeeeeeeeeeeeeeeeeeeeeeeeeeeeabccccccccccccccccccccc
eeeeeeeeeeeeeeeeeeeeeeeeeeeeabccccccccccccccccccccc
eeeeeeeeeeeeeeeeeeeeeeeeeeeeabccccccccccccccccccccc
eeeeeeeeeeeeeeeeeeeeeeeeeeeeabccccccccccccccccccccc
eeeeeeeeeeeeeeeeeeeeeeeeeeeeabccccccccccccccccccccc
eeeeeeeeeeeeeeeeeeeeeeeeeeeeabccccccccccccccccccccc
eeeeeeeeeeeeeeeeeeeeeeeeeeeeabccccccccccccccccccccc
eeeeeeeeeeeeeeeeeeeeeeeeeeeeabccccccccccccccccccccc
eeeeeeeeeeeeeeeeeeeeeeeeeeeeabccccccccccccccccccccc
eeeeeeeeeeeeeeeeeeeeeeeeeeeeabcccccccccccccccccccccabccccccccccccccccccccc
eeeeeeeeeeeeeeeeeeeeeeeeeeee
abccccccccccccccccccccc
eeeeeeeeeeeeeeeeeeeeeeeeeeee
abccccccccccccccccccccc
eeeeeeeeeeeeeeeeeeeeeeeeeeeeabccccccccccccccccccccc
eeeeeeeeeeeeeeeeeeeeeeeeeeeeabccccccccccccccccccccc
eeeeeeeeeeeeeeeeeeeeeeeeeeeeabccccccccccccccccccccc
eeeeeeeeeeeeeeeeeeeeeeeeeeeeabccccccccccccccccccccc
eeeeeeeeeeeeeeeeeeeeeeeeeeeeabccccccccccccccccccccc
eeeeeeeeeeeeeeeeeeeeeeeeeeeeabccccccccccccccccccccc
eeeeeeeeeeeeeeeeeeeeeeeeeeeeabccccccccccccccccccccc
eeeeeeeeeeeeeeeeeeeeeeeeeeeeabccccccccccccccccccccc
eeeeeeeeeeeeeeeeeeeeeeeeeeeeabccccccccccccccccccccc
eeeeeeeeeeeeeeeeeeeeeeeeeeeeabccccccccccccccccccccc
eeeeeeeeeeeeeeeeeeeeeeeeeeeeabccccccccccccccccccccc
eeeeeeeeeeeeeeeeeeeeeeeeeeeeabcccccccccccccccccccccabccccccccccccccccccccc
eeeeeeeeeeeeeeeeeeeeeeeeeeee
abccccccccccccccccccccc
eeeeeeeeeeeeeeeeeeeeeeeeeeee
abccccccccccccccccccccc
eeeeeeeeeeeeeeeeeeeeeeeeeeeeabccccccccccccccccccccc
eeeeeeeeeeeeeeeeeeeeeeeeeeeeabccccccccccccccccccccc
eeeeeeeeeeeeeeeeeeeeeeeeeeeeabccccccccccccccccccccc
eeeeeeeeeeeeeeeeeeeeeeeeeeeeabccccccccccccccccccccc
eeeeeeeeeeeeeeeeeeeeeeeeeeeeabccccccccccccccccccccc
eeeeeeeeeeeeeeeeeeeeeeeeeeeeabccccccccccccccccccccc
eeeeeeeeeeeeeeeeeeeeeeeeeeeeabccccccccccccccccccccc
eeeeeeeeeeeeeeeeeeeeeeeeeeeeabccccccccccccccccccccc
eeeeeeeeeeeeeeeeeeeeeeeeeeeeabccccccccccccccccccccc
eeeeeeeeeeeeeeeeeeeeeeeeeeeeabccccccccccccccccccccc
eeeeeeeeeeeeeeeeeeeeeeeeeeeeabccccccccccccccccccccc
eeeeeeeeeeeeeeeeeeeeeeeeeeeeabcccccccccccccccccccccabccccccccccccccccccccc
eeeeeeeeeeeeeeeeeeeeeeeeeeee
abccccccccccccccccccccc
eeeeeeeeeeeeeeeeeeeeeeeeeeee
abccccccccccccccccccccc
eeeeeeeeeeeeeeeeeeeeeeeeeeeeabccccccccccccccccccccc
eeeeeeeeeeeeeeeeeeeeeeeeeeeeabccccccccccccccccccccc
eeeeeeeeeeeeeeeeeeeeeeeeeeeeabccccccccccccccccccccc
eeeeeeeeeeeeeeeeeeeeeeeeeeeeabccccccccccccccccccccc
eeeeeeeeeeeeeeeeeeeeeeeeeeeeabccccccccccccccccccccc
eeeeeeeeeeeeeeeeeeeeeeeeeeeeabccccccccccccccccccccc
eeeeeeeeeeeeeeeeeeeeeeeeeeeeabccccccccccccccccccccc
eeeeeeeeeeeeeeeeeeeeeeeeeeeeabccccccccccccccccccccc
eeeeeeeeeeeeeeeeeeeeeeeeeeeeabccccccccccccccccccccc
eeeeeeeeeeeeeeeeeeeeeeeeeeeeabccccccccccccccccccccc
eeeeeeeeeeeeeeeeeeeeeeeeeeeeabccccccccccccccccccccc
eeeeeeeeeeeeeeeeeeeeeeeeeeeeabcccccccccccccccccccccabccccccccccccccccccccc
eeeeeeeeeeeeeeeeeeeeeeeeeeee
abccccccccccccccccccccc
eeeeeeeeeeeeeeeeeeeeeeeeeeee
abccccccccccccccccccccc
eeeeeeeeeeeeeeeeeeeeeeeeeeeeabccccccccccccccccccccc
eeeeeeeeeeeeeeeeeeeeeeeeeeeeabccccccccccccccccccccc
eeeeeeeeeeeeeeeeeeeeeeeeeeeeabccccccccccccccccccccc
eeeeeeeeeeeeeeeeeeeeeeeeeeeeabccccccccccccccccccccc
eeeeeeeeeeeeeeeeeeeeeeeeeeeeabccccccccccccccccccccc
eeeeeeeeeeeeeeeeeeeeeeeeeeeeabccccccccccccccccccccc
eeeeeeeeeeeeeeeeeeeeeeeeeeeeabccccccccccccccccccccc
eeeeeeeeeeeeeeeeeeeeeeeeeeeeabccccccccccccccccccccc
eeeeeeeeeeeeeeeeeeeeeeeeeeeeabccccccccccccccccccccc
eeeeeeeeeeeeeeeeeeeeeeeeeeeeabccccccccccccccccccccc
eeeeeeeeeeeeeeeeeeeeeeeeeeeeabccccccccccccccccccccc
eeeeeeeeeeeeeeeeeeeeeeeeeeeeabcccccccccccccccccccccabccccccccccccccccccccc
eeeeeeeeeeeeeeeeeeeeeeeeeeee
abccccccccccccccccccccc
eeeeeeeeeeeeeeeeeeeeeeeeeeee
abccccccccccccccccccccc
eeeeeeeeeeeeeeeeeeeeeeeeeeeeabccccccccccccccccccccc
eeeeeeeeeeeeeeeeeeeeeeeeeeeeabccccccccccccccccccccc
eeeeeeeeeeeeeeeeeeeeeeeeeeeeabccccccccccccccccccccc
eeeeeeeeeeeeeeeeeeeeeeeeeeeeabccccccccccccccccccccc
eeeeeeeeeeeeeeeeeeeeeeeeeeeeabccccccccccccccccccccc
eeeeeeeeeeeeeeeeeeeeeeeeeeeeabccccccccccccccccccccc
eeeeeeeeeeeeeeeeeeeeeeeeeeeeabccccccccccccccccccccc
eeeeeeeeeeeeeeeeeeeeeeeeeeeeabccccccccccccccccccccc
eeeeeeeeeeeeeeeeeeeeeeeeeeeeabccccccccccccccccccccc
eeeeeeeeeeeeeeeeeeeeeeeeeeeeabccccccccccccccccccccc
eeeeeeeeeeeeeeeeeeeeeeeeeeeeabccccccccccccccccccccc
eeeeeeeeeeeeeeeeeeeeeeeeeeeeabcccccccccccccccccccccabccccccccccccccccccccc
eeeeeeeeeeeeeeeeeeeeeeeeeeee
abccccccccccccccccccccc
eeeeeeeeeeeeeeeeeeeeeeeeeeee
abccccccccccccccccccccc
eeeeeeeeeeeeeeeeeeeeeeeeeeeeabccccccccccccccccccccc
eeeeeeeeeeeeeeeeeeeeeeeeeeeeabccccccccccccccccccccc
eeeeeeeeeeeeeeeeeeeeeeeeeeeeabccccccccccccccccccccc
eeeeeeeeeeeeeeeeeeeeeeeeeeeeabccccccccccccccccccccc
eeeeeeeeeeeeeeeeeeeeeeeeeeeeabccccccccccccccccccccc
eeeeeeeeeeeeeeeeeeeeeeeeeeeeabccccccccccccccccccccc
eeeeeeeeeeeeeeeeeeeeeeeeeeeeabccccccccccccccccccccc
eeeeeeeeeeeeeeeeeeeeeeeeeeeeabccccccccccccccccccccc
eeeeeeeeeeeeeeeeeeeeeeeeeeeeabccccccccccccccccccccc
eeeeeeeeeeeeeeeeeeeeeeeeeeeeabccccccccccccccccccccc
eeeeeeeeeeeeeeeeeeeeeeeeeeeeabccccccccccccccccccccc
eeeeeeeeeeeeeeeeeeeeeeeeeeeeabcccccccccccccccccccccabccccccccccccccccccccc
eeeeeeeeeeeeeeeeeeeeeeeeeeee
abccccccccccccccccccccc
eeeeeeeeeeeeeeeeeeeeeeeeeeee
abccccccccccccccccccccc
eeeeeeeeeeeeeeeeeeeeeeeeeeeeabccccccccccccccccccccc
eeeeeeeeeeeeeeeeeeeeeeeeeeeeabccccccccccccccccccccc
eeeeeeeeeeeeeeeeeeeeeeeeeeeeabccccccccccccccccccccc
eeeeeeeeeeeeeeeeeeeeeeeeeeeeabccccccccccccccccccccc
eeeeeeeeeeeeeeeeeeeeeeeeeeeeabccccccccccccccccccccc
eeeeeeeeeeeeeeeeeeeeeeeeeeeeabccccccccccccccccccccc
eeeeeeeeeeeeeeeeeeeeeeeeeeeeabccccccccccccccccccccc
eeeeeeeeeeeeeeeeeeeeeeeeeeeeabccccccccccccccccccccc
eeeeeeeeeeeeeeeeeeeeeeeeeeeeabccccccccccccccccccccc
eeeeeeeeeeeeeeeeeeeeeeeeeeeeabccccccccccccccccccccc
eeeeeeeeeeeeeeeeeeeeeeeeeeeeabccccccccccccccccccccc
eeeeeeeeeeeeeeeeeeeeeeeeeeeeabcccccccccccccccccccccabccccccccccccccccccccc
eeeeeeeeeeeeeeeeeeeeeeeeeeee
abccccccccccccccccccccc
eeeeeeeeeeeeeeeeeeeeeeeeeeee
abccccccccccccccccccccc
eeeeeeeeeeeeeeeeeeeeeeeeeeeeabccccccccccccccccccccc
eeeeeeeeeeeeeeeeeeeeeeeeeeeeabccccccccccccccccccccc
eeeeeeeeeeeeeeeeeeeeeeeeeeeeabccccccccccccccccccccc
eeeeeeeeeeeeeeeeeeeeeeeeeeeeabccccccccccccccccccccc
eeeeeeeeeeeeeeeeeeeeeeeeeeeeabccccccccccccccccccccc
eeeeeeeeeeeeeeeeeeeeeeeeeeeeabccccccccccccccccccccc
eeeeeeeeeeeeeeeeeeeeeeeeeeeeabccccccccccccccccccccc
eeeeeeeeeeeeeeeeeeeeeeeeeeeeabccccccccccccccccccccc
eeeeeeeeeeeeeeeeeeeeeeeeeeeeabccccccccccccccccccccc
eeeeeeeeeeeeeeeeeeeeeeeeeeeeabccccccccccccccccccccc
eeeeeeeeeeeeeeeeeeeeeeeeeeeeabccccccccccccccccccccc
eeeeeeeeeeeeeeeeeeeeeeeeeeeeabcccccccccccccccccccccabccccccccccccccccccccc
eeeeeeeeeeeeeeeeeeeeeeeeeeee
abccccccccccccccccccccc
eeeeeeeeeeeeeeeeeeeeeeeeeeee
abccccccccccccccccccccc
eeeeeeeeeeeeeeeeeeeeeeeeeeeeabccccccccccccccccccccc
eeeeeeeeeeeeeeeeeeeeeeeeeeeeabccccccccccccccccccccc
eeeeeeeeeeeeeeeeeeeeeeeeeeeeabccccccccccccccccccccc
eeeeeeeeeeeeeeeeeeeeeeeeeeeeabccccccccccccccccccccc
eeeeeeeeeeeeeeeeeeeeeeeeeeeeabccccccccccccccccccccc
eeeeeeeeeeeeeeeeeeeeeeeeeeeeabccccccccccccccccccccc
eeeeeeeeeeeeeeeeeeeeeeeeeeeeabccccccccccccccccccccc
eeeeeeeeeeeeeeeeeeeeeeeeeeeeabccccccccccccccccccccc
eeeeeeeeeeeeeeeeeeeeeeeeeeeeabccccccccccccccccccccc
eeeeeeeeeeeeeeeeeeeeeeeeeeeeabccccccccccccccccccccc
eeeeeeeeeeeeeeeeeeeeeeeeeeeeabccccccccccccccccccccc
eeeeeeeeeeeeeeeeeeeeeeeeeeeeabcccccccccccccccccccccabccccccccccccccccccccc
eeeeeeeeeeeeeeeeeeeeeeeeeeee
abccccccccccccccccccccc
eeeeeeeeeeeeeeeeeeeeeeeeeeee
abccccccccccccccccccccc
eeeeeeeeeeeeeeeeeeeeeeeeeeeeabccccccccccccccccccccc
eeeeeeeeeeeeeeeeeeeeeeeeeeeeabccccccccccccccccccccc
eeeeeeeeeeeeeeeeeeeeeeeeeeeeabccccccccccccccccccccc
eeeeeeeeeeeeeeeeeeeeeeeeeeeeabccccccccccccccccccccc
eeeeeeeeeeeeeeeeeeeeeeeeeeeeabccccccccccccccccccccc
eeeeeeeeeeeeeeeeeeeeeeeeeeeeabccccccccccccccccccccc
eeeeeeeeeeeeeeeeeeeeeeeeeeeeabccccccccccccccccccccc
eeeeeeeeeeeeeeeeeeeeeeeeeeeeabccccccccccccccccccccc
eeeeeeeeeeeeeeeeeeeeeeeeeeeeabccccccccccccccccccccc
eeeeeeeeeeeeeeeeeeeeeeeeeeeeabccccccccccccccccccccc
eeeeeeeeeeeeeeeeeeeeeeeeeeeeabccccccccccccccccccccc
eeeeeeeeeeeeeeeeeeeeeeeeeeeeabcccccccccccccccccccccabccccccccccccccccccccc
eeeeeeeeeeeeeeeeeeeeeeeeeeee
abccccccccccccccccccccc
eeeeeeeeeeeeeeeeeeeeeeeeeeee
abccccccccccccccccccccc
eeeeeeeeeeeeeeeeeeeeeeeeeeeeabccccccccccccccccccccc
eeeeeeeeeeeeeeeeeeeeeeeeeeeeabccccccccccccccccccccc
eeeeeeeeeeeeeeeeeeeeeeeeeeeeabccccccccccccccccccccc
eeeeeeeeeeeeeeeeeeeeeeeeeeeeabccccccccccccccccccccc
eeeeeeeeeeeeeeeeeeeeeeeeeeeeabccccccccccccccccccccc
eeeeeeeeeeeeeeeeeeeeeeeeeeeeabccccccccccccccccccccc
eeeeeeeeeeeeeeeeeeeeeeeeeeeeabccccccccccccccccccccc
eeeeeeeeeeeeeeeeeeeeeeeeeeeeabccccccccccccccccccccc
eeeeeeeeeeeeeeeeeeeeeeeeeeeeabccccccccccccccccccccc
eeeeeeeeeeeeeeeeeeeeeeeeeeeeabccccccccccccccccccccc
eeeeeeeeeeeeeeeeeeeeeeeeeeeeabccccccccccccccccccccc
eeeeeeeeeeeeeeeeeeeeeeeeeeeeabcccccccccccccccccccccabccccccccccccccccccccc
eeeeeeeeeeeeeeeeeeeeeeeeeeee
abccccccccccccccccccccc
eeeeeeeeeeeeeeeeeeeeeeeeeeee
abccccccccccccccccccccc
eeeeeeeeeeeeeeeeeeeeeeeeeeeeabccccccccccccccccccccc
eeeeeeeeeeeeeeeeeeeeeeeeeeeeabccccccccccccccccccccc
eeeeeeeeeeeeeeeeeeeeeeeeeeeeabccccccccccccccccccccc
eeeeeeeeeeeeeeeeeeeeeeeeeeeeabccccccccccccccccccccc
eeeeeeeeeeeeeeeeeeeeeeeeeeeeabccccccccccccccccccccc
eeeeeeeeeeeeeeeeeeeeeeeeeeeeabccccccccccccccccccccc
eeeeeeeeeeeeeeeeeeeeeeeeeeeeabccccccccccccccccccccc
eeeeeeeeeeeeeeeeeeeeeeeeeeeeabccccccccccccccccccccc
eeeeeeeeeeeeeeeeeeeeeeeeeeeeabccccccccccccccccccccc
eeeeeeeeeeeeeeeeeeeeeeeeeeeeabccccccccccccccccccccc
eeeeeeeeeeeeeeeeeeeeeeeeeeeeabccccccccccccccccccccc
eeeeeeeeeeeeeeeeeeeeeeeeeeeeabcccccccccccccccccccccabccccccccccccccccccccc
eeeeeeeeeeeeeeeeeeeeeeeeeeee
abccccccccccccccccccccc
eeeeeeeeeeeeeeeeeeeeeeeeeeee
abccccccccccccccccccccc
eeeeeeeeeeeeeeeeeeeeeeeeeeeeabccccccccccccccccccccc
eeeeeeeeeeeeeeeeeeeeeeeeeeeeabccccccccccccccccccccc
eeeeeeeeeeeeeeeeeeeeeeeeeeeeabccccccccccccccccccccc
eeeeeeeeeeeeeeeeeeeeeeeeeeeeabccccccccccccccccccccc
eeeeeeeeeeeeeeeeeeeeeeeeeeeeabccccccccccccccccccccc
eeeeeeeeeeeeeeeeeeeeeeeeeeeeabccccccccccccccccccccc
eeeeeeeeeeeeeeeeeeeeeeeeeeeeabccccccccccccccccccccc
eeeeeeeeeeeeeeeeeeeeeeeeeeeeabccccccccccccccccccccc
eeeeeeeeeeeeeeeeeeeeeeeeeeeeabccccccccccccccccccccc
eeeeeeeeeeeeeeeeeeeeeeeeeeeeabccccccccccccccccccccc
eeeeeeeeeeeeeeeeeeeeeeeeeeeeabccccccccccccccccccccc
eeeeeeeeeeeeeeeeeeeeeeeeeeeeabcccccccccccccccccccccabccccccccccccccccccccc
eeeeeeeeeeeeeeeeeeeeeeeeeeee
abccccccccccccccccccccc
eeeeeeeeeeeeeeeeeeeeeeeeeeee
abccccccccccccccccccccc
eeeeeeeeeeeeeeeeeeeeeeeeeeeeabccccccccccccccccccccc
eeeeeeeeeeeeeeeeeeeeeeeeeeeeabccccccccccccccccccccc
eeeeeeeeeeeeeeeeeeeeeeeeeeeeabccccccccccccccccccccc
eeeeeeeeeeeeeeeeeeeeeeeeeeeeabccccccccccccccccccccc
eeeeeeeeeeeeeeeeeeeeeeeeeeeeabccccccccccccccccccccc
eeeeeeeeeeeeeeeeeeeeeeeeeeeeabccccccccccccccccccccc
eeeeeeeeeeeeeeeeeeeeeeeeeeeeabccccccccccccccccccccc
eeeeeeeeeeeeeeeeeeeeeeeeeeeeabccccccccccccccccccccc
eeeeeeeeeeeeeeeeeeeeeeeeeeeeabccccccccccccccccccccc
eeeeeeeeeeeeeeeeeeeeeeeeeeeeabccccccccccccccccccccc
eeeeeeeeeeeeeeeeeeeeeeeeeeeeabccccccccccccccccccccc
eeeeeeeeeeeeeeeeeeeeeeeeeeeeabcccccccccccccccccccccabccccccccccccccccccccc
eeeeeeeeeeeeeeeeeeeeeeeeeeee
abccccccccccccccccccccc
eeeeeeeeeeeeeeeeeeeeeeeeeeee
abccccccccccccccccccccc
eeeeeeeeeeeeeeeeeeeeeeeeeeeeabccccccccccccccccccccc
eeeeeeeeeeeeeeeeeeeeeeeeeeeeabccccccccccccccccccccc
eeeeeeeeeeeeeeeeeeeeeeeeeeeeabccccccccccccccccccccc
eeeeeeeeeeeeeeeeeeeeeeeeeeeeabccccccccccccccccccccc
eeeeeeeeeeeeeeeeeeeeeeeeeeeeabccccccccccccccccccccc
eeeeeeeeeeeeeeeeeeeeeeeeeeeeabccccccccccccccccccccc
eeeeeeeeeeeeeeeeeeeeeeeeeeeeabccccccccccccccccccccc
eeeeeeeeeeeeeeeeeeeeeeeeeeeeabccccccccccccccccccccc
eeeeeeeeeeeeeeeeeeeeeeeeeeeeabccccccccccccccccccccc
eeeeeeeeeeeeeeeeeeeeeeeeeeeeabccccccccccccccccccccc
eeeeeeeeeeeeeeeeeeeeeeeeeeeeabccccccccccccccccccccc
eeeeeeeeeeeeeeeeeeeeeeeeeeeeabcccccccccccccccccccccabccccccccccccccccccccc
eeeeeeeeeeeeeeeeeeeeeeeeeeee
abccccccccccccccccccccc
eeeeeeeeeeeeeeeeeeeeeeeeeeee
abccccccccccccccccccccc
eeeeeeeeeeeeeeeeeeeeeeeeeeeeabccccccccccccccccccccc
eeeeeeeeeeeeeeeeeeeeeeeeeeeeabccccccccccccccccccccc
eeeeeeeeeeeeeeeeeeeeeeeeeeeeabccccccccccccccccccccc
eeeeeeeeeeeeeeeeeeeeeeeeeeeeabccccccccccccccccccccc
eeeeeeeeeeeeeeeeeeeeeeeeeeeeabccccccccccccccccccccc
eeeeeeeeeeeeeeeeeeeeeeeeeeeeabccccccccccccccccccccc
eeeeeeeeeeeeeeeeeeeeeeeeeeeeabccccccccccccccccccccc
eeeeeeeeeeeeeeeeeeeeeeeeeeeeabccccccccccccccccccccc
eeeeeeeeeeeeeeeeeeeeeeeeeeeeabccccccccccccccccccccc
eeeeeeeeeeeeeeeeeeeeeeeeeeeeabccccccccccccccccccccc
eeeeeeeeeeeeeeeeeeeeeeeeeeeeabccccccccccccccccccccc
eeeeeeeeeeeeeeeeeeeeeeeeeeeeabcccccccccccccccccccccabccccccccccccccccccccc
eeeeeeeeeeeeeeeeeeeeeeeeeeee
abccccccccccccccccccccc
eeeeeeeeeeeeeeeeeeeeeeeeeeee
abccccccccccccccccccccc
eeeeeeeeeeeeeeeeeeeeeeeeeeeeabccccccccccccccccccccc
eeeeeeeeeeeeeeeeeeeeeeeeeeeeabccccccccccccccccccccc
eeeeeeeeeeeeeeeeeeeeeeeeeeeeabccccccccccccccccccccc
eeeeeeeeeeeeeeeeeeeeeeeeeeeeabccccccccccccccccccccc
eeeeeeeeeeeeeeeeeeeeeeeeeeeeabccccccccccccccccccccc
eeeeeeeeeeeeeeeeeeeeeeeeeeeeabccccccccccccccccccccc
eeeeeeeeeeeeeeeeeeeeeeeeeeeeabccccccccccccccccccccc
eeeeeeeeeeeeeeeeeeeeeeeeeeeeabccccccccccccccccccccc
eeeeeeeeeeeeeeeeeeeeeeeeeeeeabccccccccccccccccccccc
eeeeeeeeeeeeeeeeeeeeeeeeeeeeabccccccccccccccccccccc
eeeeeeeeeeeeeeeeeeeeeeeeeeeeabccccccccccccccccccccc
eeeeeeeeeeeeeeeeeeeeeeeeeeeeabcccccccccccccccccccccabccccccccccccccccccccc
eeeeeeeeeeeeeeeeeeeeeeeeeeee
abccccccccccccccccccccc
eeeeeeeeeeeeeeeeeeeeeeeeeeee
abccccccccccccccccccccc
eeeeeeeeeeeeeeeeeeeeeeeeeeeeabccccccccccccccccccccc
eeeeeeeeeeeeeeeeeeeeeeeeeeeeabccccccccccccccccccccc
eeeeeeeeeeeeeeeeeeeeeeeeeeeeabccccccccccccccccccccc
eeeeeeeeeeeeeeeeeeeeeeeeeeeeabccccccccccccccccccccc
eeeeeeeeeeeeeeeeeeeeeeeeeeeeabccccccccccccccccccccc
eeeeeeeeeeeeeeeeeeeeeeeeeeeeabccccccccccccccccccccc
eeeeeeeeeeeeeeeeeeeeeeeeeeeeabccccccccccccccccccccc
eeeeeeeeeeeeeeeeeeeeeeeeeeeeabccccccccccccccccccccc
eeeeeeeeeeeeeeeeeeeeeeeeeeeeabccccccccccccccccccccc
eeeeeeeeeeeeeeeeeeeeeeeeeeeeabccccccccccccccccccccc
eeeeeeeeeeeeeeeeeeeeeeeeeeeeabccccccccccccccccccccc
eeeeeeeeeeeeeeeeeeeeeeeeeeeeabcccccccccccccccccccccabccccccccccccccccccccc
eeeeeeeeeeeeeeeeeeeeeeeeeeee
abccccccccccccccccccccc
eeeeeeeeeeeeeeeeeeeeeeeeeeee
abccccccccccccccccccccc
eeeeeeeeeeeeeeeeeeeeeeeeeeeeabccccccccccccccccccccc
eeeeeeeeeeeeeeeeeeeeeeeeeeeeabccccccccccccccccccccc
eeeeeeeeeeeeeeeeeeeeeeeeeeeeabccccccccccccccccccccc
eeeeeeeeeeeeeeeeeeeeeeeeeeeeabccccccccccccccccccccc
eeeeeeeeeeeeeeeeeeeeeeeeeeeeabccccccccccccccccccccc
eeeeeeeeeeeeeeeeeeeeeeeeeeeeabccccccccccccccccccccc
eeeeeeeeeeeeeeeeeeeeeeeeeeeeabccccccccccccccccccccc
eeeeeeeeeeeeeeeeeeeeeeeeeeeeabccccccccccccccccccccc
eeeeeeeeeeeeeeeeeeeeeeeeeeeeabccccccccccccccccccccc
eeeeeeeeeeeeeeeeeeeeeeeeeeeeabccccccccccccccccccccc
eeeeeeeeeeeeeeeeeeeeeeeeeeeeabccccccccccccccccccccc
eeeeeeeeeeeeeeeeeeeeeeeeeeeeabcccccccccccccccccccccabccccccccccccccccccccc
eeeeeeeeeeeeeeeeeeeeeeeeeeee
abccccccccccccccccccccc
eeeeeeeeeeeeeeeeeeeeeeeeeeee
abccccccccccccccccccccc
eeeeeeeeeeeeeeeeeeeeeeeeeeeeabccccccccccccccccccccc
eeeeeeeeeeeeeeeeeeeeeeeeeeeeabccccccccccccccccccccc
eeeeeeeeeeeeeeeeeeeeeeeeeeeeabccccccccccccccccccccc
eeeeeeeeeeeeeeeeeeeeeeeeeeeeabccccccccccccccccccccc
eeeeeeeeeeeeeeeeeeeeeeeeeeeeabccccccccccccccccccccc
eeeeeeeeeeeeeeeeeeeeeeeeeeeeabccccccccccccccccccccc
eeeeeeeeeeeeeeeeeeeeeeeeeeeeabccccccccccccccccccccc
eeeeeeeeeeeeeeeeeeeeeeeeeeeeabccccccccccccccccccccc
eeeeeeeeeeeeeeeeeeeeeeeeeeeeabccccccccccccccccccccc
eeeeeeeeeeeeeeeeeeeeeeeeeeeeabccccccccccccccccccccc
eeeeeeeeeeeeeeeeeeeeeeeeeeeeabccccccccccccccccccccc
eeeeeeeeeeeeeeeeeeeeeeeeeeeeabcccccccccccccccccccccabccccccccccccccccccccc
eeeeeeeeeeeeeeeeeeeeeeeeeeee
abccccccccccccccccccccc
eeeeeeeeeeeeeeeeeeeeeeeeeeee
abccccccccccccccccccccc
eeeeeeeeeeeeeeeeeeeeeeeeeeeeabccccccccccccccccccccc
eeeeeeeeeeeeeeeeeeeeeeeeeeeeabccccccccccccccccccccc
eeeeeeeeeeeeeeeeeeeeeeeeeeeeabccccccccccccccccccccc
eeeeeeeeeeeeeeeeeeeeeeeeeeeeabccccccccccccccccccccc
eeeeeeeeeeeeeeeeeeeeeeeeeeeeabccccccccccccccccccccc
eeeeeeeeeeeeeeeeeeeeeeeeeeeeabccccccccccccccccccccc
eeeeeeeeeeeeeeeeeeeeeeeeeeeeabccccccccccccccccccccc
eeeeeeeeeeeeeeeeeeeeeeeeeeeeabccccccccccccccccccccc
eeeeeeeeeeeeeeeeeeeeeeeeeeeeabccccccccccccccccccccc
eeeeeeeeeeeeeeeeeeeeeeeeeeeeabccccccccccccccccccccc
eeeeeeeeeeeeeeeeeeeeeeeeeeeeabccccccccccccccccccccc
eeeeeeeeeeeeeeeeeeeeeeeeeeeeabcccccccccccccccccccccabccccccccccccccccccccc
eeeeeeeeeeeeeeeeeeeeeeeeeeee
abccccccccccccccccccccc
eeeeeeeeeeeeeeeeeeeeeeeeeeee
abccccccccccccccccccccc
eeeeeeeeeeeeeeeeeeeeeeeeeeeeabccccccccccccccccccccc
eeeeeeeeeeeeeeeeeeeeeeeeeeeeabccccccccccccccccccccc
eeeeeeeeeeeeeeeeeeeeeeeeeeeeabccccccccccccccccccccc
eeeeeeeeeeeeeeeeeeeeeeeeeeeeabccccccccccccccccccccc
eeeeeeeeeeeeeeeeeeeeeeeeeeeeabccccccccccccccccccccc
eeeeeeeeeeeeeeeeeeeeeeeeeeeeabccccccccccccccccccccc
eeeeeeeeeeeeeeeeeeeeeeeeeeeeabccccccccccccccccccccc
eeeeeeeeeeeeeeeeeeeeeeeeeeeeabccccccccccccccccccccc
eeeeeeeeeeeeeeeeeeeeeeeeeeeeabccccccccccccccccccccc
eeeeeeeeeeeeeeeeeeeeeeeeeeeeabccccccccccccccccccccc
eeeeeeeeeeeeeeeeeeeeeeeeeeeeabccccccccccccccccccccc
eeeeeeeeeeeeeeeeeeeeeeeeeeeeabcccccccccccccccccccccabccccccccccccccccccccc
eeeeeeeeeeeeeeeeeeeeeeeeeeee
abccccccccccccccccccccc
eeeeeeeeeeeeeeeeeeeeeeeeeeee
abccccccccccccccccccccc
eeeeeeeeeeeeeeeeeeeeeeeeeeeeabccccccccccccccccccccc
eeeeeeeeeeeeeeeeeeeeeeeeeeeeabccccccccccccccccccccc
eeeeeeeeeeeeeeeeeeeeeeeeeeeeabccccccccccccccccccccc
eeeeeeeeeeeeeeeeeeeeeeeeeeeeabccccccccccccccccccccc
eeeeeeeeeeeeeeeeeeeeeeeeeeeeabccccccccccccccccccccc
eeeeeeeeeeeeeeeeeeeeeeeeeeeeabccccccccccccccccccccc
eeeeeeeeeeeeeeeeeeeeeeeeeeeeabccccccccccccccccccccc
eeeeeeeeeeeeeeeeeeeeeeeeeeeeabccccccccccccccccccccc
eeeeeeeeeeeeeeeeeeeeeeeeeeeeabccccccccccccccccccccc
eeeeeeeeeeeeeeeeeeeeeeeeeeeeabccccccccccccccccccccc
eeeeeeeeeeeeeeeeeeeeeeeeeeeeabccccccccccccccccccccc
eeeeeeeeeeeeeeeeeeeeeeeeeeeeabcccccccccccccccccccccabccccccccccccccccccccc
eeeeeeeeeeeeeeeeeeeeeeeeeeee
abccccccccccccccccccccc
eeeeeeeeeeeeeeeeeeeeeeeeeeee
abccccccccccccccccccccc
eeeeeeeeeeeeeeeeeeeeeeeeeeeeabccccccccccccccccccccc
eeeeeeeeeeeeeeeeeeeeeeeeeeeeabccccccccccccccccccccc
eeeeeeeeeeeeeeeeeeeeeeeeeeeeabccccccccccccccccccccc
eeeeeeeeeeeeeeeeeeeeeeeeeeeeabccccccccccccccccccccc
eeeeeeeeeeeeeeeeeeeeeeeeeeeeabccccccccccccccccccccc
eeeeeeeeeeeeeeeeeeeeeeeeeeeeabccccccccccccccccccccc
eeeeeeeeeeeeeeeeeeeeeeeeeeeeabccccccccccccccccccccc
eeeeeeeeeeeeeeeeeeeeeeeeeeeeabccccccccccccccccccccc
eeeeeeeeeeeeeeeeeeeeeeeeeeeeabccccccccccccccccccccc
eeeeeeeeeeeeeeeeeeeeeeeeeeeeabccccccccccccccccccccc
eeeeeeeeeeeeeeeeeeeeeeeeeeeeabccccccccccccccccccccc
eeeeeeeeeeeeeeeeeeeeeeeeeeeeabcccccccccccccccccccccabccccccccccccccccccccc
eeeeeeeeeeeeeeeeeeeeeeeeeeee
abccccccccccccccccccccc
eeeeeeeeeeeeeeeeeeeeeeeeeeee
abccccccccccccccccccccc
eeeeeeeeeeeeeeeeeeeeeeeeeeeeabccccccccccccccccccccc
eeeeeeeeeeeeeeeeeeeeeeeeeeeeabccccccccccccccccccccc
eeeeeeeeeeeeeeeeeeeeeeeeeeeeabccccccccccccccccccccc
eeeeeeeeeeeeeeeeeeeeeeeeeeeeabccccccccccccccccccccc
eeeeeeeeeeeeeeeeeeeeeeeeeeeeabccccccccccccccccccccc
eeeeeeeeeeeeeeeeeeeeeeeeeeeeabccccccccccccccccccccc
eeeeeeeeeeeeeeeeeeeeeeeeeeeeabccccccccccccccccccccc
eeeeeeeeeeeeeeeeeeeeeeeeeeeeabccccccccccccccccccccc
eeeeeeeeeeeeeeeeeeeeeeeeeeeeabccccccccccccccccccccc
eeeeeeeeeeeeeeeeeeeeeeeeeeeeabccccccccccccccccccccc
eeeeeeeeeeeeeeeeeeeeeeeeeeeeabccccccccccccccccccccc
eeeeeeeeeeeeeeeeeeeeeeeeeeeeabcccccccccccccccccccccabccccccccccccccccccccc
eeeeeeeeeeeeeeeeeeeeeeeeeeee
abccccccccccccccccccccc
eeeeeeeeeeeeeeeeeeeeeeeeeeee
abccccccccccccccccccccc
eeeeeeeeeeeeeeeeeeeeeeeeeeeeabccccccccccccccccccccc
eeeeeeeeeeeeeeeeeeeeeeeeeeeeabccccccccccccccccccccc
eeeeeeeeeeeeeeeeeeeeeeeeeeeeabccccccccccccccccccccc
eeeeeeeeeeeeeeeeeeeeeeeeeeeeabccccccccccccccccccccc
eeeeeeeeeeeeeeeeeeeeeeeeeeeeabccccccccccccccccccccc
eeeeeeeeeeeeeeeeeeeeeeeeeeeeabccccccccccccccccccccc
eeeeeeeeeeeeeeeeeeeeeeeeeeeeabccccccccccccccccccccc
eeeeeeeeeeeeeeeeeeeeeeeeeeeeabccccccccccccccccccccc
eeeeeeeeeeeeeeeeeeeeeeeeeeeeabccccccccccccccccccccc
eeeeeeeeeeeeeeeeeeeeeeeeeeeeabccccccccccccccccccccc
eeeeeeeeeeeeeeeeeeeeeeeeeeeeabccccccccccccccccccccc
eeeeeeeeeeeeeeeeeeeeeeeeeeeeabcccccccccccccccccccccabccccccccccccccccccccc
eeeeeeeeeeeeeeeeeeeeeeeeeeee
abccccccccccccccccccccc
eeeeeeeeeeeeeeeeeeeeeeeeeeee
abccccccccccccccccccccc
eeeeeeeeeeeeeeeeeeeeeeeeeeeeabccccccccccccccccccccc
eeeeeeeeeeeeeeeeeeeeeeeeeeeeabccccccccccccccccccccc
eeeeeeeeeeeeeeeeeeeeeeeeeeeeabccccccccccccccccccccc
eeeeeeeeeeeeeeeeeeeeeeeeeeeeabccccccccccccccccccccc
eeeeeeeeeeeeeeeeeeeeeeeeeeeeabccccccccccccccccccccc
eeeeeeeeeeeeeeeeeeeeeeeeeeeeabccccccccccccccccccccc
eeeeeeeeeeeeeeeeeeeeeeeeeeeeabccccccccccccccccccccc
eeeeeeeeeeeeeeeeeeeeeeeeeeeeabccccccccccccccccccccc
eeeeeeeeeeeeeeeeeeeeeeeeeeeeabccccccccccccccccccccc
eeeeeeeeeeeeeeeeeeeeeeeeeeeeabccccccccccccccccccccc
eeeeeeeeeeeeeeeeeeeeeeeeeeeeabccccccccccccccccccccc
eeeeeeeeeeeeeeeeeeeeeeeeeeeeabcccccccccccccccccccccabccccccccccccccccccccc
eeeeeeeeeeeeeeeeeeeeeeeeeeee
abccccccccccccccccccccc
eeeeeeeeeeeeeeeeeeeeeeeeeeee
abccccccccccccccccccccc
eeeeeeeeeeeeeeeeeeeeeeeeeeeeabccccccccccccccccccccc
eeeeeeeeeeeeeeeeeeeeeeeeeeeeabccccccccccccccccccccc
eeeeeeeeeeeeeeeeeeeeeeeeeeeeabccccccccccccccccccccc
eeeeeeeeeeeeeeeeeeeeeeeeeeeeabccccccccccccccccccccc
eeeeeeeeeeeeeeeeeeeeeeeeeeeeabccccccccccccccccccccc
eeeeeeeeeeeeeeeeeeeeeeeeeeeeabccccccccccccccccccccc
eeeeeeeeeeeeeeeeeeeeeeeeeeeeabccccccccccccccccccccc
eeeeeeeeeeeeeeeeeeeeeeeeeeeeabccccccccccccccccccccc
eeeeeeeeeeeeeeeeeeeeeeeeeeeeabccccccccccccccccccccc
eeeeeeeeeeeeeeeeeeeeeeeeeeeeabccccccccccccccccccccc
eeeeeeeeeeeeeeeeeeeeeeeeeeeeabccccccccccccccccccccc
eeeeeeeeeeeeeeeeeeeeeeeeeeeeabcccccccccccccccccccccabccccccccccccccccccccc
eeeeeeeeeeeeeeeeeeeeeeeeeeee
abccccccccccccccccccccc
eeeeeeeeeeeeeeeeeeeeeeeeeeee
abccccccccccccccccccccc
eeeeeeeeeeeeeeeeeeeeeeeeeeeeabccccccccccccccccccccc
eeeeeeeeeeeeeeeeeeeeeeeeeeeeabccccccccccccccccccccc
eeeeeeeeeeeeeeeeeeeeeeeeeeeeabccccccccccccccccccccc
eeeeeeeeeeeeeeeeeeeeeeeeeeeeabccccccccccccccccccccc
eeeeeeeeeeeeeeeeeeeeeeeeeeeeabccccccccccccccccccccc
eeeeeeeeeeeeeeeeeeeeeeeeeeeeabccccccccccccccccccccc
eeeeeeeeeeeeeeeeeeeeeeeeeeeeabccccccccccccccccccccc
eeeeeeeeeeeeeeeeeeeeeeeeeeeeabccccccccccccccccccccc
eeeeeeeeeeeeeeeeeeeeeeeeeeeeabccccccccccccccccccccc
eeeeeeeeeeeeeeeeeeeeeeeeeeeeabccccccccccccccccccccc
eeeeeeeeeeeeeeeeeeeeeeeeeeeeabccccccccccccccccccccc
eeeeeeeeeeeeeeeeeeeeeeeeeeeeabcccccccccccccccccccccabccccccccccccccccccccc
eeeeeeeeeeeeeeeeeeeeeeeeeeee
abccccccccccccccccccccc
eeeeeeeeeeeeeeeeeeeeeeeeeeee
abccccccccccccccccccccc
eeeeeeeeeeeeeeeeeeeeeeeeeeeeabccccccccccccccccccccc
eeeeeeeeeeeeeeeeeeeeeeeeeeeeabccccccccccccccccccccc
eeeeeeeeeeeeeeeeeeeeeeeeeeeeabccccccccccccccccccccc
eeeeeeeeeeeeeeeeeeeeeeeeeeeeabccccccccccccccccccccc
eeeeeeeeeeeeeeeeeeeeeeeeeeeeabccccccccccccccccccccc
eeeeeeeeeeeeeeeeeeeeeeeeeeeeabccccccccccccccccccccc
eeeeeeeeeeeeeeeeeeeeeeeeeeeeabccccccccccccccccccccc
eeeeeeeeeeeeeeeeeeeeeeeeeeeeabccccccccccccccccccccc
eeeeeeeeeeeeeeeeeeeeeeeeeeeeabccccccccccccccccccccc
eeeeeeeeeeeeeeeeeeeeeeeeeeeeabccccccccccccccccccccc
eeeeeeeeeeeeeeeeeeeeeeeeeeeeabccccccccccccccccccccc
eeeeeeeeeeeeeeeeeeeeeeeeeeeeabcccccccccccccccccccccabccccccccccccccccccccc
eeeeeeeeeeeeeeeeeeeeeeeeeeee
abccccccccccccccccccccc
eeeeeeeeeeeeeeeeeeeeeeeeeeee
abccccccccccccccccccccc
eeeeeeeeeeeeeeeeeeeeeeeeeeeeabccccccccccccccccccccc
eeeeeeeeeeeeeeeeeeeeeeeeeeeeabccccccccccccccccccccc
eeeeeeeeeeeeeeeeeeeeeeeeeeeeabccccccccccccccccccccc
eeeeeeeeeeeeeeeeeeeeeeeeeeeeabccccccccccccccccccccc
eeeeeeeeeeeeeeeeeeeeeeeeeeeeabccccccccccccccccccccc
eeeeeeeeeeeeeeeeeeeeeeeeeeeeabccccccccccccccccccccc
eeeeeeeeeeeeeeeeeeeeeeeeeeeeabccccccccccccccccccccc
eeeeeeeeeeeeeeeeeeeeeeeeeeeeabccccccccccccccccccccc
eeeeeeeeeeeeeeeeeeeeeeeeeeeeabccccccccccccccccccccc
eeeeeeeeeeeeeeeeeeeeeeeeeeeeabccccccccccccccccccccc
eeeeeeeeeeeeeeeeeeeeeeeeeeeeabccccccccccccccccccccc
eeeeeeeeeeeeeeeeeeeeeeeeeeeeabcccccccccccccccccccccabccccccccccccccccccccc
eeeeeeeeeeeeeeeeeeeeeeeeeeee
abccccccccccccccccccccc
eeeeeeeeeeeeeeeeeeeeeeeeeeee
abccccccccccccccccccccc
eeeeeeeeeeeeeeeeeeeeeeeeeeeeabccccccccccccccccccccc
eeeeeeeeeeeeeeeeeeeeeeeeeeeeabccccccccccccccccccccc
eeeeeeeeeeeeeeeeeeeeeeeeeeeeabccccccccccccccccccccc
eeeeeeeeeeeeeeeeeeeeeeeeeeeeabccccccccccccccccccccc
eeeeeeeeeeeeeeeeeeeeeeeeeeeeabccccccccccccccccccccc
eeeeeeeeeeeeeeeeeeeeeeeeeeeeabccccccccccccccccccccc
eeeeeeeeeeeeeeeeeeeeeeeeeeeeabccccccccccccccccccccc
eeeeeeeeeeeeeeeeeeeeeeeeeeeeabccccccccccccccccccccc
eeeeeeeeeeeeeeeeeeeeeeeeeeeeabccccccccccccccccccccc
eeeeeeeeeeeeeeeeeeeeeeeeeeeeabccccccccccccccccccccc
eeeeeeeeeeeeeeeeeeeeeeeeeeeeabccccccccccccccccccccc
eeeeeeeeeeeeeeeeeeeeeeeeeeeeabcccccccccccccccccccccabccccccccccccccccccccc
eeeeeeeeeeeeeeeeeeeeeeeeeeee
abccccccccccccccccccccc
eeeeeeeeeeeeeeeeeeeeeeeeeeee
abccccccccccccccccccccc
eeeeeeeeeeeeeeeeeeeeeeeeeeeeabccccccccccccccccccccc
eeeeeeeeeeeeeeeeeeeeeeeeeeeeabccccccccccccccccccccc
eeeeeeeeeeeeeeeeeeeeeeeeeeeeabccccccccccccccccccccc
eeeeeeeeeeeeeeeeeeeeeeeeeeeeabccccccccccccccccccccc
eeeeeeeeeeeeeeeeeeeeeeeeeeeeabccccccccccccccccccccc
eeeeeeeeeeeeeeeeeeeeeeeeeeeeabccccccccccccccccccccc
eeeeeeeeeeeeeeeeeeeeeeeeeeeeabccccccccccccccccccccc
eeeeeeeeeeeeeeeeeeeeeeeeeeeeabccccccccccccccccccccc
eeeeeeeeeeeeeeeeeeeeeeeeeeeeabccccccccccccccccccccc
eeeeeeeeeeeeeeeeeeeeeeeeeeeeabccccccccccccccccccccc
eeeeeeeeeeeeeeeeeeeeeeeeeeeeabccccccccccccccccccccc
eeeeeeeeeeeeeeeeeeeeeeeeeeeeabcccccccccccccccccccccabccccccccccccccccccccc
eeeeeeeeeeeeeeeeeeeeeeeeeeee
abccccccccccccccccccccc
eeeeeeeeeeeeeeeeeeeeeeeeeeee
abccccccccccccccccccccc
eeeeeeeeeeeeeeeeeeeeeeeeeeeeabccccccccccccccccccccc
eeeeeeeeeeeeeeeeeeeeeeeeeeeeabccccccccccccccccccccc
eeeeeeeeeeeeeeeeeeeeeeeeeeeeabccccccccccccccccccccc
eeeeeeeeeeeeeeeeeeeeeeeeeeeeabccccccccccccccccccccc
eeeeeeeeeeeeeeeeeeeeeeeeeeeeabccccccccccccccccccccc
eeeeeeeeeeeeeeeeeeeeeeeeeeeeabccccccccccccccccccccc
eeeeeeeeeeeeeeeeeeeeeeeeeeeeabccccccccccccccccccccc
eeeeeeeeeeeeeeeeeeeeeeeeeeeeabccccccccccccccccccccc
eeeeeeeeeeeeeeeeeeeeeeeeeeeeabccccccccccccccccccccc
eeeeeeeeeeeeeeeeeeeeeeeeeeeeabccccccccccccccccccccc
eeeeeeeeeeeeeeeeeeeeeeeeeeeeabccccccccccccccccccccc
eeeeeeeeeeeeeeeeeeeeeeeeeeeeabcccccccccccccccccccccabccccccccccccccccccccc
eeeeeeeeeeeeeeeeeeeeeeeeeeee
abccccccccccccccccccccc
eeeeeeeeeeeeeeeeeeeeeeeeeeee
abccccccccccccccccccccc
eeeeeeeeeeeeeeeeeeeeeeeeeeeeabccccccccccccccccccccc
eeeeeeeeeeeeeeeeeeeeeeeeeeeeabccccccccccccccccccccc
eeeeeeeeeeeeeeeeeeeeeeeeeeeeabccccccccccccccccccccc
eeeeeeeeeeeeeeeeeeeeeeeeeeeeabccccccccccccccccccccc
eeeeeeeeeeeeeeeeeeeeeeeeeeeeabccccccccccccccccccccc
eeeeeeeeeeeeeeeeeeeeeeeeeeeeabccccccccccccccccccccc
eeeeeeeeeeeeeeeeeeeeeeeeeeeeabccccccccccccccccccccc
eeeeeeeeeeeeeeeeeeeeeeeeeeeeabccccccccccccccccccccc
eeeeeeeeeeeeeeeeeeeeeeeeeeeeabccccccccccccccccccccc
eeeeeeeeeeeeeeeeeeeeeeeeeeeeabccccccccccccccccccccc
eeeeeeeeeeeeeeeeeeeeeeeeeeeeabccccccccccccccccccccc
eeeeeeeeeeeeeeeeeeeeeeeeeeeeabcccccccccccccccccccccabccccccccccccccccccccc
eeeeeeeeeeeeeeeeeeeeeeeeeeee
abccccccccccccccccccccc
eeeeeeeeeeeeeeeeeeeeeeeeeeee
abccccccccccccccccccccc
eeeeeeeeeeeeeeeeeeeeeeeeeeeeabccccccccccccccccccccc
eeeeeeeeeeeeeeeeeeeeeeeeeeeeabccccccccccccccccccccc
eeeeeeeeeeeeeeeeeeeeeeeeeeeeabccccccccccccccccccccc
eeeeeeeeeeeeeeeeeeeeeeeeeeeeabccccccccccccccccccccc
eeeeeeeeeeeeeeeeeeeeeeeeeeeeabccccccccccccccccccccc
eeeeeeeeeeeeeeeeeeeeeeeeeeeeabccccccccccccccccccccc
eeeeeeeeeeeeeeeeeeeeeeeeeeeeabccccccccccccccccccccc
eeeeeeeeeeeeeeeeeeeeeeeeeeeeabccccccccccccccccccccc
eeeeeeeeeeeeeeeeeeeeeeeeeeeeabccccccccccccccccccccc
eeeeeeeeeeeeeeeeeeeeeeeeeeeeabccccccccccccccccccccc
eeeeeeeeeeeeeeeeeeeeeeeeeeeeabccccccccccccccccccccc
eeeeeeeeeeeeeeeeeeeeeeeeeeeeabcccccccccccccccccccccabccccccccccccccccccccc
eeeeeeeeeeeeeeeeeeeeeeeeeeee
abccccccccccccccccccccc
eeeeeeeeeeeeeeeeeeeeeeeeeeee
abccccccccccccccccccccc
eeeeeeeeeeeeeeeeeeeeeeeeeeeeabccccccccccccccccccccc
eeeeeeeeeeeeeeeeeeeeeeeeeeeeabccccccccccccccccccccc
eeeeeeeeeeeeeeeeeeeeeeeeeeeeabccccccccccccccccccccc
eeeeeeeeeeeeeeeeeeeeeeeeeeeeabccccccccccccccccccccc
eeeeeeeeeeeeeeeeeeeeeeeeeeeeabccccccccccccccccccccc
eeeeeeeeeeeeeeeeeeeeeeeeeeeeabccccccccccccccccccccc
eeeeeeeeeeeeeeeeeeeeeeeeeeeeabccccccccccccccccccccc
eeeeeeeeeeeeeeeeeeeeeeeeeeeeabccccccccccccccccccccc
eeeeeeeeeeeeeeeeeeeeeeeeeeeeabccccccccccccccccccccc
eeeeeeeeeeeeeeeeeeeeeeeeeeeeabccccccccccccccccccccc
eeeeeeeeeeeeeeeeeeeeeeeeeeeeabccccccccccccccccccccc
eeeeeeeeeeeeeeeeeeeeeeeeeeeeabcccccccccccccccccccccabccccccccccccccccccccc
eeeeeeeeeeeeeeeeeeeeeeeeeeee
abccccccccccccccccccccc
eeeeeeeeeeeeeeeeeeeeeeeeeeee
abccccccccccccccccccccc
eeeeeeeeeeeeeeeeeeeeeeeeeeeeabccccccccccccccccccccc
eeeeeeeeeeeeeeeeeeeeeeeeeeeeabccccccccccccccccccccc
eeeeeeeeeeeeeeeeeeeeeeeeeeeeabccccccccccccccccccccc
eeeeeeeeeeeeeeeeeeeeeeeeeeeeabccccccccccccccccccccc
eeeeeeeeeeeeeeeeeeeeeeeeeeeeabccccccccccccccccccccc
eeeeeeeeeeeeeeeeeeeeeeeeeeeeabccccccccccccccccccccc
eeeeeeeeeeeeeeeeeeeeeeeeeeeeabccccccccccccccccccccc
eeeeeeeeeeeeeeeeeeeeeeeeeeeeabccccccccccccccccccccc
eeeeeeeeeeeeeeeeeeeeeeeeeeeeabccccccccccccccccccccc
eeeeeeeeeeeeeeeeeeeeeeeeeeeeabccccccccccccccccccccc
eeeeeeeeeeeeeeeeeeeeeeeeeeeeabccccccccccccccccccccc
eeeeeeeeeeeeeeeeeeeeeeeeeeeeabcccccccccccccccccccccabccccccccccccccccccccc
eeeeeeeeeeeeeeeeeeeeeeeeeeee
abccccccccccccccccccccc
eeeeeeeeeeeeeeeeeeeeeeeeeeee
abccccccccccccccccccccc
eeeeeeeeeeeeeeeeeeeeeeeeeeeeabccccccccccccccccccccc
eeeeeeeeeeeeeeeeeeeeeeeeeeeeabccccccccccccccccccccc
eeeeeeeeeeeeeeeeeeeeeeeeeeeeabccccccccccccccccccccc
eeeeeeeeeeeeeeeeeeeeeeeeeeeeabccccccccccccccccccccc
eeeeeeeeeeeeeeeeeeeeeeeeeeeeabccccccccccccccccccccc
eeeeeeeeeeeeeeeeeeeeeeeeeeeeabccccccccccccccccccccc
eeeeeeeeeeeeeeeeeeeeeeeeeeeeabccccccccccccccccccccc
eeeeeeeeeeeeeeeeeeeeeeeeeeeeabccccccccccccccccccccc
eeeeeeeeeeeeeeeeeeeeeeeeeeeeabccccccccccccccccccccc
eeeeeeeeeeeeeeeeeeeeeeeeeeeeabccccccccccccccccccccc
eeeeeeeeeeeeeeeeeeeeeeeeeeeeabccccccccccccccccccccc
eeeeeeeeeeeeeeeeeeeeeeeeeeeeabcccccccccccccccccccccabccccccccccccccccccccc
eeeeeeeeeeeeeeeeeeeeeeeeeeee
abccccccccccccccccccccc
eeeeeeeeeeeeeeeeeeeeeeeeeeee
abccccccccccccccccccccc
eeeeeeeeeeeeeeeeeeeeeeeeeeeeabccccccccccccccccccccc
eeeeeeeeeeeeeeeeeeeeeeeeeeeeabccccccccccccccccccccc
eeeeeeeeeeeeeeeeeeeeeeeeeeeeabccccccccccccccccccccc
eeeeeeeeeeeeeeeeeeeeeeeeeeeeabccccccccccccccccccccc
eeeeeeeeeeeeeeeeeeeeeeeeeeeeabccccccccccccccccccccc
eeeeeeeeeeeeeeeeeeeeeeeeeeeeabccccccccccccccccccccc
eeeeeeeeeeeeeeeeeeeeeeeeeeeeabccccccccccccccccccccc
eeeeeeeeeeeeeeeeeeeeeeeeeeeeabccccccccccccccccccccc
eeeeeeeeeeeeeeeeeeeeeeeeeeeeabccccccccccccccccccccc
eeeeeeeeeeeeeeeeeeeeeeeeeeeeabccccccccccccccccccccc
eeeeeeeeeeeeeeeeeeeeeeeeeeeeabccccccccccccccccccccc
eeeeeeeeeeeeeeeeeeeeeeeeeeeeabcccccccccccccccccccccabccccccccccccccccccccc
eeeeeeeeeeeeeeeeeeeeeeeeeeee
abccccccccccccccccccccc
eeeeeeeeeeeeeeeeeeeeeeeeeeee
abccccccccccccccccccccc
eeeeeeeeeeeeeeeeeeeeeeeeeeeeabccccccccccccccccccccc
eeeeeeeeeeeeeeeeeeeeeeeeeeeeabccccccccccccccccccccc
eeeeeeeeeeeeeeeeeeeeeeeeeeeeabccccccccccccccccccccc
eeeeeeeeeeeeeeeeeeeeeeeeeeeeabccccccccccccccccccccc
eeeeeeeeeeeeeeeeeeeeeeeeeeeeabccccccccccccccccccccc
eeeeeeeeeeeeeeeeeeeeeeeeeeeeabccccccccccccccccccccc
eeeeeeeeeeeeeeeeeeeeeeeeeeeeabccccccccccccccccccccc
eeeeeeeeeeeeeeeeeeeeeeeeeeeeabccccccccccccccccccccc
eeeeeeeeeeeeeeeeeeeeeeeeeeeeabccccccccccccccccccccc
eeeeeeeeeeeeeeeeeeeeeeeeeeeeabccccccccccccccccccccc
eeeeeeeeeeeeeeeeeeeeeeeeeeeeabccccccccccccccccccccc
eeeeeeeeeeeeeeeeeeeeeeeeeeeeabcccccccccccccccccccccabccccccccccccccccccccc
eeeeeeeeeeeeeeeeeeeeeeeeeeee
abccccccccccccccccccccc
eeeeeeeeeeeeeeeeeeeeeeeeeeee
abccccccccccccccccccccc
eeeeeeeeeeeeeeeeeeeeeeeeeeeeabccccccccccccccccccccc
eeeeeeeeeeeeeeeeeeeeeeeeeeeeabccccccccccccccccccccc
eeeeeeeeeeeeeeeeeeeeeeeeeeeeabccccccccccccccccccccc
eeeeeeeeeeeeeeeeeeeeeeeeeeeeabccccccccccccccccccccc
eeeeeeeeeeeeeeeeeeeeeeeeeeeeabccccccccccccccccccccc
eeeeeeeeeeeeeeeeeeeeeeeeeeeeabccccccccccccccccccccc
eeeeeeeeeeeeeeeeeeeeeeeeeeeeabccccccccccccccccccccc
eeeeeeeeeeeeeeeeeeeeeeeeeeeeabccccccccccccccccccccc
eeeeeeeeeeeeeeeeeeeeeeeeeeeeabccccccccccccccccccccc
eeeeeeeeeeeeeeeeeeeeeeeeeeeeabccccccccccccccccccccc
eeeeeeeeeeeeeeeeeeeeeeeeeeeeabccccccccccccccccccccc
eeeeeeeeeeeeeeeeeeeeeeeeeeeeabcccccccccccccccccccccabccccccccccccccccccccc
eeeeeeeeeeeeeeeeeeeeeeeeeeee
abccccccccccccccccccccc
eeeeeeeeeeeeeeeeeeeeeeeeeeee
abccccccccccccccccccccc
eeeeeeeeeeeeeeeeeeeeeeeeeeeeabccccccccccccccccccccc
eeeeeeeeeeeeeeeeeeeeeeeeeeeeabccccccccccccccccccccc
eeeeeeeeeeeeeeeeeeeeeeeeeeeeabccccccccccccccccccccc
eeeeeeeeeeeeeeeeeeeeeeeeeeeeabccccccccccccccccccccc
eeeeeeeeeeeeeeeeeeeeeeeeeeeeabccccccccccccccccccccc
eeeeeeeeeeeeeeeeeeeeeeeeeeeeabccccccccccccccccccccc
eeeeeeeeeeeeeeeeeeeeeeeeeeeeabccccccccccccccccccccc
eeeeeeeeeeeeeeeeeeeeeeeeeeeeabccccccccccccccccccccc
eeeeeeeeeeeeeeeeeeeeeeeeeeeeabccccccccccccccccccccc
eeeeeeeeeeeeeeeeeeeeeeeeeeeeabccccccccccccccccccccc
eeeeeeeeeeeeeeeeeeeeeeeeeeeeabccccccccccccccccccccc
eeeeeeeeeeeeeeeeeeeeeeeeeeeeabcccccccccccccccccccccabccccccccccccccccccccc
eeeeeeeeeeeeeeeeeeeeeeeeeeee
abccccccccccccccccccccc
eeeeeeeeeeeeeeeeeeeeeeeeeeee
abccccccccccccccccccccc
eeeeeeeeeeeeeeeeeeeeeeeeeeeeabccccccccccccccccccccc
eeeeeeeeeeeeeeeeeeeeeeeeeeeeabccccccccccccccccccccc
eeeeeeeeeeeeeeeeeeeeeeeeeeeeabccccccccccccccccccccc
eeeeeeeeeeeeeeeeeeeeeeeeeeeeabccccccccccccccccccccc
eeeeeeeeeeeeeeeeeeeeeeeeeeeeabccccccccccccccccccccc
eeeeeeeeeeeeeeeeeeeeeeeeeeeeabccccccccccccccccccccc
eeeeeeeeeeeeeeeeeeeeeeeeeeeeabccccccccccccccccccccc
eeeeeeeeeeeeeeeeeeeeeeeeeeeeabccccccccccccccccccccc
eeeeeeeeeeeeeeeeeeeeeeeeeeeeabccccccccccccccccccccc
eeeeeeeeeeeeeeeeeeeeeeeeeeeeabccccccccccccccccccccc
eeeeeeeeeeeeeeeeeeeeeeeeeeeeabccccccccccccccccccccc
eeeeeeeeeeeeeeeeeeeeeeeeeeeeabcccccccccccccccccccccabccccccccccccccccccccc
eeeeeeeeeeeeeeeeeeeeeeeeeeee
abccccccccccccccccccccc
eeeeeeeeeeeeeeeeeeeeeeeeeeee
abccccccccccccccccccccc
eeeeeeeeeeeeeeeeeeeeeeeeeeeeabccccccccccccccccccccc
eeeeeeeeeeeeeeeeeeeeeeeeeeeeabccccccccccccccccccccc
eeeeeeeeeeeeeeeeeeeeeeeeeeeeabccccccccccccccccccccc
eeeeeeeeeeeeeeeeeeeeeeeeeeeeabccccccccccccccccccccc
eeeeeeeeeeeeeeeeeeeeeeeeeeeeabccccccccccccccccccccc
eeeeeeeeeeeeeeeeeeeeeeeeeeeeabccccccccccccccccccccc
eeeeeeeeeeeeeeeeeeeeeeeeeeeeabccccccccccccccccccccc
eeeeeeeeeeeeeeeeeeeeeeeeeeeeabccccccccccccccccccccc
eeeeeeeeeeeeeeeeeeeeeeeeeeeeabccccccccccccccccccccc
eeeeeeeeeeeeeeeeeeeeeeeeeeeeabccccccccccccccccccccc
eeeeeeeeeeeeeeeeeeeeeeeeeeeeabccccccccccccccccccccc
eeeeeeeeeeeeeeeeeeeeeeeeeeeeabcccccccccccccccccccccabccccccccccccccccccccc
eeeeeeeeeeeeeeeeeeeeeeeeeeee
abccccccccccccccccccccc
eeeeeeeeeeeeeeeeeeeeeeeeeeee
abccccccccccccccccccccc
eeeeeeeeeeeeeeeeeeeeeeeeeeeeabccccccccccccccccccccc
eeeeeeeeeeeeeeeeeeeeeeeeeeeeabccccccccccccccccccccc
eeeeeeeeeeeeeeeeeeeeeeeeeeeeabccccccccccccccccccccc
eeeeeeeeeeeeeeeeeeeeeeeeeeeeabccccccccccccccccccccc
eeeeeeeeeeeeeeeeeeeeeeeeeeeeabccccccccccccccccccccc
eeeeeeeeeeeeeeeeeeeeeeeeeeeeabccccccccccccccccccccc
eeeeeeeeeeeeeeeeeeeeeeeeeeeeabccccccccccccccccccccc
eeeeeeeeeeeeeeeeeeeeeeeeeeeeabccccccccccccccccccccc
eeeeeeeeeeeeeeeeeeeeeeeeeeeeabccccccccccccccccccccc
eeeeeeeeeeeeeeeeeeeeeeeeeeeeabccccccccccccccccccccc
eeeeeeeeeeeeeeeeeeeeeeeeeeeeabccccccccccccccccccccc
eeeeeeeeeeeeeeeeeeeeeeeeeeeeabcccccccccccccccccccccabccccccccccccccccccccc
eeeeeeeeeeeeeeeeeeeeeeeeeeee
abccccccccccccccccccccc
eeeeeeeeeeeeeeeeeeeeeeeeeeee
abccccccccccccccccccccc
eeeeeeeeeeeeeeeeeeeeeeeeeeeeabccccccccccccccccccccc
eeeeeeeeeeeeeeeeeeeeeeeeeeeeabccccccccccccccccccccc
eeeeeeeeeeeeeeeeeeeeeeeeeeeeabccccccccccccccccccccc
eeeeeeeeeeeeeeeeeeeeeeeeeeeeabccccccccccccccccccccc
eeeeeeeeeeeeeeeeeeeeeeeeeeeeabccccccccccccccccccccc
eeeeeeeeeeeeeeeeeeeeeeeeeeeeabccccccccccccccccccccc
eeeeeeeeeeeeeeeeeeeeeeeeeeeeabccccccccccccccccccccc
eeeeeeeeeeeeeeeeeeeeeeeeeeeeabccccccccccccccccccccc
eeeeeeeeeeeeeeeeeeeeeeeeeeeeabccccccccccccccccccccc
eeeeeeeeeeeeeeeeeeeeeeeeeeeeabccccccccccccccccccccc
eeeeeeeeeeeeeeeeeeeeeeeeeeeeabccccccccccccccccccccc
eeeeeeeeeeeeeeeeeeeeeeeeeeeeabcccccccccccccccccccccabccccccccccccccccccccc
eeeeeeeeeeeeeeeeeeeeeeeeeeee
abccccccccccccccccccccc
eeeeeeeeeeeeeeeeeeeeeeeeeeee
abccccccccccccccccccccc
eeeeeeeeeeeeeeeeeeeeeeeeeeeeabccccccccccccccccccccc
eeeeeeeeeeeeeeeeeeeeeeeeeeeeabccccccccccccccccccccc
eeeeeeeeeeeeeeeeeeeeeeeeeeeeabccccccccccccccccccccc
eeeeeeeeeeeeeeeeeeeeeeeeeeeeabccccccccccccccccccccc
eeeeeeeeeeeeeeeeeeeeeeeeeeeeabccccccccccccccccccccc
eeeeeeeeeeeeeeeeeeeeeeeeeeeeabccccccccccccccccccccc
eeeeeeeeeeeeeeeeeeeeeeeeeeeeabccccccccccccccccccccc
eeeeeeeeeeeeeeeeeeeeeeeeeeeeabccccccccccccccccccccc
eeeeeeeeeeeeeeeeeeeeeeeeeeeeabccccccccccccccccccccc
eeeeeeeeeeeeeeeeeeeeeeeeeeeeabccccccccccccccccccccc
eeeeeeeeeeeeeeeeeeeeeeeeeeeeabccccccccccccccccccccc
eeeeeeeeeeeeeeeeeeeeeeeeeeeeabcccccccccccccccccccccabccccccccccccccccccccc
eeeeeeeeeeeeeeeeeeeeeeeeeeee
abccccccccccccccccccccc
eeeeeeeeeeeeeeeeeeeeeeeeeeee
abccccccccccccccccccccc
eeeeeeeeeeeeeeeeeeeeeeeeeeeeabccccccccccccccccccccc
eeeeeeeeeeeeeeeeeeeeeeeeeeeeabccccccccccccccccccccc
eeeeeeeeeeeeeeeeeeeeeeeeeeeeabccccccccccccccccccccc
eeeeeeeeeeeeeeeeeeeeeeeeeeeeabccccccccccccccccccccc
eeeeeeeeeeeeeeeeeeeeeeeeeeeeabccccccccccccccccccccc
eeeeeeeeeeeeeeeeeeeeeeeeeeeeabccccccccccccccccccccc
eeeeeeeeeeeeeeeeeeeeeeeeeeeeabccccccccccccccccccccc
eeeeeeeeeeeeeeeeeeeeeeeeeeeeabccccccccccccccccccccc
eeeeeeeeeeeeeeeeeeeeeeeeeeeeabccccccccccccccccccccc
eeeeeeeeeeeeeeeeeeeeeeeeeeeeabccccccccccccccccccccc
eeeeeeeeeeeeeeeeeeeeeeeeeeeeabccccccccccccccccccccc
eeeeeeeeeeeeeeeeeeeeeeeeeeeeabcccccccccccccccccccccabccccccccccccccccccccc
eeeeeeeeeeeeeeeeeeeeeeeeeeee
abccccccccccccccccccccc
eeeeeeeeeeeeeeeeeeeeeeeeeeee
abccccccccccccccccccccc
eeeeeeeeeeeeeeeeeeeeeeeeeeeeabccccccccccccccccccccc
eeeeeeeeeeeeeeeeeeeeeeeeeeeeabccccccccccccccccccccc
eeeeeeeeeeeeeeeeeeeeeeeeeeeeabccccccccccccccccccccc
eeeeeeeeeeeeeeeeeeeeeeeeeeeeabccccccccccccccccccccc
eeeeeeeeeeeeeeeeeeeeeeeeeeeeabccccccccccccccccccccc
eeeeeeeeeeeeeeeeeeeeeeeeeeeeabccccccccccccccccccccc
eeeeeeeeeeeeeeeeeeeeeeeeeeeeabccccccccccccccccccccc
eeeeeeeeeeeeeeeeeeeeeeeeeeeeabccccccccccccccccccccc
eeeeeeeeeeeeeeeeeeeeeeeeeeeeabccccccccccccccccccccc
eeeeeeeeeeeeeeeeeeeeeeeeeeeeabccccccccccccccccccccc
eeeeeeeeeeeeeeeeeeeeeeeeeeeeabccccccccccccccccccccc
eeeeeeeeeeeeeeeeeeeeeeeeeeeeabcccccccccccccccccccccabccccccccccccccccccccc
eeeeeeeeeeeeeeeeeeeeeeeeeeee
abccccccccccccccccccccc
eeeeeeeeeeeeeeeeeeeeeeeeeeee
abccccccccccccccccccccc
eeeeeeeeeeeeeeeeeeeeeeeeeeeeabccccccccccccccccccccc
eeeeeeeeeeeeeeeeeeeeeeeeeeeeabccccccccccccccccccccc
eeeeeeeeeeeeeeeeeeeeeeeeeeeeabccccccccccccccccccccc
eeeeeeeeeeeeeeeeeeeeeeeeeeeeabccccccccccccccccccccc
eeeeeeeeeeeeeeeeeeeeeeeeeeeeabccccccccccccccccccccc
eeeeeeeeeeeeeeeeeeeeeeeeeeeeabccccccccccccccccccccc
eeeeeeeeeeeeeeeeeeeeeeeeeeeeabccccccccccccccccccccc
eeeeeeeeeeeeeeeeeeeeeeeeeeeeabccccccccccccccccccccc
eeeeeeeeeeeeeeeeeeeeeeeeeeeeabccccccccccccccccccccc
eeeeeeeeeeeeeeeeeeeeeeeeeeeeabccccccccccccccccccccc
eeeeeeeeeeeeeeeeeeeeeeeeeeeeabccccccccccccccccccccc
eeeeeeeeeeeeeeeeeeeeeeeeeeeeabcccccccccccccccccccccabccccccccccccccccccccc
eeeeeeeeeeeeeeeeeeeeeeeeeeee
abccccccccccccccccccccc
eeeeeeeeeeeeeeeeeeeeeeeeeeee
abccccccccccccccccccccc
eeeeeeeeeeeeeeeeeeeeeeeeeeeeabccccccccccccccccccccc
eeeeeeeeeeeeeeeeeeeeeeeeeeeeabccccccccccccccccccccc
eeeeeeeeeeeeeeeeeeeeeeeeeeeeabccccccccccccccccccccc
eeeeeeeeeeeeeeeeeeeeeeeeeeeeabccccccccccccccccccccc
eeeeeeeeeeeeeeeeeeeeeeeeeeeeabccccccccccccccccccccc
eeeeeeeeeeeeeeeeeeeeeeeeeeeeabccccccccccccccccccccc
eeeeeeeeeeeeeeeeeeeeeeeeeeeeabccccccccccccccccccccc
eeeeeeeeeeeeeeeeeeeeeeeeeeeeabccccccccccccccccccccc
eeeeeeeeeeeeeeeeeeeeeeeeeeeeabccccccccccccccccccccc
eeeeeeeeeeeeeeeeeeeeeeeeeeeeabccccccccccccccccccccc
eeeeeeeeeeeeeeeeeeeeeeeeeeeeabccccccccccccccccccccc
eeeeeeeeeeeeeeeeeeeeeeeeeeeeabcccccccccccccccccccccabccccccccccccccccccccc
eeeeeeeeeeeeeeeeeeeeeeeeeeee
abccccccccccccccccccccc
eeeeeeeeeeeeeeeeeeeeeeeeeeee
abccccccccccccccccccccc
eeeeeeeeeeeeeeeeeeeeeeeeeeeeabccccccccccccccccccccc
eeeeeeeeeeeeeeeeeeeeeeeeeeeeabccccccccccccccccccccc
eeeeeeeeeeeeeeeeeeeeeeeeeeeeabccccccccccccccccccccc
eeeeeeeeeeeeeeeeeeeeeeeeeeeeabccccccccccccccccccccc
eeeeeeeeeeeeeeeeeeeeeeeeeeeeabccccccccccccccccccccc
eeeeeeeeeeeeeeeeeeeeeeeeeeeeabccccccccccccccccccccc
eeeeeeeeeeeeeeeeeeeeeeeeeeeeabccccccccccccccccccccc
eeeeeeeeeeeeeeeeeeeeeeeeeeeeabccccccccccccccccccccc
eeeeeeeeeeeeeeeeeeeeeeeeeeeeabccccccccccccccccccccc
eeeeeeeeeeeeeeeeeeeeeeeeeeeeabccccccccccccccccccccc
eeeeeeeeeeeeeeeeeeeeeeeeeeeeabccccccccccccccccccccc
eeeeeeeeeeeeeeeeeeeeeeeeeeeeabcccccccccccccccccccccabccccccccccccccccccccc
eeeeeeeeeeeeeeeeeeeeeeeeeeee
abccccccccccccccccccccc
eeeeeeeeeeeeeeeeeeeeeeeeeeee
abccccccccccccccccccccc
eeeeeeeeeeeeeeeeeeeeeeeeeeeeabccccccccccccccccccccc
eeeeeeeeeeeeeeeeeeeeeeeeeeeeabccccccccccccccccccccc
eeeeeeeeeeeeeeeeeeeeeeeeeeeeabccccccccccccccccccccc
eeeeeeeeeeeeeeeeeeeeeeeeeeeeabccccccccccccccccccccc
eeeeeeeeeeeeeeeeeeeeeeeeeeeeabccccccccccccccccccccc
eeeeeeeeeeeeeeeeeeeeeeeeeeeeabccccccccccccccccccccc
eeeeeeeeeeeeeeeeeeeeeeeeeeeeabccccccccccccccccccccc
eeeeeeeeeeeeeeeeeeeeeeeeeeeeabccccccccccccccccccccc
eeeeeeeeeeeeeeeeeeeeeeeeeeeeabccccccccccccccccccccc
eeeeeeeeeeeeeeeeeeeeeeeeeeeeabccccccccccccccccccccc
eeeeeeeeeeeeeeeeeeeeeeeeeeeeabccccccccccccccccccccc
eeeeeeeeeeeeeeeeeeeeeeeeeeeeabcccccccccccccccccccccabccccccccccccccccccccc
eeeeeeeeeeeeeeeeeeeeeeeeeeee
abccccccccccccccccccccc
eeeeeeeeeeeeeeeeeeeeeeeeeeee
abccccccccccccccccccccc
eeeeeeeeeeeeeeeeeeeeeeeeeeeeabccccccccccccccccccccc
eeeeeeeeeeeeeeeeeeeeeeeeeeeeabccccccccccccccccccccc
eeeeeeeeeeeeeeeeeeeeeeeeeeeeabccccccccccccccccccccc
eeeeeeeeeeeeeeeeeeeeeeeeeeeeabccccccccccccccccccccc
eeeeeeeeeeeeeeeeeeeeeeeeeeeeabccccccccccccccccccccc
eeeeeeeeeeeeeeeeeeeeeeeeeeeeabccccccccccccccccccccc
eeeeeeeeeeeeeeeeeeeeeeeeeeeeabccccccccccccccccccccc
eeeeeeeeeeeeeeeeeeeeeeeeeeeeabccccccccccccccccccccc
eeeeeeeeeeeeeeeeeeeeeeeeeeeeabccccccccccccccccccccc
eeeeeeeeeeeeeeeeeeeeeeeeeeeeabccccccccccccccccccccc
eeeeeeeeeeeeeeeeeeeeeeeeeeeeabccccccccccccccccccccc
eeeeeeeeeeeeeeeeeeeeeeeeeeeeabcccccccccccccccccccccabccccccccccccccccccccc
eeeeeeeeeeeeeeeeeeeeeeeeeeee
abccccccccccccccccccccc
eeeeeeeeeeeeeeeeeeeeeeeeeeee
abccccccccccccccccccccc
eeeeeeeeeeeeeeeeeeeeeeeeeeeeabccccccccccccccccccccc
eeeeeeeeeeeeeeeeeeeeeeeeeeeeabccccccccccccccccccccc
eeeeeeeeeeeeeeeeeeeeeeeeeeeeabccccccccccccccccccccc
eeeeeeeeeeeeeeeeeeeeeeeeeeeeabccccccccccccccccccccc
eeeeeeeeeeeeeeeeeeeeeeeeeeeeabccccccccccccccccccccc
eeeeeeeeeeeeeeeeeeeeeeeeeeeeabccccccccccccccccccccc
eeeeeeeeeeeeeeeeeeeeeeeeeeeeabccccccccccccccccccccc
eeeeeeeeeeeeeeeeeeeeeeeeeeeeabccccccccccccccccccccc
eeeeeeeeeeeeeeeeeeeeeeeeeeeeabccccccccccccccccccccc
eeeeeeeeeeeeeeeeeeeeeeeeeeeeabccccccccccccccccccccc
eeeeeeeeeeeeeeeeeeeeeeeeeeeeabccccccccccccccccccccc
eeeeeeeeeeeeeeeeeeeeeeeeeeeeabcccccccccccccccccccccabccccccccccccccccccccc
eeeeeeeeeeeeeeeeeeeeeeeeeeee
abccccccccccccccccccccc
eeeeeeeeeeeeeeeeeeeeeeeeeeee
abccccccccccccccccccccc
eeeeeeeeeeeeeeeeeeeeeeeeeeeeabccccccccccccccccccccc
eeeeeeeeeeeeeeeeeeeeeeeeeeeeabccccccccccccccccccccc
eeeeeeeeeeeeeeeeeeeeeeeeeeeeabccccccccccccccccccccc
eeeeeeeeeeeeeeeeeeeeeeeeeeeeabccccccccccccccccccccc
eeeeeeeeeeeeeeeeeeeeeeeeeeeeabccccccccccccccccccccc
eeeeeeeeeeeeeeeeeeeeeeeeeeeeabccccccccccccccccccccc
eeeeeeeeeeeeeeeeeeeeeeeeeeeeabccccccccccccccccccccc
eeeeeeeeeeeeeeeeeeeeeeeeeeeeabccccccccccccccccccccc
eeeeeeeeeeeeeeeeeeeeeeeeeeeeabccccccccccccccccccccc
eeeeeeeeeeeeeeeeeeeeeeeeeeeeabccccccccccccccccccccc
eeeeeeeeeeeeeeeeeeeeeeeeeeeeabccccccccccccccccccccc
eeeeeeeeeeeeeeeeeeeeeeeeeeeeabcccccccccccccccccccccabccccccccccccccccccccc
eeeeeeeeeeeeeeeeeeeeeeeeeeee
abccccccccccccccccccccc
eeeeeeeeeeeeeeeeeeeeeeeeeeee
abccccccccccccccccccccc
eeeeeeeeeeeeeeeeeeeeeeeeeeeeabccccccccccccccccccccc
eeeeeeeeeeeeeeeeeeeeeeeeeeeeabccccccccccccccccccccc
eeeeeeeeeeeeeeeeeeeeeeeeeeeeabccccccccccccccccccccc
eeeeeeeeeeeeeeeeeeeeeeeeeeeeabccccccccccccccccccccc
eeeeeeeeeeeeeeeeeeeeeeeeeeeeabccccccccccccccccccccc
eeeeeeeeeeeeeeeeeeeeeeeeeeeeabccccccccccccccccccccc
eeeeeeeeeeeeeeeeeeeeeeeeeeeeabccccccccccccccccccccc
eeeeeeeeeeeeeeeeeeeeeeeeeeeeabccccccccccccccccccccc
eeeeeeeeeeeeeeeeeeeeeeeeeeeeabccccccccccccccccccccc
eeeeeeeeeeeeeeeeeeeeeeeeeeeeabccccccccccccccccccccc
eeeeeeeeeeeeeeeeeeeeeeeeeeeeabccccccccccccccccccccc
eeeeeeeeeeeeeeeeeeeeeeeeeeeeabcccccccccccccccccccccabccccccccccccccccccccc
eeeeeeeeeeeeeeeeeeeeeeeeeeee
abccccccccccccccccccccc
eeeeeeeeeeeeeeeeeeeeeeeeeeee
abccccccccccccccccccccc
eeeeeeeeeeeeeeeeeeeeeeeeeeeeabccccccccccccccccccccc
eeeeeeeeeeeeeeeeeeeeeeeeeeeeabccccccccccccccccccccc
eeeeeeeeeeeeeeeeeeeeeeeeeeeeabccccccccccccccccccccc
eeeeeeeeeeeeeeeeeeeeeeeeeeeeabccccccccccccccccccccc
eeeeeeeeeeeeeeeeeeeeeeeeeeeeabccccccccccccccccccccc
eeeeeeeeeeeeeeeeeeeeeeeeeeeeabccccccccccccccccccccc
eeeeeeeeeeeeeeeeeeeeeeeeeeeeabccccccccccccccccccccc
eeeeeeeeeeeeeeeeeeeeeeeeeeeeabccccccccccccccccccccc
eeeeeeeeeeeeeeeeeeeeeeeeeeeeabccccccccccccccccccccc
eeeeeeeeeeeeeeeeeeeeeeeeeeeeabccccccccccccccccccccc
eeeeeeeeeeeeeeeeeeeeeeeeeeeeabccccccccccccccccccccc
eeeeeeeeeeeeeeeeeeeeeeeeeeeeabcccccccccccccccccccccabccccccccccccccccccccc
eeeeeeeeeeeeeeeeeeeeeeeeeeee
abccccccccccccccccccccc
eeeeeeeeeeeeeeeeeeeeeeeeeeee
abccccccccccccccccccccc
eeeeeeeeeeeeeeeeeeeeeeeeeeeeabccccccccccccccccccccc
eeeeeeeeeeeeeeeeeeeeeeeeeeeeabccccccccccccccccccccc
eeeeeeeeeeeeeeeeeeeeeeeeeeeeabccccccccccccccccccccc
eeeeeeeeeeeeeeeeeeeeeeeeeeeeabccccccccccccccccccccc
eeeeeeeeeeeeeeeeeeeeeeeeeeeeabccccccccccccccccccccc
eeeeeeeeeeeeeeeeeeeeeeeeeeeeabccccccccccccccccccccc
eeeeeeeeeeeeeeeeeeeeeeeeeeeeabccccccccccccccccccccc
eeeeeeeeeeeeeeeeeeeeeeeeeeeeabccccccccccccccccccccc
eeeeeeeeeeeeeeeeeeeeeeeeeeeeabccccccccccccccccccccc
eeeeeeeeeeeeeeeeeeeeeeeeeeeeabccccccccccccccccccccc
eeeeeeeeeeeeeeeeeeeeeeeeeeeeabccccccccccccccccccccc
eeeeeeeeeeeeeeeeeeeeeeeeeeeeabcccccccccccccccccccccabccccccccccccccccccccc
eeeeeeeeeeeeeeeeeeeeeeeeeeee
abccccccccccccccccccccc
eeeeeeeeeeeeeeeeeeeeeeeeeeee
abccccccccccccccccccccc
eeeeeeeeeeeeeeeeeeeeeeeeeeeeabccccccccccccccccccccc
eeeeeeeeeeeeeeeeeeeeeeeeeeeeabccccccccccccccccccccc
eeeeeeeeeeeeeeeeeeeeeeeeeeeeabccccccccccccccccccccc
eeeeeeeeeeeeeeeeeeeeeeeeeeeeabccccccccccccccccccccc
eeeeeeeeeeeeeeeeeeeeeeeeeeeeabccccccccccccccccccccc
eeeeeeeeeeeeeeeeeeeeeeeeeeeeabccccccccccccccccccccc
eeeeeeeeeeeeeeeeeeeeeeeeeeeeabccccccccccccccccccccc
eeeeeeeeeeeeeeeeeeeeeeeeeeeeabccccccccccccccccccccc
eeeeeeeeeeeeeeeeeeeeeeeeeeeeabccccccccccccccccccccc
eeeeeeeeeeeeeeeeeeeeeeeeeeeeabccccccccccccccccccccc
eeeeeeeeeeeeeeeeeeeeeeeeeeeeabccccccccccccccccccccc
eeeeeeeeeeeeeeeeeeeeeeeeeeeeabcccccccccccccccccccccabccccccccccccccccccccc
eeeeeeeeeeeeeeeeeeeeeeeeeeee
abccccccccccccccccccccc
eeeeeeeeeeeeeeeeeeeeeeeeeeee
abccccccccccccccccccccc
eeeeeeeeeeeeeeeeeeeeeeeeeeeeabccccccccccccccccccccc
eeeeeeeeeeeeeeeeeeeeeeeeeeeeabccccccccccccccccccccc
eeeeeeeeeeeeeeeeeeeeeeeeeeeeabccccccccccccccccccccc
eeeeeeeeeeeeeeeeeeeeeeeeeeeeabccccccccccccccccccccc
eeeeeeeeeeeeeeeeeeeeeeeeeeeeabccccccccccccccccccccc
eeeeeeeeeeeeeeeeeeeeeeeeeeeeabccccccccccccccccccccc
eeeeeeeeeeeeeeeeeeeeeeeeeeeeabccccccccccccccccccccc
eeeeeeeeeeeeeeeeeeeeeeeeeeeeabccccccccccccccccccccc
eeeeeeeeeeeeeeeeeeeeeeeeeeeeabccccccccccccccccccccc
eeeeeeeeeeeeeeeeeeeeeeeeeeeeabccccccccccccccccccccc
eeeeeeeeeeeeeeeeeeeeeeeeeeeeabccccccccccccccccccccc
eeeeeeeeeeeeeeeeeeeeeeeeeeeeabcccccccccccccccccccccabccccccccccccccccccccc
eeeeeeeeeeeeeeeeeeeeeeeeeeee
abccccccccccccccccccccc
eeeeeeeeeeeeeeeeeeeeeeeeeeee
abccccccccccccccccccccc
eeeeeeeeeeeeeeeeeeeeeeeeeeeeabccccccccccccccccccccc
eeeeeeeeeeeeeeeeeeeeeeeeeeeeabccccccccccccccccccccc
eeeeeeeeeeeeeeeeeeeeeeeeeeeeabccccccccccccccccccccc
eeeeeeeeeeeeeeeeeeeeeeeeeeeeabccccccccccccccccccccc
eeeeeeeeeeeeeeeeeeeeeeeeeeeeabccccccccccccccccccccc
eeeeeeeeeeeeeeeeeeeeeeeeeeeeabccccccccccccccccccccc
eeeeeeeeeeeeeeeeeeeeeeeeeeeeabccccccccccccccccccccc
eeeeeeeeeeeeeeeeeeeeeeeeeeeeabccccccccccccccccccccc
eeeeeeeeeeeeeeeeeeeeeeeeeeeeabccccccccccccccccccccc
eeeeeeeeeeeeeeeeeeeeeeeeeeeeabccccccccccccccccccccc
eeeeeeeeeeeeeeeeeeeeeeeeeeeeabccccccccccccccccccccc
eeeeeeeeeeeeeeeeeeeeeeeeeeeeabcccccccccccccccccccccabccccccccccccccccccccc
eeeeeeeeeeeeeeeeeeeeeeeeeeee
abccccccccccccccccccccc
eeeeeeeeeeeeeeeeeeeeeeeeeeee
abccccccccccccccccccccc
eeeeeeeeeeeeeeeeeeeeeeeeeeeeabccccccccccccccccccccc
eeeeeeeeeeeeeeeeeeeeeeeeeeeeabccccccccccccccccccccc
eeeeeeeeeeeeeeeeeeeeeeeeeeeeabccccccccccccccccccccc
eeeeeeeeeeeeeeeeeeeeeeeeeeeeabccccccccccccccccccccc
eeeeeeeeeeeeeeeeeeeeeeeeeeeeabccccccccccccccccccccc
eeeeeeeeeeeeeeeeeeeeeeeeeeeeabccccccccccccccccccccc
eeeeeeeeeeeeeeeeeeeeeeeeeeeeabccccccccccccccccccccc
eeeeeeeeeeeeeeeeeeeeeeeeeeeeabccccccccccccccccccccc
eeeeeeeeeeeeeeeeeeeeeeeeeeeeabccccccccccccccccccccc
eeeeeeeeeeeeeeeeeeeeeeeeeeeeabccccccccccccccccccccc
eeeeeeeeeeeeeeeeeeeeeeeeeeeeabccccccccccccccccccccc
eeeeeeeeeeeeeeeeeeeeeeeeeeeeabcccccccccccccccccccccabccccccccccccccccccccc
eeeeeeeeeeeeeeeeeeeeeeeeeeee
abccccccccccccccccccccc
eeeeeeeeeeeeeeeeeeeeeeeeeeee
abccccccccccccccccccccc
eeeeeeeeeeeeeeeeeeeeeeeeeeeeabccccccccccccccccccccc
eeeeeeeeeeeeeeeeeeeeeeeeeeeeabccccccccccccccccccccc
eeeeeeeeeeeeeeeeeeeeeeeeeeeeabccccccccccccccccccccc
eeeeeeeeeeeeeeeeeeeeeeeeeeeeabccccccccccccccccccccc
eeeeeeeeeeeeeeeeeeeeeeeeeeeeabccccccccccccccccccccc
eeeeeeeeeeeeeeeeeeeeeeeeeeeeabccccccccccccccccccccc
eeeeeeeeeeeeeeeeeeeeeeeeeeeeabccccccccccccccccccccc
eeeeeeeeeeeeeeeeeeeeeeeeeeeeabccccccccccccccccccccc
eeeeeeeeeeeeeeeeeeeeeeeeeeeeabccccccccccccccccccccc
eeeeeeeeeeeeeeeeeeeeeeeeeeeeabccccccccccccccccccccc
eeeeeeeeeeeeeeeeeeeeeeeeeeeeabccccccccccccccccccccc
eeeeeeeeeeeeeeeeeeeeeeeeeeeeabcccccccccccccccccccccabccccccccccccccccccccc
eeeeeeeeeeeeeeeeeeeeeeeeeeee
abccccccccccccccccccccc
eeeeeeeeeeeeeeeeeeeeeeeeeeee
abccccccccccccccccccccc
eeeeeeeeeeeeeeeeeeeeeeeeeeeeabccccccccccccccccccccc
eeeeeeeeeeeeeeeeeeeeeeeeeeeeabccccccccccccccccccccc
eeeeeeeeeeeeeeeeeeeeeeeeeeeeabccccccccccccccccccccc
eeeeeeeeeeeeeeeeeeeeeeeeeeeeabccccccccccccccccccccc
eeeeeeeeeeeeeeeeeeeeeeeeeeeeabccccccccccccccccccccc
eeeeeeeeeeeeeeeeeeeeeeeeeeeeabccccccccccccccccccccc
eeeeeeeeeeeeeeeeeeeeeeeeeeeeabccccccccccccccccccccc
eeeeeeeeeeeeeeeeeeeeeeeeeeeeabccccccccccccccccccccc
eeeeeeeeeeeeeeeeeeeeeeeeeeeeabccccccccccccccccccccc
eeeeeeeeeeeeeeeeeeeeeeeeeeeeabccccccccccccccccccccc
eeeeeeeeeeeeeeeeeeeeeeeeeeeeabccccccccccccccccccccc
eeeeeeeeeeeeeeeeeeeeeeeeeeeeabcccccccccccccccccccccabccccccccccccccccccccc
eeeeeeeeeeeeeeeeeeeeeeeeeeee
abccccccccccccccccccccc
eeeeeeeeeeeeeeeeeeeeeeeeeeee
abccccccccccccccccccccc
eeeeeeeeeeeeeeeeeeeeeeeeeeeeabccccccccccccccccccccc
eeeeeeeeeeeeeeeeeeeeeeeeeeeeabccccccccccccccccccccc
eeeeeeeeeeeeeeeeeeeeeeeeeeeeabccccccccccccccccccccc
eeeeeeeeeeeeeeeeeeeeeeeeeeeeabccccccccccccccccccccc
eeeeeeeeeeeeeeeeeeeeeeeeeeeeabccccccccccccccccccccc
eeeeeeeeeeeeeeeeeeeeeeeeeeeeabccccccccccccccccccccc
eeeeeeeeeeeeeeeeeeeeeeeeeeeeabccccccccccccccccccccc
eeeeeeeeeeeeeeeeeeeeeeeeeeeeabccccccccccccccccccccc
eeeeeeeeeeeeeeeeeeeeeeeeeeeeabccccccccccccccccccccc
eeeeeeeeeeeeeeeeeeeeeeeeeeeeabccccccccccccccccccccc
eeeeeeeeeeeeeeeeeeeeeeeeeeeeabccccccccccccccccccccc
eeeeeeeeeeeeeeeeeeeeeeeeeeeeabcccccccccccccccccccccabccccccccccccccccccccc
eeeeeeeeeeeeeeeeeeeeeeeeeeee
abccccccccccccccccccccc
eeeeeeeeeeeeeeeeeeeeeeeeeeee
abccccccccccccccccccccc
eeeeeeeeeeeeeeeeeeeeeeeeeeeeabccccccccccccccccccccc
eeeeeeeeeeeeeeeeeeeeeeeeeeeeabccccccccccccccccccccc
eeeeeeeeeeeeeeeeeeeeeeeeeeeeabccccccccccccccccccccc
eeeeeeeeeeeeeeeeeeeeeeeeeeeeabccccccccccccccccccccc
eeeeeeeeeeeeeeeeeeeeeeeeeeeeabccccccccccccccccccccc
eeeeeeeeeeeeeeeeeeeeeeeeeeeeabccccccccccccccccccccc
eeeeeeeeeeeeeeeeeeeeeeeeeeeeabccccccccccccccccccccc
eeeeeeeeeeeeeeeeeeeeeeeeeeeeabccccccccccccccccccccc
eeeeeeeeeeeeeeeeeeeeeeeeeeeeabccccccccccccccccccccc
eeeeeeeeeeeeeeeeeeeeeeeeeeeeabccccccccccccccccccccc
eeeeeeeeeeeeeeeeeeeeeeeeeeeeabccccccccccccccccccccc
eeeeeeeeeeeeeeeeeeeeeeeeeeeeabcccccccccccccccccccccabccccccccccccccccccccc
eeeeeeeeeeeeeeeeeeeeeeeeeeee
abccccccccccccccccccccc
eeeeeeeeeeeeeeeeeeeeeeeeeeee
abccccccccccccccccccccc
eeeeeeeeeeeeeeeeeeeeeeeeeeeeabccccccccccccccccccccc
eeeeeeeeeeeeeeeeeeeeeeeeeeeeabccccccccccccccccccccc
eeeeeeeeeeeeeeeeeeeeeeeeeeeeabccccccccccccccccccccc
eeeeeeeeeeeeeeeeeeeeeeeeeeeeabccccccccccccccccccccc
eeeeeeeeeeeeeeeeeeeeeeeeeeeeabccccccccccccccccccccc
eeeeeeeeeeeeeeeeeeeeeeeeeeeeabccccccccccccccccccccc
eeeeeeeeeeeeeeeeeeeeeeeeeeeeabccccccccccccccccccccc
eeeeeeeeeeeeeeeeeeeeeeeeeeeeabccccccccccccccccccccc
eeeeeeeeeeeeeeeeeeeeeeeeeeeeabccccccccccccccccccccc
eeeeeeeeeeeeeeeeeeeeeeeeeeeeabccccccccccccccccccccc
eeeeeeeeeeeeeeeeeeeeeeeeeeeeabccccccccccccccccccccc
eeeeeeeeeeeeeeeeeeeeeeeeeeeeabcccccccccccccccccccccabccccccccccccccccccccc
eeeeeeeeeeeeeeeeeeeeeeeeeeee
abccccccccccccccccccccc
eeeeeeeeeeeeeeeeeeeeeeeeeeee
abccccccccccccccccccccc
eeeeeeeeeeeeeeeeeeeeeeeeeeeeabccccccccccccccccccccc
eeeeeeeeeeeeeeeeeeeeeeeeeeeeabccccccccccccccccccccc
eeeeeeeeeeeeeeeeeeeeeeeeeeeeabccccccccccccccccccccc
eeeeeeeeeeeeeeeeeeeeeeeeeeeeabccccccccccccccccccccc
eeeeeeeeeeeeeeeeeeeeeeeeeeeeabccccccccccccccccccccc
eeeeeeeeeeeeeeeeeeeeeeeeeeeeabccccccccccccccccccccc
eeeeeeeeeeeeeeeeeeeeeeeeeeeeabccccccccccccccccccccc
eeeeeeeeeeeeeeeeeeeeeeeeeeeeabccccccccccccccccccccc
eeeeeeeeeeeeeeeeeeeeeeeeeeeeabccccccccccccccccccccc
eeeeeeeeeeeeeeeeeeeeeeeeeeeeabccccccccccccccccccccc
eeeeeeeeeeeeeeeeeeeeeeeeeeeeabccccccccccccccccccccc
eeeeeeeeeeeeeeeeeeeeeeeeeeeeabcccccccccccccccccccccabccccccccccccccccccccc
eeeeeeeeeeeeeeeeeeeeeeeeeeee
abccccccccccccccccccccc
eeeeeeeeeeeeeeeeeeeeeeeeeeee
abccccccccccccccccccccc
eeeeeeeeeeeeeeeeeeeeeeeeeeeeabccccccccccccccccccccc
eeeeeeeeeeeeeeeeeeeeeeeeeeeeabccccccccccccccccccccc
eeeeeeeeeeeeeeeeeeeeeeeeeeeeabccccccccccccccccccccc
eeeeeeeeeeeeeeeeeeeeeeeeeeeeabccccccccccccccccccccc
eeeeeeeeeeeeeeeeeeeeeeeeeeeeabccccccccccccccccccccc
eeeeeeeeeeeeeeeeeeeeeeeeeeeeabccccccccccccccccccccc
eeeeeeeeeeeeeeeeeeeeeeeeeeeeabccccccccccccccccccccc
eeeeeeeeeeeeeeeeeeeeeeeeeeeeabccccccccccccccccccccc
eeeeeeeeeeeeeeeeeeeeeeeeeeeeabccccccccccccccccccccc
eeeeeeeeeeeeeeeeeeeeeeeeeeeeabccccccccccccccccccccc
eeeeeeeeeeeeeeeeeeeeeeeeeeeeabccccccccccccccccccccc
eeeeeeeeeeeeeeeeeeeeeeeeeeeeabcccccccccccccccccccccabccccccccccccccccccccc
eeeeeeeeeeeeeeeeeeeeeeeeeeee
abccccccccccccccccccccc
eeeeeeeeeeeeeeeeeeeeeeeeeeee
abccccccccccccccccccccc
eeeeeeeeeeeeeeeeeeeeeeeeeeeeabccccccccccccccccccccc
eeeeeeeeeeeeeeeeeeeeeeeeeeeeabccccccccccccccccccccc
eeeeeeeeeeeeeeeeeeeeeeeeeeeeabccccccccccccccccccccc
eeeeeeeeeeeeeeeeeeeeeeeeeeeeabccccccccccccccccccccc
eeeeeeeeeeeeeeeeeeeeeeeeeeeeabccccccccccccccccccccc
eeeeeeeeeeeeeeeeeeeeeeeeeeeeabccccccccccccccccccccc
eeeeeeeeeeeeeeeeeeeeeeeeeeeeabccccccccccccccccccccc
eeeeeeeeeeeeeeeeeeeeeeeeeeeeabccccccccccccccccccccc
eeeeeeeeeeeeeeeeeeeeeeeeeeeeabccccccccccccccccccccc
eeeeeeeeeeeeeeeeeeeeeeeeeeeeabccccccccccccccccccccc
eeeeeeeeeeeeeeeeeeeeeeeeeeeeabccccccccccccccccccccc
eeeeeeeeeeeeeeeeeeeeeeeeeeeeabcccccccccccccccccccccabccccccccccccccccccccc
eeeeeeeeeeeeeeeeeeeeeeeeeeee
abccccccccccccccccccccc
eeeeeeeeeeeeeeeeeeeeeeeeeeee
abccccccccccccccccccccc
eeeeeeeeeeeeeeeeeeeeeeeeeeeeabccccccccccccccccccccc
eeeeeeeeeeeeeeeeeeeeeeeeeeeeabccccccccccccccccccccc
eeeeeeeeeeeeeeeeeeeeeeeeeeeeabccccccccccccccccccccc
eeeeeeeeeeeeeeeeeeeeeeeeeeeeabccccccccccccccccccccc
eeeeeeeeeeeeeeeeeeeeeeeeeeeeabccccccccccccccccccccc
eeeeeeeeeeeeeeeeeeeeeeeeeeeeabccccccccccccccccccccc
eeeeeeeeeeeeeeeeeeeeeeeeeeeeabccccccccccccccccccccc
eeeeeeeeeeeeeeeeeeeeeeeeeeeeabccccccccccccccccccccc
eeeeeeeeeeeeeeeeeeeeeeeeeeeeabccccccccccccccccccccc
eeeeeeeeeeeeeeeeeeeeeeeeeeeeabccccccccccccccccccccc
eeeeeeeeeeeeeeeeeeeeeeeeeeeeabccccccccccccccccccccc
eeeeeeeeeeeeeeeeeeeeeeeeeeeeabcccccccccccccccccccccabccccccccccccccccccccc
eeeeeeeeeeeeeeeeeeeeeeeeeeee
abccccccccccccccccccccc
eeeeeeeeeeeeeeeeeeeeeeeeeeee
abccccccccccccccccccccc
eeeeeeeeeeeeeeeeeeeeeeeeeeeeabccccccccccccccccccccc
eeeeeeeeeeeeeeeeeeeeeeeeeeeeabccccccccccccccccccccc
eeeeeeeeeeeeeeeeeeeeeeeeeeeeabccccccccccccccccccccc
eeeeeeeeeeeeeeeeeeeeeeeeeeeeabccccccccccccccccccccc
eeeeeeeeeeeeeeeeeeeeeeeeeeeeabccccccccccccccccccccc
eeeeeeeeeeeeeeeeeeeeeeeeeeeeabccccccccccccccccccccc
eeeeeeeeeeeeeeeeeeeeeeeeeeeeabccccccccccccccccccccc
eeeeeeeeeeeeeeeeeeeeeeeeeeeeabccccccccccccccccccccc
eeeeeeeeeeeeeeeeeeeeeeeeeeeeabccccccccccccccccccccc
eeeeeeeeeeeeeeeeeeeeeeeeeeeeabccccccccccccccccccccc
eeeeeeeeeeeeeeeeeeeeeeeeeeeeabccccccccccccccccccccc
eeeeeeeeeeeeeeeeeeeeeeeeeeeeabcccccccccccccccccccccabccccccccccccccccccccc
eeeeeeeeeeeeeeeeeeeeeeeeeeee
abccccccccccccccccccccc
eeeeeeeeeeeeeeeeeeeeeeeeeeee
abccccccccccccccccccccc
eeeeeeeeeeeeeeeeeeeeeeeeeeeeabccccccccccccccccccccc
eeeeeeeeeeeeeeeeeeeeeeeeeeeeabccccccccccccccccccccc
eeeeeeeeeeeeeeeeeeeeeeeeeeeeabccccccccccccccccccccc
eeeeeeeeeeeeeeeeeeeeeeeeeeeeabccccccccccccccccccccc
eeeeeeeeeeeeeeeeeeeeeeeeeeeeabccccccccccccccccccccc
eeeeeeeeeeeeeeeeeeeeeeeeeeeeabccccccccccccccccccccc
eeeeeeeeeeeeeeeeeeeeeeeeeeeeabccccccccccccccccccccc
eeeeeeeeeeeeeeeeeeeeeeeeeeeeabccccccccccccccccccccc
eeeeeeeeeeeeeeeeeeeeeeeeeeeeabccccccccccccccccccccc
eeeeeeeeeeeeeeeeeeeeeeeeeeeeabccccccccccccccccccccc
eeeeeeeeeeeeeeeeeeeeeeeeeeeeabccccccccccccccccccccc
eeeeeeeeeeeeeeeeeeeeeeeeeeeeabcccccccccccccccccccccabccccccccccccccccccccc
eeeeeeeeeeeeeeeeeeeeeeeeeeee
abccccccccccccccccccccc
eeeeeeeeeeeeeeeeeeeeeeeeeeee
abccccccccccccccccccccc
eeeeeeeeeeeeeeeeeeeeeeeeeeeeabccccccccccccccccccccc
eeeeeeeeeeeeeeeeeeeeeeeeeeeeabccccccccccccccccccccc
eeeeeeeeeeeeeeeeeeeeeeeeeeeeabccccccccccccccccccccc
eeeeeeeeeeeeeeeeeeeeeeeeeeeeabccccccccccccccccccccc
eeeeeeeeeeeeeeeeeeeeeeeeeeeeabccccccccccccccccccccc
eeeeeeeeeeeeeeeeeeeeeeeeeeeeabccccccccccccccccccccc
eeeeeeeeeeeeeeeeeeeeeeeeeeeeabccccccccccccccccccccc
eeeeeeeeeeeeeeeeeeeeeeeeeeeeabccccccccccccccccccccc
eeeeeeeeeeeeeeeeeeeeeeeeeeeeabccccccccccccccccccccc
eeeeeeeeeeeeeeeeeeeeeeeeeeeeabccccccccccccccccccccc
eeeeeeeeeeeeeeeeeeeeeeeeeeeeabccccccccccccccccccccc
eeeeeeeeeeeeeeeeeeeeeeeeeeeeabcccccccccccccccccccccabccccccccccccccccccccc
eeeeeeeeeeeeeeeeeeeeeeeeeeee
abccccccccccccccccccccc
eeeeeeeeeeeeeeeeeeeeeeeeeeee
abccccccccccccccccccccc
eeeeeeeeeeeeeeeeeeeeeeeeeeeeabccccccccccccccccccccc
eeeeeeeeeeeeeeeeeeeeeeeeeeeeabccccccccccccccccccccc
eeeeeeeeeeeeeeeeeeeeeeeeeeeeabccccccccccccccccccccc
eeeeeeeeeeeeeeeeeeeeeeeeeeeeabccccccccccccccccccccc
eeeeeeeeeeeeeeeeeeeeeeeeeeeeabccccccccccccccccccccc
eeeeeeeeeeeeeeeeeeeeeeeeeeeeabccccccccccccccccccccc
eeeeeeeeeeeeeeeeeeeeeeeeeeeeabccccccccccccccccccccc
eeeeeeeeeeeeeeeeeeeeeeeeeeeeabccccccccccccccccccccc
eeeeeeeeeeeeeeeeeeeeeeeeeeeeabccccccccccccccccccccc
eeeeeeeeeeeeeeeeeeeeeeeeeeeeabccccccccccccccccccccc
eeeeeeeeeeeeeeeeeeeeeeeeeeeeabccccccccccccccccccccc
eeeeeeeeeeeeeeeeeeeeeeeeeeeeabcccccccccccccccccccccabccccccccccccccccccccc
eeeeeeeeeeeeeeeeeeeeeeeeeeee
abccccccccccccccccccccc
eeeeeeeeeeeeeeeeeeeeeeeeeeee
abccccccccccccccccccccc
eeeeeeeeeeeeeeeeeeeeeeeeeeeeabccccccccccccccccccccc
eeeeeeeeeeeeeeeeeeeeeeeeeeeeabccccccccccccccccccccc
eeeeeeeeeeeeeeeeeeeeeeeeeeeeabccccccccccccccccccccc
eeeeeeeeeeeeeeeeeeeeeeeeeeeeabccccccccccccccccccccc
eeeeeeeeeeeeeeeeeeeeeeeeeeeeabccccccccccccccccccccc
eeeeeeeeeeeeeeeeeeeeeeeeeeeeabccccccccccccccccccccc
eeeeeeeeeeeeeeeeeeeeeeeeeeeeabccccccccccccccccccccc
eeeeeeeeeeeeeeeeeeeeeeeeeeeeabccccccccccccccccccccc
eeeeeeeeeeeeeeeeeeeeeeeeeeeeabccccccccccccccccccccc
eeeeeeeeeeeeeeeeeeeeeeeeeeeeabccccccccccccccccccccc
eeeeeeeeeeeeeeeeeeeeeeeeeeeeabccccccccccccccccccccc
eeeeeeeeeeeeeeeeeeeeeeeeeeeeabcccccccccccccccccccccabccccccccccccccccccccc
eeeeeeeeeeeeeeeeeeeeeeeeeeee
abccccccccccccccccccccc
eeeeeeeeeeeeeeeeeeeeeeeeeeee
abccccccccccccccccccccc
eeeeeeeeeeeeeeeeeeeeeeeeeeeeabccccccccccccccccccccc
eeeeeeeeeeeeeeeeeeeeeeeeeeeeabccccccccccccccccccccc
eeeeeeeeeeeeeeeeeeeeeeeeeeeeabccccccccccccccccccccc
eeeeeeeeeeeeeeeeeeeeeeeeeeeeabccccccccccccccccccccc
eeeeeeeeeeeeeeeeeeeeeeeeeeeeabccccccccccccccccccccc
eeeeeeeeeeeeeeeeeeeeeeeeeeeeabccccccccccccccccccccc
eeeeeeeeeeeeeeeeeeeeeeeeeeeeabccccccccccccccccccccc
eeeeeeeeeeeeeeeeeeeeeeeeeeeeabccccccccccccccccccccc
eeeeeeeeeeeeeeeeeeeeeeeeeeeeabccccccccccccccccccccc
eeeeeeeeeeeeeeeeeeeeeeeeeeeeabccccccccccccccccccccc
eeeeeeeeeeeeeeeeeeeeeeeeeeeeabccccccccccccccccccccc
eeeeeeeeeeeeeeeeeeeeeeeeeeeeabcccccccccccccccccccccabccccccccccccccccccccc
eeeeeeeeeeeeeeeeeeeeeeeeeeee
abccccccccccccccccccccc
eeeeeeeeeeeeeeeeeeeeeeeeeeee
abccccccccccccccccccccc
eeeeeeeeeeeeeeeeeeeeeeeeeeeeabccccccccccccccccccccc
eeeeeeeeeeeeeeeeeeeeeeeeeeeeabccccccccccccccccccccc
eeeeeeeeeeeeeeeeeeeeeeeeeeeeabccccccccccccccccccccc
eeeeeeeeeeeeeeeeeeeeeeeeeeeeabccccccccccccccccccccc
eeeeeeeeeeeeeeeeeeeeeeeeeeeeabccccccccccccccccccccc
eeeeeeeeeeeeeeeeeeeeeeeeeeeeabccccccccccccccccccccc
eeeeeeeeeeeeeeeeeeeeeeeeeeeeabccccccccccccccccccccc
eeeeeeeeeeeeeeeeeeeeeeeeeeeeabccccccccccccccccccccc
eeeeeeeeeeeeeeeeeeeeeeeeeeeeabccccccccccccccccccccc
eeeeeeeeeeeeeeeeeeeeeeeeeeeeabccccccccccccccccccccc
eeeeeeeeeeeeeeeeeeeeeeeeeeeeabccccccccccccccccccccc
eeeeeeeeeeeeeeeeeeeeeeeeeeeeabcccccccccccccccccccccabccccccccccccccccccccc
eeeeeeeeeeeeeeeeeeeeeeeeeeee
abccccccccccccccccccccc
eeeeeeeeeeeeeeeeeeeeeeeeeeee
abccccccccccccccccccccc
eeeeeeeeeeeeeeeeeeeeeeeeeeeeabccccccccccccccccccccc
eeeeeeeeeeeeeeeeeeeeeeeeeeeeabccccccccccccccccccccc
eeeeeeeeeeeeeeeeeeeeeeeeeeeeabccccccccccccccccccccc
eeeeeeeeeeeeeeeeeeeeeeeeeeeeabccccccccccccccccccccc
eeeeeeeeeeeeeeeeeeeeeeeeeeeeabccccccccccccccccccccc
eeeeeeeeeeeeeeeeeeeeeeeeeeeeabccccccccccccccccccccc
eeeeeeeeeeeeeeeeeeeeeeeeeeeeabccccccccccccccccccccc
eeeeeeeeeeeeeeeeeeeeeeeeeeeeabccccccccccccccccccccc
eeeeeeeeeeeeeeeeeeeeeeeeeeeeabccccccccccccccccccccc
eeeeeeeeeeeeeeeeeeeeeeeeeeeeabccccccccccccccccccccc
eeeeeeeeeeeeeeeeeeeeeeeeeeeeabccccccccccccccccccccc
eeeeeeeeeeeeeeeeeeeeeeeeeeeeabcccccccccccccccccccccabccccccccccccccccccccc
eeeeeeeeeeeeeeeeeeeeeeeeeeee
abccccccccccccccccccccc
eeeeeeeeeeeeeeeeeeeeeeeeeeee
abccccccccccccccccccccc
eeeeeeeeeeeeeeeeeeeeeeeeeeeeabccccccccccccccccccccc
eeeeeeeeeeeeeeeeeeeeeeeeeeeeabccccccccccccccccccccc
eeeeeeeeeeeeeeeeeeeeeeeeeeeeabccccccccccccccccccccc
eeeeeeeeeeeeeeeeeeeeeeeeeeeeabccccccccccccccccccccc
eeeeeeeeeeeeeeeeeeeeeeeeeeeeabccccccccccccccccccccc
eeeeeeeeeeeeeeeeeeeeeeeeeeeeabccccccccccccccccccccc
eeeeeeeeeeeeeeeeeeeeeeeeeeeeabccccccccccccccccccccc
eeeeeeeeeeeeeeeeeeeeeeeeeeeeabccccccccccccccccccccc
eeeeeeeeeeeeeeeeeeeeeeeeeeeeabccccccccccccccccccccc
eeeeeeeeeeeeeeeeeeeeeeeeeeeeabccccccccccccccccccccc
eeeeeeeeeeeeeeeeeeeeeeeeeeeeabccccccccccccccccccccc
eeeeeeeeeeeeeeeeeeeeeeeeeeeeabcccccccccccccccccccccabccccccccccccccccccccc
eeeeeeeeeeeeeeeeeeeeeeeeeeee
abccccccccccccccccccccc
eeeeeeeeeeeeeeeeeeeeeeeeeeee
abccccccccccccccccccccc
eeeeeeeeeeeeeeeeeeeeeeeeeeeeabccccccccccccccccccccc
eeeeeeeeeeeeeeeeeeeeeeeeeeeeabccccccccccccccccccccc
eeeeeeeeeeeeeeeeeeeeeeeeeeeeabccccccccccccccccccccc
eeeeeeeeeeeeeeeeeeeeeeeeeeeeabccccccccccccccccccccc
eeeeeeeeeeeeeeeeeeeeeeeeeeeeabccccccccccccccccccccc
eeeeeeeeeeeeeeeeeeeeeeeeeeeeabccccccccccccccccccccc
eeeeeeeeeeeeeeeeeeeeeeeeeeeeabccccccccccccccccccccc
eeeeeeeeeeeeeeeeeeeeeeeeeeeeabccccccccccccccccccccc
eeeeeeeeeeeeeeeeeeeeeeeeeeeeabccccccccccccccccccccc
eeeeeeeeeeeeeeeeeeeeeeeeeeeeabccccccccccccccccccccc
eeeeeeeeeeeeeeeeeeeeeeeeeeeeabccccccccccccccccccccc
eeeeeeeeeeeeeeeeeeeeeeeeeeeeabcccccccccccccccccccccabccccccccccccccccccccc
eeeeeeeeeeeeeeeeeeeeeeeeeeee
abccccccccccccccccccccc
eeeeeeeeeeeeeeeeeeeeeeeeeeee
abccccccccccccccccccccc
eeeeeeeeeeeeeeeeeeeeeeeeeeeeabccccccccccccccccccccc
eeeeeeeeeeeeeeeeeeeeeeeeeeeeabccccccccccccccccccccc
eeeeeeeeeeeeeeeeeeeeeeeeeeeeabccccccccccccccccccccc
eeeeeeeeeeeeeeeeeeeeeeeeeeeeabccccccccccccccccccccc
eeeeeeeeeeeeeeeeeeeeeeeeeeeeabccccccccccccccccccccc
eeeeeeeeeeeeeeeeeeeeeeeeeeeeabccccccccccccccccccccc
eeeeeeeeeeeeeeeeeeeeeeeeeeeeabccccccccccccccccccccc
eeeeeeeeeeeeeeeeeeeeeeeeeeeeabccccccccccccccccccccc
eeeeeeeeeeeeeeeeeeeeeeeeeeeeabccccccccccccccccccccc
eeeeeeeeeeeeeeeeeeeeeeeeeeeeabccccccccccccccccccccc
eeeeeeeeeeeeeeeeeeeeeeeeeeeeabccccccccccccccccccccc
eeeeeeeeeeeeeeeeeeeeeeeeeeeeabcccccccccccccccccccccabccccccccccccccccccccc
eeeeeeeeeeeeeeeeeeeeeeeeeeee
abccccccccccccccccccccc
eeeeeeeeeeeeeeeeeeeeeeeeeeee
abccccccccccccccccccccc
eeeeeeeeeeeeeeeeeeeeeeeeeeeeabccccccccccccccccccccc
eeeeeeeeeeeeeeeeeeeeeeeeeeeeabccccccccccccccccccccc
eeeeeeeeeeeeeeeeeeeeeeeeeeeeabccccccccccccccccccccc
eeeeeeeeeeeeeeeeeeeeeeeeeeeeabccccccccccccccccccccc
eeeeeeeeeeeeeeeeeeeeeeeeeeeeabccccccccccccccccccccc
eeeeeeeeeeeeeeeeeeeeeeeeeeeeabccccccccccccccccccccc
eeeeeeeeeeeeeeeeeeeeeeeeeeeeabccccccccccccccccccccc
eeeeeeeeeeeeeeeeeeeeeeeeeeeeabccccccccccccccccccccc
eeeeeeeeeeeeeeeeeeeeeeeeeeeeabccccccccccccccccccccc
eeeeeeeeeeeeeeeeeeeeeeeeeeeeabccccccccccccccccccccc
eeeeeeeeeeeeeeeeeeeeeeeeeeeeabccccccccccccccccccccc
eeeeeeeeeeeeeeeeeeeeeeeeeeeeabcccccccccccccccccccccabccccccccccccccccccccc
eeeeeeeeeeeeeeeeeeeeeeeeeeee
abccccccccccccccccccccc
eeeeeeeeeeeeeeeeeeeeeeeeeeee
abccccccccccccccccccccc
eeeeeeeeeeeeeeeeeeeeeeeeeeeeabccccccccccccccccccccc
eeeeeeeeeeeeeeeeeeeeeeeeeeeeabccccccccccccccccccccc
eeeeeeeeeeeeeeeeeeeeeeeeeeeeabccccccccccccccccccccc
eeeeeeeeeeeeeeeeeeeeeeeeeeeeabccccccccccccccccccccc
eeeeeeeeeeeeeeeeeeeeeeeeeeeeabccccccccccccccccccccc
eeeeeeeeeeeeeeeeeeeeeeeeeeeeabccccccccccccccccccccc
eeeeeeeeeeeeeeeeeeeeeeeeeeeeabccccccccccccccccccccc
eeeeeeeeeeeeeeeeeeeeeeeeeeeeabccccccccccccccccccccc
eeeeeeeeeeeeeeeeeeeeeeeeeeeeabccccccccccccccccccccc
eeeeeeeeeeeeeeeeeeeeeeeeeeeeabccccccccccccccccccccc
eeeeeeeeeeeeeeeeeeeeeeeeeeeeabccccccccccccccccccccc
eeeeeeeeeeeeeeeeeeeeeeeeeeeeabcccccccccccccccccccccabccccccccccccccccccccc
eeeeeeeeeeeeeeeeeeeeeeeeeeee
abccccccccccccccccccccc
eeeeeeeeeeeeeeeeeeeeeeeeeeee
abccccccccccccccccccccc
eeeeeeeeeeeeeeeeeeeeeeeeeeeeabccccccccccccccccccccc
eeeeeeeeeeeeeeeeeeeeeeeeeeeeabccccccccccccccccccccc
eeeeeeeeeeeeeeeeeeeeeeeeeeeeabccccccccccccccccccccc
eeeeeeeeeeeeeeeeeeeeeeeeeeeeabccccccccccccccccccccc
eeeeeeeeeeeeeeeeeeeeeeeeeeeeabccccccccccccccccccccc
eeeeeeeeeeeeeeeeeeeeeeeeeeeeabccccccccccccccccccccc
eeeeeeeeeeeeeeeeeeeeeeeeeeeeabccccccccccccccccccccc
eeeeeeeeeeeeeeeeeeeeeeeeeeeeabccccccccccccccccccccc
eeeeeeeeeeeeeeeeeeeeeeeeeeeeabccccccccccccccccccccc
eeeeeeeeeeeeeeeeeeeeeeeeeeeeabccccccccccccccccccccc
eeeeeeeeeeeeeeeeeeeeeeeeeeeeabccccccccccccccccccccc
eeeeeeeeeeeeeeeeeeeeeeeeeeeeabcccccccccccccccccccccabccccccccccccccccccccc
eeeeeeeeeeeeeeeeeeeeeeeeeeee
abccccccccccccccccccccc
eeeeeeeeeeeeeeeeeeeeeeeeeeee
abccccccccccccccccccccc
eeeeeeeeeeeeeeeeeeeeeeeeeeeeabccccccccccccccccccccc
eeeeeeeeeeeeeeeeeeeeeeeeeeeeabccccccccccccccccccccc
eeeeeeeeeeeeeeeeeeeeeeeeeeeeabccccccccccccccccccccc
eeeeeeeeeeeeeeeeeeeeeeeeeeeeabccccccccccccccccccccc
eeeeeeeeeeeeeeeeeeeeeeeeeeeeabccccccccccccccccccccc
eeeeeeeeeeeeeeeeeeeeeeeeeeeeabccccccccccccccccccccc
eeeeeeeeeeeeeeeeeeeeeeeeeeeeabccccccccccccccccccccc
eeeeeeeeeeeeeeeeeeeeeeeeeeeeabccccccccccccccccccccc
eeeeeeeeeeeeeeeeeeeeeeeeeeeeabccccccccccccccccccccc
eeeeeeeeeeeeeeeeeeeeeeeeeeeeabccccccccccccccccccccc
eeeeeeeeeeeeeeeeeeeeeeeeeeeeabccccccccccccccccccccc
eeeeeeeeeeeeeeeeeeeeeeeeeeeeabcccccccccccccccccccccabccccccccccccccccccccc
eeeeeeeeeeeeeeeeeeeeeeeeeeee
abccccccccccccccccccccc
eeeeeeeeeeeeeeeeeeeeeeeeeeee
abccccccccccccccccccccc
eeeeeeeeeeeeeeeeeeeeeeeeeeeeabccccccccccccccccccccc
eeeeeeeeeeeeeeeeeeeeeeeeeeeeabccccccccccccccccccccc
eeeeeeeeeeeeeeeeeeeeeeeeeeeeabccccccccccccccccccccc
eeeeeeeeeeeeeeeeeeeeeeeeeeeeabccccccccccccccccccccc
eeeeeeeeeeeeeeeeeeeeeeeeeeeeabccccccccccccccccccccc
eeeeeeeeeeeeeeeeeeeeeeeeeeeeabccccccccccccccccccccc
eeeeeeeeeeeeeeeeeeeeeeeeeeeeabccccccccccccccccccccc
eeeeeeeeeeeeeeeeeeeeeeeeeeeeabccccccccccccccccccccc
eeeeeeeeeeeeeeeeeeeeeeeeeeeeabccccccccccccccccccccc
eeeeeeeeeeeeeeeeeeeeeeeeeeeeabccccccccccccccccccccc
eeeeeeeeeeeeeeeeeeeeeeeeeeeeabccccccccccccccccccccc
eeeeeeeeeeeeeeeeeeeeeeeeeeeeabcccccccccccccccccccccabccccccccccccccccccccc
eeeeeeeeeeeeeeeeeeeeeeeeeeee
abccccccccccccccccccccc
eeeeeeeeeeeeeeeeeeeeeeeeeeee
abccccccccccccccccccccc
eeeeeeeeeeeeeeeeeeeeeeeeeeeeabccccccccccccccccccccc
eeeeeeeeeeeeeeeeeeeeeeeeeeeeabccccccccccccccccccccc
eeeeeeeeeeeeeeeeeeeeeeeeeeeeabccccccccccccccccccccc
eeeeeeeeeeeeeeeeeeeeeeeeeeeeabccccccccccccccccccccc
eeeeeeeeeeeeeeeeeeeeeeeeeeeeabccccccccccccccccccccc
eeeeeeeeeeeeeeeeeeeeeeeeeeeeabccccccccccccccccccccc
eeeeeeeeeeeeeeeeeeeeeeeeeeeeabccccccccccccccccccccc
eeeeeeeeeeeeeeeeeeeeeeeeeeeeabccccccccccccccccccccc
eeeeeeeeeeeeeeeeeeeeeeeeeeeeabccccccccccccccccccccc
eeeeeeeeeeeeeeeeeeeeeeeeeeeeabccccccccccccccccccccc
eeeeeeeeeeeeeeeeeeeeeeeeeeeeabccccccccccccccccccccc
eeeeeeeeeeeeeeeeeeeeeeeeeeeeabcccccccccccccccccccccabccccccccccccccccccccc
eeeeeeeeeeeeeeeeeeeeeeeeeeee
abccccccccccccccccccccc
eeeeeeeeeeeeeeeeeeeeeeeeeeee
abccccccccccccccccccccc
eeeeeeeeeeeeeeeeeeeeeeeeeeeeabccccccccccccccccccccc
eeeeeeeeeeeeeeeeeeeeeeeeeeeeabccccccccccccccccccccc
eeeeeeeeeeeeeeeeeeeeeeeeeeeeabccccccccccccccccccccc
eeeeeeeeeeeeeeeeeeeeeeeeeeeeabccccccccccccccccccccc
eeeeeeeeeeeeeeeeeeeeeeeeeeeeabccccccccccccccccccccc
eeeeeeeeeeeeeeeeeeeeeeeeeeeeabccccccccccccccccccccc
eeeeeeeeeeeeeeeeeeeeeeeeeeeeabccccccccccccccccccccc
eeeeeeeeeeeeeeeeeeeeeeeeeeeeabccccccccccccccccccccc
eeeeeeeeeeeeeeeeeeeeeeeeeeeeabccccccccccccccccccccc
eeeeeeeeeeeeeeeeeeeeeeeeeeeeabccccccccccccccccccccc
eeeeeeeeeeeeeeeeeeeeeeeeeeeeabccccccccccccccccccccc
eeeeeeeeeeeeeeeeeeeeeeeeeeeeabcccccccccccccccccccccabccccccccccccccccccccc
eeeeeeeeeeeeeeeeeeeeeeeeeeee
abccccccccccccccccccccc
eeeeeeeeeeeeeeeeeeeeeeeeeeee
abccccccccccccccccccccc
eeeeeeeeeeeeeeeeeeeeeeeeeeeeabccccccccccccccccccccc
eeeeeeeeeeeeeeeeeeeeeeeeeeeeabccccccccccccccccccccc
eeeeeeeeeeeeeeeeeeeeeeeeeeeeabccccccccccccccccccccc
eeeeeeeeeeeeeeeeeeeeeeeeeeeeabccccccccccccccccccccc
eeeeeeeeeeeeeeeeeeeeeeeeeeeeabccccccccccccccccccccc
eeeeeeeeeeeeeeeeeeeeeeeeeeeeabccccccccccccccccccccc
eeeeeeeeeeeeeeeeeeeeeeeeeeeeabccccccccccccccccccccc
eeeeeeeeeeeeeeeeeeeeeeeeeeeeabccccccccccccccccccccc
eeeeeeeeeeeeeeeeeeeeeeeeeeeeabccccccccccccccccccccc
eeeeeeeeeeeeeeeeeeeeeeeeeeeeabccccccccccccccccccccc
eeeeeeeeeeeeeeeeeeeeeeeeeeeeabccccccccccccccccccccc
eeeeeeeeeeeeeeeeeeeeeeeeeeeeabcccccccccccccccccccccabccccccccccccccccccccc
eeeeeeeeeeeeeeeeeeeeeeeeeeee
abccccccccccccccccccccc
eeeeeeeeeeeeeeeeeeeeeeeeeeee
abccccccccccccccccccccc
eeeeeeeeeeeeeeeeeeeeeeeeeeeeabccccccccccccccccccccc
eeeeeeeeeeeeeeeeeeeeeeeeeeeeabccccccccccccccccccccc
eeeeeeeeeeeeeeeeeeeeeeeeeeeeabccccccccccccccccccccc
eeeeeeeeeeeeeeeeeeeeeeeeeeeeabccccccccccccccccccccc
eeeeeeeeeeeeeeeeeeeeeeeeeeeeabccccccccccccccccccccc
eeeeeeeeeeeeeeeeeeeeeeeeeeeeabccccccccccccccccccccc
eeeeeeeeeeeeeeeeeeeeeeeeeeeeabccccccccccccccccccccc
eeeeeeeeeeeeeeeeeeeeeeeeeeeeabccccccccccccccccccccc
eeeeeeeeeeeeeeeeeeeeeeeeeeeeabccccccccccccccccccccc
eeeeeeeeeeeeeeeeeeeeeeeeeeeeabccccccccccccccccccccc
eeeeeeeeeeeeeeeeeeeeeeeeeeeeabccccccccccccccccccccc
eeeeeeeeeeeeeeeeeeeeeeeeeeeeabcccccccccccccccccccccabccccccccccccccccccccc
eeeeeeeeeeeeeeeeeeeeeeeeeeee
abccccccccccccccccccccc
eeeeeeeeeeeeeeeeeeeeeeeeeeee
abccccccccccccccccccccc
eeeeeeeeeeeeeeeeeeeeeeeeeeeeabccccccccccccccccccccc
eeeeeeeeeeeeeeeeeeeeeeeeeeeeabccccccccccccccccccccc
eeeeeeeeeeeeeeeeeeeeeeeeeeeeabccccccccccccccccccccc
eeeeeeeeeeeeeeeeeeeeeeeeeeeeabccccccccccccccccccccc
eeeeeeeeeeeeeeeeeeeeeeeeeeeeabccccccccccccccccccccc
eeeeeeeeeeeeeeeeeeeeeeeeeeeeabccccccccccccccccccccc
eeeeeeeeeeeeeeeeeeeeeeeeeeeeabccccccccccccccccccccc
eeeeeeeeeeeeeeeeeeeeeeeeeeeeabccccccccccccccccccccc
eeeeeeeeeeeeeeeeeeeeeeeeeeeeabccccccccccccccccccccc
eeeeeeeeeeeeeeeeeeeeeeeeeeeeabccccccccccccccccccccc
eeeeeeeeeeeeeeeeeeeeeeeeeeeeabccccccccccccccccccccc
eeeeeeeeeeeeeeeeeeeeeeeeeeeeabcccccccccccccccccccccabccccccccccccccccccccc
eeeeeeeeeeeeeeeeeeeeeeeeeeee
abccccccccccccccccccccc
eeeeeeeeeeeeeeeeeeeeeeeeeeee
abccccccccccccccccccccc
eeeeeeeeeeeeeeeeeeeeeeeeeeeeabccccccccccccccccccccc
eeeeeeeeeeeeeeeeeeeeeeeeeeeeabccccccccccccccccccccc
eeeeeeeeeeeeeeeeeeeeeeeeeeeeabccccccccccccccccccccc
eeeeeeeeeeeeeeeeeeeeeeeeeeeeabccccccccccccccccccccc
eeeeeeeeeeeeeeeeeeeeeeeeeeeeabccccccccccccccccccccc
eeeeeeeeeeeeeeeeeeeeeeeeeeeeabccccccccccccccccccccc
eeeeeeeeeeeeeeeeeeeeeeeeeeeeabccccccccccccccccccccc
eeeeeeeeeeeeeeeeeeeeeeeeeeeeabccccccccccccccccccccc
eeeeeeeeeeeeeeeeeeeeeeeeeeeeabccccccccccccccccccccc
eeeeeeeeeeeeeeeeeeeeeeeeeeeeabccccccccccccccccccccc
eeeeeeeeeeeeeeeeeeeeeeeeeeeeabccccccccccccccccccccc
eeeeeeeeeeeeeeeeeeeeeeeeeeeeabcccccccccccccccccccccabccccccccccccccccccccc
eeeeeeeeeeeeeeeeeeeeeeeeeeee
abccccccccccccccccccccc
eeeeeeeeeeeeeeeeeeeeeeeeeeee
abccccccccccccccccccccc
eeeeeeeeeeeeeeeeeeeeeeeeeeeeabccccccccccccccccccccc
eeeeeeeeeeeeeeeeeeeeeeeeeeeeabccccccccccccccccccccc
eeeeeeeeeeeeeeeeeeeeeeeeeeeeabccccccccccccccccccccc
eeeeeeeeeeeeeeeeeeeeeeeeeeeeabccccccccccccccccccccc
eeeeeeeeeeeeeeeeeeeeeeeeeeeeabccccccccccccccccccccc
eeeeeeeeeeeeeeeeeeeeeeeeeeeeabccccccccccccccccccccc
eeeeeeeeeeeeeeeeeeeeeeeeeeeeabccccccccccccccccccccc
eeeeeeeeeeeeeeeeeeeeeeeeeeeeabccccccccccccccccccccc
eeeeeeeeeeeeeeeeeeeeeeeeeeeeabccccccccccccccccccccc
eeeeeeeeeeeeeeeeeeeeeeeeeeeeabccccccccccccccccccccc
eeeeeeeeeeeeeeeeeeeeeeeeeeeeabccccccccccccccccccccc
eeeeeeeeeeeeeeeeeeeeeeeeeeeeabcccccccccccccccccccccabccccccccccccccccccccc
eeeeeeeeeeeeeeeeeeeeeeeeeeee
abccccccccccccccccccccc
eeeeeeeeeeeeeeeeeeeeeeeeeeee
abccccccccccccccccccccc
eeeeeeeeeeeeeeeeeeeeeeeeeeeeabccccccccccccccccccccc
eeeeeeeeeeeeeeeeeeeeeeeeeeeeabccccccccccccccccccccc
eeeeeeeeeeeeeeeeeeeeeeeeeeeeabccccccccccccccccccccc
eeeeeeeeeeeeeeeeeeeeeeeeeeeeabccccccccccccccccccccc
eeeeeeeeeeeeeeeeeeeeeeeeeeeeabccccccccccccccccccccc
eeeeeeeeeeeeeeeeeeeeeeeeeeeeabccccccccccccccccccccc
eeeeeeeeeeeeeeeeeeeeeeeeeeeeabccccccccccccccccccccc
eeeeeeeeeeeeeeeeeeeeeeeeeeeeabccccccccccccccccccccc
eeeeeeeeeeeeeeeeeeeeeeeeeeeeabccccccccccccccccccccc
eeeeeeeeeeeeeeeeeeeeeeeeeeeeabccccccccccccccccccccc
eeeeeeeeeeeeeeeeeeeeeeeeeeeeabccccccccccccccccccccc
eeeeeeeeeeeeeeeeeeeeeeeeeeeeabcccccccccccccccccccccabccccccccccccccccccccc
eeeeeeeeeeeeeeeeeeeeeeeeeeee
abccccccccccccccccccccc
eeeeeeeeeeeeeeeeeeeeeeeeeeee
abccccccccccccccccccccc
eeeeeeeeeeeeeeeeeeeeeeeeeeeeabccccccccccccccccccccc
eeeeeeeeeeeeeeeeeeeeeeeeeeeeabccccccccccccccccccccc
eeeeeeeeeeeeeeeeeeeeeeeeeeeeabccccccccccccccccccccc
eeeeeeeeeeeeeeeeeeeeeeeeeeeeabccccccccccccccccccccc
eeeeeeeeeeeeeeeeeeeeeeeeeeeeabccccccccccccccccccccc
eeeeeeeeeeeeeeeeeeeeeeeeeeeeabccccccccccccccccccccc
eeeeeeeeeeeeeeeeeeeeeeeeeeeeabccccccccccccccccccccc
eeeeeeeeeeeeeeeeeeeeeeeeeeeeabccccccccccccccccccccc
eeeeeeeeeeeeeeeeeeeeeeeeeeeeabccccccccccccccccccccc
eeeeeeeeeeeeeeeeeeeeeeeeeeeeabccccccccccccccccccccc
eeeeeeeeeeeeeeeeeeeeeeeeeeeeabccccccccccccccccccccc
eeeeeeeeeeeeeeeeeeeeeeeeeeeeabcccccccccccccccccccccabccccccccccccccccccccc
eeeeeeeeeeeeeeeeeeeeeeeeeeee
abccccccccccccccccccccc
eeeeeeeeeeeeeeeeeeeeeeeeeeee
abccccccccccccccccccccc
eeeeeeeeeeeeeeeeeeeeeeeeeeeeabccccccccccccccccccccc
eeeeeeeeeeeeeeeeeeeeeeeeeeeeabccccccccccccccccccccc
eeeeeeeeeeeeeeeeeeeeeeeeeeeeabccccccccccccccccccccc
eeeeeeeeeeeeeeeeeeeeeeeeeeeeabccccccccccccccccccccc
eeeeeeeeeeeeeeeeeeeeeeeeeeeeabccccccccccccccccccccc
eeeeeeeeeeeeeeeeeeeeeeeeeeeeabccccccccccccccccccccc
eeeeeeeeeeeeeeeeeeeeeeeeeeeeabccccccccccccccccccccc
eeeeeeeeeeeeeeeeeeeeeeeeeeeeabccccccccccccccccccccc
eeeeeeeeeeeeeeeeeeeeeeeeeeeeabccccccccccccccccccccc
eeeeeeeeeeeeeeeeeeeeeeeeeeeeabccccccccccccccccccccc
eeeeeeeeeeeeeeeeeeeeeeeeeeeeabccccccccccccccccccccc
eeeeeeeeeeeeeeeeeeeeeeeeeeeeabcccccccccccccccccccccabccccccccccccccccccccc
eeeeeeeeeeeeeeeeeeeeeeeeeeee
abccccccccccccccccccccc
eeeeeeeeeeeeeeeeeeeeeeeeeeee
abccccccccccccccccccccc
eeeeeeeeeeeeeeeeeeeeeeeeeeeeabccccccccccccccccccccc
eeeeeeeeeeeeeeeeeeeeeeeeeeeeabccccccccccccccccccccc
eeeeeeeeeeeeeeeeeeeeeeeeeeeeabccccccccccccccccccccc
eeeeeeeeeeeeeeeeeeeeeeeeeeeeabccccccccccccccccccccc
eeeeeeeeeeeeeeeeeeeeeeeeeeeeabccccccccccccccccccccc
eeeeeeeeeeeeeeeeeeeeeeeeeeeeabccccccccccccccccccccc
eeeeeeeeeeeeeeeeeeeeeeeeeeeeabccccccccccccccccccccc
eeeeeeeeeeeeeeeeeeeeeeeeeeeeabccccccccccccccccccccc
eeeeeeeeeeeeeeeeeeeeeeeeeeeeabccccccccccccccccccccc
eeeeeeeeeeeeeeeeeeeeeeeeeeeeabccccccccccccccccccccc
eeeeeeeeeeeeeeeeeeeeeeeeeeeeabccccccccccccccccccccc
eeeeeeeeeeeeeeeeeeeeeeeeeeeeabcccccccccccccccccccccabccccccccccccccccccccc
eeeeeeeeeeeeeeeeeeeeeeeeeeee
abccccccccccccccccccccc
eeeeeeeeeeeeeeeeeeeeeeeeeeee
abccccccccccccccccccccc
eeeeeeeeeeeeeeeeeeeeeeeeeeeeabccccccccccccccccccccc
eeeeeeeeeeeeeeeeeeeeeeeeeeeeabccccccccccccccccccccc
eeeeeeeeeeeeeeeeeeeeeeeeeeeeabccccccccccccccccccccc
eeeeeeeeeeeeeeeeeeeeeeeeeeeeabccccccccccccccccccccc
eeeeeeeeeeeeeeeeeeeeeeeeeeeeabccccccccccccccccccccc
eeeeeeeeeeeeeeeeeeeeeeeeeeeeabccccccccccccccccccccc
eeeeeeeeeeeeeeeeeeeeeeeeeeeeabccccccccccccccccccccc
eeeeeeeeeeeeeeeeeeeeeeeeeeeeabccccccccccccccccccccc
eeeeeeeeeeeeeeeeeeeeeeeeeeeeabccccccccccccccccccccc
eeeeeeeeeeeeeeeeeeeeeeeeeeeeabccccccccccccccccccccc
eeeeeeeeeeeeeeeeeeeeeeeeeeeeabccccccccccccccccccccc
eeeeeeeeeeeeeeeeeeeeeeeeeeeeabcccccccccccccccccccccabccccccccccccccccccccc
eeeeeeeeeeeeeeeeeeeeeeeeeeee
abccccccccccccccccccccc
eeeeeeeeeeeeeeeeeeeeeeeeeeee
abccccccccccccccccccccc
eeeeeeeeeeeeeeeeeeeeeeeeeeeeabccccccccccccccccccccc
eeeeeeeeeeeeeeeeeeeeeeeeeeeeabccccccccccccccccccccc
eeeeeeeeeeeeeeeeeeeeeeeeeeeeabccccccccccccccccccccc
eeeeeeeeeeeeeeeeeeeeeeeeeeeeabccccccccccccccccccccc
eeeeeeeeeeeeeeeeeeeeeeeeeeeeabccccccccccccccccccccc
eeeeeeeeeeeeeeeeeeeeeeeeeeeeabccccccccccccccccccccc
eeeeeeeeeeeeeeeeeeeeeeeeeeeeabccccccccccccccccccccc
eeeeeeeeeeeeeeeeeeeeeeeeeeeeabccccccccccccccccccccc
eeeeeeeeeeeeeeeeeeeeeeeeeeeeabccccccccccccccccccccc
eeeeeeeeeeeeeeeeeeeeeeeeeeeeabccccccccccccccccccccc
eeeeeeeeeeeeeeeeeeeeeeeeeeeeabccccccccccccccccccccc
eeeeeeeeeeeeeeeeeeeeeeeeeeeeabcccccccccccccccccccccabccccccccccccccccccccc
eeeeeeeeeeeeeeeeeeeeeeeeeeee
abccccccccccccccccccccc
eeeeeeeeeeeeeeeeeeeeeeeeeeee
abccccccccccccccccccccc
eeeeeeeeeeeeeeeeeeeeeeeeeeeeabccccccccccccccccccccc
eeeeeeeeeeeeeeeeeeeeeeeeeeeeabccccccccccccccccccccc
eeeeeeeeeeeeeeeeeeeeeeeeeeeeabccccccccccccccccccccc
eeeeeeeeeeeeeeeeeeeeeeeeeeeeabccccccccccccccccccccc
eeeeeeeeeeeeeeeeeeeeeeeeeeeeabccccccccccccccccccccc
eeeeeeeeeeeeeeeeeeeeeeeeeeeeabccccccccccccccccccccc
eeeeeeeeeeeeeeeeeeeeeeeeeeeeabccccccccccccccccccccc
eeeeeeeeeeeeeeeeeeeeeeeeeeeeabccccccccccccccccccccc
eeeeeeeeeeeeeeeeeeeeeeeeeeeeabccccccccccccccccccccc
eeeeeeeeeeeeeeeeeeeeeeeeeeeeabccccccccccccccccccccc
eeeeeeeeeeeeeeeeeeeeeeeeeeeeabccccccccccccccccccccc
eeeeeeeeeeeeeeeeeeeeeeeeeeeeabcccccccccccccccccccccabccccccccccccccccccccc
eeeeeeeeeeeeeeeeeeeeeeeeeeee
abccccccccccccccccccccc
eeeeeeeeeeeeeeeeeeeeeeeeeeee
abccccccccccccccccccccc
eeeeeeeeeeeeeeeeeeeeeeeeeeeeabccccccccccccccccccccc
eeeeeeeeeeeeeeeeeeeeeeeeeeeeabccccccccccccccccccccc
eeeeeeeeeeeeeeeeeeeeeeeeeeeeabccccccccccccccccccccc
eeeeeeeeeeeeeeeeeeeeeeeeeeeeabccccccccccccccccccccc
eeeeeeeeeeeeeeeeeeeeeeeeeeeeabccccccccccccccccccccc
eeeeeeeeeeeeeeeeeeeeeeeeeeeeabccccccccccccccccccccc
eeeeeeeeeeeeeeeeeeeeeeeeeeeeabccccccccccccccccccccc
eeeeeeeeeeeeeeeeeeeeeeeeeeeeabccccccccccccccccccccc
eeeeeeeeeeeeeeeeeeeeeeeeeeeeabccccccccccccccccccccc
eeeeeeeeeeeeeeeeeeeeeeeeeeeeabccccccccccccccccccccc
eeeeeeeeeeeeeeeeeeeeeeeeeeeeabccccccccccccccccccccc
eeeeeeeeeeeeeeeeeeeeeeeeeeeeabcccccccccccccccccccccabccccccccccccccccccccc
eeeeeeeeeeeeeeeeeeeeeeeeeeee
abccccccccccccccccccccc
eeeeeeeeeeeeeeeeeeeeeeeeeeee
abccccccccccccccccccccc
eeeeeeeeeeeeeeeeeeeeeeeeeeeeabccccccccccccccccccccc
eeeeeeeeeeeeeeeeeeeeeeeeeeeeabccccccccccccccccccccc
eeeeeeeeeeeeeeeeeeeeeeeeeeeeabccccccccccccccccccccc
eeeeeeeeeeeeeeeeeeeeeeeeeeeeabccccccccccccccccccccc
eeeeeeeeeeeeeeeeeeeeeeeeeeeeabccccccccccccccccccccc
eeeeeeeeeeeeeeeeeeeeeeeeeeeeabccccccccccccccccccccc
eeeeeeeeeeeeeeeeeeeeeeeeeeeeabccccccccccccccccccccc
eeeeeeeeeeeeeeeeeeeeeeeeeeeeabccccccccccccccccccccc
eeeeeeeeeeeeeeeeeeeeeeeeeeeeabccccccccccccccccccccc
eeeeeeeeeeeeeeeeeeeeeeeeeeeeabccccccccccccccccccccc
eeeeeeeeeeeeeeeeeeeeeeeeeeeeabccccccccccccccccccccc
eeeeeeeeeeeeeeeeeeeeeeeeeeeeabcccccccccccccccccccccabccccccccccccccccccccc
eeeeeeeeeeeeeeeeeeeeeeeeeeee
abccccccccccccccccccccc
eeeeeeeeeeeeeeeeeeeeeeeeeeee
abccccccccccccccccccccc
eeeeeeeeeeeeeeeeeeeeeeeeeeeeabccccccccccccccccccccc
eeeeeeeeeeeeeeeeeeeeeeeeeeeeabccccccccccccccccccccc
eeeeeeeeeeeeeeeeeeeeeeeeeeeeabccccccccccccccccccccc
eeeeeeeeeeeeeeeeeeeeeeeeeeeeabccccccccccccccccccccc
eeeeeeeeeeeeeeeeeeeeeeeeeeeeabccccccccccccccccccccc
eeeeeeeeeeeeeeeeeeeeeeeeeeeeabccccccccccccccccccccc
eeeeeeeeeeeeeeeeeeeeeeeeeeeeabccccccccccccccccccccc
eeeeeeeeeeeeeeeeeeeeeeeeeeeeabccccccccccccccccccccc
eeeeeeeeeeeeeeeeeeeeeeeeeeeeabccccccccccccccccccccc
eeeeeeeeeeeeeeeeeeeeeeeeeeeeabccccccccccccccccccccc
eeeeeeeeeeeeeeeeeeeeeeeeeeeeabccccccccccccccccccccc
eeeeeeeeeeeeeeeeeeeeeeeeeeeeabcccccccccccccccccccccabccccccccccccccccccccc
eeeeeeeeeeeeeeeeeeeeeeeeeeee
abccccccccccccccccccccc
eeeeeeeeeeeeeeeeeeeeeeeeeeee
abccccccccccccccccccccc
eeeeeeeeeeeeeeeeeeeeeeeeeeeeabccccccccccccccccccccc
eeeeeeeeeeeeeeeeeeeeeeeeeeeeabccccccccccccccccccccc
eeeeeeeeeeeeeeeeeeeeeeeeeeeeabccccccccccccccccccccc
eeeeeeeeeeeeeeeeeeeeeeeeeeeeabccccccccccccccccccccc
eeeeeeeeeeeeeeeeeeeeeeeeeeeeabccccccccccccccccccccc
eeeeeeeeeeeeeeeeeeeeeeeeeeeeabccccccccccccccccccccc
eeeeeeeeeeeeeeeeeeeeeeeeeeeeabccccccccccccccccccccc
eeeeeeeeeeeeeeeeeeeeeeeeeeeeabccccccccccccccccccccc
eeeeeeeeeeeeeeeeeeeeeeeeeeeeabccccccccccccccccccccc
eeeeeeeeeeeeeeeeeeeeeeeeeeeeabccccccccccccccccccccc
eeeeeeeeeeeeeeeeeeeeeeeeeeeeabccccccccccccccccccccc
eeeeeeeeeeeeeeeeeeeeeeeeeeeeabcccccccccccccccccccccabccccccccccccccccccccc
eeeeeeeeeeeeeeeeeeeeeeeeeeee
abccccccccccccccccccccc
eeeeeeeeeeeeeeeeeeeeeeeeeeee
abccccccccccccccccccccc
eeeeeeeeeeeeeeeeeeeeeeeeeeeeabccccccccccccccccccccc
eeeeeeeeeeeeeeeeeeeeeeeeeeeeabccccccccccccccccccccc
eeeeeeeeeeeeeeeeeeeeeeeeeeeeabccccccccccccccccccccc
eeeeeeeeeeeeeeeeeeeeeeeeeeeeabccccccccccccccccccccc
eeeeeeeeeeeeeeeeeeeeeeeeeeeeabccccccccccccccccccccc
eeeeeeeeeeeeeeeeeeeeeeeeeeeeabccccccccccccccccccccc
eeeeeeeeeeeeeeeeeeeeeeeeeeeeabccccccccccccccccccccc
eeeeeeeeeeeeeeeeeeeeeeeeeeeeabccccccccccccccccccccc
eeeeeeeeeeeeeeeeeeeeeeeeeeeeabccccccccccccccccccccc
eeeeeeeeeeeeeeeeeeeeeeeeeeeeabccccccccccccccccccccc
eeeeeeeeeeeeeeeeeeeeeeeeeeeeabccccccccccccccccccccc
eeeeeeeeeeeeeeeeeeeeeeeeeeeeabcccccccccccccccccccccabccccccccccccccccccccc
eeeeeeeeeeeeeeeeeeeeeeeeeeee
abccccccccccccccccccccc
eeeeeeeeeeeeeeeeeeeeeeeeeeee
abccccccccccccccccccccc
eeeeeeeeeeeeeeeeeeeeeeeeeeeeabccccccccccccccccccccc
eeeeeeeeeeeeeeeeeeeeeeeeeeeeabccccccccccccccccccccc
eeeeeeeeeeeeeeeeeeeeeeeeeeeeabccccccccccccccccccccc
eeeeeeeeeeeeeeeeeeeeeeeeeeeeabccccccccccccccccccccc
eeeeeeeeeeeeeeeeeeeeeeeeeeeeabccccccccccccccccccccc
eeeeeeeeeeeeeeeeeeeeeeeeeeeeabccccccccccccccccccccc
eeeeeeeeeeeeeeeeeeeeeeeeeeeeabccccccccccccccccccccc
eeeeeeeeeeeeeeeeeeeeeeeeeeeeabccccccccccccccccccccc
eeeeeeeeeeeeeeeeeeeeeeeeeeeeabccccccccccccccccccccc
eeeeeeeeeeeeeeeeeeeeeeeeeeeeabccccccccccccccccccccc
eeeeeeeeeeeeeeeeeeeeeeeeeeeeabccccccccccccccccccccc
eeeeeeeeeeeeeeeeeeeeeeeeeeeeabcccccccccccccccccccccabccccccccccccccccccccc
eeeeeeeeeeeeeeeeeeeeeeeeeeee
abccccccccccccccccccccc
eeeeeeeeeeeeeeeeeeeeeeeeeeee
abccccccccccccccccccccc
eeeeeeeeeeeeeeeeeeeeeeeeeeeeabccccccccccccccccccccc
eeeeeeeeeeeeeeeeeeeeeeeeeeeeabccccccccccccccccccccc
eeeeeeeeeeeeeeeeeeeeeeeeeeeeabccccccccccccccccccccc
eeeeeeeeeeeeeeeeeeeeeeeeeeeeabccccccccccccccccccccc
eeeeeeeeeeeeeeeeeeeeeeeeeeeeabccccccccccccccccccccc
eeeeeeeeeeeeeeeeeeeeeeeeeeeeabccccccccccccccccccccc
eeeeeeeeeeeeeeeeeeeeeeeeeeeeabccccccccccccccccccccc
eeeeeeeeeeeeeeeeeeeeeeeeeeeeabccccccccccccccccccccc
eeeeeeeeeeeeeeeeeeeeeeeeeeeeabccccccccccccccccccccc
eeeeeeeeeeeeeeeeeeeeeeeeeeeeabccccccccccccccccccccc
eeeeeeeeeeeeeeeeeeeeeeeeeeeeabccccccccccccccccccccc
eeeeeeeeeeeeeeeeeeeeeeeeeeeeabcccccccccccccccccccccabccccccccccccccccccccc
eeeeeeeeeeeeeeeeeeeeeeeeeeee
abccccccccccccccccccccc
eeeeeeeeeeeeeeeeeeeeeeeeeeee
abccccccccccccccccccccc
eeeeeeeeeeeeeeeeeeeeeeeeeeeeabccccccccccccccccccccc
eeeeeeeeeeeeeeeeeeeeeeeeeeeeabccccccccccccccccccccc
eeeeeeeeeeeeeeeeeeeeeeeeeeeeabccccccccccccccccccccc
eeeeeeeeeeeeeeeeeeeeeeeeeeeeabccccccccccccccccccccc
eeeeeeeeeeeeeeeeeeeeeeeeeeeeabccccccccccccccccccccc
eeeeeeeeeeeeeeeeeeeeeeeeeeeeabccccccccccccccccccccc
eeeeeeeeeeeeeeeeeeeeeeeeeeeeabccccccccccccccccccccc
eeeeeeeeeeeeeeeeeeeeeeeeeeeeabccccccccccccccccccccc
eeeeeeeeeeeeeeeeeeeeeeeeeeeeabccccccccccccccccccccc
eeeeeeeeeeeeeeeeeeeeeeeeeeeeabccccccccccccccccccccc
eeeeeeeeeeeeeeeeeeeeeeeeeeeeabccccccccccccccccccccc
eeeeeeeeeeeeeeeeeeeeeeeeeeeeabcccccccccccccccccccccabccccccccccccccccccccc
eeeeeeeeeeeeeeeeeeeeeeeeeeee
abccccccccccccccccccccc
eeeeeeeeeeeeeeeeeeeeeeeeeeee
abccccccccccccccccccccc
eeeeeeeeeeeeeeeeeeeeeeeeeeeeabccccccccccccccccccccc
eeeeeeeeeeeeeeeeeeeeeeeeeeeeabccccccccccccccccccccc
eeeeeeeeeeeeeeeeeeeeeeeeeeeeabccccccccccccccccccccc
eeeeeeeeeeeeeeeeeeeeeeeeeeeeabccccccccccccccccccccc
eeeeeeeeeeeeeeeeeeeeeeeeeeeeabccccccccccccccccccccc
eeeeeeeeeeeeeeeeeeeeeeeeeeeeabccccccccccccccccccccc
eeeeeeeeeeeeeeeeeeeeeeeeeeeeabccccccccccccccccccccc
eeeeeeeeeeeeeeeeeeeeeeeeeeeeabccccccccccccccccccccc
eeeeeeeeeeeeeeeeeeeeeeeeeeeeabccccccccccccccccccccc
eeeeeeeeeeeeeeeeeeeeeeeeeeeeabccccccccccccccccccccc
eeeeeeeeeeeeeeeeeeeeeeeeeeeeabccccccccccccccccccccc
eeeeeeeeeeeeeeeeeeeeeeeeeeeeabcccccccccccccccccccccabccccccccccccccccccccc
eeeeeeeeeeeeeeeeeeeeeeeeeeee
abccccccccccccccccccccc
eeeeeeeeeeeeeeeeeeeeeeeeeeee
abccccccccccccccccccccc
eeeeeeeeeeeeeeeeeeeeeeeeeeeeabccccccccccccccccccccc
eeeeeeeeeeeeeeeeeeeeeeeeeeeeabccccccccccccccccccccc
eeeeeeeeeeeeeeeeeeeeeeeeeeeeabccccccccccccccccccccc
eeeeeeeeeeeeeeeeeeeeeeeeeeeeabccccccccccccccccccccc
eeeeeeeeeeeeeeeeeeeeeeeeeeeeabccccccccccccccccccccc
eeeeeeeeeeeeeeeeeeeeeeeeeeeeabccccccccccccccccccccc
eeeeeeeeeeeeeeeeeeeeeeeeeeeeabccccccccccccccccccccc
eeeeeeeeeeeeeeeeeeeeeeeeeeeeabccccccccccccccccccccc
eeeeeeeeeeeeeeeeeeeeeeeeeeeeabccccccccccccccccccccc
eeeeeeeeeeeeeeeeeeeeeeeeeeeeabccccccccccccccccccccc
eeeeeeeeeeeeeeeeeeeeeeeeeeeeabccccccccccccccccccccc
eeeeeeeeeeeeeeeeeeeeeeeeeeeeabcccccccccccccccccccccabccccccccccccccccccccc
eeeeeeeeeeeeeeeeeeeeeeeeeeee
abccccccccccccccccccccc
eeeeeeeeeeeeeeeeeeeeeeeeeeee
abccccccccccccccccccccc
eeeeeeeeeeeeeeeeeeeeeeeeeeeeabccccccccccccccccccccc
eeeeeeeeeeeeeeeeeeeeeeeeeeeeabccccccccccccccccccccc
eeeeeeeeeeeeeeeeeeeeeeeeeeeeabccccccccccccccccccccc
eeeeeeeeeeeeeeeeeeeeeeeeeeeeabccccccccccccccccccccc
eeeeeeeeeeeeeeeeeeeeeeeeeeeeabccccccccccccccccccccc
eeeeeeeeeeeeeeeeeeeeeeeeeeeeabccccccccccccccccccccc
eeeeeeeeeeeeeeeeeeeeeeeeeeeeabccccccccccccccccccccc
eeeeeeeeeeeeeeeeeeeeeeeeeeeeabccccccccccccccccccccc
eeeeeeeeeeeeeeeeeeeeeeeeeeeeabccccccccccccccccccccc
eeeeeeeeeeeeeeeeeeeeeeeeeeeeabccccccccccccccccccccc
eeeeeeeeeeeeeeeeeeeeeeeeeeeeabccccccccccccccccccccc
eeeeeeeeeeeeeeeeeeeeeeeeeeeeabcccccccccccccccccccccabccccccccccccccccccccc
eeeeeeeeeeeeeeeeeeeeeeeeeeee
abccccccccccccccccccccc
eeeeeeeeeeeeeeeeeeeeeeeeeeee
abccccccccccccccccccccc
eeeeeeeeeeeeeeeeeeeeeeeeeeeeabccccccccccccccccccccc
eeeeeeeeeeeeeeeeeeeeeeeeeeeeabccccccccccccccccccccc
eeeeeeeeeeeeeeeeeeeeeeeeeeeeabccccccccccccccccccccc
eeeeeeeeeeeeeeeeeeeeeeeeeeeeabccccccccccccccccccccc
eeeeeeeeeeeeeeeeeeeeeeeeeeeeabccccccccccccccccccccc
eeeeeeeeeeeeeeeeeeeeeeeeeeeeabccccccccccccccccccccc
eeeeeeeeeeeeeeeeeeeeeeeeeeeeabccccccccccccccccccccc
eeeeeeeeeeeeeeeeeeeeeeeeeeeeabccccccccccccccccccccc
eeeeeeeeeeeeeeeeeeeeeeeeeeeeabccccccccccccccccccccc
eeeeeeeeeeeeeeeeeeeeeeeeeeeeabccccccccccccccccccccc
eeeeeeeeeeeeeeeeeeeeeeeeeeeeabccccccccccccccccccccc
eeeeeeeeeeeeeeeeeeeeeeeeeeeeabcccccccccccccccccccccabccccccccccccccccccccc
eeeeeeeeeeeeeeeeeeeeeeeeeeee
abccccccccccccccccccccc
eeeeeeeeeeeeeeeeeeeeeeeeeeee
abccccccccccccccccccccc
eeeeeeeeeeeeeeeeeeeeeeeeeeeeabccccccccccccccccccccc
eeeeeeeeeeeeeeeeeeeeeeeeeeeeabccccccccccccccccccccc
eeeeeeeeeeeeeeeeeeeeeeeeeeeeabccccccccccccccccccccc
eeeeeeeeeeeeeeeeeeeeeeeeeeeeabccccccccccccccccccccc
eeeeeeeeeeeeeeeeeeeeeeeeeeeeabccccccccccccccccccccc
eeeeeeeeeeeeeeeeeeeeeeeeeeeeabccccccccccccccccccccc
eeeeeeeeeeeeeeeeeeeeeeeeeeeeabccccccccccccccccccccc
eeeeeeeeeeeeeeeeeeeeeeeeeeeeabccccccccccccccccccccc
eeeeeeeeeeeeeeeeeeeeeeeeeeeeabccccccccccccccccccccc
eeeeeeeeeeeeeeeeeeeeeeeeeeeeabccccccccccccccccccccc
eeeeeeeeeeeeeeeeeeeeeeeeeeeeabccccccccccccccccccccc
eeeeeeeeeeeeeeeeeeeeeeeeeeeeabcccccccccccccccccccccabccccccccccccccccccccc
eeeeeeeeeeeeeeeeeeeeeeeeeeee
abccccccccccccccccccccc
eeeeeeeeeeeeeeeeeeeeeeeeeeee
abccccccccccccccccccccc
eeeeeeeeeeeeeeeeeeeeeeeeeeeeabccccccccccccccccccccc
eeeeeeeeeeeeeeeeeeeeeeeeeeeeabccccccccccccccccccccc
eeeeeeeeeeeeeeeeeeeeeeeeeeeeabccccccccccccccccccccc
eeeeeeeeeeeeeeeeeeeeeeeeeeeeabccccccccccccccccccccc
eeeeeeeeeeeeeeeeeeeeeeeeeeeeabccccccccccccccccccccc
eeeeeeeeeeeeeeeeeeeeeeeeeeeeabccccccccccccccccccccc
eeeeeeeeeeeeeeeeeeeeeeeeeeeeabccccccccccccccccccccc
eeeeeeeeeeeeeeeeeeeeeeeeeeeeabccccccccccccccccccccc
eeeeeeeeeeeeeeeeeeeeeeeeeeeeabccccccccccccccccccccc
eeeeeeeeeeeeeeeeeeeeeeeeeeeeabccccccccccccccccccccc
eeeeeeeeeeeeeeeeeeeeeeeeeeeeabccccccccccccccccccccc
eeeeeeeeeeeeeeeeeeeeeeeeeeeeabcccccccccccccccccccccabccccccccccccccccccccc
eeeeeeeeeeeeeeeeeeeeeeeeeeee
abccccccccccccccccccccc
eeeeeeeeeeeeeeeeeeeeeeeeeeee
abccccccccccccccccccccc
eeeeeeeeeeeeeeeeeeeeeeeeeeeeabccccccccccccccccccccc
eeeeeeeeeeeeeeeeeeeeeeeeeeeeabccccccccccccccccccccc
eeeeeeeeeeeeeeeeeeeeeeeeeeeeabccccccccccccccccccccc
eeeeeeeeeeeeeeeeeeeeeeeeeeeeabccccccccccccccccccccc
eeeeeeeeeeeeeeeeeeeeeeeeeeeeabccccccccccccccccccccc
eeeeeeeeeeeeeeeeeeeeeeeeeeeeabccccccccccccccccccccc
eeeeeeeeeeeeeeeeeeeeeeeeeeeeabccccccccccccccccccccc
eeeeeeeeeeeeeeeeeeeeeeeeeeeeabccccccccccccccccccccc
eeeeeeeeeeeeeeeeeeeeeeeeeeeeabccccccccccccccccccccc
eeeeeeeeeeeeeeeeeeeeeeeeeeeeabccccccccccccccccccccc
eeeeeeeeeeeeeeeeeeeeeeeeeeeeabccccccccccccccccccccc
eeeeeeeeeeeeeeeeeeeeeeeeeeeeabcccccccccccccccccccccabccccccccccccccccccccc
eeeeeeeeeeeeeeeeeeeeeeeeeeee
abccccccccccccccccccccc
eeeeeeeeeeeeeeeeeeeeeeeeeeee
abccccccccccccccccccccc
eeeeeeeeeeeeeeeeeeeeeeeeeeeeabccccccccccccccccccccc
eeeeeeeeeeeeeeeeeeeeeeeeeeeeabccccccccccccccccccccc
eeeeeeeeeeeeeeeeeeeeeeeeeeeeabccccccccccccccccccccc
eeeeeeeeeeeeeeeeeeeeeeeeeeeeabccccccccccccccccccccc
eeeeeeeeeeeeeeeeeeeeeeeeeeeeabccccccccccccccccccccc
eeeeeeeeeeeeeeeeeeeeeeeeeeeeabccccccccccccccccccccc
eeeeeeeeeeeeeeeeeeeeeeeeeeeeabccccccccccccccccccccc
eeeeeeeeeeeeeeeeeeeeeeeeeeeeabccccccccccccccccccccc
eeeeeeeeeeeeeeeeeeeeeeeeeeeeabccccccccccccccccccccc
eeeeeeeeeeeeeeeeeeeeeeeeeeeeabccccccccccccccccccccc
eeeeeeeeeeeeeeeeeeeeeeeeeeeeabccccccccccccccccccccc
eeeeeeeeeeeeeeeeeeeeeeeeeeeeabcccccccccccccccccccccabccccccccccccccccccccc
eeeeeeeeeeeeeeeeeeeeeeeeeeee
abccccccccccccccccccccc
eeeeeeeeeeeeeeeeeeeeeeeeeeee
abccccccccccccccccccccc
eeeeeeeeeeeeeeeeeeeeeeeeeeeeabccccccccccccccccccccc
eeeeeeeeeeeeeeeeeeeeeeeeeeeeabccccccccccccccccccccc
eeeeeeeeeeeeeeeeeeeeeeeeeeeeabccccccccccccccccccccc
eeeeeeeeeeeeeeeeeeeeeeeeeeeeabccccccccccccccccccccc
eeeeeeeeeeeeeeeeeeeeeeeeeeeeabccccccccccccccccccccc
eeeeeeeeeeeeeeeeeeeeeeeeeeeeabccccccccccccccccccccc
eeeeeeeeeeeeeeeeeeeeeeeeeeeeabccccccccccccccccccccc
eeeeeeeeeeeeeeeeeeeeeeeeeeeeabccccccccccccccccccccc
eeeeeeeeeeeeeeeeeeeeeeeeeeeeabccccccccccccccccccccc
eeeeeeeeeeeeeeeeeeeeeeeeeeeeabccccccccccccccccccccc
eeeeeeeeeeeeeeeeeeeeeeeeeeeeabccccccccccccccccccccc
eeeeeeeeeeeeeeeeeeeeeeeeeeeeabcccccccccccccccccccccabccccccccccccccccccccc
eeeeeeeeeeeeeeeeeeeeeeeeeeee
abccccccccccccccccccccc
eeeeeeeeeeeeeeeeeeeeeeeeeeee
abccccccccccccccccccccc
eeeeeeeeeeeeeeeeeeeeeeeeeeeeabccccccccccccccccccccc
eeeeeeeeeeeeeeeeeeeeeeeeeeeeabccccccccccccccccccccc
eeeeeeeeeeeeeeeeeeeeeeeeeeeeabccccccccccccccccccccc
eeeeeeeeeeeeeeeeeeeeeeeeeeeeabccccccccccccccccccccc
eeeeeeeeeeeeeeeeeeeeeeeeeeeeabccccccccccccccccccccc
eeeeeeeeeeeeeeeeeeeeeeeeeeeeabccccccccccccccccccccc
eeeeeeeeeeeeeeeeeeeeeeeeeeeeabccccccccccccccccccccc
eeeeeeeeeeeeeeeeeeeeeeeeeeeeabccccccccccccccccccccc
eeeeeeeeeeeeeeeeeeeeeeeeeeeeabccccccccccccccccccccc
eeeeeeeeeeeeeeeeeeeeeeeeeeeeabccccccccccccccccccccc
eeeeeeeeeeeeeeeeeeeeeeeeeeeeabccccccccccccccccccccc
eeeeeeeeeeeeeeeeeeeeeeeeeeeeabcccccccccccccccccccccabccccccccccccccccccccc
eeeeeeeeeeeeeeeeeeeeeeeeeeee
abccccccccccccccccccccc
eeeeeeeeeeeeeeeeeeeeeeeeeeee
abccccccccccccccccccccc
eeeeeeeeeeeeeeeeeeeeeeeeeeeeabccccccccccccccccccccc
eeeeeeeeeeeeeeeeeeeeeeeeeeeeabccccccccccccccccccccc
eeeeeeeeeeeeeeeeeeeeeeeeeeeeabccccccccccccccccccccc
eeeeeeeeeeeeeeeeeeeeeeeeeeeeabccccccccccccccccccccc
eeeeeeeeeeeeeeeeeeeeeeeeeeeeabccccccccccccccccccccc
eeeeeeeeeeeeeeeeeeeeeeeeeeeeabccccccccccccccccccccc
eeeeeeeeeeeeeeeeeeeeeeeeeeeeabccccccccccccccccccccc
eeeeeeeeeeeeeeeeeeeeeeeeeeeeabccccccccccccccccccccc
eeeeeeeeeeeeeeeeeeeeeeeeeeeeabccccccccccccccccccccc
eeeeeeeeeeeeeeeeeeeeeeeeeeeeabccccccccccccccccccccc
eeeeeeeeeeeeeeeeeeeeeeeeeeeeabccccccccccccccccccccc
eeeeeeeeeeeeeeeeeeeeeeeeeeeeabcccccccccccccccccccccabccccccccccccccccccccc
eeeeeeeeeeeeeeeeeeeeeeeeeeee
abccccccccccccccccccccc
eeeeeeeeeeeeeeeeeeeeeeeeeeee
abccccccccccccccccccccc
eeeeeeeeeeeeeeeeeeeeeeeeeeeeabccccccccccccccccccccc
eeeeeeeeeeeeeeeeeeeeeeeeeeeeabccccccccccccccccccccc
eeeeeeeeeeeeeeeeeeeeeeeeeeeeabccccccccccccccccccccc
eeeeeeeeeeeeeeeeeeeeeeeeeeeeabccccccccccccccccccccc
eeeeeeeeeeeeeeeeeeeeeeeeeeeeabccccccccccccccccccccc
eeeeeeeeeeeeeeeeeeeeeeeeeeeeabccccccccccccccccccccc
eeeeeeeeeeeeeeeeeeeeeeeeeeeeabccccccccccccccccccccc
eeeeeeeeeeeeeeeeeeeeeeeeeeeeabccccccccccccccccccccc
eeeeeeeeeeeeeeeeeeeeeeeeeeeeabccccccccccccccccccccc
eeeeeeeeeeeeeeeeeeeeeeeeeeeeabccccccccccccccccccccc
eeeeeeeeeeeeeeeeeeeeeeeeeeeeabccccccccccccccccccccc
eeeeeeeeeeeeeeeeeeeeeeeeeeeeabcccccccccccccccccccccabccccccccccccccccccccc
eeeeeeeeeeeeeeeeeeeeeeeeeeee
abccccccccccccccccccccc
eeeeeeeeeeeeeeeeeeeeeeeeeeee
abccccccccccccccccccccc
eeeeeeeeeeeeeeeeeeeeeeeeeeeeabccccccccccccccccccccc
eeeeeeeeeeeeeeeeeeeeeeeeeeeeabccccccccccccccccccccc
eeeeeeeeeeeeeeeeeeeeeeeeeeeeabccccccccccccccccccccc
eeeeeeeeeeeeeeeeeeeeeeeeeeeeabccccccccccccccccccccc
eeeeeeeeeeeeeeeeeeeeeeeeeeeeabccccccccccccccccccccc
eeeeeeeeeeeeeeeeeeeeeeeeeeeeabccccccccccccccccccccc
eeeeeeeeeeeeeeeeeeeeeeeeeeeeabccccccccccccccccccccc
eeeeeeeeeeeeeeeeeeeeeeeeeeeeabccccccccccccccccccccc
eeeeeeeeeeeeeeeeeeeeeeeeeeeeabccccccccccccccccccccc
eeeeeeeeeeeeeeeeeeeeeeeeeeeeabccccccccccccccccccccc
eeeeeeeeeeeeeeeeeeeeeeeeeeeeabccccccccccccccccccccc
eeeeeeeeeeeeeeeeeeeeeeeeeeeeabcccccccccccccccccccccabccccccccccccccccccccc
eeeeeeeeeeeeeeeeeeeeeeeeeeee
abccccccccccccccccccccc
eeeeeeeeeeeeeeeeeeeeeeeeeeee
abccccccccccccccccccccc
eeeeeeeeeeeeeeeeeeeeeeeeeeeeabccccccccccccccccccccc
eeeeeeeeeeeeeeeeeeeeeeeeeeeeabccccccccccccccccccccc
eeeeeeeeeeeeeeeeeeeeeeeeeeeeabccccccccccccccccccccc
eeeeeeeeeeeeeeeeeeeeeeeeeeeeabccccccccccccccccccccc
eeeeeeeeeeeeeeeeeeeeeeeeeeeeabccccccccccccccccccccc
eeeeeeeeeeeeeeeeeeeeeeeeeeeeabccccccccccccccccccccc
eeeeeeeeeeeeeeeeeeeeeeeeeeeeabccccccccccccccccccccc
eeeeeeeeeeeeeeeeeeeeeeeeeeeeabccccccccccccccccccccc
eeeeeeeeeeeeeeeeeeeeeeeeeeeeabccccccccccccccccccccc
eeeeeeeeeeeeeeeeeeeeeeeeeeeeabccccccccccccccccccccc
eeeeeeeeeeeeeeeeeeeeeeeeeeeeabccccccccccccccccccccc
eeeeeeeeeeeeeeeeeeeeeeeeeeeeabcccccccccccccccccccccabccccccccccccccccccccc
eeeeeeeeeeeeeeeeeeeeeeeeeeee
abccccccccccccccccccccc
eeeeeeeeeeeeeeeeeeeeeeeeeeee
abccccccccccccccccccccc
eeeeeeeeeeeeeeeeeeeeeeeeeeeeabccccccccccccccccccccc
eeeeeeeeeeeeeeeeeeeeeeeeeeeeabccccccccccccccccccccc
eeeeeeeeeeeeeeeeeeeeeeeeeeeeabccccccccccccccccccccc
eeeeeeeeeeeeeeeeeeeeeeeeeeeeabccccccccccccccccccccc
eeeeeeeeeeeeeeeeeeeeeeeeeeeeabccccccccccccccccccccc
eeeeeeeeeeeeeeeeeeeeeeeeeeeeabccccccccccccccccccccc
eeeeeeeeeeeeeeeeeeeeeeeeeeeeabccccccccccccccccccccc
eeeeeeeeeeeeeeeeeeeeeeeeeeeeabccccccccccccccccccccc
eeeeeeeeeeeeeeeeeeeeeeeeeeeeabccccccccccccccccccccc
eeeeeeeeeeeeeeeeeeeeeeeeeeeeabccccccccccccccccccccc
eeeeeeeeeeeeeeeeeeeeeeeeeeeeabccccccccccccccccccccc
eeeeeeeeeeeeeeeeeeeeeeeeeeeeabcccccccccccccccccccccabccccccccccccccccccccc
eeeeeeeeeeeeeeeeeeeeeeeeeeee
abccccccccccccccccccccc
eeeeeeeeeeeeeeeeeeeeeeeeeeee
abccccccccccccccccccccc
eeeeeeeeeeeeeeeeeeeeeeeeeeeeabccccccccccccccccccccc
eeeeeeeeeeeeeeeeeeeeeeeeeeeeabccccccccccccccccccccc
eeeeeeeeeeeeeeeeeeeeeeeeeeeeabccccccccccccccccccccc
eeeeeeeeeeeeeeeeeeeeeeeeeeeeabccccccccccccccccccccc
eeeeeeeeeeeeeeeeeeeeeeeeeeeeabccccccccccccccccccccc
eeeeeeeeeeeeeeeeeeeeeeeeeeeeabccccccccccccccccccccc
eeeeeeeeeeeeeeeeeeeeeeeeeeeeabccccccccccccccccccccc
eeeeeeeeeeeeeeeeeeeeeeeeeeeeabccccccccccccccccccccc
eeeeeeeeeeeeeeeeeeeeeeeeeeeeabccccccccccccccccccccc
eeeeeeeeeeeeeeeeeeeeeeeeeeeeabccccccccccccccccccccc
eeeeeeeeeeeeeeeeeeeeeeeeeeeeabccccccccccccccccccccc
eeeeeeeeeeeeeeeeeeeeeeeeeeeeabcccccccccccccccccccccabccccccccccccccccccccc
eeeeeeeeeeeeeeeeeeeeeeeeeeee
abccccccccccccccccccccc
eeeeeeeeeeeeeeeeeeeeeeeeeeee
abccccccccccccccccccccc
eeeeeeeeeeeeeeeeeeeeeeeeeeeeabccccccccccccccccccccc
eeeeeeeeeeeeeeeeeeeeeeeeeeeeabccccccccccccccccccccc
eeeeeeeeeeeeeeeeeeeeeeeeeeeeabccccccccccccccccccccc
eeeeeeeeeeeeeeeeeeeeeeeeeeeeabccccccccccccccccccccc
eeeeeeeeeeeeeeeeeeeeeeeeeeeeabccccccccccccccccccccc
eeeeeeeeeeeeeeeeeeeeeeeeeeeeabccccccccccccccccccccc
eeeeeeeeeeeeeeeeeeeeeeeeeeeeabccccccccccccccccccccc
eeeeeeeeeeeeeeeeeeeeeeeeeeeeabccccccccccccccccccccc
eeeeeeeeeeeeeeeeeeeeeeeeeeeeabccccccccccccccccccccc
eeeeeeeeeeeeeeeeeeeeeeeeeeeeabccccccccccccccccccccc
eeeeeeeeeeeeeeeeeeeeeeeeeeeeabccccccccccccccccccccc
eeeeeeeeeeeeeeeeeeeeeeeeeeeeabcccccccccccccccccccccabccccccccccccccccccccc
eeeeeeeeeeeeeeeeeeeeeeeeeeee
abccccccccccccccccccccc
eeeeeeeeeeeeeeeeeeeeeeeeeeee
abccccccccccccccccccccc
eeeeeeeeeeeeeeeeeeeeeeeeeeeeabccccccccccccccccccccc
eeeeeeeeeeeeeeeeeeeeeeeeeeeeabccccccccccccccccccccc
eeeeeeeeeeeeeeeeeeeeeeeeeeeeabccccccccccccccccccccc
eeeeeeeeeeeeeeeeeeeeeeeeeeeeabccccccccccccccccccccc
eeeeeeeeeeeeeeeeeeeeeeeeeeeeabccccccccccccccccccccc
eeeeeeeeeeeeeeeeeeeeeeeeeeeeabccccccccccccccccccccc
eeeeeeeeeeeeeeeeeeeeeeeeeeeeabccccccccccccccccccccc
eeeeeeeeeeeeeeeeeeeeeeeeeeeeabccccccccccccccccccccc
eeeeeeeeeeeeeeeeeeeeeeeeeeeeabccccccccccccccccccccc
eeeeeeeeeeeeeeeeeeeeeeeeeeeeabccccccccccccccccccccc
eeeeeeeeeeeeeeeeeeeeeeeeeeeeabccccccccccccccccccccc
eeeeeeeeeeeeeeeeeeeeeeeeeeeeabcccccccccccccccccccccabccccccccccccccccccccc
eeeeeeeeeeeeeeeeeeeeeeeeeeee
abccccccccccccccccccccc
eeeeeeeeeeeeeeeeeeeeeeeeeeee
abccccccccccccccccccccc
eeeeeeeeeeeeeeeeeeeeeeeeeeeeabccccccccccccccccccccc
eeeeeeeeeeeeeeeeeeeeeeeeeeeeabccccccccccccccccccccc
eeeeeeeeeeeeeeeeeeeeeeeeeeeeabccccccccccccccccccccc
eeeeeeeeeeeeeeeeeeeeeeeeeeeeabccccccccccccccccccccc
eeeeeeeeeeeeeeeeeeeeeeeeeeeeabccccccccccccccccccccc
eeeeeeeeeeeeeeeeeeeeeeeeeeeeabccccccccccccccccccccc
eeeeeeeeeeeeeeeeeeeeeeeeeeeeabccccccccccccccccccccc
eeeeeeeeeeeeeeeeeeeeeeeeeeeeabccccccccccccccccccccc
eeeeeeeeeeeeeeeeeeeeeeeeeeeeabccccccccccccccccccccc
eeeeeeeeeeeeeeeeeeeeeeeeeeeeabccccccccccccccccccccc
eeeeeeeeeeeeeeeeeeeeeeeeeeeeabccccccccccccccccccccc
eeeeeeeeeeeeeeeeeeeeeeeeeeeeabcccccccccccccccccccccabccccccccccccccccccccc
eeeeeeeeeeeeeeeeeeeeeeeeeeee
abccccccccccccccccccccc
eeeeeeeeeeeeeeeeeeeeeeeeeeee
abccccccccccccccccccccc
eeeeeeeeeeeeeeeeeeeeeeeeeeeeabccccccccccccccccccccc
eeeeeeeeeeeeeeeeeeeeeeeeeeeeabccccccccccccccccccccc
eeeeeeeeeeeeeeeeeeeeeeeeeeeeabccccccccccccccccccccc
eeeeeeeeeeeeeeeeeeeeeeeeeeeeabccccccccccccccccccccc
eeeeeeeeeeeeeeeeeeeeeeeeeeeeabccccccccccccccccccccc
eeeeeeeeeeeeeeeeeeeeeeeeeeeeabccccccccccccccccccccc
eeeeeeeeeeeeeeeeeeeeeeeeeeeeabccccccccccccccccccccc
eeeeeeeeeeeeeeeeeeeeeeeeeeeeabccccccccccccccccccccc
eeeeeeeeeeeeeeeeeeeeeeeeeeeeabccccccccccccccccccccc
eeeeeeeeeeeeeeeeeeeeeeeeeeeeabccccccccccccccccccccc
eeeeeeeeeeeeeeeeeeeeeeeeeeeeabccccccccccccccccccccc
eeeeeeeeeeeeeeeeeeeeeeeeeeeeabcccccccccccccccccccccabccccccccccccccccccccc
eeeeeeeeeeeeeeeeeeeeeeeeeeee
abccccccccccccccccccccc
eeeeeeeeeeeeeeeeeeeeeeeeeeee
abccccccccccccccccccccc
eeeeeeeeeeeeeeeeeeeeeeeeeeeeabccccccccccccccccccccc
eeeeeeeeeeeeeeeeeeeeeeeeeeeeabccccccccccccccccccccc
eeeeeeeeeeeeeeeeeeeeeeeeeeeeabccccccccccccccccccccc
eeeeeeeeeeeeeeeeeeeeeeeeeeeeabccccccccccccccccccccc
eeeeeeeeeeeeeeeeeeeeeeeeeeeeabccccccccccccccccccccc
eeeeeeeeeeeeeeeeeeeeeeeeeeeeabccccccccccccccccccccc
eeeeeeeeeeeeeeeeeeeeeeeeeeeeabccccccccccccccccccccc
eeeeeeeeeeeeeeeeeeeeeeeeeeeeabccccccccccccccccccccc
eeeeeeeeeeeeeeeeeeeeeeeeeeeeabccccccccccccccccccccc
eeeeeeeeeeeeeeeeeeeeeeeeeeeeabccccccccccccccccccccc
eeeeeeeeeeeeeeeeeeeeeeeeeeeeabccccccccccccccccccccc
eeeeeeeeeeeeeeeeeeeeeeeeeeeeabcccccccccccccccccccccabccccccccccccccccccccc
eeeeeeeeeeeeeeeeeeeeeeeeeeee
abccccccccccccccccccccc
eeeeeeeeeeeeeeeeeeeeeeeeeeee
abccccccccccccccccccccc
eeeeeeeeeeeeeeeeeeeeeeeeeeeeabccccccccccccccccccccc
eeeeeeeeeeeeeeeeeeeeeeeeeeeeabccccccccccccccccccccc
eeeeeeeeeeeeeeeeeeeeeeeeeeeeabccccccccccccccccccccc
eeeeeeeeeeeeeeeeeeeeeeeeeeeeabccccccccccccccccccccc
eeeeeeeeeeeeeeeeeeeeeeeeeeeeabccccccccccccccccccccc
eeeeeeeeeeeeeeeeeeeeeeeeeeeeabccccccccccccccccccccc
eeeeeeeeeeeeeeeeeeeeeeeeeeeeabccccccccccccccccccccc
eeeeeeeeeeeeeeeeeeeeeeeeeeeeabccccccccccccccccccccc
eeeeeeeeeeeeeeeeeeeeeeeeeeeeabccccccccccccccccccccc
eeeeeeeeeeeeeeeeeeeeeeeeeeeeabccccccccccccccccccccc
eeeeeeeeeeeeeeeeeeeeeeeeeeeeabccccccccccccccccccccc
eeeeeeeeeeeeeeeeeeeeeeeeeeeeabcccccccccccccccccccccabccccccccccccccccccccc
eeeeeeeeeeeeeeeeeeeeeeeeeeee
abccccccccccccccccccccc
eeeeeeeeeeeeeeeeeeeeeeeeeeee
abccccccccccccccccccccc
eeeeeeeeeeeeeeeeeeeeeeeeeeeeabccccccccccccccccccccc
eeeeeeeeeeeeeeeeeeeeeeeeeeeeabccccccccccccccccccccc
eeeeeeeeeeeeeeeeeeeeeeeeeeeeabccccccccccccccccccccc
eeeeeeeeeeeeeeeeeeeeeeeeeeeeabccccccccccccccccccccc
eeeeeeeeeeeeeeeeeeeeeeeeeeeeabccccccccccccccccccccc
eeeeeeeeeeeeeeeeeeeeeeeeeeeeabccccccccccccccccccccc
eeeeeeeeeeeeeeeeeeeeeeeeeeeeabccccccccccccccccccccc
eeeeeeeeeeeeeeeeeeeeeeeeeeeeabccccccccccccccccccccc
eeeeeeeeeeeeeeeeeeeeeeeeeeeeabccccccccccccccccccccc
eeeeeeeeeeeeeeeeeeeeeeeeeeeeabccccccccccccccccccccc
eeeeeeeeeeeeeeeeeeeeeeeeeeeeabccccccccccccccccccccc
eeeeeeeeeeeeeeeeeeeeeeeeeeeeabcccccccccccccccccccccabccccccccccccccccccccc
eeeeeeeeeeeeeeeeeeeeeeeeeeee
abccccccccccccccccccccc
eeeeeeeeeeeeeeeeeeeeeeeeeeee
abccccccccccccccccccccc
eeeeeeeeeeeeeeeeeeeeeeeeeeeeabccccccccccccccccccccc
eeeeeeeeeeeeeeeeeeeeeeeeeeeeabccccccccccccccccccccc
eeeeeeeeeeeeeeeeeeeeeeeeeeeeabccccccccccccccccccccc
eeeeeeeeeeeeeeeeeeeeeeeeeeeeabccccccccccccccccccccc
eeeeeeeeeeeeeeeeeeeeeeeeeeeeabccccccccccccccccccccc
eeeeeeeeeeeeeeeeeeeeeeeeeeeeabccccccccccccccccccccc
eeeeeeeeeeeeeeeeeeeeeeeeeeeeabccccccccccccccccccccc
eeeeeeeeeeeeeeeeeeeeeeeeeeeeabccccccccccccccccccccc
eeeeeeeeeeeeeeeeeeeeeeeeeeeeabccccccccccccccccccccc
eeeeeeeeeeeeeeeeeeeeeeeeeeeeabccccccccccccccccccccc
eeeeeeeeeeeeeeeeeeeeeeeeeeeeabccccccccccccccccccccc
eeeeeeeeeeeeeeeeeeeeeeeeeeeeabcccccccccccccccccccccabccccccccccccccccccccc
eeeeeeeeeeeeeeeeeeeeeeeeeeee
abccccccccccccccccccccc
eeeeeeeeeeeeeeeeeeeeeeeeeeee
abccccccccccccccccccccc
eeeeeeeeeeeeeeeeeeeeeeeeeeeeabccccccccccccccccccccc
eeeeeeeeeeeeeeeeeeeeeeeeeeeeabccccccccccccccccccccc
eeeeeeeeeeeeeeeeeeeeeeeeeeeeabccccccccccccccccccccc
eeeeeeeeeeeeeeeeeeeeeeeeeeeeabccccccccccccccccccccc
eeeeeeeeeeeeeeeeeeeeeeeeeeeeabccccccccccccccccccccc
eeeeeeeeeeeeeeeeeeeeeeeeeeeeabccccccccccccccccccccc
eeeeeeeeeeeeeeeeeeeeeeeeeeeeabccccccccccccccccccccc
eeeeeeeeeeeeeeeeeeeeeeeeeeeeabccccccccccccccccccccc
eeeeeeeeeeeeeeeeeeeeeeeeeeeeabccccccccccccccccccccc
eeeeeeeeeeeeeeeeeeeeeeeeeeeeabccccccccccccccccccccc
eeeeeeeeeeeeeeeeeeeeeeeeeeeeabccccccccccccccccccccc
eeeeeeeeeeeeeeeeeeeeeeeeeeeeabcccccccccccccccccccccabccccccccccccccccccccc
eeeeeeeeeeeeeeeeeeeeeeeeeeee
abccccccccccccccccccccc
eeeeeeeeeeeeeeeeeeeeeeeeeeee
abccccccccccccccccccccc
eeeeeeeeeeeeeeeeeeeeeeeeeeeeabccccccccccccccccccccc
eeeeeeeeeeeeeeeeeeeeeeeeeeeeabccccccccccccccccccccc
eeeeeeeeeeeeeeeeeeeeeeeeeeeeabccccccccccccccccccccc
eeeeeeeeeeeeeeeeeeeeeeeeeeeeabccccccccccccccccccccc
eeeeeeeeeeeeeeeeeeeeeeeeeeeeabccccccccccccccccccccc
eeeeeeeeeeeeeeeeeeeeeeeeeeeeabccccccccccccccccccccc
eeeeeeeeeeeeeeeeeeeeeeeeeeeeabccccccccccccccccccccc
eeeeeeeeeeeeeeeeeeeeeeeeeeeeabccccccccccccccccccccc
eeeeeeeeeeeeeeeeeeeeeeeeeeeeabccccccccccccccccccccc
eeeeeeeeeeeeeeeeeeeeeeeeeeeeabccccccccccccccccccccc
eeeeeeeeeeeeeeeeeeeeeeeeeeeeabccccccccccccccccccccc
eeeeeeeeeeeeeeeeeeeeeeeeeeeeabcccccccccccccccccccccabccccccccccccccccccccc
eeeeeeeeeeeeeeeeeeeeeeeeeeee
abccccccccccccccccccccc
eeeeeeeeeeeeeeeeeeeeeeeeeeee
abccccccccccccccccccccc
eeeeeeeeeeeeeeeeeeeeeeeeeeeeabccccccccccccccccccccc
eeeeeeeeeeeeeeeeeeeeeeeeeeeeabccccccccccccccccccccc
eeeeeeeeeeeeeeeeeeeeeeeeeeeeabccccccccccccccccccccc
eeeeeeeeeeeeeeeeeeeeeeeeeeeeabccccccccccccccccccccc
eeeeeeeeeeeeeeeeeeeeeeeeeeeeabccccccccccccccccccccc
eeeeeeeeeeeeeeeeeeeeeeeeeeeeabccccccccccccccccccccc
eeeeeeeeeeeeeeeeeeeeeeeeeeeeabccccccccccccccccccccc
eeeeeeeeeeeeeeeeeeeeeeeeeeeeabccccccccccccccccccccc
eeeeeeeeeeeeeeeeeeeeeeeeeeeeabccccccccccccccccccccc
eeeeeeeeeeeeeeeeeeeeeeeeeeeeabccccccccccccccccccccc
eeeeeeeeeeeeeeeeeeeeeeeeeeeeabccccccccccccccccccccc
eeeeeeeeeeeeeeeeeeeeeeeeeeeeabcccccccccccccccccccccabccccccccccccccccccccc
eeeeeeeeeeeeeeeeeeeeeeeeeeee
abccccccccccccccccccccc
eeeeeeeeeeeeeeeeeeeeeeeeeeee
abccccccccccccccccccccc
eeeeeeeeeeeeeeeeeeeeeeeeeeeeabccccccccccccccccccccc
eeeeeeeeeeeeeeeeeeeeeeeeeeeeabccccccccccccccccccccc
eeeeeeeeeeeeeeeeeeeeeeeeeeeeabccccccccccccccccccccc
eeeeeeeeeeeeeeeeeeeeeeeeeeeeabccccccccccccccccccccc
eeeeeeeeeeeeeeeeeeeeeeeeeeeeabccccccccccccccccccccc
eeeeeeeeeeeeeeeeeeeeeeeeeeeeabccccccccccccccccccccc
eeeeeeeeeeeeeeeeeeeeeeeeeeeeabccccccccccccccccccccc
eeeeeeeeeeeeeeeeeeeeeeeeeeeeabccccccccccccccccccccc
eeeeeeeeeeeeeeeeeeeeeeeeeeeeabccccccccccccccccccccc
eeeeeeeeeeeeeeeeeeeeeeeeeeeeabccccccccccccccccccccc
eeeeeeeeeeeeeeeeeeeeeeeeeeeeabccccccccccccccccccccc
eeeeeeeeeeeeeeeeeeeeeeeeeeeeabcccccccccccccccccccccabccccccccccccccccccccc
eeeeeeeeeeeeeeeeeeeeeeeeeeee
abccccccccccccccccccccc
eeeeeeeeeeeeeeeeeeeeeeeeeeee
abccccccccccccccccccccc
eeeeeeeeeeeeeeeeeeeeeeeeeeeeabccccccccccccccccccccc
eeeeeeeeeeeeeeeeeeeeeeeeeeeeabccccccccccccccccccccc
eeeeeeeeeeeeeeeeeeeeeeeeeeeeabccccccccccccccccccccc
eeeeeeeeeeeeeeeeeeeeeeeeeeeeabccccccccccccccccccccc
eeeeeeeeeeeeeeeeeeeeeeeeeeeeabccccccccccccccccccccc
eeeeeeeeeeeeeeeeeeeeeeeeeeeeabccccccccccccccccccccc
eeeeeeeeeeeeeeeeeeeeeeeeeeeeabccccccccccccccccccccc
eeeeeeeeeeeeeeeeeeeeeeeeeeeeabccccccccccccccccccccc
eeeeeeeeeeeeeeeeeeeeeeeeeeeeabccccccccccccccccccccc
eeeeeeeeeeeeeeeeeeeeeeeeeeeeabccccccccccccccccccccc
eeeeeeeeeeeeeeeeeeeeeeeeeeeeabccccccccccccccccccccc
eeeeeeeeeeeeeeeeeeeeeeeeeeeeabcccccccccccccccccccccabccccccccccccccccccccc
eeeeeeeeeeeeeeeeeeeeeeeeeeee
abccccccccccccccccccccc
eeeeeeeeeeeeeeeeeeeeeeeeeeee
abccccccccccccccccccccc
eeeeeeeeeeeeeeeeeeeeeeeeeeeeabccccccccccccccccccccc
eeeeeeeeeeeeeeeeeeeeeeeeeeeeabccccccccccccccccccccc
eeeeeeeeeeeeeeeeeeeeeeeeeeeeabccccccccccccccccccccc
eeeeeeeeeeeeeeeeeeeeeeeeeeeeabccccccccccccccccccccc
eeeeeeeeeeeeeeeeeeeeeeeeeeeeabccccccccccccccccccccc
eeeeeeeeeeeeeeeeeeeeeeeeeeeeabccccccccccccccccccccc
eeeeeeeeeeeeeeeeeeeeeeeeeeeeabccccccccccccccccccccc
eeeeeeeeeeeeeeeeeeeeeeeeeeeeabccccccccccccccccccccc
eeeeeeeeeeeeeeeeeeeeeeeeeeeeabccccccccccccccccccccc
eeeeeeeeeeeeeeeeeeeeeeeeeeeeabccccccccccccccccccccc
eeeeeeeeeeeeeeeeeeeeeeeeeeeeabccccccccccccccccccccc
eeeeeeeeeeeeeeeeeeeeeeeeeeeeabcccccccccccccccccccccabccccccccccccccccccccc
eeeeeeeeeeeeeeeeeeeeeeeeeeee
abccccccccccccccccccccc
eeeeeeeeeeeeeeeeeeeeeeeeeeee
abccccccccccccccccccccc
eeeeeeeeeeeeeeeeeeeeeeeeeeeeabccccccccccccccccccccc
eeeeeeeeeeeeeeeeeeeeeeeeeeeeabccccccccccccccccccccc
eeeeeeeeeeeeeeeeeeeeeeeeeeeeabccccccccccccccccccccc
eeeeeeeeeeeeeeeeeeeeeeeeeeeeabccccccccccccccccccccc
eeeeeeeeeeeeeeeeeeeeeeeeeeeeabccccccccccccccccccccc
eeeeeeeeeeeeeeeeeeeeeeeeeeeeabccccccccccccccccccccc
eeeeeeeeeeeeeeeeeeeeeeeeeeeeabccccccccccccccccccccc
eeeeeeeeeeeeeeeeeeeeeeeeeeeeabccccccccccccccccccccc
eeeeeeeeeeeeeeeeeeeeeeeeeeeeabccccccccccccccccccccc
eeeeeeeeeeeeeeeeeeeeeeeeeeeeabccccccccccccccccccccc
eeeeeeeeeeeeeeeeeeeeeeeeeeeeabccccccccccccccccccccc
eeeeeeeeeeeeeeeeeeeeeeeeeeeeabcccccccccccccccccccccabccccccccccccccccccccc
eeeeeeeeeeeeeeeeeeeeeeeeeeee
abccccccccccccccccccccc
eeeeeeeeeeeeeeeeeeeeeeeeeeee
abccccccccccccccccccccc
eeeeeeeeeeeeeeeeeeeeeeeeeeeeabccccccccccccccccccccc
eeeeeeeeeeeeeeeeeeeeeeeeeeeeabccccccccccccccccccccc
eeeeeeeeeeeeeeeeeeeeeeeeeeeeabccccccccccccccccccccc
eeeeeeeeeeeeeeeeeeeeeeeeeeeeabccccccccccccccccccccc
eeeeeeeeeeeeeeeeeeeeeeeeeeeeabccccccccccccccccccccc
eeeeeeeeeeeeeeeeeeeeeeeeeeeeabccccccccccccccccccccc
eeeeeeeeeeeeeeeeeeeeeeeeeeeeabccccccccccccccccccccc
eeeeeeeeeeeeeeeeeeeeeeeeeeeeabccccccccccccccccccccc
eeeeeeeeeeeeeeeeeeeeeeeeeeeeabccccccccccccccccccccc
eeeeeeeeeeeeeeeeeeeeeeeeeeeeabccccccccccccccccccccc
eeeeeeeeeeeeeeeeeeeeeeeeeeeeabccccccccccccccccccccc
eeeeeeeeeeeeeeeeeeeeeeeeeeeeabcccccccccccccccccccccabccccccccccccccccccccc
eeeeeeeeeeeeeeeeeeeeeeeeeeee
abccccccccccccccccccccc
eeeeeeeeeeeeeeeeeeeeeeeeeeee
abccccccccccccccccccccc
eeeeeeeeeeeeeeeeeeeeeeeeeeeeabccccccccccccccccccccc
eeeeeeeeeeeeeeeeeeeeeeeeeeeeabccccccccccccccccccccc
eeeeeeeeeeeeeeeeeeeeeeeeeeeeabccccccccccccccccccccc
eeeeeeeeeeeeeeeeeeeeeeeeeeeeabccccccccccccccccccccc
eeeeeeeeeeeeeeeeeeeeeeeeeeeeabccccccccccccccccccccc
eeeeeeeeeeeeeeeeeeeeeeeeeeeeabccccccccccccccccccccc
eeeeeeeeeeeeeeeeeeeeeeeeeeeeabccccccccccccccccccccc
eeeeeeeeeeeeeeeeeeeeeeeeeeeeabccccccccccccccccccccc
eeeeeeeeeeeeeeeeeeeeeeeeeeeeabccccccccccccccccccccc
eeeeeeeeeeeeeeeeeeeeeeeeeeeeabccccccccccccccccccccc
eeeeeeeeeeeeeeeeeeeeeeeeeeeeabccccccccccccccccccccc
eeeeeeeeeeeeeeeeeeeeeeeeeeeeabcccccccccccccccccccccabccccccccccccccccccccc
eeeeeeeeeeeeeeeeeeeeeeeeeeee
abccccccccccccccccccccc
eeeeeeeeeeeeeeeeeeeeeeeeeeee
abccccccccccccccccccccc
eeeeeeeeeeeeeeeeeeeeeeeeeeeeabccccccccccccccccccccc
eeeeeeeeeeeeeeeeeeeeeeeeeeeeabccccccccccccccccccccc
eeeeeeeeeeeeeeeeeeeeeeeeeeeeabccccccccccccccccccccc
eeeeeeeeeeeeeeeeeeeeeeeeeeeeabccccccccccccccccccccc
eeeeeeeeeeeeeeeeeeeeeeeeeeeeabccccccccccccccccccccc
eeeeeeeeeeeeeeeeeeeeeeeeeeeeabccccccccccccccccccccc
eeeeeeeeeeeeeeeeeeeeeeeeeeeeabccccccccccccccccccccc
eeeeeeeeeeeeeeeeeeeeeeeeeeeeabccccccccccccccccccccc
eeeeeeeeeeeeeeeeeeeeeeeeeeeeabccccccccccccccccccccc
eeeeeeeeeeeeeeeeeeeeeeeeeeeeabccccccccccccccccccccc
eeeeeeeeeeeeeeeeeeeeeeeeeeeeabccccccccccccccccccccc
eeeeeeeeeeeeeeeeeeeeeeeeeeeeabcccccccccccccccccccccabccccccccccccccccccccc
eeeeeeeeeeeeeeeeeeeeeeeeeeee
abccccccccccccccccccccc
eeeeeeeeeeeeeeeeeeeeeeeeeeee
abccccccccccccccccccccc
eeeeeeeeeeeeeeeeeeeeeeeeeeeeabccccccccccccccccccccc
eeeeeeeeeeeeeeeeeeeeeeeeeeeeabccccccccccccccccccccc
eeeeeeeeeeeeeeeeeeeeeeeeeeeeabccccccccccccccccccccc
eeeeeeeeeeeeeeeeeeeeeeeeeeeeabccccccccccccccccccccc
eeeeeeeeeeeeeeeeeeeeeeeeeeeeabccccccccccccccccccccc
eeeeeeeeeeeeeeeeeeeeeeeeeeeeabccccccccccccccccccccc
eeeeeeeeeeeeeeeeeeeeeeeeeeeeabccccccccccccccccccccc
eeeeeeeeeeeeeeeeeeeeeeeeeeeeabccccccccccccccccccccc
eeeeeeeeeeeeeeeeeeeeeeeeeeeeabccccccccccccccccccccc
eeeeeeeeeeeeeeeeeeeeeeeeeeeeabccccccccccccccccccccc
eeeeeeeeeeeeeeeeeeeeeeeeeeeeabccccccccccccccccccccc
eeeeeeeeeeeeeeeeeeeeeeeeeeeeabcccccccccccccccccccccabccccccccccccccccccccc
eeeeeeeeeeeeeeeeeeeeeeeeeeee
abccccccccccccccccccccc
eeeeeeeeeeeeeeeeeeeeeeeeeeee
abccccccccccccccccccccc
eeeeeeeeeeeeeeeeeeeeeeeeeeeeabccccccccccccccccccccc
eeeeeeeeeeeeeeeeeeeeeeeeeeeeabccccccccccccccccccccc
eeeeeeeeeeeeeeeeeeeeeeeeeeeeabccccccccccccccccccccc
eeeeeeeeeeeeeeeeeeeeeeeeeeeeabccccccccccccccccccccc
eeeeeeeeeeeeeeeeeeeeeeeeeeeeabccccccccccccccccccccc
eeeeeeeeeeeeeeeeeeeeeeeeeeeeabccccccccccccccccccccc
eeeeeeeeeeeeeeeeeeeeeeeeeeeeabccccccccccccccccccccc
eeeeeeeeeeeeeeeeeeeeeeeeeeeeabccccccccccccccccccccc
eeeeeeeeeeeeeeeeeeeeeeeeeeeeabccccccccccccccccccccc
eeeeeeeeeeeeeeeeeeeeeeeeeeeeabccccccccccccccccccccc
eeeeeeeeeeeeeeeeeeeeeeeeeeeeabccccccccccccccccccccc
eeeeeeeeeeeeeeeeeeeeeeeeeeeeabcccccccccccccccccccccabccccccccccccccccccccc
eeeeeeeeeeeeeeeeeeeeeeeeeeee
abccccccccccccccccccccc
eeeeeeeeeeeeeeeeeeeeeeeeeeee
abccccccccccccccccccccc
eeeeeeeeeeeeeeeeeeeeeeeeeeeeabccccccccccccccccccccc
eeeeeeeeeeeeeeeeeeeeeeeeeeeeabccccccccccccccccccccc
eeeeeeeeeeeeeeeeeeeeeeeeeeeeabccccccccccccccccccccc
eeeeeeeeeeeeeeeeeeeeeeeeeeeeabccccccccccccccccccccc
eeeeeeeeeeeeeeeeeeeeeeeeeeeeabccccccccccccccccccccc
eeeeeeeeeeeeeeeeeeeeeeeeeeeeabccccccccccccccccccccc
eeeeeeeeeeeeeeeeeeeeeeeeeeeeabccccccccccccccccccccc
eeeeeeeeeeeeeeeeeeeeeeeeeeeeabccccccccccccccccccccc
eeeeeeeeeeeeeeeeeeeeeeeeeeeeabccccccccccccccccccccc
eeeeeeeeeeeeeeeeeeeeeeeeeeeeabccccccccccccccccccccc
eeeeeeeeeeeeeeeeeeeeeeeeeeeeabccccccccccccccccccccc
eeeeeeeeeeeeeeeeeeeeeeeeeeeeabcccccccccccccccccccccabccccccccccccccccccccc
eeeeeeeeeeeeeeeeeeeeeeeeeeee
abccccccccccccccccccccc
eeeeeeeeeeeeeeeeeeeeeeeeeeee
abccccccccccccccccccccc
eeeeeeeeeeeeeeeeeeeeeeeeeeeeabccccccccccccccccccccc
eeeeeeeeeeeeeeeeeeeeeeeeeeeeabccccccccccccccccccccc
eeeeeeeeeeeeeeeeeeeeeeeeeeeeabccccccccccccccccccccc
eeeeeeeeeeeeeeeeeeeeeeeeeeeeabccccccccccccccccccccc
eeeeeeeeeeeeeeeeeeeeeeeeeeeeabccccccccccccccccccccc
eeeeeeeeeeeeeeeeeeeeeeeeeeeeabccccccccccccccccccccc
eeeeeeeeeeeeeeeeeeeeeeeeeeeeabccccccccccccccccccccc
eeeeeeeeeeeeeeeeeeeeeeeeeeeeabccccccccccccccccccccc
eeeeeeeeeeeeeeeeeeeeeeeeeeeeabccccccccccccccccccccc
eeeeeeeeeeeeeeeeeeeeeeeeeeeeabccccccccccccccccccccc
eeeeeeeeeeeeeeeeeeeeeeeeeeeeabccccccccccccccccccccc
eeeeeeeeeeeeeeeeeeeeeeeeeeeeabcccccccccccccccccccccabccccccccccccccccccccc
eeeeeeeeeeeeeeeeeeeeeeeeeeee
abccccccccccccccccccccc
eeeeeeeeeeeeeeeeeeeeeeeeeeee
abccccccccccccccccccccc
eeeeeeeeeeeeeeeeeeeeeeeeeeeeabccccccccccccccccccccc
eeeeeeeeeeeeeeeeeeeeeeeeeeeeabccccccccccccccccccccc
eeeeeeeeeeeeeeeeeeeeeeeeeeeeabccccccccccccccccccccc
eeeeeeeeeeeeeeeeeeeeeeeeeeeeabccccccccccccccccccccc
eeeeeeeeeeeeeeeeeeeeeeeeeeeeabccccccccccccccccccccc
eeeeeeeeeeeeeeeeeeeeeeeeeeeeabccccccccccccccccccccc
eeeeeeeeeeeeeeeeeeeeeeeeeeeeabccccccccccccccccccccc
eeeeeeeeeeeeeeeeeeeeeeeeeeeeabccccccccccccccccccccc
eeeeeeeeeeeeeeeeeeeeeeeeeeeeabccccccccccccccccccccc
eeeeeeeeeeeeeeeeeeeeeeeeeeeeabccccccccccccccccccccc
eeeeeeeeeeeeeeeeeeeeeeeeeeeeabccccccccccccccccccccc
eeeeeeeeeeeeeeeeeeeeeeeeeeeeabcccccccccccccccccccccabccccccccccccccccccccc
eeeeeeeeeeeeeeeeeeeeeeeeeeee
abccccccccccccccccccccc
eeeeeeeeeeeeeeeeeeeeeeeeeeee
abccccccccccccccccccccc
eeeeeeeeeeeeeeeeeeeeeeeeeeeeabccccccccccccccccccccc
eeeeeeeeeeeeeeeeeeeeeeeeeeeeabccccccccccccccccccccc
eeeeeeeeeeeeeeeeeeeeeeeeeeeeabccccccccccccccccccccc
eeeeeeeeeeeeeeeeeeeeeeeeeeeeabccccccccccccccccccccc
eeeeeeeeeeeeeeeeeeeeeeeeeeeeabccccccccccccccccccccc
eeeeeeeeeeeeeeeeeeeeeeeeeeeeabccccccccccccccccccccc
eeeeeeeeeeeeeeeeeeeeeeeeeeeeabccccccccccccccccccccc
eeeeeeeeeeeeeeeeeeeeeeeeeeeeabccccccccccccccccccccc
eeeeeeeeeeeeeeeeeeeeeeeeeeeeabccccccccccccccccccccc
eeeeeeeeeeeeeeeeeeeeeeeeeeeeabccccccccccccccccccccc
eeeeeeeeeeeeeeeeeeeeeeeeeeeeabccccccccccccccccccccc
eeeeeeeeeeeeeeeeeeeeeeeeeeeeabcccccccccccccccccccccabccccccccccccccccccccc
eeeeeeeeeeeeeeeeeeeeeeeeeeee
abccccccccccccccccccccc
eeeeeeeeeeeeeeeeeeeeeeeeeeee
abccccccccccccccccccccc
eeeeeeeeeeeeeeeeeeeeeeeeeeeeabccccccccccccccccccccc
eeeeeeeeeeeeeeeeeeeeeeeeeeeeabccccccccccccccccccccc
eeeeeeeeeeeeeeeeeeeeeeeeeeeeabccccccccccccccccccccc
eeeeeeeeeeeeeeeeeeeeeeeeeeeeabccccccccccccccccccccc
eeeeeeeeeeeeeeeeeeeeeeeeeeeeabccccccccccccccccccccc
eeeeeeeeeeeeeeeeeeeeeeeeeeeeabccccccccccccccccccccc
eeeeeeeeeeeeeeeeeeeeeeeeeeeeabccccccccccccccccccccc
eeeeeeeeeeeeeeeeeeeeeeeeeeeeabccccccccccccccccccccc
eeeeeeeeeeeeeeeeeeeeeeeeeeeeabccccccccccccccccccccc
eeeeeeeeeeeeeeeeeeeeeeeeeeeeabccccccccccccccccccccc
eeeeeeeeeeeeeeeeeeeeeeeeeeeeabccccccccccccccccccccc
eeeeeeeeeeeeeeeeeeeeeeeeeeeeabcccccccccccccccccccccabccccccccccccccccccccc
eeeeeeeeeeeeeeeeeeeeeeeeeeee
abccccccccccccccccccccc
eeeeeeeeeeeeeeeeeeeeeeeeeeee
abccccccccccccccccccccc
eeeeeeeeeeeeeeeeeeeeeeeeeeeeabccccccccccccccccccccc
eeeeeeeeeeeeeeeeeeeeeeeeeeeeabccccccccccccccccccccc
eeeeeeeeeeeeeeeeeeeeeeeeeeeeabccccccccccccccccccccc
eeeeeeeeeeeeeeeeeeeeeeeeeeeeabccccccccccccccccccccc
eeeeeeeeeeeeeeeeeeeeeeeeeeeeabccccccccccccccccccccc
eeeeeeeeeeeeeeeeeeeeeeeeeeeeabccccccccccccccccccccc
eeeeeeeeeeeeeeeeeeeeeeeeeeeeabccccccccccccccccccccc
eeeeeeeeeeeeeeeeeeeeeeeeeeeeabccccccccccccccccccccc
eeeeeeeeeeeeeeeeeeeeeeeeeeeeabccccccccccccccccccccc
eeeeeeeeeeeeeeeeeeeeeeeeeeeeabccccccccccccccccccccc
eeeeeeeeeeeeeeeeeeeeeeeeeeeeabccccccccccccccccccccc
eeeeeeeeeeeeeeeeeeeeeeeeeeeeabcccccccccccccccccccccabccccccccccccccccccccc
eeeeeeeeeeeeeeeeeeeeeeeeeeee
abccccccccccccccccccccc
eeeeeeeeeeeeeeeeeeeeeeeeeeee
abccccccccccccccccccccc
eeeeeeeeeeeeeeeeeeeeeeeeeeeeabccccccccccccccccccccc
eeeeeeeeeeeeeeeeeeeeeeeeeeeeabccccccccccccccccccccc
eeeeeeeeeeeeeeeeeeeeeeeeeeeeabccccccccccccccccccccc
eeeeeeeeeeeeeeeeeeeeeeeeeeeeabccccccccccccccccccccc
eeeeeeeeeeeeeeeeeeeeeeeeeeeeabccccccccccccccccccccc
eeeeeeeeeeeeeeeeeeeeeeeeeeeeabccccccccccccccccccccc
eeeeeeeeeeeeeeeeeeeeeeeeeeeeabccccccccccccccccccccc
eeeeeeeeeeeeeeeeeeeeeeeeeeeeabccccccccccccccccccccc
eeeeeeeeeeeeeeeeeeeeeeeeeeeeabccccccccccccccccccccc
eeeeeeeeeeeeeeeeeeeeeeeeeeeeabccccccccccccccccccccc
eeeeeeeeeeeeeeeeeeeeeeeeeeeeabccccccccccccccccccccc
eeeeeeeeeeeeeeeeeeeeeeeeeeeeabcccccccccccccccccccccabccccccccccccccccccccc
eeeeeeeeeeeeeeeeeeeeeeeeeeee
abccccccccccccccccccccc
eeeeeeeeeeeeeeeeeeeeeeeeeeee
abccccccccccccccccccccc
eeeeeeeeeeeeeeeeeeeeeeeeeeeeabccccccccccccccccccccc
eeeeeeeeeeeeeeeeeeeeeeeeeeeeabccccccccccccccccccccc
eeeeeeeeeeeeeeeeeeeeeeeeeeeeabccccccccccccccccccccc
eeeeeeeeeeeeeeeeeeeeeeeeeeeeabccccccccccccccccccccc
eeeeeeeeeeeeeeeeeeeeeeeeeeeeabccccccccccccccccccccc
eeeeeeeeeeeeeeeeeeeeeeeeeeeeabccccccccccccccccccccc
eeeeeeeeeeeeeeeeeeeeeeeeeeeeabccccccccccccccccccccc
eeeeeeeeeeeeeeeeeeeeeeeeeeeeabccccccccccccccccccccc
eeeeeeeeeeeeeeeeeeeeeeeeeeeeabccccccccccccccccccccc
eeeeeeeeeeeeeeeeeeeeeeeeeeeeabccccccccccccccccccccc
eeeeeeeeeeeeeeeeeeeeeeeeeeeeabccccccccccccccccccccc
eeeeeeeeeeeeeeeeeeeeeeeeeeeeabcccccccccccccccccccccabccccccccccccccccccccc
eeeeeeeeeeeeeeeeeeeeeeeeeeee
abccccccccccccccccccccc
eeeeeeeeeeeeeeeeeeeeeeeeeeee
abccccccccccccccccccccc
eeeeeeeeeeeeeeeeeeeeeeeeeeeeabccccccccccccccccccccc
eeeeeeeeeeeeeeeeeeeeeeeeeeeeabccccccccccccccccccccc
eeeeeeeeeeeeeeeeeeeeeeeeeeeeabccccccccccccccccccccc
eeeeeeeeeeeeeeeeeeeeeeeeeeeeabccccccccccccccccccccc
eeeeeeeeeeeeeeeeeeeeeeeeeeeeabccccccccccccccccccccc
eeeeeeeeeeeeeeeeeeeeeeeeeeeeabccccccccccccccccccccc
eeeeeeeeeeeeeeeeeeeeeeeeeeeeabccccccccccccccccccccc
eeeeeeeeeeeeeeeeeeeeeeeeeeeeabccccccccccccccccccccc
eeeeeeeeeeeeeeeeeeeeeeeeeeeeabccccccccccccccccccccc
eeeeeeeeeeeeeeeeeeeeeeeeeeeeabccccccccccccccccccccc
eeeeeeeeeeeeeeeeeeeeeeeeeeeeabccccccccccccccccccccc
eeeeeeeeeeeeeeeeeeeeeeeeeeeeabcccccccccccccccccccccabccccccccccccccccccccc
eeeeeeeeeeeeeeeeeeeeeeeeeeee
abccccccccccccccccccccc
eeeeeeeeeeeeeeeeeeeeeeeeeeee
abccccccccccccccccccccc
eeeeeeeeeeeeeeeeeeeeeeeeeeeeabccccccccccccccccccccc
eeeeeeeeeeeeeeeeeeeeeeeeeeeeabccccccccccccccccccccc
eeeeeeeeeeeeeeeeeeeeeeeeeeeeabccccccccccccccccccccc
eeeeeeeeeeeeeeeeeeeeeeeeeeeeabccccccccccccccccccccc
eeeeeeeeeeeeeeeeeeeeeeeeeeeeabccccccccccccccccccccc
eeeeeeeeeeeeeeeeeeeeeeeeeeeeabccccccccccccccccccccc
eeeeeeeeeeeeeeeeeeeeeeeeeeeeabccccccccccccccccccccc
eeeeeeeeeeeeeeeeeeeeeeeeeeeeabccccccccccccccccccccc
eeeeeeeeeeeeeeeeeeeeeeeeeeeeabccccccccccccccccccccc
eeeeeeeeeeeeeeeeeeeeeeeeeeeeabccccccccccccccccccccc
eeeeeeeeeeeeeeeeeeeeeeeeeeeeabccccccccccccccccccccc
eeeeeeeeeeeeeeeeeeeeeeeeeeeeabcccccccccccccccccccccabccccccccccccccccccccc
eeeeeeeeeeeeeeeeeeeeeeeeeeee
abccccccccccccccccccccc
eeeeeeeeeeeeeeeeeeeeeeeeeeee
abccccccccccccccccccccc
eeeeeeeeeeeeeeeeeeeeeeeeeeeeabccccccccccccccccccccc
eeeeeeeeeeeeeeeeeeeeeeeeeeeeabccccccccccccccccccccc
eeeeeeeeeeeeeeeeeeeeeeeeeeeeabccccccccccccccccccccc
eeeeeeeeeeeeeeeeeeeeeeeeeeeeabccccccccccccccccccccc
eeeeeeeeeeeeeeeeeeeeeeeeeeeeabccccccccccccccccccccc
eeeeeeeeeeeeeeeeeeeeeeeeeeeeabccccccccccccccccccccc
eeeeeeeeeeeeeeeeeeeeeeeeeeeeabccccccccccccccccccccc
eeeeeeeeeeeeeeeeeeeeeeeeeeeeabccccccccccccccccccccc
eeeeeeeeeeeeeeeeeeeeeeeeeeeeabccccccccccccccccccccc
eeeeeeeeeeeeeeeeeeeeeeeeeeeeabccccccccccccccccccccc
eeeeeeeeeeeeeeeeeeeeeeeeeeeeabccccccccccccccccccccc
eeeeeeeeeeeeeeeeeeeeeeeeeeeeabcccccccccccccccccccccabccccccccccccccccccccc
eeeeeeeeeeeeeeeeeeeeeeeeeeee
abccccccccccccccccccccc
eeeeeeeeeeeeeeeeeeeeeeeeeeee
abccccccccccccccccccccc
eeeeeeeeeeeeeeeeeeeeeeeeeeeeabccccccccccccccccccccc
eeeeeeeeeeeeeeeeeeeeeeeeeeeeabccccccccccccccccccccc
eeeeeeeeeeeeeeeeeeeeeeeeeeeeabccccccccccccccccccccc
eeeeeeeeeeeeeeeeeeeeeeeeeeeeabccccccccccccccccccccc
eeeeeeeeeeeeeeeeeeeeeeeeeeeeabccccccccccccccccccccc
eeeeeeeeeeeeeeeeeeeeeeeeeeeeabccccccccccccccccccccc
eeeeeeeeeeeeeeeeeeeeeeeeeeeeabccccccccccccccccccccc
eeeeeeeeeeeeeeeeeeeeeeeeeeeeabccccccccccccccccccccc
eeeeeeeeeeeeeeeeeeeeeeeeeeeeabccccccccccccccccccccc
eeeeeeeeeeeeeeeeeeeeeeeeeeeeabccccccccccccccccccccc
eeeeeeeeeeeeeeeeeeeeeeeeeeeeabccccccccccccccccccccc
eeeeeeeeeeeeeeeeeeeeeeeeeeeeabcccccccccccccccccccccabccccccccccccccccccccc
eeeeeeeeeeeeeeeeeeeeeeeeeeee
abccccccccccccccccccccc
eeeeeeeeeeeeeeeeeeeeeeeeeeee
abccccccccccccccccccccc
eeeeeeeeeeeeeeeeeeeeeeeeeeeeabccccccccccccccccccccc
eeeeeeeeeeeeeeeeeeeeeeeeeeeeabccccccccccccccccccccc
eeeeeeeeeeeeeeeeeeeeeeeeeeeeabccccccccccccccccccccc
eeeeeeeeeeeeeeeeeeeeeeeeeeeeabccccccccccccccccccccc
eeeeeeeeeeeeeeeeeeeeeeeeeeeeabccccccccccccccccccccc
eeeeeeeeeeeeeeeeeeeeeeeeeeeeabccccccccccccccccccccc
eeeeeeeeeeeeeeeeeeeeeeeeeeeeabccccccccccccccccccccc
eeeeeeeeeeeeeeeeeeeeeeeeeeeeabccccccccccccccccccccc
eeeeeeeeeeeeeeeeeeeeeeeeeeeeabccccccccccccccccccccc
eeeeeeeeeeeeeeeeeeeeeeeeeeeeabccccccccccccccccccccc
eeeeeeeeeeeeeeeeeeeeeeeeeeeeabccccccccccccccccccccc
eeeeeeeeeeeeeeeeeeeeeeeeeeeeabcccccccccccccccccccccabccccccccccccccccccccc
eeeeeeeeeeeeeeeeeeeeeeeeeeee
abccccccccccccccccccccc
eeeeeeeeeeeeeeeeeeeeeeeeeeee
abccccccccccccccccccccc
eeeeeeeeeeeeeeeeeeeeeeeeeeeeabccccccccccccccccccccc
eeeeeeeeeeeeeeeeeeeeeeeeeeeeabccccccccccccccccccccc
eeeeeeeeeeeeeeeeeeeeeeeeeeeeabccccccccccccccccccccc
eeeeeeeeeeeeeeeeeeeeeeeeeeeeabccccccccccccccccccccc
eeeeeeeeeeeeeeeeeeeeeeeeeeeeabccccccccccccccccccccc
eeeeeeeeeeeeeeeeeeeeeeeeeeeeabccccccccccccccccccccc
eeeeeeeeeeeeeeeeeeeeeeeeeeeeabccccccccccccccccccccc
eeeeeeeeeeeeeeeeeeeeeeeeeeeeabccccccccccccccccccccc
eeeeeeeeeeeeeeeeeeeeeeeeeeeeabccccccccccccccccccccc
eeeeeeeeeeeeeeeeeeeeeeeeeeeeabccccccccccccccccccccc
eeeeeeeeeeeeeeeeeeeeeeeeeeeeabccccccccccccccccccccc
eeeeeeeeeeeeeeeeeeeeeeeeeeeeabcccccccccccccccccccccabccccccccccccccccccccc
eeeeeeeeeeeeeeeeeeeeeeeeeeee
abccccccccccccccccccccc
eeeeeeeeeeeeeeeeeeeeeeeeeeee
abccccccccccccccccccccc
eeeeeeeeeeeeeeeeeeeeeeeeeeeeabccccccccccccccccccccc
eeeeeeeeeeeeeeeeeeeeeeeeeeeeabccccccccccccccccccccc
eeeeeeeeeeeeeeeeeeeeeeeeeeeeabccccccccccccccccccccc
eeeeeeeeeeeeeeeeeeeeeeeeeeeeabccccccccccccccccccccc
eeeeeeeeeeeeeeeeeeeeeeeeeeeeabccccccccccccccccccccc
eeeeeeeeeeeeeeeeeeeeeeeeeeeeabccccccccccccccccccccc
eeeeeeeeeeeeeeeeeeeeeeeeeeeeabccccccccccccccccccccc
eeeeeeeeeeeeeeeeeeeeeeeeeeeeabccccccccccccccccccccc
eeeeeeeeeeeeeeeeeeeeeeeeeeeeabccccccccccccccccccccc
eeeeeeeeeeeeeeeeeeeeeeeeeeeeabccccccccccccccccccccc
eeeeeeeeeeeeeeeeeeeeeeeeeeeeabccccccccccccccccccccc
eeeeeeeeeeeeeeeeeeeeeeeeeeeeabcccccccccccccccccccccabccccccccccccccccccccc
eeeeeeeeeeeeeeeeeeeeeeeeeeee
abccccccccccccccccccccc
eeeeeeeeeeeeeeeeeeeeeeeeeeee
abccccccccccccccccccccc
eeeeeeeeeeeeeeeeeeeeeeeeeeeeabccccccccccccccccccccc
eeeeeeeeeeeeeeeeeeeeeeeeeeeeabccccccccccccccccccccc
eeeeeeeeeeeeeeeeeeeeeeeeeeeeabccccccccccccccccccccc
eeeeeeeeeeeeeeeeeeeeeeeeeeeeabccccccccccccccccccccc
eeeeeeeeeeeeeeeeeeeeeeeeeeeeabccccccccccccccccccccc
eeeeeeeeeeeeeeeeeeeeeeeeeeeeabccccccccccccccccccccc
eeeeeeeeeeeeeeeeeeeeeeeeeeeeabccccccccccccccccccccc
eeeeeeeeeeeeeeeeeeeeeeeeeeeeabccccccccccccccccccccc
eeeeeeeeeeeeeeeeeeeeeeeeeeeeabccccccccccccccccccccc
eeeeeeeeeeeeeeeeeeeeeeeeeeeeabccccccccccccccccccccc
eeeeeeeeeeeeeeeeeeeeeeeeeeeeabccccccccccccccccccccc
eeeeeeeeeeeeeeeeeeeeeeeeeeeeabcccccccccccccccccccccabccccccccccccccccccccc
eeeeeeeeeeeeeeeeeeeeeeeeeeee
abccccccccccccccccccccc
eeeeeeeeeeeeeeeeeeeeeeeeeeee
abccccccccccccccccccccc
eeeeeeeeeeeeeeeeeeeeeeeeeeeeabccccccccccccccccccccc
eeeeeeeeeeeeeeeeeeeeeeeeeeeeabccccccccccccccccccccc
eeeeeeeeeeeeeeeeeeeeeeeeeeeeabccccccccccccccccccccc
eeeeeeeeeeeeeeeeeeeeeeeeeeeeabccccccccccccccccccccc
eeeeeeeeeeeeeeeeeeeeeeeeeeeeabccccccccccccccccccccc
eeeeeeeeeeeeeeeeeeeeeeeeeeeeabccccccccccccccccccccc
eeeeeeeeeeeeeeeeeeeeeeeeeeeeabccccccccccccccccccccc
eeeeeeeeeeeeeeeeeeeeeeeeeeeeabccccccccccccccccccccc
eeeeeeeeeeeeeeeeeeeeeeeeeeeeabccccccccccccccccccccc
eeeeeeeeeeeeeeeeeeeeeeeeeeeeabccccccccccccccccccccc
eeeeeeeeeeeeeeeeeeeeeeeeeeeeabccccccccccccccccccccc
eeeeeeeeeeeeeeeeeeeeeeeeeeeeabcccccccccccccccccccccabccccccccccccccccccccc
eeeeeeeeeeeeeeeeeeeeeeeeeeee
abccccccccccccccccccccc
eeeeeeeeeeeeeeeeeeeeeeeeeeee
abccccccccccccccccccccc
eeeeeeeeeeeeeeeeeeeeeeeeeeeeabccccccccccccccccccccc
eeeeeeeeeeeeeeeeeeeeeeeeeeeeabccccccccccccccccccccc
eeeeeeeeeeeeeeeeeeeeeeeeeeeeabccccccccccccccccccccc
eeeeeeeeeeeeeeeeeeeeeeeeeeeeabccccccccccccccccccccc
eeeeeeeeeeeeeeeeeeeeeeeeeeeeabccccccccccccccccccccc
eeeeeeeeeeeeeeeeeeeeeeeeeeeeabccccccccccccccccccccc
eeeeeeeeeeeeeeeeeeeeeeeeeeeeabccccccccccccccccccccc
eeeeeeeeeeeeeeeeeeeeeeeeeeeeabccccccccccccccccccccc
eeeeeeeeeeeeeeeeeeeeeeeeeeeeabccccccccccccccccccccc
eeeeeeeeeeeeeeeeeeeeeeeeeeeeabccccccccccccccccccccc
eeeeeeeeeeeeeeeeeeeeeeeeeeeeabccccccccccccccccccccc
eeeeeeeeeeeeeeeeeeeeeeeeeeeeabcccccccccccccccccccccabccccccccccccccccccccc
eeeeeeeeeeeeeeeeeeeeeeeeeeee
abccccccccccccccccccccc
eeeeeeeeeeeeeeeeeeeeeeeeeeee
abccccccccccccccccccccc
eeeeeeeeeeeeeeeeeeeeeeeeeeeeabccccccccccccccccccccc
eeeeeeeeeeeeeeeeeeeeeeeeeeeeabccccccccccccccccccccc
eeeeeeeeeeeeeeeeeeeeeeeeeeeeabccccccccccccccccccccc
eeeeeeeeeeeeeeeeeeeeeeeeeeeeabccccccccccccccccccccc
eeeeeeeeeeeeeeeeeeeeeeeeeeeeabccccccccccccccccccccc
eeeeeeeeeeeeeeeeeeeeeeeeeeeeabccccccccccccccccccccc
eeeeeeeeeeeeeeeeeeeeeeeeeeeeabccccccccccccccccccccc
eeeeeeeeeeeeeeeeeeeeeeeeeeeeabccccccccccccccccccccc
eeeeeeeeeeeeeeeeeeeeeeeeeeeeabccccccccccccccccccccc
eeeeeeeeeeeeeeeeeeeeeeeeeeeeabccccccccccccccccccccc
eeeeeeeeeeeeeeeeeeeeeeeeeeeeabccccccccccccccccccccc
eeeeeeeeeeeeeeeeeeeeeeeeeeeeabcccccccccccccccccccccabccccccccccccccccccccc
eeeeeeeeeeeeeeeeeeeeeeeeeeee
abccccccccccccccccccccc
eeeeeeeeeeeeeeeeeeeeeeeeeeee
abccccccccccccccccccccc
eeeeeeeeeeeeeeeeeeeeeeeeeeeeabccccccccccccccccccccc
eeeeeeeeeeeeeeeeeeeeeeeeeeeeabccccccccccccccccccccc
eeeeeeeeeeeeeeeeeeeeeeeeeeeeabccccccccccccccccccccc
eeeeeeeeeeeeeeeeeeeeeeeeeeeeabccccccccccccccccccccc
eeeeeeeeeeeeeeeeeeeeeeeeeeeeabccccccccccccccccccccc
eeeeeeeeeeeeeeeeeeeeeeeeeeeeabccccccccccccccccccccc
eeeeeeeeeeeeeeeeeeeeeeeeeeeeabccccccccccccccccccccc
eeeeeeeeeeeeeeeeeeeeeeeeeeeeabccccccccccccccccccccc
eeeeeeeeeeeeeeeeeeeeeeeeeeeeabccccccccccccccccccccc
eeeeeeeeeeeeeeeeeeeeeeeeeeeeabccccccccccccccccccccc
eeeeeeeeeeeeeeeeeeeeeeeeeeeeabccccccccccccccccccccc
eeeeeeeeeeeeeeeeeeeeeeeeeeeeabcccccccccccccccccccccabccccccccccccccccccccc
eeeeeeeeeeeeeeeeeeeeeeeeeeee
abccccccccccccccccccccc
eeeeeeeeeeeeeeeeeeeeeeeeeeee
abccccccccccccccccccccc
eeeeeeeeeeeeeeeeeeeeeeeeeeeeabccccccccccccccccccccc
eeeeeeeeeeeeeeeeeeeeeeeeeeeeabccccccccccccccccccccc
eeeeeeeeeeeeeeeeeeeeeeeeeeeeabccccccccccccccccccccc
eeeeeeeeeeeeeeeeeeeeeeeeeeeeabccccccccccccccccccccc
eeeeeeeeeeeeeeeeeeeeeeeeeeeeabccccccccccccccccccccc
eeeeeeeeeeeeeeeeeeeeeeeeeeeeabccccccccccccccccccccc
eeeeeeeeeeeeeeeeeeeeeeeeeeeeabccccccccccccccccccccc
eeeeeeeeeeeeeeeeeeeeeeeeeeeeabccccccccccccccccccccc
eeeeeeeeeeeeeeeeeeeeeeeeeeeeabccccccccccccccccccccc
eeeeeeeeeeeeeeeeeeeeeeeeeeeeabccccccccccccccccccccc
eeeeeeeeeeeeeeeeeeeeeeeeeeeeabccccccccccccccccccccc
eeeeeeeeeeeeeeeeeeeeeeeeeeeeabcccccccccccccccccccccabccccccccccccccccccccc
eeeeeeeeeeeeeeeeeeeeeeeeeeee
abccccccccccccccccccccc
eeeeeeeeeeeeeeeeeeeeeeeeeeee
abccccccccccccccccccccc
eeeeeeeeeeeeeeeeeeeeeeeeeeeeabccccccccccccccccccccc
eeeeeeeeeeeeeeeeeeeeeeeeeeeeabccccccccccccccccccccc
eeeeeeeeeeeeeeeeeeeeeeeeeeeeabccccccccccccccccccccc
eeeeeeeeeeeeeeeeeeeeeeeeeeeeabccccccccccccccccccccc
eeeeeeeeeeeeeeeeeeeeeeeeeeeeabccccccccccccccccccccc
eeeeeeeeeeeeeeeeeeeeeeeeeeeeabccccccccccccccccccccc
eeeeeeeeeeeeeeeeeeeeeeeeeeeeabccccccccccccccccccccc
eeeeeeeeeeeeeeeeeeeeeeeeeeeeabccccccccccccccccccccc
eeeeeeeeeeeeeeeeeeeeeeeeeeeeabccccccccccccccccccccc
eeeeeeeeeeeeeeeeeeeeeeeeeeeeabccccccccccccccccccccc
eeeeeeeeeeeeeeeeeeeeeeeeeeeeabccccccccccccccccccccc
eeeeeeeeeeeeeeeeeeeeeeeeeeeeabcccccccccccccccccccccabccccccccccccccccccccc
eeeeeeeeeeeeeeeeeeeeeeeeeeee
abccccccccccccccccccccc
eeeeeeeeeeeeeeeeeeeeeeeeeeee
abccccccccccccccccccccc
eeeeeeeeeeeeeeeeeeeeeeeeeeeeabccccccccccccccccccccc
eeeeeeeeeeeeeeeeeeeeeeeeeeeeabccccccccccccccccccccc
eeeeeeeeeeeeeeeeeeeeeeeeeeeeabccccccccccccccccccccc
eeeeeeeeeeeeeeeeeeeeeeeeeeeeabccccccccccccccccccccc
eeeeeeeeeeeeeeeeeeeeeeeeeeeeabccccccccccccccccccccc
eeeeeeeeeeeeeeeeeeeeeeeeeeeeabccccccccccccccccccccc
eeeeeeeeeeeeeeeeeeeeeeeeeeeeabccccccccccccccccccccc
eeeeeeeeeeeeeeeeeeeeeeeeeeeeabccccccccccccccccccccc
eeeeeeeeeeeeeeeeeeeeeeeeeeeeabccccccccccccccccccccc
eeeeeeeeeeeeeeeeeeeeeeeeeeeeabccccccccccccccccccccc
eeeeeeeeeeeeeeeeeeeeeeeeeeeeabccccccccccccccccccccc
eeeeeeeeeeeeeeeeeeeeeeeeeeeeabcccccccccccccccccccccabccccccccccccccccccccc
eeeeeeeeeeeeeeeeeeeeeeeeeeee
abccccccccccccccccccccc
eeeeeeeeeeeeeeeeeeeeeeeeeeee
abccccccccccccccccccccc
eeeeeeeeeeeeeeeeeeeeeeeeeeeeabccccccccccccccccccccc
eeeeeeeeeeeeeeeeeeeeeeeeeeeeabccccccccccccccccccccc
eeeeeeeeeeeeeeeeeeeeeeeeeeeeabccccccccccccccccccccc
eeeeeeeeeeeeeeeeeeeeeeeeeeeeabccccccccccccccccccccc
eeeeeeeeeeeeeeeeeeeeeeeeeeeeabccccccccccccccccccccc
eeeeeeeeeeeeeeeeeeeeeeeeeeeeabccccccccccccccccccccc
eeeeeeeeeeeeeeeeeeeeeeeeeeeeabccccccccccccccccccccc
eeeeeeeeeeeeeeeeeeeeeeeeeeeeabccccccccccccccccccccc
eeeeeeeeeeeeeeeeeeeeeeeeeeeeabccccccccccccccccccccc
eeeeeeeeeeeeeeeeeeeeeeeeeeeeabccccccccccccccccccccc
eeeeeeeeeeeeeeeeeeeeeeeeeeeeabccccccccccccccccccccc
eeeeeeeeeeeeeeeeeeeeeeeeeeeeabcccccccccccccccccccccabccccccccccccccccccccc
eeeeeeeeeeeeeeeeeeeeeeeeeeee
abccccccccccccccccccccc
eeeeeeeeeeeeeeeeeeeeeeeeeeee
abccccccccccccccccccccc
eeeeeeeeeeeeeeeeeeeeeeeeeeeeabccccccccccccccccccccc
eeeeeeeeeeeeeeeeeeeeeeeeeeeeabccccccccccccccccccccc
eeeeeeeeeeeeeeeeeeeeeeeeeeeeabccccccccccccccccccccc
eeeeeeeeeeeeeeeeeeeeeeeeeeeeabccccccccccccccccccccc
eeeeeeeeeeeeeeeeeeeeeeeeeeeeabccccccccccccccccccccc
eeeeeeeeeeeeeeeeeeeeeeeeeeeeabccccccccccccccccccccc
eeeeeeeeeeeeeeeeeeeeeeeeeeeeabccccccccccccccccccccc
eeeeeeeeeeeeeeeeeeeeeeeeeeeeabccccccccccccccccccccc
eeeeeeeeeeeeeeeeeeeeeeeeeeeeabccccccccccccccccccccc
eeeeeeeeeeeeeeeeeeeeeeeeeeeeabccccccccccccccccccccc
eeeeeeeeeeeeeeeeeeeeeeeeeeeeabccccccccccccccccccccc
eeeeeeeeeeeeeeeeeeeeeeeeeeeeabcccccccccccccccccccccabccccccccccccccccccccc
eeeeeeeeeeeeeeeeeeeeeeeeeeee
abccccccccccccccccccccc
eeeeeeeeeeeeeeeeeeeeeeeeeeee
abccccccccccccccccccccc
eeeeeeeeeeeeeeeeeeeeeeeeeeeeabccccccccccccccccccccc
eeeeeeeeeeeeeeeeeeeeeeeeeeeeabccccccccccccccccccccc
eeeeeeeeeeeeeeeeeeeeeeeeeeeeabccccccccccccccccccccc
eeeeeeeeeeeeeeeeeeeeeeeeeeeeabccccccccccccccccccccc
eeeeeeeeeeeeeeeeeeeeeeeeeeeeabccccccccccccccccccccc
eeeeeeeeeeeeeeeeeeeeeeeeeeeeabccccccccccccccccccccc
eeeeeeeeeeeeeeeeeeeeeeeeeeeeabccccccccccccccccccccc
eeeeeeeeeeeeeeeeeeeeeeeeeeeeabccccccccccccccccccccc
eeeeeeeeeeeeeeeeeeeeeeeeeeeeabccccccccccccccccccccc
eeeeeeeeeeeeeeeeeeeeeeeeeeeeabccccccccccccccccccccc
eeeeeeeeeeeeeeeeeeeeeeeeeeeeabccccccccccccccccccccc
eeeeeeeeeeeeeeeeeeeeeeeeeeeeabcccccccccccccccccccccabccccccccccccccccccccc
eeeeeeeeeeeeeeeeeeeeeeeeeeee
abccccccccccccccccccccc
eeeeeeeeeeeeeeeeeeeeeeeeeeee
abccccccccccccccccccccc
eeeeeeeeeeeeeeeeeeeeeeeeeeeeabccccccccccccccccccccc
eeeeeeeeeeeeeeeeeeeeeeeeeeeeabccccccccccccccccccccc
eeeeeeeeeeeeeeeeeeeeeeeeeeeeabccccccccccccccccccccc
eeeeeeeeeeeeeeeeeeeeeeeeeeeeabccccccccccccccccccccc
eeeeeeeeeeeeeeeeeeeeeeeeeeeeabccccccccccccccccccccc
eeeeeeeeeeeeeeeeeeeeeeeeeeeeabccccccccccccccccccccc
eeeeeeeeeeeeeeeeeeeeeeeeeeeeabccccccccccccccccccccc
eeeeeeeeeeeeeeeeeeeeeeeeeeeeabccccccccccccccccccccc
eeeeeeeeeeeeeeeeeeeeeeeeeeeeabccccccccccccccccccccc
eeeeeeeeeeeeeeeeeeeeeeeeeeeeabccccccccccccccccccccc
eeeeeeeeeeeeeeeeeeeeeeeeeeeeabccccccccccccccccccccc
eeeeeeeeeeeeeeeeeeeeeeeeeeeeabcccccccccccccccccccccabccccccccccccccccccccc
eeeeeeeeeeeeeeeeeeeeeeeeeeee
abccccccccccccccccccccc
eeeeeeeeeeeeeeeeeeeeeeeeeeee
abccccccccccccccccccccc
eeeeeeeeeeeeeeeeeeeeeeeeeeeeabccccccccccccccccccccc
eeeeeeeeeeeeeeeeeeeeeeeeeeeeabccccccccccccccccccccc
eeeeeeeeeeeeeeeeeeeeeeeeeeeeabccccccccccccccccccccc
eeeeeeeeeeeeeeeeeeeeeeeeeeeeabccccccccccccccccccccc
eeeeeeeeeeeeeeeeeeeeeeeeeeeeabccccccccccccccccccccc
eeeeeeeeeeeeeeeeeeeeeeeeeeeeabccccccccccccccccccccc
eeeeeeeeeeeeeeeeeeeeeeeeeeeeabccccccccccccccccccccc
eeeeeeeeeeeeeeeeeeeeeeeeeeeeabccccccccccccccccccccc
eeeeeeeeeeeeeeeeeeeeeeeeeeeeabccccccccccccccccccccc
eeeeeeeeeeeeeeeeeeeeeeeeeeeeabccccccccccccccccccccc
eeeeeeeeeeeeeeeeeeeeeeeeeeeeabccccccccccccccccccccc
eeeeeeeeeeeeeeeeeeeeeeeeeeeeabcccccccccccccccccccccabccccccccccccccccccccc
eeeeeeeeeeeeeeeeeeeeeeeeeeee
abccccccccccccccccccccc
eeeeeeeeeeeeeeeeeeeeeeeeeeee
abccccccccccccccccccccc
eeeeeeeeeeeeeeeeeeeeeeeeeeeeabccccccccccccccccccccc
eeeeeeeeeeeeeeeeeeeeeeeeeeeeabccccccccccccccccccccc
eeeeeeeeeeeeeeeeeeeeeeeeeeeeabccccccccccccccccccccc
eeeeeeeeeeeeeeeeeeeeeeeeeeeeabccccccccccccccccccccc
eeeeeeeeeeeeeeeeeeeeeeeeeeeeabccccccccccccccccccccc
eeeeeeeeeeeeeeeeeeeeeeeeeeeeabccccccccccccccccccccc
eeeeeeeeeeeeeeeeeeeeeeeeeeeeabccccccccccccccccccccc
eeeeeeeeeeeeeeeeeeeeeeeeeeeeabccccccccccccccccccccc
eeeeeeeeeeeeeeeeeeeeeeeeeeeeabccccccccccccccccccccc
eeeeeeeeeeeeeeeeeeeeeeeeeeeeabccccccccccccccccccccc
eeeeeeeeeeeeeeeeeeeeeeeeeeeeabccccccccccccccccccccc
eeeeeeeeeeeeeeeeeeeeeeeeeeeeabcccccccccccccccccccccabccccccccccccccccccccc
eeeeeeeeeeeeeeeeeeeeeeeeeeee
abccccccccccccccccccccc
eeeeeeeeeeeeeeeeeeeeeeeeeeee
abccccccccccccccccccccc
eeeeeeeeeeeeeeeeeeeeeeeeeeeeabccccccccccccccccccccc
eeeeeeeeeeeeeeeeeeeeeeeeeeeeabccccccccccccccccccccc
eeeeeeeeeeeeeeeeeeeeeeeeeeeeabccccccccccccccccccccc
eeeeeeeeeeeeeeeeeeeeeeeeeeeeabccccccccccccccccccccc
eeeeeeeeeeeeeeeeeeeeeeeeeeeeabccccccccccccccccccccc
eeeeeeeeeeeeeeeeeeeeeeeeeeeeabccccccccccccccccccccc
eeeeeeeeeeeeeeeeeeeeeeeeeeeeabccccccccccccccccccccc
eeeeeeeeeeeeeeeeeeeeeeeeeeeeabccccccccccccccccccccc
eeeeeeeeeeeeeeeeeeeeeeeeeeeeabccccccccccccccccccccc
eeeeeeeeeeeeeeeeeeeeeeeeeeeeabccccccccccccccccccccc
eeeeeeeeeeeeeeeeeeeeeeeeeeeeabccccccccccccccccccccc
eeeeeeeeeeeeeeeeeeeeeeeeeeeeabcccccccccccccccccccccabccccccccccccccccccccc
eeeeeeeeeeeeeeeeeeeeeeeeeeee
abccccccccccccccccccccc
eeeeeeeeeeeeeeeeeeeeeeeeeeee
abccccccccccccccccccccc
eeeeeeeeeeeeeeeeeeeeeeeeeeeeabccccccccccccccccccccc
eeeeeeeeeeeeeeeeeeeeeeeeeeeeabccccccccccccccccccccc
eeeeeeeeeeeeeeeeeeeeeeeeeeeeabccccccccccccccccccccc
eeeeeeeeeeeeeeeeeeeeeeeeeeeeabccccccccccccccccccccc
eeeeeeeeeeeeeeeeeeeeeeeeeeeeabccccccccccccccccccccc
eeeeeeeeeeeeeeeeeeeeeeeeeeeeabccccccccccccccccccccc
eeeeeeeeeeeeeeeeeeeeeeeeeeeeabccccccccccccccccccccc
eeeeeeeeeeeeeeeeeeeeeeeeeeeeabccccccccccccccccccccc
eeeeeeeeeeeeeeeeeeeeeeeeeeeeabccccccccccccccccccccc
eeeeeeeeeeeeeeeeeeeeeeeeeeeeabccccccccccccccccccccc
eeeeeeeeeeeeeeeeeeeeeeeeeeeeabccccccccccccccccccccc
eeeeeeeeeeeeeeeeeeeeeeeeeeeeabcccccccccccccccccccccabccccccccccccccccccccc
eeeeeeeeeeeeeeeeeeeeeeeeeeee
abccccccccccccccccccccc
eeeeeeeeeeeeeeeeeeeeeeeeeeee
abccccccccccccccccccccc
eeeeeeeeeeeeeeeeeeeeeeeeeeeeabccccccccccccccccccccc
eeeeeeeeeeeeeeeeeeeeeeeeeeeeabccccccccccccccccccccc
eeeeeeeeeeeeeeeeeeeeeeeeeeeeabccccccccccccccccccccc
eeeeeeeeeeeeeeeeeeeeeeeeeeeeabccccccccccccccccccccc
eeeeeeeeeeeeeeeeeeeeeeeeeeeeabccccccccccccccccccccc
eeeeeeeeeeeeeeeeeeeeeeeeeeeeabccccccccccccccccccccc
eeeeeeeeeeeeeeeeeeeeeeeeeeeeabccccccccccccccccccccc
eeeeeeeeeeeeeeeeeeeeeeeeeeeeabccccccccccccccccccccc
eeeeeeeeeeeeeeeeeeeeeeeeeeeeabccccccccccccccccccccc
eeeeeeeeeeeeeeeeeeeeeeeeeeeeabccccccccccccccccccccc
eeeeeeeeeeeeeeeeeeeeeeeeeeeeabccccccccccccccccccccc
eeeeeeeeeeeeeeeeeeeeeeeeeeeeabcccccccccccccccccccccabccccccccccccccccccccc
eeeeeeeeeeeeeeeeeeeeeeeeeeee
abccccccccccccccccccccc
eeeeeeeeeeeeeeeeeeeeeeeeeeee
abccccccccccccccccccccc
eeeeeeeeeeeeeeeeeeeeeeeeeeeeabccccccccccccccccccccc
eeeeeeeeeeeeeeeeeeeeeeeeeeeeabccccccccccccccccccccc
eeeeeeeeeeeeeeeeeeeeeeeeeeeeabccccccccccccccccccccc
eeeeeeeeeeeeeeeeeeeeeeeeeeeeabccccccccccccccccccccc
eeeeeeeeeeeeeeeeeeeeeeeeeeeeabccccccccccccccccccccc
eeeeeeeeeeeeeeeeeeeeeeeeeeeeabccccccccccccccccccccc
eeeeeeeeeeeeeeeeeeeeeeeeeeeeabccccccccccccccccccccc
eeeeeeeeeeeeeeeeeeeeeeeeeeeeabccccccccccccccccccccc
eeeeeeeeeeeeeeeeeeeeeeeeeeeeabccccccccccccccccccccc
eeeeeeeeeeeeeeeeeeeeeeeeeeeeabccccccccccccccccccccc
eeeeeeeeeeeeeeeeeeeeeeeeeeeeabccccccccccccccccccccc
eeeeeeeeeeeeeeeeeeeeeeeeeeeeabcccccccccccccccccccccabccccccccccccccccccccc
eeeeeeeeeeeeeeeeeeeeeeeeeeee
abccccccccccccccccccccc
eeeeeeeeeeeeeeeeeeeeeeeeeeee
abccccccccccccccccccccc
eeeeeeeeeeeeeeeeeeeeeeeeeeeeabccccccccccccccccccccc
eeeeeeeeeeeeeeeeeeeeeeeeeeeeabccccccccccccccccccccc
eeeeeeeeeeeeeeeeeeeeeeeeeeeeabccccccccccccccccccccc
eeeeeeeeeeeeeeeeeeeeeeeeeeeeabccccccccccccccccccccc
eeeeeeeeeeeeeeeeeeeeeeeeeeeeabccccccccccccccccccccc
eeeeeeeeeeeeeeeeeeeeeeeeeeeeabccccccccccccccccccccc
eeeeeeeeeeeeeeeeeeeeeeeeeeeeabccccccccccccccccccccc
eeeeeeeeeeeeeeeeeeeeeeeeeeeeabccccccccccccccccccccc
eeeeeeeeeeeeeeeeeeeeeeeeeeeeabccccccccccccccccccccc
eeeeeeeeeeeeeeeeeeeeeeeeeeeeabccccccccccccccccccccc
eeeeeeeeeeeeeeeeeeeeeeeeeeeeabccccccccccccccccccccc
eeeeeeeeeeeeeeeeeeeeeeeeeeeeabcccccccccccccccccccccabccccccccccccccccccccc
eeeeeeeeeeeeeeeeeeeeeeeeeeee
abccccccccccccccccccccc
eeeeeeeeeeeeeeeeeeeeeeeeeeee
abccccccccccccccccccccc
eeeeeeeeeeeeeeeeeeeeeeeeeeeeabccccccccccccccccccccc
eeeeeeeeeeeeeeeeeeeeeeeeeeeeabccccccccccccccccccccc
eeeeeeeeeeeeeeeeeeeeeeeeeeeeabccccccccccccccccccccc
eeeeeeeeeeeeeeeeeeeeeeeeeeeeabccccccccccccccccccccc
eeeeeeeeeeeeeeeeeeeeeeeeeeeeabccccccccccccccccccccc
eeeeeeeeeeeeeeeeeeeeeeeeeeeeabccccccccccccccccccccc
eeeeeeeeeeeeeeeeeeeeeeeeeeeeabccccccccccccccccccccc
eeeeeeeeeeeeeeeeeeeeeeeeeeeeabccccccccccccccccccccc
eeeeeeeeeeeeeeeeeeeeeeeeeeeeabccccccccccccccccccccc
eeeeeeeeeeeeeeeeeeeeeeeeeeeeabccccccccccccccccccccc
eeeeeeeeeeeeeeeeeeeeeeeeeeeeabccccccccccccccccccccc
eeeeeeeeeeeeeeeeeeeeeeeeeeeeabcccccccccccccccccccccabccccccccccccccccccccc
eeeeeeeeeeeeeeeeeeeeeeeeeeee
abccccccccccccccccccccc
eeeeeeeeeeeeeeeeeeeeeeeeeeee
abccccccccccccccccccccc
eeeeeeeeeeeeeeeeeeeeeeeeeeeeabccccccccccccccccccccc
eeeeeeeeeeeeeeeeeeeeeeeeeeeeabccccccccccccccccccccc
eeeeeeeeeeeeeeeeeeeeeeeeeeeeabccccccccccccccccccccc
eeeeeeeeeeeeeeeeeeeeeeeeeeeeabccccccccccccccccccccc
eeeeeeeeeeeeeeeeeeeeeeeeeeeeabccccccccccccccccccccc
eeeeeeeeeeeeeeeeeeeeeeeeeeeeabccccccccccccccccccccc
eeeeeeeeeeeeeeeeeeeeeeeeeeeeabccccccccccccccccccccc
eeeeeeeeeeeeeeeeeeeeeeeeeeeeabccccccccccccccccccccc
eeeeeeeeeeeeeeeeeeeeeeeeeeeeabccccccccccccccccccccc
eeeeeeeeeeeeeeeeeeeeeeeeeeeeabccccccccccccccccccccc
eeeeeeeeeeeeeeeeeeeeeeeeeeeeabccccccccccccccccccccc
eeeeeeeeeeeeeeeeeeeeeeeeeeeeabcccccccccccccccccccccabccccccccccccccccccccc
eeeeeeeeeeeeeeeeeeeeeeeeeeee
abccccccccccccccccccccc
eeeeeeeeeeeeeeeeeeeeeeeeeeee
abccccccccccccccccccccc
eeeeeeeeeeeeeeeeeeeeeeeeeeeeabccccccccccccccccccccc
eeeeeeeeeeeeeeeeeeeeeeeeeeeeabccccccccccccccccccccc
eeeeeeeeeeeeeeeeeeeeeeeeeeeeabccccccccccccccccccccc
eeeeeeeeeeeeeeeeeeeeeeeeeeeeabccccccccccccccccccccc
eeeeeeeeeeeeeeeeeeeeeeeeeeeeabccccccccccccccccccccc
eeeeeeeeeeeeeeeeeeeeeeeeeeeeabccccccccccccccccccccc
eeeeeeeeeeeeeeeeeeeeeeeeeeeeabccccccccccccccccccccc
eeeeeeeeeeeeeeeeeeeeeeeeeeeeabccccccccccccccccccccc
eeeeeeeeeeeeeeeeeeeeeeeeeeeeabccccccccccccccccccccc
eeeeeeeeeeeeeeeeeeeeeeeeeeeeabccccccccccccccccccccc
eeeeeeeeeeeeeeeeeeeeeeeeeeeeabccccccccccccccccccccc
eeeeeeeeeeeeeeeeeeeeeeeeeeeeabcccccccccccccccccccccabccccccccccccccccccccc
eeeeeeeeeeeeeeeeeeeeeeeeeeee
abccccccccccccccccccccc
eeeeeeeeeeeeeeeeeeeeeeeeeeee
abccccccccccccccccccccc
eeeeeeeeeeeeeeeeeeeeeeeeeeeeabccccccccccccccccccccc
eeeeeeeeeeeeeeeeeeeeeeeeeeeeabccccccccccccccccccccc
eeeeeeeeeeeeeeeeeeeeeeeeeeeeabccccccccccccccccccccc
eeeeeeeeeeeeeeeeeeeeeeeeeeeeabccccccccccccccccccccc
eeeeeeeeeeeeeeeeeeeeeeeeeeeeabccccccccccccccccccccc
eeeeeeeeeeeeeeeeeeeeeeeeeeeeabccccccccccccccccccccc
eeeeeeeeeeeeeeeeeeeeeeeeeeeeabccccccccccccccccccccc
eeeeeeeeeeeeeeeeeeeeeeeeeeeeabccccccccccccccccccccc
eeeeeeeeeeeeeeeeeeeeeeeeeeeeabccccccccccccccccccccc
eeeeeeeeeeeeeeeeeeeeeeeeeeeeabccccccccccccccccccccc
eeeeeeeeeeeeeeeeeeeeeeeeeeeeabccccccccccccccccccccc
eeeeeeeeeeeeeeeeeeeeeeeeeeeeabcccccccccccccccccccccabccccccccccccccccccccc
eeeeeeeeeeeeeeeeeeeeeeeeeeee
abccccccccccccccccccccc
eeeeeeeeeeeeeeeeeeeeeeeeeeee
abccccccccccccccccccccc
eeeeeeeeeeeeeeeeeeeeeeeeeeeeabccccccccccccccccccccc
eeeeeeeeeeeeeeeeeeeeeeeeeeeeabccccccccccccccccccccc
eeeeeeeeeeeeeeeeeeeeeeeeeeeeabccccccccccccccccccccc
eeeeeeeeeeeeeeeeeeeeeeeeeeeeabccccccccccccccccccccc
eeeeeeeeeeeeeeeeeeeeeeeeeeeeabccccccccccccccccccccc
eeeeeeeeeeeeeeeeeeeeeeeeeeeeabccccccccccccccccccccc
eeeeeeeeeeeeeeeeeeeeeeeeeeeeabccccccccccccccccccccc
eeeeeeeeeeeeeeeeeeeeeeeeeeeeabccccccccccccccccccccc
eeeeeeeeeeeeeeeeeeeeeeeeeeeeabccccccccccccccccccccc
eeeeeeeeeeeeeeeeeeeeeeeeeeeeabccccccccccccccccccccc
eeeeeeeeeeeeeeeeeeeeeeeeeeeeabccccccccccccccccccccc
eeeeeeeeeeeeeeeeeeeeeeeeeeeeabcccccccccccccccccccccabccccccccccccccccccccc
eeeeeeeeeeeeeeeeeeeeeeeeeeee
abccccccccccccccccccccc
eeeeeeeeeeeeeeeeeeeeeeeeeeee
abccccccccccccccccccccc
eeeeeeeeeeeeeeeeeeeeeeeeeeeeabccccccccccccccccccccc
eeeeeeeeeeeeeeeeeeeeeeeeeeeeabccccccccccccccccccccc
eeeeeeeeeeeeeeeeeeeeeeeeeeeeabccccccccccccccccccccc
eeeeeeeeeeeeeeeeeeeeeeeeeeeeabccccccccccccccccccccc
eeeeeeeeeeeeeeeeeeeeeeeeeeeeabccccccccccccccccccccc
eeeeeeeeeeeeeeeeeeeeeeeeeeeeabccccccccccccccccccccc
eeeeeeeeeeeeeeeeeeeeeeeeeeeeabccccccccccccccccccccc
eeeeeeeeeeeeeeeeeeeeeeeeeeeeabccccccccccccccccccccc
eeeeeeeeeeeeeeeeeeeeeeeeeeeeabccccccccccccccccccccc
eeeeeeeeeeeeeeeeeeeeeeeeeeeeabccccccccccccccccccccc
eeeeeeeeeeeeeeeeeeeeeeeeeeeeabccccccccccccccccccccc
eeeeeeeeeeeeeeeeeeeeeeeeeeeeabcccccccccccccccccccccabccccccccccccccccccccc
eeeeeeeeeeeeeeeeeeeeeeeeeeee
abccccccccccccccccccccc
eeeeeeeeeeeeeeeeeeeeeeeeeeee
abccccccccccccccccccccc
eeeeeeeeeeeeeeeeeeeeeeeeeeeeabccccccccccccccccccccc
eeeeeeeeeeeeeeeeeeeeeeeeeeeeabccccccccccccccccccccc
eeeeeeeeeeeeeeeeeeeeeeeeeeeeabccccccccccccccccccccc
eeeeeeeeeeeeeeeeeeeeeeeeeeeeabccccccccccccccccccccc
eeeeeeeeeeeeeeeeeeeeeeeeeeeeabccccccccccccccccccccc
eeeeeeeeeeeeeeeeeeeeeeeeeeeeabccccccccccccccccccccc
eeeeeeeeeeeeeeeeeeeeeeeeeeeeabccccccccccccccccccccc
eeeeeeeeeeeeeeeeeeeeeeeeeeeeabccccccccccccccccccccc
eeeeeeeeeeeeeeeeeeeeeeeeeeeeabccccccccccccccccccccc
eeeeeeeeeeeeeeeeeeeeeeeeeeeeabccccccccccccccccccccc
eeeeeeeeeeeeeeeeeeeeeeeeeeeeabccccccccccccccccccccc
eeeeeeeeeeeeeeeeeeeeeeeeeeeeabcccccccccccccccccccccabccccccccccccccccccccc
eeeeeeeeeeeeeeeeeeeeeeeeeeee
abccccccccccccccccccccc
eeeeeeeeeeeeeeeeeeeeeeeeeeee
abccccccccccccccccccccc
eeeeeeeeeeeeeeeeeeeeeeeeeeeeabccccccccccccccccccccc
eeeeeeeeeeeeeeeeeeeeeeeeeeeeabccccccccccccccccccccc
eeeeeeeeeeeeeeeeeeeeeeeeeeeeabccccccccccccccccccccc
eeeeeeeeeeeeeeeeeeeeeeeeeeeeabccccccccccccccccccccc
eeeeeeeeeeeeeeeeeeeeeeeeeeeeabccccccccccccccccccccc
eeeeeeeeeeeeeeeeeeeeeeeeeeeeabccccccccccccccccccccc
eeeeeeeeeeeeeeeeeeeeeeeeeeeeabccccccccccccccccccccc
eeeeeeeeeeeeeeeeeeeeeeeeeeeeabccccccccccccccccccccc
eeeeeeeeeeeeeeeeeeeeeeeeeeeeabccccccccccccccccccccc
eeeeeeeeeeeeeeeeeeeeeeeeeeeeabccccccccccccccccccccc
eeeeeeeeeeeeeeeeeeeeeeeeeeeeabccccccccccccccccccccc
eeeeeeeeeeeeeeeeeeeeeeeeeeeeabcccccccccccccccccccccabccccccccccccccccccccc
eeeeeeeeeeeeeeeeeeeeeeeeeeee
abccccccccccccccccccccc
eeeeeeeeeeeeeeeeeeeeeeeeeeee
abccccccccccccccccccccc
eeeeeeeeeeeeeeeeeeeeeeeeeeeeabccccccccccccccccccccc
eeeeeeeeeeeeeeeeeeeeeeeeeeeeabccccccccccccccccccccc
eeeeeeeeeeeeeeeeeeeeeeeeeeeeabccccccccccccccccccccc
eeeeeeeeeeeeeeeeeeeeeeeeeeeeabccccccccccccccccccccc
eeeeeeeeeeeeeeeeeeeeeeeeeeeeabccccccccccccccccccccc
eeeeeeeeeeeeeeeeeeeeeeeeeeeeabccccccccccccccccccccc
eeeeeeeeeeeeeeeeeeeeeeeeeeeeabccccccccccccccccccccc
eeeeeeeeeeeeeeeeeeeeeeeeeeeeabccccccccccccccccccccc
eeeeeeeeeeeeeeeeeeeeeeeeeeeeabccccccccccccccccccccc
eeeeeeeeeeeeeeeeeeeeeeeeeeeeabccccccccccccccccccccc
eeeeeeeeeeeeeeeeeeeeeeeeeeeeabccccccccccccccccccccc
eeeeeeeeeeeeeeeeeeeeeeeeeeeeabcccccccccccccccccccccabccccccccccccccccccccc
eeeeeeeeeeeeeeeeeeeeeeeeeeee
abccccccccccccccccccccc
eeeeeeeeeeeeeeeeeeeeeeeeeeee
abccccccccccccccccccccc
eeeeeeeeeeeeeeeeeeeeeeeeeeeeabccccccccccccccccccccc
eeeeeeeeeeeeeeeeeeeeeeeeeeeeabccccccccccccccccccccc
eeeeeeeeeeeeeeeeeeeeeeeeeeeeabccccccccccccccccccccc
eeeeeeeeeeeeeeeeeeeeeeeeeeeeabccccccccccccccccccccc
eeeeeeeeeeeeeeeeeeeeeeeeeeeeabccccccccccccccccccccc
eeeeeeeeeeeeeeeeeeeeeeeeeeeeabccccccccccccccccccccc
eeeeeeeeeeeeeeeeeeeeeeeeeeeeabccccccccccccccccccccc
eeeeeeeeeeeeeeeeeeeeeeeeeeeeabccccccccccccccccccccc
eeeeeeeeeeeeeeeeeeeeeeeeeeeeabccccccccccccccccccccc
eeeeeeeeeeeeeeeeeeeeeeeeeeeeabccccccccccccccccccccc
eeeeeeeeeeeeeeeeeeeeeeeeeeeeabccccccccccccccccccccc
eeeeeeeeeeeeeeeeeeeeeeeeeeeeabcccccccccccccccccccccabccccccccccccccccccccc
eeeeeeeeeeeeeeeeeeeeeeeeeeee
abccccccccccccccccccccc
eeeeeeeeeeeeeeeeeeeeeeeeeeee
abccccccccccccccccccccc
eeeeeeeeeeeeeeeeeeeeeeeeeeeeabccccccccccccccccccccc
eeeeeeeeeeeeeeeeeeeeeeeeeeeeabccccccccccccccccccccc
eeeeeeeeeeeeeeeeeeeeeeeeeeeeabccccccccccccccccccccc
eeeeeeeeeeeeeeeeeeeeeeeeeeeeabccccccccccccccccccccc
eeeeeeeeeeeeeeeeeeeeeeeeeeeeabccccccccccccccccccccc
eeeeeeeeeeeeeeeeeeeeeeeeeeeeabccccccccccccccccccccc
eeeeeeeeeeeeeeeeeeeeeeeeeeeeabccccccccccccccccccccc
eeeeeeeeeeeeeeeeeeeeeeeeeeeeabccccccccccccccccccccc
eeeeeeeeeeeeeeeeeeeeeeeeeeeeabccccccccccccccccccccc
eeeeeeeeeeeeeeeeeeeeeeeeeeeeabccccccccccccccccccccc
eeeeeeeeeeeeeeeeeeeeeeeeeeeeabccccccccccccccccccccc
eeeeeeeeeeeeeeeeeeeeeeeeeeeeabcccccccccccccccccccccabccccccccccccccccccccc
eeeeeeeeeeeeeeeeeeeeeeeeeeee
abccccccccccccccccccccc
eeeeeeeeeeeeeeeeeeeeeeeeeeee
abccccccccccccccccccccc
eeeeeeeeeeeeeeeeeeeeeeeeeeeeabccccccccccccccccccccc
eeeeeeeeeeeeeeeeeeeeeeeeeeeeabccccccccccccccccccccc
eeeeeeeeeeeeeeeeeeeeeeeeeeeeabccccccccccccccccccccc
eeeeeeeeeeeeeeeeeeeeeeeeeeeeabccccccccccccccccccccc
eeeeeeeeeeeeeeeeeeeeeeeeeeeeabccccccccccccccccccccc
eeeeeeeeeeeeeeeeeeeeeeeeeeeeabccccccccccccccccccccc
eeeeeeeeeeeeeeeeeeeeeeeeeeeeabccccccccccccccccccccc
eeeeeeeeeeeeeeeeeeeeeeeeeeeeabccccccccccccccccccccc
eeeeeeeeeeeeeeeeeeeeeeeeeeeeabccccccccccccccccccccc
eeeeeeeeeeeeeeeeeeeeeeeeeeeeabccccccccccccccccccccc
eeeeeeeeeeeeeeeeeeeeeeeeeeeeabccccccccccccccccccccc
eeeeeeeeeeeeeeeeeeeeeeeeeeeeabcccccccccccccccccccccabccccccccccccccccccccc
eeeeeeeeeeeeeeeeeeeeeeeeeeee
abccccccccccccccccccccc
eeeeeeeeeeeeeeeeeeeeeeeeeeee
abccccccccccccccccccccc
eeeeeeeeeeeeeeeeeeeeeeeeeeeeabccccccccccccccccccccc
eeeeeeeeeeeeeeeeeeeeeeeeeeeeabccccccccccccccccccccc
eeeeeeeeeeeeeeeeeeeeeeeeeeeeabccccccccccccccccccccc
eeeeeeeeeeeeeeeeeeeeeeeeeeeeabccccccccccccccccccccc
eeeeeeeeeeeeeeeeeeeeeeeeeeeeabccccccccccccccccccccc
eeeeeeeeeeeeeeeeeeeeeeeeeeeeabccccccccccccccccccccc
eeeeeeeeeeeeeeeeeeeeeeeeeeeeabccccccccccccccccccccc
eeeeeeeeeeeeeeeeeeeeeeeeeeeeabccccccccccccccccccccc
eeeeeeeeeeeeeeeeeeeeeeeeeeeeabccccccccccccccccccccc
eeeeeeeeeeeeeeeeeeeeeeeeeeeeabccccccccccccccccccccc
eeeeeeeeeeeeeeeeeeeeeeeeeeeeabccccccccccccccccccccc
eeeeeeeeeeeeeeeeeeeeeeeeeeeeabcccccccccccccccccccccabccccccccccccccccccccc
eeeeeeeeeeeeeeeeeeeeeeeeeeee
abccccccccccccccccccccc
eeeeeeeeeeeeeeeeeeeeeeeeeeee
abccccccccccccccccccccc
eeeeeeeeeeeeeeeeeeeeeeeeeeeeabccccccccccccccccccccc
eeeeeeeeeeeeeeeeeeeeeeeeeeeeabccccccccccccccccccccc
eeeeeeeeeeeeeeeeeeeeeeeeeeeeabccccccccccccccccccccc
eeeeeeeeeeeeeeeeeeeeeeeeeeeeabccccccccccccccccccccc
eeeeeeeeeeeeeeeeeeeeeeeeeeeeabccccccccccccccccccccc
eeeeeeeeeeeeeeeeeeeeeeeeeeeeabccccccccccccccccccccc
eeeeeeeeeeeeeeeeeeeeeeeeeeeeabccccccccccccccccccccc
eeeeeeeeeeeeeeeeeeeeeeeeeeeeabccccccccccccccccccccc
eeeeeeeeeeeeeeeeeeeeeeeeeeeeabccccccccccccccccccccc
eeeeeeeeeeeeeeeeeeeeeeeeeeeeabccccccccccccccccccccc
eeeeeeeeeeeeeeeeeeeeeeeeeeeeabccccccccccccccccccccc
eeeeeeeeeeeeeeeeeeeeeeeeeeeeabcccccccccccccccccccccabccccccccccccccccccccc
eeeeeeeeeeeeeeeeeeeeeeeeeeee
abccccccccccccccccccccc
eeeeeeeeeeeeeeeeeeeeeeeeeeee
abccccccccccccccccccccc
eeeeeeeeeeeeeeeeeeeeeeeeeeeeabccccccccccccccccccccc
eeeeeeeeeeeeeeeeeeeeeeeeeeeeabccccccccccccccccccccc
eeeeeeeeeeeeeeeeeeeeeeeeeeeeabccccccccccccccccccccc
eeeeeeeeeeeeeeeeeeeeeeeeeeeeabccccccccccccccccccccc
eeeeeeeeeeeeeeeeeeeeeeeeeeeeabccccccccccccccccccccc
eeeeeeeeeeeeeeeeeeeeeeeeeeeeabccccccccccccccccccccc
eeeeeeeeeeeeeeeeeeeeeeeeeeeeabccccccccccccccccccccc
eeeeeeeeeeeeeeeeeeeeeeeeeeeeabccccccccccccccccccccc
eeeeeeeeeeeeeeeeeeeeeeeeeeeeabccccccccccccccccccccc
eeeeeeeeeeeeeeeeeeeeeeeeeeeeabccccccccccccccccccccc
eeeeeeeeeeeeeeeeeeeeeeeeeeeeabccccccccccccccccccccc
eeeeeeeeeeeeeeeeeeeeeeeeeeeeabcccccccccccccccccccccabccccccccccccccccccccc
eeeeeeeeeeeeeeeeeeeeeeeeeeee
abccccccccccccccccccccc
eeeeeeeeeeeeeeeeeeeeeeeeeeee
abccccccccccccccccccccc
eeeeeeeeeeeeeeeeeeeeeeeeeeeeabccccccccccccccccccccc
eeeeeeeeeeeeeeeeeeeeeeeeeeeeabccccccccccccccccccccc
eeeeeeeeeeeeeeeeeeeeeeeeeeeeabccccccccccccccccccccc
eeeeeeeeeeeeeeeeeeeeeeeeeeeeabccccccccccccccccccccc
eeeeeeeeeeeeeeeeeeeeeeeeeeeeabccccccccccccccccccccc
eeeeeeeeeeeeeeeeeeeeeeeeeeeeabccccccccccccccccccccc
eeeeeeeeeeeeeeeeeeeeeeeeeeeeabccccccccccccccccccccc
eeeeeeeeeeeeeeeeeeeeeeeeeeeeabccccccccccccccccccccc
eeeeeeeeeeeeeeeeeeeeeeeeeeeeabccccccccccccccccccccc
eeeeeeeeeeeeeeeeeeeeeeeeeeeeabccccccccccccccccccccc
eeeeeeeeeeeeeeeeeeeeeeeeeeeeabccccccccccccccccccccc
eeeeeeeeeeeeeeeeeeeeeeeeeeeeabcccccccccccccccccccccabccccccccccccccccccccc
eeeeeeeeeeeeeeeeeeeeeeeeeeee
abccccccccccccccccccccceeeeeeeeeeabccceeeeeeeeeeabccccccccccccccccccccc
eeeeeeeeeeeeeeeeeeeeeeeeeeeeabcccccccccccccccccccccabccccccccccccccccccccc
eeeeeeeeeeeeeeeeeeeeeeeeeeee
abccccccccccccccccccccc
eeeeeeeeeeeeeeeeeeeeeeeeeeee
abccccccccccccccccccccc
eeeeeeeeeeeeeeeeeeeeeeeeeeeeabccccccccccccccccccccceeeeeeeeeeabccccccccccccccccccccc
eeeeeeeeeeeeeeeeeeeeeeeeeeeeabcccccccccccccccccccccabccccccccccccccccccccc
eeeeeeeeeeeeeeeeeeeeeeeeeeee
abccccccccccccccccccccceeeeeeeeeeabccccccccccccccccccccc
eeeeeeeeeeeeeeeeeeeeeeeeeeeeabcccccccccccccccccccccabccccccccccccccccccccc
eeeeeeeeeeeeeeeeeeeeeeeeeeee
abccccccccccccccccccccc
eeeeeeeeeeeeeeeeeeeeeeeeeeee
abccccccccccccccccccccc
eeeeeeeeeeeeeeeeeeeeeeeeeeeeabccccccccccccccccccccceeeeeeeeeeabccccccccccccccccccccc
eeeeeeeeeeeeeeeeeeeeeeeeeeeeabcccccccccccccccccccccabccccccccccccccccccccc
eeeeeeeeeeeeeeeeeeeeeeeeeeee
abccccccccccccccccccccc
eeeeeeeeeeeeeeeeeeeeeeeeeeee
abccccccccccccccccccccc
eeeeeeeeeeeeeeeeeeeeeeeeeeeeabccccccccccccccccccccceeeeeeeeeeabccccccccccccccccccccc
eeeeeeeeeeeeeeeeeeeeeeeeeeeeabcccccccccccccccccccccabccccccccccccccccccccc
eeeeeeeeeeeeeeeeeeeeeeeeeeee
abccccccccccccccccccccc
eeeeeeeeeeeeeeeeeeeeeeeeeeee
abccccccccccccccccccccc
eeeeeeeeeeeeeeeeeeeeeeeeeeeeabccccccccccccccccccccceeeeeeeeeeabccccccccccccccccccccc
eeeeeeeeeeeeeeeeeeeeeeeeeeeeabcccccccccccccccccccccabccccccccccccccccccccc
eeeeeeeeeeeeeeeeeeeeeeeeeeee
abccccccccccccccccccccc
eeeeeeeeeeeeeeeeeeeeeeeeeeee
abccccccccccccccccccccc
eeeeeeeeeeeeeeeeeeeeeeeeeeeeabccccccccccccccccccccceeeeeeeeeeabccccccccccccccccccccc
eeeeeeeeeeeeeeeeeeeeeeeeeeeeabcccccccccccccccccccccabccccccccccccccccccccc
eeeeeeeeeeeeeeeeeeeeeeeeeeee
abccccccccccccccccccccc
eeeeeeeeeeeeeeeeeeeeeeeeeeee
abccccccccccccccccccccc
eeeeeeeeeeeeeeeeeeeeeeeeeeeeabccccccccccccccccccccceeeeeeeeeeabccccccccccccccccccccc
eeeeeeeeeeeeeeeeeeeeeeeeeeeeabcccccccccccccccccccccabccccccccccccccccccccc
eeeeeeeeeeeeeeeeeeeeeeeeeeee
abccccccccccccccccccccc
eeeeeeeeeeeeeeeeeeeeeeeeeeee
abccccccccccccccccccccc
eeeeeeeeeeeeeeeeeeeeeeeeeeeeabccccccccccccccccccccceeeeeeeeeeabccccccccccccccccccccc
eeeeeeeeeeeeeeeeeeeeeeeeeeeeabcccccccccccccccccccccabccccccccccccccccccccc
eeeeeeeeeeeeeeeeeeeeeeeeeeee
abccccccccccccccccccccc
eeeeeeeeeeeeeeeeeeeeeeeeeeee
abccccccccccccccccccccc
eeeeeeeeeeeeeeeeeeeeeeeeeeeeabccccccccccccccccccccceeeeeeeeeeabccccccccccccccccccccc
eeeeeeeeeeeeeeeeeeeeeeeeeeeeabcccccccccccccccccccccabccccccccccccccccccccc
eeeeeeeeeeeeeeeeeeeeeeeeeeee
abccccccccccccccccccccc
eeeeeeeeeeeeeeeeeeeeeeeeeeee
abccccccccccccccccccccc
eeeeeeeeeeeeeeeeeeeeeeeeeeeeabccccccccccccccccccccceeeeeeeeeeabccccccccccccccccccccc
eeeeeeeeeeeeeeeeeeeeeeeeeeeeabcccccccccccccccccccccabccccccccccccccccccccc
eeeeeeeeeeeeeeeeeeeeeeeeeeee
abccccccccccccccccccccc
eeeeeeeeeeeeeeeeeeeeeeeeeeee
abccccccccccccccccccccc
eeeeeeeeeeeeeeeeeeeeeeeeeeeeabccccccccccccccccccccceeeeeeeeeeabccccccccccccccccccccc
eeeeeeeeeeeeeeeeeeeeeeeeeeeeabcccccccccccccccccccccabccccccccccccccccccccc
eeeeeeeeeeeeeeeeeeeeeeeeeeee
abccccccccccccccccccccc
eeeeeeeeeeeeeeeeeeeeeeeeeeee
abccccccccccccccccccccc
eeeeeeeeeeeeeeeeeeeeeeeeeeeeabccccccccccccccccccccceeeeeeeeeeabccccccccccccccccccccc
eeeeeeeeeeeeeeeeeeeeeeeeeeeeabcccccccccccccccccccccabccccccccccccccccccccc
eeeeeeeeeeeeeeeeeeeeeeeeeeee
abccccccccccccccccccccc
eeeeeeeeeeeeeeeeeeeeeeeeeeee
abccccccccccccccccccccc
eeeeeeeeeeeeeeeeeeeeeeeeeeeeabccccccccccccccccccccceeeeeeeeeeabccccccccccccccccccccc
eeeeeeeeeeeeeeeeeeeeeeeeeeeeabcccccccccccccccccccccabccccccccccccccccccccc
eeeeeeeeeeeeeeeeeeeeeeeeeeee
abccccccccccccccccccccc
eeeeeeeeeeeeeeeeeeeeeeeeeeee
abccccccccccccccccccccc
eeeeeeeeeeeeeeeeeeeeeeeeeeeeabccccccccccccccccccccceeeeeeeeeeabccccccccccccccccccccc
eeeeeeeeeeeeeeeeeeeeeeeeeeeeabcccccccccccccccccccccabccccccccccccccccccccc
eeeeeeeeeeeeeeeeeeeeeeeeeeee
abccccccccccccccccccccc
eeeeeeeeeeeeeeeeeeeeeeeeeeee
abccccccccccccccccccccc
eeeeeeeeeeeeeeeeeeeeeeeeeeeeabccccccccccccccccccccceeeeeeeeeeabccccccccccccccccccccc
eeeeeeeeeeeeeeeeeeeeeeeeeeeeabcccccccccccccccccccccabccccccccccccccccccccc
eeeeeeeeeeeeeeeeeeeeeeeeeeee
abccccccccccccccccccccc
eeeeeeeeeeeeeeeeeeeeeeeeeeee
abccccccccccccccccccccc
eeeeeeeeeeeeeeeeeeeeeeeeeeeeabccccccccccccccccccccceeeeeeeeeeabccccccccccccccccccccc
eeeeeeeeeeeeeeeeeeeeeeeeeeeeabcccccccccccccccccccccabccccccccccccccccccccc
eeeeeeeeeeeeeeeeeeeeeeeeeeee
abccccccccccccccccccccc
eeeeeeeeeeeeeeeeeeeeeeeeeeee
abccccccccccccccccccccc
eeeeeeeeeeeeeeeeeeeeeeeeeeeeabccccccccccccccccccccceeeeeeeeeeabccccccccccccccccccccc
eeeeeeeeeeeeeeeeeeeeeeeeeeeeabcccccccccccccccccccccabccccccccccccccccccccc
eeeeeeeeeeeeeeeeeeeeeeeeeeee
abccccccccccccccccccccc
eeeeeeeeeeeeeeeeeeeeeeeeeeee
abccccccccccccccccccccc
eeeeeeeeeeeeeeeeeeeeeeeeeeeeabccccccccccccccccccccceeeeeeeeeeabccccccccccccccccccccc
eeeeeeeeeeeeeeeeeeeeeeeeeeeeabcccccccccccccccccccccabccccccccccccccccccccc
eeeeeeeeeeeeeeeeeeeeeeeeeeee
abccccccccccccccccccccc
eeeeeeeeeeeeeeeeeeeeeeeeeeee
abccccccccccccccccccccc
eeeeeeeeeeeeeeeeeeeeeeeeeeeeabccccccccccccccccccccceeeeeeeeeeabccccccccccccccccccccc
eeeeeeeeeeeeeeeeeeeeeeeeeeeeabcccccccccccccccccccccabccccccccccccccccccccc
eeeeeeeeeeeeeeeeeeeeeeeeeeee
abccccccccccccccccccccc
eeeeeeeeeeeeeeeeeeeeeeeeeeee
abccccccccccccccccccccc
eeeeeeeeeeeeeeeeeeeeeeeeeeeeabccccccccccccccccccccceeeeeeeeeeabccccccccccccccccccccc
eeeeeeeeeeeeeeeeeeeeeeeeeeeeabcccccccccccccccccccccabccccccccccccccccccccc
eeeeeeeeeeeeeeeeeeeeeeeeeeee
abccccccccccccccccccccc
eeeeeeeeeeeeeeeeeeeeeeeeeeee
abccccccccccccccccccccc
eeeeeeeeeeeeeeeeeeeeeeeeeeeeabccccccccccccccccccccceeeeeeeeeeabccccccccccccccccccccc
eeeeeeeeeeeeeeeeeeeeeeeeeeeeabcccccccccccccccccccccabccccccccccccccccccccc
eeeeeeeeeeeeeeeeeeeeeeeeeeee
abccccccccccccccccccccc
eeeeeeeeeeeeeeeeeeeeeeeeeeee
abccccccccccccccccccccc
eeeeeeeeeeeeeeeeeeeeeeeeeeeeabccccccccccccccccccccceeeeeeeeeeabccccccccccccccccccccc
eeeeeeeeeeeeeeeeeeeeeeeeeeeeabcccccccccccccccccccccabccccccccccccccccccccc
eeeeeeeeeeeeeeeeeeeeeeeeeeee
abccccccccccccccccccccc
eeeeeeeeeeeeeeeeeeeeeeeeeeee
abccccccccccccccccccccc
eeeeeeeeeeeeeeeeeeeeeeeeeeeeabccccccccccccccccccccceeeeeeeeeeabccccccccccccccccccccc
eeeeeeeeeeeeeeeeeeeeeeeeeeeeabcccccccccccccccccccccabccccccccccccccccccccc
eeeeeeeeeeeeeeeeeeeeeeeeeeee
abccccccccccccccccccccc
eeeeeeeeeeeeeeeeeeeeeeeeeeee
abccccccccccccccccccccc
eeeeeeeeeeeeeeeeeeeeeeeeeeeeabccccccccccccccccccccceeeeeeeeeeabccccccccccccccccccccc
eeeeeeeeeeeeeeeeeeeeeeeeeeeeabcccccccccccccccccccccabccccccccccccccccccccc
eeeeeeeeeeeeeeeeeeeeeeeeeeee
abccccccccccccccccccccc
eeeeeeeeeeeeeeeeeeeeeeeeeeee
abccccccccccccccccccccc
eeeeeeeeeeeeeeeeeeeeeeeeeeeeabccccccccccccccccccccceeeeeeeeeeabccccccccccccccccccccc
eeeeeeeeeeeeeeeeeeeeeeeeeeeeabcccccccccccccccccccccabccccccccccccccccccccc
eeeeeeeeeeeeeeeeeeeeeeeeeeee
abccccccccccccccccccccc
eeeeeeeeeeeeeeeeeeeeeeeeeeee
abccccccccccccccccccccc
eeeeeeeeeeeeeeeeeeeeeeeeeeeeabccccccccccccccccccccceeeeeeeeeeabccccccccccccccccccccc
eeeeeeeeeeeeeeeeeeeeeeeeeeeeabcccccccccccccccccccccabccccccccccccccccccccc
eeeeeeeeeeeeeeeeeeeeeeeeeeee
abccccccccccccccccccccc
eeeeeeeeeeeeeeeeeeeeeeeeeeee
abccccccccccccccccccccc
eeeeeeeeeeeeeeeeeeeeeeeeeeeeabccccccccccccccccccccceeeeeeeeeeabccccccccccccccccccccc
eeeeeeeeeeeeeeeeeeeeeeeeeeeeabcccccccccccccccccccccabccccccccccccccccccccc
eeeeeeeeeeeeeeeeeeeeeeeeeeee
abccccccccccccccccccccc
eeeeeeeeeeeeeeeeeeeeeeeeeeee
abccccccccccccccccccccc
eeeeeeeeeeeeeeeeeeeeeeeeeeeeabccccccccccccccccccccceeeeeeeeeeabccccccccccccccccccccc
eeeeeeeeeeeeeeeeeeeeeeeeeeeeabcccccccccccccccccccccabccccccccccccccccccccc
eeeeeeeeeeeeeeeeeeeeeeeeeeee
abccccccccccccccccccccc
eeeeeeeeeeeeeeeeeeeeeeeeeeee
abccccccccccccccccccccc
eeeeeeeeeeeeeeeeeeeeeeeeeeeeabccccccccccccccccccccceeeeeeeeeeabccccccccccccccccccccc
eeeeeeeeeeeeeeeeeeeeeeeeeeeeabcccccccccccccccccccccabccccccccccccccccccccc
eeeeeeeeeeeeeeeeeeeeeeeeeeee
abccccccccccccccccccccc
eeeeeeeeeeeeeeeeeeeeeeeeeeee
abccccccccccccccccccccc
eeeeeeeeeeeeeeeeeeeeeeeeeeeeabccccccccccccccccccccceeeeeeeeeeabccccccccccccccccccccc
eeeeeeeeeeeeeeeeeeeeeeeeeeeeabcccccccccccccccccccccabccccccccccccccccccccc
eeeeeeeeeeeeeeeeeeeeeeeeeeee
abccccccccccccccccccccc
eeeeeeeeeeeeeeeeeeeeeeeeeeee
abccccccccccccccccccccc
eeeeeeeeeeeeeeeeeeeeeeeeeeeeabccccccccccccccccccccceeeeeeeeeeabccccccccccccccccccccc
eeeeeeeeeeeeeeeeeeeeeeeeeeeeabcccccccccccccccccccccabccccccccccccccccccccc
eeeeeeeeeeeeeeeeeeeeeeeeeeee
abccccccccccccccccccccc
eeeeeeeeeeeeeeeeeeeeeeeeeeee
abccccccccccccccccccccc
eeeeeeeeeeeeeeeeeeeeeeeeeeeeabccccccccccccccccccccceeeeeeeeeeabccccccccccccccccccccc
eeeeeeeeeeeeeeeeeeeeeeeeeeeeabcccccccccccccccccccccabccccccccccccccccccccc
eeeeeeeeeeeeeeeeeeeeeeeeeeee
abccccccccccccccccccccc
eeeeeeeeeeeeeeeeeeeeeeeeeeee
abccccccccccccccccccccc
eeeeeeeeeeeeeeeeeeeeeeeeeeeeabccccccccccccccccccccceeeeeeeeeeabccccccccccccccccccccc
eeeeeeeeeeeeeeeeeeeeeeeeeeeeabcccccccccccccccccccccabccccccccccccccccccccc
eeeeeeeeeeeeeeeeeeeeeeeeeeee
abccccccccccccccccccccc
eeeeeeeeeeeeeeeeeeeeeeeeeeee
abccccccccccccccccccccc
eeeeeeeeeeeeeeeeeeeeeeeeeeeeabccccccccccccccccccccceeeeeeeeeeabccccccccccccccccccccc
eeeeeeeeeeeeeeeeeeeeeeeeeeeeabcccccccccccccccccccccabccccccccccccccccccccc
eeeeeeeeeeeeeeeeeeeeeeeeeeee
abccccccccccccccccccccc
eeeeeeeeeeeeeeeeeeeeeeeeeeee
abccccccccccccccccccccc
eeeeeeeeeeeeeeeeeeeeeeeeeeeeabccccccccccccccccccccceeeeeeeeeeabccccccccccccccccccccc
eeeeeeeeeeeeeeeeeeeeeeeeeeeeabcccccccccccccccccccccabccccccccccccccccccccc
eeeeeeeeeeeeeeeeeeeeeeeeeeee
abccccccccccccccccccccc
eeeeeeeeeeeeeeeeeeeeeeeeeeee
abccccccccccccccccccccc
eeeeeeeeeeeeeeeeeeeeeeeeeeeeabccccccccccccccccccccceeeeeeeeeeabccccccccccccccccccccc
eeeeeeeeeeeeeeeeeeeeeeeeeeeeabcccccccccccccccccccccabccccccccccccccccccccc
eeeeeeeeeeeeeeeeeeeeeeeeeeee
abccccccccccccccccccccc
eeeeeeeeeeeeeeeeeeeeeeeeeeee
abccccccccccccccccccccc
eeeeeeeeeeeeeeeeeeeeeeeeeeeeabccccccccccccccccccccceeeeeeeeeeabccccccccccccccccccccc
eeeeeeeeeeeeeeeeeeeeeeeeeeeeabcccccccccccccccccccccabccccccccccccccccccccc
eeeeeeeeeeeeeeeeeeeeeeeeeeee
abccccccccccccccccccccc
eeeeeeeeeeeeeeeeeeeeeeeeeeee
abccccccccccccccccccccc
eeeeeeeeeeeeeeeeeeeeeeeeeeeeabccccccccccccccccccccceeeeeeeeeeabccccccccccccccccccccc
eeeeeeeeeeeeeeeeeeeeeeeeeeeeabcccccccccccccccccccccabccccccccccccccccccccc
eeeeeeeeeeeeeeeeeeeeeeeeeeee
abccccccccccccccccccccc
eeeeeeeeeeeeeeeeeeeeeeeeeeee
abccccccccccccccccccccc
eeeeeeeeeeeeeeeeeeeeeeeeeeeeabccccccccccccccccccccceeeeeeeeeeabccccccccccccccccccccc
eeeeeeeeeeeeeeeeeeeeeeeeeeeeabcccccccccccccccccccccabccccccccccccccccccccc
eeeeeeeeeeeeeeeeeeeeeeeeeeee
abccccccccccccccccccccc
eeeeeeeeeeeeeeeeeeeeeeeeeeee
abccccccccccccccccccccc
eeeeeeeeeeeeeeeeeeeeeeeeeeeeabccccccccccccccccccccc
eeeeeeeeeeeeeeeeeeeeeeeeeeee
abccccccccccccccccccccc
eeeeeeeeeeeeeeeeeeeeeeeeeeeeabccccccccccccccccccccceeeeeeeeeeabccccccccccccccccccccc
eeeeeeeeeeeeeeeeeeeeeeeeeeeeabcccccccccccccccccccccabccccccccccccccccccccc
eeeeeeeeeeeeeeeeeeeeeeeeeeee
abccccccccccccccccccccc
eeeeeeeeeeeeeeeeeeeeeeeeeeee
abccccccccccccccccccccc
eeeeeeeeeeeeeeeeeeeeeeeeeeeeabccccccccccccccccccccccccccccccccccccccc
eeeeeeeeeeeeeeeeeeeeeeeeeeeeabcccccccccccccccccccccabccccccccccccccccccccc
eeeeeeeeeeeeeeeeeeeeeeeeeeee
abccccccccccccccccccccc
eeeeeeeeeeeeeeeeeeeeeeeeeeee
abccccccccccccccccccccc
eeeeeeeeeeeeeeeeeeeeeeeeeeeeabccccccccccccccccccccc
eeeeeeeeeeeeeeeeeeeeeeeeeeee
abccccccccccccccccccccc
eeeeeeeeeeeeeeeeeeeeeeeeeeeeabccccccccccccccccccccc
eeeeeeeeeeeeeeeeeeeeeeeeeeeeabccccccccccccccccccccc
eeeeeeeeeeeeeeeeeeeeeeeeeeeeabccccccccccccccccccccc
eeeeeeeeeeeeeeeeeeeeeeeeeeeeabccccccccccccccccccccc
eeeeeeeeeeeeeeeeeeeeeeeeeeeeabccccccccccccccccccccc
eeeeeeeeeeeeeeeeeeeeeeeeeeeeabccccccccccccccccccccc
eeeeeeeeeeeeeeeeeeeeeeeeeeeeabccccccccccccccccccccc
eeeeeeeeeeeeeeeeeeeeeeeeeeeeabccccccccccccccccccccc
eeeeeeeeeeeeeeeeeeeeeeeeeeeeabccccccccccccccccccccc
eeeeeeeeeeeeeeeeeeeeeeeeeeeeabccccccccccccccccccccc
eeeeeeeeeeeeeeeeeeeeeeeeeeeeabccccccccccccccccccccc
eeeeeeeeeeeeeeeeeeeeeeeeeeeeabcccccccccccccccccccccabccccccccccccccccccccc
eeeeeeeeeeeeeeeeeeeeeeeeeeee
abccccccccccccccccccccc
eeeeeeeeeeeeeeeeeeeeeeeeeeee
abccccccccccccccccccccc
eeeeeeeeeeeeeeeeeeeeeeeeeeeeabccccccccccccccccccccc
eeeeeeeeeeeeeeeeeeeeeeeeeeeeabccccccccccccccccccccc
eeeeeeeeeeeeeeeeeeeeeeeeeeeeabccccccccccccccccccccc
eeeeeeeeeeeeeeeeeeeeeeeeeeeeabccccccccccccccccccccc
eeeeeeeeeeeeeeeeeeeeeeeeeeeeabccccccccccccccccccccc
eeeeeeeeeeeeeeeeeeeeeeeeeeeeabccccccccccccccccccccc
eeeeeeeeeeeeeeeeeeeeeeeeeeeeabccccccccccccccccccccc
eeeeeeeeeeeeeeeeeeeeeeeeeeeeabccccccccccccccccccccc
eeeeeeeeeeeeeeeeeeeeeeeeeeeeabccccccccccccccccccccc
eeeeeeeeeeeeeeeeeeeeeeeeeeeeabccccccccccccccccccccc
eeeeeeeeeeeeeeeeeeeeeeeeeeeeabccccccccccccccccccccc
eeeeeeeeeeeeeeeeeeeeeeeeeeeeabccccccccccccccccccccc
eeeeeeeeeeeeeeeeeeeeeeeeeeeeabccccccccccccccccccccc
eeeeeeeeeeeeeeeeeeeeeeeeeeeeabccccccccccccccccccccc
eeeeeeeeeeeeeeeeeeeeeeeeeeeeabccccccccccccccccccccc
eeeeeeeeeeeeeeeeeeeeeeeeeeeeabccccccccccccccccccccc
eeeeeeeeeeeeeeeeeeeeeeeeeeeeabccccccccccccccccccccc
eeeeeeeeeeeeeeeeeeeeeeeeeeeeabccccccccccccccccccccc
eeeeeeeeeeeeeeeeeeeeeeeeeeeeabccccccccccccccccccccc
eeeeeeeeeeeeeeeeeeeeeeeeeeeeabccccccccccccccccccccc
eeeeeeeeeeeeeeeeeeeeeeeeeeeeabccccccccccccccccccccc
eeeeeeeeeeeeeeeeeeeeeeeeeeeeabccccccccccccccccccccc
eeeeeeeeeeeeeeeeeeeeeeeeeeeeabccccccccccccccccccccc
eeeeeeeeeeeeeeeeeeeeeeeeeeeeabcccccccccccccccccccccabccccccccccccccccccccc
eeeeeeeeeeeeeeeeeeeeeeeeeeee
abccccccccccccccccccccc
eeeeeeeeeeeeeeeeeeeeeeeeeeee
abccccccccccccccccccccc
eeeeeeeeeeeeeeecccccc
eeeeeeeeeeeeeeeeeeeeeeeeeeeeabccccccccccccccccccccc
eeeeeeeeeeeeeeeeeeeeeeeeeeeeabccccccccccccccccccccc
eeeeeeeeeeeeeeeeeeeeeeeeeeeeabccccccccccccccccccccc
eeeeeeeeeeeeeeeeeeeeeeeeeeeeabccccccccccccccccccccc
eeeeeeeeeeeeeeeeeeeeeeeeeeeeabcccccccccccccccccccccabccccccccccccccccccccc
eeeeeeeeeeeeeeeeeeeeeeeeeeee
abccccccccccccccccccccc
eeeeeeeeeeeeeeeeeeeeeeeeeeee
abccccccccccccccccccccc
eeeeeeeeeeeeeeeeeeeeeeeeeeeeabccccccccccccccccccccc
eeeeeeeeeeeeeeeeeeeeeeeeeeeeabccccccccccccccccccccc
eeeeeeeeeeeeeeeeeeeeeeeeeeeeabccccccccccccccccccccc
eeeeeeeeeeeeeeeeeeeeeeeeeeeeabccccccccccccccccccccc
eeeeeeeeeeeeeeeeeeeeeeeeeeeeabccccccccccccccccccccc
eeeeeeeeeeeeeeeeeeeeeeeeeeeeabccccccccccccccccccccc
eeeeeeeeeeeeeeeeeeeee
eeeeeeeeeeeeeeeeeeeeeeeeeeee
abccccccccccccccccccccc
eeeeeeeeeeeeeeeeeeeeeeeeeeeeabccccccccccccccccccccc
eeeeeeeeeeeeeeeeeeeeeeeeeeeeabccccccccccccccccccccc
eeeeeeeeeeeeeeeeeeeeeeeeeeeeabccccccccccccccccccccc
eeeeeeeeeeeeeeeeeeeeeeeeeeeeabccccccccccccccccccccc
eeeeeeeeeeeeeeeeeeeeeeeeeeeeabccccccccccccccccccccc
eeeeeeeeeeeeeeeeeeeeeeeeeeeeabccccccccccccccccccccc
eeeeeeeeeeeeeeeeeeeeeeeeeeeeabccccccccccccccccccccc
eeeeeeeeeeeeeeeeeeeeeeeeeeeeabccccccccccccccccccccc
eeeeeeeeeeeeeeeeeeeeeeeeeeeeabccccccccccccccccccccc
eeeeeeeeeeeeeeeeeeeeeeeeeeeeabccccccccccccccccccccc
eeeeeeeeeeeeeeeeeeecccccccccc
eeeeeeeeeeeeeeeeeeeeeeeeeeeeabccccccccccccccccccccc
eeeeeeeeeeeeeeeeeeeeeeeeeeeeabccccccccccccccccccccc
eeeeeeeeeeeeeeeeeeeeeeeeeeeeabccccccccccccccccccccc
eeeeeeeeeeeeeeeeeeeeeeeeeeeeabcccccccccccccccccccccabccccccccccccccccccccc
eeeeeeeeeeeeeeeeeeeeeeeeeeee
abccccccccccccccccccccc
eeeeeeeeeeeeeeeeeeeeeeeeeeee
abccccccccccccccccccccc
eeeeeeeeeeeeeeeeeeeeeeeeeeeeabccccccccccccccccccccc
eeeeeeeeeeeeeeeeeeeeeeeeeeeeabccccccccccccccccccccc
eeeeeeeeeeeeeeeeeeeeeeeeeeeeabccccccccccccccccccccc
eeeeeeeeeeeeeeeeeeeeeeeeeeeeabccccccccccccccccccccc
eeeeeeeeeeeeeeeeeeeeeeeeeeeeabccccccccccccccccccccc
eeeeeeeeeeeeeeeeeeeeeeeeeeeeabccccccccccccccccccccc
eeeeeeeeeeeeeeeeeeeeeeeeeeeeabccccccccccccccccccccc
eeeeeeeeeeeeeeeeeeeeeeeeeeeeabccccccccccccccccccccc
eeeeeeeeeeeeeeeeeeeeeeeeeeeeabccccccccccccccccccccc
eeeeeeeeeeeeeeeeeeeeeeeeeeeeabccccccccccccccccccccc
eeeeeeeeeeeeeeeeeeeeeeeeeeeeabccccccccccccccccccccc
eeeeeeeeeeeeeeeeeeeeeeeeeeeeabcccccccccccccccccccccabccccccccccccccccccccc
eeeeeeeeeeeeeeeeeeeeeeeeeeee
abccccccccccccccccccccc
eeeeeeeeeeeeeeeeeeeeeeeeeeee
abccccccccccccccccccccc
eeeeeeeeeeeeeeeeeeeeeeeeeeeeabccc
eeeeeeeeeeeeeeeeeeeeeeeeeeeeabccccccccccccccccccccc
eeeeeeeeeeeeeeeeeeeeeeeeeeeeabccccccccccccccccccccc
eeeeeeeeeeeeeeeeeeeeeeeeeeeeabcccccccccccccccccccccabccccccccccccccccccccc
eeeeeeeeeeeeeeeeeeeeeeeeeeee
abccccccccccccccccccccc
eeeeeeeeeeeeeeeeeeeeeeeeeeee
abccccccccccccccccccccc
eeeeeeeeeeeeeeeeeeeeeeeeeeeeabcccccccccc
eeeeeeeeeeeeeeeeeeeeeeeeeeeeabccccccccccccccccccccc
eeeeeeeeeeeeeeeeeeeeeeeeeeeeabccccccccccccccccccccc
eeeeeeeeeeeeeeeeeeeeeeeeeeeeabccccccccccccccccccccc
eeeeeeeeeeeeeeeeeeeeeeeeeeeeabccccccccccccccccccccc
eeeeeeeeeeeeeeeeeeeeeeeeeeeeabccccccccccccccccccccc
eeeeeeeeeeeeeeeeeeeeeeeeeeeeabccccccccccccccccccccc
eeeeeeeeeeeeeeeeeeeeeeeeeeeeabccccccccccccccccccccc
eeeeeeeeeeeeeeeeeeeeeeeeeeeeabcccccccccccccccccccccabccccccccccccccccccccc
eeeeeeeeeeeeeeeeeeeeeeeeeeee
abccccccccccccccccccccc
eeeeeeeeeeeeeeeeeeeeeeeeeeee
abccccccccccccccccccccc
eeeeeeeeeeeeeeeeeeeeeeeeeeeeabccccccccccccccccccccc
eeeeeeeeeeeeeeeeeeeeeeeeeeeeabccccccccccccccccccccc
eeeeeeeeeeeeeeeeeeeeeeeeeeeeabccccccccccccccccccccc
eeeeeeeeeeeeeeeeeeeeeeeeeeeeabccccccccccccccccccccc
eeeeeeeeeeeeeeeeeeeeeeeeeeeeabccccccccccccccccccccc
eeeeeeeeeeeeeeeeeeeeeeeeeeeeabccccccccccccccccccccc
eeeeeeeeeeeeeeeeeeeeeeeeeeeeabccccccccccccccccccccc
eeeeeeeeeeeeeeeeeeeeeeeeeeeeabccccccccccccccccccccc
eeeeeeeeeeeeeeeeeeeeeeeeeeeeabccccccccccccccccccccc
eeeeeeeeeeeeeeeeeeeeeeeeeeeeabccccccccccccccccccccc
eeeeeeeeeeeeeeeeeeeeeeeeeeeeabccccccccccccccccccccc
eeeeeeeeeeeeeeeeeeeeeeeeeeeeabcccccccccccccccccccccabccccccccccccccccccccc
eeeeeeeeeeeeeeeeeeeeeeeeeeee
abccccccccccccccccccccc
eeeeeeeeeeeeeeeeeeeeeeeeeeee
abccccccccccccccccccccc
eeeeeeeeeeeeeeeeeeeeeeeeeeeeabccccccccccccccccccccc
eeeeeeeeeeeeeeeeeeeeeeeeeeeeabccccccccccccccccccccc
eeeeeeeeeeeeeeeeeeeeeeeeeeeeabccccccccccccccccccccc
eeeeeeeeeeeeeeeeeeeeeeeeeeeeabccccccccccccccccccccc
eeeeeeeeeeeeeeeeeeeeeeeeeeeeabccccccccccccccccccccc
eeeeeeeeeeeeeeeeeeeeeeeeeeeeabccccccccccccccccccccc
eeeeeeeeeeeeeeeeeeeeeeeeeeeeabccccccccccccccccccccc
eeeeeeeeeeeeeeeeeeeeeeeeeeeeabccccccccccccccccccccc
eeeeeeeeeeeeeeeeeeeeeeeeeeeeabccccccccccccccccccccc
eeeeeeeeeeeeeeeeeeeeeeeeeeeeabccccccccccccccccccccc
eeeeeeeeeeeeeeeeeeeeeeeeeeeeabccccccccccccccccccccc
eeeeeeeeeeeeeeeeeeeeeeeeeeeeabcccccccccccccccccccccabccccccccccccccccccccc
eeeeeeeeeeeeeeeeeeeeeeeeeeee
abccccccccccccccccccccc
eeeeeeeeeeeeeeeeeeeeeeeeeeee
abccccccccccccccccccccc
eeeeeeeeeeeeeeeeeeeeeeeeeeeeabccccccccccccccccccccc
eeeeeeeeeeeeeeeeeeeeeeeeeeeeabccccccccccccccccccccc
eeeeeeeeeeeeeeeeeeeeeeeeeeeeabccccccccccccccccccccc
eeeeeeeeeeeeeeeeeeeeeeeeeeeeabccccccccccccccccccccc
eeeeeeeeeeeeeeeeeeeeeeeeeeeeabccccccccccccccccccccc
eeeeeeeeeeeeeeeeeeeeeeeeeeeeabccccccccccccccccccccc
eeeeeeeeeeeeeeeeeeeeeeeeeeeeabccccccccccccccccccccc
eeeeeeeeeeeeeeeeeeeeeeeeeeeeabccccccccccccccccccccc
eeeeeeeeeeeeeeeeeeeeeeeeeeeeabccccccccccccccccccccc
eeeeeeeeeeeeeeeeeeeeeeeeeeeeabccccccccccccccccccccc
eeeeeeeeeeeeeeeeeeeeeeeeeeeeabccccccccccccccccccccc
eeeeeeeeeeeeeeeeeeeeeeeeeeeeabcccccccccccccccccccccabccccccccccccccccccccc
eeeeeeeeeeeeeeeeeeeeeeeeeeee
abccccccccccccccccccccc
eeeeeeeeeeeeeeeeeeeeeeeeeeee
abccccccccccccccccccccc
eeeeeeeeeeeeeeeeeeeeeeeeeeeeabccccccccccccccccccccc
eeeeeeeeeeeeeeeeeeeeeeeeeeeeabccccccccccccccccccccc
eeeeeeeeeeeeeeeeeeeeeeeeeeeeabccccccccccccccccccccc
eeeeeeeeeeeeeeeeeeeeeeeeeeeeabccccccccccccccccccccc
eeeeeeeeeeeeeeeeeeeeeeeeeeeeabccccccccccccccccccccc
eeeeeeeeeeeeeeeeeeeeeeeeeeeeabccccccccccccccccccccc
eeeeeeeeeeeeeeeeeeeeeeeeeeeeabccccccccccccccccccccc
eeeeeeeeeeeeeeeeeeeeeeeeeeeeabccccccccccccccccccccc
eeeeeeeeeeeeeeeeeeeeeeeeeeeeabccccccccccccccccccccc
eeeeeeeeeeeeeeeeeeeeeeeeeeeeabccccccccccccccccccccc
eeeeeeeeeeeeeeeeeeeeeeeeeeeeabccccccccccccccccccccc
eeeeeeeeeeeeeeeeeeeeeeeeeeeeabcccccccccccccccccccccabccccccccccccccccccccc
eeeeeeeeeeeeeeeeeeeeeeeeeeeecccccccccccceeeeeeeeeeabccccccccccccccccccccc
eeeeeeeeeeeeeeeeeeeeeeeeeeeeabcccccccccccccccccccccabccccccccccccccccccccc
eeeeeeeeeeeeeeeeeeeeeeeeeeee
abccccccccccccccccccccc
eeeeeeeeeeeeeeeeeeeeeeeeeeee
abccccccccccccccccccccc
eeeeeeeeeeeeeeeeeeeeeeeeeeeeabccccccccccccccccccccceeeeeeeeeeabccccccccccccccccccccc
eeeeeeeeeeeeeeeeeeeeeeeeeeeeabcccccccccccccccccccccabccccccccccccccccccccc
eeeeeeeeeeeeeeeeeeeeeeeeeeee
abccccccccccccccccccccc
eeeeeeeeeeeeeeeeeeeeeeeeeeee
abccccccccccccccccccccc
eeeeeeeeeeeeeeeeeeeeeeeeeeeeabccccccccccccccccccccceeeeeeeeeeabccccccccccccccccccccc
eeeeeeeeeeeeeeeeeeeeeeeeeeeeabcccccccccccccccccccccabccccccccccccccccccccc
eeeeeeeeeeeeeeeeeeeeeeeeeeee
abccccccccccccccccccccc
eeeeeeeeeeeeeeeeeeeeeeeeeeee
abccccccccccccccccccccc
eeeeeeeeeeeeeeeeeeeeeeeeeeeeabccccccccccccccccccccc
eeeeeeeeeeeeeeeeeeeeeeeeeeee
abccccccccccccccccccccc
eeeeeeeeeeeeeeeeeeeeeeeeeeeeabccccccccccccccccccccceeeeeeeeeeabccccccccccccccccccccc
eeeeeeeeeeeeeeeeeeeeeeeeeeeeabcccccccccccccccccccccabccccccccccccccccccccc
eeeeeeeeeeeeeeeeeeeeeeeeeeee
abccccccccccccccccccccc
eeeeeeeeeeeeeeeeeeeeeeeeeeee
abccccccccccccccccccccc
eeeeeeeeeeeeeeeeeeeeeeeeeeeeabccccccccccccccccccccccccccccccccccccccc
eeeeeeeeeeeeeeeeeeeeeeeeeeeeabcccccccccccccccccccccabccccccccccccccccccccc
eeeeeeeeeeeeeeeeeeeeeeeeeeee
abccccccccccccccccccccc
eeeeeeeeeeeeeeeeeeeeeeeeeeee
abccccccccccccccccccccc
eeeeeeeeeeeeeeeeeeeeeeeeeeeeabccccccccccccccccccccc
eeeeeeeeeeeeeeeeeeeeeeeeeeee
abccccccccccccccccccccc
eeeeeeeeeeeeeeeeeeeeeeeeeeeeabccccccccccccccccccccc
eeeeeeeeeeeeeeeeeeeeeeeeeeeeabccccccccccccccccccccc
eeeeeeeeeeeeeeeeeeeeeeeeeeeeabccccccccccccccccccccc
eeeeeeeeeeeeeeeeeeeeeeeeeeeeabccccccccccccccccccccc
eeeeeeeeeeeeeeeeeeeeeeeeeeeeabccccccccccccccccccccc
eeeeeeeeeeeeeeeeeeeeeeeeeeeeabccccccccccccccccccccc
eeeeeeeeeeeeeeeeeeeeeeeeeeeeabccccccccccccccccccccc
eeeeeeeeeeeeeeeeeeeeeeeeeeeeabccccccccccccccccccccc
eeeeeeeeeeeeeeeeeeeeeeeeeeeeabccccccccccccccccccccc
eeeeeeeeeeeeeeeeeeeeeeeeeeeeabccccccccccccccccccccc
eeeeeeeeeeeeeeeeeeeeeeeeeeeeabccccccccccccccccccccc
eeeeeeeeeeeeeeeeeeeeeeeeeeeeabcccccccccccccccccccccabccccccccccccccccccccc
eeeeeeeeeeeeeeeeeeeeeeeeeeee
abccccccccccccccccccccc
eeeeeeeeeeeeeeeeeeeeeeeeeeee
abccccccccccccccccccccc
eeeeeeeeeeeeeeeeeeeeeeeeeeeeabccccccccccccccccccccc
eeeeeeeeeeeeeeeeeeeeeeeeeeeeabccccccccccccccccccccc
eeeeeeeeeeeeeeeeeeeeeeeeeeeeabccccccccccccccccccccc
eeeeeeeeeeeeeeeeeeeeeeeeeeeeabccccccccccccccccccccc
eeeeeeeeeeeeeeeeeeeeeeeeeeeeabccccccccccccccccccccc
eeeeeeeeeeeeeeeeeeeeeeeeeeeeabccccccccccccccccccccc
eeeeeeeeeeeeeeeeeeeeeeeeeeeeabccccccccccccccccccccc
eeeeeeeeeeeeeeeeeeeeeeeeeeeeabccccccccccccccccccccc
eeeeeeeeeeeeeeeeeeeeeeeeeeeeabccccccccccccccccccccc
eeeeeeeeeeeeeeeeeeeeeeeeeeeeabccccccccccccccccccccc
eeeeeeeeeeeeeeeeeeeeeeeeeeeeabccccccccccccccccccccc
eeeeeeeeeeeeeeeeeeeeeeeeeeeeabccccccccccccccccccccc
eeeeeeeeeeeeeeeeeeeeeeeeeeeeabccccccccccccccccccccc
eeeeeeeeeeeeeeeeeeeeeeeeeeeeabccccccccccccccccccccc
eeeeeeeeeeeeeeeeeeeeeeeeeeeeabccccccccccccccccccccc
eeeeeeeeeeeeeeeeeeeeeeeeeeeeabccccccccccccccccccccc
eeeeeeeeeeeeeeeeeeeeeeeeeeeeabccccccccccccccccccccc
eeeeeeeeeeeeeeeeeeeeeeeeeeeeabccccccccccccccccccccc
eeeeeeeeeeeeeeeeeeeeeeeeeeeeabccccccccccccccccccccc
eeeeeeeeeeeeeeeeeeeeeeeeeeeeabccccccccccccccccccccc
eeeeeeeeeeeeeeeeeeeeeeeeeeeeabccccccccccccccccccccc
eeeeeeeeeeeeeeeeeeeeeeeeeeeeabccccccccccccccccccccc
eeeeeeeeeeeeeeeeeeeeeeeeeeeeabccccccccccccccccccccc
eeeeeeeeeeeeeeeeeeeeeeeeeeeeabcccccccccccccccccccccabccccccccccccccccccccc
eeeeeeeeeeeeeeeeeeeeeeeeeeee
abccccccccccccccccccccc
eeeeeeeeeeeeeeeeeeeeeeeeeeee
abccccccccccccccccccccc
eeeeeeeeeeeeeeecccccc
eeeeeeeeeeeeeeeeeeeeeeeeeeeeabccccccccccccccccccccc
eeeeeeeeeeeeeeeeeeeeeeeeeeeeabccccccccccccccccccccc
eeeeeeeeeeeeeeeeeeeeeeeeeeeeabccccccccccccccccccccc
eeeeeeeeeeeeeeeeeeeeeeeeeeeeabccccccccccccccccccccc
eeeeeeeeeeeeeeeeeeeeeeeeeeeeabcccccccccccccccccccccabccccccccccccccccccccc
eeeeeeeeeeeeeeeeeeeeeeeeeeee
abccccccccccccccccccccc
eeeeeeeeeeeeeeeeeeeeeeeeeeee
abccccccccccccccccccccc
eeeeeeeeeeeeeeeeeeeeeeeeeeeeabccccccccccccccccccccc
eeeeeeeeeeeeeeeeeeeeeeeeeeeeabccccccccccccccccccccc
eeeeeeeeeeeeeeeeeeeeeeeeeeeeabccccccccccccccccccccc
eeeeeeeeeeeeeeeeeeeeeeeeeeeeabccccccccccccccccccccc
eeeeeeeeeeeeeeeeeeeeeeeeeeeeabccccccccccccccccccccc
eeeeeeeeeeeeeeeeeeeeeeeeeeeeabccccccccccccccccccccc
eeeeeeeeeeeeeeeeeeeee
eeeeeeeeeeeeeeeeeeeeeeeeeeee
abccccccccccccccccccccc
eeeeeeeeeeeeeeeeeeeeeeeeeeeeabccccccccccccccccccccc
eeeeeeeeeeeeeeeeeeeeeeeeeeeeabccccccccccccccccccccc
eeeeeeeeeeeeeeeeeeeeeeeeeeeeabccccccccccccccccccccc
eeeeeeeeeeeeeeeeeeeeeeeeeeeeabccccccccccccccccccccc
eeeeeeeeeeeeeeeeeeeeeeeeeeeeabccccccccccccccccccccc
eeeeeeeeeeeeeeeeeeeeeeeeeeeeabccccccccccccccccccccc
eeeeeeeeeeeeeeeeeeeeeeeeeeeeabccccccccccccccccccccc
eeeeeeeeeeeeeeeeeeeeeeeeeeeeabccccccccccccccccccccc
eeeeeeeeeeeeeeeeeeeeeeeeeeeeabccccccccccccccccccccc
eeeeeeeeeeeeeeeeeeeeeeeeeeeeabccccccccccccccccccccc
eeeeeeeeeeeeeeeeeeecccccccccc
eeeeeeeeeeeeeeeeeeeeeeeeeeeeabccccccccccccccccccccc
eeeeeeeeeeeeeeeeeeeeeeeeeeeeabccccccccccccccccccccc
eeeeeeeeeeeeeeeeeeeeeeeeeeeeabccccccccccccccccccccc
eeeeeeeeeeeeeeeeeeeeeeeeeeeeabcccccccccccccccccccccabccccccccccccccccccccc
eeeeeeeeeeeeeeeeeeeeeeeeeeee
abccccccccccccccccccccc
eeeeeeeeeeeeeeeeeeeeeeeeeeee
abccccccccccccccccccccc
eeeeeeeeeeeeeeeeeeeeeeeeeeeeabccccccccccccccccccccc
eeeeeeeeeeeeeeeeeeeeeeeeeeeeabccccccccccccccccccccc
eeeeeeeeeeeeeeeeeeeeeeeeeeeeabccccccccccccccccccccc
eeeeeeeeeeeeeeeeeeeeeeeeeeeeabccccccccccccccccccccc
eeeeeeeeeeeeeeeeeeeeeeeeeeeeabccccccccccccccccccccc
eeeeeeeeeeeeeeeeeeeeeeeeeeeeabccccccccccccccccccccc
eeeeeeeeeeeeeeeeeeeeeeeeeeeeabccccccccccccccccccccc
eeeeeeeeeeeeeeeeeeeeeeeeeeeeabccccccccccccccccccccc
eeeeeeeeeeeeeeeeeeeeeeeeeeeeabccccccccccccccccccccc
eeeeeeeeeeeeeeeeeeeeeeeeeeeeabccccccccccccccccccccc
eeeeeeeeeeeeeeeeeeeeeeeeeeeeabccccccccccccccccccccc
eeeeeeeeeeeeeeeeeeeeeeeeeeeeabcccccccccccccccccccccabccccccccccccccccccccc
eeeeeeeeeeeeeeeeeeeeeeeeeeee
abccccccccccccccccccccc
eeeeeeeeeeeeeeeeeeeeeeeeeeee
abccccccccccccccccccccc
eeeeeeeeeeeeeeeeeeeeeeeeeeeeabccc
eeeeeeeeeeeeeeeeeeeeeeeeeeeeabccccccccccccccccccccc
eeeeeeeeeeeeeeeeeeeeeeeeeeeeabccccccccccccccccccccc
eeeeeeeeeeeeeeeeeeeeeeeeeeeeabcccccccccccccccccccccabccccccccccccccccccccc
eeeeeeeeeeeeeeeeeeeeeeeeeeee
abccccccccccccccccccccc
eeeeeeeeeeeeeeeeeeeeeeeeeeee
abccccccccccccccccccccc
eeeeeeeeeeeeeeeeeeeeeeeeeeeeabcccccccccc
eeeeeeeeeeeeeeeeeeeeeeeeeeeeabccccccccccccccccccccc
eeeeeeeeeeeeeeeeeeeeeeeeeeeeabccccccccccccccccccccc
eeeeeeeeeeeeeeeeeeeeeeeeeeeeabccccccccccccccccccccc
eeeeeeeeeeeeeeeeeeeeeeeeeeeeabccccccccccccccccccccc
eeeeeeeeeeeeeeeeeeeeeeeeeeeeabccccccccccccccccccccc
eeeeeeeeeeeeeeeeeeeeeeeeeeeeabccccccccccccccccccccc
eeeeeeeeeeeeeeeeeeeeeeeeeeeeabccccccccccccccccccccc
eeeeeeeeeeeeeeeeeeeeeeeeeeeeabcccccccccccccccccccccabccccccccccccccccccccc
eeeeeeeeeeeeeeeeeeeeeeeeeeee
abccccccccccccccccccccc
eeeeeeeeeeeeeeeeeeeeeeeeeeee
abccccccccccccccccccccc
eeeeeeeeeeeeeeeeeeeeeeeeeeeeabccccccccccccccccccccc
eeeeeeeeeeeeeeeeeeeeeeeeeeeeabccccccccccccccccccccc
eeeeeeeeeeeeeeeeeeeeeeeeeeeeabccccccccccccccccccccc
eeeeeeeeeeeeeeeeeeeeeeeeeeeeabccccccccccccccccccccc
eeeeeeeeeeeeeeeeeeeeeeeeeeeeabccccccccccccccccccccc
eeeeeeeeeeeeeeeeeeeeeeeeeeeeabccccccccccccccccccccc
eeeeeeeeeeeeeeeeeeeeeeeeeeeeabccccccccccccccccccccc
eeeeeeeeeeeeeeeeeeeeeeeeeeeeabccccccccccccccccccccc
eeeeeeeeeeeeeeeeeeeeeeeeeeeeabccccccccccccccccccccc
eeeeeeeeeeeeeeeeeeeeeeeeeeeeabccccccccccccccccccccc
eeeeeeeeeeeeeeeeeeeeeeeeeeeeabccccccccccccccccccccc
eeeeeeeeeeeeeeeeeeeeeeeeeeeeabcccccccccccccccccccccabccccccccccccccccccccc
eeeeeeeeeeeeeeeeeeeeeeeeeeee
abccccccccccccccccccccc
eeeeeeeeeeeeeeeeeeeeeeeeeeee
abccccccccccccccccccccc
eeeeeeeeeeeeeeeeeeeeeeeeeeeeabccccccccccccccccccccc
eeeeeeeeeeeeeeeeeeeeeeeeeeeeabccccccccccccccccccccc
eeeeeeeeeeeeeeeeeeeeeeeeeeeeabccccccccccccccccccccc
eeeeeeeeeeeeeeeeeeeeeeeeeeeeabccccccccccccccccccccc
eeeeeeeeeeeeeeeeeeeeeeeeeeeeabccccccccccccccccccccc
eeeeeeeeeeeeeeeeeeeeeeeeeeeeabccccccccccccccccccccc
eeeeeeeeeeeeeeeeeeeeeeeeeeeeabccccccccccccccccccccc
eeeeeeeeeeeeeeeeeeeeeeeeeeeeabccccccccccccccccccccc
eeeeeeeeeeeeeeeeeeeeeeeeeeeeabccccccccccccccccccccc
eeeeeeeeeeeeeeeeeeeeeeeeeeeeabccccccccccccccccccccc
eeeeeeeeeeeeeeeeeeeeeeeeeeeeabccccccccccccccccccccc
eeeeeeeeeeeeeeeeeeeeeeeeeeeeabcccccccccccccccccccccabccccccccccccccccccccc
eeeeeeeeeeeeeeeeeeeeeeeeeeee
abccccccccccccccccccccc
eeeeeeeeeeeeeeeeeeeeeeeeeeee
abccccccccccccccccccccc
eeeeeeeeeeeeeeeeeeeeeeeeeeeeabccccccccccccccccccccc
eeeeeeeeeeeeeeeeeeeeeeeeeeeeabccccccccccccccccccccc
eeeeeeeeeeeeeeeeeeeeeeeeeeeeabccccccccccccccccccccc
eeeeeeeeeeeeeeeeeeeeeeeeeeeeabccccccccccccccccccccc
eeeeeeeeeeeeeeeeeeeeeeeeeeeeabccccccccccccccccccccc
eeeeeeeeeeeeeeeeeeeeeeeeeeeeabccccccccccccccccccccc
eeeeeeeeeeeeeeeeeeeeeeeeeeeeabccccccccccccccccccccc
eeeeeeeeeeeeeeeeeeeeeeeeeeeeabccccccccccccccccccccc
eeeeeeeeeeeeeeeeeeeeeeeeeeeeabccccccccccccccccccccc
eeeeeeeeeeeeeeeeeeeeeeeeeeeeabccccccccccccccccccccc
eeeeeeeeeeeeeeeeeeeeeeeeeeeeabccccccccccccccccccccc
eeeeeeeeeeeeeeeeeeeeeeeeeeeeabcccccccccccccccccccccabccccccccccccccccccccc
eeeeeeeeeeeeeeeeeeeeeeeeeeee
abccccccccccccccccccccc
eeeeeeeeeeeeeeeeeeeeeeeeeeee
abccccccccccccccccccccc
eeeeeeeeeeeeeeeeeeeeeeeeeeeeabccccccccccccccccccccc
eeeeeeeeeeeeeeeeeeeeeeeeeeeeabccccccccccccccccccccc
eeeeeeeeeeeeeeeeeeeeeeeeeeeeabccccccccccccccccccccc
eeeeeeeeeeeeeeeeeeeeeeeeeeeeabccccccccccccccccccccc
eeeeeeeeeeeeeeeeeeeeeeeeeeeeabccccccccccccccccccccc
eeeeeeeeeeeeeeeeeeeeeeeeeeeeabccccccccccccccccccccc
eeeeeeeeeeeeeeeeeeeeeeeeeeeeabccccccccccccccccccccc
eeeeeeeeeeeeeeeeeeeeeeeeeeeeabccccccccccccccccccccc
eeeeeeeeeeeeeeeeeeeeeeeeeeeeabccccccccccccccccccccc
eeeeeeeeeeeeeeeeeeeeeeeeeeeeabccccccccccccccccccccccccccccccccceeeeeeeeeeabccccccccccccccccccccc
eeeeeeeeeeeeeeeeeeeeeeeeeeeeabcccccccccccccccccccccabccccccccccccccccccccc
eeeeeeeeeeeeeeeeeeeeeeeeeeee
abccccccccccccccccccccc
eeeeeeeeeeeeeeeeeeeeeeeeeeee
abccccccccccccccccccccc
eeeeeeeeeeeeeeeeeeeeeeeeeeeeabccccccccccccccccccccceeeeeeeeeeabccccccccccccccccccccc
eeeeeeeeeeeeeeeeeeeeeeeeeeeeabcccccccccccccccccccccabccccccccccccccccccccc
eeeeeeeeeeeeeeeeeeeeeeeeeeee
abccccccccccccccccccccc
eeeeeeeeeeeeeeeeeeeeeeeeeeee
abccccccccccccccccccccc
eeeeeeeeeeeeeeeeeeeeeeeeeeeeabccccccccccccccccccccceeeeeeeeeeabccccccccccccccccccccc
eeeeeeeeeeeeeeeeeeeeeeeeeeeeabcccccccccccccccccccccabccccccccccccccccccccc
eeeeeeeeeeeeeeeeeeeeeeeeeeee
abccccccccccccccccccccc
eeeeeeeeeeeeeeeeeeeeeeeeeeee
abccccccccccccccccccccc
eeeeeeeeeeeeeeeeeeeeeeeeeeeeabccccccccccccccccccccc
eeeeeeeeeeeeeeeeeeeeeeeeeeee
abccccccccccccccccccccc
eeeeeeeeeeeeeeeeeeeeeeeeeeeeabccccccccccccccccccccceeeeeeeeeeabccccccccccccccccccccc
eeeeeeeeeeeeeeeeeeeeeeeeeeeeabcccccccccccccccccccccabccccccccccccccccccccc
eeeeeeeeeeeeeeeeeeeeeeeeeeee
abccccccccccccccccccccc
eeeeeeeeeeeeeeeeeeeeeeeeeeee
abccccccccccccccccccccc
eeeeeeeeeeeeeeeeeeeeeeeeeeeeabccccccccccccccccccccccccccccccccccccccc
eeeeeeeeeeeeeeeeeeeeeeeeeeeeabcccccccccccccccccccccabccccccccccccccccccccc
eeeeeeeeeeeeeeeeeeeeeeeeeeee
abccccccccccccccccccccc
eeeeeeeeeeeeeeeeeeeeeeeeeeee
abccccccccccccccccccccc
eeeeeeeeeeeeeeeeeeeeeeeeeeeeabccccccccccccccccccccc
eeeeeeeeeeeeeeeeeeeeeeeeeeee
abccccccccccccccccccccc
eeeeeeeeeeeeeeeeeeeeeeeeeeeeabccccccccccccccccccccc
eeeeeeeeeeeeeeeeeeeeeeeeeeeeabccccccccccccccccccccc
eeeeeeeeeeeeeeeeeeeeeeeeeeeeabccccccccccccccccccccc
eeeeeeeeeeeeeeeeeeeeeeeeeeeeabccccccccccccccccccccc
eeeeeeeeeeeeeeeeeeeeeeeeeeeeabccccccccccccccccccccc
eeeeeeeeeeeeeeeeeeeeeeeeeeeeabccccccccccccccccccccc
eeeeeeeeeeeeeeeeeeeeeeeeeeeeabccccccccccccccccccccc
eeeeeeeeeeeeeeeeeeeeeeeeeeeeabccccccccccccccccccccc
eeeeeeeeeeeeeeeeeeeeeeeeeeeeabccccccccccccccccccccc
eeeeeeeeeeeeeeeeeeeeeeeeeeeeabccccccccccccccccccccc
eeeeeeeeeeeeeeeeeeeeeeeeeeeeabccccccccccccccccccccc
eeeeeeeeeeeeeeeeeeeeeeeeeeeeabcccccccccccccccccccccabccccccccccccccccccccc
eeeeeeeeeeeeeeeeeeeeeeeeeeee
abccccccccccccccccccccc
eeeeeeeeeeeeeeeeeeeeeeeeeeee
abccccccccccccccccccccc
eeeeeeeeeeeeeeeeeeeeeeeeeeeeabccccccccccccccccccccc
eeeeeeeeeeeeeeeeeeeeeeeeeeeeabccccccccccccccccccccc
eeeeeeeeeeeeeeeeeeeeeeeeeeeeabccccccccccccccccccccc
eeeeeeeeeeeeeeeeeeeeeeeeeeeeabccccccccccccccccccccc
eeeeeeeeeeeeeeeeeeeeeeeeeeeeabccccccccccccccccccccc
eeeeeeeeeeeeeeeeeeeeeeeeeeeeabccccccccccccccccccccc
eeeeeeeeeeeeeeeeeeeeeeeeeeeeabccccccccccccccccccccc
eeeeeeeeeeeeeeeeeeeeeeeeeeeeabccccccccccccccccccccc
eeeeeeeeeeeeeeeeeeeeeeeeeeeeabccccccccccccccccccccc
eeeeeeeeeeeeeeeeeeeeeeeeeeeeabccccccccccccccccccccc
eeeeeeeeeeeeeeeeeeeeeeeeeeeeabccccccccccccccccccccc
eeeeeeeeeeeeeeeeeeeeeeeeeeeeabccccccccccccccccccccc
eeeeeeeeeeeeeeeeeeeeeeeeeeeeabccccccccccccccccccccc
eeeeeeeeeeeeeeeeeeeeeeeeeeeeabccccccccccccccccccccc
eeeeeeeeeeeeeeeeeeeeeeeeeeeeabccccccccccccccccccccc
eeeeeeeeeeeeeeeeeeeeeeeeeeeeabccccccccccccccccccccc
eeeeeeeeeeeeeeeeeeeeeeeeeeeeabccccccccccccccccccccc
eeeeeeeeeeeeeeeeeeeeeeeeeeeeabccccccccccccccccccccc
eeeeeeeeeeeeeeeeeeeeeeeeeeeeabccccccccccccccccccccc
eeeeeeeeeeeeeeeeeeeeeeeeeeeeabccccccccccccccccccccc
eeeeeeeeeeeeeeeeeeeeeeeeeeeeabccccccccccccccccccccc
eeeeeeeeeeeeeeeeeeeeeeeeeeeeabccccccccccccccccccccc
eeeeeeeeeeeeeeeeeeeeeeeeeeeeabccccccccccccccccccccc
eeeeeeeeeeeeeeeeeeeeeeeeeeeeabcccccccccccccccccccccabccccccccccccccccccccc
eeeeeeeeeeeeeeeeeeeeeeeeeeee
abccccccccccccccccccccc
eeeeeeeeeeeeeeeeeeeeeeeeeeee
abccccccccccccccccccccc
eeeeeeeeeeeeeeecccccc
eeeeeeeeeeeeeeeeeeeeeeeeeeeeabccccccccccccccccccccc
eeeeeeeeeeeeeeeeeeeeeeeeeeeeabccccccccccccccccccccc
eeeeeeeeeeeeeeeeeeeeeeeeeeeeabccccccccccccccccccccc
eeeeeeeeeeeeeeeeeeeeeeeeeeeeabccccccccccccccccccccc
eeeeeeeeeeeeeeeeeeeeeeeeeeeeabcccccccccccccccccccccabccccccccccccccccccccc
eeeeeeeeeeeeeeeeeeeeeeeeeeee
abccccccccccccccccccccc
eeeeeeeeeeeeeeeeeeeeeeeeeeee
abccccccccccccccccccccc
eeeeeeeeeeeeeeeeeeeeeeeeeeeeabccccccccccccccccccccc
eeeeeeeeeeeeeeeeeeeeeeeeeeeeabccccccccccccccccccccc
eeeeeeeeeeeeeeeeeeeeeeeeeeeeabccccccccccccccccccccc
eeeeeeeeeeeeeeeeeeeeeeeeeeeeabccccccccccccccccccccc
eeeeeeeeeeeeeeeeeeeeeeeeeeeeabccccccccccccccccccccc
eeeeeeeeeeeeeeeeeeeeeeeeeeeeabccccccccccccccccccccc
eeeeeeeeeeeeeeeeeeeee
eeeeeeeeeeeeeeeeeeeeeeeeeeee
abccccccccccccccccccccc
eeeeeeeeeeeeeeeeeeeeeeeeeeeeabccccccccccccccccccccc
eeeeeeeeeeeeeeeeeeeeeeeeeeeeabccccccccccccccccccccc
eeeeeeeeeeeeeeeeeeeeeeeeeeeeabccccccccccccccccccccc
eeeeeeeeeeeeeeeeeeeeeeeeeeeeabccccccccccccccccccccc
eeeeeeeeeeeeeeeeeeeeeeeeeeeeabccccccccccccccccccccc
eeeeeeeeeeeeeeeeeeeeeeeeeeeeabccccccccccccccccccccc
eeeeeeeeeeeeeeeeeeeeeeeeeeeeabccccccccccccccccccccc
eeeeeeeeeeeeeeeeeeeeeeeeeeeeabccccccccccccccccccccc
eeeeeeeeeeeeeeeeeeeeeeeeeeeeabccccccccccccccccccccc
eeeeeeeeeeeeeeeeeeeeeeeeeeeeabccccccccccccccccccccc
eeeeeeeeeeeeeeeeeeecccccccccc
eeeeeeeeeeeeeeeeeeeeeeeeeeeeabccccccccccccccccccccc
eeeeeeeeeeeeeeeeeeeeeeeeeeeeabccccccccccccccccccccc
eeeeeeeeeeeeeeeeeeeeeeeeeeeeabccccccccccccccccccccc
eeeeeeeeeeeeeeeeeeeeeeeeeeeeabcccccccccccccccccccccabccccccccccccccccccccc
eeeeeeeeeeeeeeeeeeeeeeeeeeee
abccccccccccccccccccccc
eeeeeeeeeeeeeeeeeeeeeeeeeeee
abccccccccccccccccccccc
eeeeeeeeeeeeeeeeeeeeeeeeeeeeabccccccccccccccccccccc
eeeeeeeeeeeeeeeeeeeeeeeeeeeeabccccccccccccccccccccc
eeeeeeeeeeeeeeeeeeeeeeeeeeeeabccccccccccccccccccccc
eeeeeeeeeeeeeeeeeeeeeeeeeeeeabccccccccccccccccccccc
eeeeeeeeeeeeeeeeeeeeeeeeeeeeabccccccccccccccccccccc
eeeeeeeeeeeeeeeeeeeeeeeeeeeeabccccccccccccccccccccc
eeeeeeeeeeeeeeeeeeeeeeeeeeeeabccccccccccccccccccccc
eeeeeeeeeeeeeeeeeeeeeeeeeeeeabccccccccccccccccccccc
eeeeeeeeeeeeeeeeeeeeeeeeeeeeabccccccccccccccccccccc
eeeeeeeeeeeeeeeeeeeeeeeeeeeeabccccccccccccccccccccc
eeeeeeeeeeeeeeeeeeeeeeeeeeeeabccccccccccccccccccccc
eeeeeeeeeeeeeeeeeeeeeeeeeeeeabcccccccccccccccccccccabccccccccccccccccccccc
eeeeeeeeeeeeeeeeeeeeeeeeeeee
abccccccccccccccccccccc
eeeeeeeeeeeeeeeeeeeeeeeeeeee
abccccccccccccccccccccc
eeeeeeeeeeeeeeeeeeeeeeeeeeeeabccc
eeeeeeeeeeeeeeeeeeeeeeeeeeeeabccccccccccccccccccccc
eeeeeeeeeeeeeeeeeeeeeeeeeeeeabccccccccccccccccccccc
eeeeeeeeeeeeeeeeeeeeeeeeeeeeabcccccccccccccccccccccabccccccccccccccccccccc
eeeeeeeeeeeeeeeeeeeeeeeeeeee
abccccccccccccccccccccc
eeeeeeeeeeeeeeeeeeeeeeeeeeee
abccccccccccccccccccccc
eeeeeeeeeeeeeeeeeeeeeeeeeeeeabcccccccccc
eeeeeeeeeeeeeeeeeeeeeeeeeeeeabccccccccccccccccccccc
eeeeeeeeeeeeeeeeeeeeeeeeeeeeabccccccccccccccccccccc
eeeeeeeeeeeeeeeeeeeeeeeeeeeeabccccccccccccccccccccc
eeeeeeeeeeeeeeeeeeeeeeeeeeeeabccccccccccccccccccccc
eeeeeeeeeeeeeeeeeeeeeeeeeeeeabccccccccccccccccccccc
eeeeeeeeeeeeeeeeeeeeeeeeeeeeabccccccccccccccccccccc
eeeeeeeeeeeeeeeeeeeeeeeeeeeeabccccccccccccccccccccc
eeeeeeeeeeeeeeeeeeeeeeeeeeeeabcccccccccccccccccccccabccccccccccccccccccccc
eeeeeeeeeeeeeeeeeeeeeeeeeeee
abccccccccccccccccccccc
eeeeeeeeeeeeeeeeeeeeeeeeeeee
abccccccccccccccccccccc
eeeeeeeeeeeeeeeeeeeeeeeeeeeeabccccccccccccccccccccc
eeeeeeeeeeeeeeeeeeeeeeeeeeeeabccccccccccccccccccccc
eeeeeeeeeeeeeeeeeeeeeeeeeeeeabccccccccccccccccccccc
eeeeeeeeeeeeeeeeeeeeeeeeeeeeabccccccccccccccccccccc
eeeeeeeeeeeeeeeeeeeeeeeeeeeeabccccccccccccccccccccc
eeeeeeeeeeeeeeeeeeeeeeeeeeeeabccccccccccccccccccccc
eeeeeeeeeeeeeeeeeeeeeeeeeeeeabccccccccccccccccccccc
eeeeeeeeeeeeeeeeeeeeeeeeeeeeabccccccccccccccccccccc
eeeeeeeeeeeeeeeeeeeeeeeeeeeeabccccccccccccccccccccc
eeeeeeeeeeeeeeeeeeeeeeeeeeeeabccccccccccccccccccccc
eeeeeeeeeeeeeeeeeeeeeeeeeeeeabccccccccccccccccccccc
eeeeeeeeeeeeeeeeeeeeeeeeeeeeabcccccccccccccccccccccabccccccccccccccccccccc
eeeeeeeeeeeeeeeeeeeeeeeeeeee
abccccccccccccccccccccc
eeeeeeeeeeeeeeeeeeeeeeeeeeee
abccccccccccccccccccccc
eeeeeeeeeeeeeeeeeeeeeeeeeeeeabccccccccccccccccccccc
eeeeeeeeeeeeeeeeeeeeeeeeeeeeabccccccccccccccccccccc
eeeeeeeeeeeeeeeeeeeeeeeeeeeeabccccccccccccccccccccc
eeeeeeeeeeeeeeeeeeeeeeeeeeeeabccccccccccccccccccccc
eeeeeeeeeeeeeeeeeeeeeeeeeeeeabccccccccccccccccccccc
eeeeeeeeeeeeeeeeeeeeeeeeeeeeabccccccccccccccccccccc
eeeeeeeeeeeeeeeeeeeeeeeeeeeeabccccccccccccccccccccc
eeeeeeeeeeeeeeeeeeeeeeeeeeeeabccccccccccccccccccccc
eeeeeeeeeeeeeeeeeeeeeeeeeeeeabccccccccccccccccccccc
eeeeeeeeeeeeeeeeeeeeeeeeeeeeabccccccccccccccccccccc
eeeeeeeeeeeeeeeeeeeeeeeeeeeeabccccccccccccccccccccc
eeeeeeeeeeeeeeeeeeeeeeeeeeeeabcccccccccccccccccccccabccccccccccccccccccccc
eeeeeeeeeeeeeeeeeeeeeeeeeeee
abccccccccccccccccccccc
eeeeeeeeeeeeeeeeeeeeeeeeeeee
abccccccccccccccccccccc
eeeeeeeeeeeeeeeeeeeeeeeeeeeeabccccccccccccccccccccc
eeeeeeeeeeeeeeeeeeeeeeeeeeeeabccccccccccccccccccccc
eeeeeeeeeeeeeeeeeeeeeeeeeeeeabccccccccccccccccccccc
eeeeeeeeeeeeeeeeeeeeeeeeeeeeabccccccccccccccccccccc
eeeeeeeeeeeeeeeeeeeeeeeeeeeeabccccccccccccccccccccc
eeeeeeeeeeeeeeeeeeeeeeeeeeeeabccccccccccccccccccccc
eeeeeeeeeeeeeeeeeeeeeeeeeeeeabccccccccccccccccccccc
eeeeeeeeeeeeeeeeeeeeeeeeeeeeabccccccccccccccccccccc
eeeeeeeeeeeeeeeeeeeeeeeeeeeeabccccccccccccccccccccc
eeeeeeeeeeeeeeeeeeeeeeeeeeeeabccccccccccccccccccccc
eeeeeeeeeeeeeeeeeeeeeeeeeeeeabccccccccccccccccccccc
eeeeeeeeeeeeeeeeeeeeeeeeeeeeabcccccccccccccccccccccabccccccccccccccccccccc
eeeeeeeeeeeeeeeeeeeeeeeeeeee
abccccccccccccccccccccc
eeeeeeeeeeeeeeeeeeeeeeeeeeee
abccccccccccccccccccccc
eeeeeeeeeeeeeeeeeeeeeeeeeeeeabccccccccccccccccccccc
eeeeeeeeeeeeeeeeeeeeeeeeeeeeabccccccccccccccccccccc
eeeeeeeeeeeeeeeeeeeeeeeeeeeeabccccccccccccccccccccc
eeeeeeeeeeeeeeeeeeeeeeeeeeeeabccccccccccccccccccccc
eeeeeeeeeeeeeeeeeeeeeeeeeeeeabccccccccccccccccccccc
eeeeeeeeeeeeeeeeeeeeeeeeeeeeabccccccccccccccccccccc
eeeeeeeeeeeeeeeeeeeeeeeeeeeeabccccccccccccccccccccc
eeeeeeeeeeeeeeeeeeeeeeeeeeeeabccccccccccccccccccccc
eeeeeeeeeeeeeeeeeeeeeeeeeeeeabccccccccccccccccccccc
eeeeeeeeeeeeeeeeeeeeeeeeeeeeabccccccccccccccccccccc
eeeeeeeeeeeeeeeeeeeeeeeeeeeeabccccccccccccccccccccc
eeeeeeeeeeeeeeeeeeeeeeeeeeeeabcccccccccccccccccccccabccccccccccccccccccccc
eeeeeeeeeeeeeeeeeeeeeeeeeeee
abccccccccccccccccccccc
eeeeeeeeeeeeeeeeeeeeeeeeeeee
abccccccccccccccccccccc
eeeeeeeeeeeeeeeeeeeeeeeeeeeeabccccccccccccccccccccc
eeeeeeeeeeeeeeeeeeeeeeeeeeeeabccccccccccccccccccccc
eeeeeeeeeeeeeeeeeeeeeeeeeeeeabccccccccccccccccccccc
eeeeeeeeeeeeeeeeeeeeeeeeeeeeabccccccccccccccccccccc
eeeeeeeeeeeeeeeeeeeeeeeeeeeeabccccccccccccccccccccc
eeeeeeeeeeeeeeeeeeeeeeeeeeeeabccccccccccccccccccccccccccccccccceeeeeeeeeeabccccccccccccccccccccc
eeeeeeeeeeeeeeeeeeeeeeeeeeeeabcccccccccccccccccccccabccccccccccccccccccccc
eeeeeeeeeeeeeeeeeeeeeeeeeeee
abccccccccccccccccccccc
eeeeeeeeeeeeeeeeeeeeeeeeeeee
abccccccccccccccccccccc
eeeeeeeeeeeeeeeeeeeeeeeeeeeeabccccccccccccccccccccceeeeeeeeeeabccccccccccccccccccccc
eeeeeeeeeeeeeeeeeeeeeeeeeeeeabcccccccccccccccccccccabccccccccccccccccccccc
eeeeeeeeeeeeeeeeeeeeeeeeeeee
abccccccccccccccccccccc
eeeeeeeeeeeeeeeeeeeeeeeeeeee
abccccccccccccccccccccc
eeeeeeeeeeeeeeeeeeeeeeeeeeeeabccccccccccccccccccccceeeeeeeeeeabccccccccccccccccccccc
eeeeeeeeeeeeeeeeeeeeeeeeeeeeabcccccccccccccccccccccabccccccccccccccccccccc
eeeeeeeeeeeeeeeeeeeeeeeeeeee
abccccccccccccccccccccc
eeeeeeeeeeeeeeeeeeeeeeeeeeee
abccccccccccccccccccccc
eeeeeeeeeeeeeeeeeeeeeeeeeeeeabccccccccccccccccccccc
eeeeeeeeeeeeeeeeeeeeeeeeeeee
abccccccccccccccccccccc
eeeeeeeeeeeeeeeeeeeeeeeeeeeeabccccccccccccccccccccceeeeeeeeeeabccccccccccccccccccccc
eeeeeeeeeeeeeeeeeeeeeeeeeeeeabcccccccccccccccccccccabccccccccccccccccccccc
eeeeeeeeeeeeeeeeeeeeeeeeeeee
abccccccccccccccccccccc
eeeeeeeeeeeeeeeeeeeeeeeeeeee
abccccccccccccccccccccc
eeeeeeeeeeeeeeeeeeeeeeeeeeeeabccccccccccccccccccccccccccccccccccccccc
eeeeeeeeeeeeeeeeeeeeeeeeeeeeabcccccccccccccccccccccabccccccccccccccccccccc
eeeeeeeeeeeeeeeeeeeeeeeeeeee
abccccccccccccccccccccc
eeeeeeeeeeeeeeeeeeeeeeeeeeee
abccccccccccccccccccccc
eeeeeeeeeeeeeeeeeeeeeeeeeeeeabccccccccccccccccccccc
eeeeeeeeeeeeeeeeeeeeeeeeeeee
abccccccccccccccccccccc
eeeeeeeeeeeeeeeeeeeeeeeeeeeeabccccccccccccccccccccc
eeeeeeeeeeeeeeeeeeeeeeeeeeeeabccccccccccccccccccccc
eeeeeeeeeeeeeeeeeeeeeeeeeeeeabccccccccccccccccccccc
eeeeeeeeeeeeeeeeeeeeeeeeeeeeabccccccccccccccccccccc
eeeeeeeeeeeeeeeeeeeeeeeeeeeeabccccccccccccccccccccc
eeeeeeeeeeeeeeeeeeeeeeeeeeeeabccccccccccccccccccccc
eeeeeeeeeeeeeeeeeeeeeeeeeeeeabccccccccccccccccccccc
eeeeeeeeeeeeeeeeeeeeeeeeeeeeabccccccccccccccccccccc
eeeeeeeeeeeeeeeeeeeeeeeeeeeeabccccccccccccccccccccc
eeeeeeeeeeeeeeeeeeeeeeeeeeeeabccccccccccccccccccccc
eeeeeeeeeeeeeeeeeeeeeeeeeeeeabccccccccccccccccccccc
eeeeeeeeeeeeeeeeeeeeeeeeeeeeabcccccccccccccccccccccabccccccccccccccccccccc
eeeeeeeeeeeeeeeeeeeeeeeeeeee
abccccccccccccccccccccc
eeeeeeeeeeeeeeeeeeeeeeeeeeee
abccccccccccccccccccccc
eeeeeeeeeeeeeeeeeeeeeeeeeeeeabccccccccccccccccccccc
eeeeeeeeeeeeeeeeeeeeeeeeeeeeabccccccccccccccccccccc
eeeeeeeeeeeeeeeeeeeeeeeeeeeeabccccccccccccccccccccc
eeeeeeeeeeeeeeeeeeeeeeeeeeeeabccccccccccccccccccccc
eeeeeeeeeeeeeeeeeeeeeeeeeeeeabccccccccccccccccccccc
eeeeeeeeeeeeeeeeeeeeeeeeeeeeabccccccccccccccccccccc
eeeeeeeeeeeeeeeeeeeeeeeeeeeeabccccccccccccccccccccc
eeeeeeeeeeeeeeeeeeeeeeeeeeeeabccccccccccccccccccccc
eeeeeeeeeeeeeeeeeeeeeeeeeeeeabccccccccccccccccccccc
eeeeeeeeeeeeeeeeeeeeeeeeeeeeabccccccccccccccccccccc
eeeeeeeeeeeeeeeeeeeeeeeeeeeeabccccccccccccccccccccc
eeeeeeeeeeeeeeeeeeeeeeeeeeeeabccccccccccccccccccccc
eeeeeeeeeeeeeeeeeeeeeeeeeeeeabccccccccccccccccccccc
eeeeeeeeeeeeeeeeeeeeeeeeeeeeabccccccccccccccccccccc
eeeeeeeeeeeeeeeeeeeeeeeeeeeeabccccccccccccccccccccc
eeeeeeeeeeeeeeeeeeeeeeeeeeeeabccccccccccccccccccccc
eeeeeeeeeeeeeeeeeeeeeeeeeeeeabccccccccccccccccccccc
eeeeeeeeeeeeeeeeeeeeeeeeeeeeabccccccccccccccccccccc
eeeeeeeeeeeeeeeeeeeeeeeeeeeeabccccccccccccccccccccc
eeeeeeeeeeeeeeeeeeeeeeeeeeeeabccccccccccccccccccccc
eeeeeeeeeeeeeeeeeeeeeeeeeeeeabccccccccccccccccccccc
eeeeeeeeeeeeeeeeeeeeeeeeeeeeabccccccccccccccccccccc
eeeeeeeeeeeeeeeeeeeeeeeeeeeeabccccccccccccccccccccc
eeeeeeeeeeeeeeeeeeeeeeeeeeeeabcccccccccccccccccccccabccccccccccccccccccccc
eeeeeeeeeeeeeeeeeeeeeeeeeeee
abccccccccccccccccccccc
eeeeeeeeeeeeeeeeeeeeeeeeeeee
abccccccccccccccccccccc
eeeeeeeeeeeeeeecccccc
eeeeeeeeeeeeeeeeeeeeeeeeeeeeabccccccccccccccccccccc
eeeeeeeeeeeeeeeeeeeeeeeeeeeeabccccccccccccccccccccc
eeeeeeeeeeeeeeeeeeeeeeeeeeeeabccccccccccccccccccccc
eeeeeeeeeeeeeeeeeeeeeeeeeeeeabccccccccccccccccccccc
eeeeeeeeeeeeeeeeeeeeeeeeeeeeabcccccccccccccccccccccabccccccccccccccccccccc
eeeeeeeeeeeeeeeeeeeeeeeeeeee
abccccccccccccccccccccc
eeeeeeeeeeeeeeeeeeeeeeeeeeee
abccccccccccccccccccccc
eeeeeeeeeeeeeeeeeeeeeeeeeeeeabccccccccccccccccccccc
eeeeeeeeeeeeeeeeeeeeeeeeeeeeabccccccccccccccccccccc
eeeeeeeeeeeeeeeeeeeeeeeeeeeeabccccccccccccccccccccc
eeeeeeeeeeeeeeeeeeeeeeeeeeeeabccccccccccccccccccccc
eeeeeeeeeeeeeeeeeeeeeeeeeeeeabccccccccccccccccccccc
eeeeeeeeeeeeeeeeeeeeeeeeeeeeabccccccccccccccccccccc
eeeeeeeeeeeeeeeeeeeee
eeeeeeeeeeeeeeeeeeeeeeeeeeee
abccccccccccccccccccccc
eeeeeeeeeeeeeeeeeeeeeeeeeeeeabccccccccccccccccccccc
eeeeeeeeeeeeeeeeeeeeeeeeeeeeabccccccccccccccccccccc
eeeeeeeeeeeeeeeeeeeeeeeeeeeeabccccccccccccccccccccc
eeeeeeeeeeeeeeeeeeeeeeeeeeeeabccccccccccccccccccccc
eeeeeeeeeeeeeeeeeeeeeeeeeeeeabccccccccccccccccccccc
eeeeeeeeeeeeeeeeeeeeeeeeeeeeabccccccccccccccccccccc
eeeeeeeeeeeeeeeeeeeeeeeeeeeeabccccccccccccccccccccc
eeeeeeeeeeeeeeeeeeeeeeeeeeeeabccccccccccccccccccccc
eeeeeeeeeeeeeeeeeeeeeeeeeeeeabccccccccccccccccccccc
eeeeeeeeeeeeeeeeeeeeeeeeeeeeabccccccccccccccccccccc
eeeeeeeeeeeeeeeeeeecccccccccc
eeeeeeeeeeeeeeeeeeeeeeeeeeeeabccccccccccccccccccccc
eeeeeeeeeeeeeeeeeeeeeeeeeeeeabccccccccccccccccccccc
eeeeeeeeeeeeeeeeeeeeeeeeeeeeabccccccccccccccccccccc
eeeeeeeeeeeeeeeeeeeeeeeeeeeeabcccccccccccccccccccccabccccccccccccccccccccc
eeeeeeeeeeeeeeeeeeeeeeeeeeee
abccccccccccccccccccccc
eeeeeeeeeeeeeeeeeeeeeeeeeeee
abccccccccccccccccccccc
eeeeeeeeeeeeeeeeeeeeeeeeeeeeabccccccccccccccccccccc
eeeeeeeeeeeeeeeeeeeeeeeeeeeeabccccccccccccccccccccc
eeeeeeeeeeeeeeeeeeeeeeeeeeeeabccccccccccccccccccccc
eeeeeeeeeeeeeeeeeeeeeeeeeeeeabccccccccccccccccccccc
eeeeeeeeeeeeeeeeeeeeeeeeeeeeabccccccccccccccccccccc
eeeeeeeeeeeeeeeeeeeeeeeeeeeeabccccccccccccccccccccc
eeeeeeeeeeeeeeeeeeeeeeeeeeeeabccccccccccccccccccccc
eeeeeeeeeeeeeeeeeeeeeeeeeeeeabccccccccccccccccccccc
eeeeeeeeeeeeeeeeeeeeeeeeeeeeabccccccccccccccccccccc
eeeeeeeeeeeeeeeeeeeeeeeeeeeeabccccccccccccccccccccc
eeeeeeeeeeeeeeeeeeeeeeeeeeeeabccccccccccccccccccccc
eeeeeeeeeeeeeeeeeeeeeeeeeeeeabcccccccccccccccccccccabccccccccccccccccccccc
eeeeeeeeeeeeeeeeeeeeeeeeeeee
abccccccccccccccccccccc
eeeeeeeeeeeeeeeeeeeeeeeeeeee
abccccccccccccccccccccc
eeeeeeeeeeeeeeeeeeeeeeeeeeeeabccc
eeeeeeeeeeeeeeeeeeeeeeeeeeeeabccccccccccccccccccccc
eeeeeeeeeeeeeeeeeeeeeeeeeeeeabccccccccccccccccccccc
eeeeeeeeeeeeeeeeeeeeeeeeeeeeabcccccccccccccccccccccabccccccccccccccccccccc
eeeeeeeeeeeeeeeeeeeeeeeeeeee
abccccccccccccccccccccc
eeeeeeeeeeeeeeeeeeeeeeeeeeee
abccccccccccccccccccccc
eeeeeeeeeeeeeeeeeeeeeeeeeeeeabcccccccccc
eeeeeeeeeeeeeeeeeeeeeeeeeeeeabccccccccccccccccccccc
eeeeeeeeeeeeeeeeeeeeeeeeeeeeabccccccccccccccccccccc
eeeeeeeeeeeeeeeeeeeeeeeeeeeeabccccccccccccccccccccc
eeeeeeeeeeeeeeeeeeeeeeeeeeeeabccccccccccccccccccccc
eeeeeeeeeeeeeeeeeeeeeeeeeeeeabccccccccccccccccccccc
eeeeeeeeeeeeeeeeeeeeeeeeeeeeabccccccccccccccccccccc
eeeeeeeeeeeeeeeeeeeeeeeeeeeeabccccccccccccccccccccc
eeeeeeeeeeeeeeeeeeeeeeeeeeeeabcccccccccccccccccccccabccccccccccccccccccccc
eeeeeeeeeeeeeeeeeeeeeeeeeeee
abccccccccccccccccccccc
eeeeeeeeeeeeeeeeeeeeeeeeeeee
abccccccccccccccccccccc
eeeeeeeeeeeeeeeeeeeeeeeeeeeeabccccccccccccccccccccc
eeeeeeeeeeeeeeeeeeeeeeeeeeeeabccccccccccccccccccccc
eeeeeeeeeeeeeeeeeeeeeeeeeeeeabccccccccccccccccccccc
eeeeeeeeeeeeeeeeeeeeeeeeeeeeabccccccccccccccccccccc
eeeeeeeeeeeeeeeeeeeeeeeeeeeeabccccccccccccccccccccc
eeeeeeeeeeeeeeeeeeeeeeeeeeeeabccccccccccccccccccccc
eeeeeeeeeeeeeeeeeeeeeeeeeeeeabccccccccccccccccccccc
eeeeeeeeeeeeeeeeeeeeeeeeeeeeabccccccccccccccccccccc
eeeeeeeeeeeeeeeeeeeeeeeeeeeeabccccccccccccccccccccc
eeeeeeeeeeeeeeeeeeeeeeeeeeeeabccccccccccccccccccccc
eeeeeeeeeeeeeeeeeeeeeeeeeeeeabccccccccccccccccccccc
eeeeeeeeeeeeeeeeeeeeeeeeeeeeabcccccccccccccccccccccabccccccccccccccccccccc
eeeeeeeeeeeeeeeeeeeeeeeeeeee
abccccccccccccccccccccc
eeeeeeeeeeeeeeeeeeeeeeeeeeee
abccccccccccccccccccccc
eeeeeeeeeeeeeeeeeeeeeeeeeeeeabccccccccccccccccccccc
eeeeeeeeeeeeeeeeeeeeeeeeeeeeabccccccccccccccccccccc
eeeeeeeeeeeeeeeeeeeeeeeeeeeeabccccccccccccccccccccc
eeeeeeeeeeeeeeeeeeeeeeeeeeeeabccccccccccccccccccccc
eeeeeeeeeeeeeeeeeeeeeeeeeeeeabccccccccccccccccccccc
eeeeeeeeeeeeeeeeeeeeeeeeeeeeabccccccccccccccccccccc
eeeeeeeeeeeeeeeeeeeeeeeeeeeeabccccccccccccccccccccc
eeeeeeeeeeeeeeeeeeeeeeeeeeeeabccccccccccccccccccccc
eeeeeeeeeeeeeeeeeeeeeeeeeeeeabccccccccccccccccccccc
eeeeeeeeeeeeeeeeeeeeeeeeeeeeabccccccccccccccccccccc
eeeeeeeeeeeeeeeeeeeeeeeeeeeeabccccccccccccccccccccc
eeeeeeeeeeeeeeeeeeeeeeeeeeeeabcccccccccccccccccccccabccccccccccccccccccccc
eeeeeeeeeeeeeeeeeeeeeeeeeeee
abccccccccccccccccccccc
eeeeeeeeeeeeeeeeeeeeeeeeeeee
abccccccccccccccccccccc
eeeeeeeeeeeeeeeeeeeeeeeeeeeeabccccccccccccccccccccc
eeeeeeeeeeeeeeeeeeeeeeeeeeeeabccccccccccccccccccccc
eeeeeeeeeeeeeeeeeeeeeeeeeeeeabccccccccccccccccccccc
eeeeeeeeeeeeeeeeeeeeeeeeeeeeabccccccccccccccccccccc
eeeeeeeeeeeeeeeeeeeeeeeeeeeeabccccccccccccccccccccc
eeeeeeeeeeeeeeeeeeeeeeeeeeeeabccccccccccccccccccccc
eeeeeeeeeeeeeeeeeeeeeeeeeeeeabccccccccccccccccccccc
eeeeeeeeeeeeeeeeeeeeeeeeeeeeabccccccccccccccccccccc
eeeeeeeeeeeeeeeeeeeeeeeeeeeeabccccccccccccccccccccc
eeeeeeeeeeeeeeeeeeeeeeeeeeeeabccccccccccccccccccccc
eeeeeeeeeeeeeeeeeeeeeeeeeeeeabccccccccccccccccccccc
eeeeeeeeeeeeeeeeeeeeeeeeeeeeabcccccccccccccccccccccabccccccccccccccccccccc
eeeeeeeeeeeeeeeeeeeeeeeeeeee
abccccccccccccccccccccc
eeeeeeeeeeeeeeeeeeeeeeeeeeee
abccccccccccccccccccccc
eeeeeeeeeeeeeeeeeeeeeeeeeeeeabccccccccccccccccccccc
eeeeeeeeeeeeeeeeeeeeeeeeeeeeabccccccccccccccccccccc
eeeeeeeeeeeeeeeeeeeeeeeeeeeeabccccccccccccccccccccc
eeeeeeeeeeeeeeeeeeeeeeeeeeeeabccccccccccccccccccccc
eeeeeeeeeeeeeeeeeeeeeeeeeeeeabccccccccccccccccccccc
eeeeeeeeeeeeeeeeeeeeeeeeeeeeabccccccccccccccccccccc
eeeeeeeeeeeeeeeeeeeeeeeeeeeeabccccccccccccccccccccc
eeeeeeeeeeeeeeeeeeeeeeeeeeeeabccccccccccccccccccccc
eeeeeeeeeeeeeeeeeeeeeeeeeeeeabccccccccccccccccccccc
eeeeeeeeeeeeeeeeeeeeeeeeeeeeabccccccccccccccccccccc
eeeeeeeeeeeeeeeeeeeeeeeeeeeeabccccccccccccccccccccc
eeeeeeeeeeeeeeeeeeeeeeeeeeeeabcccccccccccccccccccccabccccccccccccccccccccc
eeeeeeeeeeeeeeeeeeeeeeeeeeee
abccccccccccccccccccccc
eeeeeeeeeeeeeeeeeeeeeeeeeeee
abccccccccccccccccccccc
eeeeeeeeeeeeeeeeeeeeeeeeeeeeabccccccccccccccccccccc
eeeeeeeeeeeeeeeeeeeeeeeeeeeeabccccccccccccccccccccc
eeeeeeeeeeeeeeeeeeeeeeeeeeeeabccccccccccccccccccccc
eeeeeeeeeeeeeeeeeeeeeeeeeeeeabccccccccccccccccccccc
eeeeeeeeeeeeeeeeeeeeeeeeeeeeabccccccccccccccccccccc
eeeeeeeeeeeeeeeeeeeeeeeeeeeeabccccccccccccccccccccccccccccccccceeeeeeeeeeabccccccccccccccccccccc
eeeeeeeeeeeeeeeeeeeeeeeeeeeeabcccccccccccccccccccccabccccccccccccccccccccc
eeeeeeeeeeeeeeeeeeeeeeeeeeee
abccccccccccccccccccccc
eeeeeeeeeeeeeeeeeeeeeeeeeeee
abccccccccccccccccccccc
eeeeeeeeeeeeeeeeeeeeeeeeeeeeabccccccccccccccccccccceeeeeeeeeeabccccccccccccccccccccc
eeeeeeeeeeeeeeeeeeeeeeeeeeeeabcccccccccccccccccccccabccccccccccccccccccccc
eeeeeeeeeeeeeeeeeeeeeeeeeeee
abccccccccccccccccccccc
eeeeeeeeeeeeeeeeeeeeeeeeeeee
abccccccccccccccccccccc
eeeeeeeeeeeeeeeeeeeeeeeeeeeeabccccccccccccccccccccceeeeeeeeeeabccccccccccccccccccccc
eeeeeeeeeeeeeeeeeeeeeeeeeeeeabcccccccccccccccccccccabccccccccccccccccccccc
eeeeeeeeeeeeeeeeeeeeeeeeeeee
abccccccccccccccccccccc
eeeeeeeeeeeeeeeeeeeeeeeeeeee
abccccccccccccccccccccc
eeeeeeeeeeeeeeeeeeeeeeeeeeeeabccccccccccccccccccccc
eeeeeeeeeeeeeeeeeeeeeeeeeeee
abccccccccccccccccccccc
eeeeeeeeeeeeeeeeeeeeeeeeeeeeabccccccccccccccccccccceeeeeeeeeeabccccccccccccccccccccc
eeeeeeeeeeeeeeeeeeeeeeeeeeeeabcccccccccccccccccccccabccccccccccccccccccccc
eeeeeeeeeeeeeeeeeeeeeeeeeeee
abccccccccccccccccccccc
eeeeeeeeeeeeeeeeeeeeeeeeeeee
abccccccccccccccccccccc
eeeeeeeeeeeeeeeeeeeeeeeeeeeeabccccccccccccccccccccccccccccccccccccccc
eeeeeeeeeeeeeeeeeeeeeeeeeeeeabcccccccccccccccccccccabccccccccccccccccccccc
eeeeeeeeeeeeeeeeeeeeeeeeeeee
abccccccccccccccccccccc
eeeeeeeeeeeeeeeeeeeeeeeeeeee
abccccccccccccccccccccc
eeeeeeeeeeeeeeeeeeeeeeeeeeeeabccccccccccccccccccccc
eeeeeeeeeeeeeeeeeeeeeeeeeeee
abccccccccccccccccccccc
eeeeeeeeeeeeeeeeeeeeeeeeeeeeabccccccccccccccccccccc
eeeeeeeeeeeeeeeeeeeeeeeeeeeeabccccccccccccccccccccc
eeeeeeeeeeeeeeeeeeeeeeeeeeeeabccccccccccccccccccccc
eeeeeeeeeeeeeeeeeeeeeeeeeeeeabccccccccccccccccccccc
eeeeeeeeeeeeeeeeeeeeeeeeeeeeabccccccccccccccccccccc
eeeeeeeeeeeeeeeeeeeeeeeeeeeeabccccccccccccccccccccc
eeeeeeeeeeeeeeeeeeeeeeeeeeeeabccccccccccccccccccccc
eeeeeeeeeeeeeeeeeeeeeeeeeeeeabccccccccccccccccccccc
eeeeeeeeeeeeeeeeeeeeeeeeeeeeabccccccccccccccccccccc
eeeeeeeeeeeeeeeeeeeeeeeeeeeeabccccccccccccccccccccc
eeeeeeeeeeeeeeeeeeeeeeeeeeeeabccccccccccccccccccccc
eeeeeeeeeeeeeeeeeeeeeeeeeeeeabcccccccccccccccccccccabccccccccccccccccccccc
eeeeeeeeeeeeeeeeeeeeeeeeeeee
abccccccccccccccccccccc
eeeeeeeeeeeeeeeeeeeeeeeeeeee
abccccccccccccccccccccc
eeeeeeeeeeeeeeeeeeeeeeeeeeeeabccccccccccccccccccccc
eeeeeeeeeeeeeeeeeeeeeeeeeeeeabccccccccccccccccccccc
eeeeeeeeeeeeeeeeeeeeeeeeeeeeabccccccccccccccccccccc
eeeeeeeeeeeeeeeeeeeeeeeeeeeeabccccccccccccccccccccc
eeeeeeeeeeeeeeeeeeeeeeeeeeeeabccccccccccccccccccccc
eeeeeeeeeeeeeeeeeeeeeeeeeeeeabccccccccccccccccccccc
eeeeeeeeeeeeeeeeeeeeeeeeeeeeabccccccccccccccccccccc
eeeeeeeeeeeeeeeeeeeeeeeeeeeeabccccccccccccccccccccc
eeeeeeeeeeeeeeeeeeeeeeeeeeeeabccccccccccccccccccccc
eeeeeeeeeeeeeeeeeeeeeeeeeeeeabccccccccccccccccccccc
eeeeeeeeeeeeeeeeeeeeeeeeeeeeabccccccccccccccccccccc
eeeeeeeeeeeeeeeeeeeeeeeeeeeeabccccccccccccccccccccc
eeeeeeeeeeeeeeeeeeeeeeeeeeeeabccccccccccccccccccccc
eeeeeeeeeeeeeeeeeeeeeeeeeeeeabccccccccccccccccccccc
eeeeeeeeeeeeeeeeeeeeeeeeeeeeabccccccccccccccccccccc
eeeeeeeeeeeeeeeeeeeeeeeeeeeeabccccccccccccccccccccc
eeeeeeeeeeeeeeeeeeeeeeeeeeeeabccccccccccccccccccccc
eeeeeeeeeeeeeeeeeeeeeeeeeeeeabccccccccccccccccccccc
eeeeeeeeeeeeeeeeeeeeeeeeeeeeabccccccccccccccccccccc
eeeeeeeeeeeeeeeeeeeeeeeeeeeeabccccccccccccccccccccc
eeeeeeeeeeeeeeeeeeeeeeeeeeeeabccccccccccccccccccccc
eeeeeeeeeeeeeeeeeeeeeeeeeeeeabccccccccccccccccccccc
eeeeeeeeeeeeeeeeeeeeeeeeeeeeabccccccccccccccccccccc
eeeeeeeeeeeeeeeeeeeeeeeeeeeeabcccccccccccccccccccccabccccccccccccccccccccc
eeeeeeeeeeeeeeeeeeeeeeeeeeee
abccccccccccccccccccccc
eeeeeeeeeeeeeeeeeeeeeeeeeeee
abccccccccccccccccccccc
eeeeeeeeeeeeeeecccccc
eeeeeeeeeeeeeeeeeeeeeeeeeeeeabccccccccccccccccccccc
eeeeeeeeeeeeeeeeeeeeeeeeeeeeabccccccccccccccccccccc
eeeeeeeeeeeeeeeeeeeeeeeeeeeeabccccccccccccccccccccc
eeeeeeeeeeeeeeeeeeeeeeeeeeeeabccccccccccccccccccccc
eeeeeeeeeeeeeeeeeeeeeeeeeeeeabcccccccccccccccccccccabccccccccccccccccccccc
eeeeeeeeeeeeeeeeeeeeeeeeeeee
abccccccccccccccccccccc
eeeeeeeeeeeeeeeeeeeeeeeeeeee
abccccccccccccccccccccc
eeeeeeeeeeeeeeeeeeeeeeeeeeeeabccccccccccccccccccccc
eeeeeeeeeeeeeeeeeeeeeeeeeeeeabccccccccccccccccccccc
eeeeeeeeeeeeeeeeeeeeeeeeeeeeabccccccccccccccccccccc
eeeeeeeeeeeeeeeeeeeeeeeeeeeeabccccccccccccccccccccc
eeeeeeeeeeeeeeeeeeeeeeeeeeeeabccccccccccccccccccccc
eeeeeeeeeeeeeeeeeeeeeeeeeeeeabccccccccccccccccccccc
eeeeeeeeeeeeeeeeeeeee
eeeeeeeeeeeeeeeeeeeeeeeeeeee
abccccccccccccccccccccc
eeeeeeeeeeeeeeeeeeeeeeeeeeeeabccccccccccccccccccccc
eeeeeeeeeeeeeeeeeeeeeeeeeeeeabccccccccccccccccccccc
eeeeeeeeeeeeeeeeeeeeeeeeeeeeabccccccccccccccccccccc
eeeeeeeeeeeeeeeeeeeeeeeeeeeeabccccccccccccccccccccc
eeeeeeeeeeeeeeeeeeeeeeeeeeeeabccccccccccccccccccccc
eeeeeeeeeeeeeeeeeeeeeeeeeeeeabccccccccccccccccccccc
eeeeeeeeeeeeeeeeeeeeeeeeeeeeabccccccccccccccccccccc
eeeeeeeeeeeeeeeeeeeeeeeeeeeeabccccccccccccccccccccc
eeeeeeeeeeeeeeeeeeeeeeeeeeeeabccccccccccccccccccccc
eeeeeeeeeeeeeeeeeeeeeeeeeeeeabccccccccccccccccccccc
eeeeeeeeeeeeeeeeeeecccccccccc
eeeeeeeeeeeeeeeeeeeeeeeeeeeeabccccccccccccccccccccc
eeeeeeeeeeeeeeeeeeeeeeeeeeeeabccccccccccccccccccccc
eeeeeeeeeeeeeeeeeeeeeeeeeeeeabccccccccccccccccccccc
eeeeeeeeeeeeeeeeeeeeeeeeeeeeabcccccccccccccccccccccabccccccccccccccccccccc
eeeeeeeeeeeeeeeeeeeeeeeeeeee
abccccccccccccccccccccc
eeeeeeeeeeeeeeeeeeeeeeeeeeee
abccccccccccccccccccccc
eeeeeeeeeeeeeeeeeeeeeeeeeeeeabccccccccccccccccccccc
eeeeeeeeeeeeeeeeeeeeeeeeeeeeabccccccccccccccccccccc
eeeeeeeeeeeeeeeeeeeeeeeeeeeeabccccccccccccccccccccc
eeeeeeeeeeeeeeeeeeeeeeeeeeeeabccccccccccccccccccccc
eeeeeeeeeeeeeeeeeeeeeeeeeeeeabccccccccccccccccccccc
eeeeeeeeeeeeeeeeeeeeeeeeeeeeabccccccccccccccccccccc
eeeeeeeeeeeeeeeeeeeeeeeeeeeeabccccccccccccccccccccc
eeeeeeeeeeeeeeeeeeeeeeeeeeeeabccccccccccccccccccccc
eeeeeeeeeeeeeeeeeeeeeeeeeeeeabccccccccccccccccccccc
eeeeeeeeeeeeeeeeeeeeeeeeeeeeabccccccccccccccccccccc
eeeeeeeeeeeeeeeeeeeeeeeeeeeeabccccccccccccccccccccc
eeeeeeeeeeeeeeeeeeeeeeeeeeeeabcccccccccccccccccccccabccccccccccccccccccccc
eeeeeeeeeeeeeeeeeeeeeeeeeeee
abccccccccccccccccccccc
eeeeeeeeeeeeeeeeeeeeeeeeeeee
abccccccccccccccccccccc
eeeeeeeeeeeeeeeeeeeeeeeeeeeeabccc
eeeeeeeeeeeeeeeeeeeeeeeeeeeeabccccccccccccccccccccc
eeeeeeeeeeeeeeeeeeeeeeeeeeeeabccccccccccccccccccccc
eeeeeeeeeeeeeeeeeeeeeeeeeeeeabcccccccccccccccccccccabccccccccccccccccccccc
eeeeeeeeeeeeeeeeeeeeeeeeeeee
abccccccccccccccccccccc
eeeeeeeeeeeeeeeeeeeeeeeeeeee
abccccccccccccccccccccc
eeeeeeeeeeeeeeeeeeeeeeeeeeeeabcccccccccc
eeeeeeeeeeeeeeeeeeeeeeeeeeeeabccccccccccccccccccccc
eeeeeeeeeeeeeeeeeeeeeeeeeeeeabccccccccccccccccccccc
eeeeeeeeeeeeeeeeeeeeeeeeeeeeabccccccccccccccccccccc
eeeeeeeeeeeeeeeeeeeeeeeeeeeeabccccccccccccccccccccc
eeeeeeeeeeeeeeeeeeeeeeeeeeeeabccccccccccccccccccccc
eeeeeeeeeeeeeeeeeeeeeeeeeeeeabccccccccccccccccccccc
eeeeeeeeeeeeeeeeeeeeeeeeeeeeabccccccccccccccccccccc
eeeeeeeeeeeeeeeeeeeeeeeeeeeeabcccccccccccccccccccccabccccccccccccccccccccc
eeeeeeeeeeeeeeeeeeeeeeeeeeee
abccccccccccccccccccccc
eeeeeeeeeeeeeeeeeeeeeeeeeeee
abccccccccccccccccccccc
eeeeeeeeeeeeeeeeeeeeeeeeeeeeabccccccccccccccccccccc
eeeeeeeeeeeeeeeeeeeeeeeeeeeeabccccccccccccccccccccc
eeeeeeeeeeeeeeeeeeeeeeeeeeeeabccccccccccccccccccccc
eeeeeeeeeeeeeeeeeeeeeeeeeeeeabccccccccccccccccccccc
eeeeeeeeeeeeeeeeeeeeeeeeeeeeabccccccccccccccccccccc
eeeeeeeeeeeeeeeeeeeeeeeeeeeeabccccccccccccccccccccc
eeeeeeeeeeeeeeeeeeeeeeeeeeeeabccccccccccccccccccccc
eeeeeeeeeeeeeeeeeeeeeeeeeeeeabccccccccccccccccccccc
eeeeeeeeeeeeeeeeeeeeeeeeeeeeabccccccccccccccccccccc
eeeeeeeeeeeeeeeeeeeeeeeeeeeeabccccccccccccccccccccc
eeeeeeeeeeeeeeeeeeeeeeeeeeeeabccccccccccccccccccccc
eeeeeeeeeeeeeeeeeeeeeeeeeeeeabcccccccccccccccccccccabccccccccccccccccccccc
eeeeeeeeeeeeeeeeeeeeeeeeeeee
abccccccccccccccccccccc
eeeeeeeeeeeeeeeeeeeeeeeeeeee
abccccccccccccccccccccc
eeeeeeeeeeeeeeeeeeeeeeeeeeeeabccccccccccccccccccccc
eeeeeeeeeeeeeeeeeeeeeeeeeeeeabccccccccccccccccccccc
eeeeeeeeeeeeeeeeeeeeeeeeeeeeabccccccccccccccccccccc
eeeeeeeeeeeeeeeeeeeeeeeeeeeeabccccccccccccccccccccc
eeeeeeeeeeeeeeeeeeeeeeeeeeeeabccccccccccccccccccccc
eeeeeeeeeeeeeeeeeeeeeeeeeeeeabccccccccccccccccccccc
eeeeeeeeeeeeeeeeeeeeeeeeeeeeabccccccccccccccccccccc
eeeeeeeeeeeeeeeeeeeeeeeeeeeeabccccccccccccccccccccc
eeeeeeeeeeeeeeeeeeeeeeeeeeeeabccccccccccccccccccccc
eeeeeeeeeeeeeeeeeeeeeeeeeeeeabccccccccccccccccccccc
eeeeeeeeeeeeeeeeeeeeeeeeeeeeabccccccccccccccccccccc
eeeeeeeeeeeeeeeeeeeeeeeeeeeeabcccccccccccccccccccccabccccccccccccccccccccc
eeeeeeeeeeeeeeeeeeeeeeeeeeee
abccccccccccccccccccccc
eeeeeeeeeeeeeeeeeeeeeeeeeeee
abccccccccccccccccccccc
eeeeeeeeeeeeeeeeeeeeeeeeeeeeabccccccccccccccccccccc
eeeeeeeeeeeeeeeeeeeeeeeeeeeeabccccccccccccccccccccc
eeeeeeeeeeeeeeeeeeeeeeeeeeeeabccccccccccccccccccccc
eeeeeeeeeeeeeeeeeeeeeeeeeeeeabccccccccccccccccccccc
eeeeeeeeeeeeeeeeeeeeeeeeeeeeabccccccccccccccccccccc
eeeeeeeeeeeeeeeeeeeeeeeeeeeeabccccccccccccccccccccc
eeeeeeeeeeeeeeeeeeeeeeeeeeeeabccccccccccccccccccccc
eeeeeeeeeeeeeeeeeeeeeeeeeeeeabccccccccccccccccccccc
eeeeeeeeeeeeeeeeeeeeeeeeeeeeabccccccccccccccccccccc
eeeeeeeeeeeeeeeeeeeeeeeeeeeeabccccccccccccccccccccc
eeeeeeeeeeeeeeeeeeeeeeeeeeeeabccccccccccccccccccccc
eeeeeeeeeeeeeeeeeeeeeeeeeeeeabcccccccccccccccccccccabccccccccccccccccccccc
eeeeeeeeeeeeeeeeeeeeeeeeeeee
abccccccccccccccccccccc
eeeeeeeeeeeeeeeeeeeeeeeeeeee
abccccccccccccccccccccc
eeeeeeeeeeeeeeeeeeeeeeeeeeeeabccccccccccccccccccccc
eeeeeeeeeeeeeeeeeeeeeeeeeeeeabccccccccccccccccccccc
eeeeeeeeeeeeeeeeeeeeeeeeeeeeabccccccccccccccccccccc
eeeeeeeeeeeeeeeeeeeeeeeeeeeeabccccccccccccccccccccc
eeeeeeeeeeeeeeeeeeeeeeeeeeeeabccccccccccccccccccccc
eeeeeeeeeeeeeeeeeeeeeeeeeeeeabccccccccccccccccccccc
eeeeeeeeeeeeeeeeeeeeeeeeeeeeabccccccccccccccccccccc
eeeeeeeeeeeeeeeeeeeeeeeeeeeeabccccccccccccccccccccc
eeeeeeeeeeeeeeeeeeeeeeeeeeeeabccccccccccccccccccccc
eeeeeeeeeeeeeeeeeeeeeeeeeeeeabccccccccccccccccccccc
eeeeeeeeeeeeeeeeeeeeeeeeeeeeabccccccccccccccccccccc
eeeeeeeeeeeeeeeeeeeeeeeeeeeeabcccccccccccccccccccccabccccccccccccccccccccc
eeeeeeeeeeeeeeeeeeeeeeeeeeee
abccccccccccccccccccccc
eeeeeeeeeeeeeeeeeeeeeeeeeeee
abccccccccccccccccccccc
eeeeeeeeeeeeeeeeeeeeeeeeeeeeabccccccccccccccccccccc
eeeeeeeeeeeeeeeeeeeeeeeeeeeeabccccccccccccccccccccc
eeeeeeeeeeeeeeeeeeeeeeeeeeeeabccccccccccccccccccccc
eeeeeeeeeeeeeeeeeeeeeeeeeeeeabccccccccccccccccccccc
eeeeeeeeeeeeeeeeeeeeeeeeeeeeabccccccccccccccccccccc
eeeeeeeeeeeeeeeeeeeeeeeeeeeeabccccccccccccccccccccccccccccccccceeeeeeeeeeabccccccccccccccccccccc
eeeeeeeeeeeeeeeeeeeeeeeeeeeeabcccccccccccccccccccccabccccccccccccccccccccc
eeeeeeeeeeeeeeeeeeeeeeeeeeee
abccccccccccccccccccccc
eeeeeeeeeeeeeeeeeeeeeeeeeeee
abccccccccccccccccccccc
eeeeeeeeeeeeeeeeeeeeeeeeeeeeabccccccccccccccccccccceeeeeeeeeeabccccccccccccccccccccc
eeeeeeeeeeeeeeeeeeeeeeeeeeeeabcccccccccccccccccccccabccccccccccccccccccccc
eeeeeeeeeeeeeeeeeeeeeeeeeeee
abccccccccccccccccccccc
eeeeeeeeeeeeeeeeeeeeeeeeeeee
abccccccccccccccccccccc
eeeeeeeeeeeeeeeeeeeeeeeeeeeeabccccccccccccccccccccceeeeeeeeeeabccccccccccccccccccccc
eeeeeeeeeeeeeeeeeeeeeeeeeeeeabcccccccccccccccccccccabccccccccccccccccccccc
eeeeeeeeeeeeeeeeeeeeeeeeeeee
abccccccccccccccccccccc
eeeeeeeeeeeeeeeeeeeeeeeeeeee
abccccccccccccccccccccc
eeeeeeeeeeeeeeeeeeeeeeeeeeeeabccccccccccccccccccccc
eeeeeeeeeeeeeeeeeeeeeeeeeeee
abccccccccccccccccccccc
eeeeeeeeeeeeeeeeeeeeeeeeeeeeabccccccccccccccccccccceeeeeeeeeeabccccccccccccccccccccc
eeeeeeeeeeeeeeeeeeeeeeeeeeeeabcccccccccccccccccccccabccccccccccccccccccccc
eeeeeeeeeeeeeeeeeeeeeeeeeeee
abccccccccccccccccccccc
eeeeeeeeeeeeeeeeeeeeeeeeeeee
abccccccccccccccccccccc
eeeeeeeeeeeeeeeeeeeeeeeeeeeeabccccccccccccccccccccccccccccccccccccccc
eeeeeeeeeeeeeeeeeeeeeeeeeeeeabcccccccccccccccccccccabccccccccccccccccccccc
eeeeeeeeeeeeeeeeeeeeeeeeeeee
abccccccccccccccccccccc
eeeeeeeeeeeeeeeeeeeeeeeeeeee
abccccccccccccccccccccc
eeeeeeeeeeeeeeeeeeeeeeeeeeeeabccccccccccccccccccccc
eeeeeeeeeeeeeeeeeeeeeeeeeeee
abccccccccccccccccccccc
eeeeeeeeeeeeeeeeeeeeeeeeeeeeabccccccccccccccccccccc
eeeeeeeeeeeeeeeeeeeeeeeeeeeeabccccccccccccccccccccc
eeeeeeeeeeeeeeeeeeeeeeeeeeeeabccccccccccccccccccccc
eeeeeeeeeeeeeeeeeeeeeeeeeeeeabccccccccccccccccccccc
eeeeeeeeeeeeeeeeeeeeeeeeeeeeabccccccccccccccccccccc
eeeeeeeeeeeeeeeeeeeeeeeeeeeeabccccccccccccccccccccc
eeeeeeeeeeeeeeeeeeeeeeeeeeeeabccccccccccccccccccccc
eeeeeeeeeeeeeeeeeeeeeeeeeeeeabccccccccccccccccccccc
eeeeeeeeeeeeeeeeeeeeeeeeeeeeabccccccccccccccccccccc
eeeeeeeeeeeeeeeeeeeeeeeeeeeeabccccccccccccccccccccc
eeeeeeeeeeeeeeeeeeeeeeeeeeeeabccccccccccccccccccccc
eeeeeeeeeeeeeeeeeeeeeeeeeeeeabcccccccccccccccccccccabccccccccccccccccccccc
eeeeeeeeeeeeeeeeeeeeeeeeeeee
abccccccccccccccccccccc
eeeeeeeeeeeeeeeeeeeeeeeeeeee
abccccccccccccccccccccc
eeeeeeeeeeeeeeeeeeeeeeeeeeeeabccccccccccccccccccccc
eeeeeeeeeeeeeeeeeeeeeeeeeeeeabccccccccccccccccccccc
eeeeeeeeeeeeeeeeeeeeeeeeeeeeabccccccccccccccccccccc
eeeeeeeeeeeeeeeeeeeeeeeeeeeeabccccccccccccccccccccc
eeeeeeeeeeeeeeeeeeeeeeeeeeeeabccccccccccccccccccccc
eeeeeeeeeeeeeeeeeeeeeeeeeeeeabccccccccccccccccccccc
eeeeeeeeeeeeeeeeeeeeeeeeeeeeabccccccccccccccccccccc
eeeeeeeeeeeeeeeeeeeeeeeeeeeeabccccccccccccccccccccc
eeeeeeeeeeeeeeeeeeeeeeeeeeeeabccccccccccccccccccccc
eeeeeeeeeeeeeeeeeeeeeeeeeeeeabccccccccccccccccccccc
eeeeeeeeeeeeeeeeeeeeeeeeeeeeabccccccccccccccccccccc
eeeeeeeeeeeeeeeeeeeeeeeeeeeeabccccccccccccccccccccc
eeeeeeeeeeeeeeeeeeeeeeeeeeeeabccccccccccccccccccccc
eeeeeeeeeeeeeeeeeeeeeeeeeeeeabccccccccccccccccccccc
eeeeeeeeeeeeeeeeeeeeeeeeeeeeabccccccccccccccccccccc
eeeeeeeeeeeeeeeeeeeeeeeeeeeeabccccccccccccccccccccc
eeeeeeeeeeeeeeeeeeeeeeeeeeeeabccccccccccccccccccccc
eeeeeeeeeeeeeeeeeeeeeeeeeeeeabccccccccccccccccccccc
eeeeeeeeeeeeeeeeeeeeeeeeeeeeabccccccccccccccccccccc
eeeeeeeeeeeeeeeeeeeeeeeeeeeeabccccccccccccccccccccc
eeeeeeeeeeeeeeeeeeeeeeeeeeeeabccccccccccccccccccccc
eeeeeeeeeeeeeeeeeeeeeeeeeeeeabccccccccccccccccccccc
eeeeeeeeeeeeeeeeeeeeeeeeeeeeabccccccccccccccccccccc
eeeeeeeeeeeeeeeeeeeeeeeeeeeeabcccccccccccccccccccccabccccccccccccccccccccc
eeeeeeeeeeeeeeeeeeeeeeeeeeee
abccccccccccccccccccccc
eeeeeeeeeeeeeeeeeeeeeeeeeeee
abccccccccccccccccccccc
eeeeeeeeeeeeeeecccccc
eeeeeeeeeeeeeeeeeeeeeeeeeeeeabccccccccccccccccccccc
eeeeeeeeeeeeeeeeeeeeeeeeeeeeabccccccccccccccccccccc
eeeeeeeeeeeeeeeeeeeeeeeeeeeeabccccccccccccccccccccc
eeeeeeeeeeeeeeeeeeeeeeeeeeeeabccccccccccccccccccccc
eeeeeeeeeeeeeeeeeeeeeeeeeeeeabcccccccccccccccccccccabccccccccccccccccccccc
eeeeeeeeeeeeeeeeeeeeeeeeeeee
abccccccccccccccccccccc
eeeeeeeeeeeeeeeeeeeeeeeeeeee
abccccccccccccccccccccc
eeeeeeeeeeeeeeeeeeeeeeeeeeeeabccccccccccccccccccccc
eeeeeeeeeeeeeeeeeeeeeeeeeeeeabccccccccccccccccccccc
eeeeeeeeeeeeeeeeeeeeeeeeeeeeabccccccccccccccccccccc
eeeeeeeeeeeeeeeeeeeeeeeeeeeeabccccccccccccccccccccc
eeeeeeeeeeeeeeeeeeeeeeeeeeeeabccccccccccccccccccccc
eeeeeeeeeeeeeeeeeeeeeeeeeeeeabccccccccccccccccccccc
eeeeeeeeeeeeeeeeeeeee
eeeeeeeeeeeeeeeeeeeeeeeeeeee
abccccccccccccccccccccc
eeeeeeeeeeeeeeeeeeeeeeeeeeeeabccccccccccccccccccccc
eeeeeeeeeeeeeeeeeeeeeeeeeeeeabccccccccccccccccccccc
eeeeeeeeeeeeeeeeeeeeeeeeeeeeabccccccccccccccccccccc
eeeeeeeeeeeeeeeeeeeeeeeeeeeeabccccccccccccccccccccc
eeeeeeeeeeeeeeeeeeeeeeeeeeeeabccccccccccccccccccccc
eeeeeeeeeeeeeeeeeeeeeeeeeeeeabccccccccccccccccccccc
eeeeeeeeeeeeeeeeeeeeeeeeeeeeabccccccccccccccccccccc
eeeeeeeeeeeeeeeeeeeeeeeeeeeeabccccccccccccccccccccc
eeeeeeeeeeeeeeeeeeeeeeeeeeeeabccccccccccccccccccccc
eeeeeeeeeeeeeeeeeeeeeeeeeeeeabccccccccccccccccccccc
eeeeeeeeeeeeeeeeeeecccccccccc
eeeeeeeeeeeeeeeeeeeeeeeeeeeeabccccccccccccccccccccc
eeeeeeeeeeeeeeeeeeeeeeeeeeeeabccccccccccccccccccccc
eeeeeeeeeeeeeeeeeeeeeeeeeeeeabccccccccccccccccccccc
eeeeeeeeeeeeeeeeeeeeeeeeeeeeabcccccccccccccccccccccabccccccccccccccccccccc
eeeeeeeeeeeeeeeeeeeeeeeeeeee
abccccccccccccccccccccc
eeeeeeeeeeeeeeeeeeeeeeeeeeee
abccccccccccccccccccccc
eeeeeeeeeeeeeeeeeeeeeeeeeeeeabccccccccccccccccccccc
eeeeeeeeeeeeeeeeeeeeeeeeeeeeabccccccccccccccccccccc
eeeeeeeeeeeeeeeeeeeeeeeeeeeeabccccccccccccccccccccc
eeeeeeeeeeeeeeeeeeeeeeeeeeeeabccccccccccccccccccccc
eeeeeeeeeeeeeeeeeeeeeeeeeeeeabccccccccccccccccccccc
eeeeeeeeeeeeeeeeeeeeeeeeeeeeabccccccccccccccccccccc
eeeeeeeeeeeeeeeeeeeeeeeeeeeeabccccccccccccccccccccc
eeeeeeeeeeeeeeeeeeeeeeeeeeeeabccccccccccccccccccccc
eeeeeeeeeeeeeeeeeeeeeeeeeeeeabccccccccccccccccccccc
eeeeeeeeeeeeeeeeeeeeeeeeeeeeabccccccccccccccccccccc
eeeeeeeeeeeeeeeeeeeeeeeeeeeeabccccccccccccccccccccc
eeeeeeeeeeeeeeeeeeeeeeeeeeeeabcccccccccccccccccccccabccccccccccccccccccccc
eeeeeeeeeeeeeeeeeeeeeeeeeeee
abccccccccccccccccccccc
eeeeeeeeeeeeeeeeeeeeeeeeeeee
abccccccccccccccccccccc
eeeeeeeeeeeeeeeeeeeeeeeeeeeeabccc
eeeeeeeeeeeeeeeeeeeeeeeeeeeeabccccccccccccccccccccc
eeeeeeeeeeeeeeeeeeeeeeeeeeeeabccccccccccccccccccccc
eeeeeeeeeeeeeeeeeeeeeeeeeeeeabcccccccccccccccccccccabccccccccccccccccccccc
eeeeeeeeeeeeeeeeeeeeeeeeeeee
abccccccccccccccccccccc
eeeeeeeeeeeeeeeeeeeeeeeeeeee
abccccccccccccccccccccc
eeeeeeeeeeeeeeeeeeeeeeeeeeeeabcccccccccc
eeeeeeeeeeeeeeeeeeeeeeeeeeeeabccccccccccccccccccccc
eeeeeeeeeeeeeeeeeeeeeeeeeeeeabccccccccccccccccccccc
eeeeeeeeeeeeeeeeeeeeeeeeeeeeabccccccccccccccccccccc
eeeeeeeeeeeeeeeeeeeeeeeeeeeeabccccccccccccccccccccc
eeeeeeeeeeeeeeeeeeeeeeeeeeeeabccccccccccccccccccccc
eeeeeeeeeeeeeeeeeeeeeeeeeeeeabccccccccccccccccccccc
eeeeeeeeeeeeeeeeeeeeeeeeeeeeabccccccccccccccccccccc
eeeeeeeeeeeeeeeeeeeeeeeeeeeeabcccccccccccccccccccccabccccccccccccccccccccc
eeeeeeeeeeeeeeeeeeeeeeeeeeee
abccccccccccccccccccccc
eeeeeeeeeeeeeeeeeeeeeeeeeeee
abccccccccccccccccccccc
eeeeeeeeeeeeeeeeeeeeeeeeeeeeabccccccccccccccccccccc
eeeeeeeeeeeeeeeeeeeeeeeeeeeeabccccccccccccccccccccc
eeeeeeeeeeeeeeeeeeeeeeeeeeeeabccccccccccccccccccccc
eeeeeeeeeeeeeeeeeeeeeeeeeeeeabccccccccccccccccccccc
eeeeeeeeeeeeeeeeeeeeeeeeeeeeabccccccccccccccccccccc
eeeeeeeeeeeeeeeeeeeeeeeeeeeeabccccccccccccccccccccc
eeeeeeeeeeeeeeeeeeeeeeeeeeeeabccccccccccccccccccccc
eeeeeeeeeeeeeeeeeeeeeeeeeeeeabccccccccccccccccccccc
eeeeeeeeeeeeeeeeeeeeeeeeeeeeabccccccccccccccccccccc
eeeeeeeeeeeeeeeeeeeeeeeeeeeeabccccccccccccccccccccc
eeeeeeeeeeeeeeeeeeeeeeeeeeeeabccccccccccccccccccccc
eeeeeeeeeeeeeeeeeeeeeeeeeeeeabcccccccccccccccccccccabccccccccccccccccccccc
eeeeeeeeeeeeeeeeeeeeeeeeeeee
abccccccccccccccccccccc
eeeeeeeeeeeeeeeeeeeeeeeeeeee
abccccccccccccccccccccc
eeeeeeeeeeeeeeeeeeeeeeeeeeeeabccccccccccccccccccccc
eeeeeeeeeeeeeeeeeeeeeeeeeeeeabccccccccccccccccccccc
eeeeeeeeeeeeeeeeeeeeeeeeeeeeabccccccccccccccccccccc
eeeeeeeeeeeeeeeeeeeeeeeeeeeeabccccccccccccccccccccc
eeeeeeeeeeeeeeeeeeeeeeeeeeeeabccccccccccccccccccccc
eeeeeeeeeeeeeeeeeeeeeeeeeeeeabccccccccccccccccccccc
eeeeeeeeeeeeeeeeeeeeeeeeeeeeabccccccccccccccccccccc
eeeeeeeeeeeeeeeeeeeeeeeeeeeeabccccccccccccccccccccc
eeeeeeeeeeeeeeeeeeeeeeeeeeeeabccccccccccccccccccccc
eeeeeeeeeeeeeeeeeeeeeeeeeeeeabccccccccccccccccccccc
eeeeeeeeeeeeeeeeeeeeeeeeeeeeabccccccccccccccccccccc
eeeeeeeeeeeeeeeeeeeeeeeeeeeeabcccccccccccccccccccccabccccccccccccccccccccc
eeeeeeeeeeeeeeeeeeeeeeeeeeee
abccccccccccccccccccccc
eeeeeeeeeeeeeeeeeeeeeeeeeeee
abccccccccccccccccccccc
eeeeeeeeeeeeeeeeeeeeeeeeeeeeabccccccccccccccccccccc
eeeeeeeeeeeeeeeeeeeeeeeeeeeeabccccccccccccccccccccc
eeeeeeeeeeeeeeeeeeeeeeeeeeeeabccccccccccccccccccccc
eeeeeeeeeeeeeeeeeeeeeeeeeeeeabccccccccccccccccccccc
eeeeeeeeeeeeeeeeeeeeeeeeeeeeabccccccccccccccccccccc
eeeeeeeeeeeeeeeeeeeeeeeeeeeeabccccccccccccccccccccc
eeeeeeeeeeeeeeeeeeeeeeeeeeeeabccccccccccccccccccccc
eeeeeeeeeeeeeeeeeeeeeeeeeeeeabccccccccccccccccccccc
eeeeeeeeeeeeeeeeeeeeeeeeeeeeabccccccccccccccccccccc
eeeeeeeeeeeeeeeeeeeeeeeeeeeeabccccccccccccccccccccc
eeeeeeeeeeeeeeeeeeeeeeeeeeeeabccccccccccccccccccccc
eeeeeeeeeeeeeeeeeeeeeeeeeeeeabcccccccccccccccccccccabccccccccccccccccccccc
eeeeeeeeeeeeeeeeeeeeeeeeeeee
abccccccccccccccccccccc
eeeeeeeeeeeeeeeeeeeeeeeeeeee
abccccccccccccccccccccc
eeeeeeeeeeeeeeeeeeeeeeeeeeeeabccccccccccccccccccccc
eeeeeeeeeeeeeeeeeeeeeeeeeeeeabccccccccccccccccccccc
eeeeeeeeeeeeeeeeeeeeeeeeeeeeabccccccccccccccccccccc
eeeeeeeeeeeeeeeeeeeeeeeeeeeeabccccccccccccccccccccc
eeeeeeeeeeeeeeeeeeeeeeeeeeeeabccccccccccccccccccccc
eeeeeeeeeeeeeeeeeeeeeeeeeeeeabccccccccccccccccccccc
eeeeeeeeeeeeeeeeeeeeeeeeeeeeabccccccccccccccccccccc
eeeeeeeeeeeeeeeeeeeeeeeeeeeeabccccccccccccccccccccc
eeeeeeeeeeeeeeeeeeeeeeeeeeeeabccccccccccccccccccccc
eeeeeeeeeeeeeeeeeeeeeeeeeeeeabccccccccccccccccccccc
eeeeeeeeeeeeeeeeeeeeeeeeeeeeabccccccccccccccccccccc
eeeeeeeeeeeeeeeeeeeeeeeeeeeeabcccccccccccccccccccccabccccccccccccccccccccc
eeeeeeeeeeeeeeeeeeeeeeeeeeee
abccccccccccccccccccccc
eeeeeeeeeeeeeeeeeeeeeeeeeeee
abccccccccccccccccccccc
eeeeeeeeeeeeeeeeeeeeeeeeeeeeabccccccccccccccccccccc
eeeeeeeeeeeeeeeeeeeeeeeeeeeeabccccccccccccccccccccc
eeeeeeeeeeeeeeeeeeeeeeeeeeeeabccccccccccccccccccccc
eeeeeeeeeeeeeeeeeeeeeeeeeeeeabccccccccccccccccccccc
eeeeeeeeeeeeeeeeeeeeeeeeeeeeabccccccccccccccccccccc
eeeeeeeeeeeeeeeeeeeeeeeeeeeeabccccccccccccccccccccccccccccccccceeeeeeeeeeabccccccccccccccccccccc
eeeeeeeeeeeeeeeeeeeeeeeeeeeeabcccccccccccccccccccccabccccccccccccccccccccc
eeeeeeeeeeeeeeeeeeeeeeeeeeee
abccccccccccccccccccccc
eeeeeeeeeeeeeeeeeeeeeeeeeeee
abccccccccccccccccccccc
eeeeeeeeeeeeeeeeeeeeeeeeeeeeabccccccccccccccccccccceeeeeeeeeeabccccccccccccccccccccc
eeeeeeeeeeeeeeeeeeeeeeeeeeeeabcccccccccccccccccccccabccccccccccccccccccccc
eeeeeeeeeeeeeeeeeeeeeeeeeeee
abccccccccccccccccccccc
eeeeeeeeeeeeeeeeeeeeeeeeeeee
abccccccccccccccccccccc
eeeeeeeeeeeeeeeeeeeeeeeeeeeeabccccccccccccccccccccceeeeeeeeeeabccccccccccccccccccccc
eeeeeeeeeeeeeeeeeeeeeeeeeeeeabcccccccccccccccccccccabccccccccccccccccccccc
eeeeeeeeeeeeeeeeeeeeeeeeeeee
abccccccccccccccccccccc
eeeeeeeeeeeeeeeeeeeeeeeeeeee
abccccccccccccccccccccc
eeeeeeeeeeeeeeeeeeeeeeeeeeeeabccccccccccccccccccccc
eeeeeeeeeeeeeeeeeeeeeeeeeeee
abccccccccccccccccccccc
eeeeeeeeeeeeeeeeeeeeeeeeeeeeabccccccccccccccccccccceeeeeeeeeeabccccccccccccccccccccc
eeeeeeeeeeeeeeeeeeeeeeeeeeeeabcccccccccccccccccccccabccccccccccccccccccccc
eeeeeeeeeeeeeeeeeeeeeeeeeeee
abccccccccccccccccccccc
eeeeeeeeeeeeeeeeeeeeeeeeeeee
abccccccccccccccccccccc
eeeeeeeeeeeeeeeeeeeeeeeeeeeeabccccccccccccccccccccccccccccccccccccccc
eeeeeeeeeeeeeeeeeeeeeeeeeeeeabcccccccccccccccccccccabccccccccccccccccccccc
eeeeeeeeeeeeeeeeeeeeeeeeeeee
abccccccccccccccccccccc
eeeeeeeeeeeeeeeeeeeeeeeeeeee
abccccccccccccccccccccc
eeeeeeeeeeeeeeeeeeeeeeeeeeeeabccccccccccccccccccccc
eeeeeeeeeeeeeeeeeeeeeeeeeeee
abccccccccccccccccccccc
eeeeeeeeeeeeeeeeeeeeeeeeeeeeabccccccccccccccccccccc
eeeeeeeeeeeeeeeeeeeeeeeeeeeeabccccccccccccccccccccc
eeeeeeeeeeeeeeeeeeeeeeeeeeeeabccccccccccccccccccccc
eeeeeeeeeeeeeeeeeeeeeeeeeeeeabccccccccccccccccccccc
eeeeeeeeeeeeeeeeeeeeeeeeeeeeabccccccccccccccccccccc
eeeeeeeeeeeeeeeeeeeeeeeeeeeeabccccccccccccccccccccc
eeeeeeeeeeeeeeeeeeeeeeeeeeeeabccccccccccccccccccccc
eeeeeeeeeeeeeeeeeeeeeeeeeeeeabccccccccccccccccccccc
eeeeeeeeeeeeeeeeeeeeeeeeeeeeabccccccccccccccccccccc
eeeeeeeeeeeeeeeeeeeeeeeeeeeeabccccccccccccccccccccc
eeeeeeeeeeeeeeeeeeeeeeeeeeeeabccccccccccccccccccccc
eeeeeeeeeeeeeeeeeeeeeeeeeeeeabcccccccccccccccccccccabccccccccccccccccccccc
eeeeeeeeeeeeeeeeeeeeeeeeeeee
abccccccccccccccccccccc
eeeeeeeeeeeeeeeeeeeeeeeeeeee
abccccccccccccccccccccc
eeeeeeeeeeeeeeeeeeeeeeeeeeeeabccccccccccccccccccccc
eeeeeeeeeeeeeeeeeeeeeeeeeeeeabccccccccccccccccccccc
eeeeeeeeeeeeeeeeeeeeeeeeeeeeabccccccccccccccccccccc
eeeeeeeeeeeeeeeeeeeeeeeeeeeeabccccccccccccccccccccc
eeeeeeeeeeeeeeeeeeeeeeeeeeeeabccccccccccccccccccccc
eeeeeeeeeeeeeeeeeeeeeeeeeeeeabccccccccccccccccccccc
eeeeeeeeeeeeeeeeeeeeeeeeeeeeabccccccccccccccccccccc
eeeeeeeeeeeeeeeeeeeeeeeeeeeeabccccccccccccccccccccc
eeeeeeeeeeeeeeeeeeeeeeeeeeeeabccccccccccccccccccccc
eeeeeeeeeeeeeeeeeeeeeeeeeeeeabccccccccccccccccccccc
eeeeeeeeeeeeeeeeeeeeeeeeeeeeabccccccccccccccccccccc
eeeeeeeeeeeeeeeeeeeeeeeeeeeeabccccccccccccccccccccc
eeeeeeeeeeeeeeeeeeeeeeeeeeeeabccccccccccccccccccccc
eeeeeeeeeeeeeeeeeeeeeeeeeeeeabccccccccccccccccccccc
eeeeeeeeeeeeeeeeeeeeeeeeeeeeabccccccccccccccccccccc
eeeeeeeeeeeeeeeeeeeeeeeeeeeeabccccccccccccccccccccc
eeeeeeeeeeeeeeeeeeeeeeeeeeeeabccccccccccccccccccccc
eeeeeeeeeeeeeeeeeeeeeeeeeeeeabccccccccccccccccccccc
eeeeeeeeeeeeeeeeeeeeeeeeeeeeabccccccccccccccccccccc
eeeeeeeeeeeeeeeeeeeeeeeeeeeeabccccccccccccccccccccc
eeeeeeeeeeeeeeeeeeeeeeeeeeeeabccccccccccccccccccccc
eeeeeeeeeeeeeeeeeeeeeeeeeeeeabccccccccccccccccccccc
eeeeeeeeeeeeeeeeeeeeeeeeeeeeabccccccccccccccccccccc
eeeeeeeeeeeeeeeeeeeeeeeeeeeeabcccccccccccccccccccccabccccccccccccccccccccc
eeeeeeeeeeeeeeeeeeeeeeeeeeee
abccccccccccccccccccccc
eeeeeeeeeeeeeeeeeeeeeeeeeeee
abccccccccccccccccccccc
eeeeeeeeeeeeeeecccccc
eeeeeeeeeeeeeeeeeeeeeeeeeeeeabccccccccccccccccccccc
eeeeeeeeeeeeeeeeeeeeeeeeeeeeabccccccccccccccccccccc
eeeeeeeeeeeeeeeeeeeeeeeeeeeeabccccccccccccccccccccc
eeeeeeeeeeeeeeeeeeeeeeeeeeeeabccccccccccccccccccccc
eeeeeeeeeeeeeeeeeeeeeeeeeeeeabcccccccccccccccccccccabccccccccccccccccccccc
eeeeeeeeeeeeeeeeeeeeeeeeeeee
abccccccccccccccccccccc
eeeeeeeeeeeeeeeeeeeeeeeeeeee
abccccccccccccccccccccc
eeeeeeeeeeeeeeeeeeeeeeeeeeeeabccccccccccccccccccccc
eeeeeeeeeeeeeeeeeeeeeeeeeeeeabccccccccccccccccccccc
eeeeeeeeeeeeeeeeeeeeeeeeeeeeabccccccccccccccccccccc
eeeeeeeeeeeeeeeeeeeeeeeeeeeeabccccccccccccccccccccc
eeeeeeeeeeeeeeeeeeeeeeeeeeeeabccccccccccccccccccccc
eeeeeeeeeeeeeeeeeeeeeeeeeeeeabccccccccccccccccccccc
eeeeeeeeeeeeeeeeeeeee
eeeeeeeeeeeeeeeeeeeeeeeeeeee
abccccccccccccccccccccc
eeeeeeeeeeeeeeeeeeeeeeeeeeeeabccccccccccccccccccccc
eeeeeeeeeeeeeeeeeeeeeeeeeeeeabccccccccccccccccccccc
eeeeeeeeeeeeeeeeeeeeeeeeeeeeabccccccccccccccccccccc
eeeeeeeeeeeeeeeeeeeeeeeeeeeeabccccccccccccccccccccc
eeeeeeeeeeeeeeeeeeeeeeeeeeeeabccccccccccccccccccccc
eeeeeeeeeeeeeeeeeeeeeeeeeeeeabccccccccccccccccccccc
eeeeeeeeeeeeeeeeeeeeeeeeeeeeabccccccccccccccccccccc
eeeeeeeeeeeeeeeeeeeeeeeeeeeeabccccccccccccccccccccc
eeeeeeeeeeeeeeeeeeeeeeeeeeeeabccccccccccccccccccccc
eeeeeeeeeeeeeeeeeeeeeeeeeeeeabccccccccccccccccccccc
eeeeeeeeeeeeeeeeeeecccccccccc
eeeeeeeeeeeeeeeeeeeeeeeeeeeeabccccccccccccccccccccc
eeeeeeeeeeeeeeeeeeeeeeeeeeeeabccccccccccccccccccccc
eeeeeeeeeeeeeeeeeeeeeeeeeeeeabccccccccccccccccccccc
eeeeeeeeeeeeeeeeeeeeeeeeeeeeabcccccccccccccccccccccabccccccccccccccccccccc
eeeeeeeeeeeeeeeeeeeeeeeeeeee
abccccccccccccccccccccc
eeeeeeeeeeeeeeeeeeeeeeeeeeee
abccccccccccccccccccccc
eeeeeeeeeeeeeeeeeeeeeeeeeeeeabccccccccccccccccccccc
eeeeeeeeeeeeeeeeeeeeeeeeeeeeabccccccccccccccccccccc
eeeeeeeeeeeeeeeeeeeeeeeeeeeeabccccccccccccccccccccc
eeeeeeeeeeeeeeeeeeeeeeeeeeeeabccccccccccccccccccccc
eeeeeeeeeeeeeeeeeeeeeeeeeeeeabccccccccccccccccccccc
eeeeeeeeeeeeeeeeeeeeeeeeeeeeabccccccccccccccccccccc
eeeeeeeeeeeeeeeeeeeeeeeeeeeeabccccccccccccccccccccc
eeeeeeeeeeeeeeeeeeeeeeeeeeeeabccccccccccccccccccccc
eeeeeeeeeeeeeeeeeeeeeeeeeeeeabccccccccccccccccccccc
eeeeeeeeeeeeeeeeeeeeeeeeeeeeabccccccccccccccccccccc
eeeeeeeeeeeeeeeeeeeeeeeeeeeeabccccccccccccccccccccc
eeeeeeeeeeeeeeeeeeeeeeeeeeeeabcccccccccccccccccccccabccccccccccccccccccccc
eeeeeeeeeeeeeeeeeeeeeeeeeeee
abccccccccccccccccccccc
eeeeeeeeeeeeeeeeeeeeeeeeeeee
abccccccccccccccccccccc
eeeeeeeeeeeeeeeeeeeeeeeeeeeeabccc
eeeeeeeeeeeeeeeeeeeeeeeeeeeeabccccccccccccccccccccc
eeeeeeeeeeeeeeeeeeeeeeeeeeeeabccccccccccccccccccccc
eeeeeeeeeeeeeeeeeeeeeeeeeeeeabcccccccccccccccccccccabccccccccccccccccccccc
eeeeeeeeeeeeeeeeeeeeeeeeeeee
abccccccccccccccccccccc
eeeeeeeeeeeeeeeeeeeeeeeeeeee
abccccccccccccccccccccc
eeeeeeeeeeeeeeeeeeeeeeeeeeeeabcccccccccc
eeeeeeeeeeeeeeeeeeeeeeeeeeeeabccccccccccccccccccccc
eeeeeeeeeeeeeeeeeeeeeeeeeeeeabccccccccccccccccccccc
eeeeeeeeeeeeeeeeeeeeeeeeeeeeabccccccccccccccccccccc
eeeeeeeeeeeeeeeeeeeeeeeeeeeeabccccccccccccccccccccc
eeeeeeeeeeeeeeeeeeeeeeeeeeeeabccccccccccccccccccccc
eeeeeeeeeeeeeeeeeeeeeeeeeeeeabccccccccccccccccccccc
eeeeeeeeeeeeeeeeeeeeeeeeeeeeabccccccccccccccccccccc
eeeeeeeeeeeeeeeeeeeeeeeeeeeeabcccccccccccccccccccccabccccccccccccccccccccc
eeeeeeeeeeeeeeeeeeeeeeeeeeee
abccccccccccccccccccccc
eeeeeeeeeeeeeeeeeeeeeeeeeeee
abccccccccccccccccccccc
eeeeeeeeeeeeeeeeeeeeeeeeeeeeabccccccccccccccccccccc
eeeeeeeeeeeeeeeeeeeeeeeeeeeeabccccccccccccccccccccc
eeeeeeeeeeeeeeeeeeeeeeeeeeeeabccccccccccccccccccccc
eeeeeeeeeeeeeeeeeeeeeeeeeeeeabccccccccccccccccccccc
eeeeeeeeeeeeeeeeeeeeeeeeeeeeabccccccccccccccccccccc
eeeeeeeeeeeeeeeeeeeeeeeeeeeeabccccccccccccccccccccc
eeeeeeeeeeeeeeeeeeeeeeeeeeeeabccccccccccccccccccccc
eeeeeeeeeeeeeeeeeeeeeeeeeeeeabccccccccccccccccccccc
eeeeeeeeeeeeeeeeeeeeeeeeeeeeabccccccccccccccccccccc
eeeeeeeeeeeeeeeeeeeeeeeeeeeeabccccccccccccccccccccc
eeeeeeeeeeeeeeeeeeeeeeeeeeeeabccccccccccccccccccccc
eeeeeeeeeeeeeeeeeeeeeeeeeeeeabcccccccccccccccccccccabccccccccccccccccccccc
eeeeeeeeeeeeeeeeeeeeeeeeeeee
abccccccccccccccccccccc
eeeeeeeeeeeeeeeeeeeeeeeeeeee
abccccccccccccccccccccc
eeeeeeeeeeeeeeeeeeeeeeeeeeeeabccccccccccccccccccccc
eeeeeeeeeeeeeeeeeeeeeeeeeeeeabccccccccccccccccccccc
eeeeeeeeeeeeeeeeeeeeeeeeeeeeabccccccccccccccccccccc
eeeeeeeeeeeeeeeeeeeeeeeeeeeeabccccccccccccccccccccc
eeeeeeeeeeeeeeeeeeeeeeeeeeeeabccccccccccccccccccccc
eeeeeeeeeeeeeeeeeeeeeeeeeeeeabccccccccccccccccccccc
eeeeeeeeeeeeeeeeeeeeeeeeeeeeabccccccccccccccccccccc
eeeeeeeeeeeeeeeeeeeeeeeeeeeeabccccccccccccccccccccc
eeeeeeeeeeeeeeeeeeeeeeeeeeeeabccccccccccccccccccccc
eeeeeeeeeeeeeeeeeeeeeeeeeeeeabccccccccccccccccccccc
eeeeeeeeeeeeeeeeeeeeeeeeeeeeabccccccccccccccccccccc
eeeeeeeeeeeeeeeeeeeeeeeeeeeeabcccccccccccccccccccccabccccccccccccccccccccc
eeeeeeeeeeeeeeeeeeeeeeeeeeee
abccccccccccccccccccccc
eeeeeeeeeeeeeeeeeeeeeeeeeeee
abccccccccccccccccccccc
eeeeeeeeeeeeeeeeeeeeeeeeeeeeabccccccccccccccccccccc
eeeeeeeeeeeeeeeeeeeeeeeeeeeeabccccccccccccccccccccc
eeeeeeeeeeeeeeeeeeeeeeeeeeeeabccccccccccccccccccccc
eeeeeeeeeeeeeeeeeeeeeeeeeeeeabccccccccccccccccccccc
eeeeeeeeeeeeeeeeeeeeeeeeeeeeabccccccccccccccccccccc
eeeeeeeeeeeeeeeeeeeeeeeeeeeeabccccccccccccccccccccc
eeeeeeeeeeeeeeeeeeeeeeeeeeeeabccccccccccccccccccccc
eeeeeeeeeeeeeeeeeeeeeeeeeeeeabccccccccccccccccccccc
eeeeeeeeeeeeeeeeeeeeeeeeeeeeabccccccccccccccccccccc
eeeeeeeeeeeeeeeeeeeeeeeeeeeeabccccccccccccccccccccc
eeeeeeeeeeeeeeeeeeeeeeeeeeeeabccccccccccccccccccccc
eeeeeeeeeeeeeeeeeeeeeeeeeeeeabcccccccccccccccccccccabccccccccccccccccccccc
eeeeeeeeeeeeeeeeeeeeeeeeeeee
abccccccccccccccccccccc
eeeeeeeeeeeeeeeeeeeeeeeeeeee
abccccccccccccccccccccc
eeeeeeeeeeeeeeeeeeeeeeeeeeeeabccccccccccccccccccccc
eeeeeeeeeeeeeeeeeeeeeeeeeeeeabccccccccccccccccccccc
eeeeeeeeeeeeeeeeeeeeeeeeeeeeabccccccccccccccccccccc
eeeeeeeeeeeeeeeeeeeeeeeeeeeeabccccccccccccccccccccc
eeeeeeeeeeeeeeeeeeeeeeeeeeeeabccccccccccccccccccccc
eeeeeeeeeeeeeeeeeeeeeeeeeeeeabccccccccccccccccccccc
eeeeeeeeeeeeeeeeeeeeeeeeeeeeabccccccccccccccccccccc
eeeeeeeeeeeeeeeeeeeeeeeeeeeeabccccccccccccccccccccc
eeeeeeeeeeeeeeeeeeeeeeeeeeeeabccccccccccccccccccccc
eeeeeeeeeeeeeeeeeeeeeeeeeeeeabccccccccccccccccccccc
eeeeeeeeeeeeeeeeeeeeeeeeeeeeabccccccccccccccccccccc
eeeeeeeeeeeeeeeeeeeeeeeeeeeeabcccccccccccccccccccccabccccccccccccccccccccc
eeeeeeeeeeeeeeeeeeeeeeeeeeee
abccccccccccccccccccccc
eeeeeeeeeeeeeeeeeeeeeeeeeeee
abccccccccccccccccccccc
eeeeeeeeeeeeeeeeeeeeeeeeeeeeabccccccccccccccccccccc
eeeeeeeeeeeeeeeeeeeeeeeeeeeeabccccccccccccccccccccc
eeeeeeeeeeeeeeeeeeeeeeeeeeeeabccccccccccccccccccccc
eeeeeeeeeeeeeeeeeeeeeeeeeeeeabccccccccccccccccccccc
eeeeeeeeeeeeeeeeeeeeeeeeeeeeabccccccccccccccccccccc
eeeeeeeeeeeeeeeeeeeeeeeeeeeeabccccccccccccccccccccccccccccccccceeeeeeeeeeabccccccccccccccccccccc
eeeeeeeeeeeeeeeeeeeeeeeeeeeeabcccccccccccccccccccccabccccccccccccccccccccc
eeeeeeeeeeeeeeeeeeeeeeeeeeee
abccccccccccccccccccccc
eeeeeeeeeeeeeeeeeeeeeeeeeeee
abccccccccccccccccccccc
eeeeeeeeeeeeeeeeeeeeeeeeeeeeabccccccccccccccccccccceeeeeeeeeeabccccccccccccccccccccc
eeeeeeeeeeeeeeeeeeeeeeeeeeeeabcccccccccccccccccccccabccccccccccccccccccccc
eeeeeeeeeeeeeeeeeeeeeeeeeeee
abccccccccccccccccccccc
eeeeeeeeeeeeeeeeeeeeeeeeeeee
abccccccccccccccccccccc
eeeeeeeeeeeeeeeeeeeeeeeeeeeeabccccccccccccccccccccceeeeeeeeeeabccccccccccccccccccccc
eeeeeeeeeeeeeeeeeeeeeeeeeeeeabcccccccccccccccccccccabccccccccccccccccccccc
eeeeeeeeeeeeeeeeeeeeeeeeeeee
abccccccccccccccccccccc
eeeeeeeeeeeeeeeeeeeeeeeeeeee
abccccccccccccccccccccc
eeeeeeeeeeeeeeeeeeeeeeeeeeeeabccccccccccccccccccccc
eeeeeeeeeeeeeeeeeeeeeeeeeeee
abccccccccccccccccccccc
eeeeeeeeeeeeeeeeeeeeeeeeeeeeabccccccccccccccccccccceeeeeeeeeeabccccccccccccccccccccc
eeeeeeeeeeeeeeeeeeeeeeeeeeeeabcccccccccccccccccccccabccccccccccccccccccccc
eeeeeeeeeeeeeeeeeeeeeeeeeeee
abccccccccccccccccccccc
eeeeeeeeeeeeeeeeeeeeeeeeeeee
abccccccccccccccccccccc
eeeeeeeeeeeeeeeeeeeeeeeeeeeeabccccccccccccccccccccccccccccccccccccccc
eeeeeeeeeeeeeeeeeeeeeeeeeeeeabcccccccccccccccccccccabccccccccccccccccccccc
eeeeeeeeeeeeeeeeeeeeeeeeeeee
abccccccccccccccccccccc
eeeeeeeeeeeeeeeeeeeeeeeeeeee
abccccccccccccccccccccc
eeeeeeeeeeeeeeeeeeeeeeeeeeeeabccccccccccccccccccccc
eeeeeeeeeeeeeeeeeeeeeeeeeeee
abccccccccccccccccccccc
eeeeeeeeeeeeeeeeeeeeeeeeeeeeabccccccccccccccccccccc
eeeeeeeeeeeeeeeeeeeeeeeeeeeeabccccccccccccccccccccc
eeeeeeeeeeeeeeeeeeeeeeeeeeeeabccccccccccccccccccccc
eeeeeeeeeeeeeeeeeeeeeeeeeeeeabccccccccccccccccccccc
eeeeeeeeeeeeeeeeeeeeeeeeeeeeabccccccccccccccccccccc
eeeeeeeeeeeeeeeeeeeeeeeeeeeeabccccccccccccccccccccc
eeeeeeeeeeeeeeeeeeeeeeeeeeeeabccccccccccccccccccccc
eeeeeeeeeeeeeeeeeeeeeeeeeeeeabccccccccccccccccccccc
eeeeeeeeeeeeeeeeeeeeeeeeeeeeabccccccccccccccccccccc
eeeeeeeeeeeeeeeeeeeeeeeeeeeeabccccccccccccccccccccc
eeeeeeeeeeeeeeeeeeeeeeeeeeeeabccccccccccccccccccccc
eeeeeeeeeeeeeeeeeeeeeeeeeeeeabcccccccccccccccccccccabccccccccccccccccccccc
eeeeeeeeeeeeeeeeeeeeeeeeeeee
abccccccccccccccccccccc
eeeeeeeeeeeeeeeeeeeeeeeeeeee
abccccccccccccccccccccc
eeeeeeeeeeeeeeeeeeeeeeeeeeeeabccccccccccccccccccccc
eeeeeeeeeeeeeeeeeeeeeeeeeeeeabccccccccccccccccccccc
eeeeeeeeeeeeeeeeeeeeeeeeeeeeabccccccccccccccccccccc
eeeeeeeeeeeeeeeeeeeeeeeeeeeeabccccccccccccccccccccc
eeeeeeeeeeeeeeeeeeeeeeeeeeeeabccccccccccccccccccccc
eeeeeeeeeeeeeeeeeeeeeeeeeeeeabccccccccccccccccccccc
eeeeeeeeeeeeeeeeeeeeeeeeeeeeabccccccccccccccccccccc
eeeeeeeeeeeeeeeeeeeeeeeeeeeeabccccccccccccccccccccc
eeeeeeeeeeeeeeeeeeeeeeeeeeeeabccccccccccccccccccccc
eeeeeeeeeeeeeeeeeeeeeeeeeeeeabccccccccccccccccccccc
eeeeeeeeeeeeeeeeeeeeeeeeeeeeabccccccccccccccccccccc
eeeeeeeeeeeeeeeeeeeeeeeeeeeeabccccccccccccccccccccc
eeeeeeeeeeeeeeeeeeeeeeeeeeeeabccccccccccccccccccccc
eeeeeeeeeeeeeeeeeeeeeeeeeeeeabccccccccccccccccccccc
eeeeeeeeeeeeeeeeeeeeeeeeeeeeabccccccccccccccccccccc
eeeeeeeeeeeeeeeeeeeeeeeeeeeeabccccccccccccccccccccc
eeeeeeeeeeeeeeeeeeeeeeeeeeeeabccccccccccccccccccccc
eeeeeeeeeeeeeeeeeeeeeeeeeeeeabccccccccccccccccccccc
eeeeeeeeeeeeeeeeeeeeeeeeeeeeabccccccccccccccccccccc
eeeeeeeeeeeeeeeeeeeeeeeeeeeeabccccccccccccccccccccc
eeeeeeeeeeeeeeeeeeeeeeeeeeeeabccccccccccccccccccccc
eeeeeeeeeeeeeeeeeeeeeeeeeeeeabccccccccccccccccccccc
eeeeeeeeeeeeeeeeeeeeeeeeeeeeabccccccccccccccccccccc
eeeeeeeeeeeeeeeeeeeeeeeeeeeeabcccccccccccccccccccccabccccccccccccccccccccc
eeeeeeeeeeeeeeeeeeeeeeeeeeee
abccccccccccccccccccccc
eeeeeeeeeeeeeeeeeeeeeeeeeeee
abccccccccccccccccccccc
eeeeeeeeeeeeeeecccccc
eeeeeeeeeeeeeeeeeeeeeeeeeeeeabccccccccccccccccccccc
eeeeeeeeeeeeeeeeeeeeeeeeeeeeabccccccccccccccccccccc
eeeeeeeeeeeeeeeeeeeeeeeeeeeeabccccccccccccccccccccc
eeeeeeeeeeeeeeeeeeeeeeeeeeeeabccccccccccccccccccccc
eeeeeeeeeeeeeeeeeeeeeeeeeeeeabcccccccccccccccccccccabccccccccccccccccccccc
eeeeeeeeeeeeeeeeeeeeeeeeeeee
abccccccccccccccccccccc
eeeeeeeeeeeeeeeeeeeeeeeeeeee
abccccccccccccccccccccc
eeeeeeeeeeeeeeeeeeeeeeeeeeeeabccccccccccccccccccccc
eeeeeeeeeeeeeeeeeeeeeeeeeeeeabccccccccccccccccccccc
eeeeeeeeeeeeeeeeeeeeeeeeeeeeabccccccccccccccccccccc
eeeeeeeeeeeeeeeeeeeeeeeeeeeeabccccccccccccccccccccc
eeeeeeeeeeeeeeeeeeeeeeeeeeeeabccccccccccccccccccccc
eeeeeeeeeeeeeeeeeeeeeeeeeeeeabccccccccccccccccccccc
eeeeeeeeeeeeeeeeeeeee
eeeeeeeeeeeeeeeeeeeeeeeeeeee
abccccccccccccccccccccc
eeeeeeeeeeeeeeeeeeeeeeeeeeeeabccccccccccccccccccccc
eeeeeeeeeeeeeeeeeeeeeeeeeeeeabccccccccccccccccccccc
eeeeeeeeeeeeeeeeeeeeeeeeeeeeabccccccccccccccccccccc
eeeeeeeeeeeeeeeeeeeeeeeeeeeeabccccccccccccccccccccc
eeeeeeeeeeeeeeeeeeeeeeeeeeeeabccccccccccccccccccccc
eeeeeeeeeeeeeeeeeeeeeeeeeeeeabccccccccccccccccccccc
eeeeeeeeeeeeeeeeeeeeeeeeeeeeabccccccccccccccccccccc
eeeeeeeeeeeeeeeeeeeeeeeeeeeeabccccccccccccccccccccc
eeeeeeeeeeeeeeeeeeeeeeeeeeeeabccccccccccccccccccccc
eeeeeeeeeeeeeeeeeeeeeeeeeeeeabccccccccccccccccccccc
eeeeeeeeeeeeeeeeeeecccccccccc
eeeeeeeeeeeeeeeeeeeeeeeeeeeeabccccccccccccccccccccc
eeeeeeeeeeeeeeeeeeeeeeeeeeeeabccccccccccccccccccccc
eeeeeeeeeeeeeeeeeeeeeeeeeeeeabccccccccccccccccccccc
eeeeeeeeeeeeeeeeeeeeeeeeeeeeabcccccccccccccccccccccabccccccccccccccccccccc
eeeeeeeeeeeeeeeeeeeeeeeeeeee
abccccccccccccccccccccc
eeeeeeeeeeeeeeeeeeeeeeeeeeee
abccccccccccccccccccccc
eeeeeeeeeeeeeeeeeeeeeeeeeeeeabccccccccccccccccccccc
eeeeeeeeeeeeeeeeeeeeeeeeeeeeabccccccccccccccccccccc
eeeeeeeeeeeeeeeeeeeeeeeeeeeeabccccccccccccccccccccc
eeeeeeeeeeeeeeeeeeeeeeeeeeeeabccccccccccccccccccccc
eeeeeeeeeeeeeeeeeeeeeeeeeeeeabccccccccccccccccccccc
eeeeeeeeeeeeeeeeeeeeeeeeeeeeabccccccccccccccccccccc
eeeeeeeeeeeeeeeeeeeeeeeeeeeeabccccccccccccccccccccc
eeeeeeeeeeeeeeeeeeeeeeeeeeeeabccccccccccccccccccccc
eeeeeeeeeeeeeeeeeeeeeeeeeeeeabccccccccccccccccccccc
eeeeeeeeeeeeeeeeeeeeeeeeeeeeabccccccccccccccccccccc
eeeeeeeeeeeeeeeeeeeeeeeeeeeeabccccccccccccccccccccc
eeeeeeeeeeeeeeeeeeeeeeeeeeeeabcccccccccccccccccccccabccccccccccccccccccccc
eeeeeeeeeeeeeeeeeeeeeeeeeeee
abccccccccccccccccccccc
eeeeeeeeeeeeeeeeeeeeeeeeeeee
abccccccccccccccccccccc
eeeeeeeeeeeeeeeeeeeeeeeeeeeeabccc
eeeeeeeeeeeeeeeeeeeeeeeeeeeeabccccccccccccccccccccc
eeeeeeeeeeeeeeeeeeeeeeeeeeeeabccccccccccccccccccccc
eeeeeeeeeeeeeeeeeeeeeeeeeeeeabcccccccccccccccccccccabccccccccccccccccccccc
eeeeeeeeeeeeeeeeeeeeeeeeeeee
abccccccccccccccccccccc
eeeeeeeeeeeeeeeeeeeeeeeeeeee
abccccccccccccccccccccc
eeeeeeeeeeeeeeeeeeeeeeeeeeeeabcccccccccc
eeeeeeeeeeeeeeeeeeeeeeeeeeeeabccccccccccccccccccccc
eeeeeeeeeeeeeeeeeeeeeeeeeeeeabccccccccccccccccccccc
eeeeeeeeeeeeeeeeeeeeeeeeeeeeabccccccccccccccccccccc
eeeeeeeeeeeeeeeeeeeeeeeeeeeeabccccccccccccccccccccc
eeeeeeeeeeeeeeeeeeeeeeeeeeeeabccccccccccccccccccccc
eeeeeeeeeeeeeeeeeeeeeeeeeeeeabccccccccccccccccccccc
eeeeeeeeeeeeeeeeeeeeeeeeeeeeabccccccccccccccccccccc
eeeeeeeeeeeeeeeeeeeeeeeeeeeeabcccccccccccccccccccccabccccccccccccccccccccc
eeeeeeeeeeeeeeeeeeeeeeeeeeee
abccccccccccccccccccccc
eeeeeeeeeeeeeeeeeeeeeeeeeeee
abccccccccccccccccccccc
eeeeeeeeeeeeeeeeeeeeeeeeeeeeabccccccccccccccccccccc
eeeeeeeeeeeeeeeeeeeeeeeeeeeeabccccccccccccccccccccc
eeeeeeeeeeeeeeeeeeeeeeeeeeeeabccccccccccccccccccccc
eeeeeeeeeeeeeeeeeeeeeeeeeeeeabccccccccccccccccccccc
eeeeeeeeeeeeeeeeeeeeeeeeeeeeabccccccccccccccccccccc
eeeeeeeeeeeeeeeeeeeeeeeeeeeeabccccccccccccccccccccc
eeeeeeeeeeeeeeeeeeeeeeeeeeeeabccccccccccccccccccccc
eeeeeeeeeeeeeeeeeeeeeeeeeeeeabccccccccccccccccccccc
eeeeeeeeeeeeeeeeeeeeeeeeeeeeabccccccccccccccccccccc
eeeeeeeeeeeeeeeeeeeeeeeeeeeeabccccccccccccccccccccc
eeeeeeeeeeeeeeeeeeeeeeeeeeeeabccccccccccccccccccccc
eeeeeeeeeeeeeeeeeeeeeeeeeeeeabcccccccccccccccccccccabccccccccccccccccccccc
eeeeeeeeeeeeeeeeeeeeeeeeeeee
abccccccccccccccccccccc
eeeeeeeeeeeeeeeeeeeeeeeeeeee
abccccccccccccccccccccc
eeeeeeeeeeeeeeeeeeeeeeeeeeeeabccccccccccccccccccccc
eeeeeeeeeeeeeeeeeeeeeeeeeeeeabccccccccccccccccccccc
eeeeeeeeeeeeeeeeeeeeeeeeeeeeabccccccccccccccccccccc
eeeeeeeeeeeeeeeeeeeeeeeeeeeeabccccccccccccccccccccc
eeeeeeeeeeeeeeeeeeeeeeeeeeeeabccccccccccccccccccccc
eeeeeeeeeeeeeeeeeeeeeeeeeeeeabccccccccccccccccccccc
eeeeeeeeeeeeeeeeeeeeeeeeeeeeabccccccccccccccccccccc
eeeeeeeeeeeeeeeeeeeeeeeeeeeeabccccccccccccccccccccc
eeeeeeeeeeeeeeeeeeeeeeeeeeeeabccccccccccccccccccccc
eeeeeeeeeeeeeeeeeeeeeeeeeeeeabccccccccccccccccccccc
eeeeeeeeeeeeeeeeeeeeeeeeeeeeabccccccccccccccccccccc
eeeeeeeeeeeeeeeeeeeeeeeeeeeeabcccccccccccccccccccccabccccccccccccccccccccc
eeeeeeeeeeeeeeeeeeeeeeeeeeee
abccccccccccccccccccccc
eeeeeeeeeeeeeeeeeeeeeeeeeeee
abccccccccccccccccccccc
eeeeeeeeeeeeeeeeeeeeeeeeeeeeabccccccccccccccccccccc
eeeeeeeeeeeeeeeeeeeeeeeeeeeeabccccccccccccccccccccc
eeeeeeeeeeeeeeeeeeeeeeeeeeeeabccccccccccccccccccccc
eeeeeeeeeeeeeeeeeeeeeeeeeeeeabccccccccccccccccccccc
eeeeeeeeeeeeeeeeeeeeeeeeeeeeabccccccccccccccccccccc
eeeeeeeeeeeeeeeeeeeeeeeeeeeeabccccccccccccccccccccc
eeeeeeeeeeeeeeeeeeeeeeeeeeeeabccccccccccccccccccccc
eeeeeeeeeeeeeeeeeeeeeeeeeeeeabccccccccccccccccccccc
eeeeeeeeeeeeeeeeeeeeeeeeeeeeabccccccccccccccccccccc
eeeeeeeeeeeeeeeeeeeeeeeeeeeeabccccccccccccccccccccc
eeeeeeeeeeeeeeeeeeeeeeeeeeeeabccccccccccccccccccccc
eeeeeeeeeeeeeeeeeeeeeeeeeeeeabcccccccccccccccccccccabccccccccccccccccccccc
eeeeeeeeeeeeeeeeeeeeeeeeeeee
abccccccccccccccccccccc
eeeeeeeeeeeeeeeeeeeeeeeeeeee
abccccccccccccccccccccc
eeeeeeeeeeeeeeeeeeeeeeeeeeeeabccccccccccccccccccccc
eeeeeeeeeeeeeeeeeeeeeeeeeeeeabccccccccccccccccccccc
eeeeeeeeeeeeeeeeeeeeeeeeeeeeabccccccccccccccccccccc
eeeeeeeeeeeeeeeeeeeeeeeeeeeeabccccccccccccccccccccc
eeeeeeeeeeeeeeeeeeeeeeeeeeeeabccccccccccccccccccccc
eeeeeeeeeeeeeeeeeeeeeeeeeeeeabccccccccccccccccccccc
eeeeeeeeeeeeeeeeeeeeeeeeeeeeabccccccccccccccccccccc
eeeeeeeeeeeeeeeeeeeeeeeeeeeeabccccccccccccccccccccc
eeeeeeeeeeeeeeeeeeeeeeeeeeeeabccccccccccccccccccccccccccccccccceeeeeeeeeeabccccccccccccccccccccc
eeeeeeeeeeeeeeeeeeeeeeeeeeeeabcccccccccccccccccccccabccccccccccccccccccccc
eeeeeeeeeeeeeeeeeeeeeeeeeeee
abccccccccccccccccccccc
eeeeeeeeeeeeeeeeeeeeeeeeeeee
abccccccccccccccccccccc
eeeeeeeeeeeeeeeeeeeeeeeeeeeeabccccccccccccccccccccceeeeeeeeeeabccccccccccccccccccccc
eeeeeeeeeeeeeeeeeeeeeeeeeeeeabcccccccccccccccccccccabccccccccccccccccccccc
eeeeeeeeeeeeeeeeeeeeeeeeeeee
abccccccccccccccccccccc
eeeeeeeeeeeeeeeeeeeeeeeeeeee
abccccccccccccccccccccc
eeeeeeeeeeeeeeeeeeeeeeeeeeeeabccccccccccccccccccccceeeeeeeeeeabccccccccccccccccccccc
eeeeeeeeeeeeeeeeeeeeeeeeeeeeabcccccccccccccccccccccabccccccccccccccccccccc
eeeeeeeeeeeeeeeeeeeeeeeeeeee
abccccccccccccccccccccc
eeeeeeeeeeeeeeeeeeeeeeeeeeee
abccccccccccccccccccccc
eeeeeeeeeeeeeeeeeeeeeeeeeeeeabccccccccccccccccccccc
eeeeeeeeeeeeeeeeeeeeeeeeeeee
abccccccccccccccccccccc
eeeeeeeeeeeeeeeeeeeeeeeeeeeeabccccccccccccccccccccceeeeeeeeeeabccccccccccccccccccccc
eeeeeeeeeeeeeeeeeeeeeeeeeeeeabcccccccccccccccccccccabccccccccccccccccccccc
eeeeeeeeeeeeeeeeeeeeeeeeeeee
abccccccccccccccccccccc
eeeeeeeeeeeeeeeeeeeeeeeeeeee
abccccccccccccccccccccc
eeeeeeeeeeeeeeeeeeeeeeeeeeeeabccccccccccccccccccccccccccccccccccccccc
eeeeeeeeeeeeeeeeeeeeeeeeeeeeabcccccccccccccccccccccabccccccccccccccccccccc
eeeeeeeeeeeeeeeeeeeeeeeeeeee
abccccccccccccccccccccc
eeeeeeeeeeeeeeeeeeeeeeeeeeee
abccccccccccccccccccccc
eeeeeeeeeeeeeeeeeeeeeeeeeeeeabccccccccccccccccccccc
eeeeeeeeeeeeeeeeeeeeeeeeeeee
abccccccccccccccccccccc
eeeeeeeeeeeeeeeeeeeeeeeeeeeeabccccccccccccccccccccc
eeeeeeeeeeeeeeeeeeeeeeeeeeeeabccccccccccccccccccccc
eeeeeeeeeeeeeeeeeeeeeeeeeeeeabccccccccccccccccccccc
eeeeeeeeeeeeeeeeeeeeeeeeeeeeabccccccccccccccccccccc
eeeeeeeeeeeeeeeeeeeeeeeeeeeeabccccccccccccccccccccc
eeeeeeeeeeeeeeeeeeeeeeeeeeeeabccccccccccccccccccccc
eeeeeeeeeeeeeeeeeeeeeeeeeeeeabccccccccccccccccccccc
eeeeeeeeeeeeeeeeeeeeeeeeeeeeabccccccccccccccccccccc
eeeeeeeeeeeeeeeeeeeeeeeeeeeeabccccccccccccccccccccc
eeeeeeeeeeeeeeeeeeeeeeeeeeeeabccccccccccccccccccccc
eeeeeeeeeeeeeeeeeeeeeeeeeeeeabccccccccccccccccccccc
eeeeeeeeeeeeeeeeeeeeeeeeeeeeabcccccccccccccccccccccabccccccccccccccccccccc
eeeeeeeeeeeeeeeeeeeeeeeeeeee
abccccccccccccccccccccc
eeeeeeeeeeeeeeeeeeeeeeeeeeee
abccccccccccccccccccccc
eeeeeeeeeeeeeeeeeeeeeeeeeeeeabccccccccccccccccccccc
eeeeeeeeeeeeeeeeeeeeeeeeeeeeabccccccccccccccccccccc
eeeeeeeeeeeeeeeeeeeeeeeeeeeeabccccccccccccccccccccc
eeeeeeeeeeeeeeeeeeeeeeeeeeeeabccccccccccccccccccccc
eeeeeeeeeeeeeeeeeeeeeeeeeeeeabccccccccccccccccccccc
eeeeeeeeeeeeeeeeeeeeeeeeeeeeabccccccccccccccccccccc
eeeeeeeeeeeeeeeeeeeeeeeeeeeeabccccccccccccccccccccc
eeeeeeeeeeeeeeeeeeeeeeeeeeeeabccccccccccccccccccccc
eeeeeeeeeeeeeeeeeeeeeeeeeeeeabccccccccccccccccccccc
eeeeeeeeeeeeeeeeeeeeeeeeeeeeabccccccccccccccccccccc
eeeeeeeeeeeeeeeeeeeeeeeeeeeeabccccccccccccccccccccc
eeeeeeeeeeeeeeeeeeeeeeeeeeeeabccccccccccccccccccccc
eeeeeeeeeeeeeeeeeeeeeeeeeeeeabccccccccccccccccccccc
eeeeeeeeeeeeeeeeeeeeeeeeeeeeabccccccccccccccccccccc
eeeeeeeeeeeeeeeeeeeeeeeeeeeeabccccccccccccccccccccc
eeeeeeeeeeeeeeeeeeeeeeeeeeeeabccccccccccccccccccccc
eeeeeeeeeeeeeeeeeeeeeeeeeeeeabccccccccccccccccccccc
eeeeeeeeeeeeeeeeeeeeeeeeeeeeabccccccccccccccccccccc
eeeeeeeeeeeeeeeeeeeeeeeeeeeeabccccccccccccccccccccc
eeeeeeeeeeeeeeeeeeeeeeeeeeeeabccccccccccccccccccccc
eeeeeeeeeeeeeeeeeeeeeeeeeeeeabccccccccccccccccccccc
eeeeeeeeeeeeeeeeeeeeeeeeeeeeabccccccccccccccccccccc
eeeeeeeeeeeeeeeeeeeeeeeeeeeeabccccccccccccccccccccc
eeeeeeeeeeeeeeeeeeeeeeeeeeeeabcccccccccccccccccccccabccccccccccccccccccccc
eeeeeeeeeeeeeeeeeeeeeeeeeeee
abccccccccccccccccccccc
eeeeeeeeeeeeeeeeeeeeeeeeeeee
abccccccccccccccccccccc
eeeeeeeeeeeeeeecccccc
eeeeeeeeeeeeeeeeeeeeeeeeeeeeabccccccccccccccccccccc
eeeeeeeeeeeeeeeeeeeeeeeeeeeeabccccccccccccccccccccc
eeeeeeeeeeeeeeeeeeeeeeeeeeeeabccccccccccccccccccccc
eeeeeeeeeeeeeeeeeeeeeeeeeeeeabccccccccccccccccccccc
eeeeeeeeeeeeeeeeeeeeeeeeeeeeabcccccccccccccccccccccabccccccccccccccccccccc
eeeeeeeeeeeeeeeeeeeeeeeeeeee
abccccccccccccccccccccc
eeeeeeeeeeeeeeeeeeeeeeeeeeee
abccccccccccccccccccccc
eeeeeeeeeeeeeeeeeeeeeeeeeeeeabccccccccccccccccccccc
eeeeeeeeeeeeeeeeeeeeeeeeeeeeabccccccccccccccccccccc
eeeeeeeeeeeeeeeeeeeeeeeeeeeeabccccccccccccccccccccc
eeeeeeeeeeeeeeeeeeeeeeeeeeeeabccccccccccccccccccccc
eeeeeeeeeeeeeeeeeeeeeeeeeeeeabccccccccccccccccccccc
eeeeeeeeeeeeeeeeeeeeeeeeeeeeabccccccccccccccccccccc
eeeeeeeeeeeeeeeeeeeee
eeeeeeeeeeeeeeeeeeeeeeeeeeee
abccccccccccccccccccccc
eeeeeeeeeeeeeeeeeeeeeeeeeeeeabccccccccccccccccccccc
eeeeeeeeeeeeeeeeeeeeeeeeeeeeabccccccccccccccccccccc
eeeeeeeeeeeeeeeeeeeeeeeeeeeeabccccccccccccccccccccc
eeeeeeeeeeeeeeeeeeeeeeeeeeeeabccccccccccccccccccccc
eeeeeeeeeeeeeeeeeeeeeeeeeeeeabccccccccccccccccccccc
eeeeeeeeeeeeeeeeeeeeeeeeeeeeabccccccccccccccccccccc
eeeeeeeeeeeeeeeeeeeeeeeeeeeeabccccccccccccccccccccc
eeeeeeeeeeeeeeeeeeeeeeeeeeeeabccccccccccccccccccccc
eeeeeeeeeeeeeeeeeeeeeeeeeeeeabccccccccccccccccccccc
eeeeeeeeeeeeeeeeeeeeeeeeeeeeabccccccccccccccccccccc
eeeeeeeeeeeeeeeeeeecccccccccc
eeeeeeeeeeeeeeeeeeeeeeeeeeeeabccccccccccccccccccccc
eeeeeeeeeeeeeeeeeeeeeeeeeeeeabccccccccccccccccccccc
eeeeeeeeeeeeeeeeeeeeeeeeeeeeabccccccccccccccccccccc
eeeeeeeeeeeeeeeeeeeeeeeeeeeeabcccccccccccccccccccccabccccccccccccccccccccc
eeeeeeeeeeeeeeeeeeeeeeeeeeee
abccccccccccccccccccccc
eeeeeeeeeeeeeeeeeeeeeeeeeeee
abccccccccccccccccccccc
eeeeeeeeeeeeeeeeeeeeeeeeeeeeabccccccccccccccccccccc
eeeeeeeeeeeeeeeeeeeeeeeeeeeeabccccccccccccccccccccc
eeeeeeeeeeeeeeeeeeeeeeeeeeeeabccccccccccccccccccccc
eeeeeeeeeeeeeeeeeeeeeeeeeeeeabccccccccccccccccccccc
eeeeeeeeeeeeeeeeeeeeeeeeeeeeabccccccccccccccccccccc
eeeeeeeeeeeeeeeeeeeeeeeeeeeeabccccccccccccccccccccc
eeeeeeeeeeeeeeeeeeeeeeeeeeeeabccccccccccccccccccccc
eeeeeeeeeeeeeeeeeeeeeeeeeeeeabccccccccccccccccccccc
eeeeeeeeeeeeeeeeeeeeeeeeeeeeabccccccccccccccccccccc
eeeeeeeeeeeeeeeeeeeeeeeeeeeeabccccccccccccccccccccc
eeeeeeeeeeeeeeeeeeeeeeeeeeeeabccccccccccccccccccccc
eeeeeeeeeeeeeeeeeeeeeeeeeeeeabcccccccccccccccccccccabccccccccccccccccccccc
eeeeeeeeeeeeeeeeeeeeeeeeeeee
abccccccccccccccccccccc
eeeeeeeeeeeeeeeeeeeeeeeeeeee
abccccccccccccccccccccc
eeeeeeeeeeeeeeeeeeeeeeeeeeeeabccc
eeeeeeeeeeeeeeeeeeeeeeeeeeeeabccccccccccccccccccccc
eeeeeeeeeeeeeeeeeeeeeeeeeeeeabccccccccccccccccccccc
eeeeeeeeeeeeeeeeeeeeeeeeeeeeabcccccccccccccccccccccabccccccccccccccccccccc
eeeeeeeeeeeeeeeeeeeeeeeeeeee
abccccccccccccccccccccc
eeeeeeeeeeeeeeeeeeeeeeeeeeee
abccccccccccccccccccccc
eeeeeeeeeeeeeeeeeeeeeeeeeeeeabcccccccccc
eeeeeeeeeeeeeeeeeeeeeeeeeeeeabccccccccccccccccccccc
eeeeeeeeeeeeeeeeeeeeeeeeeeeeabccccccccccccccccccccc
eeeeeeeeeeeeeeeeeeeeeeeeeeeeabccccccccccccccccccccc
eeeeeeeeeeeeeeeeeeeeeeeeeeeeabccccccccccccccccccccc
eeeeeeeeeeeeeeeeeeeeeeeeeeeeabccccccccccccccccccccc
eeeeeeeeeeeeeeeeeeeeeeeeeeeeabccccccccccccccccccccc
eeeeeeeeeeeeeeeeeeeeeeeeeeeeabccccccccccccccccccccc
eeeeeeeeeeeeeeeeeeeeeeeeeeeeabcccccccccccccccccccccabccccccccccccccccccccc
eeeeeeeeeeeeeeeeeeeeeeeeeeee
abccccccccccccccccccccc
eeeeeeeeeeeeeeeeeeeeeeeeeeee
abccccccccccccccccccccc
eeeeeeeeeeeeeeeeeeeeeeeeeeeeabccccccccccccccccccccc
eeeeeeeeeeeeeeeeeeeeeeeeeeeeabccccccccccccccccccccc
eeeeeeeeeeeeeeeeeeeeeeeeeeeeabccccccccccccccccccccc
eeeeeeeeeeeeeeeeeeeeeeeeeeeeabccccccccccccccccccccc
eeeeeeeeeeeeeeeeeeeeeeeeeeeeabccccccccccccccccccccc
eeeeeeeeeeeeeeeeeeeeeeeeeeeeabccccccccccccccccccccc
eeeeeeeeeeeeeeeeeeeeeeeeeeeeabccccccccccccccccccccc
eeeeeeeeeeeeeeeeeeeeeeeeeeeeabccccccccccccccccccccc
eeeeeeeeeeeeeeeeeeeeeeeeeeeeabccccccccccccccccccccc
eeeeeeeeeeeeeeeeeeeeeeeeeeeeabccccccccccccccccccccc
eeeeeeeeeeeeeeeeeeeeeeeeeeeeabccccccccccccccccccccc
eeeeeeeeeeeeeeeeeeeeeeeeeeeeabcccccccccccccccccccccabccccccccccccccccccccc
eeeeeeeeeeeeeeeeeeeeeeeeeeee
abccccccccccccccccccccc
eeeeeeeeeeeeeeeeeeeeeeeeeeee
abccccccccccccccccccccc
eeeeeeeeeeeeeeeeeeeeeeeeeeeeabccccccccccccccccccccc
eeeeeeeeeeeeeeeeeeeeeeeeeeeeabccccccccccccccccccccc
eeeeeeeeeeeeeeeeeeeeeeeeeeeeabccccccccccccccccccccc
eeeeeeeeeeeeeeeeeeeeeeeeeeeeabccccccccccccccccccccc
eeeeeeeeeeeeeeeeeeeeeeeeeeeeabccccccccccccccccccccc
eeeeeeeeeeeeeeeeeeeeeeeeeeeeabccccccccccccccccccccc
eeeeeeeeeeeeeeeeeeeeeeeeeeeeabccccccccccccccccccccc
eeeeeeeeeeeeeeeeeeeeeeeeeeeeabccccccccccccccccccccc
eeeeeeeeeeeeeeeeeeeeeeeeeeeeabccccccccccccccccccccc
eeeeeeeeeeeeeeeeeeeeeeeeeeeeabccccccccccccccccccccc
eeeeeeeeeeeeeeeeeeeeeeeeeeeeabccccccccccccccccccccc
eeeeeeeeeeeeeeeeeeeeeeeeeeeeabcccccccccccccccccccccabccccccccccccccccccccc
eeeeeeeeeeeeeeeeeeeeeeeeeeee
abccccccccccccccccccccc
eeeeeeeeeeeeeeeeeeeeeeeeeeee
abccccccccccccccccccccc
eeeeeeeeeeeeeeeeeeeeeeeeeeeeabccccccccccccccccccccc
eeeeeeeeeeeeeeeeeeeeeeeeeeeeabccccccccccccccccccccc
eeeeeeeeeeeeeeeeeeeeeeeeeeeeabccccccccccccccccccccc
eeeeeeeeeeeeeeeeeeeeeeeeeeeeabccccccccccccccccccccc
eeeeeeeeeeeeeeeeeeeeeeeeeeeeabccccccccccccccccccccc
eeeeeeeeeeeeeeeeeeeeeeeeeeeeabccccccccccccccccccccc
eeeeeeeeeeeeeeeeeeeeeeeeeeeeabccccccccccccccccccccc
eeeeeeeeeeeeeeeeeeeeeeeeeeeeabccccccccccccccccccccc
eeeeeeeeeeeeeeeeeeeeeeeeeeeeabccccccccccccccccccccc
eeeeeeeeeeeeeeeeeeeeeeeeeeeeabccccccccccccccccccccc
eeeeeeeeeeeeeeeeeeeeeeeeeeeeabccccccccccccccccccccc
eeeeeeeeeeeeeeeeeeeeeeeeeeeeabcccccccccccccccccccccabccccccccccccccccccccc
eeeeeeeeeeeeeeeeeeeeeeeeeeee
abccccccccccccccccccccc
eeeeeeeeeeeeeeeeeeeeeeeeeeee
abccccccccccccccccccccc
eeeeeeeeeeeeeeeeeeeeeeeeeeeeabccccccccccccccccccccc
eeeeeeeeeeeeeeeeeeeeeeeeeeeeabccccccccccccccccccccc
eeeeeeeeeeeeeeeeeeeeeeeeeeeeabccccccccccccccccccccc
eeeeeeeeeeeeeeeeeeeeeeeeeeeeabccccccccccccccccccccc
eeeeeeeeeeeeeeeeeeeeeeeeeeeeabccccccccccccccccccccc
eeeeeeeeeeeeeeeeeeeeeeeeeeeeabccccccccccccccccccccc
eeeeeeeeeeeeeeeeeeeeeeeeeeeeabccccccccccccccccccccc
eeeeeeeeeeeeeeeeeeeeeeeeeeeeabccccccccccccccccccccc
eeeeeeeeeeeeeeeeeeeeeeeeeeeeabccccccccccccccccccccc
eeeeeeeeeeeeeeeeeeeeeeeeeeeeabccccccccccccccccccccc
eeeeeeeeeeeeeeeeeeeeeeeeeeeeabccccccccccccccccccccc
eeeeeeeeeeeeeeeeeeeeeeeeeeeeabccccccccccccccccccccc
eeeeeeeeeeeeeeeeeeeeeeeeeeeeabccccccccccccccccccccc
eeeeeeeeeeeeeeeeeeeeeeeeeeeeabccccccccccccccccccccc
abccccccccccccccccccccc
eeeeeeeeeeeeeeeeeeeeeeeeeeee
abccccccccccccccccccccc
eeeeeeeeeeeeeeeeeeeeeeeeeeeeabccccccccccccccccccccc
eeeeeeeeeeeeeeeeeeeeeeeeeeeeabccccccccccccccccccccc
eeeeeeeeeeeeeeeeeeeeeeeeeeeeabccccccccccccccccccccc
eeeeeeeeeeeeeeeeeeeeeeeeeeeeabccccccccccccccccccccc
eeeeeeeeeeeeeeeeeeeeeeeeeeeeabccccccccccccccccccccc
eeeeeeeeeeeeeeeeeeeeeeeeeeeeabccccccccccccccccccccc
eeeeeeeeeeeeeeeeeeeeeeeeeeeeabccccccccccccccccccccc
eeeeeeeeeeeeeeeeeeeeeeeeeeeeabccccccccccccccccccccc
eeeeeeeeeeeeeeeeeeeeeeeeeeeeabccccccccccccccccccccc
eeeeeeeeeeeeeeeeeeeeeeeeeeeeabccccccccccccccccccccc
eeeeeeeeeeeeeeeeeeeeeeeeeeeeabccccccccccccccccccccc
eeeeeeeeeeeeeeeeeeeeeeeeeeeeabcccccccccccccccccccccabccccccccccccccccccccc
eeeeeeeeeeeeeeeeeeeeeeeeeeee
abccccccccccccccccccccc
eeeeeeeeeeeeeeeeeeeeeeeeeeeeccccccc
eeeeeeeeeeeeeeeeeeeeeeeeeeeeabccccccccccccccccccccc
eeeeeeeeeeeeeeeeeeeeeeeeeeeeabccccccccccccccccccccc
eeeeeeeeeeeeeeeeeeeeeeeeeeeeabccccccccccccccccccccc
eeeeeeeeeeeeeeeeeeeeeeeeeeeeabccccccccccccccccccccc
eeeeeeeeeeeeeeeeeeeeeeeeeeeeabccccccccccccccccccccc
eeeeeeeeeeeeeeeeeeeeeeeeeeeeabccccccccccccccccccccc
eeeeeeeeeeeeeeeeeeeeeeeeeeeeabccccccccccccccccccccc
eeeeeeeeeeeeeeeeeeeeeeeeeeeeabccccccccccccccccccccc
eeeeeeeeeeeeeeeeeeeeeeeeeeeeabcccccccccccccccccccccabccccccccccccccccccccc
eeeeeeeeeeeeeeeeeeeeeeeeeeee
abccccccccccccccccccccccccccccccccc
eeeeeeeeeeeeeeeeeeeeeeeeeeeeabccccccccccccccccccccc
eeeeeeeeeeeeeeeeeeeeeeeeeeeeabccccccccccccccccccccc
eeeeeeeeeeeeeeeeeeeeeeeeeeeeabccccccccccccccccccccc
eeeeeeeeeeeeeeeeeeeeeeeeeeeeabccccccccccccccccccccc
eeeeeeeeeeeeeeeeeeeeeeeeeeeeabccccccccccccccccccccc
eeeeeeeeeeeeeeeeeeeeeeeeeeeeabccccccccccccccccccccc
eeeeeeeeeeeeeeeeeeeeeeeeeeeeabccccccccccccccccccccc
eeeeeeeeeeeeeeeeeeeeeeeeeeeeabccccccccccccccccccccc
eeeeeeeeeeeeeeeeeeeeeeeeeeeeabcccccccccccccccccccccabccccccccccccccccccccc
eeeeeeeeeeeeeeeeeeeeeeeeeeee
abccccccccccccccccccccc
eeeeeeeeeeeeeeeeeeeeeeeeeeee
abccccccccccccccccccccc
eeeeeeeeeeeeeeeeeeeeeeeeeeeeabccccccccccccccccccccc
eeeeeeeeeeeeeeeeeeeeeeeeeeeeabccccccccccccccccccccc
eeeeeeeeeeeeeeeeeeeeeeeeeeeeabccccccccccccccccccccc
eeeeeeeeeeeeeeeeeeeeeeeeeeeeabccccccccccccccccccccc
eeeeeeeeeeeeeeeeeeeeeeeeeeeeabccccccccccccccccccccc
eeeeeeeeeeeeeeeeeeeeeeeeeeeeabccccccccccccccccccccc
eeeeeeeeeeeeeeeeeeeeeeeeeeeeabccccccccccccccccccccc
eeeeeeeeeeeeeeeeeeeeeeeeeeeeabccccccccccccccccccccc
eeeeeeeeeeeeeeeeeeeeeeeeeeeeabccccccccccccccccccccc
eeeeeeeeeeeeeeeeeeeeeeeeeeeeabccccccccccccccccccccc
eeeeeeeeeeeeeeeeeeeeeeeeeeeeabccccccccccccccccccccc
eeeeeeeeeeeeeeeeeeeeeeeeeeeeabcccccccccccccccccccccabccccccccccccccccccccc
eeeeeeeeeeeeeeeeeeeeeeeeeeee
abccccccccccccccccccccc
eeeeeeeeeeeeeeeeeeeeeeeeeeee
abccccccccccccccccccccc
eeeeeeeeeeeeeeeeeeeeeeeeeeeeabccccccccccccccccccccc
eeeeeeeeeeeeeeeeeeeeeeeeeeeeabccccccccccccccccccccc
eeeeeeeeeeeeeeeeeeeeeeeeeeeeabccccccccccccccccccccc
eeeeeeeeeeeeeeeeeeeeeeeeeeeeabccccccccccccccccccccc
eeeeeeeeeeeeeeeeeeeeeeeeeeeeabccccccccccccccccccccc
eeeeeeeeeeeeeeeeeeeeeeeeeeeeabccccccccccccccccccccc
eeeeeeeeeeeeeeeeeeeeeeeeeeeeabccccccccccccccccccccc
eeeeeeeeeeeeeeeeeeeeeeeeeeeeabccccccccccccccccccccc
eeeeeeeeeeeeeeeeeeeeeeeeeeeeabccccccccccccccccccccc
eeeeeeeeeeeeeeeeeeeeeeeeeeeeabccccccccccccccccccccc
eeeeeeeeeeeeeeeeeeeeeeeeeeeeabccccccccccccccccccccc
eeeeeeeeeeeeeeeeeeeeeeeeeeeeabcccccccccccccccccccccabccccccccccccccccccccc
eeeeeeeeeeeeeeeeeeeeeeeeeeee
abccccccccccccccccccccc
eeeeeeeeeeeeeeeeeeeeeeeeeeee
abccccccccccccccccccccc
eeeeeeeeeeeeeeeeeeeeeeeeeeeeabccccccccccccccccccccc
eeeeeeeeeeeeeeeeeeeeeeeeeeeeabccccccccccccccccccccc
eeeeeeeeeeeeeeeeeeeeeeeeeeeeabccccccccccccccccccccc
eeeeeeeeeeeeeeeeeeeeeeeeeeeeabccccccccccccccccccccc
eeeeeeeeeeeeeeeeeeeeeeeeeeeeabccccccccccccccccccccc
eeeeeeeeeeeeeeeeeeeeeeeeeeeeabccccccccccccccccccccc
eeeeeeeeeeeeeeeeeeeeeeeeeeeeabccccccccccccccccccccc
eeeeeeeeeeeeeeeeeeeeeeeeeeeeabccccccccccccccccccccc
eeeeeeeeeeeeeeeeeeeeeeeeeeeeabccccccccccccccccccccc
eeeeeeeeeeeeeeeeeeeeeeeeeeeeabccccccccccccccccccccc
eeeeeeeeeeeeeeeeeeeeeeeeeeeeabccccccccccccccccccccc
eeeeeeeeeeeeeeeeeeeeeeeeeeeeabcccccccccccccccccccccabccccccccccccccccccccc
eeeeeeeeeeeeeeeeeeeeeeeeeeee
abccccccccccccccccccccc
eeeeeeeeeeeeeeeeeeeeeeeeeeee
abccccccccccccccccccccc
eeeeeeeeeeeeeeeeeeeeeeeeeeeeabccccccccccccccccccccc
eeeeeeeeeeeeeeeeeeeeeeeeeeeeabccccccccccccccccccccc
eeeeeeeeeeeeeeeeeeeeeeeeeeeeabccccccccccccccccccccc
eeeeeeeeeeeeeeeeeeeeeeeeeeeeabccccccccccccccccccccc
eeeeeeeeeeeeeeeeeeeeeeeeeeeeabccccccccccccccccccccc
eeeeeeeeeeeeeeeeeeeeeeeeeeeeabccccccccccccccccccccc
eeeeeeeeeeeeeeeeeeeeeeeeeeeeabccccccccccccccccccccc
eeeeeeeeeeeeeeeeeeeeeeeeeeeeabccccccccccccccccccccc
eeeeeeeeeeeeeeeeeeeeeeeeeeeeabccccccccccccccccccccc
eeeeeeeeeeeeeeeeeeeeeeeeeeeeabccccccccccccccccccccc
eeeeeeeeeeeeeeeeeeeeeeeeeeeeabccccccccccccccccccccc
eeeeeeeeeeeeeeeeeeeeeeeeeeeeabcccccccccccccccccccccabccccccccccccccccccccc
eeeeeeeeeeeeeeeeeeeeeeeeeeee
abccccccccccccccccccccc
eeeeeeeeeeeeeeeeeeeeeeeeeeee
abccccccccccccccccccccc
eeeeeeeeeeeeeeeeeeeeeeeeeeeeabccccccccccccccccccccc
eeeeeeeeeeeeeeeeeeeeeeeeeeeeabccccccccccccccccccccc
eeeeeeeeeeeeeeeeeeeeeeeeeeeeabccccccccccccccccccccc
eeeeeeeeeeeeeeeeeeeeeeeeeeeeabccccccccccccccccccccc
eeeeeeeeeeeeeeeeeeeeeeeeeeeeabccccccccccccccccccccc
eeeeeeeeeeeeeeeeeeeeeeeeeeeeabccccccccccccccccccccc
eeeeeeeeeeeeeeeeeeeeeeeeeeeeabccccccccccccccccccccc
eeeeeeeeeeeeeeeeeeeeeeeeeeeeabccccccccccccccccccccc
eeeeeeeeeeeeeeeeeeeeeeeeeeeeabccccccccccccccccccccc
eeeeeeeeeeeeeeeeeeeeeeeeeeeeabccccccccccccccccccccc
eeeeeeeeeeeeeeeeeeeeeeeeeeeeabccccccccccccccccccccc
eeeeeeeeeeeeeeeeeeeeeeeeeeeeabcccccccccccccccccccccabccccccccccccccccccccc
eeeeeeeeeeeeeeeeeeeeeeeeeeee
abccccccccccccccccccccc
eeeeeeeeeeeeeeeeeeeeeeeeeeee
abccccccccccccccccccccc
eeeeeeeeeeeeeeeeeeeeeeeeeeeeabccccccccccccccccccccc
eeeeeeeeeeeeeeeeeeeeeeeeeeeeabccccccccccccccccccccc
eeeeeeeeeeeeeeeeeeeeeeeeeeeeabccccccccccccccccccccc
eeeeeeeeeeeeeeeeeeeeeeeeeeeeabccccccccccccccccccccc
eeeeeeeeeeeeeeeeeeeeeeeeeeeeabccccccccccccccccccccc
eeeeeeeeeeeeeeeeeeeeeeeeeeeeabccccccccccccccccccccc
eeeeeeeeeeeeeeeeeeeeeeeeeeeeabccccccccccccccccccccc
eeeeeeeeeeeeeeeeeeeeeeeeeeeeabccccccccccccccccccccc
eeeeeeeeeeeeeeeeeeeeeeeeeeeeabccccccccccccccccccccc
eeeeeeeeeeeeeeeeeeeeeeeeeeeeabccccccccccccccccccccc
eeeeeeeeeeeeeeeeeeeeeeeeeeeeabccccccccccccccccccccc
eeeeeeeeeeeeeeeeeeeeeeeeeeeeabcccccccccccccccccccccabccccccccccccccccccccc
eeeeeeeeeeeeeeeeeeeeeeeeeeee
abccccccccccccccccccccc
eeeeeeeeeeeeeeeeeeeeeeeeeeee
abccccccccccccccccccccc
eeeeeeeeeeeeeeeeeeeeeeeeeeeeabccccccccccccccccccccc
eeeeeeeeeeeeeeeeeeeeeeeeeeeeabccccccccccccccccccccc
eeeeeeeeeeeeeeeeeeeeeeeeeeeeabccccccccccccccccccccc
eeeeeeeeeeeeeeeeeeeeeeeeeeeeabccccccccccccccccccccc
eeeeeeeeeeeeeeeeeeeeeeeeeeeeabccccccccccccccccccccc
eeeeeeeeeeeeeeeeeeeeeeeeeeeeabccccccccccccccccccccc
eeeeeeeeeeeeeeeeeeeeeeeeeeeeabccccccccccccccccccccc
eeeeeeeeeeeeeeeeeeeeeeeeeeeeabccccccccccccccccccccc
eeeeeeeeeeeeeeeeeeeeeeeeeeeeabccccccccccccccccccccc
eeeeeeeeeeeeeeeeeeeeeeeeeeeeabccccccccccccccccccccc
eeeeeeeeeeeeeeeeeeeeeeeeeeeeabccccccccccccccccccccc
eeeeeeeeeeeeeeeeeeeeeeeeeeeeabcccccccccccccccccccccabccccccccccccccccccccc
eeeeeeeeeeeeeeeeeeeeeeeeeeee
abccccccccccccccccccccc
eeeeeeeeeeeeeeeeeeeeeeeeeeee
abccccccccccccccccccccc
eeeeeeeeeeeeeeeeeeeeeeeeeeeeabccccccccccccccccccccc
eeeeeeeeeeeeeeeeeeeeeeeeeeeeabccccccccccccccccccccc
eeeeeeeeeeeeeeeeeeeeeeeeeeeeabccccccccccccccccccccc
eeeeeeeeeeeeeeeeeeeeeeeeeeeeabccccccccccccccccccccc
eeeeeeeeeeeeeeeeeeeeeeeeeeeeabccccccccccccccccccccc
eeeeeeeeeeeeeeeeeeeeeeeeeeeeabccccccccccccccccccccc
eeeeeeeeeeeeeeeeeeeeeeeeeeeeabccccccccccccccccccccc
eeeeeeeeeeeeeeeeeeeeeeeeeeeeabccccccccccccccccccccc
eeeeeeeeeeeeeeeeeeeeeeeeeeeeabccccccccccccccccccccc
eeeeeeeeeeeeeeeeeeeeeeeeeeeeabccccccccccccccccccccc
eeeeeeeeeeeeeeeeeeeeeeeeeeeeabccccccccccccccccccccc
eeeeeeeeeeeeeeeeeeeeeeeeeeeeabcccccccccccccccccccccabccccccccccccccccccccc
eeeeeeeeeeeeeeeeeeeeeeeeeeee
abccccccccccccccccccccc
eeeeeeeeeeeeeeeeeeeeeeeeeeee
abccccccccccccccccccccc
eeeeeeeeeeeeeeeeeeeeeeeeeeeeabccccccccccccccccccccc
eeeeeeeeeeeeeeeeeeeeeeeeeeeeabccccccccccccccccccccc
eeeeeeeeeeeeeeeeeeeeeeeeeeeeabccccccccccccccccccccc
eeeeeeeeeeeeeeeeeeeeeeeeeeeeabccccccccccccccccccccc
eeeeeeeeeeeeeeeeeeeeeeeeeeeeabccccccccccccccccccccc
eeeeeeeeeeeeeeeeeeeeeeeeeeeeabccccccccccccccccccccc
eeeeeeeeeeeeeeeeeeeeeeeeeeeeabccccccccccccccccccccc
eeeeeeeeeeeeeeeeeeeeeeeeeeeeabccccccccccccccccccccc
eeeeeeeeeeeeeeeeeeeeeeeeeeeeabccccccccccccccccccccc
eeeeeeeeeeeeeeeeeeeeeeeeeeeeabccccccccccccccccccccc
eeeeeeeeeeeeeeeeeeeeeeeeeeeeabccccccccccccccccccccc
eeeeeeeeeeeeeeeeeeeeeeeeeeeeabcccccccccccccccccccccabccccccccccccccccccccc
eeeeeeeeeeeeeeeeeeeeeeeeeeee
abccccccccccccccccccccc
eeeeeeeeeeeeeeeeeeeeeeeeeeee
abccccccccccccccccccccc
eeeeeeeeeeeeeeeeeeeeeeeeeeeeabccccccccccccccccccccc
eeeeeeeeeeeeeeeeeeeeeeeeeeeeabccccccccccccccccccccc
eeeeeeeeeeeeeeeeeeeeeeeeeeeeabccccccccccccccccccccc
eeeeeeeeeeeeeeeeeeeeeeeeeeeeabccccccccccccccccccccc
eeeeeeeeeeeeeeeeeeeeeeeeeeeeabccccccccccccccccccccc
eeeeeeeeeeeeeeeeeeeeeeeeeeeeabccccccccccccccccccccc
eeeeeeeeeeeeeeeeeeeeeeeeeeeeabccccccccccccccccccccc
eeeeeeeeeeeeeeeeeeeeeeeeeeeeabccccccccccccccccccccc
eeeeeeeeeeeeeeeeeeeeeeeeeeeeabccccccccccccccccccccc
eeeeeeeeeeeeeeeeeeeeeeeeeeeeabccccccccccccccccccccc
eeeeeeeeeeeeeeeeeeeeeeeeeeeeabccccccccccccccccccccc
eeeeeeeeeeeeeeeeeeeeeeeeeeeeabcccccccccccccccccccccabccccccccccccccccccccc
eeeeeeeeeeeeeeeeeeeeeeeeeeee
abccccccccccccccccccccc
eeeeeeeeeeeeeeeeeeeeeeeeeeee
abccccccccccccccccccccc
eeeeeeeeeeeeeeeeeeeeeeeeeeeeabccccccccccccccccccccc
eeeeeeeeeeeeeeeeeeeeeeeeeeeeabccccccccccccccccccccc
eeeeeeeeeeeeeeeeeeeeeeeeeeeeabccccccccccccccccccccc
eeeeeeeeeeeeeeeeeeeeeeeeeeeeabccccccccccccccccccccc
eeeeeeeeeeeeeeeeeeeeeeeeeeeeabccccccccccccccccccccc
eeeeeeeeeeeeeeeeeeeeeeeeeeeeabccccccccccccccccccccc
eeeeeeeeeeeeeeeeeeeeeeeeeeeeabccccccccccccccccccccc
eeeeeeeeeeeeeeeeeeeeeeeeeeeeabccccccccccccccccccccc
eeeeeeeeeeeeeeeeeeeeeeeeeeeeabccccccccccccccccccccc
eeeeeeeeeeeeeeeeeeeeeeeeeeeeabccccccccccccccccccccc
eeeeeeeeeeeeeeeeeeeeeeeeeeeeabccccccccccccccccccccc
eeeeeeeeeeeeeeeeeeeeeeeeeeeeabcccccccccccccccccccccabccccccccccccccccccccc
eeeeeeeeeeeeeeeeeeeeeeeeeeee
abccccccccccccccccccccc
eeeeeeeeeeeeeeeeeeeeeeeeeeee
abccccccccccccccccccccc
eeeeeeeeeeeeeeeeeeeeeeeeeeeeabccccccccccccccccccccc
eeeeeeeeeeeeeeeeeeeeeeeeeeeeabccccccccccccccccccccc
eeeeeeeeeeeeeeeeeeeeeeeeeeeeabccccccccccccccccccccc
eeeeeeeeeeeeeeeeeeeeeeeeeeeeabccccccccccccccccccccc
eeeeeeeeeeeeeeeeeeeeeeeeeeeeabccccccccccccccccccccc
eeeeeeeeeeeeeeeeeeeeeeeeeeeeabccccccccccccccccccccc
eeeeeeeeeeeeeeeeeeeeeeeeeeeeabccccccccccccccccccccc
eeeeeeeeeeeeeeeeeeeeeeeeeeeeabccccccccccccccccccccc
eeeeeeeeeeeeeeeeeeeeeeeeeeeeabccccccccccccccccccccc
eeeeeeeeeeeeeeeeeeeeeeeeeeeeabccccccccccccccccccccc
eeeeeeeeeeeeeeeeeeeeeeeeeeeeabccccccccccccccccccccc
eeeeeeeeeeeeeeeeeeeeeeeeeeeeabcccccccccccccccccccccabccccccccccccccccccccc
eeeeeeeeeeeeeeeeeeeeeeeeeeee
abccccccccccccccccccccc
eeeeeeeeeeeeeeeeeeeeeeeeeeee
abccccccccccccccccccccc
eeeeeeeeeeeeeeeeeeeeeeeeeeeeabccccccccccccccccccccc
eeeeeeeeeeeeeeeeeeeeeeeeeeeeabccccccccccccccccccccc
eeeeeeeeeeeeeeeeeeeeeeeeeeeeabccccccccccccccccccccc
eeeeeeeeeeeeeeeeeeeeeeeeeeeeabccccccccccccccccccccc
eeeeeeeeeeeeeeeeeeeeeeeeeeeeabccccccccccccccccccccc
eeeeeeeeeeeeeeeeeeeeeeeeeeeeabccccccccccccccccccccc
eeeeeeeeeeeeeeeeeeeeeeeeeeeeabccccccccccccccccccccc
eeeeeeeeeeeeeeeeeeeeeeeeeeeeabccccccccccccccccccccc
eeeeeeeeeeeeeeeeeeeeeeeeeeeeabccccccccccccccccccccc
eeeeeeeeeeeeeeeeeeeeeeeeeeeeabccccccccccccccccccccc
eeeeeeeeeeeeeeeeeeeeeeeeeeeeabccccccccccccccccccccc
eeeeeeeeeeeeeeeeeeeeeeeeeeeeabcccccccccccccccccccccabccccccccccccccccccccc
eeeeeeeeeeeeeeeeeeeeeeeeeeee
abccccccccccccccccccccc
eeeeeeeeeeeeeeeeeeeeeeeeeeee
abccccccccccccccccccccc
eeeeeeeeeeeeeeeeeeeeeeeeeeeeabccccccccccccccccccccc
eeeeeeeeeeeeeeeeeeeeeeeeeeeeabccccccccccccccccccccc
eeeeeeeeeeeeeeeeeeeeeeeeeeeeabccccccccccccccccccccc
eeeeeeeeeeeeeeeeeeeeeeeeeeeeabccccccccccccccccccccc
eeeeeeeeeeeeeeeeeeeeeeeeeeeeabccccccccccccccccccccc
eeeeeeeeeeeeeeeeeeeeeeeeeeeeabccccccccccccccccccccc
eeeeeeeeeeeeeeeeeeeeeeeeeeeeabccccccccccccccccccccc
eeeeeeeeeeeeeeeeeeeeeeeeeeeeabccccccccccccccccccccc
eeeeeeeeeeeeeeeeeeeeeeeeeeeeabccccccccccccccccccccc
eeeeeeeeeeeeeeeeeeeeeeeeeeeeabccccccccccccccccccccc
eeeeeeeeeeeeeeeeeeeeeeeeeeeeabccccccccccccccccccccc
eeeeeeeeeeeeeeeeeeeeeeeeeeeeabcccccccccccccccccccccabccccccccccccccccccccc
eeeeeeeeeeeeeeeeeeeeeeeeeeee
abccccccccccccccccccccc
eeeeeeeeeeeeeeeeeeeeeeeeeeee
abccccccccccccccccccccc
eeeeeeeeeeeeeeeeeeeeeeeeeeeeabccccccccccccccccccccc
eeeeeeeeeeeeeeeeeeeeeeeeeeeeabccccccccccccccccccccc
eeeeeeeeeeeeeeeeeeeeeeeeeeeeabccccccccccccccccccccc
eeeeeeeeeeeeeeeeeeeeeeeeeeeeabccccccccccccccccccccc
eeeeeeeeeeeeeeeeeeeeeeeeeeeeabccccccccccccccccccccc
eeeeeeeeeeeeeeeeeeeeeeeeeeeeabccccccccccccccccccccc
eeeeeeeeeeeeeeeeeeeeeeeeeeeeabccccccccccccccccccccc
eeeeeeeeeeeeeeeeeeeeeeeeeeeeabccccccccccccccccccccc
eeeeeeeeeeeeeeeeeeeeeeeeeeeeabccccccccccccccccccccc
eeeeeeeeeeeeeeeeeeeeeeeeeeeeabccccccccccccccccccccc
eeeeeeeeeeeeeeeeeeeeeeeeeeeeabccccccccccccccccccccc
eeeeeeeeeeeeeeeeeeeeeeeeeeeeabcccccccccccccccccccccabccccccccccccccccccccc
eeeeeeeeeeeeeeeeeeeeeeeeeeee
abccccccccccccccccccccc
eeeeeeeeeeeeeeeeeeeeeeeeeeee
abccccccccccccccccccccc
eeeeeeeeeeeeeeeeeeeeeeeeeeeeabccccccccccccccccccccc
eeeeeeeeeeeeeeeeeeeeeeeeeeeeabccccccccccccccccccccc
eeeeeeeeeeeeeeeeeeeeeeeeeeeeabccccccccccccccccccccc
eeeeeeeeeeeeeeeeeeeeeeeeeeeeabccccccccccccccccccccc
eeeeeeeeeeeeeeeeeeeeeeeeeeeeabccccccccccccccccccccc
eeeeeeeeeeeeeeeeeeeeeeeeeeeeabccccccccccccccccccccc
eeeeeeeeeeeeeeeeeeeeeeeeeeeeabccccccccccccccccccccc
eeeeeeeeeeeeeeeeeeeeeeeeeeeeabccccccccccccccccccccc
eeeeeeeeeeeeeeeeeeeeeeeeeeeeabccccccccccccccccccccc
eeeeeeeeeeeeeeeeeeeeeeeeeeeeabccccccccccccccccccccc
eeeeeeeeeeeeeeeeeeeeeeeeeeeeabccccccccccccccccccccc
eeeeeeeeeeeeeeeeeeeeeeeeeeeeabcccccccccccccccccccccabccccccccccccccccccccc
eeeeeeeeeeeeeeeeeeeeeeeeeeee
abccccccccccccccccccccc
eeeeeeeeeeeeeeeeeeeeeeeeeeee
abccccccccccccccccccccc
eeeeeeeeeeeeeeeeeeeeeeeeeeeeabccccccccccccccccccccc
eeeeeeeeeeeeeeeeeeeeeeeeeeeeabccccccccccccccccccccc
eeeeeeeeeeeeeeeeeeeeeeeeeeeeabccccccccccccccccccccc
eeeeeeeeeeeeeeeeeeeeeeeeeeeeabccccccccccccccccccccc
eeeeeeeeeeeeeeeeeeeeeeeeeeeeabccccccccccccccccccccc
eeeeeeeeeeeeeeeeeeeeeeeeeeeeabccccccccccccccccccccc
eeeeeeeeeeeeeeeeeeeeeeeeeeeeabccccccccccccccccccccc
eeeeeeeeeeeeeeeeeeeeeeeeeeeeabccccccccccccccccccccc
eeeeeeeeeeeeeeeeeeeeeeeeeeeeabccccccccccccccccccccc
eeeeeeeeeeeeeeeeeeeeeeeeeeeeabccccccccccccccccccccc
eeeeeeeeeeeeeeeeeeeeeeeeeeeeabccccccccccccccccccccc
eeeeeeeeeeeeeeeeeeeeeeeeeeeeabcccccccccccccccccccccabccccccccccccccccccccc
eeeeeeeeeeeeeeeeeeeeeeeeeeee
abccccccccccccccccccccc
eeeeeeeeeeeeeeeeeeeeeeeeeeee
abccccccccccccccccccccc
eeeeeeeeeeeeeeeeeeeeeeeeeeeeabccccccccccccccccccccc
eeeeeeeeeeeeeeeeeeeeeeeeeeeeabccccccccccccccccccccc
eeeeeeeeeeeeeeeeeeeeeeeeeeeeabccccccccccccccccccccc
eeeeeeeeeeeeeeeeeeeeeeeeeeeeabccccccccccccccccccccc
eeeeeeeeeeeeeeeeeeeeeeeeeeeeabccccccccccccccccccccc
eeeeeeeeeeeeeeeeeeeeeeeeeeeeabccccccccccccccccccccc
eeeeeeeeeeeeeeeeeeeeeeeeeeeeabccccccccccccccccccccc
eeeeeeeeeeeeeeeeeeeeeeeeeeeeabccccccccccccccccccccc
eeeeeeeeeeeeeeeeeeeeeeeeeeeeabccccccccccccccccccccc
eeeeeeeeeeeeeeeeeeeeeeeeeeeeabccccccccccccccccccccc
eeeeeeeeeeeeeeeeeeeeeeeeeeeeabccccccccccccccccccccc
eeeeeeeeeeeeeeeeeeeeeeeeeeeeabcccccccccccccccccccccabccccccccccccccccccccc
eeeeeeeeeeeeeeeeeeeeeeeeeeee
abccccccccccccccccccccc
eeeeeeeeeeeeeeeeeeeeeeeeeeee
abccccccccccccccccccccc
eeeeeeeeeeeeeeeeeeeeeeeeeeeeabccccccccccccccccccccc
eeeeeeeeeeeeeeeeeeeeeeeeeeeeabccccccccccccccccccccc
eeeeeeeeeeeeeeeeeeeeeeeeeeeeabccccccccccccccccccccc
eeeeeeeeeeeeeeeeeeeeeeeeeeeeabccccccccccccccccccccc
eeeeeeeeeeeeeeeeeeeeeeeeeeeeabccccccccccccccccccccc
eeeeeeeeeeeeeeeeeeeeeeeeeeeeabccccccccccccccccccccc
eeeeeeeeeeeeeeeeeeeeeeeeeeeeabccccccccccccccccccccc
eeeeeeeeeeeeeeeeeeeeeeeeeeeeabccccccccccccccccccccc
eeeeeeeeeeeeeeeeeeeeeeeeeeeeabccccccccccccccccccccc
eeeeeeeeeeeeeeeeeeeeeeeeeeeeabccccccccccccccccccccc
eeeeeeeeeeeeeeeeeeeeeeeeeeeeabccccccccccccccccccccc
eeeeeeeeeeeeeeeeeeeeeeeeeeeeabcccccccccccccccccccccabccccccccccccccccccccc
eeeeeeeeeeeeeeeeeeeeeeeeeeee
abccccccccccccccccccccc
eeeeeeeeeeeeeeeeeeeeeeeeeeee
abccccccccccccccccccccc
eeeeeeeeeeeeeeeeeeeeeeeeeeeeabccccccccccccccccccccc
eeeeeeeeeeeeeeeeeeeeeeeeeeeeabccccccccccccccccccccc
eeeeeeeeeeeeeeeeeeeeeeeeeeeeabccccccccccccccccccccc
eeeeeeeeeeeeeeeeeeeeeeeeeeeeabccccccccccccccccccccc
eeeeeeeeeeeeeeeeeeeeeeeeeeeeabccccccccccccccccccccc
eeeeeeeeeeeeeeeeeeeeeeeeeeeeabccccccccccccccccccccc
eeeeeeeeeeeeeeeeeeeeeeeeeeeeabccccccccccccccccccccc
eeeeeeeeeeeeeeeeeeeeeeeeeeeeabccccccccccccccccccccc
eeeeeeeeeeeeeeeeeeeeeeeeeeeeabccccccccccccccccccccc
eeeeeeeeeeeeeeeeeeeeeeeeeeeeabccccccccccccccccccccc
eeeeeeeeeeeeeeeeeeeeeeeeeeeeabccccccccccccccccccccc
eeeeeeeeeeeeeeeeeeeeeeeeeeeeabcccccccccccccccccccccabccccccccccccccccccccc
eeeeeeeeeeeeeeeeeeeeeeeeeeee
abccccccccccccccccccccc
eeeeeeeeeeeeeeeeeeeeeeeeeeee
abccccccccccccccccccccc
eeeeeeeeeeeeeeeeeeeeeeeeeeeeabccccccccccccccccccccc
eeeeeeeeeeeeeeeeeeeeeeeeeeeeabccccccccccccccccccccc
eeeeeeeeeeeeeeeeeeeeeeeeeeeeabccccccccccccccccccccc
eeeeeeeeeeeeeeeeeeeeeeeeeeeeabccccccccccccccccccccc
eeeeeeeeeeeeeeeeeeeeeeeeeeeeabccccccccccccccccccccc
eeeeeeeeeeeeeeeeeeeeeeeeeeeeabccccccccccccccccccccc
eeeeeeeeeeeeeeeeeeeeeeeeeeeeabccccccccccccccccccccc
eeeeeeeeeeeeeeeeeeeeeeeeeeeeabccccccccccccccccccccc
eeeeeeeeeeeeeeeeeeeeeeeeeeeeabccccccccccccccccccccc
eeeeeeeeeeeeeeeeeeeeeeeeeeeeabccccccccccccccccccccc
eeeeeeeeeeeeeeeeeeeeeeeeeeeeabccccccccccccccccccccc
eeeeeeeeeeeeeeeeeeeeeeeeeeeeabcccccccccccccccccccccabccccccccccccccccccccc
eeeeeeeeeeeeeeeeeeeeeeeeeeee
abccccccccccccccccccccc
eeeeeeeeeeeeeeeeeeeeeeeeeeee
abccccccccccccccccccccc
eeeeeeeeeeeeeeeeeeeeeeeeeeeeabccccccccccccccccccccc
eeeeeeeeeeeeeeeeeeeeeeeeeeeeabccccccccccccccccccccc
eeeeeeeeeeeeeeeeeeeeeeeeeeeeabccccccccccccccccccccc
eeeeeeeeeeeeeeeeeeeeeeeeeeeeabccccccccccccccccccccc
eeeeeeeeeeeeeeeeeeeeeeeeeeeeabccccccccccccccccccccc
eeeeeeeeeeeeeeeeeeeeeeeeeeeeabccccccccccccccccccccc
eeeeeeeeeeeeeeeeeeeeeeeeeeeeabccccccccccccccccccccc
eeeeeeeeeeeeeeeeeeeeeeeeeeeeabccccccccccccccccccccc
eeeeeeeeeeeeeeeeeeeeeeeeeeeeabccccccccccccccccccccc
eeeeeeeeeeeeeeeeeeeeeeeeeeeeabccccccccccccccccccccc
eeeeeeeeeeeeeeeeeeeeeeeeeeeeabccccccccccccccccccccc
eeeeeeeeeeeeeeeeeeeeeeeeeeeeabcccccccccccccccccccccabccccccccccccccccccccc
eeeeeeeeeeeeeeeeeeeeeeeeeeee
abccccccccccccccccccccc
eeeeeeeeeeeeeeeeeeeeeeeeeeee
abccccccccccccccccccccc
eeeeeeeeeeeeeeeeeeeeeeeeeeeeabccccccccccccccccccccc
eeeeeeeeeeeeeeeeeeeeeeeeeeeeabccccccccccccccccccccc
eeeeeeeeeeeeeeeeeeeeeeeeeeeeabccccccccccccccccccccc
eeeeeeeeeeeeeeeeeeeeeeeeeeeeabccccccccccccccccccccc
eeeeeeeeeeeeeeeeeeeeeeeeeeeeabccccccccccccccccccccc
eeeeeeeeeeeeeeeeeeeeeeeeeeeeabccccccccccccccccccccc
eeeeeeeeeeeeeeeeeeeeeeeeeeeeabccccccccccccccccccccc
eeeeeeeeeeeeeeeeeeeeeeeeeeeeabccccccccccccccccccccc
eeeeeeeeeeeeeeeeeeeeeeeeeeeeabccccccccccccccccccccc
eeeeeeeeeeeeeeeeeeeeeeeeeeeeabccccccccccccccccccccc
eeeeeeeeeeeeeeeeeeeeeeeeeeeeabccccccccccccccccccccc
eeeeeeeeeeeeeeeeeeeeeeeeeeeeabcccccccccccccccccccccabccccccccccccccccccccc
eeeeeeeeeeeeeeeeeeeeeeeeeeee
abccccccccccccccccccccc
eeeeeeeeeeeeeeeeeeeeeeeeeeee
abccccccccccccccccccccc
eeeeeeeeeeeeeeeeeeeeeeeeeeeeabccccccccccccccccccccc
eeeeeeeeeeeeeeeeeeeeeeeeeeeeabccccccccccccccccccccc
eeeeeeeeeeeeeeeeeeeeeeeeeeeeabccccccccccccccccccccc
eeeeeeeeeeeeeeeeeeeeeeeeeeeeabccccccccccccccccccccc
eeeeeeeeeeeeeeeeeeeeeeeeeeeeabccccccccccccccccccccc
eeeeeeeeeeeeeeeeeeeeeeeeeeeeabccccccccccccccccccccc
eeeeeeeeeeeeeeeeeeeeeeeeeeeeabccccccccccccccccccccc
eeeeeeeeeeeeeeeeeeeeeeeeeeeeabccccccccccccccccccccc
eeeeeeeeeeeeeeeeeeeeeeeeeeeeabccccccccccccccccccccc
eeeeeeeeeeeeeeeeeeeeeeeeeeeeabccccccccccccccccccccc
eeeeeeeeeeeeeeeeeeeeeeeeeeeeabccccccccccccccccccccc
eeeeeeeeeeeeeeeeeeeeeeeeeeeeabcccccccccccccccccccccabccccccccccccccccccccc
eeeeeeeeeeeeeeeeeeeeeeeeeeee
abccccccccccccccccccccc
eeeeeeeeeeeeeeeeeeeeeeeeeeee
abccccccccccccccccccccc
eeeeeeeeeeeeeeeeeeeeeeeeeeeeabccccccccccccccccccccc
eeeeeeeeeeeeeeeeeeeeeeeeeeeeabccccccccccccccccccccc
eeeeeeeeeeeeeeeeeeeeeeeeeeeeabccccccccccccccccccccc
eeeeeeeeeeeeeeeeeeeeeeeeeeeeabccccccccccccccccccccc
eeeeeeeeeeeeeeeeeeeeeeeeeeeeabccccccccccccccccccccc
eeeeeeeeeeeeeeeeeeeeeeeeeeeeabccccccccccccccccccccc
eeeeeeeeeeeeeeeeeeeeeeeeeeeeabccccccccccccccccccccc
eeeeeeeeeeeeeeeeeeeeeeeeeeeeabccccccccccccccccccccc
eeeeeeeeeeeeeeeeeeeeeeeeeeeeabccccccccccccccccccccc
eeeeeeeeeeeeeeeeeeeeeeeeeeeeabccccccccccccccccccccc
eeeeeeeeeeeeeeeeeeeeeeeeeeeeabccccccccccccccccccccc
eeeeeeeeeeeeeeeeeeeeeeeeeeeeabcccccccccccccccccccccabccccccccccccccccccccc
eeeeeeeeeeeeeeeeeeeeeeeeeeee
abccccccccccccccccccccc
eeeeeeeeeeeeeeeeeeeeeeeeeeee
abccccccccccccccccccccc
eeeeeeeeeeeeeeeeeeeeeeeeeeeeabccccccccccccccccccccc
eeeeeeeeeeeeeeeeeeeeeeeeeeeeabccccccccccccccccccccc
eeeeeeeeeeeeeeeeeeeeeeeeeeeeabccccccccccccccccccccc
eeeeeeeeeeeeeeeeeeeeeeeeeeeeabccccccccccccccccccccc
eeeeeeeeeeeeeeeeeeeeeeeeeeeeabccccccccccccccccccccc
eeeeeeeeeeeeeeeeeeeeeeeeeeeeabccccccccccccccccccccc
eeeeeeeeeeeeeeeeeeeeeeeeeeeeabccccccccccccccccccccc
eeeeeeeeeeeeeeeeeeeeeeeeeeeeabccccccccccccccccccccc
eeeeeeeeeeeeeeeeeeeeeeeeeeeeabccccccccccccccccccccc
eeeeeeeeeeeeeeeeeeeeeeeeeeeeabccccccccccccccccccccc
eeeeeeeeeeeeeeeeeeeeeeeeeeeeabccccccccccccccccccccc
eeeeeeeeeeeeeeeeeeeeeeeeeeeeabcccccccccccccccccccccabccccccccccccccccccccc
eeeeeeeeeeeeeeeeeeeeeeeeeeee
abccccccccccccccccccccc
eeeeeeeeeeeeeeeeeeeeeeeeeeee
abccccccccccccccccccccc
eeeeeeeeeeeeeeeeeeeeeeeeeeeeabccccccccccccccccccccc
eeeeeeeeeeeeeeeeeeeeeeeeeeeeabccccccccccccccccccccc
eeeeeeeeeeeeeeeeeeeeeeeeeeeeabccccccccccccccccccccc
eeeeeeeeeeeeeeeeeeeeeeeeeeeeabccccccccccccccccccccc
eeeeeeeeeeeeeeeeeeeeeeeeeeeeabccccccccccccccccccccc
eeeeeeeeeeeeeeeeeeeeeeeeeeeeabccccccccccccccccccccc
eeeeeeeeeeeeeeeeeeeeeeeeeeeeabccccccccccccccccccccc
eeeeeeeeeeeeeeeeeeeeeeeeeeeeabccccccccccccccccccccc
eeeeeeeeeeeeeeeeeeeeeeeeeeeeabccccccccccccccccccccc
eeeeeeeeeeeeeeeeeeeeeeeeeeeeabccccccccccccccccccccc
eeeeeeeeeeeeeeeeeeeeeeeeeeeeabccccccccccccccccccccc
eeeeeeeeeeeeeeeeeeeeeeeeeeeeabcccccccccccccccccccccabccccccccccccccccccccc
eeeeeeeeeeeeeeeeeeeeeeeeeeee
abccccccccccccccccccccc
eeeeeeeeeeeeeeeeeeeeeeeeeeee
abccccccccccccccccccccc
eeeeeeeeeeeeeeeeeeeeeeeeeeeeabccccccccccccccccccccc
eeeeeeeeeeeeeeeeeeeeeeeeeeeeabccccccccccccccccccccc
eeeeeeeeeeeeeeeeeeeeeeeeeeeeabccccccccccccccccccccc
eeeeeeeeeeeeeeeeeeeeeeeeeeeeabccccccccccccccccccccc
eeeeeeeeeeeeeeeeeeeeeeeeeeeeabccccccccccccccccccccc
eeeeeeeeeeeeeeeeeeeeeeeeeeeeabccccccccccccccccccccc
eeeeeeeeeeeeeeeeeeeeeeeeeeeeabccccccccccccccccccccc
eeeeeeeeeeeeeeeeeeeeeeeeeeeeabccccccccccccccccccccc
eeeeeeeeeeeeeeeeeeeeeeeeeeeeabccccccccccccccccccccc
eeeeeeeeeeeeeeeeeeeeeeeeeeeeabccccccccccccccccccccc
eeeeeeeeeeeeeeeeeeeeeeeeeeeeabccccccccccccccccccccc
eeeeeeeeeeeeeeeeeeeeeeeeeeeeabcccccccccccccccccccccabccccccccccccccccccccc
eeeeeeeeeeeeeeeeeeeeeeeeeeee
abccccccccccccccccccccc
eeeeeeeeeeeeeeeeeeeeeeeeeeee
abccccccccccccccccccccc
eeeeeeeeeeeeeeeeeeeeeeeeeeeeabccccccccccccccccccccc
eeeeeeeeeeeeeeeeeeeeeeeeeeeeabccccccccccccccccccccc
eeeeeeeeeeeeeeeeeeeeeeeeeeeeabccccccccccccccccccccc
eeeeeeeeeeeeeeeeeeeeeeeeeeeeabccccccccccccccccccccc
eeeeeeeeeeeeeeeeeeeeeeeeeeeeabccccccccccccccccccccc
eeeeeeeeeeeeeeeeeeeeeeeeeeeeabccccccccccccccccccccc
eeeeeeeeeeeeeeeeeeeeeeeeeeeeabccccccccccccccccccccc
eeeeeeeeeeeeeeeeeeeeeeeeeeeeabccccccccccccccccccccc
eeeeeeeeeeeeeeeeeeeeeeeeeeeeabccccccccccccccccccccc
eeeeeeeeeeeeeeeeeeeeeeeeeeeeabccccccccccccccccccccc
eeeeeeeeeeeeeeeeeeeeeeeeeeeeabccccccccccccccccccccc
eeeeeeeeeeeeeeeeeeeeeeeeeeeeabcccccccccccccccccccccabccccccccccccccccccccc
eeeeeeeeeeeeeeeeeeeeeeeeeeee
abccccccccccccccccccccc
eeeeeeeeeeeeeeeeeeeeeeeeeeee
abccccccccccccccccccccc
eeeeeeeeeeeeeeeeeeeeeeeeeeeeabccccccccccccccccccccc
eeeeeeeeeeeeeeeeeeeeeeeeeeeeabccccccccccccccccccccc
eeeeeeeeeeeeeeeeeeeeeeeeeeeeabccccccccccccccccccccc
eeeeeeeeeeeeeeeeeeeeeeeeeeeeabccccccccccccccccccccc
eeeeeeeeeeeeeeeeeeeeeeeeeeeeabccccccccccccccccccccc
eeeeeeeeeeeeeeeeeeeeeeeeeeeeabccccccccccccccccccccc
eeeeeeeeeeeeeeeeeeeeeeeeeeeeabccccccccccccccccccccc
eeeeeeeeeeeeeeeeeeeeeeeeeeeeabccccccccccccccccccccc
eeeeeeeeeeeeeeeeeeeeeeeeeeeeabccccccccccccccccccccc
eeeeeeeeeeeeeeeeeeeeeeeeeeeeabccccccccccccccccccccc
eeeeeeeeeeeeeeeeeeeeeeeeeeeeabccccccccccccccccccccc
eeeeeeeeeeeeeeeeeeeeeeeeeeeeabcccccccccccccccccccccabccccccccccccccccccccc
eeeeeeeeeeeeeeeeeeeeeeeeeeee
abccccccccccccccccccccc
eeeeeeeeeeeeeeeeeeeeeeeeeeee
abccccccccccccccccccccc
eeeeeeeeeeeeeeeeeeeeeeeeeeeeabccccccccccccccccccccc
eeeeeeeeeeeeeeeeeeeeeeeeeeeeabccccccccccccccccccccc
eeeeeeeeeeeeeeeeeeeeeeeeeeeeabccccccccccccccccccccc
eeeeeeeeeeeeeeeeeeeeeeeeeeeeabccccccccccccccccccccc
eeeeeeeeeeeeeeeeeeeeeeeeeeeeabccccccccccccccccccccc
eeeeeeeeeeeeeeeeeeeeeeeeeeeeabccccccccccccccccccccc
eeeeeeeeeeeeeeeeeeeeeeeeeeeeabccccccccccccccccccccc
eeeeeeeeeeeeeeeeeeeeeeeeeeeeabccccccccccccccccccccc
eeeeeeeeeeeeeeeeeeeeeeeeeeeeabccccccccccccccccccccc
eeeeeeeeeeeeeeeeeeeeeeeeeeeeabccccccccccccccccccccc
eeeeeeeeeeeeeeeeeeeeeeeeeeeeabccccccccccccccccccccc
eeeeeeeeeeeeeeeeeeeeeeeeeeeeabcccccccccccccccccccccabccccccccccccccccccccc
eeeeeeeeeeeeeeeeeeeeeeeeeeee
abccccccccccccccccccccc
eeeeeeeeeeeeeeeeeeeeeeeeeeee
abccccccccccccccccccccc
eeeeeeeeeeeeeeeeeeeeeeeeeeeeabccccccccccccccccccccc
eeeeeeeeeeeeeeeeeeeeeeeeeeeeabccccccccccccccccccccc
eeeeeeeeeeeeeeeeeeeeeeeeeeeeabccccccccccccccccccccc
eeeeeeeeeeeeeeeeeeeeeeeeeeeeabccccccccccccccccccccc
eeeeeeeeeeeeeeeeeeeeeeeeeeeeabccccccccccccccccccccc
eeeeeeeeeeeeeeeeeeeeeeeeeeeeabccccccccccccccccccccc
eeeeeeeeeeeeeeeeeeeeeeeeeeeeabccccccccccccccccccccc
eeeeeeeeeeeeeeeeeeeeeeeeeeeeabccccccccccccccccccccc
eeeeeeeeeeeeeeeeeeeeeeeeeeeeabccccccccccccccccccccc
eeeeeeeeeeeeeeeeeeeeeeeeeeeeabccccccccccccccccccccc
eeeeeeeeeeeeeeeeeeeeeeeeeeeeabccccccccccccccccccccc
eeeeeeeeeeeeeeeeeeeeeeeeeeeeabcccccccccccccccccccccabccccccccccccccccccccc
eeeeeeeeeeeeeeeeeeeeeeeeeeee
abccccccccccccccccccccc
eeeeeeeeeeeeeeeeeeeeeeeeeeee
abccccccccccccccccccccc
eeeeeeeeeeeeeeeeeeeeeeeeeeeeabccccccccccccccccccccc
eeeeeeeeeeeeeeeeeeeeeeeeeeeeabccccccccccccccccccccc
eeeeeeeeeeeeeeeeeeeeeeeeeeeeabccccccccccccccccccccc
eeeeeeeeeeeeeeeeeeeeeeeeeeeeabccccccccccccccccccccc
eeeeeeeeeeeeeeeeeeeeeeeeeeeeabccccccccccccccccccccc
eeeeeeeeeeeeeeeeeeeeeeeeeeeeabccccccccccccccccccccc
eeeeeeeeeeeeeeeeeeeeeeeeeeeeabccccccccccccccccccccc
eeeeeeeeeeeeeeeeeeeeeeeeeeeeabccccccccccccccccccccc
eeeeeeeeeeeeeeeeeeeeeeeeeeeeabccccccccccccccccccccc
eeeeeeeeeeeeeeeeeeeeeeeeeeeeabccccccccccccccccccccc
eeeeeeeeeeeeeeeeeeeeeeeeeeeeabccccccccccccccccccccc
eeeeeeeeeeeeeeeeeeeeeeeeeeeeabcccccccccccccccccccccabccccccccccccccccccccc
eeeeeeeeeeeeeeeeeeeeeeeeeeee
abccccccccccccccccccccc
eeeeeeeeeeeeeeeeeeeeeeeeeeee
abccccccccccccccccccccc
eeeeeeeeeeeeeeeeeeeeeeeeeeeeabccccccccccccccccccccc
eeeeeeeeeeeeeeeeeeeeeeeeeeeeabccccccccccccccccccccc
eeeeeeeeeeeeeeeeeeeeeeeeeeeeabccccccccccccccccccccc
eeeeeeeeeeeeeeeeeeeeeeeeeeeeabccccccccccccccccccccc
eeeeeeeeeeeeeeeeeeeeeeeeeeeeabccccccccccccccccccccc
eeeeeeeeeeeeeeeeeeeeeeeeeeeeabccccccccccccccccccccc
eeeeeeeeeeeeeeeeeeeeeeeeeeeeabccccccccccccccccccccc
eeeeeeeeeeeeeeeeeeeeeeeeeeeeabccccccccccccccccccccc
eeeeeeeeeeeeeeeeeeeeeeeeeeeeabccccccccccccccccccccc
eeeeeeeeeeeeeeeeeeeeeeeeeeeeabccccccccccccccccccccc
eeeeeeeeeeeeeeeeeeeeeeeeeeeeabccccccccccccccccccccc
eeeeeeeeeeeeeeeeeeeeeeeeeeeeabcccccccccccccccccccccabccccccccccccccccccccc
eeeeeeeeeeeeeeeeeeeeeeeeeeee
abccccccccccccccccccccc
eeeeeeeeeeeeeeeeeeeeeeeeeeee
abccccccccccccccccccccc
eeeeeeeeeeeeeeeeeeeeeeeeeeeeabccccccccccccccccccccc
eeeeeeeeeeeeeeeeeeeeeeeeeeeeabccccccccccccccccccccc
eeeeeeeeeeeeeeeeeeeeeeeeeeeeabccccccccccccccccccccc
eeeeeeeeeeeeeeeeeeeeeeeeeeeeabccccccccccccccccccccc
eeeeeeeeeeeeeeeeeeeeeeeeeeeeabccccccccccccccccccccc
eeeeeeeeeeeeeeeeeeeeeeeeeeeeabccccccccccccccccccccc
eeeeeeeeeeeeeeeeeeeeeeeeeeeeabccccccccccccccccccccc
eeeeeeeeeeeeeeeeeeeeeeeeeeeeabccccccccccccccccccccc
eeeeeeeeeeeeeeeeeeeeeeeeeeeeabccccccccccccccccccccc
eeeeeeeeeeeeeeeeeeeeeeeeeeeeabccccccccccccccccccccc
eeeeeeeeeeeeeeeeeeeeeeeeeeeeabccccccccccccccccccccc
eeeeeeeeeeeeeeeeeeeeeeeeeeeeabcccccccccccccccccccccabccccccccccccccccccccc
eeeeeeeeeeeeeeeeeeeeeeeeeeee
abccccccccccccccccccccc
eeeeeeeeeeeeeeeeeeeeeeeeeeee
abccccccccccccccccccccc
eeeeeeeeeeeeeeeeeeeeeeeeeeeeabccccccccccccccccccccc
eeeeeeeeeeeeeeeeeeeeeeeeeeeeabccccccccccccccccccccc
eeeeeeeeeeeeeeeeeeeeeeeeeeeeabccccccccccccccccccccc
eeeeeeeeeeeeeeeeeeeeeeeeeeeeabccccccccccccccccccccc
eeeeeeeeeeeeeeeeeeeeeeeeeeeeabccccccccccccccccccccc
eeeeeeeeeeeeeeeeeeeeeeeeeeeeabccccccccccccccccccccc
eeeeeeeeeeeeeeeeeeeeeeeeeeeeabccccccccccccccccccccc
eeeeeeeeeeeeeeeeeeeeeeeeeeeeabccccccccccccccccccccc
eeeeeeeeeeeeeeeeeeeeeeeeeeeeabccccccccccccccccccccc
eeeeeeeeeeeeeeeeeeeeeeeeeeeeabccccccccccccccccccccc
eeeeeeeeeeeeeeeeeeeeeeeeeeeeabccccccccccccccccccccc
eeeeeeeeeeeeeeeeeeeeeeeeeeeeabcccccccccccccccccccccabccccccccccccccccccccc
eeeeeeeeeeeeeeeeeeeeeeeeeeee
abccccccccccccccccccccc
eeeeeeeeeeeeeeeeeeeeeeeeeeee
abccccccccccccccccccccc
eeeeeeeeeeeeeeeeeeeeeeeeeeeeabccccccccccccccccccccc
eeeeeeeeeeeeeeeeeeeeeeeeeeeeabccccccccccccccccccccc
eeeeeeeeeeeeeeeeeeeeeeeeeeeeabccccccccccccccccccccc
eeeeeeeeeeeeeeeeeeeeeeeeeeeeabccccccccccccccccccccc
eeeeeeeeeeeeeeeeeeeeeeeeeeeeabccccccccccccccccccccc
eeeeeeeeeeeeeeeeeeeeeeeeeeeeabccccccccccccccccccccc
eeeeeeeeeeeeeeeeeeeeeeeeeeeeabccccccccccccccccccccc
eeeeeeeeeeeeeeeeeeeeeeeeeeeeabccccccccccccccccccccc
eeeeeeeeeeeeeeeeeeeeeeeeeeeeabccccccccccccccccccccc
eeeeeeeeeeeeeeeeeeeeeeeeeeeeabccccccccccccccccccccc
eeeeeeeeeeeeeeeeeeeeeeeeeeeeabccccccccccccccccccccc
eeeeeeeeeeeeeeeeeeeeeeeeeeeeabcccccccccccccccccccccabccccccccccccccccccccc
eeeeeeeeeeeeeeeeeeeeeeeeeeee
abccccccccccccccccccccc
eeeeeeeeeeeeeeeeeeeeeeeeeeee
abccccccccccccccccccccc
eeeeeeeeeeeeeeeeeeeeeeeeeeeeabccccccccccccccccccccc
eeeeeeeeeeeeeeeeeeeeeeeeeeeeabccccccccccccccccccccc
eeeeeeeeeeeeeeeeeeeeeeeeeeeeabccccccccccccccccccccc
eeeeeeeeeeeeeeeeeeeeeeeeeeeeabccccccccccccccccccccc
eeeeeeeeeeeeeeeeeeeeeeeeeeeeabccccccccccccccccccccc
eeeeeeeeeeeeeeeeeeeeeeeeeeeeabccccccccccccccccccccc
eeeeeeeeeeeeeeeeeeeeeeeeeeeeabccccccccccccccccccccc
eeeeeeeeeeeeeeeeeeeeeeeeeeeeabccccccccccccccccccccc
eeeeeeeeeeeeeeeeeeeeeeeeeeeeabccccccccccccccccccccc
eeeeeeeeeeeeeeeeeeeeeeeeeeeeabccccccccccccccccccccc
eeeeeeeeeeeeeeeeeeeeeeeeeeeeabccccccccccccccccccccc
eeeeeeeeeeeeeeeeeeeeeeeeeeeeabcccccccccccccccccccccabccccccccccccccccccccc
eeeeeeeeeeeeeeeeeeeeeeeeeeee
abccccccccccccccccccccc
eeeeeeeeeeeeeeeeeeeeeeeeeeee
abccccccccccccccccccccc
eeeeeeeeeeeeeeeeeeeeeeeeeeeeabccccccccccccccccccccc
eeeeeeeeeeeeeeeeeeeeeeeeeeeeabccccccccccccccccccccc
eeeeeeeeeeeeeeeeeeeeeeeeeeeeabccccccccccccccccccccc
eeeeeeeeeeeeeeeeeeeeeeeeeeeeabccccccccccccccccccccc
eeeeeeeeeeeeeeeeeeeeeeeeeeeeabccccccccccccccccccccc
eeeeeeeeeeeeeeeeeeeeeeeeeeeeabccccccccccccccccccccc
eeeeeeeeeeeeeeeeeeeeeeeeeeeeabccccccccccccccccccccc
eeeeeeeeeeeeeeeeeeeeeeeeeeeeabccccccccccccccccccccc
eeeeeeeeeeeeeeeeeeeeeeeeeeeeabccccccccccccccccccccc
eeeeeeeeeeeeeeeeeeeeeeeeeeeeabccccccccccccccccccccc
eeeeeeeeeeeeeeeeeeeeeeeeeeeeabccccccccccccccccccccc
eeeeeeeeeeeeeeeeeeeeeeeeeeeeabcccccccccccccccccccccabccccccccccccccccccccc
eeeeeeeeeeeeeeeeeeeeeeeeeeee
abccccccccccccccccccccc
eeeeeeeeeeeeeeeeeeeeeeeeeeee
abccccccccccccccccccccc
eeeeeeeeeeeeeeeeeeeeeeeeeeeeabccccccccccccccccccccc
eeeeeeeeeeeeeeeeeeeeeeeeeeeeabccccccccccccccccccccc
eeeeeeeeeeeeeeeeeeeeeeeeeeeeabccccccccccccccccccccc
eeeeeeeeeeeeeeeeeeeeeeeeeeeeabccccccccccccccccccccc
eeeeeeeeeeeeeeeeeeeeeeeeeeeeabccccccccccccccccccccc
eeeeeeeeeeeeeeeeeeeeeeeeeeeeabccccccccccccccccccccc
eeeeeeeeeeeeeeeeeeeeeeeeeeeeabccccccccccccccccccccc
eeeeeeeeeeeeeeeeeeeeeeeeeeeeabccccccccccccccccccccc
eeeeeeeeeeeeeeeeeeeeeeeeeeeeabccccccccccccccccccccc
eeeeeeeeeeeeeeeeeeeeeeeeeeeeabccccccccccccccccccccc
eeeeeeeeeeeeeeeeeeeeeeeeeeeeabccccccccccccccccccccc
eeeeeeeeeeeeeeeeeeeeeeeeeeeeabcccccccccccccccccccccabccccccccccccccccccccc
eeeeeeeeeeeeeeeeeeeeeeeeeeee
abccccccccccccccccccccc
eeeeeeeeeeeeeeeeeeeeeeeeeeee
abccccccccccccccccccccc
eeeeeeeeeeeeeeeeeeeeeeeeeeeeabccccccccccccccccccccc
eeeeeeeeeeeeeeeeeeeeeeeeeeeeabccccccccccccccccccccc
eeeeeeeeeeeeeeeeeeeeeeeeeeeeabccccccccccccccccccccc
eeeeeeeeeeeeeeeeeeeeeeeeeeeeabccccccccccccccccccccc
eeeeeeeeeeeeeeeeeeeeeeeeeeeeabccccccccccccccccccccc
eeeeeeeeeeeeeeeeeeeeeeeeeeeeabccccccccccccccccccccc
eeeeeeeeeeeeeeeeeeeeeeeeeeeeabccccccccccccccccccccc
eeeeeeeeeeeeeeeeeeeeeeeeeeeeabccccccccccccccccccccc
eeeeeeeeeeeeeeeeeeeeeeeeeeeeabccccccccccccccccccccc
eeeeeeeeeeeeeeeeeeeeeeeeeeeeabccccccccccccccccccccc
eeeeeeeeeeeeeeeeeeeeeeeeeeeeabccccccccccccccccccccc
eeeeeeeeeeeeeeeeeeeeeeeeeeeeabcccccccccccccccccccccabccccccccccccccccccccc
eeeeeeeeeeeeeeeeeeeeeeeeeeee
abccccccccccccccccccccc
eeeeeeeeeeeeeeeeeeeeeeeeeeee
abccccccccccccccccccccc
eeeeeeeeeeeeeeeeeeeeeeeeeeeeabccccccccccccccccccccc
eeeeeeeeeeeeeeeeeeeeeeeeeeeeabccccccccccccccccccccc
eeeeeeeeeeeeeeeeeeeeeeeeeeeeabccccccccccccccccccccc
eeeeeeeeeeeeeeeeeeeeeeeeeeeeabccccccccccccccccccccc
eeeeeeeeeeeeeeeeeeeeeeeeeeeeabccccccccccccccccccccc
eeeeeeeeeeeeeeeeeeeeeeeeeeeeabccccccccccccccccccccc
eeeeeeeeeeeeeeeeeeeeeeeeeeeeabccccccccccccccccccccc
eeeeeeeeeeeeeeeeeeeeeeeeeeeeabccccccccccccccccccccc
eeeeeeeeeeeeeeeeeeeeeeeeeeeeabccccccccccccccccccccc
eeeeeeeeeeeeeeeeeeeeeeeeeeeeabccccccccccccccccccccc
eeeeeeeeeeeeeeeeeeeeeeeeeeeeabccccccccccccccccccccc
eeeeeeeeeeeeeeeeeeeeeeeeeeeeabcccccccccccccccccccccabccccccccccccccccccccc
eeeeeeeeeeeeeeeeeeeeeeeeeeee
abccccccccccccccccccccc
eeeeeeeeeeeeeeeeeeeeeeeeeeee
abccccccccccccccccccccc
eeeeeeeeeeeeeeeeeeeeeeeeeeeeabccccccccccccccccccccc
eeeeeeeeeeeeeeeeeeeeeeeeeeeeabccccccccccccccccccccc
eeeeeeeeeeeeeeeeeeeeeeeeeeeeabccccccccccccccccccccc
eeeeeeeeeeeeeeeeeeeeeeeeeeeeabccccccccccccccccccccc
eeeeeeeeeeeeeeeeeeeeeeeeeeeeabccccccccccccccccccccc
eeeeeeeeeeeeeeeeeeeeeeeeeeeeabccccccccccccccccccccc
eeeeeeeeeeeeeeeeeeeeeeeeeeeeabccccccccccccccccccccc
eeeeeeeeeeeeeeeeeeeeeeeeeeeeabccccccccccccccccccccc
eeeeeeeeeeeeeeeeeeeeeeeeeeeeabccccccccccccccccccccc
eeeeeeeeeeeeeeeeeeeeeeeeeeeeabccccccccccccccccccccc
eeeeeeeeeeeeeeeeeeeeeeeeeeeeabccccccccccccccccccccc
eeeeeeeeeeeeeeeeeeeeeeeeeeeeabcccccccccccccccccccccabccccccccccccccccccccc
eeeeeeeeeeeeeeeeeeeeeeeeeeee
abccccccccccccccccccccc
eeeeeeeeeeeeeeeeeeeeeeeeeeee
abccccccccccccccccccccc
eeeeeeeeeeeeeeeeeeeeeeeeeeeeabccccccccccccccccccccc
eeeeeeeeeeeeeeeeeeeeeeeeeeeeabccccccccccccccccccccc
eeeeeeeeeeeeeeeeeeeeeeeeeeeeabccccccccccccccccccccc
eeeeeeeeeeeeeeeeeeeeeeeeeeeeabccccccccccccccccccccc
eeeeeeeeeeeeeeeeeeeeeeeeeeeeabccccccccccccccccccccc
eeeeeeeeeeeeeeeeeeeeeeeeeeeeabccccccccccccccccccccc
eeeeeeeeeeeeeeeeeeeeeeeeeeeeabccccccccccccccccccccc
eeeeeeeeeeeeeeeeeeeeeeeeeeeeabccccccccccccccccccccc
eeeeeeeeeeeeeeeeeeeeeeeeeeeeabccccccccccccccccccccc
eeeeeeeeeeeeeeeeeeeeeeeeeeeeabccccccccccccccccccccc
eeeeeeeeeeeeeeeeeeeeeeeeeeeeabccccccccccccccccccccc
eeeeeeeeeeeeeeeeeeeeeeeeeeeeabcccccccccccccccccccccabccccccccccccccccccccc
eeeeeeeeeeeeeeeeeeeeeeeeeeee
abccccccccccccccccccccc
eeeeeeeeeeeeeeeeeeeeeeeeeeee
abccccccccccccccccccccc
eeeeeeeeeeeeeeeeeeeeeeeeeeeeabccccccccccccccccccccc
eeeeeeeeeeeeeeeeeeeeeeeeeeeeabccccccccccccccccccccc
eeeeeeeeeeeeeeeeeeeeeeeeeeeeabccccccccccccccccccccc
eeeeeeeeeeeeeeeeeeeeeeeeeeeeabccccccccccccccccccccc
eeeeeeeeeeeeeeeeeeeeeeeeeeeeabccccccccccccccccccccc
eeeeeeeeeeeeeeeeeeeeeeeeeeeeabccccccccccccccccccccc
eeeeeeeeeeeeeeeeeeeeeeeeeeeeabccccccccccccccccccccc
eeeeeeeeeeeeeeeeeeeeeeeeeeeeabccccccccccccccccccccc
eeeeeeeeeeeeeeeeeeeeeeeeeeeeabccccccccccccccccccccc
eeeeeeeeeeeeeeeeeeeeeeeeeeeeabccccccccccccccccccccc
eeeeeeeeeeeeeeeeeeeeeeeeeeeeabccccccccccccccccccccc
eeeeeeeeeeeeeeeeeeeeeeeeeeeeabcccccccccccccccccccccabccccccccccccccccccccc
eeeeeeeeeeeeeeeeeeeeeeeeeeee
abccccccccccccccccccccc
eeeeeeeeeeeeeeeeeeeeeeeeeeee
abccccccccccccccccccccc
eeeeeeeeeeeeeeeeeeeeeeeeeeeeabccccccccccccccccccccc
eeeeeeeeeeeeeeeeeeeeeeeeeeeeabccccccccccccccccccccc
eeeeeeeeeeeeeeeeeeeeeeeeeeeeabccccccccccccccccccccc
eeeeeeeeeeeeeeeeeeeeeeeeeeeeabccccccccccccccccccccc
eeeeeeeeeeeeeeeeeeeeeeeeeeeeabccccccccccccccccccccc
eeeeeeeeeeeeeeeeeeeeeeeeeeeeabccccccccccccccccccccc
eeeeeeeeeeeeeeeeeeeeeeeeeeeeabccccccccccccccccccccc
eeeeeeeeeeeeeeeeeeeeeeeeeeeeabccccccccccccccccccccc
eeeeeeeeeeeeeeeeeeeeeeeeeeeeabccccccccccccccccccccc
eeeeeeeeeeeeeeeeeeeeeeeeeeeeabccccccccccccccccccccc
eeeeeeeeeeeeeeeeeeeeeeeeeeeeabccccccccccccccccccccc
eeeeeeeeeeeeeeeeeeeeeeeeeeeeabcccccccccccccccccccccabccccccccccccccccccccc
eeeeeeeeeeeeeeeeeeeeeeeeeeee
abccccccccccccccccccccc
eeeeeeeeeeeeeeeeeeeeeeeeeeee
abccccccccccccccccccccc
eeeeeeeeeeeeeeeeeeeeeeeeeeeeabccccccccccccccccccccc
eeeeeeeeeeeeeeeeeeeeeeeeeeeeabccccccccccccccccccccc
eeeeeeeeeeeeeeeeeeeeeeeeeeeeabccccccccccccccccccccc
eeeeeeeeeeeeeeeeeeeeeeeeeeeeabccccccccccccccccccccc
eeeeeeeeeeeeeeeeeeeeeeeeeeeeabccccccccccccccccccccc
eeeeeeeeeeeeeeeeeeeeeeeeeeeeabccccccccccccccccccccc
eeeeeeeeeeeeeeeeeeeeeeeeeeeeabccccccccccccccccccccc
eeeeeeeeeeeeeeeeeeeeeeeeeeeeabccccccccccccccccccccc
eeeeeeeeeeeeeeeeeeeeeeeeeeeeabccccccccccccccccccccc
eeeeeeeeeeeeeeeeeeeeeeeeeeeeabccccccccccccccccccccc
eeeeeeeeeeeeeeeeeeeeeeeeeeeeabccccccccccccccccccccc
eeeeeeeeeeeeeeeeeeeeeeeeeeeeabcccccccccccccccccccccabccccccccccccccccccccc
eeeeeeeeeeeeeeeeeeeeeeeeeeee
abccccccccccccccccccccc
eeeeeeeeeeeeeeeeeeeeeeeeeeee
abccccccccccccccccccccc
eeeeeeeeeeeeeeeeeeeeeeeeeeeeabccccccccccccccccccccc
eeeeeeeeeeeeeeeeeeeeeeeeeeeeabccccccccccccccccccccc
eeeeeeeeeeeeeeeeeeeeeeeeeeeeabccccccccccccccccccccc
eeeeeeeeeeeeeeeeeeeeeeeeeeeeabccccccccccccccccccccc
eeeeeeeeeeeeeeeeeeeeeeeeeeeeabccccccccccccccccccccc
eeeeeeeeeeeeeeeeeeeeeeeeeeeeabccccccccccccccccccccc
eeeeeeeeeeeeeeeeeeeeeeeeeeeeabccccccccccccccccccccc
eeeeeeeeeeeeeeeeeeeeeeeeeeeeabccccccccccccccccccccc
eeeeeeeeeeeeeeeeeeeeeeeeeeeeabccccccccccccccccccccc
eeeeeeeeeeeeeeeeeeeeeeeeeeeeabccccccccccccccccccccc
eeeeeeeeeeeeeeeeeeeeeeeeeeeeabccccccccccccccccccccc
eeeeeeeeeeeeeeeeeeeeeeeeeeeeabcccccccccccccccccccccabccccccccccccccccccccc
eeeeeeeeeeeeeeeeeeeeeeeeeeee
abccccccccccccccccccccc
eeeeeeeeeeeeeeeeeeeeeeeeeeee
abccccccccccccccccccccc
eeeeeeeeeeeeeeeeeeeeeeeeeeeeabccccccccccccccccccccc
eeeeeeeeeeeeeeeeeeeeeeeeeeeeabccccccccccccccccccccc
eeeeeeeeeeeeeeeeeeeeeeeeeeeeabccccccccccccccccccccc
eeeeeeeeeeeeeeeeeeeeeeeeeeeeabccccccccccccccccccccc
eeeeeeeeeeeeeeeeeeeeeeeeeeeeabccccccccccccccccccccc
eeeeeeeeeeeeeeeeeeeeeeeeeeeeabccccccccccccccccccccc
eeeeeeeeeeeeeeeeeeeeeeeeeeeeabccccccccccccccccccccc
eeeeeeeeeeeeeeeeeeeeeeeeeeeeabccccccccccccccccccccc
eeeeeeeeeeeeeeeeeeeeeeeeeeeeabccccccccccccccccccccc
eeeeeeeeeeeeeeeeeeeeeeeeeeeeabccccccccccccccccccccc
eeeeeeeeeeeeeeeeeeeeeeeeeeeeabccccccccccccccccccccc
eeeeeeeeeeeeeeeeeeeeeeeeeeeeabcccccccccccccccccccccabccccccccccccccccccccc
eeeeeeeeeeeeeeeeeeeeeeeeeeee
abccccccccccccccccccccc
eeeeeeeeeeeeeeeeeeeeeeeeeeee
abccccccccccccccccccccc
eeeeeeeeeeeeeeeeeeeeeeeeeeeeabccccccccccccccccccccc
eeeeeeeeeeeeeeeeeeeeeeeeeeeeabccccccccccccccccccccc
eeeeeeeeeeeeeeeeeeeeeeeeeeeeabccccccccccccccccccccc
eeeeeeeeeeeeeeeeeeeeeeeeeeeeabccccccccccccccccccccc
eeeeeeeeeeeeeeeeeeeeeeeeeeeeabccccccccccccccccccccc
eeeeeeeeeeeeeeeeeeeeeeeeeeeeabccccccccccccccccccccc
eeeeeeeeeeeeeeeeeeeeeeeeeeeeabccccccccccccccccccccc
eeeeeeeeeeeeeeeeeeeeeeeeeeeeabccccccccccccccccccccc
eeeeeeeeeeeeeeeeeeeeeeeeeeeeabccccccccccccccccccccc
eeeeeeeeeeeeeeeeeeeeeeeeeeeeabccccccccccccccccccccc
eeeeeeeeeeeeeeeeeeeeeeeeeeeeabccccccccccccccccccccc
eeeeeeeeeeeeeeeeeeeeeeeeeeeeabcccccccccccccccccccccabccccccccccccccccccccc
eeeeeeeeeeeeeeeeeeeeeeeeeeee
abccccccccccccccccccccc
eeeeeeeeeeeeeeeeeeeeeeeeeeee
abccccccccccccccccccccc
eeeeeeeeeeeeeeeeeeeeeeeeeeeeabccccccccccccccccccccc
eeeeeeeeeeeeeeeeeeeeeeeeeeeeabccccccccccccccccccccc
eeeeeeeeeeeeeeeeeeeeeeeeeeeeabccccccccccccccccccccc
eeeeeeeeeeeeeeeeeeeeeeeeeeeeabccccccccccccccccccccc
eeeeeeeeeeeeeeeeeeeeeeeeeeeeabccccccccccccccccccccc
eeeeeeeeeeeeeeeeeeeeeeeeeeeeabccccccccccccccccccccc
eeeeeeeeeeeeeeeeeeeeeeeeeeeeabccccccccccccccccccccc
eeeeeeeeeeeeeeeeeeeeeeeeeeeeabccccccccccccccccccccc
eeeeeeeeeeeeeeeeeeeeeeeeeeeeabccccccccccccccccccccc
eeeeeeeeeeeeeeeeeeeeeeeeeeeeabccccccccccccccccccccc
eeeeeeeeeeeeeeeeeeeeeeeeeeeeabccccccccccccccccccccc
eeeeeeeeeeeeeeeeeeeeeeeeeeeeabcccccccccccccccccccccabccccccccccccccccccccc
eeeeeeeeeeeeeeeeeeeeeeeeeeee
abccccccccccccccccccccc
eeeeeeeeeeeeeeeeeeeeeeeeeeee
abccccccccccccccccccccc
eeeeeeeeeeeeeeeeeeeeeeeeeeeeabccccccccccccccccccccc
eeeeeeeeeeeeeeeeeeeeeeeeeeeeabccccccccccccccccccccc
eeeeeeeeeeeeeeeeeeeeeeeeeeeeabccccccccccccccccccccc
eeeeeeeeeeeeeeeeeeeeeeeeeeeeabccccccccccccccccccccc
eeeeeeeeeeeeeeeeeeeeeeeeeeeeabccccccccccccccccccccc
eeeeeeeeeeeeeeeeeeeeeeeeeeeeabccccccccccccccccccccc
eeeeeeeeeeeeeeeeeeeeeeeeeeeeabccccccccccccccccccccc
eeeeeeeeeeeeeeeeeeeeeeeeeeeeabccccccccccccccccccccc
eeeeeeeeeeeeeeeeeeeeeeeeeeeeabccccccccccccccccccccc
eeeeeeeeeeeeeeeeeeeeeeeeeeeeabccccccccccccccccccccc
eeeeeeeeeeeeeeeeeeeeeeeeeeeeabccccccccccccccccccccc
eeeeeeeeeeeeeeeeeeeeeeeeeeeeabcccccccccccccccccccccabccccccccccccccccccccc
eeeeeeeeeeeeeeeeeeeeeeeeeeee
abccccccccccccccccccccc
eeeeeeeeeeeeeeeeeeeeeeeeeeee
abccccccccccccccccccccc
eeeeeeeeeeeeeeeeeeeeeeeeeeeeabccccccccccccccccccccc
eeeeeeeeeeeeeeeeeeeeeeeeeeeeabccccccccccccccccccccc
eeeeeeeeeeeeeeeeeeeeeeeeeeeeabccccccccccccccccccccc
eeeeeeeeeeeeeeeeeeeeeeeeeeeeabccccccccccccccccccccc
eeeeeeeeeeeeeeeeeeeeeeeeeeeeabccccccccccccccccccccc
eeeeeeeeeeeeeeeeeeeeeeeeeeeeabccccccccccccccccccccc
eeeeeeeeeeeeeeeeeeeeeeeeeeeeabccccccccccccccccccccc
eeeeeeeeeeeeeeeeeeeeeeeeeeeeabccccccccccccccccccccc
eeeeeeeeeeeeeeeeeeeeeeeeeeeeabccccccccccccccccccccc
eeeeeeeeeeeeeeeeeeeeeeeeeeeeabccccccccccccccccccccc
eeeeeeeeeeeeeeeeeeeeeeeeeeeeabccccccccccccccccccccc
eeeeeeeeeeeeeeeeeeeeeeeeeeeeabcccccccccccccccccccccabccccccccccccccccccccc
eeeeeeeeeeeeeeeeeeeeeeeeeeee
abccccccccccccccccccccc
eeeeeeeeeeeeeeeeeeeeeeeeeeee
abccccccccccccccccccccc
eeeeeeeeeeeeeeeeeeeeeeeeeeeeabccccccccccccccccccccc
eeeeeeeeeeeeeeeeeeeeeeeeeeeeabccccccccccccccccccccc
eeeeeeeeeeeeeeeeeeeeeeeeeeeeabccccccccccccccccccccc
eeeeeeeeeeeeeeeeeeeeeeeeeeeeabccccccccccccccccccccc
eeeeeeeeeeeeeeeeeeeeeeeeeeeeabccccccccccccccccccccc
eeeeeeeeeeeeeeeeeeeeeeeeeeeeabccccccccccccccccccccc
eeeeeeeeeeeeeeeeeeeeeeeeeeeeabccccccccccccccccccccc
eeeeeeeeeeeeeeeeeeeeeeeeeeeeabccccccccccccccccccccc
eeeeeeeeeeeeeeeeeeeeeeeeeeeeabccccccccccccccccccccc
eeeeeeeeeeeeeeeeeeeeeeeeeeeeabccccccccccccccccccccc
eeeeeeeeeeeeeeeeeeeeeeeeeeeeabccccccccccccccccccccc
eeeeeeeeeeeeeeeeeeeeeeeeeeeeabcccccccccccccccccccccabccccccccccccccccccccc
eeeeeeeeeeeeeeeeeeeeeeeeeeee
abccccccccccccccccccccc
eeeeeeeeeeeeeeeeeeeeeeeeeeee
abccccccccccccccccccccc
eeeeeeeeeeeeeeeeeeeeeeeeeeeeabccccccccccccccccccccc
eeeeeeeeeeeeeeeeeeeeeeeeeeeeabccccccccccccccccccccc
eeeeeeeeeeeeeeeeeeeeeeeeeeeeabccccccccccccccccccccc
eeeeeeeeeeeeeeeeeeeeeeeeeeeeabccccccccccccccccccccc
eeeeeeeeeeeeeeeeeeeeeeeeeeeeabccccccccccccccccccccc
eeeeeeeeeeeeeeeeeeeeeeeeeeeeabccccccccccccccccccccc
eeeeeeeeeeeeeeeeeeeeeeeeeeeeabccccccccccccccccccccc
eeeeeeeeeeeeeeeeeeeeeeeeeeeeabccccccccccccccccccccc
eeeeeeeeeeeeeeeeeeeeeeeeeeeeabccccccccccccccccccccc
eeeeeeeeeeeeeeeeeeeeeeeeeeeeabccccccccccccccccccccc
eeeeeeeeeeeeeeeeeeeeeeeeeeeeabccccccccccccccccccccc
eeeeeeeeeeeeeeeeeeeeeeeeeeeeabcccccccccccccccccccccabccccccccccccccccccccc
eeeeeeeeeeeeeeeeeeeeeeeeeeee
abccccccccccccccccccccc
eeeeeeeeeeeeeeeeeeeeeeeeeeee
abccccccccccccccccccccc
eeeeeeeeeeeeeeeeeeeeeeeeeeeeabccccccccccccccccccccc
eeeeeeeeeeeeeeeeeeeeeeeeeeeeabccccccccccccccccccccc
eeeeeeeeeeeeeeeeeeeeeeeeeeeeabccccccccccccccccccccc
eeeeeeeeeeeeeeeeeeeeeeeeeeeeabccccccccccccccccccccc
eeeeeeeeeeeeeeeeeeeeeeeeeeeeabccccccccccccccccccccc
eeeeeeeeeeeeeeeeeeeeeeeeeeeeabccccccccccccccccccccc
eeeeeeeeeeeeeeeeeeeeeeeeeeeeabccccccccccccccccccccc
eeeeeeeeeeeeeeeeeeeeeeeeeeeeabccccccccccccccccccccc
eeeeeeeeeeeeeeeeeeeeeeeeeeeeabccccccccccccccccccccc
eeeeeeeeeeeeeeeeeeeeeeeeeeeeabccccccccccccccccccccc
eeeeeeeeeeeeeeeeeeeeeeeeeeeeabccccccccccccccccccccc
eeeeeeeeeeeeeeeeeeeeeeeeeeeeabcccccccccccccccccccccabccccccccccccccccccccc
eeeeeeeeeeeeeeeeeeeeeeeeeeee
abccccccccccccccccccccc
eeeeeeeeeeeeeeeeeeeeeeeeeeee
abccccccccccccccccccccc
eeeeeeeeeeeeeeeeeeeeeeeeeeeeabccccccccccccccccccccc
eeeeeeeeeeeeeeeeeeeeeeeeeeeeabccccccccccccccccccccc
eeeeeeeeeeeeeeeeeeeeeeeeeeeeabccccccccccccccccccccc
eeeeeeeeeeeeeeeeeeeeeeeeeeeeabccccccccccccccccccccc
eeeeeeeeeeeeeeeeeeeeeeeeeeeeabccccccccccccccccccccc
eeeeeeeeeeeeeeeeeeeeeeeeeeeeabccccccccccccccccccccc
eeeeeeeeeeeeeeeeeeeeeeeeeeeeabccccccccccccccccccccc
eeeeeeeeeeeeeeeeeeeeeeeeeeeeabccccccccccccccccccccc
eeeeeeeeeeeeeeeeeeeeeeeeeeeeabccccccccccccccccccccc
eeeeeeeeeeeeeeeeeeeeeeeeeeeeabccccccccccccccccccccc
eeeeeeeeeeeeeeeeeeeeeeeeeeeeabccccccccccccccccccccc
eeeeeeeeeeeeeeeeeeeeeeeeeeeeabcccccccccccccccccccccabccccccccccccccccccccc
eeeeeeeeeeeeeeeeeeeeeeeeeeee
abccccccccccccccccccccc
eeeeeeeeeeeeeeeeeeeeeeeeeeee
abccccccccccccccccccccc
eeeeeeeeeeeeeeeeeeeeeeeeeeeeabccccccccccccccccccccc
eeeeeeeeeeeeeeeeeeeeeeeeeeeeabccccccccccccccccccccc
eeeeeeeeeeeeeeeeeeeeeeeeeeeeabccccccccccccccccccccc
eeeeeeeeeeeeeeeeeeeeeeeeeeeeabccccccccccccccccccccc
eeeeeeeeeeeeeeeeeeeeeeeeeeeeabccccccccccccccccccccc
eeeeeeeeeeeeeeeeeeeeeeeeeeeeabccccccccccccccccccccc
eeeeeeeeeeeeeeeeeeeeeeeeeeeeabccccccccccccccccccccc
eeeeeeeeeeeeeeeeeeeeeeeeeeeeabccccccccccccccccccccc
eeeeeeeeeeeeeeeeeeeeeeeeeeeeabccccccccccccccccccccc
eeeeeeeeeeeeeeeeeeeeeeeeeeeeabccccccccccccccccccccc
eeeeeeeeeeeeeeeeeeeeeeeeeeeeabccccccccccccccccccccc
eeeeeeeeeeeeeeeeeeeeeeeeeeeeabcccccccccccccccccccccabccccccccccccccccccccc
eeeeeeeeeeeeeeeeeeeeeeeeeeee
abccccccccccccccccccccc
eeeeeeeeeeeeeeeeeeeeeeeeeeee
abccccccccccccccccccccc
eeeeeeeeeeeeeeeeeeeeeeeeeeeeabccccccccccccccccccccc
eeeeeeeeeeeeeeeeeeeeeeeeeeeeabccccccccccccccccccccc
eeeeeeeeeeeeeeeeeeeeeeeeeeeeabccccccccccccccccccccc
eeeeeeeeeeeeeeeeeeeeeeeeeeeeabccccccccccccccccccccc
eeeeeeeeeeeeeeeeeeeeeeeeeeeeabccccccccccccccccccccc
eeeeeeeeeeeeeeeeeeeeeeeeeeeeabccccccccccccccccccccc
eeeeeeeeeeeeeeeeeeeeeeeeeeeeabccccccccccccccccccccc
eeeeeeeeeeeeeeeeeeeeeeeeeeeeabccccccccccccccccccccc
eeeeeeeeeeeeeeeeeeeeeeeeeeeeabccccccccccccccccccccc
eeeeeeeeeeeeeeeeeeeeeeeeeeeeabccccccccccccccccccccc
eeeeeeeeeeeeeeeeeeeeeeeeeeeeabccccccccccccccccccccc
eeeeeeeeeeeeeeeeeeeeeeeeeeeeabcccccccccccccccccccccabccccccccccccccccccccc
eeeeeeeeeeeeeeeeeeeeeeeeeeee
abccccccccccccccccccccc
eeeeeeeeeeeeeeeeeeeeeeeeeeee
abccccccccccccccccccccc
eeeeeeeeeeeeeeeeeeeeeeeeeeeeabccccccccccccccccccccc
eeeeeeeeeeeeeeeeeeeeeeeeeeeeabccccccccccccccccccccc
eeeeeeeeeeeeeeeeeeeeeeeeeeeeabccccccccccccccccccccc
eeeeeeeeeeeeeeeeeeeeeeeeeeeeabccccccccccccccccccccc
eeeeeeeeeeeeeeeeeeeeeeeeeeeeabccccccccccccccccccccc
eeeeeeeeeeeeeeeeeeeeeeeeeeeeabccccccccccccccccccccc
eeeeeeeeeeeeeeeeeeeeeeeeeeeeabccccccccccccccccccccc
eeeeeeeeeeeeeeeeeeeeeeeeeeeeabccccccccccccccccccccc
eeeeeeeeeeeeeeeeeeeeeeeeeeeeabccccccccccccccccccccc
eeeeeeeeeeeeeeeeeeeeeeeeeeeeabccccccccccccccccccccc
eeeeeeeeeeeeeeeeeeeeeeeeeeeeabccccccccccccccccccccc
eeeeeeeeeeeeeeeeeeeeeeeeeeeeabcccccccccccccccccccccabccccccccccccccccccccc
eeeeeeeeeeeeeeeeeeeeeeeeeeee
abccccccccccccccccccccc
eeeeeeeeeeeeeeeeeeeeeeeeeeee
abccccccccccccccccccccc
eeeeeeeeeeeeeeeeeeeeeeeeeeeeabccccccccccccccccccccc
eeeeeeeeeeeeeeeeeeeeeeeeeeeeabccccccccccccccccccccc
eeeeeeeeeeeeeeeeeeeeeeeeeeeeabccccccccccccccccccccc
eeeeeeeeeeeeeeeeeeeeeeeeeeeeabccccccccccccccccccccc
eeeeeeeeeeeeeeeeeeeeeeeeeeeeabccccccccccccccccccccc
eeeeeeeeeeeeeeeeeeeeeeeeeeeeabccccccccccccccccccccc
eeeeeeeeeeeeeeeeeeeeeeeeeeeeabccccccccccccccccccccc
eeeeeeeeeeeeeeeeeeeeeeeeeeeeabccccccccccccccccccccc
eeeeeeeeeeeeeeeeeeeeeeeeeeeeabccccccccccccccccccccc
eeeeeeeeeeeeeeeeeeeeeeeeeeeeabccccccccccccccccccccc
eeeeeeeeeeeeeeeeeeeeeeeeeeeeabccccccccccccccccccccc
eeeeeeeeeeeeeeeeeeeeeeeeeeeeabcccccccccccccccccccccabccccccccccccccccccccc
eeeeeeeeeeeeeeeeeeeeeeeeeeee
abccccccccccccccccccccc
eeeeeeeeeeeeeeeeeeeeeeeeeeee
abccccccccccccccccccccc
eeeeeeeeeeeeeeeeeeeeeeeeeeeeabccccccccccccccccccccc
eeeeeeeeeeeeeeeeeeeeeeeeeeeeabccccccccccccccccccccc
eeeeeeeeeeeeeeeeeeeeeeeeeeeeabccccccccccccccccccccc
eeeeeeeeeeeeeeeeeeeeeeeeeeeeabccccccccccccccccccccc
eeeeeeeeeeeeeeeeeeeeeeeeeeeeabccccccccccccccccccccc
eeeeeeeeeeeeeeeeeeeeeeeeeeeeabccccccccccccccccccccc
eeeeeeeeeeeeeeeeeeeeeeeeeeeeabccccccccccccccccccccc
eeeeeeeeeeeeeeeeeeeeeeeeeeeeabccccccccccccccccccccc
eeeeeeeeeeeeeeeeeeeeeeeeeeeeabccccccccccccccccccccc
eeeeeeeeeeeeeeeeeeeeeeeeeeeeabccccccccccccccccccccc
eeeeeeeeeeeeeeeeeeeeeeeeeeeeabccccccccccccccccccccc
eeeeeeeeeeeeeeeeeeeeeeeeeeeeabcccccccccccccccccccccabccccccccccccccccccccc
eeeeeeeeeeeeeeeeeeeeeeeeeeee
abccccccccccccccccccccc
eeeeeeeeeeeeeeeeeeeeeeeeeeee
abccccccccccccccccccccc
eeeeeeeeeeeeeeeeeeeeeeeeeeeeabccccccccccccccccccccc
eeeeeeeeeeeeeeeeeeeeeeeeeeeeabccccccccccccccccccccc
eeeeeeeeeeeeeeeeeeeeeeeeeeeeabccccccccccccccccccccc
eeeeeeeeeeeeeeeeeeeeeeeeeeeeabccccccccccccccccccccc
eeeeeeeeeeeeeeeeeeeeeeeeeeeeabccccccccccccccccccccc
eeeeeeeeeeeeeeeeeeeeeeeeeeeeabccccccccccccccccccccc
eeeeeeeeeeeeeeeeeeeeeeeeeeeeabccccccccccccccccccccc
eeeeeeeeeeeeeeeeeeeeeeeeeeeeabccccccccccccccccccccc
eeeeeeeeeeeeeeeeeeeeeeeeeeeeabccccccccccccccccccccc
eeeeeeeeeeeeeeeeeeeeeeeeeeeeabccccccccccccccccccccc
eeeeeeeeeeeeeeeeeeeeeeeeeeeeabccccccccccccccccccccc
eeeeeeeeeeeeeeeeeeeeeeeeeeeeabcccccccccccccccccccccabccccccccccccccccccccc
eeeeeeeeeeeeeeeeeeeeeeeeeeee
abccccccccccccccccccccc
eeeeeeeeeeeeeeeeeeeeeeeeeeee
abccccccccccccccccccccc
eeeeeeeeeeeeeeeeeeeeeeeeeeeeabccccccccccccccccccccc
eeeeeeeeeeeeeeeeeeeeeeeeeeeeabccccccccccccccccccccc
eeeeeeeeeeeeeeeeeeeeeeeeeeeeabccccccccccccccccccccc
eeeeeeeeeeeeeeeeeeeeeeeeeeeeabccccccccccccccccccccc
eeeeeeeeeeeeeeeeeeeeeeeeeeeeabccccccccccccccccccccc
eeeeeeeeeeeeeeeeeeeeeeeeeeeeabccccccccccccccccccccc
eeeeeeeeeeeeeeeeeeeeeeeeeeeeabccccccccccccccccccccc
eeeeeeeeeeeeeeeeeeeeeeeeeeeeabccccccccccccccccccccc
eeeeeeeeeeeeeeeeeeeeeeeeeeeeabccccccccccccccccccccc
eeeeeeeeeeeeeeeeeeeeeeeeeeeeabccccccccccccccccccccc
eeeeeeeeeeeeeeeeeeeeeeeeeeeeabccccccccccccccccccccc
eeeeeeeeeeeeeeeeeeeeeeeeeeeeabcccccccccccccccccccccabccccccccccccccccccccc
eeeeeeeeeeeeeeeeeeeeeeeeeeee
abccccccccccccccccccccc
eeeeeeeeeeeeeeeeeeeeeeeeeeee
abccccccccccccccccccccc
eeeeeeeeeeeeeeeeeeeeeeeeeeeeabccccccccccccccccccccc
eeeeeeeeeeeeeeeeeeeeeeeeeeeeabccccccccccccccccccccc
eeeeeeeeeeeeeeeeeeeeeeeeeeeeabccccccccccccccccccccc
eeeeeeeeeeeeeeeeeeeeeeeeeeeeabccccccccccccccccccccc
eeeeeeeeeeeeeeeeeeeeeeeeeeeeabccccccccccccccccccccc
eeeeeeeeeeeeeeeeeeeeeeeeeeeeabccccccccccccccccccccc
eeeeeeeeeeeeeeeeeeeeeeeeeeeeabccccccccccccccccccccc
eeeeeeeeeeeeeeeeeeeeeeeeeeeeabccccccccccccccccccccc
eeeeeeeeeeeeeeeeeeeeeeeeeeeeabccccccccccccccccccccc
eeeeeeeeeeeeeeeeeeeeeeeeeeeeabccccccccccccccccccccc
eeeeeeeeeeeeeeeeeeeeeeeeeeeeabccccccccccccccccccccc
eeeeeeeeeeeeeeeeeeeeeeeeeeeeabcccccccccccccccccccccabccccccccccccccccccccc
eeeeeeeeeeeeeeeeeeeeeeeeeeee
abccccccccccccccccccccc
eeeeeeeeeeeeeeeeeeeeeeeeeeee
abccccccccccccccccccccc
eeeeeeeeeeeeeeeeeeeeeeeeeeeeabccccccccccccccccccccc
eeeeeeeeeeeeeeeeeeeeeeeeeeeeabccccccccccccccccccccc
eeeeeeeeeeeeeeeeeeeeeeeeeeeeabccccccccccccccccccccc
eeeeeeeeeeeeeeeeeeeeeeeeeeeeabccccccccccccccccccccc
eeeeeeeeeeeeeeeeeeeeeeeeeeeeabccccccccccccccccccccc
eeeeeeeeeeeeeeeeeeeeeeeeeeeeabccccccccccccccccccccc
eeeeeeeeeeeeeeeeeeeeeeeeeeeeabccccccccccccccccccccc
eeeeeeeeeeeeeeeeeeeeeeeeeeeeabccccccccccccccccccccc
eeeeeeeeeeeeeeeeeeeeeeeeeeeeabccccccccccccccccccccc
eeeeeeeeeeeeeeeeeeeeeeeeeeeeabccccccccccccccccccccc
eeeeeeeeeeeeeeeeeeeeeeeeeeeeabccccccccccccccccccccc
eeeeeeeeeeeeeeeeeeeeeeeeeeeeabcccccccccccccccccccccabccccccccccccccccccccc
eeeeeeeeeeeeeeeeeeeeeeeeeeee
abccccccccccccccccccccc
eeeeeeeeeeeeeeeeeeeeeeeeeeee
abccccccccccccccccccccc
eeeeeeeeeeeeeeeeeeeeeeeeeeeeabccccccccccccccccccccc
eeeeeeeeeeeeeeeeeeeeeeeeeeeeabccccccccccccccccccccc
eeeeeeeeeeeeeeeeeeeeeeeeeeeeabccccccccccccccccccccc
eeeeeeeeeeeeeeeeeeeeeeeeeeeeabccccccccccccccccccccc
eeeeeeeeeeeeeeeeeeeeeeeeeeeeabccccccccccccccccccccc
eeeeeeeeeeeeeeeeeeeeeeeeeeeeabccccccccccccccccccccc
eeeeeeeeeeeeeeeeeeeeeeeeeeeeabccccccccccccccccccccc
eeeeeeeeeeeeeeeeeeeeeeeeeeeeabccccccccccccccccccccc
eeeeeeeeeeeeeeeeeeeeeeeeeeeeabccccccccccccccccccccc
eeeeeeeeeeeeeeeeeeeeeeeeeeeeabccccccccccccccccccccc
eeeeeeeeeeeeeeeeeeeeeeeeeeeeabccccccccccccccccccccc
eeeeeeeeeeeeeeeeeeeeeeeeeeeeabcccccccccccccccccccccabccccccccccccccccccccc
eeeeeeeeeeeeeeeeeeeeeeeeeeee
abccccccccccccccccccccc
eeeeeeeeeeeeeeeeeeeeeeeeeeee
abccccccccccccccccccccc
eeeeeeeeeeeeeeeeeeeeeeeeeeeeabccccccccccccccccccccc
eeeeeeeeeeeeeeeeeeeeeeeeeeeeabccccccccccccccccccccc
eeeeeeeeeeeeeeeeeeeeeeeeeeeeabccccccccccccccccccccc
eeeeeeeeeeeeeeeeeeeeeeeeeeeeabccccccccccccccccccccc
eeeeeeeeeeeeeeeeeeeeeeeeeeeeabccccccccccccccccccccc
eeeeeeeeeeeeeeeeeeeeeeeeeeeeabccccccccccccccccccccc
eeeeeeeeeeeeeeeeeeeeeeeeeeeeabccccccccccccccccccccc
eeeeeeeeeeeeeeeeeeeeeeeeeeeeabccccccccccccccccccccc
eeeeeeeeeeeeeeeeeeeeeeeeeeeeabccccccccccccccccccccc
eeeeeeeeeeeeeeeeeeeeeeeeeeeeabccccccccccccccccccccc
eeeeeeeeeeeeeeeeeeeeeeeeeeeeabccccccccccccccccccccc
eeeeeeeeeeeeeeeeeeeeeeeeeeeeabcccccccccccccccccccccabccccccccccccccccccccc
eeeeeeeeeeeeeeeeeeeeeeeeeeee
abccccccccccccccccccccc
eeeeeeeeeeeeeeeeeeeeeeeeeeee
abccccccccccccccccccccc
eeeeeeeeeeeeeeeeeeeeeeeeeeeeabccccccccccccccccccccc
eeeeeeeeeeeeeeeeeeeeeeeeeeeeabccccccccccccccccccccc
eeeeeeeeeeeeeeeeeeeeeeeeeeeeabccccccccccccccccccccc
eeeeeeeeeeeeeeeeeeeeeeeeeeeeabccccccccccccccccccccc
eeeeeeeeeeeeeeeeeeeeeeeeeeeeabccccccccccccccccccccc
eeeeeeeeeeeeeeeeeeeeeeeeeeeeabccccccccccccccccccccc
eeeeeeeeeeeeeeeeeeeeeeeeeeeeabccccccccccccccccccccc
eeeeeeeeeeeeeeeeeeeeeeeeeeeeabccccccccccccccccccccc
eeeeeeeeeeeeeeeeeeeeeeeeeeeeabccccccccccccccccccccc
eeeeeeeeeeeeeeeeeeeeeeeeeeeeabccccccccccccccccccccc
eeeeeeeeeeeeeeeeeeeeeeeeeeeeabccccccccccccccccccccc
eeeeeeeeeeeeeeeeeeeeeeeeeeeeabcccccccccccccccccccccabccccccccccccccccccccc
eeeeeeeeeeeeeeeeeeeeeeeeeeee
abccccccccccccccccccccc
eeeeeeeeeeeeeeeeeeeeeeeeeeee
abccccccccccccccccccccc
eeeeeeeeeeeeeeeeeeeeeeeeeeeeabccccccccccccccccccccc
eeeeeeeeeeeeeeeeeeeeeeeeeeeeabccccccccccccccccccccc
eeeeeeeeeeeeeeeeeeeeeeeeeeeeabccccccccccccccccccccc
eeeeeeeeeeeeeeeeeeeeeeeeeeeeabccccccccccccccccccccc
eeeeeeeeeeeeeeeeeeeeeeeeeeeeabccccccccccccccccccccc
eeeeeeeeeeeeeeeeeeeeeeeeeeeeabccccccccccccccccccccc
eeeeeeeeeeeeeeeeeeeeeeeeeeeeabccccccccccccccccccccc
eeeeeeeeeeeeeeeeeeeeeeeeeeeeabccccccccccccccccccccc
eeeeeeeeeeeeeeeeeeeeeeeeeeeeabccccccccccccccccccccc
eeeeeeeeeeeeeeeeeeeeeeeeeeeeabccccccccccccccccccccc
eeeeeeeeeeeeeeeeeeeeeeeeeeeeabccccccccccccccccccccc
eeeeeeeeeeeeeeeeeeeeeeeeeeeeabcccccccccccccccccccccabccccccccccccccccccccc
eeeeeeeeeeeeeeeeeeeeeeeeeeee
abccccccccccccccccccccc
eeeeeeeeeeeeeeeeeeeeeeeeeeee
abccccccccccccccccccccc
eeeeeeeeeeeeeeeeeeeeeeeeeeeeabccccccccccccccccccccc
eeeeeeeeeeeeeeeeeeeeeeeeeeeeabccccccccccccccccccccc
eeeeeeeeeeeeeeeeeeeeeeeeeeeeabccccccccccccccccccccc
eeeeeeeeeeeeeeeeeeeeeeeeeeeeabccccccccccccccccccccc
eeeeeeeeeeeeeeeeeeeeeeeeeeeeabccccccccccccccccccccc
eeeeeeeeeeeeeeeeeeeeeeeeeeeeabccccccccccccccccccccc
eeeeeeeeeeeeeeeeeeeeeeeeeeeeabccccccccccccccccccccc
eeeeeeeeeeeeeeeeeeeeeeeeeeeeabccccccccccccccccccccc
eeeeeeeeeeeeeeeeeeeeeeeeeeeeabccccccccccccccccccccc
eeeeeeeeeeeeeeeeeeeeeeeeeeeeabccccccccccccccccccccc
eeeeeeeeeeeeeeeeeeeeeeeeeeeeabccccccccccccccccccccc
eeeeeeeeeeeeeeeeeeeeeeeeeeeeabcccccccccccccccccccccabccccccccccccccccccccc
eeeeeeeeeeeeeeeeeeeeeeeeeeee
abccccccccccccccccccccc
eeeeeeeeeeeeeeeeeeeeeeeeeeee
abccccccccccccccccccccc
eeeeeeeeeeeeeeeeeeeeeeeeeeeeabccccccccccccccccccccc
eeeeeeeeeeeeeeeeeeeeeeeeeeeeabccccccccccccccccccccc
eeeeeeeeeeeeeeeeeeeeeeeeeeeeabccccccccccccccccccccc
eeeeeeeeeeeeeeeeeeeeeeeeeeeeabccccccccccccccccccccc
eeeeeeeeeeeeeeeeeeeeeeeeeeeeabccccccccccccccccccccc
eeeeeeeeeeeeeeeeeeeeeeeeeeeeabccccccccccccccccccccc
eeeeeeeeeeeeeeeeeeeeeeeeeeeeabccccccccccccccccccccc
eeeeeeeeeeeeeeeeeeeeeeeeeeeeabccccccccccccccccccccc
eeeeeeeeeeeeeeeeeeeeeeeeeeeeabccccccccccccccccccccc
eeeeeeeeeeeeeeeeeeeeeeeeeeeeabccccccccccccccccccccc
eeeeeeeeeeeeeeeeeeeeeeeeeeeeabccccccccccccccccccccc
eeeeeeeeeeeeeeeeeeeeeeeeeeeeabcccccccccccccccccccccabccccccccccccccccccccc
eeeeeeeeeeeeeeeeeeeeeeeeeeee
abccccccccccccccccccccc
eeeeeeeeeeeeeeeeeeeeeeeeeeee
abccccccccccccccccccccc
eeeeeeeeeeeeeeeeeeeeeeeeeeeeabccccccccccccccccccccc
eeeeeeeeeeeeeeeeeeeeeeeeeeeeabccccccccccccccccccccc
eeeeeeeeeeeeeeeeeeeeeeeeeeeeabccccccccccccccccccccc
eeeeeeeeeeeeeeeeeeeeeeeeeeeeabccccccccccccccccccccc
eeeeeeeeeeeeeeeeeeeeeeeeeeeeabccccccccccccccccccccc
eeeeeeeeeeeeeeeeeeeeeeeeeeeeabccccccccccccccccccccc
eeeeeeeeeeeeeeeeeeeeeeeeeeeeabccccccccccccccccccccc
eeeeeeeeeeeeeeeeeeeeeeeeeeeeabccccccccccccccccccccc
eeeeeeeeeeeeeeeeeeeeeeeeeeeeabccccccccccccccccccccc
eeeeeeeeeeeeeeeeeeeeeeeeeeeeabccccccccccccccccccccc
eeeeeeeeeeeeeeeeeeeeeeeeeeeeabccccccccccccccccccccc
eeeeeeeeeeeeeeeeeeeeeeeeeeeeabcccccccccccccccccccccabccccccccccccccccccccc
eeeeeeeeeeeeeeeeeeeeeeeeeeee
abccccccccccccccccccccc
eeeeeeeeeeeeeeeeeeeeeeeeeeee
abccccccccccccccccccccc
eeeeeeeeeeeeeeeeeeeeeeeeeeeeabccccccccccccccccccccc
eeeeeeeeeeeeeeeeeeeeeeeeeeeeabccccccccccccccccccccc
eeeeeeeeeeeeeeeeeeeeeeeeeeeeabccccccccccccccccccccc
eeeeeeeeeeeeeeeeeeeeeeeeeeeeabccccccccccccccccccccc
eeeeeeeeeeeeeeeeeeeeeeeeeeeeabccccccccccccccccccccc
eeeeeeeeeeeeeeeeeeeeeeeeeeeeabccccccccccccccccccccc
eeeeeeeeeeeeeeeeeeeeeeeeeeeeabccccccccccccccccccccc
eeeeeeeeeeeeeeeeeeeeeeeeeeeeabccccccccccccccccccccc
eeeeeeeeeeeeeeeeeeeeeeeeeeeeabccccccccccccccccccccc
eeeeeeeeeeeeeeeeeeeeeeeeeeeeabccccccccccccccccccccc
eeeeeeeeeeeeeeeeeeeeeeeeeeeeabccccccccccccccccccccc
eeeeeeeeeeeeeeeeeeeeeeeeeeeeabcccccccccccccccccccccabccccccccccccccccccccc
eeeeeeeeeeeeeeeeeeeeeeeeeeee
abccccccccccccccccccccc
eeeeeeeeeeeeeeeeeeeeeeeeeeee
abccccccccccccccccccccc
eeeeeeeeeeeeeeeeeeeeeeeeeeeeabccccccccccccccccccccc
eeeeeeeeeeeeeeeeeeeeeeeeeeeeabccccccccccccccccccccc
eeeeeeeeeeeeeeeeeeeeeeeeeeeeabccccccccccccccccccccc
eeeeeeeeeeeeeeeeeeeeeeeeeeeeabccccccccccccccccccccc
eeeeeeeeeeeeeeeeeeeeeeeeeeeeabccccccccccccccccccccc
eeeeeeeeeeeeeeeeeeeeeeeeeeeeabccccccccccccccccccccc
eeeeeeeeeeeeeeeeeeeeeeeeeeeeabccccccccccccccccccccc
eeeeeeeeeeeeeeeeeeeeeeeeeeeeabccccccccccccccccccccc
eeeeeeeeeeeeeeeeeeeeeeeeeeeeabccccccccccccccccccccc
eeeeeeeeeeeeeeeeeeeeeeeeeeeeabccccccccccccccccccccc
eeeeeeeeeeeeeeeeeeeeeeeeeeeeabccccccccccccccccccccc
eeeeeeeeeeeeeeeeeeeeeeeeeeeeabcccccccccccccccccccccabccccccccccccccccccccc
eeeeeeeeeeeeeeeeeeeeeeeeeeee
abccccccccccccccccccccc
eeeeeeeeeeeeeeeeeeeeeeeeeeee
abccccccccccccccccccccc
eeeeeeeeeeeeeeeeeeeeeeeeeeeeabccccccccccccccccccccc
eeeeeeeeeeeeeeeeeeeeeeeeeeeeabccccccccccccccccccccc
eeeeeeeeeeeeeeeeeeeeeeeeeeeeabccccccccccccccccccccc
eeeeeeeeeeeeeeeeeeeeeeeeeeeeabccccccccccccccccccccc
eeeeeeeeeeeeeeeeeeeeeeeeeeeeabccccccccccccccccccccc
eeeeeeeeeeeeeeeeeeeeeeeeeeeeabccccccccccccccccccccc
eeeeeeeeeeeeeeeeeeeeeeeeeeeeabccccccccccccccccccccc
eeeeeeeeeeeeeeeeeeeeeeeeeeeeabccccccccccccccccccccc
eeeeeeeeeeeeeeeeeeeeeeeeeeeeabccccccccccccccccccccc
eeeeeeeeeeeeeeeeeeeeeeeeeeeeabccccccccccccccccccccc
eeeeeeeeeeeeeeeeeeeeeeeeeeeeabccccccccccccccccccccc
eeeeeeeeeeeeeeeeeeeeeeeeeeeeabcccccccccccccccccccccabccccccccccccccccccccc
eeeeeeeeeeeeeeeeeeeeeeeeeeee
abccccccccccccccccccccc
eeeeeeeeeeeeeeeeeeeeeeeeeeee
abccccccccccccccccccccc
eeeeeeeeeeeeeeeeeeeeeeeeeeeeabccccccccccccccccccccc
eeeeeeeeeeeeeeeeeeeeeeeeeeeeabccccccccccccccccccccc
eeeeeeeeeeeeeeeeeeeeeeeeeeeeabccccccccccccccccccccc
eeeeeeeeeeeeeeeeeeeeeeeeeeeeabccccccccccccccccccccc
eeeeeeeeeeeeeeeeeeeeeeeeeeeeabccccccccccccccccccccc
eeeeeeeeeeeeeeeeeeeeeeeeeeeeabccccccccccccccccccccc
eeeeeeeeeeeeeeeeeeeeeeeeeeeeabccccccccccccccccccccc
eeeeeeeeeeeeeeeeeeeeeeeeeeeeabccccccccccccccccccccc
eeeeeeeeeeeeeeeeeeeeeeeeeeeeabccccccccccccccccccccc
eeeeeeeeeeeeeeeeeeeeeeeeeeeeabccccccccccccccccccccc
eeeeeeeeeeeeeeeeeeeeeeeeeeeeabccccccccccccccccccccc
eeeeeeeeeeeeeeeeeeeeeeeeeeeeabcccccccccccccccccccccabccccccccccccccccccccc
eeeeeeeeeeeeeeeeeeeeeeeeeeee
abccccccccccccccccccccc
eeeeeeeeeeeeeeeeeeeeeeeeeeee
abccccccccccccccccccccc
eeeeeeeeeeeeeeeeeeeeeeeeeeeeabccccccccccccccccccccc
eeeeeeeeeeeeeeeeeeeeeeeeeeeeabccccccccccccccccccccc
eeeeeeeeeeeeeeeeeeeeeeeeeeeeabccccccccccccccccccccc
eeeeeeeeeeeeeeeeeeeeeeeeeeeeabccccccccccccccccccccc
eeeeeeeeeeeeeeeeeeeeeeeeeeeeabccccccccccccccccccccc
eeeeeeeeeeeeeeeeeeeeeeeeeeeeabccccccccccccccccccccc
eeeeeeeeeeeeeeeeeeeeeeeeeeeeabccccccccccccccccccccc
eeeeeeeeeeeeeeeeeeeeeeeeeeeeabccccccccccccccccccccc
eeeeeeeeeeeeeeeeeeeeeeeeeeeeabccccccccccccccccccccc
eeeeeeeeeeeeeeeeeeeeeeeeeeeeabccccccccccccccccccccc
eeeeeeeeeeeeeeeeeeeeeeeeeeeeabccccccccccccccccccccc
eeeeeeeeeeeeeeeeeeeeeeeeeeeeabcccccccccccccccccccccabccccccccccccccccccccc
eeeeeeeeeeeeeeeeeeeeeeeeeeee
abccccccccccccccccccccc
eeeeeeeeeeeeeeeeeeeeeeeeeeee
abccccccccccccccccccccc
eeeeeeeeeeeeeeeeeeeeeeeeeeeeabccccccccccccccccccccc
eeeeeeeeeeeeeeeeeeeeeeeeeeeeabccccccccccccccccccccc
eeeeeeeeeeeeeeeeeeeeeeeeeeeeabccccccccccccccccccccc
eeeeeeeeeeeeeeeeeeeeeeeeeeeeabccccccccccccccccccccc
eeeeeeeeeeeeeeeeeeeeeeeeeeeeabccccccccccccccccccccc
eeeeeeeeeeeeeeeeeeeeeeeeeeeeabccccccccccccccccccccc
eeeeeeeeeeeeeeeeeeeeeeeeeeeeabccccccccccccccccccccc
eeeeeeeeeeeeeeeeeeeeeeeeeeeeabccccccccccccccccccccc
eeeeeeeeeeeeeeeeeeeeeeeeeeeeabccccccccccccccccccccc
eeeeeeeeeeeeeeeeeeeeeeeeeeeeabccccccccccccccccccccc
eeeeeeeeeeeeeeeeeeeeeeeeeeeeabccccccccccccccccccccc
eeeeeeeeeeeeeeeeeeeeeeeeeeeeabcccccccccccccccccccccabccccccccccccccccccccc
eeeeeeeeeeeeeeeeeeeeeeeeeeee
abccccccccccccccccccccc
eeeeeeeeeeeeeeeeeeeeeeeeeeee
abccccccccccccccccccccc
eeeeeeeeeeeeeeeeeeeeeeeeeeeeabccccccccccccccccccccc
eeeeeeeeeeeeeeeeeeeeeeeeeeeeabccccccccccccccccccccc
eeeeeeeeeeeeeeeeeeeeeeeeeeeeabccccccccccccccccccccc
eeeeeeeeeeeeeeeeeeeeeeeeeeeeabccccccccccccccccccccc
eeeeeeeeeeeeeeeeeeeeeeeeeeeeabccccccccccccccccccccc
eeeeeeeeeeeeeeeeeeeeeeeeeeeeabccccccccccccccccccccc
eeeeeeeeeeeeeeeeeeeeeeeeeeeeabccccccccccccccccccccc
eeeeeeeeeeeeeeeeeeeeeeeeeeeeabccccccccccccccccccccc
eeeeeeeeeeeeeeeeeeeeeeeeeeeeabccccccccccccccccccccc
eeeeeeeeeeeeeeeeeeeeeeeeeeeeabccccccccccccccccccccc
eeeeeeeeeeeeeeeeeeeeeeeeeeeeabccccccccccccccccccccc
eeeeeeeeeeeeeeeeeeeeeeeeeeeeabcccccccccccccccccccccabccccccccccccccccccccc
eeeeeeeeeeeeeeeeeeeeeeeeeeee
abccccccccccccccccccccc
eeeeeeeeeeeeeeeeeeeeeeeeeeee
abccccccccccccccccccccc
eeeeeeeeeeeeeeeeeeeeeeeeeeeeabccccccccccccccccccccc
eeeeeeeeeeeeeeeeeeeeeeeeeeeeabccccccccccccccccccccc
eeeeeeeeeeeeeeeeeeeeeeeeeeeeabccccccccccccccccccccc
eeeeeeeeeeeeeeeeeeeeeeeeeeeeabccccccccccccccccccccc
eeeeeeeeeeeeeeeeeeeeeeeeeeeeabccccccccccccccccccccc
eeeeeeeeeeeeeeeeeeeeeeeeeeeeabccccccccccccccccccccc
eeeeeeeeeeeeeeeeeeeeeeeeeeeeabccccccccccccccccccccc
eeeeeeeeeeeeeeeeeeeeeeeeeeeeabccccccccccccccccccccc
eeeeeeeeeeeeeeeeeeeeeeeeeeeeabccccccccccccccccccccc
eeeeeeeeeeeeeeeeeeeeeeeeeeeeabccccccccccccccccccccc
eeeeeeeeeeeeeeeeeeeeeeeeeeeeabccccccccccccccccccccc
eeeeeeeeeeeeeeeeeeeeeeeeeeeeabcccccccccccccccccccccabccccccccccccccccccccc
eeeeeeeeeeeeeeeeeeeeeeeeeeee
abccccccccccccccccccccc
eeeeeeeeeeeeeeeeeeeeeeeeeeee
abccccccccccccccccccccc
eeeeeeeeeeeeeeeeeeeeeeeeeeeeabccccccccccccccccccccc
eeeeeeeeeeeeeeeeeeeeeeeeeeeeabccccccccccccccccccccc
eeeeeeeeeeeeeeeeeeeeeeeeeeeeabccccccccccccccccccccc
eeeeeeeeeeeeeeeeeeeeeeeeeeeeabccccccccccccccccccccc
eeeeeeeeeeeeeeeeeeeeeeeeeeeeabccccccccccccccccccccc
eeeeeeeeeeeeeeeeeeeeeeeeeeeeabccccccccccccccccccccc
eeeeeeeeeeeeeeeeeeeeeeeeeeeeabccccccccccccccccccccc
eeeeeeeeeeeeeeeeeeeeeeeeeeeeabccccccccccccccccccccc
eeeeeeeeeeeeeeeeeeeeeeeeeeeeabccccccccccccccccccccc
eeeeeeeeeeeeeeeeeeeeeeeeeeeeabccccccccccccccccccccc
eeeeeeeeeeeeeeeeeeeeeeeeeeeeabccccccccccccccccccccc
eeeeeeeeeeeeeeeeeeeeeeeeeeeeabcccccccccccccccccccccabccccccccccccccccccccc
eeeeeeeeeeeeeeeeeeeeeeeeeeee
abccccccccccccccccccccc
eeeeeeeeeeeeeeeeeeeeeeeeeeee
abccccccccccccccccccccc
eeeeeeeeeeeeeeeeeeeeeeeeeeeeabccccccccccccccccccccc
eeeeeeeeeeeeeeeeeeeeeeeeeeeeabccccccccccccccccccccc
eeeeeeeeeeeeeeeeeeeeeeeeeeeeabccccccccccccccccccccc
eeeeeeeeeeeeeeeeeeeeeeeeeeeeabccccccccccccccccccccc
eeeeeeeeeeeeeeeeeeeeeeeeeeeeabccccccccccccccccccccc
eeeeeeeeeeeeeeeeeeeeeeeeeeeeabccccccccccccccccccccc
eeeeeeeeeeeeeeeeeeeeeeeeeeeeabccccccccccccccccccccc
eeeeeeeeeeeeeeeeeeeeeeeeeeeeabccccccccccccccccccccc
eeeeeeeeeeeeeeeeeeeeeeeeeeeeabccccccccccccccccccccc
eeeeeeeeeeeeeeeeeeeeeeeeeeeeabccccccccccccccccccccc
eeeeeeeeeeeeeeeeeeeeeeeeeeeeabccccccccccccccccccccc
eeeeeeeeeeeeeeeeeeeeeeeeeeeeabcccccccccccccccccccccabccccccccccccccccccccc
eeeeeeeeeeeeeeeeeeeeeeeeeeee
abccccccccccccccccccccc
eeeeeeeeeeeeeeeeeeeeeeeeeeee
abccccccccccccccccccccc
eeeeeeeeeeeeeeeeeeeeeeeeeeeeabccccccccccccccccccccc
eeeeeeeeeeeeeeeeeeeeeeeeeeeeabccccccccccccccccccccc
eeeeeeeeeeeeeeeeeeeeeeeeeeeeabccccccccccccccccccccc
eeeeeeeeeeeeeeeeeeeeeeeeeeeeabccccccccccccccccccccc
eeeeeeeeeeeeeeeeeeeeeeeeeeeeabccccccccccccccccccccc
eeeeeeeeeeeeeeeeeeeeeeeeeeeeabccccccccccccccccccccc
eeeeeeeeeeeeeeeeeeeeeeeeeeeeabccccccccccccccccccccc
eeeeeeeeeeeeeeeeeeeeeeeeeeeeabccccccccccccccccccccc
eeeeeeeeeeeeeeeeeeeeeeeeeeeeabccccccccccccccccccccc
eeeeeeeeeeeeeeeeeeeeeeeeeeeeabccccccccccccccccccccc
eeeeeeeeeeeeeeeeeeeeeeeeeeeeabccccccccccccccccccccc
eeeeeeeeeeeeeeeeeeeeeeeeeeeeabcccccccccccccccccccccabccccccccccccccccccccc
eeeeeeeeeeeeeeeeeeeeeeeeeeee
abccccccccccccccccccccc
eeeeeeeeeeeeeeeeeeeeeeeeeeee
abccccccccccccccccccccc
eeeeeeeeeeeeeeeeeeeeeeeeeeeeabccccccccccccccccccccc
eeeeeeeeeeeeeeeeeeeeeeeeeeeeabccccccccccccccccccccc
eeeeeeeeeeeeeeeeeeeeeeeeeeeeabccccccccccccccccccccc
eeeeeeeeeeeeeeeeeeeeeeeeeeeeabccccccccccccccccccccc
eeeeeeeeeeeeeeeeeeeeeeeeeeeeabccccccccccccccccccccc
eeeeeeeeeeeeeeeeeeeeeeeeeeeeabccccccccccccccccccccc
eeeeeeeeeeeeeeeeeeeeeeeeeeeeabccccccccccccccccccccc
eeeeeeeeeeeeeeeeeeeeeeeeeeeeabccccccccccccccccccccc
eeeeeeeeeeeeeeeeeeeeeeeeeeeeabccccccccccccccccccccc
eeeeeeeeeeeeeeeeeeeeeeeeeeeeabccccccccccccccccccccc
eeeeeeeeeeeeeeeeeeeeeeeeeeeeabccccccccccccccccccccc
eeeeeeeeeeeeeeeeeeeeeeeeeeeeabcccccccccccccccccccccabccccccccccccccccccccc
eeeeeeeeeeeeeeeeeeeeeeeeeeee
abccccccccccccccccccccc
eeeeeeeeeeeeeeeeeeeeeeeeeeee
abccccccccccccccccccccc
eeeeeeeeeeeeeeeeeeeeeeeeeeeeabccccccccccccccccccccc
eeeeeeeeeeeeeeeeeeeeeeeeeeeeabccccccccccccccccccccc
eeeeeeeeeeeeeeeeeeeeeeeeeeeeabccccccccccccccccccccc
eeeeeeeeeeeeeeeeeeeeeeeeeeeeabccccccccccccccccccccc
eeeeeeeeeeeeeeeeeeeeeeeeeeeeabccccccccccccccccccccc
eeeeeeeeeeeeeeeeeeeeeeeeeeeeabccccccccccccccccccccc
eeeeeeeeeeeeeeeeeeeeeeeeeeeeabccccccccccccccccccccc
eeeeeeeeeeeeeeeeeeeeeeeeeeeeabccccccccccccccccccccc
eeeeeeeeeeeeeeeeeeeeeeeeeeeeabccccccccccccccccccccc
eeeeeeeeeeeeeeeeeeeeeeeeeeeeabccccccccccccccccccccc
eeeeeeeeeeeeeeeeeeeeeeeeeeeeabccccccccccccccccccccc
eeeeeeeeeeeeeeeeeeeeeeeeeeeeabcccccccccccccccccccccabccccccccccccccccccccc
eeeeeeeeeeeeeeeeeeeeeeeeeeee
abccccccccccccccccccccc
eeeeeeeeeeeeeeeeeeeeeeeeeeee
abccccccccccccccccccccc
eeeeeeeeeeeeeeeeeeeeeeeeeeeeabccccccccccccccccccccc
eeeeeeeeeeeeeeeeeeeeeeeeeeeeabccccccccccccccccccccc
eeeeeeeeeeeeeeeeeeeeeeeeeeeeabccccccccccccccccccccc
eeeeeeeeeeeeeeeeeeeeeeeeeeeeabccccccccccccccccccccc
eeeeeeeeeeeeeeeeeeeeeeeeeeeeabccccccccccccccccccccc
eeeeeeeeeeeeeeeeeeeeeeeeeeeeabccccccccccccccccccccc
eeeeeeeeeeeeeeeeeeeeeeeeeeeeabccccccccccccccccccccc
eeeeeeeeeeeeeeeeeeeeeeeeeeeeabccccccccccccccccccccc
eeeeeeeeeeeeeeeeeeeeeeeeeeeeabccccccccccccccccccccc
eeeeeeeeeeeeeeeeeeeeeeeeeeeeabccccccccccccccccccccc
eeeeeeeeeeeeeeeeeeeeeeeeeeeeabccccccccccccccccccccc
eeeeeeeeeeeeeeeeeeeeeeeeeeeeabcccccccccccccccccccccabccccccccccccccccccccc
eeeeeeeeeeeeeeeeeeeeeeeeeeee
abccccccccccccccccccccc
eeeeeeeeeeeeeeeeeeeeeeeeeeee
abccccccccccccccccccccc
eeeeeeeeeeeeeeeeeeeeeeeeeeeeabccccccccccccccccccccc
eeeeeeeeeeeeeeeeeeeeeeeeeeeeabccccccccccccccccccccc
eeeeeeeeeeeeeeeeeeeeeeeeeeeeabccccccccccccccccccccc
eeeeeeeeeeeeeeeeeeeeeeeeeeeeabccccccccccccccccccccc
eeeeeeeeeeeeeeeeeeeeeeeeeeeeabccccccccccccccccccccc
eeeeeeeeeeeeeeeeeeeeeeeeeeeeabccccccccccccccccccccc
eeeeeeeeeeeeeeeeeeeeeeeeeeeeabccccccccccccccccccccc
eeeeeeeeeeeeeeeeeeeeeeeeeeeeabccccccccccccccccccccc
eeeeeeeeeeeeeeeeeeeeeeeeeeeeabccccccccccccccccccccc
eeeeeeeeeeeeeeeeeeeeeeeeeeeeabccccccccccccccccccccc
eeeeeeeeeeeeeeeeeeeeeeeeeeeeabccccccccccccccccccccc
eeeeeeeeeeeeeeeeeeeeeeeeeeeeabcccccccccccccccccccccabccccccccccccccccccccc
eeeeeeeeeeeeeeeeeeeeeeeeeeee
abccccccccccccccccccccc
eeeeeeeeeeeeeeeeeeeeeeeeeeee
abccccccccccccccccccccc
eeeeeeeeeeeeeeeeeeeeeeeeeeeeabccccccccccccccccccccc
eeeeeeeeeeeeeeeeeeeeeeeeeeeeabccccccccccccccccccccc
eeeeeeeeeeeeeeeeeeeeeeeeeeeeabccccccccccccccccccccc
eeeeeeeeeeeeeeeeeeeeeeeeeeeeabccccccccccccccccccccc
eeeeeeeeeeeeeeeeeeeeeeeeeeeeabccccccccccccccccccccc
eeeeeeeeeeeeeeeeeeeeeeeeeeeeabccccccccccccccccccccc
eeeeeeeeeeeeeeeeeeeeeeeeeeeeabccccccccccccccccccccc
eeeeeeeeeeeeeeeeeeeeeeeeeeeeabccccccccccccccccccccc
eeeeeeeeeeeeeeeeeeeeeeeeeeeeabccccccccccccccccccccc
eeeeeeeeeeeeeeeeeeeeeeeeeeeeabccccccccccccccccccccc
eeeeeeeeeeeeeeeeeeeeeeeeeeeeabccccccccccccccccccccc
eeeeeeeeeeeeeeeeeeeeeeeeeeeeabcccccccccccccccccccccabccccccccccccccccccccc
eeeeeeeeeeeeeeeeeeeeeeeeeeee
abccccccccccccccccccccc
eeeeeeeeeeeeeeeeeeeeeeeeeeee
abccccccccccccccccccccc
eeeeeeeeeeeeeeeeeeeeeeeeeeeeabccccccccccccccccccccc
eeeeeeeeeeeeeeeeeeeeeeeeeeeeabccccccccccccccccccccc
eeeeeeeeeeeeeeeeeeeeeeeeeeeeabccccccccccccccccccccc
eeeeeeeeeeeeeeeeeeeeeeeeeeeeabccccccccccccccccccccc
eeeeeeeeeeeeeeeeeeeeeeeeeeeeabccccccccccccccccccccc
eeeeeeeeeeeeeeeeeeeeeeeeeeeeabccccccccccccccccccccc
eeeeeeeeeeeeeeeeeeeeeeeeeeeeabccccccccccccccccccccc
eeeeeeeeeeeeeeeeeeeeeeeeeeeeabccccccccccccccccccccc
eeeeeeeeeeeeeeeeeeeeeeeeeeeeabccccccccccccccccccccc
eeeeeeeeeeeeeeeeeeeeeeeeeeeeabccccccccccccccccccccc
eeeeeeeeeeeeeeeeeeeeeeeeeeeeabccccccccccccccccccccc
eeeeeeeeeeeeeeeeeeeeeeeeeeeeabcccccccccccccccccccccabccccccccccccccccccccc
eeeeeeeeeeeeeeeeeeeeeeeeeeee
abccccccccccccccccccccc
eeeeeeeeeeeeeeeeeeeeeeeeeeee
abccccccccccccccccccccc
eeeeeeeeeeeeeeeeeeeeeeeeeeeeabccccccccccccccccccccc
eeeeeeeeeeeeeeeeeeeeeeeeeeeeabccccccccccccccccccccc
eeeeeeeeeeeeeeeeeeeeeeeeeeeeabccccccccccccccccccccc
eeeeeeeeeeeeeeeeeeeeeeeeeeeeabccccccccccccccccccccc
eeeeeeeeeeeeeeeeeeeeeeeeeeeeabccccccccccccccccccccc
eeeeeeeeeeeeeeeeeeeeeeeeeeeeabccccccccccccccccccccc
eeeeeeeeeeeeeeeeeeeeeeeeeeeeabccccccccccccccccccccc
eeeeeeeeeeeeeeeeeeeeeeeeeeeeabccccccccccccccccccccc
eeeeeeeeeeeeeeeeeeeeeeeeeeeeabccccccccccccccccccccc
eeeeeeeeeeeeeeeeeeeeeeeeeeeeabccccccccccccccccccccc
eeeeeeeeeeeeeeeeeeeeeeeeeeeeabccccccccccccccccccccc
eeeeeeeeeeeeeeeeeeeeeeeeeeeeabcccccccccccccccccccccabccccccccccccccccccccc
eeeeeeeeeeeeeeeeeeeeeeeeeeee
abccccccccccccccccccccc
eeeeeeeeeeeeeeeeeeeeeeeeeeee
abccccccccccccccccccccc
eeeeeeeeeeeeeeeeeeeeeeeeeeeeabccccccccccccccccccccc
eeeeeeeeeeeeeeeeeeeeeeeeeeeeabccccccccccccccccccccc
eeeeeeeeeeeeeeeeeeeeeeeeeeeeabccccccccccccccccccccc
eeeeeeeeeeeeeeeeeeeeeeeeeeeeabccccccccccccccccccccc
eeeeeeeeeeeeeeeeeeeeeeeeeeeeabccccccccccccccccccccc
eeeeeeeeeeeeeeeeeeeeeeeeeeeeabccccccccccccccccccccc
eeeeeeeeeeeeeeeeeeeeeeeeeeeeabccccccccccccccccccccc
eeeeeeeeeeeeeeeeeeeeeeeeeeeeabccccccccccccccccccccc
eeeeeeeeeeeeeeeeeeeeeeeeeeeeabccccccccccccccccccccc
eeeeeeeeeeeeeeeeeeeeeeeeeeeeabccccccccccccccccccccc
eeeeeeeeeeeeeeeeeeeeeeeeeeeeabccccccccccccccccccccc
eeeeeeeeeeeeeeeeeeeeeeeeeeeeabcccccccccccccccccccccabccccccccccccccccccccc
eeeeeeeeeeeeeeeeeeeeeeeeeeee
abccccccccccccccccccccc
eeeeeeeeeeeeeeeeeeeeeeeeeeee
abccccccccccccccccccccc
eeeeeeeeeeeeeeeeeeeeeeeeeeeeabccccccccccccccccccccc
eeeeeeeeeeeeeeeeeeeeeeeeeeeeabccccccccccccccccccccc
eeeeeeeeeeeeeeeeeeeeeeeeeeeeabccccccccccccccccccccc
eeeeeeeeeeeeeeeeeeeeeeeeeeeeabccccccccccccccccccccc
eeeeeeeeeeeeeeeeeeeeeeeeeeeeabccccccccccccccccccccc
eeeeeeeeeeeeeeeeeeeeeeeeeeeeabccccccccccccccccccccc
eeeeeeeeeeeeeeeeeeeeeeeeeeeeabccccccccccccccccccccc
eeeeeeeeeeeeeeeeeeeeeeeeeeeeabccccccccccccccccccccc
eeeeeeeeeeeeeeeeeeeeeeeeeeeeabccccccccccccccccccccc
eeeeeeeeeeeeeeeeeeeeeeeeeeeeabccccccccccccccccccccc
eeeeeeeeeeeeeeeeeeeeeeeeeeeeabccccccccccccccccccccc
eeeeeeeeeeeeeeeeeeeeeeeeeeeeabcccccccccccccccccccccabccccccccccccccccccccc
eeeeeeeeeeeeeeeeeeeeeeeeeeee
abccccccccccccccccccccc
eeeeeeeeeeeeeeeeeeeeeeeeeeee
abccccccccccccccccccccc
eeeeeeeeeeeeeeeeeeeeeeeeeeeeabccccccccccccccccccccc
eeeeeeeeeeeeeeeeeeeeeeeeeeeeabccccccccccccccccccccc
eeeeeeeeeeeeeeeeeeeeeeeeeeeeabccccccccccccccccccccc
eeeeeeeeeeeeeeeeeeeeeeeeeeeeabccccccccccccccccccccc
eeeeeeeeeeeeeeeeeeeeeeeeeeeeabccccccccccccccccccccc
eeeeeeeeeeeeeeeeeeeeeeeeeeeeabccccccccccccccccccccc
eeeeeeeeeeeeeeeeeeeeeeeeeeeeabccccccccccccccccccccc
eeeeeeeeeeeeeeeeeeeeeeeeeeeeabccccccccccccccccccccc
eeeeeeeeeeeeeeeeeeeeeeeeeeeeabccccccccccccccccccccc
eeeeeeeeeeeeeeeeeeeeeeeeeeeeabccccccccccccccccccccc
eeeeeeeeeeeeeeeeeeeeeeeeeeeeabccccccccccccccccccccc
eeeeeeeeeeeeeeeeeeeeeeeeeeeeabcccccccccccccccccccccabccccccccccccccccccccc
eeeeeeeeeeeeeeeeeeeeeeeeeeee
abccccccccccccccccccccc
eeeeeeeeeeeeeeeeeeeeeeeeeeee
abccccccccccccccccccccc
eeeeeeeeeeeeeeeeeeeeeeeeeeeeabccccccccccccccccccccc
eeeeeeeeeeeeeeeeeeeeeeeeeeeeabccccccccccccccccccccc
eeeeeeeeeeeeeeeeeeeeeeeeeeeeabccccccccccccccccccccc
eeeeeeeeeeeeeeeeeeeeeeeeeeeeabccccccccccccccccccccc
eeeeeeeeeeeeeeeeeeeeeeeeeeeeabccccccccccccccccccccc
eeeeeeeeeeeeeeeeeeeeeeeeeeeeabccccccccccccccccccccc
eeeeeeeeeeeeeeeeeeeeeeeeeeeeabccccccccccccccccccccc
eeeeeeeeeeeeeeeeeeeeeeeeeeeeabccccccccccccccccccccc
eeeeeeeeeeeeeeeeeeeeeeeeeeeeabccccccccccccccccccccc
eeeeeeeeeeeeeeeeeeeeeeeeeeeeabccccccccccccccccccccc
eeeeeeeeeeeeeeeeeeeeeeeeeeeeabccccccccccccccccccccc
eeeeeeeeeeeeeeeeeeeeeeeeeeeeabcccccccccccccccccccccabccccccccccccccccccccc
eeeeeeeeeeeeeeeeeeeeeeeeeeee
abccccccccccccccccccccc
eeeeeeeeeeeeeeeeeeeeeeeeeeee
abccccccccccccccccccccc
eeeeeeeeeeeeeeeeeeeeeeeeeeeeabccccccccccccccccccccc
eeeeeeeeeeeeeeeeeeeeeeeeeeeeabccccccccccccccccccccc
eeeeeeeeeeeeeeeeeeeeeeeeeeeeabccccccccccccccccccccc
eeeeeeeeeeeeeeeeeeeeeeeeeeeeabccccccccccccccccccccc
eeeeeeeeeeeeeeeeeeeeeeeeeeeeabccccccccccccccccccccc
eeeeeeeeeeeeeeeeeeeeeeeeeeeeabccccccccccccccccccccc
eeeeeeeeeeeeeeeeeeeeeeeeeeeeabccccccccccccccccccccc
eeeeeeeeeeeeeeeeeeeeeeeeeeeeabccccccccccccccccccccc
eeeeeeeeeeeeeeeeeeeeeeeeeeeeabccccccccccccccccccccc
eeeeeeeeeeeeeeeeeeeeeeeeeeeeabccccccccccccccccccccc
eeeeeeeeeeeeeeeeeeeeeeeeeeeeabccccccccccccccccccccc
eeeeeeeeeeeeeeeeeeeeeeeeeeeeabcccccccccccccccccccccabccccccccccccccccccccc
eeeeeeeeeeeeeeeeeeeeeeeeeeee
abccccccccccccccccccccc
eeeeeeeeeeeeeeeeeeeeeeeeeeee
abccccccccccccccccccccc
eeeeeeeeeeeeeeeeeeeeeeeeeeeeabccccccccccccccccccccc
eeeeeeeeeeeeeeeeeeeeeeeeeeeeabccccccccccccccccccccc
eeeeeeeeeeeeeeeeeeeeeeeeeeeeabccccccccccccccccccccc
eeeeeeeeeeeeeeeeeeeeeeeeeeeeabccccccccccccccccccccc
eeeeeeeeeeeeeeeeeeeeeeeeeeeeabccccccccccccccccccccc
eeeeeeeeeeeeeeeeeeeeeeeeeeeeabccccccccccccccccccccc
eeeeeeeeeeeeeeeeeeeeeeeeeeeeabccccccccccccccccccccc
eeeeeeeeeeeeeeeeeeeeeeeeeeeeabccccccccccccccccccccc
eeeeeeeeeeeeeeeeeeeeeeeeeeeeabccccccccccccccccccccc
eeeeeeeeeeeeeeeeeeeeeeeeeeeeabccccccccccccccccccccc
eeeeeeeeeeeeeeeeeeeeeeeeeeeeabccccccccccccccccccccc
eeeeeeeeeeeeeeeeeeeeeeeeeeeeabcccccccccccccccccccccabccccccccccccccccccccc
eeeeeeeeeeeeeeeeeeeeeeeeeeee
abccccccccccccccccccccc
eeeeeeeeeeeeeeeeeeeeeeeeeeee
abccccccccccccccccccccc
eeeeeeeeeeeeeeeeeeeeeeeeeeeeabccccccccccccccccccccc
eeeeeeeeeeeeeeeeeeeeeeeeeeeeabccccccccccccccccccccc
eeeeeeeeeeeeeeeeeeeeeeeeeeeeabccccccccccccccccccccc
eeeeeeeeeeeeeeeeeeeeeeeeeeeeabccccccccccccccccccccc
eeeeeeeeeeeeeeeeeeeeeeeeeeeeabccccccccccccccccccccc
eeeeeeeeeeeeeeeeeeeeeeeeeeeeabccccccccccccccccccccc
eeeeeeeeeeeeeeeeeeeeeeeeeeeeabccccccccccccccccccccc
eeeeeeeeeeeeeeeeeeeeeeeeeeeeabccccccccccccccccccccc
eeeeeeeeeeeeeeeeeeeeeeeeeeeeabccccccccccccccccccccc
eeeeeeeeeeeeeeeeeeeeeeeeeeeeabccccccccccccccccccccc
eeeeeeeeeeeeeeeeeeeeeeeeeeeeabccccccccccccccccccccc
eeeeeeeeeeeeeeeeeeeeeeeeeeeeabcccccccccccccccccccccabccccccccccccccccccccc
eeeeeeeeeeeeeeeeeeeeeeeeeeee
abccccccccccccccccccccc
eeeeeeeeeeeeeeeeeeeeeeeeeeee
abccccccccccccccccccccc
eeeeeeeeeeeeeeeeeeeeeeeeeeeeabccccccccccccccccccccc
eeeeeeeeeeeeeeeeeeeeeeeeeeeeabccccccccccccccccccccc
eeeeeeeeeeeeeeeeeeeeeeeeeeeeabccccccccccccccccccccc
eeeeeeeeeeeeeeeeeeeeeeeeeeeeabccccccccccccccccccccc
eeeeeeeeeeeeeeeeeeeeeeeeeeeeabccccccccccccccccccccc
eeeeeeeeeeeeeeeeeeeeeeeeeeeeabccccccccccccccccccccc
eeeeeeeeeeeeeeeeeeeeeeeeeeeeabccccccccccccccccccccc
eeeeeeeeeeeeeeeeeeeeeeeeeeeeabccccccccccccccccccccc
eeeeeeeeeeeeeeeeeeeeeeeeeeeeabccccccccccccccccccccc
eeeeeeeeeeeeeeeeeeeeeeeeeeeeabccccccccccccccccccccc
eeeeeeeeeeeeeeeeeeeeeeeeeeeeabccccccccccccccccccccc
eeeeeeeeeeeeeeeeeeeeeeeeeeeeabcccccccccccccccccccccabccccccccccccccccccccc
eeeeeeeeeeeeeeeeeeeeeeeeeeee
abccccccccccccccccccccc
eeeeeeeeeeeeeeeeeeeeeeeeeeee
abccccccccccccccccccccc
eeeeeeeeeeeeeeeeeeeeeeeeeeeeabccccccccccccccccccccc
eeeeeeeeeeeeeeeeeeeeeeeeeeeeabccccccccccccccccccccc
eeeeeeeeeeeeeeeeeeeeeeeeeeeeabccccccccccccccccccccc
eeeeeeeeeeeeeeeeeeeeeeeeeeeeabccccccccccccccccccccc
eeeeeeeeeeeeeeeeeeeeeeeeeeeeabccccccccccccccccccccc
eeeeeeeeeeeeeeeeeeeeeeeeeeeeabccccccccccccccccccccc
eeeeeeeeeeeeeeeeeeeeeeeeeeeeabccccccccccccccccccccc
eeeeeeeeeeeeeeeeeeeeeeeeeeeeabccccccccccccccccccccc
eeeeeeeeeeeeeeeeeeeeeeeeeeeeabccccccccccccccccccccc
eeeeeeeeeeeeeeeeeeeeeeeeeeeeabccccccccccccccccccccc
eeeeeeeeeeeeeeeeeeeeeeeeeeeeabccccccccccccccccccccc
eeeeeeeeeeeeeeeeeeeeeeeeeeeeabcccccccccccccccccccccabccccccccccccccccccccc
eeeeeeeeeeeeeeeeeeeeeeeeeeee
abccccccccccccccccccccc
eeeeeeeeeeeeeeeeeeeeeeeeeeee
abccccccccccccccccccccc
eeeeeeeeeeeeeeeeeeeeeeeeeeeeabccccccccccccccccccccc
eeeeeeeeeeeeeeeeeeeeeeeeeeeeabccccccccccccccccccccc
eeeeeeeeeeeeeeeeeeeeeeeeeeeeabccccccccccccccccccccc
eeeeeeeeeeeeeeeeeeeeeeeeeeeeabccccccccccccccccccccc
eeeeeeeeeeeeeeeeeeeeeeeeeeeeabccccccccccccccccccccc
eeeeeeeeeeeeeeeeeeeeeeeeeeeeabccccccccccccccccccccc
eeeeeeeeeeeeeeeeeeeeeeeeeeeeabccccccccccccccccccccc
eeeeeeeeeeeeeeeeeeeeeeeeeeeeabccccccccccccccccccccc
eeeeeeeeeeeeeeeeeeeeeeeeeeeeabccccccccccccccccccccc
eeeeeeeeeeeeeeeeeeeeeeeeeeeeabccccccccccccccccccccc
eeeeeeeeeeeeeeeeeeeeeeeeeeeeabccccccccccccccccccccc
eeeeeeeeeeeeeeeeeeeeeeeeeeeeabcccccccccccccccccccccabccccccccccccccccccccc
eeeeeeeeeeeeeeeeeeeeeeeeeeee
abccccccccccccccccccccc
eeeeeeeeeeeeeeeeeeeeeeeeeeee
abccccccccccccccccccccc
eeeeeeeeeeeeeeeeeeeeeeeeeeeeabccccccccccccccccccccc
eeeeeeeeeeeeeeeeeeeeeeeeeeeeabccccccccccccccccccccc
eeeeeeeeeeeeeeeeeeeeeeeeeeeeabccccccccccccccccccccc
eeeeeeeeeeeeeeeeeeeeeeeeeeeeabccccccccccccccccccccc
eeeeeeeeeeeeeeeeeeeeeeeeeeeeabccccccccccccccccccccc
eeeeeeeeeeeeeeeeeeeeeeeeeeeeabccccccccccccccccccccc
eeeeeeeeeeeeeeeeeeeeeeeeeeeeabccccccccccccccccccccc
eeeeeeeeeeeeeeeeeeeeeeeeeeeeabccccccccccccccccccccc
eeeeeeeeeeeeeeeeeeeeeeeeeeeeabccccccccccccccccccccc
eeeeeeeeeeeeeeeeeeeeeeeeeeeeabccccccccccccccccccccc
eeeeeeeeeeeeeeeeeeeeeeeeeeeeabccccccccccccccccccccc
eeeeeeeeeeeeeeeeeeeeeeeeeeeeabcccccccccccccccccccccabccccccccccccccccccccc
eeeeeeeeeeeeeeeeeeeeeeeeeeee
abccccccccccccccccccccc
eeeeeeeeeeeeeeeeeeeeeeeeeeee
abccccccccccccccccccccc
eeeeeeeeeeeeeeeeeeeeeeeeeeeeabccccccccccccccccccccc
eeeeeeeeeeeeeeeeeeeeeeeeeeeeabccccccccccccccccccccc
eeeeeeeeeeeeeeeeeeeeeeeeeeeeabccccccccccccccccccccc
eeeeeeeeeeeeeeeeeeeeeeeeeeeeabccccccccccccccccccccc
eeeeeeeeeeeeeeeeeeeeeeeeeeeeabccccccccccccccccccccc
eeeeeeeeeeeeeeeeeeeeeeeeeeeeabccccccccccccccccccccc
eeeeeeeeeeeeeeeeeeeeeeeeeeeeabccccccccccccccccccccc
eeeeeeeeeeeeeeeeeeeeeeeeeeeeabccccccccccccccccccccc
eeeeeeeeeeeeeeeeeeeeeeeeeeeeabccccccccccccccccccccc
eeeeeeeeeeeeeeeeeeeeeeeeeeeeabccccccccccccccccccccc
eeeeeeeeeeeeeeeeeeeeeeeeeeeeabccccccccccccccccccccc
eeeeeeeeeeeeeeeeeeeeeeeeeeeeabcccccccccccccccccccccabccccccccccccccccccccc
eeeeeeeeeeeeeeeeeeeeeeeeeeee
abccccccccccccccccccccc
eeeeeeeeeeeeeeeeeeeeeeeeeeee
abccccccccccccccccccccc
eeeeeeeeeeeeeeeeeeeeeeeeeeeeabccccccccccccccccccccc
eeeeeeeeeeeeeeeeeeeeeeeeeeeeabccccccccccccccccccccc
eeeeeeeeeeeeeeeeeeeeeeeeeeeeabccccccccccccccccccccc
eeeeeeeeeeeeeeeeeeeeeeeeeeeeabccccccccccccccccccccc
eeeeeeeeeeeeeeeeeeeeeeeeeeeeabccccccccccccccccccccc
eeeeeeeeeeeeeeeeeeeeeeeeeeeeabccccccccccccccccccccc
eeeeeeeeeeeeeeeeeeeeeeeeeeeeabccccccccccccccccccccc
eeeeeeeeeeeeeeeeeeeeeeeeeeeeabccccccccccccccccccccc
eeeeeeeeeeeeeeeeeeeeeeeeeeeeabccccccccccccccccccccc
eeeeeeeeeeeeeeeeeeeeeeeeeeeeabccccccccccccccccccccc
eeeeeeeeeeeeeeeeeeeeeeeeeeeeabccccccccccccccccccccc
eeeeeeeeeeeeeeeeeeeeeeeeeeeeabcccccccccccccccccccccabccccccccccccccccccccc
eeeeeeeeeeeeeeeeeeeeeeeeeeee
abccccccccccccccccccccc
eeeeeeeeeeeeeeeeeeeeeeeeeeee
abccccccccccccccccccccc
eeeeeeeeeeeeeeeeeeeeeeeeeeeeabccccccccccccccccccccc
eeeeeeeeeeeeeeeeeeeeeeeeeeeeabccccccccccccccccccccc
eeeeeeeeeeeeeeeeeeeeeeeeeeeeabccccccccccccccccccccc
eeeeeeeeeeeeeeeeeeeeeeeeeeeeabccccccccccccccccccccc
eeeeeeeeeeeeeeeeeeeeeeeeeeeeabccccccccccccccccccccc
eeeeeeeeeeeeeeeeeeeeeeeeeeeeabccccccccccccccccccccc
eeeeeeeeeeeeeeeeeeeeeeeeeeeeabccccccccccccccccccccc
eeeeeeeeeeeeeeeeeeeeeeeeeeeeabccccccccccccccccccccc
eeeeeeeeeeeeeeeeeeeeeeeeeeeeabccccccccccccccccccccc
eeeeeeeeeeeeeeeeeeeeeeeeeeeeabccccccccccccccccccccc
eeeeeeeeeeeeeeeeeeeeeeeeeeeeabccccccccccccccccccccc
eeeeeeeeeeeeeeeeeeeeeeeeeeeeabcccccccccccccccccccccabccccccccccccccccccccc
eeeeeeeeeeeeeeeeeeeeeeeeeeee
abccccccccccccccccccccc
eeeeeeeeeeeeeeeeeeeeeeeeeeee
abccccccccccccccccccccc
eeeeeeeeeeeeeeeeeeeeeeeeeeeeabccccccccccccccccccccc
eeeeeeeeeeeeeeeeeeeeeeeeeeeeabccccccccccccccccccccc
eeeeeeeeeeeeeeeeeeeeeeeeeeeeabccccccccccccccccccccc
eeeeeeeeeeeeeeeeeeeeeeeeeeeeabccccccccccccccccccccc
eeeeeeeeeeeeeeeeeeeeeeeeeeeeabccccccccccccccccccccc
eeeeeeeeeeeeeeeeeeeeeeeeeeeeabccccccccccccccccccccc
eeeeeeeeeeeeeeeeeeeeeeeeeeeeabccccccccccccccccccccc
eeeeeeeeeeeeeeeeeeeeeeeeeeeeabccccccccccccccccccccc
eeeeeeeeeeeeeeeeeeeeeeeeeeeeabccccccccccccccccccccc
eeeeeeeeeeeeeeeeeeeeeeeeeeeeabccccccccccccccccccccc
eeeeeeeeeeeeeeeeeeeeeeeeeeeeabccccccccccccccccccccc
eeeeeeeeeeeeeeeeeeeeeeeeeeeeabcccccccccccccccccccccabccccccccccccccccccccc
eeeeeeeeeeeeeeeeeeeeeeeeeeee
abccccccccccccccccccccc
eeeeeeeeeeeeeeeeeeeeeeeeeeee
abccccccccccccccccccccc
eeeeeeeeeeeeeeeeeeeeeeeeeeeeabccccccccccccccccccccc
eeeeeeeeeeeeeeeeeeeeeeeeeeeeabccccccccccccccccccccc
eeeeeeeeeeeeeeeeeeeeeeeeeeeeabccccccccccccccccccccc
eeeeeeeeeeeeeeeeeeeeeeeeeeeeabccccccccccccccccccccc
eeeeeeeeeeeeeeeeeeeeeeeeeeeeabccccccccccccccccccccc
eeeeeeeeeeeeeeeeeeeeeeeeeeeeabccccccccccccccccccccc
eeeeeeeeeeeeeeeeeeeeeeeeeeeeabccccccccccccccccccccc
eeeeeeeeeeeeeeeeeeeeeeeeeeeeabccccccccccccccccccccc
eeeeeeeeeeeeeeeeeeeeeeeeeeeeabccccccccccccccccccccc
eeeeeeeeeeeeeeeeeeeeeeeeeeeeabccccccccccccccccccccc
eeeeeeeeeeeeeeeeeeeeeeeeeeeeabccccccccccccccccccccc
eeeeeeeeeeeeeeeeeeeeeeeeeeeeabcccccccccccccccccccccabccccccccccccccccccccc
eeeeeeeeeeeeeeeeeeeeeeeeeeee
abccccccccccccccccccccc
eeeeeeeeeeeeeeeeeeeeeeeeeeee
abccccccccccccccccccccc
eeeeeeeeeeeeeeeeeeeeeeeeeeeeabccccccccccccccccccccc
eeeeeeeeeeeeeeeeeeeeeeeeeeeeabccccccccccccccccccccc
eeeeeeeeeeeeeeeeeeeeeeeeeeeeabccccccccccccccccccccc
eeeeeeeeeeeeeeeeeeeeeeeeeeeeabccccccccccccccccccccc
eeeeeeeeeeeeeeeeeeeeeeeeeeeeabccccccccccccccccccccc
eeeeeeeeeeeeeeeeeeeeeeeeeeeeabccccccccccccccccccccc
eeeeeeeeeeeeeeeeeeeeeeeeeeeeabccccccccccccccccccccc
eeeeeeeeeeeeeeeeeeeeeeeeeeeeabccccccccccccccccccccc
eeeeeeeeeeeeeeeeeeeeeeeeeeeeabccccccccccccccccccccc
eeeeeeeeeeeeeeeeeeeeeeeeeeeeabccccccccccccccccccccc
eeeeeeeeeeeeeeeeeeeeeeeeeeeeabccccccccccccccccccccc
eeeeeeeeeeeeeeeeeeeeeeeeeeeeabcccccccccccccccccccccabccccccccccccccccccccc
eeeeeeeeeeeeeeeeeeeeeeeeeeee
abccccccccccccccccccccc
eeeeeeeeeeeeeeeeeeeeeeeeeeee
abccccccccccccccccccccc
eeeeeeeeeeeeeeeeeeeeeeeeeeeeabccccccccccccccccccccc
eeeeeeeeeeeeeeeeeeeeeeeeeeeeabccccccccccccccccccccc
eeeeeeeeeeeeeeeeeeeeeeeeeeeeabccccccccccccccccccccc
eeeeeeeeeeeeeeeeeeeeeeeeeeeeabccccccccccccccccccccc
eeeeeeeeeeeeeeeeeeeeeeeeeeeeabccccccccccccccccccccc
eeeeeeeeeeeeeeeeeeeeeeeeeeeeabccccccccccccccccccccc
eeeeeeeeeeeeeeeeeeeeeeeeeeeeabccccccccccccccccccccc
eeeeeeeeeeeeeeeeeeeeeeeeeeeeabccccccccccccccccccccc
eeeeeeeeeeeeeeeeeeeeeeeeeeeeabccccccccccccccccccccc
eeeeeeeeeeeeeeeeeeeeeeeeeeeeabccccccccccccccccccccc
eeeeeeeeeeeeeeeeeeeeeeeeeeeeabccccccccccccccccccccc
eeeeeeeeeeeeeeeeeeeeeeeeeeeeabcccccccccccccccccccccabccccccccccccccccccccc
eeeeeeeeeeeeeeeeeeeeeeeeeeee
abccccccccccccccccccccc
eeeeeeeeeeeeeeeeeeeeeeeeeeee
abccccccccccccccccccccc
eeeeeeeeeeeeeeeeeeeeeeeeeeeeabccccccccccccccccccccc
eeeeeeeeeeeeeeeeeeeeeeeeeeeeabccccccccccccccccccccc
eeeeeeeeeeeeeeeeeeeeeeeeeeeeabccccccccccccccccccccc
eeeeeeeeeeeeeeeeeeeeeeeeeeeeabccccccccccccccccccccc
eeeeeeeeeeeeeeeeeeeeeeeeeeeeabccccccccccccccccccccc
eeeeeeeeeeeeeeeeeeeeeeeeeeeeabccccccccccccccccccccc
eeeeeeeeeeeeeeeeeeeeeeeeeeeeabccccccccccccccccccccc
eeeeeeeeeeeeeeeeeeeeeeeeeeeeabccccccccccccccccccccc
eeeeeeeeeeeeeeeeeeeeeeeeeeeeabccccccccccccccccccccc
eeeeeeeeeeeeeeeeeeeeeeeeeeeeabccccccccccccccccccccc
eeeeeeeeeeeeeeeeeeeeeeeeeeeeabccccccccccccccccccccc
eeeeeeeeeeeeeeeeeeeeeeeeeeeeabcccccccccccccccccccccabccccccccccccccccccccc
eeeeeeeeeeeeeeeeeeeeeeeeeeee
abccccccccccccccccccccc
eeeeeeeeeeeeeeeeeeeeeeeeeeee
abccccccccccccccccccccc
eeeeeeeeeeeeeeeeeeeeeeeeeeeeabccccccccccccccccccccc
eeeeeeeeeeeeeeeeeeeeeeeeeeeeabccccccccccccccccccccc
eeeeeeeeeeeeeeeeeeeeeeeeeeeeabccccccccccccccccccccc
eeeeeeeeeeeeeeeeeeeeeeeeeeeeabccccccccccccccccccccc
eeeeeeeeeeeeeeeeeeeeeeeeeeeeabccccccccccccccccccccc
eeeeeeeeeeeeeeeeeeeeeeeeeeeeabccccccccccccccccccccc
eeeeeeeeeeeeeeeeeeeeeeeeeeeeabccccccccccccccccccccc
eeeeeeeeeeeeeeeeeeeeeeeeeeeeabccccccccccccccccccccc
eeeeeeeeeeeeeeeeeeeeeeeeeeeeabccccccccccccccccccccc
eeeeeeeeeeeeeeeeeeeeeeeeeeeeabccccccccccccccccccccc
eeeeeeeeeeeeeeeeeeeeeeeeeeeeabccccccccccccccccccccc
eeeeeeeeeeeeeeeeeeeeeeeeeeeeabcccccccccccccccccccccabccccccccccccccccccccc
eeeeeeeeeeeeeeeeeeeeeeeeeeee
abccccccccccccccccccccc
eeeeeeeeeeeeeeeeeeeeeeeeeeee
abccccccccccccccccccccc
eeeeeeeeeeeeeeeeeeeeeeeeeeeeabccccccccccccccccccccc
eeeeeeeeeeeeeeeeeeeeeeeeeeeeabccccccccccccccccccccc
eeeeeeeeeeeeeeeeeeeeeeeeeeeeabccccccccccccccccccccc
eeeeeeeeeeeeeeeeeeeeeeeeeeeeabccccccccccccccccccccc
eeeeeeeeeeeeeeeeeeeeeeeeeeeeabccccccccccccccccccccc
eeeeeeeeeeeeeeeeeeeeeeeeeeeeabccccccccccccccccccccc
eeeeeeeeeeeeeeeeeeeeeeeeeeeeabccccccccccccccccccccc
eeeeeeeeeeeeeeeeeeeeeeeeeeeeabccccccccccccccccccccc
eeeeeeeeeeeeeeeeeeeeeeeeeeeeabccccccccccccccccccccc
eeeeeeeeeeeeeeeeeeeeeeeeeeeeabccccccccccccccccccccc
eeeeeeeeeeeeeeeeeeeeeeeeeeeeabccccccccccccccccccccc
eeeeeeeeeeeeeeeeeeeeeeeeeeeeabcccccccccccccccccccccabccccccccccccccccccccc
eeeeeeeeeeeeeeeeeeeeeeeeeeee
abccccccccccccccccccccc
eeeeeeeeeeeeeeeeeeeeeeeeeeee
abccccccccccccccccccccc
eeeeeeeeeeeeeeeeeeeeeeeeeeeeabccccccccccccccccccccc
eeeeeeeeeeeeeeeeeeeeeeeeeeeeabccccccccccccccccccccc
eeeeeeeeeeeeeeeeeeeeeeeeeeeeabccccccccccccccccccccc
eeeeeeeeeeeeeeeeeeeeeeeeeeeeabccccccccccccccccccccc
eeeeeeeeeeeeeeeeeeeeeeeeeeeeabccccccccccccccccccccc
eeeeeeeeeeeeeeeeeeeeeeeeeeeeabccccccccccccccccccccc
eeeeeeeeeeeeeeeeeeeeeeeeeeeeabccccccccccccccccccccc
eeeeeeeeeeeeeeeeeeeeeeeeeeeeabccccccccccccccccccccc
eeeeeeeeeeeeeeeeeeeeeeeeeeeeabccccccccccccccccccccc
eeeeeeeeeeeeeeeeeeeeeeeeeeeeabccccccccccccccccccccc
eeeeeeeeeeeeeeeeeeeeeeeeeeeeabccccccccccccccccccccc
eeeeeeeeeeeeeeeeeeeeeeeeeeeeabcccccccccccccccccccccabccccccccccccccccccccc
eeeeeeeeeeeeeeeeeeeeeeeeeeee
abccccccccccccccccccccc
eeeeeeeeeeeeeeeeeeeeeeeeeeee
abccccccccccccccccccccc
eeeeeeeeeeeeeeeeeeeeeeeeeeeeabccccccccccccccccccccc
eeeeeeeeeeeeeeeeeeeeeeeeeeeeabccccccccccccccccccccc
eeeeeeeeeeeeeeeeeeeeeeeeeeeeabccccccccccccccccccccc
eeeeeeeeeeeeeeeeeeeeeeeeeeeeabccccccccccccccccccccc
eeeeeeeeeeeeeeeeeeeeeeeeeeeeabccccccccccccccccccccc
eeeeeeeeeeeeeeeeeeeeeeeeeeeeabccccccccccccccccccccc
eeeeeeeeeeeeeeeeeeeeeeeeeeeeabccccccccccccccccccccc
eeeeeeeeeeeeeeeeeeeeeeeeeeeeabccccccccccccccccccccc
eeeeeeeeeeeeeeeeeeeeeeeeeeeeabccccccccccccccccccccc
eeeeeeeeeeeeeeeeeeeeeeeeeeeeabccccccccccccccccccccc
eeeeeeeeeeeeeeeeeeeeeeeeeeeeabccccccccccccccccccccc
eeeeeeeeeeeeeeeeeeeeeeeeeeeeabcccccccccccccccccccccabccccccccccccccccccccc
eeeeeeeeeeeeeeeeeeeeeeeeeeee
abccccccccccccccccccccc
eeeeeeeeeeeeeeeeeeeeeeeeeeee
abccccccccccccccccccccc
eeeeeeeeeeeeeeeeeeeeeeeeeeeeabccccccccccccccccccccc
eeeeeeeeeeeeeeeeeeeeeeeeeeeeabccccccccccccccccccccc
eeeeeeeeeeeeeeeeeeeeeeeeeeeeabccccccccccccccccccccc
eeeeeeeeeeeeeeeeeeeeeeeeeeeeabccccccccccccccccccccc
eeeeeeeeeeeeeeeeeeeeeeeeeeeeabccccccccccccccccccccc
eeeeeeeeeeeeeeeeeeeeeeeeeeeeabccccccccccccccccccccc
eeeeeeeeeeeeeeeeeeeeeeeeeeeeabccccccccccccccccccccc
eeeeeeeeeeeeeeeeeeeeeeeeeeeeabccccccccccccccccccccc
eeeeeeeeeeeeeeeeeeeeeeeeeeeeabccccccccccccccccccccc
eeeeeeeeeeeeeeeeeeeeeeeeeeeeabccccccccccccccccccccc
eeeeeeeeeeeeeeeeeeeeeeeeeeeeabccccccccccccccccccccc
eeeeeeeeeeeeeeeeeeeeeeeeeeeeabcccccccccccccccccccccabccccccccccccccccccccc
eeeeeeeeeeeeeeeeeeeeeeeeeeee
abccccccccccccccccccccc
eeeeeeeeeeeeeeeeeeeeeeeeeeee
abccccccccccccccccccccc
eeeeeeeeeeeeeeeeeeeeeeeeeeeeabccccccccccccccccccccc
eeeeeeeeeeeeeeeeeeeeeeeeeeeeabccccccccccccccccccccc
eeeeeeeeeeeeeeeeeeeeeeeeeeeeabccccccccccccccccccccc
eeeeeeeeeeeeeeeeeeeeeeeeeeeeabccccccccccccccccccccc
eeeeeeeeeeeeeeeeeeeeeeeeeeeeabccccccccccccccccccccc
eeeeeeeeeeeeeeeeeeeeeeeeeeeeabccccccccccccccccccccc
eeeeeeeeeeeeeeeeeeeeeeeeeeeeabccccccccccccccccccccc
eeeeeeeeeeeeeeeeeeeeeeeeeeeeabccccccccccccccccccccc
eeeeeeeeeeeeeeeeeeeeeeeeeeeeabccccccccccccccccccccc
eeeeeeeeeeeeeeeeeeeeeeeeeeeeabccccccccccccccccccccc
eeeeeeeeeeeeeeeeeeeeeeeeeeeeabccccccccccccccccccccc
eeeeeeeeeeeeeeeeeeeeeeeeeeeeabcccccccccccccccccccccabccccccccccccccccccccc
eeeeeeeeeeeeeeeeeeeeeeeeeeee
abccccccccccccccccccccc
eeeeeeeeeeeeeeeeeeeeeeeeeeee
abccccccccccccccccccccc
eeeeeeeeeeeeeeeeeeeeeeeeeeeeabccccccccccccccccccccc
eeeeeeeeeeeeeeeeeeeeeeeeeeeeabccccccccccccccccccccc
eeeeeeeeeeeeeeeeeeeeeeeeeeeeabccccccccccccccccccccc
eeeeeeeeeeeeeeeeeeeeeeeeeeeeabccccccccccccccccccccc
eeeeeeeeeeeeeeeeeeeeeeeeeeeeabccccccccccccccccccccc
eeeeeeeeeeeeeeeeeeeeeeeeeeeeabccccccccccccccccccccc
eeeeeeeeeeeeeeeeeeeeeeeeeeeeabccccccccccccccccccccc
eeeeeeeeeeeeeeeeeeeeeeeeeeeeabccccccccccccccccccccc
eeeeeeeeeeeeeeeeeeeeeeeeeeeeabccccccccccccccccccccc
eeeeeeeeeeeeeeeeeeeeeeeeeeeeabccccccccccccccccccccc
eeeeeeeeeeeeeeeeeeeeeeeeeeeeabccccccccccccccccccccc
eeeeeeeeeeeeeeeeeeeeeeeeeeeeabcccccccccccccccccccccabccccccccccccccccccccc
eeeeeeeeeeeeeeeeeeeeeeeeeeee
abccccccccccccccccccccc
eeeeeeeeeeeeeeeeeeeeeeeeeeee
abccccccccccccccccccccc
eeeeeeeeeeeeeeeeeeeeeeeeeeeeabccccccccccccccccccccc
eeeeeeeeeeeeeeeeeeeeeeeeeeeeabccccccccccccccccccccc
eeeeeeeeeeeeeeeeeeeeeeeeeeeeabccccccccccccccccccccc
eeeeeeeeeeeeeeeeeeeeeeeeeeeeabccccccccccccccccccccc
eeeeeeeeeeeeeeeeeeeeeeeeeeeeabccccccccccccccccccccc
eeeeeeeeeeeeeeeeeeeeeeeeeeeeabccccccccccccccccccccc
eeeeeeeeeeeeeeeeeeeeeeeeeeeeabccccccccccccccccccccc
eeeeeeeeeeeeeeeeeeeeeeeeeeeeabccccccccccccccccccccc
eeeeeeeeeeeeeeeeeeeeeeeeeeeeabccccccccccccccccccccc
eeeeeeeeeeeeeeeeeeeeeeeeeeeeabccccccccccccccccccccc
eeeeeeeeeeeeeeeeeeeeeeeeeeeeabccccccccccccccccccccc
eeeeeeeeeeeeeeeeeeeeeeeeeeeeabcccccccccccccccccccccabccccccccccccccccccccc
eeeeeeeeeeeeeeeeeeeeeeeeeeee
abccccccccccccccccccccc
eeeeeeeeeeeeeeeeeeeeeeeeeeee
abccccccccccccccccccccc
eeeeeeeeeeeeeeeeeeeeeeeeeeeeabccccccccccccccccccccc
eeeeeeeeeeeeeeeeeeeeeeeeeeeeabccccccccccccccccccccc
eeeeeeeeeeeeeeeeeeeeeeeeeeeeabccccccccccccccccccccc
eeeeeeeeeeeeeeeeeeeeeeeeeeeeabccccccccccccccccccccc
eeeeeeeeeeeeeeeeeeeeeeeeeeeeabccccccccccccccccccccc
eeeeeeeeeeeeeeeeeeeeeeeeeeeeabccccccccccccccccccccc
eeeeeeeeeeeeeeeeeeeeeeeeeeeeabccccccccccccccccccccc
eeeeeeeeeeeeeeeeeeeeeeeeeeeeabccccccccccccccccccccc
eeeeeeeeeeeeeeeeeeeeeeeeeeeeabccccccccccccccccccccc
eeeeeeeeeeeeeeeeeeeeeeeeeeeeabccccccccccccccccccccc
eeeeeeeeeeeeeeeeeeeeeeeeeeeeabccccccccccccccccccccc
eeeeeeeeeeeeeeeeeeeeeeeeeeeeabcccccccccccccccccccccabccccccccccccccccccccc
eeeeeeeeeeeeeeeeeeeeeeeeeeee
abccccccccccccccccccccc
eeeeeeeeeeeeeeeeeeeeeeeeeeee
abccccccccccccccccccccc
eeeeeeeeeeeeeeeeeeeeeeeeeeeeabccccccccccccccccccccc
eeeeeeeeeeeeeeeeeeeeeeeeeeeeabccccccccccccccccccccc
eeeeeeeeeeeeeeeeeeeeeeeeeeeeabccccccccccccccccccccc
eeeeeeeeeeeeeeeeeeeeeeeeeeeeabccccccccccccccccccccc
eeeeeeeeeeeeeeeeeeeeeeeeeeeeabccccccccccccccccccccc
eeeeeeeeeeeeeeeeeeeeeeeeeeeeabccccccccccccccccccccc
eeeeeeeeeeeeeeeeeeeeeeeeeeeeabccccccccccccccccccccc
eeeeeeeeeeeeeeeeeeeeeeeeeeeeabccccccccccccccccccccc
eeeeeeeeeeeeeeeeeeeeeeeeeeeeabccccccccccccccccccccc
eeeeeeeeeeeeeeeeeeeeeeeeeeeeabccccccccccccccccccccc
eeeeeeeeeeeeeeeeeeeeeeeeeeeeabccccccccccccccccccccc
eeeeeeeeeeeeeeeeeeeeeeeeeeeeabcccccccccccccccccccccabccccccccccccccccccccc
eeeeeeeeeeeeeeeeeeeeeeeeeeee
abccccccccccccccccccccc
eeeeeeeeeeeeeeeeeeeeeeeeeeee
abccccccccccccccccccccc
eeeeeeeeeeeeeeeeeeeeeeeeeeeeabccccccccccccccccccccc
eeeeeeeeeeeeeeeeeeeeeeeeeeeeabccccccccccccccccccccc
eeeeeeeeeeeeeeeeeeeeeeeeeeeeabccccccccccccccccccccc
eeeeeeeeeeeeeeeeeeeeeeeeeeeeabccccccccccccccccccccc
eeeeeeeeeeeeeeeeeeeeeeeeeeeeabccccccccccccccccccccc
eeeeeeeeeeeeeeeeeeeeeeeeeeeeabccccccccccccccccccccc
eeeeeeeeeeeeeeeeeeeeeeeeeeeeabccccccccccccccccccccc
eeeeeeeeeeeeeeeeeeeeeeeeeeeeabccccccccccccccccccccc
eeeeeeeeeeeeeeeeeeeeeeeeeeeeabccccccccccccccccccccc
eeeeeeeeeeeeeeeeeeeeeeeeeeeeabccccccccccccccccccccc
eeeeeeeeeeeeeeeeeeeeeeeeeeeeabccccccccccccccccccccc
eeeeeeeeeeeeeeeeeeeeeeeeeeeeabcccccccccccccccccccccabccccccccccccccccccccc
eeeeeeeeeeeeeeeeeeeeeeeeeeee
abccccccccccccccccccccc
eeeeeeeeeeeeeeeeeeeeeeeeeeee
abccccccccccccccccccccc
eeeeeeeeeeeeeeeeeeeeeeeeeeeeabccccccccccccccccccccc
eeeeeeeeeeeeeeeeeeeeeeeeeeeeabccccccccccccccccccccc
eeeeeeeeeeeeeeeeeeeeeeeeeeeeabccccccccccccccccccccc
eeeeeeeeeeeeeeeeeeeeeeeeeeeeabccccccccccccccccccccc
eeeeeeeeeeeeeeeeeeeeeeeeeeeeabccccccccccccccccccccc
eeeeeeeeeeeeeeeeeeeeeeeeeeeeabccccccccccccccccccccc
eeeeeeeeeeeeeeeeeeeeeeeeeeeeabccccccccccccccccccccc
eeeeeeeeeeeeeeeeeeeeeeeeeeeeabccccccccccccccccccccc
eeeeeeeeeeeeeeeeeeeeeeeeeeeeabccccccccccccccccccccc
eeeeeeeeeeeeeeeeeeeeeeeeeeeeabccccccccccccccccccccc
eeeeeeeeeeeeeeeeeeeeeeeeeeeeabccccccccccccccccccccc
eeeeeeeeeeeeeeeeeeeeeeeeeeeeabcccccccccccccccccccccabccccccccccccccccccccc
eeeeeeeeeeeeeeeeeeeeeeeeeeee
abccccccccccccccccccccc
eeeeeeeeeeeeeeeeeeeeeeeeeeee
abccccccccccccccccccccc
eeeeeeeeeeeeeeeeeeeeeeeeeeeeabccccccccccccccccccccc
eeeeeeeeeeeeeeeeeeeeeeeeeeeeabccccccccccccccccccccc
eeeeeeeeeeeeeeeeeeeeeeeeeeeeabccccccccccccccccccccc
eeeeeeeeeeeeeeeeeeeeeeeeeeeeabccccccccccccccccccccc
eeeeeeeeeeeeeeeeeeeeeeeeeeeeabccccccccccccccccccccc
eeeeeeeeeeeeeeeeeeeeeeeeeeeeabccccccccccccccccccccc
eeeeeeeeeeeeeeeeeeeeeeeeeeeeabccccccccccccccccccccc
eeeeeeeeeeeeeeeeeeeeeeeeeeeeabccccccccccccccccccccc
eeeeeeeeeeeeeeeeeeeeeeeeeeeeabccccccccccccccccccccc
eeeeeeeeeeeeeeeeeeeeeeeeeeeeabccccccccccccccccccccc
eeeeeeeeeeeeeeeeeeeeeeeeeeeeabccccccccccccccccccccc
eeeeeeeeeeeeeeeeeeeeeeeeeeeeabcccccccccccccccccccccabccccccccccccccccccccc
eeeeeeeeeeeeeeeeeeeeeeeeeeee
abccccccccccccccccccccc
eeeeeeeeeeeeeeeeeeeeeeeeeeee
abccccccccccccccccccccc
eeeeeeeeeeeeeeeeeeeeeeeeeeeeabccccccccccccccccccccc
eeeeeeeeeeeeeeeeeeeeeeeeeeeeabccccccccccccccccccccc
eeeeeeeeeeeeeeeeeeeeeeeeeeeeabccccccccccccccccccccc
eeeeeeeeeeeeeeeeeeeeeeeeeeeeabccccccccccccccccccccc
eeeeeeeeeeeeeeeeeeeeeeeeeeeeabccccccccccccccccccccc
eeeeeeeeeeeeeeeeeeeeeeeeeeeeabccccccccccccccccccccc
eeeeeeeeeeeeeeeeeeeeeeeeeeeeabccccccccccccccccccccc
eeeeeeeeeeeeeeeeeeeeeeeeeeeeabccccccccccccccccccccc
eeeeeeeeeeeeeeeeeeeeeeeeeeeeabccccccccccccccccccccc
eeeeeeeeeeeeeeeeeeeeeeeeeeeeabccccccccccccccccccccc
eeeeeeeeeeeeeeeeeeeeeeeeeeeeabccccccccccccccccccccc
eeeeeeeeeeeeeeeeeeeeeeeeeeeeabcccccccccccccccccccccabccccccccccccccccccccc
eeeeeeeeeeeeeeeeeeeeeeeeeeee
abccccccccccccccccccccc
eeeeeeeeeeeeeeeeeeeeeeeeeeee
abccccccccccccccccccccc
eeeeeeeeeeeeeeeeeeeeeeeeeeeeabccccccccccccccccccccc
eeeeeeeeeeeeeeeeeeeeeeeeeeeeabccccccccccccccccccccc
eeeeeeeeeeeeeeeeeeeeeeeeeeeeabccccccccccccccccccccc
eeeeeeeeeeeeeeeeeeeeeeeeeeeeabccccccccccccccccccccc
eeeeeeeeeeeeeeeeeeeeeeeeeeeeabccccccccccccccccccccc
eeeeeeeeeeeeeeeeeeeeeeeeeeeeabccccccccccccccccccccc
eeeeeeeeeeeeeeeeeeeeeeeeeeeeabccccccccccccccccccccc
eeeeeeeeeeeeeeeeeeeeeeeeeeeeabccccccccccccccccccccc
eeeeeeeeeeeeeeeeeeeeeeeeeeeeabccccccccccccccccccccc
eeeeeeeeeeeeeeeeeeeeeeeeeeeeabccccccccccccccccccccc
eeeeeeeeeeeeeeeeeeeeeeeeeeeeabccccccccccccccccccccc
eeeeeeeeeeeeeeeeeeeeeeeeeeeeabcccccccccccccccccccccabccccccccccccccccccccc
eeeeeeeeeeeeeeeeeeeeeeeeeeee
abccccccccccccccccccccc
eeeeeeeeeeeeeeeeeeeeeeeeeeee
abccccccccccccccccccccc
eeeeeeeeeeeeeeeeeeeeeeeeeeeeabccccccccccccccccccccc
eeeeeeeeeeeeeeeeeeeeeeeeeeeeabccccccccccccccccccccc
eeeeeeeeeeeeeeeeeeeeeeeeeeeeabccccccccccccccccccccc
eeeeeeeeeeeeeeeeeeeeeeeeeeeeabccccccccccccccccccccc
eeeeeeeeeeeeeeeeeeeeeeeeeeeeabccccccccccccccccccccc
eeeeeeeeeeeeeeeeeeeeeeeeeeeeabccccccccccccccccccccc
eeeeeeeeeeeeeeeeeeeeeeeeeeeeabccccccccccccccccccccc
eeeeeeeeeeeeeeeeeeeeeeeeeeeeabccccccccccccccccccccc
eeeeeeeeeeeeeeeeeeeeeeeeeeeeabccccccccccccccccccccc
eeeeeeeeeeeeeeeeeeeeeeeeeeeeabccccccccccccccccccccc
eeeeeeeeeeeeeeeeeeeeeeeeeeeeabccccccccccccccccccccc
eeeeeeeeeeeeeeeeeeeeeeeeeeeeabcccccccccccccccccccccabccccccccccccccccccccc
eeeeeeeeeeeeeeeeeeeeeeeeeeee
abccccccccccccccccccccc
eeeeeeeeeeeeeeeeeeeeeeeeeeee
abccccccccccccccccccccc
eeeeeeeeeeeeeeeeeeeeeeeeeeeeabccccccccccccccccccccc
eeeeeeeeeeeeeeeeeeeeeeeeeeeeabccccccccccccccccccccc
eeeeeeeeeeeeeeeeeeeeeeeeeeeeabccccccccccccccccccccc
eeeeeeeeeeeeeeeeeeeeeeeeeeeeabccccccccccccccccccccc
eeeeeeeeeeeeeeeeeeeeeeeeeeeeabccccccccccccccccccccc
eeeeeeeeeeeeeeeeeeeeeeeeeeeeabccccccccccccccccccccc
eeeeeeeeeeeeeeeeeeeeeeeeeeeeabccccccccccccccccccccc
eeeeeeeeeeeeeeeeeeeeeeeeeeeeabccccccccccccccccccccc
eeeeeeeeeeeeeeeeeeeeeeeeeeeeabccccccccccccccccccccc
eeeeeeeeeeeeeeeeeeeeeeeeeeeeabccccccccccccccccccccc
eeeeeeeeeeeeeeeeeeeeeeeeeeeeabccccccccccccccccccccc
eeeeeeeeeeeeeeeeeeeeeeeeeeeeabcccccccccccccccccccccabccccccccccccccccccccc
eeeeeeeeeeeeeeeeeeeeeeeeeeee
abccccccccccccccccccccc
eeeeeeeeeeeeeeeeeeeeeeeeeeee
abccccccccccccccccccccc
eeeeeeeeeeeeeeeeeeeeeeeeeeeeabccccccccccccccccccccc
eeeeeeeeeeeeeeeeeeeeeeeeeeeeabccccccccccccccccccccc
eeeeeeeeeeeeeeeeeeeeeeeeeeeeabccccccccccccccccccccc
eeeeeeeeeeeeeeeeeeeeeeeeeeeeabccccccccccccccccccccc
eeeeeeeeeeeeeeeeeeeeeeeeeeeeabccccccccccccccccccccc
eeeeeeeeeeeeeeeeeeeeeeeeeeeeabccccccccccccccccccccc
eeeeeeeeeeeeeeeeeeeeeeeeeeeeabccccccccccccccccccccc
eeeeeeeeeeeeeeeeeeeeeeeeeeeeabccccccccccccccccccccc
eeeeeeeeeeeeeeeeeeeeeeeeeeeeabccccccccccccccccccccc
eeeeeeeeeeeeeeeeeeeeeeeeeeeeabccccccccccccccccccccc
eeeeeeeeeeeeeeeeeeeeeeeeeeeeabccccccccccccccccccccc
eeeeeeeeeeeeeeeeeeeeeeeeeeeeabcccccccccccccccccccccabccccccccccccccccccccc
eeeeeeeeeeeeeeeeeeeeeeeeeeee
abccccccccccccccccccccc
eeeeeeeeeeeeeeeeeeeeeeeeeeee
abccccccccccccccccccccc
eeeeeeeeeeeeeeeeeeeeeeeeeeeeabccccccccccccccccccccc
eeeeeeeeeeeeeeeeeeeeeeeeeeeeabccccccccccccccccccccc
eeeeeeeeeeeeeeeeeeeeeeeeeeeeabccccccccccccccccccccc
eeeeeeeeeeeeeeeeeeeeeeeeeeeeabccccccccccccccccccccc
eeeeeeeeeeeeeeeeeeeeeeeeeeeeabccccccccccccccccccccc
eeeeeeeeeeeeeeeeeeeeeeeeeeeeabccccccccccccccccccccc
eeeeeeeeeeeeeeeeeeeeeeeeeeeeabccccccccccccccccccccc
eeeeeeeeeeeeeeeeeeeeeeeeeeeeabccccccccccccccccccccc
eeeeeeeeeeeeeeeeeeeeeeeeeeeeabccccccccccccccccccccc
eeeeeeeeeeeeeeeeeeeeeeeeeeeeabccccccccccccccccccccc
eeeeeeeeeeeeeeeeeeeeeeeeeeeeabccccccccccccccccccccc
eeeeeeeeeeeeeeeeeeeeeeeeeeeeabcccccccccccccccccccccabccccccccccccccccccccc
eeeeeeeeeeeeeeeeeeeeeeeeeeee
abccccccccccccccccccccc
eeeeeeeeeeeeeeeeeeeeeeeeeeee
abccccccccccccccccccccc
eeeeeeeeeeeeeeeeeeeeeeeeeeeeabccccccccccccccccccccc
eeeeeeeeeeeeeeeeeeeeeeeeeeeeabccccccccccccccccccccc
eeeeeeeeeeeeeeeeeeeeeeeeeeeeabccccccccccccccccccccc
eeeeeeeeeeeeeeeeeeeeeeeeeeeeabccccccccccccccccccccc
eeeeeeeeeeeeeeeeeeeeeeeeeeeeabccccccccccccccccccccc
eeeeeeeeeeeeeeeeeeeeeeeeeeeeabccccccccccccccccccccc
eeeeeeeeeeeeeeeeeeeeeeeeeeeeabccccccccccccccccccccc
eeeeeeeeeeeeeeeeeeeeeeeeeeeeabccccccccccccccccccccc
eeeeeeeeeeeeeeeeeeeeeeeeeeeeabccccccccccccccccccccc
eeeeeeeeeeeeeeeeeeeeeeeeeeeeabccccccccccccccccccccc
eeeeeeeeeeeeeeeeeeeeeeeeeeeeabccccccccccccccccccccc
eeeeeeeeeeeeeeeeeeeeeeeeeeeeabcccccccccccccccccccccabccccccccccccccccccccc
eeeeeeeeeeeeeeeeeeeeeeeeeeee
abccccccccccccccccccccc
eeeeeeeeeeeeeeeeeeeeeeeeeeee
abccccccccccccccccccccc
eeeeeeeeeeeeeeeeeeeeeeeeeeeeabccccccccccccccccccccc
eeeeeeeeeeeeeeeeeeeeeeeeeeeeabccccccccccccccccccccc
eeeeeeeeeeeeeeeeeeeeeeeeeeeeabccccccccccccccccccccc
eeeeeeeeeeeeeeeeeeeeeeeeeeeeabccccccccccccccccccccc
eeeeeeeeeeeeeeeeeeeeeeeeeeeeabccccccccccccccccccccc
eeeeeeeeeeeeeeeeeeeeeeeeeeeeabccccccccccccccccccccc
eeeeeeeeeeeeeeeeeeeeeeeeeeeeabccccccccccccccccccccc
eeeeeeeeeeeeeeeeeeeeeeeeeeeeabccccccccccccccccccccc
eeeeeeeeeeeeeeeeeeeeeeeeeeeeabccccccccccccccccccccc
eeeeeeeeeeeeeeeeeeeeeeeeeeeeabccccccccccccccccccccc
eeeeeeeeeeeeeeeeeeeeeeeeeeeeabccccccccccccccccccccc
eeeeeeeeeeeeeeeeeeeeeeeeeeeeabcccccccccccccccccccccabccccccccccccccccccccc
eeeeeeeeeeeeeeeeeeeeeeeeeeee
abccccccccccccccccccccc
eeeeeeeeeeeeeeeeeeeeeeeeeeee
abccccccccccccccccccccc
eeeeeeeeeeeeeeeeeeeeeeeeeeeeabccccccccccccccccccccc
eeeeeeeeeeeeeeeeeeeeeeeeeeeeabccccccccccccccccccccc
eeeeeeeeeeeeeeeeeeeeeeeeeeeeabccccccccccccccccccccc
eeeeeeeeeeeeeeeeeeeeeeeeeeeeabccccccccccccccccccccc
eeeeeeeeeeeeeeeeeeeeeeeeeeeeabccccccccccccccccccccc
eeeeeeeeeeeeeeeeeeeeeeeeeeeeabccccccccccccccccccccc
eeeeeeeeeeeeeeeeeeeeeeeeeeeeabccccccccccccccccccccc
eeeeeeeeeeeeeeeeeeeeeeeeeeeeabccccccccccccccccccccc
eeeeeeeeeeeeeeeeeeeeeeeeeeeeabccccccccccccccccccccc
eeeeeeeeeeeeeeeeeeeeeeeeeeeeabccccccccccccccccccccc
eeeeeeeeeeeeeeeeeeeeeeeeeeeeabccccccccccccccccccccc
eeeeeeeeeeeeeeeeeeeeeeeeeeeeabcccccccccccccccccccccabccccccccccccccccccccc
eeeeeeeeeeeeeeeeeeeeeeeeeeee
abccccccccccccccccccccc
eeeeeeeeeeeeeeeeeeeeeeeeeeee
abccccccccccccccccccccc
eeeeeeeeeeeeeeeeeeeeeeeeeeeeabccccccccccccccccccccc
eeeeeeeeeeeeeeeeeeeeeeeeeeeeabccccccccccccccccccccc
eeeeeeeeeeeeeeeeeeeeeeeeeeeeabccccccccccccccccccccc
eeeeeeeeeeeeeeeeeeeeeeeeeeeeabccccccccccccccccccccc
eeeeeeeeeeeeeeeeeeeeeeeeeeeeabccccccccccccccccccccc
eeeeeeeeeeeeeeeeeeeeeeeeeeeeabccccccccccccccccccccc
eeeeeeeeeeeeeeeeeeeeeeeeeeeeabccccccccccccccccccccc
eeeeeeeeeeeeeeeeeeeeeeeeeeeeabccccccccccccccccccccc
eeeeeeeeeeeeeeeeeeeeeeeeeeeeabccccccccccccccccccccc
eeeeeeeeeeeeeeeeeeeeeeeeeeeeabccccccccccccccccccccc
eeeeeeeeeeeeeeeeeeeeeeeeeeeeabccccccccccccccccccccc
eeeeeeeeeeeeeeeeeeeeeeeeeeeeabcccccccccccccccccccccabccccccccccccccccccccc
eeeeeeeeeeeeeeeeeeeeeeeeeeee
abccccccccccccccccccccc
eeeeeeeeeeeeeeeeeeeeeeeeeeee
abccccccccccccccccccccc
eeeeeeeeeeeeeeeeeeeeeeeeeeeeabccccccccccccccccccccc
eeeeeeeeeeeeeeeeeeeeeeeeeeeeabccccccccccccccccccccc
eeeeeeeeeeeeeeeeeeeeeeeeeeeeabccccccccccccccccccccc
eeeeeeeeeeeeeeeeeeeeeeeeeeeeabccccccccccccccccccccc
eeeeeeeeeeeeeeeeeeeeeeeeeeeeabccccccccccccccccccccc
eeeeeeeeeeeeeeeeeeeeeeeeeeeeabccccccccccccccccccccc
eeeeeeeeeeeeeeeeeeeeeeeeeeeeabccccccccccccccccccccc
eeeeeeeeeeeeeeeeeeeeeeeeeeeeabccccccccccccccccccccc
eeeeeeeeeeeeeeeeeeeeeeeeeeeeabccccccccccccccccccccc
eeeeeeeeeeeeeeeeeeeeeeeeeeeeabccccccccccccccccccccc
eeeeeeeeeeeeeeeeeeeeeeeeeeeeabccccccccccccccccccccc
eeeeeeeeeeeeeeeeeeeeeeeeeeeeabcccccccccccccccccccccabccccccccccccccccccccc
eeeeeeeeeeeeeeeeeeeeeeeeeeee
abccccccccccccccccccccc
eeeeeeeeeeeeeeeeeeeeeeeeeeee
abccccccccccccccccccccc
eeeeeeeeeeeeeeeeeeeeeeeeeeeeabccccccccccccccccccccc
eeeeeeeeeeeeeeeeeeeeeeeeeeeeabccccccccccccccccccccc
eeeeeeeeeeeeeeeeeeeeeeeeeeeeabccccccccccccccccccccc
eeeeeeeeeeeeeeeeeeeeeeeeeeeeabccccccccccccccccccccc
eeeeeeeeeeeeeeeeeeeeeeeeeeeeabccccccccccccccccccccc
eeeeeeeeeeeeeeeeeeeeeeeeeeeeabccccccccccccccccccccc
eeeeeeeeeeeeeeeeeeeeeeeeeeeeabccccccccccccccccccccc
eeeeeeeeeeeeeeeeeeeeeeeeeeeeabccccccccccccccccccccc
eeeeeeeeeeeeeeeeeeeeeeeeeeeeabccccccccccccccccccccc
eeeeeeeeeeeeeeeeeeeeeeeeeeeeabccccccccccccccccccccc
eeeeeeeeeeeeeeeeeeeeeeeeeeeeabccccccccccccccccccccc
eeeeeeeeeeeeeeeeeeeeeeeeeeeeabcccccccccccccccccccccabccccccccccccccccccccc
eeeeeeeeeeeeeeeeeeeeeeeeeeee
abccccccccccccccccccccc
eeeeeeeeeeeeeeeeeeeeeeeeeeee
abccccccccccccccccccccc
eeeeeeeeeeeeeeeeeeeeeeeeeeeeabccccccccccccccccccccc
eeeeeeeeeeeeeeeeeeeeeeeeeeeeabccccccccccccccccccccc
eeeeeeeeeeeeeeeeeeeeeeeeeeeeabccccccccccccccccccccc
eeeeeeeeeeeeeeeeeeeeeeeeeeeeabccccccccccccccccccccc
eeeeeeeeeeeeeeeeeeeeeeeeeeeeabccccccccccccccccccccc
eeeeeeeeeeeeeeeeeeeeeeeeeeeeabccccccccccccccccccccc
eeeeeeeeeeeeeeeeeeeeeeeeeeeeabccccccccccccccccccccc
eeeeeeeeeeeeeeeeeeeeeeeeeeeeabccccccccccccccccccccc
eeeeeeeeeeeeeeeeeeeeeeeeeeeeabccccccccccccccccccccc
eeeeeeeeeeeeeeeeeeeeeeeeeeeeabccccccccccccccccccccc
eeeeeeeeeeeeeeeeeeeeeeeeeeeeabccccccccccccccccccccc
eeeeeeeeeeeeeeeeeeeeeeeeeeeeabcccccccccccccccccccccabccccccccccccccccccccc
eeeeeeeeeeeeeeeeeeeeeeeeeeee
abccccccccccccccccccccc
eeeeeeeeeeeeeeeeeeeeeeeeeeee
abccccccccccccccccccccc
eeeeeeeeeeeeeeeeeeeeeeeeeeeeabccccccccccccccccccccc
eeeeeeeeeeeeeeeeeeeeeeeeeeeeabccccccccccccccccccccc
eeeeeeeeeeeeeeeeeeeeeeeeeeeeabccccccccccccccccccccc
eeeeeeeeeeeeeeeeeeeeeeeeeeeeabccccccccccccccccccccc
eeeeeeeeeeeeeeeeeeeeeeeeeeeeabccccccccccccccccccccc
eeeeeeeeeeeeeeeeeeeeeeeeeeeeabccccccccccccccccccccc
eeeeeeeeeeeeeeeeeeeeeeeeeeeeabccccccccccccccccccccc
eeeeeeeeeeeeeeeeeeeeeeeeeeeeabccccccccccccccccccccc
eeeeeeeeeeeeeeeeeeeeeeeeeeeeabccccccccccccccccccccc
eeeeeeeeeeeeeeeeeeeeeeeeeeeeabccccccccccccccccccccc
eeeeeeeeeeeeeeeeeeeeeeeeeeeeabccccccccccccccccccccc
eeeeeeeeeeeeeeeeeeeeeeeeeeeeabcccccccccccccccccccccabccccccccccccccccccccc
eeeeeeeeeeeeeeeeeeeeeeeeeeee
abccccccccccccccccccccc
eeeeeeeeeeeeeeeeeeeeeeeeeeee
abccccccccccccccccccccc
eeeeeeeeeeeeeeeeeeeeeeeeeeeeabccccccccccccccccccccc
eeeeeeeeeeeeeeeeeeeeeeeeeeeeabccccccccccccccccccccc
eeeeeeeeeeeeeeeeeeeeeeeeeeeeabccccccccccccccccccccc
eeeeeeeeeeeeeeeeeeeeeeeeeeeeabccccccccccccccccccccc
eeeeeeeeeeeeeeeeeeeeeeeeeeeeabccccccccccccccccccccc
eeeeeeeeeeeeeeeeeeeeeeeeeeeeabccccccccccccccccccccc
eeeeeeeeeeeeeeeeeeeeeeeeeeeeabccccccccccccccccccccc
eeeeeeeeeeeeeeeeeeeeeeeeeeeeabccccccccccccccccccccc
eeeeeeeeeeeeeeeeeeeeeeeeeeeeabccccccccccccccccccccc
eeeeeeeeeeeeeeeeeeeeeeeeeeeeabccccccccccccccccccccc
eeeeeeeeeeeeeeeeeeeeeeeeeeeeabccccccccccccccccccccc
eeeeeeeeeeeeeeeeeeeeeeeeeeeeabcccccccccccccccccccccabccccccccccccccccccccc
eeeeeeeeeeeeeeeeeeeeeeeeeeee
abccccccccccccccccccccc
eeeeeeeeeeeeeeeeeeeeeeeeeeee
abccccccccccccccccccccc
eeeeeeeeeeeeeeeeeeeeeeeeeeeeabccccccccccccccccccccc
eeeeeeeeeeeeeeeeeeeeeeeeeeeeabccccccccccccccccccccc
eeeeeeeeeeeeeeeeeeeeeeeeeeeeabccccccccccccccccccccc
eeeeeeeeeeeeeeeeeeeeeeeeeeeeabccccccccccccccccccccc
eeeeeeeeeeeeeeeeeeeeeeeeeeeeabccccccccccccccccccccc
eeeeeeeeeeeeeeeeeeeeeeeeeeeeabccccccccccccccccccccc
eeeeeeeeeeeeeeeeeeeeeeeeeeeeabccccccccccccccccccccc
eeeeeeeeeeeeeeeeeeeeeeeeeeeeabccccccccccccccccccccc
eeeeeeeeeeeeeeeeeeeeeeeeeeeeabccccccccccccccccccccc
eeeeeeeeeeeeeeeeeeeeeeeeeeeeabccccccccccccccccccccc
eeeeeeeeeeeeeeeeeeeeeeeeeeeeabccccccccccccccccccccc
eeeeeeeeeeeeeeeeeeeeeeeeeeeeabcccccccccccccccccccccabccccccccccccccccccccc
eeeeeeeeeeeeeeeeeeeeeeeeeeee
abccccccccccccccccccccc
eeeeeeeeeeeeeeeeeeeeeeeeeeee
abccccccccccccccccccccc
eeeeeeeeeeeeeeeeeeeeeeeeeeeeabccccccccccccccccccccc
eeeeeeeeeeeeeeeeeeeeeeeeeeeeabccccccccccccccccccccc
eeeeeeeeeeeeeeeeeeeeeeeeeeeeabccccccccccccccccccccc
eeeeeeeeeeeeeeeeeeeeeeeeeeeeabccccccccccccccccccccc
eeeeeeeeeeeeeeeeeeeeeeeeeeeeabccccccccccccccccccccc
eeeeeeeeeeeeeeeeeeeeeeeeeeeeabccccccccccccccccccccc
eeeeeeeeeeeeeeeeeeeeeeeeeeeeabccccccccccccccccccccc
eeeeeeeeeeeeeeeeeeeeeeeeeeeeabccccccccccccccccccccc
eeeeeeeeeeeeeeeeeeeeeeeeeeeeabccccccccccccccccccccc
eeeeeeeeeeeeeeeeeeeeeeeeeeeeabccccccccccccccccccccc
eeeeeeeeeeeeeeeeeeeeeeeeeeeeabccccccccccccccccccccc
eeeeeeeeeeeeeeeeeeeeeeeeeeeeabcccccccccccccccccccccabccccccccccccccccccccc
eeeeeeeeeeeeeeeeeeeeeeeeeeee
abccccccccccccccccccccc
eeeeeeeeeeeeeeeeeeeeeeeeeeee
abccccccccccccccccccccc
eeeeeeeeeeeeeeeeeeeeeeeeeeeeabccccccccccccccccccccc
eeeeeeeeeeeeeeeeeeeeeeeeeeeeabccccccccccccccccccccc
eeeeeeeeeeeeeeeeeeeeeeeeeeeeabccccccccccccccccccccc
eeeeeeeeeeeeeeeeeeeeeeeeeeeeabccccccccccccccccccccc
eeeeeeeeeeeeeeeeeeeeeeeeeeeeabccccccccccccccccccccc
eeeeeeeeeeeeeeeeeeeeeeeeeeeeabccccccccccccccccccccc
eeeeeeeeeeeeeeeeeeeeeeeeeeeeabccccccccccccccccccccc
eeeeeeeeeeeeeeeeeeeeeeeeeeeeabccccccccccccccccccccc
eeeeeeeeeeeeeeeeeeeeeeeeeeeeabccccccccccccccccccccc
eeeeeeeeeeeeeeeeeeeeeeeeeeeeabccccccccccccccccccccc
eeeeeeeeeeeeeeeeeeeeeeeeeeeeabccccccccccccccccccccc
eeeeeeeeeeeeeeeeeeeeeeeeeeeeabcccccccccccccccccccccabccccccccccccccccccccc
eeeeeeeeeeeeeeeeeeeeeeeeeeee
abccccccccccccccccccccc
eeeeeeeeeeeeeeeeeeeeeeeeeeee
abccccccccccccccccccccc
eeeeeeeeeeeeeeeeeeeeeeeeeeeeabccccccccccccccccccccc
eeeeeeeeeeeeeeeeeeeeeeeeeeeeabccccccccccccccccccccc
eeeeeeeeeeeeeeeeeeeeeeeeeeeeabccccccccccccccccccccc
eeeeeeeeeeeeeeeeeeeeeeeeeeeeabccccccccccccccccccccc
eeeeeeeeeeeeeeeeeeeeeeeeeeeeabccccccccccccccccccccc
eeeeeeeeeeeeeeeeeeeeeeeeeeeeabccccccccccccccccccccc
eeeeeeeeeeeeeeeeeeeeeeeeeeeeabccccccccccccccccccccc
eeeeeeeeeeeeeeeeeeeeeeeeeeeeabccccccccccccccccccccc
eeeeeeeeeeeeeeeeeeeeeeeeeeeeabccccccccccccccccccccc
eeeeeeeeeeeeeeeeeeeeeeeeeeeeabccccccccccccccccccccc
eeeeeeeeeeeeeeeeeeeeeeeeeeeeabccccccccccccccccccccc
eeeeeeeeeeeeeeeeeeeeeeeeeeeeabcccccccccccccccccccccabccccccccccccccccccccc
eeeeeeeeeeeeeeeeeeeeeeeeeeee
abccccccccccccccccccccc
eeeeeeeeeeeeeeeeeeeeeeeeeeee
abccccccccccccccccccccc
eeeeeeeeeeeeeeeeeeeeeeeeeeeeabccccccccccccccccccccc
eeeeeeeeeeeeeeeeeeeeeeeeeeeeabccccccccccccccccccccc
eeeeeeeeeeeeeeeeeeeeeeeeeeeeabccccccccccccccccccccc
eeeeeeeeeeeeeeeeeeeeeeeeeeeeabccccccccccccccccccccc
eeeeeeeeeeeeeeeeeeeeeeeeeeeeabccccccccccccccccccccc
eeeeeeeeeeeeeeeeeeeeeeeeeeeeabccccccccccccccccccccc
eeeeeeeeeeeeeeeeeeeeeeeeeeeeabccccccccccccccccccccc
eeeeeeeeeeeeeeeeeeeeeeeeeeeeabccccccccccccccccccccc
eeeeeeeeeeeeeeeeeeeeeeeeeeeeabccccccccccccccccccccc
eeeeeeeeeeeeeeeeeeeeeeeeeeeeabccccccccccccccccccccc
eeeeeeeeeeeeeeeeeeeeeeeeeeeeabccccccccccccccccccccc
eeeeeeeeeeeeeeeeeeeeeeeeeeeeabcccccccccccccccccccccabccccccccccccccccccccc
eeeeeeeeeeeeeeeeeeeeeeeeeeee
abccccccccccccccccccccc
eeeeeeeeeeeeeeeeeeeeeeeeeeee
abccccccccccccccccccccc
eeeeeeeeeeeeeeeeeeeeeeeeeeeeabccccccccccccccccccccc
eeeeeeeeeeeeeeeeeeeeeeeeeeeeabccccccccccccccccccccc
eeeeeeeeeeeeeeeeeeeeeeeeeeeeabccccccccccccccccccccc
eeeeeeeeeeeeeeeeeeeeeeeeeeeeabccccccccccccccccccccc
eeeeeeeeeeeeeeeeeeeeeeeeeeeeabccccccccccccccccccccc
eeeeeeeeeeeeeeeeeeeeeeeeeeeeabccccccccccccccccccccc
eeeeeeeeeeeeeeeeeeeeeeeeeeeeabccccccccccccccccccccc
eeeeeeeeeeeeeeeeeeeeeeeeeeeeabccccccccccccccccccccc
eeeeeeeeeeeeeeeeeeeeeeeeeeeeabccccccccccccccccccccc
eeeeeeeeeeeeeeeeeeeeeeeeeeeeabccccccccccccccccccccc
eeeeeeeeeeeeeeeeeeeeeeeeeeeeabccccccccccccccccccccc
eeeeeeeeeeeeeeeeeeeeeeeeeeeeabcccccccccccccccccccccabccccccccccccccccccccc
eeeeeeeeeeeeeeeeeeeeeeeeeeee
abccccccccccccccccccccc
eeeeeeeeeeeeeeeeeeeeeeeeeeee
abccccccccccccccccccccc
eeeeeeeeeeeeeeeeeeeeeeeeeeeeabccccccccccccccccccccc
eeeeeeeeeeeeeeeeeeeeeeeeeeeeabccccccccccccccccccccc
eeeeeeeeeeeeeeeeeeeeeeeeeeeeabccccccccccccccccccccc
eeeeeeeeeeeeeeeeeeeeeeeeeeeeabccccccccccccccccccccc
eeeeeeeeeeeeeeeeeeeeeeeeeeeeabccccccccccccccccccccc
eeeeeeeeeeeeeeeeeeeeeeeeeeeeabccccccccccccccccccccc
eeeeeeeeeeeeeeeeeeeeeeeeeeeeabccccccccccccccccccccc
eeeeeeeeeeeeeeeeeeeeeeeeeeeeabccccccccccccccccccccc
eeeeeeeeeeeeeeeeeeeeeeeeeeeeabccccccccccccccccccccc
eeeeeeeeeeeeeeeeeeeeeeeeeeeeabccccccccccccccccccccc
eeeeeeeeeeeeeeeeeeeeeeeeeeeeabccccccccccccccccccccc
eeeeeeeeeeeeeeeeeeeeeeeeeeeeabcccccccccccccccccccccabccccccccccccccccccccc
eeeeeeeeeeeeeeeeeeeeeeeeeeee
abccccccccccccccccccccc
eeeeeeeeeeeeeeeeeeeeeeeeeeee
abccccccccccccccccccccc
eeeeeeeeeeeeeeeeeeeeeeeeeeeeabccccccccccccccccccccc
eeeeeeeeeeeeeeeeeeeeeeeeeeeeabccccccccccccccccccccc
eeeeeeeeeeeeeeeeeeeeeeeeeeeeabccccccccccccccccccccc
eeeeeeeeeeeeeeeeeeeeeeeeeeeeabccccccccccccccccccccc
eeeeeeeeeeeeeeeeeeeeeeeeeeeeabccccccccccccccccccccc
eeeeeeeeeeeeeeeeeeeeeeeeeeeeabccccccccccccccccccccc
eeeeeeeeeeeeeeeeeeeeeeeeeeeeabccccccccccccccccccccc
eeeeeeeeeeeeeeeeeeeeeeeeeeeeabccccccccccccccccccccc
eeeeeeeeeeeeeeeeeeeeeeeeeeeeabccccccccccccccccccccc
eeeeeeeeeeeeeeeeeeeeeeeeeeeeabccccccccccccccccccccc
eeeeeeeeeeeeeeeeeeeeeeeeeeeeabccccccccccccccccccccc
eeeeeeeeeeeeeeeeeeeeeeeeeeeeabcccccccccccccccccccccabccccccccccccccccccccc
eeeeeeeeeeeeeeeeeeeeeeeeeeee
abccccccccccccccccccccc
eeeeeeeeeeeeeeeeeeeeeeeeeeee
abccccccccccccccccccccc
eeeeeeeeeeeeeeeeeeeeeeeeeeeeabccccccccccccccccccccc
eeeeeeeeeeeeeeeeeeeeeeeeeeeeabccccccccccccccccccccc
eeeeeeeeeeeeeeeeeeeeeeeeeeeeabccccccccccccccccccccc
eeeeeeeeeeeeeeeeeeeeeeeeeeeeabccccccccccccccccccccc
eeeeeeeeeeeeeeeeeeeeeeeeeeeeabccccccccccccccccccccc
eeeeeeeeeeeeeeeeeeeeeeeeeeeeabccccccccccccccccccccc
eeeeeeeeeeeeeeeeeeeeeeeeeeeeabccccccccccccccccccccc
eeeeeeeeeeeeeeeeeeeeeeeeeeeeabccccccccccccccccccccc
eeeeeeeeeeeeeeeeeeeeeeeeeeeeabccccccccccccccccccccc
eeeeeeeeeeeeeeeeeeeeeeeeeeeeabccccccccccccccccccccc
eeeeeeeeeeeeeeeeeeeeeeeeeeeeabccccccccccccccccccccc
eeeeeeeeeeeeeeeeeeeeeeeeeeeeabcccccccccccccccccccccabccccccccccccccccccccc
eeeeeeeeeeeeeeeeeeeeeeeeeeee
abccccccccccccccccccccc
eeeeeeeeeeeeeeeeeeeeeeeeeeee
abccccccccccccccccccccc
eeeeeeeeeeeeeeeeeeeeeeeeeeeeabccccccccccccccccccccc
eeeeeeeeeeeeeeeeeeeeeeeeeeeeabccccccccccccccccccccc
eeeeeeeeeeeeeeeeeeeeeeeeeeeeabccccccccccccccccccccc
eeeeeeeeeeeeeeeeeeeeeeeeeeeeabccccccccccccccccccccc
eeeeeeeeeeeeeeeeeeeeeeeeeeeeabccccccccccccccccccccc
eeeeeeeeeeeeeeeeeeeeeeeeeeeeabccccccccccccccccccccc
eeeeeeeeeeeeeeeeeeeeeeeeeeeeabccccccccccccccccccccc
eeeeeeeeeeeeeeeeeeeeeeeeeeeeabccccccccccccccccccccc
eeeeeeeeeeeeeeeeeeeeeeeeeeeeabccccccccccccccccccccc
eeeeeeeeeeeeeeeeeeeeeeeeeeeeabccccccccccccccccccccc
eeeeeeeeeeeeeeeeeeeeeeeeeeeeabccccccccccccccccccccc
eeeeeeeeeeeeeeeeeeeeeeeeeeeeabcccccccccccccccccccccabccccccccccccccccccccc
eeeeeeeeeeeeeeeeeeeeeeeeeeee
abccccccccccccccccccccc
eeeeeeeeeeeeeeeeeeeeeeeeeeee
abccccccccccccccccccccc
eeeeeeeeeeeeeeeeeeeeeeeeeeeeabccccccccccccccccccccc
eeeeeeeeeeeeeeeeeeeeeeeeeeeeabccccccccccccccccccccc
eeeeeeeeeeeeeeeeeeeeeeeeeeeeabccccccccccccccccccccc
eeeeeeeeeeeeeeeeeeeeeeeeeeeeabccccccccccccccccccccc
eeeeeeeeeeeeeeeeeeeeeeeeeeeeabccccccccccccccccccccc
eeeeeeeeeeeeeeeeeeeeeeeeeeeeabccccccccccccccccccccc
eeeeeeeeeeeeeeeeeeeeeeeeeeeeabccccccccccccccccccccc
eeeeeeeeeeeeeeeeeeeeeeeeeeeeabccccccccccccccccccccc
eeeeeeeeeeeeeeeeeeeeeeeeeeeeabccccccccccccccccccccc
eeeeeeeeeeeeeeeeeeeeeeeeeeeeabccccccccccccccccccccc
eeeeeeeeeeeeeeeeeeeeeeeeeeeeabccccccccccccccccccccc
eeeeeeeeeeeeeeeeeeeeeeeeeeeeabcccccccccccccccccccccabccccccccccccccccccccc
eeeeeeeeeeeeeeeeeeeeeeeeeeee
abccccccccccccccccccccc
eeeeeeeeeeeeeeeeeeeeeeeeeeee
abccccccccccccccccccccc
eeeeeeeeeeeeeeeeeeeeeeeeeeeeabccccccccccccccccccccc
eeeeeeeeeeeeeeeeeeeeeeeeeeeeabccccccccccccccccccccc
eeeeeeeeeeeeeeeeeeeeeeeeeeeeabccccccccccccccccccccc
eeeeeeeeeeeeeeeeeeeeeeeeeeeeabccccccccccccccccccccc
eeeeeeeeeeeeeeeeeeeeeeeeeeeeabccccccccccccccccccccc
eeeeeeeeeeeeeeeeeeeeeeeeeeeeabccccccccccccccccccccc
eeeeeeeeeeeeeeeeeeeeeeeeeeeeabccccccccccccccccccccc
eeeeeeeeeeeeeeeeeeeeeeeeeeeeabccccccccccccccccccccc
eeeeeeeeeeeeeeeeeeeeeeeeeeeeabccccccccccccccccccccc
eeeeeeeeeeeeeeeeeeeeeeeeeeeeabccccccccccccccccccccc
eeeeeeeeeeeeeeeeeeeeeeeeeeeeabccccccccccccccccccccc
eeeeeeeeeeeeeeeeeeeeeeeeeeeeabcccccccccccccccccccccabccccccccccccccccccccc
eeeeeeeeeeeeeeeeeeeeeeeeeeee
abccccccccccccccccccccc
eeeeeeeeeeeeeeeeeeeeeeeeeeee
abccccccccccccccccccccc
eeeeeeeeeeeeeeeeeeeeeeeeeeeeabccccccccccccccccccccc
eeeeeeeeeeeeeeeeeeeeeeeeeeeeabccccccccccccccccccccc
eeeeeeeeeeeeeeeeeeeeeeeeeeeeabccccccccccccccccccccc
eeeeeeeeeeeeeeeeeeeeeeeeeeeeabccccccccccccccccccccc
eeeeeeeeeeeeeeeeeeeeeeeeeeeeabccccccccccccccccccccc
eeeeeeeeeeeeeeeeeeeeeeeeeeeeabccccccccccccccccccccc
eeeeeeeeeeeeeeeeeeeeeeeeeeeeabccccccccccccccccccccc
eeeeeeeeeeeeeeeeeeeeeeeeeeeeabccccccccccccccccccccc
eeeeeeeeeeeeeeeeeeeeeeeeeeeeabccccccccccccccccccccc
eeeeeeeeeeeeeeeeeeeeeeeeeeeeabccccccccccccccccccccc
eeeeeeeeeeeeeeeeeeeeeeeeeeeeabccccccccccccccccccccc
eeeeeeeeeeeeeeeeeeeeeeeeeeeeabcccccccccccccccccccccabccccccccccccccccccccc
eeeeeeeeeeeeeeeeeeeeeeeeeeee
abccccccccccccccccccccc
eeeeeeeeeeeeeeeeeeeeeeeeeeee
abccccccccccccccccccccc
eeeeeeeeeeeeeeeeeeeeeeeeeeeeabccccccccccccccccccccc
eeeeeeeeeeeeeeeeeeeeeeeeeeeeabccccccccccccccccccccc
eeeeeeeeeeeeeeeeeeeeeeeeeeeeabccccccccccccccccccccc
eeeeeeeeeeeeeeeeeeeeeeeeeeeeabccccccccccccccccccccc
eeeeeeeeeeeeeeeeeeeeeeeeeeeeabccccccccccccccccccccc
eeeeeeeeeeeeeeeeeeeeeeeeeeeeabccccccccccccccccccccc
eeeeeeeeeeeeeeeeeeeeeeeeeeeeabccccccccccccccccccccc
eeeeeeeeeeeeeeeeeeeeeeeeeeeeabccccccccccccccccccccc
eeeeeeeeeeeeeeeeeeeeeeeeeeeeabccccccccccccccccccccc
eeeeeeeeeeeeeeeeeeeeeeeeeeeeabccccccccccccccccccccc
eeeeeeeeeeeeeeeeeeeeeeeeeeeeabccccccccccccccccccccc
eeeeeeeeeeeeeeeeeeeeeeeeeeeeabcccccccccccccccccccccabccccccccccccccccccccc
eeeeeeeeeeeeeeeeeeeeeeeeeeee
abccccccccccccccccccccc
eeeeeeeeeeeeeeeeeeeeeeeeeeee
abccccccccccccccccccccc
eeeeeeeeeeeeeeeeeeeeeeeeeeeeabccccccccccccccccccccc
eeeeeeeeeeeeeeeeeeeeeeeeeeeeabccccccccccccccccccccc
eeeeeeeeeeeeeeeeeeeeeeeeeeeeabccccccccccccccccccccc
eeeeeeeeeeeeeeeeeeeeeeeeeeeeabccccccccccccccccccccc
eeeeeeeeeeeeeeeeeeeeeeeeeeeeabccccccccccccccccccccc
eeeeeeeeeeeeeeeeeeeeeeeeeeeeabccccccccccccccccccccc
eeeeeeeeeeeeeeeeeeeeeeeeeeeeabccccccccccccccccccccc
eeeeeeeeeeeeeeeeeeeeeeeeeeeeabccccccccccccccccccccc
eeeeeeeeeeeeeeeeeeeeeeeeeeeeabccccccccccccccccccccc
eeeeeeeeeeeeeeeeeeeeeeeeeeeeabccccccccccccccccccccc
eeeeeeeeeeeeeeeeeeeeeeeeeeeeabccccccccccccccccccccc
eeeeeeeeeeeeeeeeeeeeeeeeeeeeabcccccccccccccccccccccabccccccccccccccccccccc
eeeeeeeeeeeeeeeeeeeeeeeeeeee
abccccccccccccccccccccc
eeeeeeeeeeeeeeeeeeeeeeeeeeee
abccccccccccccccccccccc
eeeeeeeeeeeeeeeeeeeeeeeeeeeeabccccccccccccccccccccc
eeeeeeeeeeeeeeeeeeeeeeeeeeeeabccccccccccccccccccccc
eeeeeeeeeeeeeeeeeeeeeeeeeeeeabccccccccccccccccccccc
eeeeeeeeeeeeeeeeeeeeeeeeeeeeabccccccccccccccccccccc
eeeeeeeeeeeeeeeeeeeeeeeeeeeeabccccccccccccccccccccc
eeeeeeeeeeeeeeeeeeeeeeeeeeeeabccccccccccccccccccccc
eeeeeeeeeeeeeeeeeeeeeeeeeeeeabccccccccccccccccccccc
eeeeeeeeeeeeeeeeeeeeeeeeeeeeabccccccccccccccccccccc
eeeeeeeeeeeeeeeeeeeeeeeeeeeeabccccccccccccccccccccc
eeeeeeeeeeeeeeeeeeeeeeeeeeeeabccccccccccccccccccccc
eeeeeeeeeeeeeeeeeeeeeeeeeeeeabccccccccccccccccccccc
eeeeeeeeeeeeeeeeeeeeeeeeeeeeabcccccccccccccccccccccabccccccccccccccccccccc
eeeeeeeeeeeeeeeeeeeeeeeeeeee
abccccccccccccccccccccc
eeeeeeeeeeeeeeeeeeeeeeeeeeee
abccccccccccccccccccccc
eeeeeeeeeeeeeeeeeeeeeeeeeeeeabccccccccccccccccccccc
eeeeeeeeeeeeeeeeeeeeeeeeeeeeabccccccccccccccccccccc
eeeeeeeeeeeeeeeeeeeeeeeeeeeeabccccccccccccccccccccc
eeeeeeeeeeeeeeeeeeeeeeeeeeeeabccccccccccccccccccccc
eeeeeeeeeeeeeeeeeeeeeeeeeeeeabccccccccccccccccccccc
eeeeeeeeeeeeeeeeeeeeeeeeeeeeabccccccccccccccccccccc
eeeeeeeeeeeeeeeeeeeeeeeeeeeeabccccccccccccccccccccc
eeeeeeeeeeeeeeeeeeeeeeeeeeeeabccccccccccccccccccccc
eeeeeeeeeeeeeeeeeeeeeeeeeeeeabccccccccccccccccccccc
eeeeeeeeeeeeeeeeeeeeeeeeeeeeabccccccccccccccccccccc
eeeeeeeeeeeeeeeeeeeeeeeeeeeeabccccccccccccccccccccc
eeeeeeeeeeeeeeeeeeeeeeeeeeeeabcccccccccccccccccccccabccccccccccccccccccccc
eeeeeeeeeeeeeeeeeeeeeeeeeeee
abccccccccccccccccccccc
eeeeeeeeeeeeeeeeeeeeeeeeeeee
abccccccccccccccccccccc
eeeeeeeeeeeeeeeeeeeeeeeeeeeeabccccccccccccccccccccc
eeeeeeeeeeeeeeeeeeeeeeeeeeeeabccccccccccccccccccccc
eeeeeeeeeeeeeeeeeeeeeeeeeeeeabccccccccccccccccccccc
eeeeeeeeeeeeeeeeeeeeeeeeeeeeabccccccccccccccccccccc
eeeeeeeeeeeeeeeeeeeeeeeeeeeeabccccccccccccccccccccc
eeeeeeeeeeeeeeeeeeeeeeeeeeeeabccccccccccccccccccccc
eeeeeeeeeeeeeeeeeeeeeeeeeeeeabccccccccccccccccccccc
eeeeeeeeeeeeeeeeeeeeeeeeeeeeabccccccccccccccccccccc
eeeeeeeeeeeeeeeeeeeeeeeeeeeeabccccccccccccccccccccc
eeeeeeeeeeeeeeeeeeeeeeeeeeeeabccccccccccccccccccccc
eeeeeeeeeeeeeeeeeeeeeeeeeeeeabccccccccccccccccccccc
eeeeeeeeeeeeeeeeeeeeeeeeeeeeabcccccccccccccccccccccabccccccccccccccccccccc
eeeeeeeeeeeeeeeeeeeeeeeeeeee
abccccccccccccccccccccc
eeeeeeeeeeeeeeeeeeeeeeeeeeee
abccccccccccccccccccccc
eeeeeeeeeeeeeeeeeeeeeeeeeeeeabccccccccccccccccccccc
eeeeeeeeeeeeeeeeeeeeeeeeeeeeabccccccccccccccccccccc
eeeeeeeeeeeeeeeeeeeeeeeeeeeeabccccccccccccccccccccc
eeeeeeeeeeeeeeeeeeeeeeeeeeeeabccccccccccccccccccccc
eeeeeeeeeeeeeeeeeeeeeeeeeeeeabccccccccccccccccccccc
eeeeeeeeeeeeeeeeeeeeeeeeeeeeabccccccccccccccccccccc
eeeeeeeeeeeeeeeeeeeeeeeeeeeeabccccccccccccccccccccc
eeeeeeeeeeeeeeeeeeeeeeeeeeeeabccccccccccccccccccccc
eeeeeeeeeeeeeeeeeeeeeeeeeeeeabccccccccccccccccccccc
eeeeeeeeeeeeeeeeeeeeeeeeeeeeabccccccccccccccccccccc
eeeeeeeeeeeeeeeeeeeeeeeeeeeeabccccccccccccccccccccc
eeeeeeeeeeeeeeeeeeeeeeeeeeeeabcccccccccccccccccccccabccccccccccccccccccccc
eeeeeeeeeeeeeeeeeeeeeeeeeeee
abccccccccccccccccccccc
eeeeeeeeeeeeeeeeeeeeeeeeeeee
abccccccccccccccccccccc
eeeeeeeeeeeeeeeeeeeeeeeeeeeeabccccccccccccccccccccc
eeeeeeeeeeeeeeeeeeeeeeeeeeeeabccccccccccccccccccccc
eeeeeeeeeeeeeeeeeeeeeeeeeeeeabccccccccccccccccccccc
eeeeeeeeeeeeeeeeeeeeeeeeeeeeabccccccccccccccccccccc
eeeeeeeeeeeeeeeeeeeeeeeeeeeeabccccccccccccccccccccc
eeeeeeeeeeeeeeeeeeeeeeeeeeeeabccccccccccccccccccccc
eeeeeeeeeeeeeeeeeeeeeeeeeeeeabccccccccccccccccccccc
eeeeeeeeeeeeeeeeeeeeeeeeeeeeabccccccccccccccccccccc
eeeeeeeeeeeeeeeeeeeeeeeeeeeeabccccccccccccccccccccc
eeeeeeeeeeeeeeeeeeeeeeeeeeeeabccccccccccccccccccccc
eeeeeeeeeeeeeeeeeeeeeeeeeeeeabccccccccccccccccccccc
eeeeeeeeeeeeeeeeeeeeeeeeeeeeabcccccccccccccccccccccabccccccccccccccccccccc
eeeeeeeeeeeeeeeeeeeeeeeeeeee
abccccccccccccccccccccc
eeeeeeeeeeeeeeeeeeeeeeeeeeee
abccccccccccccccccccccc
eeeeeeeeeeeeeeeeeeeeeeeeeeeeabccccccccccccccccccccc
eeeeeeeeeeeeeeeeeeeeeeeeeeeeabccccccccccccccccccccc
eeeeeeeeeeeeeeeeeeeeeeeeeeeeabccccccccccccccccccccc
eeeeeeeeeeeeeeeeeeeeeeeeeeeeabccccccccccccccccccccc
eeeeeeeeeeeeeeeeeeeeeeeeeeeeabccccccccccccccccccccc
eeeeeeeeeeeeeeeeeeeeeeeeeeeeabccccccccccccccccccccc
eeeeeeeeeeeeeeeeeeeeeeeeeeeeabccccccccccccccccccccc
eeeeeeeeeeeeeeeeeeeeeeeeeeeeabccccccccccccccccccccc
eeeeeeeeeeeeeeeeeeeeeeeeeeeeabccccccccccccccccccccc
eeeeeeeeeeeeeeeeeeeeeeeeeeeeabccccccccccccccccccccc
eeeeeeeeeeeeeeeeeeeeeeeeeeeeabccccccccccccccccccccc
eeeeeeeeeeeeeeeeeeeeeeeeeeeeabcccccccccccccccccccccabccccccccccccccccccccc
eeeeeeeeeeeeeeeeeeeeeeeeeeee
abccccccccccccccccccccc
eeeeeeeeeeeeeeeeeeeeeeeeeeee
abccccccccccccccccccccc
eeeeeeeeeeeeeeeeeeeeeeeeeeeeabccccccccccccccccccccc
eeeeeeeeeeeeeeeeeeeeeeeeeeeeabccccccccccccccccccccc
eeeeeeeeeeeeeeeeeeeeeeeeeeeeabccccccccccccccccccccc
eeeeeeeeeeeeeeeeeeeeeeeeeeeeabccccccccccccccccccccc
eeeeeeeeeeeeeeeeeeeeeeeeeeeeabccccccccccccccccccccc
eeeeeeeeeeeeeeeeeeeeeeeeeeeeabccccccccccccccccccccc
eeeeeeeeeeeeeeeeeeeeeeeeeeeeabccccccccccccccccccccc
eeeeeeeeeeeeeeeeeeeeeeeeeeeeabccccccccccccccccccccc
eeeeeeeeeeeeeeeeeeeeeeeeeeeeabccccccccccccccccccccc
eeeeeeeeeeeeeeeeeeeeeeeeeeeeabccccccccccccccccccccc
eeeeeeeeeeeeeeeeeeeeeeeeeeeeabccccccccccccccccccccc
eeeeeeeeeeeeeeeeeeeeeeeeeeeeabcccccccccccccccccccccabccccccccccccccccccccc
eeeeeeeeeeeeeeeeeeeeeeeeeeee
abccccccccccccccccccccc
eeeeeeeeeeeeeeeeeeeeeeeeeeee
abccccccccccccccccccccc
eeeeeeeeeeeeeeeeeeeeeeeeeeeeabccccccccccccccccccccc
eeeeeeeeeeeeeeeeeeeeeeeeeeeeabccccccccccccccccccccc
eeeeeeeeeeeeeeeeeeeeeeeeeeeeabccccccccccccccccccccc
eeeeeeeeeeeeeeeeeeeeeeeeeeeeabccccccccccccccccccccc
eeeeeeeeeeeeeeeeeeeeeeeeeeeeabccccccccccccccccccccc
eeeeeeeeeeeeeeeeeeeeeeeeeeeeabccccccccccccccccccccc
eeeeeeeeeeeeeeeeeeeeeeeeeeeeabccccccccccccccccccccc
eeeeeeeeeeeeeeeeeeeeeeeeeeeeabccccccccccccccccccccc
eeeeeeeeeeeeeeeeeeeeeeeeeeeeabccccccccccccccccccccc
eeeeeeeeeeeeeeeeeeeeeeeeeeeeabccccccccccccccccccccc
eeeeeeeeeeeeeeeeeeeeeeeeeeeeabccccccccccccccccccccc
eeeeeeeeeeeeeeeeeeeeeeeeeeeeabcccccccccccccccccccccabccccccccccccccccccccc
eeeeeeeeeeeeeeeeeeeeeeeeeeee
abccccccccccccccccccccc
eeeeeeeeeeeeeeeeeeeeeeeeeeee
abccccccccccccccccccccc
eeeeeeeeeeeeeeeeeeeeeeeeeeeeabccccccccccccccccccccc
eeeeeeeeeeeeeeeeeeeeeeeeeeeeabccccccccccccccccccccc
eeeeeeeeeeeeeeeeeeeeeeeeeeeeabccccccccccccccccccccc
eeeeeeeeeeeeeeeeeeeeeeeeeeeeabccccccccccccccccccccc
eeeeeeeeeeeeeeeeeeeeeeeeeeeeabccccccccccccccccccccc
eeeeeeeeeeeeeeeeeeeeeeeeeeeeabccccccccccccccccccccc
eeeeeeeeeeeeeeeeeeeeeeeeeeeeabccccccccccccccccccccc
eeeeeeeeeeeeeeeeeeeeeeeeeeeeabccccccccccccccccccccc
eeeeeeeeeeeeeeeeeeeeeeeeeeeeabccccccccccccccccccccc
eeeeeeeeeeeeeeeeeeeeeeeeeeeeabccccccccccccccccccccc
eeeeeeeeeeeeeeeeeeeeeeeeeeeeabccccccccccccccccccccc
eeeeeeeeeeeeeeeeeeeeeeeeeeeeabcccccccccccccccccccccabccccccccccccccccccccc
eeeeeeeeeeeeeeeeeeeeeeeeeeee
abccccccccccccccccccccc
eeeeeeeeeeeeeeeeeeeeeeeeeeee
abccccccccccccccccccccc
eeeeeeeeeeeeeeeeeeeeeeeeeeeeabccccccccccccccccccccc
eeeeeeeeeeeeeeeeeeeeeeeeeeeeabccccccccccccccccccccc
eeeeeeeeeeeeeeeeeeeeeeeeeeeeabccccccccccccccccccccc
eeeeeeeeeeeeeeeeeeeeeeeeeeeeabccccccccccccccccccccc
eeeeeeeeeeeeeeeeeeeeeeeeeeeeabccccccccccccccccccccc
eeeeeeeeeeeeeeeeeeeeeeeeeeeeabccccccccccccccccccccc
eeeeeeeeeeeeeeeeeeeeeeeeeeeeabccccccccccccccccccccc
eeeeeeeeeeeeeeeeeeeeeeeeeeeeabccccccccccccccccccccc
eeeeeeeeeeeeeeeeeeeeeeeeeeeeabccccccccccccccccccccc
eeeeeeeeeeeeeeeeeeeeeeeeeeeeabccccccccccccccccccccc
eeeeeeeeeeeeeeeeeeeeeeeeeeeeabccccccccccccccccccccc
eeeeeeeeeeeeeeeeeeeeeeeeeeeeabcccccccccccccccccccccabccccccccccccccccccccc
eeeeeeeeeeeeeeeeeeeeeeeeeeee
abccccccccccccccccccccc
eeeeeeeeeeeeeeeeeeeeeeeeeeee
abccccccccccccccccccccc
eeeeeeeeeeeeeeeeeeeeeeeeeeeeabccccccccccccccccccccc
eeeeeeeeeeeeeeeeeeeeeeeeeeeeabccccccccccccccccccccc
eeeeeeeeeeeeeeeeeeeeeeeeeeeeabccccccccccccccccccccc
eeeeeeeeeeeeeeeeeeeeeeeeeeeeabccccccccccccccccccccc
eeeeeeeeeeeeeeeeeeeeeeeeeeeeabccccccccccccccccccccc
eeeeeeeeeeeeeeeeeeeeeeeeeeeeabccccccccccccccccccccc
eeeeeeeeeeeeeeeeeeeeeeeeeeeeabccccccccccccccccccccc
eeeeeeeeeeeeeeeeeeeeeeeeeeeeabccccccccccccccccccccc
eeeeeeeeeeeeeeeeeeeeeeeeeeeeabccccccccccccccccccccc
eeeeeeeeeeeeeeeeeeeeeeeeeeeeabccccccccccccccccccccc
eeeeeeeeeeeeeeeeeeeeeeeeeeeeabccccccccccccccccccccc
eeeeeeeeeeeeeeeeeeeeeeeeeeeeabcccccccccccccccccccccabccccccccccccccccccccc
eeeeeeeeeeeeeeeeeeeeeeeeeeee
abccccccccccccccccccccc
eeeeeeeeeeeeeeeeeeeeeeeeeeee
abccccccccccccccccccccc
eeeeeeeeeeeeeeeeeeeeeeeeeeeeabccccccccccccccccccccc
eeeeeeeeeeeeeeeeeeeeeeeeeeeeabccccccccccccccccccccc
eeeeeeeeeeeeeeeeeeeeeeeeeeeeabccccccccccccccccccccc
eeeeeeeeeeeeeeeeeeeeeeeeeeeeabccccccccccccccccccccc
eeeeeeeeeeeeeeeeeeeeeeeeeeeeabccccccccccccccccccccc
eeeeeeeeeeeeeeeeeeeeeeeeeeeeabccccccccccccccccccccc
eeeeeeeeeeeeeeeeeeeeeeeeeeeeabccccccccccccccccccccc
eeeeeeeeeeeeeeeeeeeeeeeeeeeeabccccccccccccccccccccc
eeeeeeeeeeeeeeeeeeeeeeeeeeeeabccccccccccccccccccccc
eeeeeeeeeeeeeeeeeeeeeeeeeeeeabccccccccccccccccccccc
eeeeeeeeeeeeeeeeeeeeeeeeeeeeabccccccccccccccccccccc
eeeeeeeeeeeeeeeeeeeeeeeeeeeeabcccccccccccccccccccccabccccccccccccccccccccc
eeeeeeeeeeeeeeeeeeeeeeeeeeee
abccccccccccccccccccccc
eeeeeeeeeeeeeeeeeeeeeeeeeeee
abccccccccccccccccccccc
eeeeeeeeeeeeeeeeeeeeeeeeeeeeabccccccccccccccccccccc
eeeeeeeeeeeeeeeeeeeeeeeeeeeeabccccccccccccccccccccc
eeeeeeeeeeeeeeeeeeeeeeeeeeeeabccccccccccccccccccccc
eeeeeeeeeeeeeeeeeeeeeeeeeeeeabccccccccccccccccccccc
eeeeeeeeeeeeeeeeeeeeeeeeeeeeabccccccccccccccccccccc
eeeeeeeeeeeeeeeeeeeeeeeeeeeeabccccccccccccccccccccc
eeeeeeeeeeeeeeeeeeeeeeeeeeeeabccccccccccccccccccccc
eeeeeeeeeeeeeeeeeeeeeeeeeeeeabccccccccccccccccccccc
eeeeeeeeeeeeeeeeeeeeeeeeeeeeabccccccccccccccccccccc
eeeeeeeeeeeeeeeeeeeeeeeeeeeeabccccccccccccccccccccc
eeeeeeeeeeeeeeeeeeeeeeeeeeeeabccccccccccccccccccccc
eeeeeeeeeeeeeeeeeeeeeeeeeeeeabcccccccccccccccccccccabccccccccccccccccccccc
eeeeeeeeeeeeeeeeeeeeeeeeeeee
abccccccccccccccccccccc
eeeeeeeeeeeeeeeeeeeeeeeeeeee
abccccccccccccccccccccc
eeeeeeeeeeeeeeeeeeeeeeeeeeeeabccccccccccccccccccccc
eeeeeeeeeeeeeeeeeeeeeeeeeeeeabccccccccccccccccccccc
eeeeeeeeeeeeeeeeeeeeeeeeeeeeabccccccccccccccccccccc
eeeeeeeeeeeeeeeeeeeeeeeeeeeeabccccccccccccccccccccc
eeeeeeeeeeeeeeeeeeeeeeeeeeeeabccccccccccccccccccccc
eeeeeeeeeeeeeeeeeeeeeeeeeeeeabccccccccccccccccccccc
eeeeeeeeeeeeeeeeeeeeeeeeeeeeabccccccccccccccccccccc
eeeeeeeeeeeeeeeeeeeeeeeeeeeeabccccccccccccccccccccc
eeeeeeeeeeeeeeeeeeeeeeeeeeeeabccccccccccccccccccccc
eeeeeeeeeeeeeeeeeeeeeeeeeeeeabccccccccccccccccccccc
eeeeeeeeeeeeeeeeeeeeeeeeeeeeabccccccccccccccccccccc
eeeeeeeeeeeeeeeeeeeeeeeeeeeeabcccccccccccccccccccccabccccccccccccccccccccc
eeeeeeeeeeeeeeeeeeeeeeeeeeee
abccccccccccccccccccccc
eeeeeeeeeeeeeeeeeeeeeeeeeeee
abccccccccccccccccccccc
eeeeeeeeeeeeeeeeeeeeeeeeeeeeabccccccccccccccccccccc
eeeeeeeeeeeeeeeeeeeeeeeeeeeeabccccccccccccccccccccc
eeeeeeeeeeeeeeeeeeeeeeeeeeeeabccccccccccccccccccccc
eeeeeeeeeeeeeeeeeeeeeeeeeeeeabccccccccccccccccccccc
eeeeeeeeeeeeeeeeeeeeeeeeeeeeabccccccccccccccccccccc
eeeeeeeeeeeeeeeeeeeeeeeeeeeeabccccccccccccccccccccc
eeeeeeeeeeeeeeeeeeeeeeeeeeeeabccccccccccccccccccccc
eeeeeeeeeeeeeeeeeeeeeeeeeeeeabccccccccccccccccccccc
eeeeeeeeeeeeeeeeeeeeeeeeeeeeabccccccccccccccccccccc
eeeeeeeeeeeeeeeeeeeeeeeeeeeeabccccccccccccccccccccc
eeeeeeeeeeeeeeeeeeeeeeeeeeeeabccccccccccccccccccccc
eeeeeeeeeeeeeeeeeeeeeeeeeeeeabcccccccccccccccccccccabccccccccccccccccccccc
eeeeeeeeeeeeeeeeeeeeeeeeeeee
abccccccccccccccccccccc
eeeeeeeeeeeeeeeeeeeeeeeeeeee
abccccccccccccccccccccc
eeeeeeeeeeeeeeeeeeeeeeeeeeeeabccccccccccccccccccccc
eeeeeeeeeeeeeeeeeeeeeeeeeeeeabccccccccccccccccccccc
eeeeeeeeeeeeeeeeeeeeeeeeeeeeabccccccccccccccccccccc
eeeeeeeeeeeeeeeeeeeeeeeeeeeeabccccccccccccccccccccc
eeeeeeeeeeeeeeeeeeeeeeeeeeeeabccccccccccccccccccccc
eeeeeeeeeeeeeeeeeeeeeeeeeeeeabccccccccccccccccccccc
eeeeeeeeeeeeeeeeeeeeeeeeeeeeabccccccccccccccccccccc
eeeeeeeeeeeeeeeeeeeeeeeeeeeeabccccccccccccccccccccc
eeeeeeeeeeeeeeeeeeeeeeeeeeeeabccccccccccccccccccccc
eeeeeeeeeeeeeeeeeeeeeeeeeeeeabccccccccccccccccccccc
eeeeeeeeeeeeeeeeeeeeeeeeeeeeabccccccccccccccccccccc
eeeeeeeeeeeeeeeeeeeeeeeeeeeeabcccccccccccccccccccccabccccccccccccccccccccc
eeeeeeeeeeeeeeeeeeeeeeeeeeee
abccccccccccccccccccccc
eeeeeeeeeeeeeeeeeeeeeeeeeeee
abccccccccccccccccccccc
eeeeeeeeeeeeeeeeeeeeeeeeeeeeabccccccccccccccccccccc
eeeeeeeeeeeeeeeeeeeeeeeeeeeeabccccccccccccccccccccc
eeeeeeeeeeeeeeeeeeeeeeeeeeeeabccccccccccccccccccccc
eeeeeeeeeeeeeeeeeeeeeeeeeeeeabccccccccccccccccccccc
eeeeeeeeeeeeeeeeeeeeeeeeeeeeabccccccccccccccccccccc
eeeeeeeeeeeeeeeeeeeeeeeeeeeeabccccccccccccccccccccc
eeeeeeeeeeeeeeeeeeeeeeeeeeeeabccccccccccccccccccccc
eeeeeeeeeeeeeeeeeeeeeeeeeeeeabccccccccccccccccccccc
eeeeeeeeeeeeeeeeeeeeeeeeeeeeabccccccccccccccccccccc
eeeeeeeeeeeeeeeeeeeeeeeeeeeeabccccccccccccccccccccc
eeeeeeeeeeeeeeeeeeeeeeeeeeeeabccccccccccccccccccccc
eeeeeeeeeeeeeeeeeeeeeeeeeeeeabcccccccccccccccccccccabccccccccccccccccccccc
eeeeeeeeeeeeeeeeeeeeeeeeeeee
abccccccccccccccccccccc
eeeeeeeeeeeeeeeeeeeeeeeeeeee
abccccccccccccccccccccc
eeeeeeeeeeeeeeeeeeeeeeeeeeeeabccccccccccccccccccccc
eeeeeeeeeeeeeeeeeeeeeeeeeeeeabccccccccccccccccccccc
eeeeeeeeeeeeeeeeeeeeeeeeeeeeabccccccccccccccccccccc
eeeeeeeeeeeeeeeeeeeeeeeeeeeeabccccccccccccccccccccc
eeeeeeeeeeeeeeeeeeeeeeeeeeeeabccccccccccccccccccccc
eeeeeeeeeeeeeeeeeeeeeeeeeeeeabccccccccccccccccccccc
eeeeeeeeeeeeeeeeeeeeeeeeeeeeabccccccccccccccccccccc
eeeeeeeeeeeeeeeeeeeeeeeeeeeeabccccccccccccccccccccc
eeeeeeeeeeeeeeeeeeeeeeeeeeeeabccccccccccccccccccccc
eeeeeeeeeeeeeeeeeeeeeeeeeeeeabccccccccccccccccccccc
eeeeeeeeeeeeeeeeeeeeeeeeeeeeabccccccccccccccccccccc
eeeeeeeeeeeeeeeeeeeeeeeeeeeeabcccccccccccccccccccccabccccccccccccccccccccc
eeeeeeeeeeeeeeeeeeeeeeeeeeee
abccccccccccccccccccccc
eeeeeeeeeeeeeeeeeeeeeeeeeeee
abccccccccccccccccccccc
eeeeeeeeeeeeeeeeeeeeeeeeeeeeabccccccccccccccccccccc
eeeeeeeeeeeeeeeeeeeeeeeeeeeeabccccccccccccccccccccc
eeeeeeeeeeeeeeeeeeeeeeeeeeeeabccccccccccccccccccccc
eeeeeeeeeeeeeeeeeeeeeeeeeeeeabccccccccccccccccccccc
eeeeeeeeeeeeeeeeeeeeeeeeeeeeabccccccccccccccccccccc
eeeeeeeeeeeeeeeeeeeeeeeeeeeeabccccccccccccccccccccc
eeeeeeeeeeeeeeeeeeeeeeeeeeeeabccccccccccccccccccccc
eeeeeeeeeeeeeeeeeeeeeeeeeeeeabccccccccccccccccccccc
eeeeeeeeeeeeeeeeeeeeeeeeeeeeabccccccccccccccccccccc
eeeeeeeeeeeeeeeeeeeeeeeeeeeeabccccccccccccccccccccc
eeeeeeeeeeeeeeeeeeeeeeeeeeeeabccccccccccccccccccccc
eeeeeeeeeeeeeeeeeeeeeeeeeeeeabcccccccccccccccccccccabccccccccccccccccccccc
eeeeeeeeeeeeeeeeeeeeeeeeeeee
abccccccccccccccccccccc
eeeeeeeeeeeeeeeeeeeeeeeeeeee
abccccccccccccccccccccc
eeeeeeeeeeeeeeeeeeeeeeeeeeeeabccccccccccccccccccccc
eeeeeeeeeeeeeeeeeeeeeeeeeeeeabccccccccccccccccccccc
eeeeeeeeeeeeeeeeeeeeeeeeeeeeabccccccccccccccccccccc
eeeeeeeeeeeeeeeeeeeeeeeeeeeeabccccccccccccccccccccc
eeeeeeeeeeeeeeeeeeeeeeeeeeeeabccccccccccccccccccccc
eeeeeeeeeeeeeeeeeeeeeeeeeeeeabccccccccccccccccccccc
eeeeeeeeeeeeeeeeeeeeeeeeeeeeabccccccccccccccccccccc
eeeeeeeeeeeeeeeeeeeeeeeeeeeeabccccccccccccccccccccc
eeeeeeeeeeeeeeeeeeeeeeeeeeeeabccccccccccccccccccccc
eeeeeeeeeeeeeeeeeeeeeeeeeeeeabccccccccccccccccccccc
eeeeeeeeeeeeeeeeeeeeeeeeeeeeabccccccccccccccccccccc
eeeeeeeeeeeeeeeeeeeeeeeeeeeeabcccccccccccccccccccccabccccccccccccccccccccc
eeeeeeeeeeeeeeeeeeeeeeeeeeee
abccccccccccccccccccccc
eeeeeeeeeeeeeeeeeeeeeeeeeeee
abccccccccccccccccccccc
eeeeeeeeeeeeeeeeeeeeeeeeeeeeabccccccccccccccccccccc
eeeeeeeeeeeeeeeeeeeeeeeeeeeeabccccccccccccccccccccc
eeeeeeeeeeeeeeeeeeeeeeeeeeeeabccccccccccccccccccccc
eeeeeeeeeeeeeeeeeeeeeeeeeeeeabccccccccccccccccccccc
eeeeeeeeeeeeeeeeeeeeeeeeeeeeabccccccccccccccccccccc
eeeeeeeeeeeeeeeeeeeeeeeeeeeeabccccccccccccccccccccc
eeeeeeeeeeeeeeeeeeeeeeeeeeeeabccccccccccccccccccccc
eeeeeeeeeeeeeeeeeeeeeeeeeeeeabccccccccccccccccccccc
eeeeeeeeeeeeeeeeeeeeeeeeeeeeabccccccccccccccccccccc
eeeeeeeeeeeeeeeeeeeeeeeeeeeeabccccccccccccccccccccc
eeeeeeeeeeeeeeeeeeeeeeeeeeeeabccccccccccccccccccccc
eeeeeeeeeeeeeeeeeeeeeeeeeeeeabcccccccccccccccccccccabccccccccccccccccccccc
eeeeeeeeeeeeeeeeeeeeeeeeeeee
abccccccccccccccccccccc
eeeeeeeeeeeeeeeeeeeeeeeeeeee
abccccccccccccccccccccc
eeeeeeeeeeeeeeeeeeeeeeeeeeeeabccccccccccccccccccccc
eeeeeeeeeeeeeeeeeeeeeeeeeeeeabccccccccccccccccccccc
eeeeeeeeeeeeeeeeeeeeeeeeeeeeabccccccccccccccccccccc
eeeeeeeeeeeeeeeeeeeeeeeeeeeeabccccccccccccccccccccc
eeeeeeeeeeeeeeeeeeeeeeeeeeeeabccccccccccccccccccccc
eeeeeeeeeeeeeeeeeeeeeeeeeeeeabccccccccccccccccccccc
eeeeeeeeeeeeeeeeeeeeeeeeeeeeabccccccccccccccccccccc
eeeeeeeeeeeeeeeeeeeeeeeeeeeeabccccccccccccccccccccc
eeeeeeeeeeeeeeeeeeeeeeeeeeeeabccccccccccccccccccccc
eeeeeeeeeeeeeeeeeeeeeeeeeeeeabccccccccccccccccccccc
eeeeeeeeeeeeeeeeeeeeeeeeeeeeabccccccccccccccccccccc
eeeeeeeeeeeeeeeeeeeeeeeeeeeeabcccccccccccccccccccccabccccccccccccccccccccc
eeeeeeeeeeeeeeeeeeeeeeeeeeee
abccccccccccccccccccccc
eeeeeeeeeeeeeeeeeeeeeeeeeeee
abccccccccccccccccccccc
eeeeeeeeeeeeeeeeeeeeeeeeeeeeabccccccccccccccccccccc
eeeeeeeeeeeeeeeeeeeeeeeeeeeeabccccccccccccccccccccc
eeeeeeeeeeeeeeeeeeeeeeeeeeeeabccccccccccccccccccccc
eeeeeeeeeeeeeeeeeeeeeeeeeeeeabccccccccccccccccccccc
eeeeeeeeeeeeeeeeeeeeeeeeeeeeabccccccccccccccccccccc
eeeeeeeeeeeeeeeeeeeeeeeeeeeeabccccccccccccccccccccc
eeeeeeeeeeeeeeeeeeeeeeeeeeeeabccccccccccccccccccccc
eeeeeeeeeeeeeeeeeeeeeeeeeeeeabccccccccccccccccccccc
eeeeeeeeeeeeeeeeeeeeeeeeeeeeabccccccccccccccccccccc
eeeeeeeeeeeeeeeeeeeeeeeeeeeeabccccccccccccccccccccc
eeeeeeeeeeeeeeeeeeeeeeeeeeeeabccccccccccccccccccccc
eeeeeeeeeeeeeeeeeeeeeeeeeeeeabcccccccccccccccccccccabccccccccccccccccccccc
eeeeeeeeeeeeeeeeeeeeeeeeeeee
abccccccccccccccccccccc
eeeeeeeeeeeeeeeeeeeeeeeeeeee
abccccccccccccccccccccc
eeeeeeeeeeeeeeeeeeeeeeeeeeeeabccccccccccccccccccccc
eeeeeeeeeeeeeeeeeeeeeeeeeeeeabccccccccccccccccccccc
eeeeeeeeeeeeeeeeeeeeeeeeeeeeabccccccccccccccccccccc
eeeeeeeeeeeeeeeeeeeeeeeeeeeeabccccccccccccccccccccc
eeeeeeeeeeeeeeeeeeeeeeeeeeeeabccccccccccccccccccccc
eeeeeeeeeeeeeeeeeeeeeeeeeeeeabccccccccccccccccccccc
eeeeeeeeeeeeeeeeeeeeeeeeeeeeabccccccccccccccccccccc
eeeeeeeeeeeeeeeeeeeeeeeeeeeeabccccccccccccccccccccc
eeeeeeeeeeeeeeeeeeeeeeeeeeeeabccccccccccccccccccccc
eeeeeeeeeeeeeeeeeeeeeeeeeeeeabccccccccccccccccccccc
eeeeeeeeeeeeeeeeeeeeeeeeeeeeabccccccccccccccccccccc
eeeeeeeeeeeeeeeeeeeeeeeeeeeeabcccccccccccccccccccccabccccccccccccccccccccc
eeeeeeeeeeeeeeeeeeeeeeeeeeee
abccccccccccccccccccccc
eeeeeeeeeeeeeeeeeeeeeeeeeeee
abccccccccccccccccccccc
eeeeeeeeeeeeeeeeeeeeeeeeeeeeabccccccccccccccccccccc
eeeeeeeeeeeeeeeeeeeeeeeeeeeeabccccccccccccccccccccc
eeeeeeeeeeeeeeeeeeeeeeeeeeeeabccccccccccccccccccccc
eeeeeeeeeeeeeeeeeeeeeeeeeeeeabccccccccccccccccccccc
eeeeeeeeeeeeeeeeeeeeeeeeeeeeabccccccccccccccccccccc
eeeeeeeeeeeeeeeeeeeeeeeeeeeeabccccccccccccccccccccc
eeeeeeeeeeeeeeeeeeeeeeeeeeeeabccccccccccccccccccccc
eeeeeeeeeeeeeeeeeeeeeeeeeeeeabccccccccccccccccccccc
eeeeeeeeeeeeeeeeeeeeeeeeeeeeabccccccccccccccccccccc
eeeeeeeeeeeeeeeeeeeeeeeeeeeeabccccccccccccccccccccc
eeeeeeeeeeeeeeeeeeeeeeeeeeeeabccccccccccccccccccccc
eeeeeeeeeeeeeeeeeeeeeeeeeeeeabcccccccccccccccccccccabccccccccccccccccccccc
eeeeeeeeeeeeeeeeeeeeeeeeeeee
abccccccccccccccccccccc
eeeeeeeeeeeeeeeeeeeeeeeeeeee
abccccccccccccccccccccc
eeeeeeeeeeeeeeeeeeeeeeeeeeeeabccccccccccccccccccccc
eeeeeeeeeeeeeeeeeeeeeeeeeeeeabccccccccccccccccccccc
eeeeeeeeeeeeeeeeeeeeeeeeeeeeabccccccccccccccccccccc
eeeeeeeeeeeeeeeeeeeeeeeeeeeeabccccccccccccccccccccc
eeeeeeeeeeeeeeeeeeeeeeeeeeeeabccccccccccccccccccccc
eeeeeeeeeeeeeeeeeeeeeeeeeeeeabccccccccccccccccccccc
eeeeeeeeeeeeeeeeeeeeeeeeeeeeabccccccccccccccccccccc
eeeeeeeeeeeeeeeeeeeeeeeeeeeeabccccccccccccccccccccc
eeeeeeeeeeeeeeeeeeeeeeeeeeeeabccccccccccccccccccccc
eeeeeeeeeeeeeeeeeeeeeeeeeeeeabccccccccccccccccccccc
eeeeeeeeeeeeeeeeeeeeeeeeeeeeabccccccccccccccccccccc
eeeeeeeeeeeeeeeeeeeeeeeeeeeeabcccccccccccccccccccccabccccccccccccccccccccc
eeeeeeeeeeeeeeeeeeeeeeeeeeee
abccccccccccccccccccccc
eeeeeeeeeeeeeeeeeeeeeeeeeeee
abccccccccccccccccccccc
eeeeeeeeeeeeeeeeeeeeeeeeeeeeabccccccccccccccccccccc
eeeeeeeeeeeeeeeeeeeeeeeeeeeeabccccccccccccccccccccc
eeeeeeeeeeeeeeeeeeeeeeeeeeeeabccccccccccccccccccccc
eeeeeeeeeeeeeeeeeeeeeeeeeeeeabccccccccccccccccccccc
eeeeeeeeeeeeeeeeeeeeeeeeeeeeabccccccccccccccccccccc
eeeeeeeeeeeeeeeeeeeeeeeeeeeeabccccccccccccccccccccc
eeeeeeeeeeeeeeeeeeeeeeeeeeeeabccccccccccccccccccccc
eeeeeeeeeeeeeeeeeeeeeeeeeeeeabccccccccccccccccccccc
eeeeeeeeeeeeeeeeeeeeeeeeeeeeabccccccccccccccccccccc
eeeeeeeeeeeeeeeeeeeeeeeeeeeeabccccccccccccccccccccc
eeeeeeeeeeeeeeeeeeeeeeeeeeeeabccccccccccccccccccccc
eeeeeeeeeeeeeeeeeeeeeeeeeeeeabcccccccccccccccccccccabccccccccccccccccccccc
eeeeeeeeeeeeeeeeeeeeeeeeeeee
abccccccccccccccccccccc
eeeeeeeeeeeeeeeeeeeeeeeeeeee
abccccccccccccccccccccc
eeeeeeeeeeeeeeeeeeeeeeeeeeeeabccccccccccccccccccccc
eeeeeeeeeeeeeeeeeeeeeeeeeeeeabccccccccccccccccccccc
eeeeeeeeeeeeeeeeeeeeeeeeeeeeabccccccccccccccccccccc
eeeeeeeeeeeeeeeeeeeeeeeeeeeeabccccccccccccccccccccc
eeeeeeeeeeeeeeeeeeeeeeeeeeeeabccccccccccccccccccccc
eeeeeeeeeeeeeeeeeeeeeeeeeeeeabccccccccccccccccccccc
eeeeeeeeeeeeeeeeeeeeeeeeeeeeabccccccccccccccccccccc
eeeeeeeeeeeeeeeeeeeeeeeeeeeeabccccccccccccccccccccc
eeeeeeeeeeeeeeeeeeeeeeeeeeeeabccccccccccccccccccccc
eeeeeeeeeeeeeeeeeeeeeeeeeeeeabccccccccccccccccccccc
eeeeeeeeeeeeeeeeeeeeeeeeeeeeabccccccccccccccccccccc
eeeeeeeeeeeeeeeeeeeeeeeeeeeeabcccccccccccccccccccccabccccccccccccccccccccc
eeeeeeeeeeeeeeeeeeeeeeeeeeee
abccccccccccccccccccccc
eeeeeeeeeeeeeeeeeeeeeeeeeeee
abccccccccccccccccccccc
eeeeeeeeeeeeeeeeeeeeeeeeeeeeabccccccccccccccccccccc
eeeeeeeeeeeeeeeeeeeeeeeeeeeeabccccccccccccccccccccc
eeeeeeeeeeeeeeeeeeeeeeeeeeeeabccccccccccccccccccccc
eeeeeeeeeeeeeeeeeeeeeeeeeeeeabccccccccccccccccccccc
eeeeeeeeeeeeeeeeeeeeeeeeeeeeabccccccccccccccccccccc
eeeeeeeeeeeeeeeeeeeeeeeeeeeeabccccccccccccccccccccc
eeeeeeeeeeeeeeeeeeeeeeeeeeeeabccccccccccccccccccccc
eeeeeeeeeeeeeeeeeeeeeeeeeeeeabccccccccccccccccccccc
eeeeeeeeeeeeeeeeeeeeeeeeeeeeabccccccccccccccccccccc
eeeeeeeeeeeeeeeeeeeeeeeeeeeeabccccccccccccccccccccc
eeeeeeeeeeeeeeeeeeeeeeeeeeeeabccccccccccccccccccccc
eeeeeeeeeeeeeeeeeeeeeeeeeeeeabcccccccccccccccccccccabccccccccccccccccccccc
eeeeeeeeeeeeeeeeeeeeeeeeeeee
abccccccccccccccccccccc
eeeeeeeeeeeeeeeeeeeeeeeeeeee
abccccccccccccccccccccc
eeeeeeeeeeeeeeeeeeeeeeeeeeeeabccccccccccccccccccccc
eeeeeeeeeeeeeeeeeeeeeeeeeeeeabccccccccccccccccccccc
eeeeeeeeeeeeeeeeeeeeeeeeeeeeabccccccccccccccccccccc
eeeeeeeeeeeeeeeeeeeeeeeeeeeeabccccccccccccccccccccc
eeeeeeeeeeeeeeeeeeeeeeeeeeeeabccccccccccccccccccccc
eeeeeeeeeeeeeeeeeeeeeeeeeeeeabccccccccccccccccccccc
eeeeeeeeeeeeeeeeeeeeeeeeeeeeabccccccccccccccccccccc
eeeeeeeeeeeeeeeeeeeeeeeeeeeeabccccccccccccccccccccc
eeeeeeeeeeeeeeeeeeeeeeeeeeeeabccccccccccccccccccccc
eeeeeeeeeeeeeeeeeeeeeeeeeeeeabccccccccccccccccccccc
eeeeeeeeeeeeeeeeeeeeeeeeeeeeabccccccccccccccccccccc
eeeeeeeeeeeeeeeeeeeeeeeeeeeeabcccccccccccccccccccccabccccccccccccccccccccc
eeeeeeeeeeeeeeeeeeeeeeeeeeee
abccccccccccccccccccccc
eeeeeeeeeeeeeeeeeeeeeeeeeeee
abccccccccccccccccccccc
eeeeeeeeeeeeeeeeeeeeeeeeeeeeabccccccccccccccccccccc
eeeeeeeeeeeeeeeeeeeeeeeeeeeeabccccccccccccccccccccc
eeeeeeeeeeeeeeeeeeeeeeeeeeeeabccccccccccccccccccccc
eeeeeeeeeeeeeeeeeeeeeeeeeeeeabccccccccccccccccccccc
eeeeeeeeeeeeeeeeeeeeeeeeeeeeabccccccccccccccccccccc
eeeeeeeeeeeeeeeeeeeeeeeeeeeeabccccccccccccccccccccc
eeeeeeeeeeeeeeeeeeeeeeeeeeeeabccccccccccccccccccccc
eeeeeeeeeeeeeeeeeeeeeeeeeeeeabccccccccccccccccccccc
eeeeeeeeeeeeeeeeeeeeeeeeeeeeabccccccccccccccccccccc
eeeeeeeeeeeeeeeeeeeeeeeeeeeeabccccccccccccccccccccc
eeeeeeeeeeeeeeeeeeeeeeeeeeeeabccccccccccccccccccccc
eeeeeeeeeeeeeeeeeeeeeeeeeeeeabcccccccccccccccccccccabccccccccccccccccccccc
eeeeeeeeeeeeeeeeeeeeeeeeeeee
abccccccccccccccccccccc
eeeeeeeeeeeeeeeeeeeeeeeeeeee
abccccccccccccccccccccc
eeeeeeeeeeeeeeeeeeeeeeeeeeeeabccccccccccccccccccccc
eeeeeeeeeeeeeeeeeeeeeeeeeeeeabccccccccccccccccccccc
eeeeeeeeeeeeeeeeeeeeeeeeeeeeabccccccccccccccccccccc
eeeeeeeeeeeeeeeeeeeeeeeeeeeeabccccccccccccccccccccc
eeeeeeeeeeeeeeeeeeeeeeeeeeeeabccccccccccccccccccccc
eeeeeeeeeeeeeeeeeeeeeeeeeeeeabccccccccccccccccccccc
eeeeeeeeeeeeeeeeeeeeeeeeeeeeabccccccccccccccccccccc
eeeeeeeeeeeeeeeeeeeeeeeeeeeeabccccccccccccccccccccc
eeeeeeeeeeeeeeeeeeeeeeeeeeeeabccccccccccccccccccccc
eeeeeeeeeeeeeeeeeeeeeeeeeeeeabccccccccccccccccccccc
eeeeeeeeeeeeeeeeeeeeeeeeeeeeabccccccccccccccccccccc
eeeeeeeeeeeeeeeeeeeeeeeeeeeeabcccccccccccccccccccccabccccccccccccccccccccc
eeeeeeeeeeeeeeeeeeeeeeeeeeee
abccccccccccccccccccccc
eeeeeeeeeeeeeeeeeeeeeeeeeeee
abccccccccccccccccccccc
eeeeeeeeeeeeeeeeeeeeeeeeeeeeabccccccccccccccccccccc
eeeeeeeeeeeeeeeeeeeeeeeeeeeeabccccccccccccccccccccc
eeeeeeeeeeeeeeeeeeeeeeeeeeeeabccccccccccccccccccccc
eeeeeeeeeeeeeeeeeeeeeeeeeeeeabccccccccccccccccccccc
eeeeeeeeeeeeeeeeeeeeeeeeeeeeabccccccccccccccccccccc
eeeeeeeeeeeeeeeeeeeeeeeeeeeeabccccccccccccccccccccc
eeeeeeeeeeeeeeeeeeeeeeeeeeeeabccccccccccccccccccccc
eeeeeeeeeeeeeeeeeeeeeeeeeeeeabccccccccccccccccccccc
eeeeeeeeeeeeeeeeeeeeeeeeeeeeabccccccccccccccccccccc
eeeeeeeeeeeeeeeeeeeeeeeeeeeeabccccccccccccccccccccc
eeeeeeeeeeeeeeeeeeeeeeeeeeeeabccccccccccccccccccccc
eeeeeeeeeeeeeeeeeeeeeeeeeeeeabcccccccccccccccccccccabccccccccccccccccccccc
eeeeeeeeeeeeeeeeeeeeeeeeeeee
abccccccccccccccccccccc
eeeeeeeeeeeeeeeeeeeeeeeeeeee
abccccccccccccccccccccc
eeeeeeeeeeeeeeeeeeeeeeeeeeeeabccccccccccccccccccccc
eeeeeeeeeeeeeeeeeeeeeeeeeeeeabccccccccccccccccccccc
eeeeeeeeeeeeeeeeeeeeeeeeeeeeabccccccccccccccccccccc
eeeeeeeeeeeeeeeeeeeeeeeeeeeeabccccccccccccccccccccc
eeeeeeeeeeeeeeeeeeeeeeeeeeeeabccccccccccccccccccccc
eeeeeeeeeeeeeeeeeeeeeeeeeeeeabccccccccccccccccccccc
eeeeeeeeeeeeeeeeeeeeeeeeeeeeabccccccccccccccccccccc
eeeeeeeeeeeeeeeeeeeeeeeeeeeeabccccccccccccccccccccc
eeeeeeeeeeeeeeeeeeeeeeeeeeeeabccccccccccccccccccccc
eeeeeeeeeeeeeeeeeeeeeeeeeeeeabccccccccccccccccccccc
eeeeeeeeeeeeeeeeeeeeeeeeeeeeabccccccccccccccccccccc
eeeeeeeeeeeeeeeeeeeeeeeeeeeeabcccccccccccccccccccccabccccccccccccccccccccc
eeeeeeeeeeeeeeeeeeeeeeeeeeee
abccccccccccccccccccccc
eeeeeeeeeeeeeeeeeeeeeeeeeeee
abccccccccccccccccccccc
eeeeeeeeeeeeeeeeeeeeeeeeeeeeabccccccccccccccccccccc
eeeeeeeeeeeeeeeeeeeeeeeeeeeeabccccccccccccccccccccc
eeeeeeeeeeeeeeeeeeeeeeeeeeeeabccccccccccccccccccccc
eeeeeeeeeeeeeeeeeeeeeeeeeeeeabccccccccccccccccccccc
eeeeeeeeeeeeeeeeeeeeeeeeeeeeabccccccccccccccccccccc
eeeeeeeeeeeeeeeeeeeeeeeeeeeeabccccccccccccccccccccc
eeeeeeeeeeeeeeeeeeeeeeeeeeeeabccccccccccccccccccccc
eeeeeeeeeeeeeeeeeeeeeeeeeeeeabccccccccccccccccccccc
eeeeeeeeeeeeeeeeeeeeeeeeeeeeabccccccccccccccccccccc
eeeeeeeeeeeeeeeeeeeeeeeeeeeeabccccccccccccccccccccc
eeeeeeeeeeeeeeeeeeeeeeeeeeeeabccccccccccccccccccccc
eeeeeeeeeeeeeeeeeeeeeeeeeeeeabcccccccccccccccccccccabccccccccccccccccccccc
eeeeeeeeeeeeeeeeeeeeeeeeeeee
abccccccccccccccccccccc
eeeeeeeeeeeeeeeeeeeeeeeeeeee
abccccccccccccccccccccc
eeeeeeeeeeeeeeeeeeeeeeeeeeeeabccccccccccccccccccccc
eeeeeeeeeeeeeeeeeeeeeeeeeeeeabccccccccccccccccccccc
eeeeeeeeeeeeeeeeeeeeeeeeeeeeabccccccccccccccccccccc
eeeeeeeeeeeeeeeeeeeeeeeeeeeeabccccccccccccccccccccc
eeeeeeeeeeeeeeeeeeeeeeeeeeeeabccccccccccccccccccccc
eeeeeeeeeeeeeeeeeeeeeeeeeeeeabccccccccccccccccccccc
eeeeeeeeeeeeeeeeeeeeeeeeeeeeabccccccccccccccccccccc
eeeeeeeeeeeeeeeeeeeeeeeeeeeeabccccccccccccccccccccc
eeeeeeeeeeeeeeeeeeeeeeeeeeeeabccccccccccccccccccccc
eeeeeeeeeeeeeeeeeeeeeeeeeeeeabccccccccccccccccccccc
eeeeeeeeeeeeeeeeeeeeeeeeeeeeabccccccccccccccccccccc
eeeeeeeeeeeeeeeeeeeeeeeeeeeeabcccccccccccccccccccccabccccccccccccccccccccc
eeeeeeeeeeeeeeeeeeeeeeeeeeee
abccccccccccccccccccccc
eeeeeeeeeeeeeeeeeeeeeeeeeeee
abccccccccccccccccccccc
eeeeeeeeeeeeeeeeeeeeeeeeeeeeabccccccccccccccccccccc
eeeeeeeeeeeeeeeeeeeeeeeeeeeeabccccccccccccccccccccc
eeeeeeeeeeeeeeeeeeeeeeeeeeeeabccccccccccccccccccccc
eeeeeeeeeeeeeeeeeeeeeeeeeeeeabccccccccccccccccccccc
eeeeeeeeeeeeeeeeeeeeeeeeeeeeabccccccccccccccccccccc
eeeeeeeeeeeeeeeeeeeeeeeeeeeeabccccccccccccccccccccc
eeeeeeeeeeeeeeeeeeeeeeeeeeeeabccccccccccccccccccccc
eeeeeeeeeeeeeeeeeeeeeeeeeeeeabccccccccccccccccccccc
eeeeeeeeeeeeeeeeeeeeeeeeeeeeabccccccccccccccccccccc
eeeeeeeeeeeeeeeeeeeeeeeeeeeeabccccccccccccccccccccc
eeeeeeeeeeeeeeeeeeeeeeeeeeeeabccccccccccccccccccccc
eeeeeeeeeeeeeeeeeeeeeeeeeeeeabcccccccccccccccccccccabccccccccccccccccccccc
eeeeeeeeeeeeeeeeeeeeeeeeeeee
abccccccccccccccccccccc
eeeeeeeeeeeeeeeeeeeeeeeeeeee
abccccccccccccccccccccc
eeeeeeeeeeeeeeeeeeeeeeeeeeeeabccccccccccccccccccccc
eeeeeeeeeeeeeeeeeeeeeeeeeeeeabccccccccccccccccccccc
eeeeeeeeeeeeeeeeeeeeeeeeeeeeabccccccccccccccccccccc
eeeeeeeeeeeeeeeeeeeeeeeeeeeeabccccccccccccccccccccc
eeeeeeeeeeeeeeeeeeeeeeeeeeeeabccccccccccccccccccccc
eeeeeeeeeeeeeeeeeeeeeeeeeeeeabccccccccccccccccccccc
eeeeeeeeeeeeeeeeeeeeeeeeeeeeabccccccccccccccccccccc
eeeeeeeeeeeeeeeeeeeeeeeeeeeeabccccccccccccccccccccc
eeeeeeeeeeeeeeeeeeeeeeeeeeeeabccccccccccccccccccccc
eeeeeeeeeeeeeeeeeeeeeeeeeeeeabccccccccccccccccccccc
eeeeeeeeeeeeeeeeeeeeeeeeeeeeabccccccccccccccccccccc
eeeeeeeeeeeeeeeeeeeeeeeeeeeeabcccccccccccccccccccccabccccccccccccccccccccc
eeeeeeeeeeeeeeeeeeeeeeeeeeee
abccccccccccccccccccccc
eeeeeeeeeeeeeeeeeeeeeeeeeeee
abccccccccccccccccccccc
eeeeeeeeeeeeeeeeeeeeeeeeeeeeabccccccccccccccccccccc
eeeeeeeeeeeeeeeeeeeeeeeeeeeeabccccccccccccccccccccc
eeeeeeeeeeeeeeeeeeeeeeeeeeeeabccccccccccccccccccccc
eeeeeeeeeeeeeeeeeeeeeeeeeeeeabccccccccccccccccccccc
eeeeeeeeeeeeeeeeeeeeeeeeeeeeabccccccccccccccccccccc
eeeeeeeeeeeeeeeeeeeeeeeeeeeeabccccccccccccccccccccc
eeeeeeeeeeeeeeeeeeeeeeeeeeeeabccccccccccccccccccccc
eeeeeeeeeeeeeeeeeeeeeeeeeeeeabccccccccccccccccccccc
eeeeeeeeeeeeeeeeeeeeeeeeeeeeabccccccccccccccccccccc
eeeeeeeeeeeeeeeeeeeeeeeeeeeeabccccccccccccccccccccc
eeeeeeeeeeeeeeeeeeeeeeeeeeeeabccccccccccccccccccccc
eeeeeeeeeeeeeeeeeeeeeeeeeeeeabcccccccccccccccccccccabccccccccccccccccccccc
eeeeeeeeeeeeeeeeeeeeeeeeeeee
abccccccccccccccccccccc
eeeeeeeeeeeeeeeeeeeeeeeeeeee
abccccccccccccccccccccc
eeeeeeeeeeeeeeeeeeeeeeeeeeeeabccccccccccccccccccccc
eeeeeeeeeeeeeeeeeeeeeeeeeeeeabccccccccccccccccccccc
eeeeeeeeeeeeeeeeeeeeeeeeeeeeabccccccccccccccccccccc
eeeeeeeeeeeeeeeeeeeeeeeeeeeeabccccccccccccccccccccc
eeeeeeeeeeeeeeeeeeeeeeeeeeeeabccccccccccccccccccccc
eeeeeeeeeeeeeeeeeeeeeeeeeeeeabccccccccccccccccccccc
eeeeeeeeeeeeeeeeeeeeeeeeeeeeabccccccccccccccccccccc
eeeeeeeeeeeeeeeeeeeeeeeeeeeeabccccccccccccccccccccc
eeeeeeeeeeeeeeeeeeeeeeeeeeeeabccccccccccccccccccccc
eeeeeeeeeeeeeeeeeeeeeeeeeeeeabccccccccccccccccccccc
eeeeeeeeeeeeeeeeeeeeeeeeeeeeabccccccccccccccccccccc
eeeeeeeeeeeeeeeeeeeeeeeeeeeeabcccccccccccccccccccccabccccccccccccccccccccc
eeeeeeeeeeeeeeeeeeeeeeeeeeee
abccccccccccccccccccccc
eeeeeeeeeeeeeeeeeeeeeeeeeeee
abccccccccccccccccccccc
eeeeeeeeeeeeeeeeeeeeeeeeeeeeabccccccccccccccccccccc
eeeeeeeeeeeeeeeeeeeeeeeeeeeeabccccccccccccccccccccc
eeeeeeeeeeeeeeeeeeeeeeeeeeeeabccccccccccccccccccccc
eeeeeeeeeeeeeeeeeeeeeeeeeeeeabccccccccccccccccccccc
eeeeeeeeeeeeeeeeeeeeeeeeeeeeabccccccccccccccccccccc
eeeeeeeeeeeeeeeeeeeeeeeeeeeeabccccccccccccccccccccc
eeeeeeeeeeeeeeeeeeeeeeeeeeeeabccccccccccccccccccccc
eeeeeeeeeeeeeeeeeeeeeeeeeeeeabccccccccccccccccccccc
eeeeeeeeeeeeeeeeeeeeeeeeeeeeabccccccccccccccccccccc
eeeeeeeeeeeeeeeeeeeeeeeeeeeeabccccccccccccccccccccc
eeeeeeeeeeeeeeeeeeeeeeeeeeeeabccccccccccccccccccccc
eeeeeeeeeeeeeeeeeeeeeeeeeeeeabcccccccccccccccccccccabccccccccccccccccccccc
eeeeeeeeeeeeeeeeeeeeeeeeeeee
abccccccccccccccccccccc
eeeeeeeeeeeeeeeeeeeeeeeeeeee
abccccccccccccccccccccc
eeeeeeeeeeeeeeeeeeeeeeeeeeeeabccccccccccccccccccccc
eeeeeeeeeeeeeeeeeeeeeeeeeeeeabccccccccccccccccccccc
eeeeeeeeeeeeeeeeeeeeeeeeeeeeabccccccccccccccccccccc
eeeeeeeeeeeeeeeeeeeeeeeeeeeeabccccccccccccccccccccc
eeeeeeeeeeeeeeeeeeeeeeeeeeeeabccccccccccccccccccccc
eeeeeeeeeeeeeeeeeeeeeeeeeeeeabccccccccccccccccccccc
eeeeeeeeeeeeeeeeeeeeeeeeeeeeabccccccccccccccccccccc
eeeeeeeeeeeeeeeeeeeeeeeeeeeeabccccccccccccccccccccc
eeeeeeeeeeeeeeeeeeeeeeeeeeeeabccccccccccccccccccccc
eeeeeeeeeeeeeeeeeeeeeeeeeeeeabccccccccccccccccccccc
eeeeeeeeeeeeeeeeeeeeeeeeeeeeabccccccccccccccccccccc
eeeeeeeeeeeeeeeeeeeeeeeeeeeeabcccccccccccccccccccccabccccccccccccccccccccc
eeeeeeeeeeeeeeeeeeeeeeeeeeee
abccccccccccccccccccccc
eeeeeeeeeeeeeeeeeeeeeeeeeeee
abccccccccccccccccccccc
eeeeeeeeeeeeeeeeeeeeeeeeeeeeabccccccccccccccccccccc
eeeeeeeeeeeeeeeeeeeeeeeeeeeeabccccccccccccccccccccc
eeeeeeeeeeeeeeeeeeeeeeeeeeeeabccccccccccccccccccccc
eeeeeeeeeeeeeeeeeeeeeeeeeeeeabccccccccccccccccccccc
eeeeeeeeeeeeeeeeeeeeeeeeeeeeabccccccccccccccccccccc
eeeeeeeeeeeeeeeeeeeeeeeeeeeeabccccccccccccccccccccc
eeeeeeeeeeeeeeeeeeeeeeeeeeeeabccccccccccccccccccccc
eeeeeeeeeeeeeeeeeeeeeeeeeeeeabccccccccccccccccccccc
eeeeeeeeeeeeeeeeeeeeeeeeeeeeabccccccccccccccccccccc
eeeeeeeeeeeeeeeeeeeeeeeeeeeeabccccccccccccccccccccc
eeeeeeeeeeeeeeeeeeeeeeeeeeeeabccccccccccccccccccccc
eeeeeeeeeeeeeeeeeeeeeeeeeeeeabcccccccccccccccccccccabccccccccccccccccccccc
eeeeeeeeeeeeeeeeeeeeeeeeeeee
abccccccccccccccccccccc
eeeeeeeeeeeeeeeeeeeeeeeeeeee
abccccccccccccccccccccc
eeeeeeeeeeeeeeeeeeeeeeeeeeeeabccccccccccccccccccccc
eeeeeeeeeeeeeeeeeeeeeeeeeeeeabccccccccccccccccccccc
eeeeeeeeeeeeeeeeeeeeeeeeeeeeabccccccccccccccccccccc
eeeeeeeeeeeeeeeeeeeeeeeeeeeeabccccccccccccccccccccc
eeeeeeeeeeeeeeeeeeeeeeeeeeeeabccccccccccccccccccccc
eeeeeeeeeeeeeeeeeeeeeeeeeeeeabccccccccccccccccccccc
eeeeeeeeeeeeeeeeeeeeeeeeeeeeabccccccccccccccccccccc
eeeeeeeeeeeeeeeeeeeeeeeeeeeeabccccccccccccccccccccc
eeeeeeeeeeeeeeeeeeeeeeeeeeeeabccccccccccccccccccccc
eeeeeeeeeeeeeeeeeeeeeeeeeeeeabccccccccccccccccccccc
eeeeeeeeeeeeeeeeeeeeeeeeeeeeabccccccccccccccccccccc
eeeeeeeeeeeeeeeeeeeeeeeeeeeeabcccccccccccccccccccccabccccccccccccccccccccc
eeeeeeeeeeeeeeeeeeeeeeeeeeee
abccccccccccccccccccccc
eeeeeeeeeeeeeeeeeeeeeeeeeeee
abccccccccccccccccccccc
eeeeeeeeeeeeeeeeeeeeeeeeeeeeabccccccccccccccccccccc
eeeeeeeeeeeeeeeeeeeeeeeeeeeeabccccccccccccccccccccc
eeeeeeeeeeeeeeeeeeeeeeeeeeeeabccccccccccccccccccccc
eeeeeeeeeeeeeeeeeeeeeeeeeeeeabccccccccccccccccccccc
eeeeeeeeeeeeeeeeeeeeeeeeeeeeabccccccccccccccccccccc
eeeeeeeeeeeeeeeeeeeeeeeeeeeeabccccccccccccccccccccc
eeeeeeeeeeeeeeeeeeeeeeeeeeeeabccccccccccccccccccccc
eeeeeeeeeeeeeeeeeeeeeeeeeeeeabccccccccccccccccccccc
eeeeeeeeeeeeeeeeeeeeeeeeeeeeabccccccccccccccccccccc
eeeeeeeeeeeeeeeeeeeeeeeeeeeeabccccccccccccccccccccc
eeeeeeeeeeeeeeeeeeeeeeeeeeeeabccccccccccccccccccccc
eeeeeeeeeeeeeeeeeeeeeeeeeeeeabcccccccccccccccccccccabccccccccccccccccccccc
eeeeeeeeeeeeeeeeeeeeeeeeeeee
abccccccccccccccccccccc
eeeeeeeeeeeeeeeeeeeeeeeeeeee
abccccccccccccccccccccc
eeeeeeeeeeeeeeeeeeeeeeeeeeeeabccccccccccccccccccccc
eeeeeeeeeeeeeeeeeeeeeeeeeeeeabccccccccccccccccccccc
eeeeeeeeeeeeeeeeeeeeeeeeeeeeabccccccccccccccccccccc
eeeeeeeeeeeeeeeeeeeeeeeeeeeeabccccccccccccccccccccc
eeeeeeeeeeeeeeeeeeeeeeeeeeeeabccccccccccccccccccccc
eeeeeeeeeeeeeeeeeeeeeeeeeeeeabccccccccccccccccccccc
eeeeeeeeeeeeeeeeeeeeeeeeeeeeabccccccccccccccccccccc
eeeeeeeeeeeeeeeeeeeeeeeeeeeeabccccccccccccccccccccc
eeeeeeeeeeeeeeeeeeeeeeeeeeeeabccccccccccccccccccccc
eeeeeeeeeeeeeeeeeeeeeeeeeeeeabccccccccccccccccccccc
eeeeeeeeeeeeeeeeeeeeeeeeeeeeabccccccccccccccccccccc
eeeeeeeeeeeeeeeeeeeeeeeeeeeeabcccccccccccccccccccccabccccccccccccccccccccc
eeeeeeeeeeeeeeeeeeeeeeeeeeee
abccccccccccccccccccccc
eeeeeeeeeeeeeeeeeeeeeeeeeeee
abccccccccccccccccccccc
eeeeeeeeeeeeeeeeeeeeeeeeeeeeabccccccccccccccccccccc
eeeeeeeeeeeeeeeeeeeeeeeeeeeeabccccccccccccccccccccc
eeeeeeeeeeeeeeeeeeeeeeeeeeeeabccccccccccccccccccccc
eeeeeeeeeeeeeeeeeeeeeeeeeeeeabccccccccccccccccccccc
eeeeeeeeeeeeeeeeeeeeeeeeeeeeabccccccccccccccccccccc
eeeeeeeeeeeeeeeeeeeeeeeeeeeeabccccccccccccccccccccc
eeeeeeeeeeeeeeeeeeeeeeeeeeeeabccccccccccccccccccccc
eeeeeeeeeeeeeeeeeeeeeeeeeeeeabccccccccccccccccccccc
eeeeeeeeeeeeeeeeeeeeeeeeeeeeabccccccccccccccccccccc
eeeeeeeeeeeeeeeeeeeeeeeeeeeeabccccccccccccccccccccc
eeeeeeeeeeeeeeeeeeeeeeeeeeeeabccccccccccccccccccccc
eeeeeeeeeeeeeeeeeeeeeeeeeeeeabcccccccccccccccccccccabccccccccccccccccccccc
eeeeeeeeeeeeeeeeeeeeeeeeeeee
abccccccccccccccccccccc
eeeeeeeeeeeeeeeeeeeeeeeeeeee
abccccccccccccccccccccc
eeeeeeeeeeeeeeeeeeeeeeeeeeeeabccccccccccccccccccccc
eeeeeeeeeeeeeeeeeeeeeeeeeeeeabccccccccccccccccccccc
eeeeeeeeeeeeeeeeeeeeeeeeeeeeabccccccccccccccccccccc
eeeeeeeeeeeeeeeeeeeeeeeeeeeeabccccccccccccccccccccc
eeeeeeeeeeeeeeeeeeeeeeeeeeeeabccccccccccccccccccccc
eeeeeeeeeeeeeeeeeeeeeeeeeeeeabccccccccccccccccccccc
eeeeeeeeeeeeeeeeeeeeeeeeeeeeabccccccccccccccccccccc
eeeeeeeeeeeeeeeeeeeeeeeeeeeeabccccccccccccccccccccc
eeeeeeeeeeeeeeeeeeeeeeeeeeeeabccccccccccccccccccccc
eeeeeeeeeeeeeeeeeeeeeeeeeeeeabccccccccccccccccccccc
eeeeeeeeeeeeeeeeeeeeeeeeeeeeabccccccccccccccccccccc
eeeeeeeeeeeeeeeeeeeeeeeeeeeeabcccccccccccccccccccccabccccccccccccccccccccc
eeeeeeeeeeeeeeeeeeeeeeeeeeee
abccccccccccccccccccccc
eeeeeeeeeeeeeeeeeeeeeeeeeeee
abccccccccccccccccccccc
eeeeeeeeeeeeeeeeeeeeeeeeeeeeabccccccccccccccccccccc
eeeeeeeeeeeeeeeeeeeeeeeeeeeeabccccccccccccccccccccc
eeeeeeeeeeeeeeeeeeeeeeeeeeeeabccccccccccccccccccccc
eeeeeeeeeeeeeeeeeeeeeeeeeeeeabccccccccccccccccccccc
eeeeeeeeeeeeeeeeeeeeeeeeeeeeabccccccccccccccccccccc
eeeeeeeeeeeeeeeeeeeeeeeeeeeeabccccccccccccccccccccc
eeeeeeeeeeeeeeeeeeeeeeeeeeeeabccccccccccccccccccccc
eeeeeeeeeeeeeeeeeeeeeeeeeeeeabccccccccccccccccccccc
eeeeeeeeeeeeeeeeeeeeeeeeeeeeabccccccccccccccccccccc
eeeeeeeeeeeeeeeeeeeeeeeeeeeeabccccccccccccccccccccc
eeeeeeeeeeeeeeeeeeeeeeeeeeeeabccccccccccccccccccccc
eeeeeeeeeeeeeeeeeeeeeeeeeeeeabcccccccccccccccccccccabccccccccccccccccccccc
eeeeeeeeeeeeeeeeeeeeeeeeeeee
abccccccccccccccccccccc
eeeeeeeeeeeeeeeeeeeeeeeeeeee
abccccccccccccccccccccc
eeeeeeeeeeeeeeeeeeeeeeeeeeeeabccccccccccccccccccccc
eeeeeeeeeeeeeeeeeeeeeeeeeeeeabccccccccccccccccccccc
eeeeeeeeeeeeeeeeeeeeeeeeeeeeabccccccccccccccccccccc
eeeeeeeeeeeeeeeeeeeeeeeeeeeeabccccccccccccccccccccc
eeeeeeeeeeeeeeeeeeeeeeeeeeeeabccccccccccccccccccccc
eeeeeeeeeeeeeeeeeeeeeeeeeeeeabccccccccccccccccccccc
eeeeeeeeeeeeeeeeeeeeeeeeeeeeabccccccccccccccccccccc
eeeeeeeeeeeeeeeeeeeeeeeeeeeeabccccccccccccccccccccc
eeeeeeeeeeeeeeeeeeeeeeeeeeeeabccccccccccccccccccccc
eeeeeeeeeeeeeeeeeeeeeeeeeeeeabccccccccccccccccccccc
eeeeeeeeeeeeeeeeeeeeeeeeeeeeabccccccccccccccccccccc
eeeeeeeeeeeeeeeeeeeeeeeeeeeeabcccccccccccccccccccccabccccccccccccccccccccc
eeeeeeeeeeeeeeeeeeeeeeeeeeee
abccccccccccccccccccccc
eeeeeeeeeeeeeeeeeeeeeeeeeeee
abccccccccccccccccccccc
eeeeeeeeeeeeeeeeeeeeeeeeeeeeabccccccccccccccccccccc
eeeeeeeeeeeeeeeeeeeeeeeeeeeeabccccccccccccccccccccc
eeeeeeeeeeeeeeeeeeeeeeeeeeeeabccccccccccccccccccccc
eeeeeeeeeeeeeeeeeeeeeeeeeeeeabccccccccccccccccccccc
eeeeeeeeeeeeeeeeeeeeeeeeeeeeabccccccccccccccccccccc
eeeeeeeeeeeeeeeeeeeeeeeeeeeeabccccccccccccccccccccc
eeeeeeeeeeeeeeeeeeeeeeeeeeeeabccccccccccccccccccccc
eeeeeeeeeeeeeeeeeeeeeeeeeeeeabccccccccccccccccccccc
eeeeeeeeeeeeeeeeeeeeeeeeeeeeabccccccccccccccccccccc
eeeeeeeeeeeeeeeeeeeeeeeeeeeeabccccccccccccccccccccc
eeeeeeeeeeeeeeeeeeeeeeeeeeeeabccccccccccccccccccccc
eeeeeeeeeeeeeeeeeeeeeeeeeeeeabcccccccccccccccccccccabccccccccccccccccccccc
eeeeeeeeeeeeeeeeeeeeeeeeeeee
abccccccccccccccccccccc
eeeeeeeeeeeeeeeeeeeeeeeeeeee
abccccccccccccccccccccc
eeeeeeeeeeeeeeeeeeeeeeeeeeeeabccccccccccccccccccccc
eeeeeeeeeeeeeeeeeeeeeeeeeeeeabccccccccccccccccccccc
eeeeeeeeeeeeeeeeeeeeeeeeeeeeabccccccccccccccccccccc
eeeeeeeeeeeeeeeeeeeeeeeeeeeeabccccccccccccccccccccc
eeeeeeeeeeeeeeeeeeeeeeeeeeeeabccccccccccccccccccccc
eeeeeeeeeeeeeeeeeeeeeeeeeeeeabccccccccccccccccccccc
eeeeeeeeeeeeeeeeeeeeeeeeeeeeabccccccccccccccccccccc
eeeeeeeeeeeeeeeeeeeeeeeeeeeeabccccccccccccccccccccc
eeeeeeeeeeeeeeeeeeeeeeeeeeeeabccccccccccccccccccccc
eeeeeeeeeeeeeeeeeeeeeeeeeeeeabccccccccccccccccccccc
eeeeeeeeeeeeeeeeeeeeeeeeeeeeabccccccccccccccccccccc
eeeeeeeeeeeeeeeeeeeeeeeeeeeeabcccccccccccccccccccccabccccccccccccccccccccc
eeeeeeeeeeeeeeeeeeeeeeeeeeee
abccccccccccccccccccccc
eeeeeeeeeeeeeeeeeeeeeeeeeeee
abccccccccccccccccccccc
eeeeeeeeeeeeeeeeeeeeeeeeeeeeabccccccccccccccccccccc
eeeeeeeeeeeeeeeeeeeeeeeeeeeeabccccccccccccccccccccc
eeeeeeeeeeeeeeeeeeeeeeeeeeeeabccccccccccccccccccccc
eeeeeeeeeeeeeeeeeeeeeeeeeeeeabccccccccccccccccccccc
eeeeeeeeeeeeeeeeeeeeeeeeeeeeabccccccccccccccccccccc
eeeeeeeeeeeeeeeeeeeeeeeeeeeeabccccccccccccccccccccc
eeeeeeeeeeeeeeeeeeeeeeeeeeeeabccccccccccccccccccccc
eeeeeeeeeeeeeeeeeeeeeeeeeeeeabccccccccccccccccccccc
eeeeeeeeeeeeeeeeeeeeeeeeeeeeabccccccccccccccccccccc
eeeeeeeeeeeeeeeeeeeeeeeeeeeeabccccccccccccccccccccc
eeeeeeeeeeeeeeeeeeeeeeeeeeeeabccccccccccccccccccccc
eeeeeeeeeeeeeeeeeeeeeeeeeeeeabcccccccccccccccccccccabccccccccccccccccccccc
eeeeeeeeeeeeeeeeeeeeeeeeeeee
abccccccccccccccccccccc
eeeeeeeeeeeeeeeeeeeeeeeeeeee
abccccccccccccccccccccc
eeeeeeeeeeeeeeeeeeeeeeeeeeeeabccccccccccccccccccccc
eeeeeeeeeeeeeeeeeeeeeeeeeeeeabccccccccccccccccccccc
eeeeeeeeeeeeeeeeeeeeeeeeeeeeabccccccccccccccccccccc
eeeeeeeeeeeeeeeeeeeeeeeeeeeeabccccccccccccccccccccc
eeeeeeeeeeeeeeeeeeeeeeeeeeeeabccccccccccccccccccccc
eeeeeeeeeeeeeeeeeeeeeeeeeeeeabccccccccccccccccccccc
eeeeeeeeeeeeeeeeeeeeeeeeeeeeabccccccccccccccccccccc
eeeeeeeeeeeeeeeeeeeeeeeeeeeeabccccccccccccccccccccc
eeeeeeeeeeeeeeeeeeeeeeeeeeeeabccccccccccccccccccccc
eeeeeeeeeeeeeeeeeeeeeeeeeeeeabccccccccccccccccccccc
eeeeeeeeeeeeeeeeeeeeeeeeeeeeabccccccccccccccccccccc
eeeeeeeeeeeeeeeeeeeeeeeeeeeeabcccccccccccccccccccccabccccccccccccccccccccc
eeeeeeeeeeeeeeeeeeeeeeeeeeee
abccccccccccccccccccccc
eeeeeeeeeeeeeeeeeeeeeeeeeeee
abccccccccccccccccccccc
eeeeeeeeeeeeeeeeeeeeeeeeeeeeabccccccccccccccccccccc
eeeeeeeeeeeeeeeeeeeeeeeeeeeeabccccccccccccccccccccc
eeeeeeeeeeeeeeeeeeeeeeeeeeeeabccccccccccccccccccccc
eeeeeeeeeeeeeeeeeeeeeeeeeeeeabccccccccccccccccccccc
eeeeeeeeeeeeeeeeeeeeeeeeeeeeabccccccccccccccccccccc
eeeeeeeeeeeeeeeeeeeeeeeeeeeeabccccccccccccccccccccc
eeeeeeeeeeeeeeeeeeeeeeeeeeeeabccccccccccccccccccccc
eeeeeeeeeeeeeeeeeeeeeeeeeeeeabccccccccccccccccccccc
eeeeeeeeeeeeeeeeeeeeeeeeeeeeabccccccccccccccccccccc
eeeeeeeeeeeeeeeeeeeeeeeeeeeeabccccccccccccccccccccc
eeeeeeeeeeeeeeeeeeeeeeeeeeeeabccccccccccccccccccccc
eeeeeeeeeeeeeeeeeeeeeeeeeeeeabcccccccccccccccccccccabccccccccccccccccccccc
eeeeeeeeeeeeeeeeeeeeeeeeeeee
abccccccccccccccccccccc
eeeeeeeeeeeeeeeeeeeeeeeeeeee
abccccccccccccccccccccc
eeeeeeeeeeeeeeeeeeeeeeeeeeeeabccccccccccccccccccccc
eeeeeeeeeeeeeeeeeeeeeeeeeeeeabccccccccccccccccccccc
eeeeeeeeeeeeeeeeeeeeeeeeeeeeabccccccccccccccccccccc
eeeeeeeeeeeeeeeeeeeeeeeeeeeeabccccccccccccccccccccc
eeeeeeeeeeeeeeeeeeeeeeeeeeeeabccccccccccccccccccccc
eeeeeeeeeeeeeeeeeeeeeeeeeeeeabccccccccccccccccccccc
eeeeeeeeeeeeeeeeeeeeeeeeeeeeabccccccccccccccccccccc
eeeeeeeeeeeeeeeeeeeeeeeeeeeeabccccccccccccccccccccc
eeeeeeeeeeeeeeeeeeeeeeeeeeeeabccccccccccccccccccccc
eeeeeeeeeeeeeeeeeeeeeeeeeeeeabccccccccccccccccccccc
eeeeeeeeeeeeeeeeeeeeeeeeeeeeabccccccccccccccccccccc
eeeeeeeeeeeeeeeeeeeeeeeeeeeeabcccccccccccccccccccccabccccccccccccccccccccc
eeeeeeeeeeeeeeeeeeeeeeeeeeee
abccccccccccccccccccccc
eeeeeeeeeeeeeeeeeeeeeeeeeeee
abccccccccccccccccccccc
eeeeeeeeeeeeeeeeeeeeeeeeeeeeabccccccccccccccccccccc
eeeeeeeeeeeeeeeeeeeeeeeeeeeeabccccccccccccccccccccc
eeeeeeeeeeeeeeeeeeeeeeeeeeeeabccccccccccccccccccccc
eeeeeeeeeeeeeeeeeeeeeeeeeeeeabccccccccccccccccccccc
eeeeeeeeeeeeeeeeeeeeeeeeeeeeabccccccccccccccccccccc
eeeeeeeeeeeeeeeeeeeeeeeeeeeeabccccccccccccccccccccc
eeeeeeeeeeeeeeeeeeeeeeeeeeeeabccccccccccccccccccccc
eeeeeeeeeeeeeeeeeeeeeeeeeeeeabccccccccccccccccccccc
eeeeeeeeeeeeeeeeeeeeeeeeeeeeabccccccccccccccccccccc
eeeeeeeeeeeeeeeeeeeeeeeeeeeeabccccccccccccccccccccc
eeeeeeeeeeeeeeeeeeeeeeeeeeeeabccccccccccccccccccccc
eeeeeeeeeeeeeeeeeeeeeeeeeeeeabcccccccccccccccccccccabccccccccccccccccccccc
eeeeeeeeeeeeeeeeeeeeeeeeeeee
abccccccccccccccccccccc
eeeeeeeeeeeeeeeeeeeeeeeeeeee
abccccccccccccccccccccc
eeeeeeeeeeeeeeeeeeeeeeeeeeeeabccccccccccccccccccccc
eeeeeeeeeeeeeeeeeeeeeeeeeeeeabccccccccccccccccccccc
eeeeeeeeeeeeeeeeeeeeeeeeeeeeabccccccccccccccccccccc
eeeeeeeeeeeeeeeeeeeeeeeeeeeeabccccccccccccccccccccc
eeeeeeeeeeeeeeeeeeeeeeeeeeeeabccccccccccccccccccccc
eeeeeeeeeeeeeeeeeeeeeeeeeeeeabccccccccccccccccccccc
eeeeeeeeeeeeeeeeeeeeeeeeeeeeabccccccccccccccccccccc
eeeeeeeeeeeeeeeeeeeeeeeeeeeeabccccccccccccccccccccc
eeeeeeeeeeeeeeeeeeeeeeeeeeeeabccccccccccccccccccccc
eeeeeeeeeeeeeeeeeeeeeeeeeeeeabccccccccccccccccccccc
eeeeeeeeeeeeeeeeeeeeeeeeeeeeabccccccccccccccccccccc
eeeeeeeeeeeeeeeeeeeeeeeeeeeeabcccccccccccccccccccccabccccccccccccccccccccc
eeeeeeeeeeeeeeeeeeeeeeeeeeee
abccccccccccccccccccccc
eeeeeeeeeeeeeeeeeeeeeeeeeeee
abccccccccccccccccccccc
eeeeeeeeeeeeeeeeeeeeeeeeeeeeabccccccccccccccccccccc
eeeeeeeeeeeeeeeeeeeeeeeeeeeeabccccccccccccccccccccc
eeeeeeeeeeeeeeeeeeeeeeeeeeeeabccccccccccccccccccccc
eeeeeeeeeeeeeeeeeeeeeeeeeeeeabccccccccccccccccccccc
eeeeeeeeeeeeeeeeeeeeeeeeeeeeabccccccccccccccccccccc
eeeeeeeeeeeeeeeeeeeeeeeeeeeeabccccccccccccccccccccc
eeeeeeeeeeeeeeeeeeeeeeeeeeeeabccccccccccccccccccccc
eeeeeeeeeeeeeeeeeeeeeeeeeeeeabccccccccccccccccccccc
eeeeeeeeeeeeeeeeeeeeeeeeeeeeabccccccccccccccccccccc
eeeeeeeeeeeeeeeeeeeeeeeeeeeeabccccccccccccccccccccc
eeeeeeeeeeeeeeeeeeeeeeeeeeeeabccccccccccccccccccccc
eeeeeeeeeeeeeeeeeeeeeeeeeeeeabcccccccccccccccccccccabccccccccccccccccccccc
eeeeeeeeeeeeeeeeeeeeeeeeeeee
abccccccccccccccccccccc
eeeeeeeeeeeeeeeeeeeeeeeeeeee
abccccccccccccccccccccc
eeeeeeeeeeeeeeeeeeeeeeeeeeeeabccccccccccccccccccccc
eeeeeeeeeeeeeeeeeeeeeeeeeeeeabccccccccccccccccccccc
eeeeeeeeeeeeeeeeeeeeeeeeeeeeabccccccccccccccccccccc
eeeeeeeeeeeeeeeeeeeeeeeeeeeeabccccccccccccccccccccc
eeeeeeeeeeeeeeeeeeeeeeeeeeeeabccccccccccccccccccccc
eeeeeeeeeeeeeeeeeeeeeeeeeeeeabccccccccccccccccccccc
eeeeeeeeeeeeeeeeeeeeeeeeeeeeabccccccccccccccccccccc
eeeeeeeeeeeeeeeeeeeeeeeeeeeeabccccccccccccccccccccc
eeeeeeeeeeeeeeeeeeeeeeeeeeeeabccccccccccccccccccccc
eeeeeeeeeeeeeeeeeeeeeeeeeeeeabccccccccccccccccccccc
eeeeeeeeeeeeeeeeeeeeeeeeeeeeabccccccccccccccccccccc
eeeeeeeeeeeeeeeeeeeeeeeeeeeeabcccccccccccccccccccccabccccccccccccccccccccc
eeeeeeeeeeeeeeeeeeeeeeeeeeee
abccccccccccccccccccccc
eeeeeeeeeeeeeeeeeeeeeeeeeeee
abccccccccccccccccccccc
eeeeeeeeeeeeeeeeeeeeeeeeeeeeabccccccccccccccccccccc
eeeeeeeeeeeeeeeeeeeeeeeeeeeeabccccccccccccccccccccc
eeeeeeeeeeeeeeeeeeeeeeeeeeeeabccccccccccccccccccccc
eeeeeeeeeeeeeeeeeeeeeeeeeeeeabccccccccccccccccccccc
eeeeeeeeeeeeeeeeeeeeeeeeeeeeabccccccccccccccccccccc
eeeeeeeeeeeeeeeeeeeeeeeeeeeeabccccccccccccccccccccc
eeeeeeeeeeeeeeeeeeeeeeeeeeeeabccccccccccccccccccccc
eeeeeeeeeeeeeeeeeeeeeeeeeeeeabccccccccccccccccccccc
eeeeeeeeeeeeeeeeeeeeeeeeeeeeabccccccccccccccccccccc
eeeeeeeeeeeeeeeeeeeeeeeeeeeeabccccccccccccccccccccc
eeeeeeeeeeeeeeeeeeeeeeeeeeeeabccccccccccccccccccccc
eeeeeeeeeeeeeeeeeeeeeeeeeeeeabcccccccccccccccccccccabccccccccccccccccccccc
eeeeeeeeeeeeeeeeeeeeeeeeeeee
abccccccccccccccccccccc
eeeeeeeeeeeeeeeeeeeeeeeeeeee
abccccccccccccccccccccc
eeeeeeeeeeeeeeeeeeeeeeeeeeeeabccccccccccccccccccccc
eeeeeeeeeeeeeeeeeeeeeeeeeeeeabccccccccccccccccccccc
eeeeeeeeeeeeeeeeeeeeeeeeeeeeabccccccccccccccccccccc
eeeeeeeeeeeeeeeeeeeeeeeeeeeeabccccccccccccccccccccc
eeeeeeeeeeeeeeeeeeeeeeeeeeeeabccccccccccccccccccccc
eeeeeeeeeeeeeeeeeeeeeeeeeeeeabccccccccccccccccccccc
eeeeeeeeeeeeeeeeeeeeeeeeeeeeabccccccccccccccccccccc
eeeeeeeeeeeeeeeeeeeeeeeeeeeeabccccccccccccccccccccc
eeeeeeeeeeeeeeeeeeeeeeeeeeeeabccccccccccccccccccccc
eeeeeeeeeeeeeeeeeeeeeeeeeeeeabccccccccccccccccccccc
eeeeeeeeeeeeeeeeeeeeeeeeeeeeabccccccccccccccccccccc
eeeeeeeeeeeeeeeeeeeeeeeeeeeeabcccccccccccccccccccccabccccccccccccccccccccc
eeeeeeeeeeeeeeeeeeeeeeeeeeee
abccccccccccccccccccccc
eeeeeeeeeeeeeeeeeeeeeeeeeeee
abccccccccccccccccccccc
eeeeeeeeeeeeeeeeeeeeeeeeeeeeabccccccccccccccccccccc
eeeeeeeeeeeeeeeeeeeeeeeeeeeeabccccccccccccccccccccc
eeeeeeeeeeeeeeeeeeeeeeeeeeeeabccccccccccccccccccccc
eeeeeeeeeeeeeeeeeeeeeeeeeeeeabccccccccccccccccccccc
eeeeeeeeeeeeeeeeeeeeeeeeeeeeabccccccccccccccccccccc
eeeeeeeeeeeeeeeeeeeeeeeeeeeeabccccccccccccccccccccc
eeeeeeeeeeeeeeeeeeeeeeeeeeeeabccccccccccccccccccccc
eeeeeeeeeeeeeeeeeeeeeeeeeeeeabccccccccccccccccccccc
eeeeeeeeeeeeeeeeeeeeeeeeeeeeabccccccccccccccccccccc
eeeeeeeeeeeeeeeeeeeeeeeeeeeeabccccccccccccccccccccc
eeeeeeeeeeeeeeeeeeeeeeeeeeeeabccccccccccccccccccccc
eeeeeeeeeeeeeeeeeeeeeeeeeeeeabcccccccccccccccccccccabccccccccccccccccccccc
eeeeeeeeeeeeeeeeeeeeeeeeeeee
abccccccccccccccccccccc
eeeeeeeeeeeeeeeeeeeeeeeeeeee
abccccccccccccccccccccc
eeeeeeeeeeeeeeeeeeeeeeeeeeeeabccccccccccccccccccccc
eeeeeeeeeeeeeeeeeeeeeeeeeeeeabccccccccccccccccccccc
eeeeeeeeeeeeeeeeeeeeeeeeeeeeabccccccccccccccccccccc
eeeeeeeeeeeeeeeeeeeeeeeeeeeeabccccccccccccccccccccc
eeeeeeeeeeeeeeeeeeeeeeeeeeeeabccccccccccccccccccccc
eeeeeeeeeeeeeeeeeeeeeeeeeeeeabccccccccccccccccccccc
eeeeeeeeeeeeeeeeeeeeeeeeeeeeabccccccccccccccccccccc
eeeeeeeeeeeeeeeeeeeeeeeeeeeeabccccccccccccccccccccc
eeeeeeeeeeeeeeeeeeeeeeeeeeeeabccccccccccccccccccccc
eeeeeeeeeeeeeeeeeeeeeeeeeeeeabccccccccccccccccccccc
eeeeeeeeeeeeeeeeeeeeeeeeeeeeabccccccccccccccccccccc
eeeeeeeeeeeeeeeeeeeeeeeeeeeeabcccccccccccccccccccccabccccccccccccccccccccc
eeeeeeeeeeeeeeeeeeeeeeeeeeee
abccccccccccccccccccccc
eeeeeeeeeeeeeeeeeeeeeeeeeeee
abccccccccccccccccccccc
eeeeeeeeeeeeeeeeeeeeeeeeeeeeabccccccccccccccccccccc
eeeeeeeeeeeeeeeeeeeeeeeeeeeeabccccccccccccccccccccc
eeeeeeeeeeeeeeeeeeeeeeeeeeeeabccccccccccccccccccccc
eeeeeeeeeeeeeeeeeeeeeeeeeeeeabccccccccccccccccccccc
eeeeeeeeeeeeeeeeeeeeeeeeeeeeabccccccccccccccccccccc
eeeeeeeeeeeeeeeeeeeeeeeeeeeeabccccccccccccccccccccc
eeeeeeeeeeeeeeeeeeeeeeeeeeeeabccccccccccccccccccccc
eeeeeeeeeeeeeeeeeeeeeeeeeeeeabccccccccccccccccccccc
eeeeeeeeeeeeeeeeeeeeeeeeeeeeabccccccccccccccccccccc
eeeeeeeeeeeeeeeeeeeeeeeeeeeeabccccccccccccccccccccc
eeeeeeeeeeeeeeeeeeeeeeeeeeeeabccccccccccccccccccccc
eeeeeeeeeeeeeeeeeeeeeeeeeeeeabcccccccccccccccccccccabccccccccccccccccccccc
eeeeeeeeeeeeeeeeeeeeeeeeeeee
abccccccccccccccccccccc
eeeeeeeeeeeeeeeeeeeeeeeeeeee
abccccccccccccccccccccc
eeeeeeeeeeeeeeeeeeeeeeeeeeeeabccccccccccccccccccccc
eeeeeeeeeeeeeeeeeeeeeeeeeeeeabccccccccccccccccccccc
eeeeeeeeeeeeeeeeeeeeeeeeeeeeabccccccccccccccccccccc
eeeeeeeeeeeeeeeeeeeeeeeeeeeeabccccccccccccccccccccc
eeeeeeeeeeeeeeeeeeeeeeeeeeeeabccccccccccccccccccccc
eeeeeeeeeeeeeeeeeeeeeeeeeeeeabccccccccccccccccccccc
eeeeeeeeeeeeeeeeeeeeeeeeeeeeabccccccccccccccccccccc
eeeeeeeeeeeeeeeeeeeeeeeeeeeeabccccccccccccccccccccc
eeeeeeeeeeeeeeeeeeeeeeeeeeeeabccccccccccccccccccccc
eeeeeeeeeeeeeeeeeeeeeeeeeeeeabccccccccccccccccccccc
eeeeeeeeeeeeeeeeeeeeeeeeeeeeabccccccccccccccccccccc
eeeeeeeeeeeeeeeeeeeeeeeeeeeeabcccccccccccccccccccccabccccccccccccccccccccc
eeeeeeeeeeeeeeeeeeeeeeeeeeee
abccccccccccccccccccccc
eeeeeeeeeeeeeeeeeeeeeeeeeeee
abccccccccccccccccccccc
eeeeeeeeeeeeeeeeeeeeeeeeeeeeabccccccccccccccccccccc
eeeeeeeeeeeeeeeeeeeeeeeeeeeeabccccccccccccccccccccc
eeeeeeeeeeeeeeeeeeeeeeeeeeeeabccccccccccccccccccccc
eeeeeeeeeeeeeeeeeeeeeeeeeeeeabccccccccccccccccccccc
eeeeeeeeeeeeeeeeeeeeeeeeeeeeabccccccccccccccccccccc
eeeeeeeeeeeeeeeeeeeeeeeeeeeeabccccccccccccccccccccc
eeeeeeeeeeeeeeeeeeeeeeeeeeeeabccccccccccccccccccccc
eeeeeeeeeeeeeeeeeeeeeeeeeeeeabccccccccccccccccccccc
eeeeeeeeeeeeeeeeeeeeeeeeeeeeabccccccccccccccccccccc
eeeeeeeeeeeeeeeeeeeeeeeeeeeeabccccccccccccccccccccc
eeeeeeeeeeeeeeeeeeeeeeeeeeeeabccccccccccccccccccccc
eeeeeeeeeeeeeeeeeeeeeeeeeeeeabcccccccccccccccccccccabccccccccccccccccccccc
eeeeeeeeeeeeeeeeeeeeeeeeeeee
abccccccccccccccccccccc
eeeeeeeeeeeeeeeeeeeeeeeeeeee
abccccccccccccccccccccc
eeeeeeeeeeeeeeeeeeeeeeeeeeeeabccccccccccccccccccccc
eeeeeeeeeeeeeeeeeeeeeeeeeeeeabccccccccccccccccccccc
eeeeeeeeeeeeeeeeeeeeeeeeeeeeabccccccccccccccccccccc
eeeeeeeeeeeeeeeeeeeeeeeeeeeeabccccccccccccccccccccc
eeeeeeeeeeeeeeeeeeeeeeeeeeeeabccccccccccccccccccccc
eeeeeeeeeeeeeeeeeeeeeeeeeeeeabccccccccccccccccccccc
eeeeeeeeeeeeeeeeeeeeeeeeeeeeabccccccccccccccccccccc
eeeeeeeeeeeeeeeeeeeeeeeeeeeeabccccccccccccccccccccc
eeeeeeeeeeeeeeeeeeeeeeeeeeeeabccccccccccccccccccccc
eeeeeeeeeeeeeeeeeeeeeeeeeeeeabccccccccccccccccccccc
eeeeeeeeeeeeeeeeeeeeeeeeeeeeabccccccccccccccccccccc
eeeeeeeeeeeeeeeeeeeeeeeeeeeeabcccccccccccccccccccccabccccccccccccccccccccc
eeeeeeeeeeeeeeeeeeeeeeeeeeee
abccccccccccccccccccccc
eeeeeeeeeeeeeeeeeeeeeeeeeeee
abccccccccccccccccccccc
eeeeeeeeeeeeeeeeeeeeeeeeeeeeabccccccccccccccccccccc
eeeeeeeeeeeeeeeeeeeeeeeeeeeeabccccccccccccccccccccc
eeeeeeeeeeeeeeeeeeeeeeeeeeeeabccccccccccccccccccccc
eeeeeeeeeeeeeeeeeeeeeeeeeeeeabccccccccccccccccccccc
eeeeeeeeeeeeeeeeeeeeeeeeeeeeabccccccccccccccccccccc
eeeeeeeeeeeeeeeeeeeeeeeeeeeeabccccccccccccccccccccc
eeeeeeeeeeeeeeeeeeeeeeeeeeeeabccccccccccccccccccccc
eeeeeeeeeeeeeeeeeeeeeeeeeeeeabccccccccccccccccccccc
eeeeeeeeeeeeeeeeeeeeeeeeeeeeabccccccccccccccccccccc
eeeeeeeeeeeeeeeeeeeeeeeeeeeeabccccccccccccccccccccc
eeeeeeeeeeeeeeeeeeeeeeeeeeeeabccccccccccccccccccccc
eeeeeeeeeeeeeeeeeeeeeeeeeeeeabcccccccccccccccccccccabccccccccccccccccccccc
eeeeeeeeeeeeeeeeeeeeeeeeeeee
abccccccccccccccccccccc
eeeeeeeeeeeeeeeeeeeeeeeeeeee
abccccccccccccccccccccc
eeeeeeeeeeeeeeeeeeeeeeeeeeeeabccccccccccccccccccccc
eeeeeeeeeeeeeeeeeeeeeeeeeeeeabccccccccccccccccccccc
eeeeeeeeeeeeeeeeeeeeeeeeeeeeabccccccccccccccccccccc
eeeeeeeeeeeeeeeeeeeeeeeeeeeeabccccccccccccccccccccc
eeeeeeeeeeeeeeeeeeeeeeeeeeeeabccccccccccccccccccccc
eeeeeeeeeeeeeeeeeeeeeeeeeeeeabccccccccccccccccccccc
eeeeeeeeeeeeeeeeeeeeeeeeeeeeabccccccccccccccccccccc
eeeeeeeeeeeeeeeeeeeeeeeeeeeeabccccccccccccccccccccc
eeeeeeeeeeeeeeeeeeeeeeeeeeeeabccccccccccccccccccccc
eeeeeeeeeeeeeeeeeeeeeeeeeeeeabccccccccccccccccccccc
eeeeeeeeeeeeeeeeeeeeeeeeeeeeabccccccccccccccccccccc
eeeeeeeeeeeeeeeeeeeeeeeeeeeeabcccccccccccccccccccccabccccccccccccccccccccc
eeeeeeeeeeeeeeeeeeeeeeeeeeee
abccccccccccccccccccccc
eeeeeeeeeeeeeeeeeeeeeeeeeeee
abccccccccccccccccccccc
eeeeeeeeeeeeeeeeeeeeeeeeeeeeabccccccccccccccccccccc
eeeeeeeeeeeeeeeeeeeeeeeeeeeeabccccccccccccccccccccc
eeeeeeeeeeeeeeeeeeeeeeeeeeeeabccccccccccccccccccccc
eeeeeeeeeeeeeeeeeeeeeeeeeeeeabccccccccccccccccccccc
eeeeeeeeeeeeeeeeeeeeeeeeeeeeabccccccccccccccccccccc
eeeeeeeeeeeeeeeeeeeeeeeeeeeeabccccccccccccccccccccc
eeeeeeeeeeeeeeeeeeeeeeeeeeeeabccccccccccccccccccccc
eeeeeeeeeeeeeeeeeeeeeeeeeeeeabccccccccccccccccccccc
eeeeeeeeeeeeeeeeeeeeeeeeeeeeabccccccccccccccccccccc
eeeeeeeeeeeeeeeeeeeeeeeeeeeeabccccccccccccccccccccc
eeeeeeeeeeeeeeeeeeeeeeeeeeeeabccccccccccccccccccccc
eeeeeeeeeeeeeeeeeeeeeeeeeeeeabcccccccccccccccccccccabccccccccccccccccccccc
eeeeeeeeeeeeeeeeeeeeeeeeeeee
abccccccccccccccccccccc
eeeeeeeeeeeeeeeeeeeeeeeeeeee
abccccccccccccccccccccc
eeeeeeeeeeeeeeeeeeeeeeeeeeeeabccccccccccccccccccccc
eeeeeeeeeeeeeeeeeeeeeeeeeeeeabccccccccccccccccccccc
eeeeeeeeeeeeeeeeeeeeeeeeeeeeabccccccccccccccccccccc
eeeeeeeeeeeeeeeeeeeeeeeeeeeeabccccccccccccccccccccc
eeeeeeeeeeeeeeeeeeeeeeeeeeeeabccccccccccccccccccccc
eeeeeeeeeeeeeeeeeeeeeeeeeeeeabccccccccccccccccccccc
eeeeeeeeeeeeeeeeeeeeeeeeeeeeabccccccccccccccccccccc
eeeeeeeeeeeeeeeeeeeeeeeeeeeeabccccccccccccccccccccc
eeeeeeeeeeeeeeeeeeeeeeeeeeeeabccccccccccccccccccccc
eeeeeeeeeeeeeeeeeeeeeeeeeeeeabccccccccccccccccccccc
eeeeeeeeeeeeeeeeeeeeeeeeeeeeabccccccccccccccccccccc
eeeeeeeeeeeeeeeeeeeeeeeeeeeeabcccccccccccccccccccccabccccccccccccccccccccc
eeeeeeeeeeeeeeeeeeeeeeeeeeee
abccccccccccccccccccccc
eeeeeeeeeeeeeeeeeeeeeeeeeeee
abccccccccccccccccccccc
eeeeeeeeeeeeeeeeeeeeeeeeeeeeabccccccccccccccccccccc
eeeeeeeeeeeeeeeeeeeeeeeeeeeeabccccccccccccccccccccc
eeeeeeeeeeeeeeeeeeeeeeeeeeeeabccccccccccccccccccccc
eeeeeeeeeeeeeeeeeeeeeeeeeeeeabccccccccccccccccccccc
eeeeeeeeeeeeeeeeeeeeeeeeeeeeabccccccccccccccccccccc
eeeeeeeeeeeeeeeeeeeeeeeeeeeeabccccccccccccccccccccc
eeeeeeeeeeeeeeeeeeeeeeeeeeeeabccccccccccccccccccccc
eeeeeeeeeeeeeeeeeeeeeeeeeeeeabccccccccccccccccccccc
eeeeeeeeeeeeeeeeeeeeeeeeeeeeabccccccccccccccccccccc
eeeeeeeeeeeeeeeeeeeeeeeeeeeeabccccccccccccccccccccc
eeeeeeeeeeeeeeeeeeeeeeeeeeeeabccccccccccccccccccccc
eeeeeeeeeeeeeeeeeeeeeeeeeeeeabcccccccccccccccccccccabccccccccccccccccccccc
eeeeeeeeeeeeeeeeeeeeeeeeeeee
abccccccccccccccccccccc
eeeeeeeeeeeeeeeeeeeeeeeeeeee
abccccccccccccccccccccc
eeeeeeeeeeeeeeeeeeeeeeeeeeeeabccccccccccccccccccccc
eeeeeeeeeeeeeeeeeeeeeeeeeeeeabccccccccccccccccccccc
eeeeeeeeeeeeeeeeeeeeeeeeeeeeabccccccccccccccccccccc
eeeeeeeeeeeeeeeeeeeeeeeeeeeeabccccccccccccccccccccc
eeeeeeeeeeeeeeeeeeeeeeeeeeeeabccccccccccccccccccccc
eeeeeeeeeeeeeeeeeeeeeeeeeeeeabccccccccccccccccccccc
eeeeeeeeeeeeeeeeeeeeeeeeeeeeabccccccccccccccccccccc
eeeeeeeeeeeeeeeeeeeeeeeeeeeeabccccccccccccccccccccc
eeeeeeeeeeeeeeeeeeeeeeeeeeeeabccccccccccccccccccccc
eeeeeeeeeeeeeeeeeeeeeeeeeeeeabccccccccccccccccccccc
eeeeeeeeeeeeeeeeeeeeeeeeeeeeabccccccccccccccccccccc
eeeeeeeeeeeeeeeeeeeeeeeeeeeeabcccccccccccccccccccccabccccccccccccccccccccc
eeeeeeeeeeeeeeeeeeeeeeeeeeee
abccccccccccccccccccccc
eeeeeeeeeeeeeeeeeeeeeeeeeeee
abccccccccccccccccccccc
eeeeeeeeeeeeeeeeeeeeeeeeeeeeabccccccccccccccccccccc
eeeeeeeeeeeeeeeeeeeeeeeeeeeeabccccccccccccccccccccc
eeeeeeeeeeeeeeeeeeeeeeeeeeeeabccccccccccccccccccccc
eeeeeeeeeeeeeeeeeeeeeeeeeeeeabccccccccccccccccccccc
eeeeeeeeeeeeeeeeeeeeeeeeeeeeabccccccccccccccccccccc
eeeeeeeeeeeeeeeeeeeeeeeeeeeeabccccccccccccccccccccc
eeeeeeeeeeeeeeeeeeeeeeeeeeeeabccccccccccccccccccccc
eeeeeeeeeeeeeeeeeeeeeeeeeeeeabccccccccccccccccccccc
eeeeeeeeeeeeeeeeeeeeeeeeeeeeabccccccccccccccccccccc
eeeeeeeeeeeeeeeeeeeeeeeeeeeeabccccccccccccccccccccc
eeeeeeeeeeeeeeeeeeeeeeeeeeeeabccccccccccccccccccccc
eeeeeeeeeeeeeeeeeeeeeeeeeeeeabcccccccccccccccccccccabccccccccccccccccccccc
eeeeeeeeeeeeeeeeeeeeeeeeeeee
abccccccccccccccccccccc
eeeeeeeeeeeeeeeeeeeeeeeeeeee
abccccccccccccccccccccc
eeeeeeeeeeeeeeeeeeeeeeeeeeeeabccccccccccccccccccccc
eeeeeeeeeeeeeeeeeeeeeeeeeeeeabccccccccccccccccccccc
eeeeeeeeeeeeeeeeeeeeeeeeeeeeabccccccccccccccccccccc
eeeeeeeeeeeeeeeeeeeeeeeeeeeeabccccccccccccccccccccc
eeeeeeeeeeeeeeeeeeeeeeeeeeeeabccccccccccccccccccccc
eeeeeeeeeeeeeeeeeeeeeeeeeeeeabccccccccccccccccccccc
eeeeeeeeeeeeeeeeeeeeeeeeeeeeabccccccccccccccccccccc
eeeeeeeeeeeeeeeeeeeeeeeeeeeeabccccccccccccccccccccc
eeeeeeeeeeeeeeeeeeeeeeeeeeeeabccccccccccccccccccccc
eeeeeeeeeeeeeeeeeeeeeeeeeeeeabccccccccccccccccccccc
eeeeeeeeeeeeeeeeeeeeeeeeeeeeabccccccccccccccccccccc
eeeeeeeeeeeeeeeeeeeeeeeeeeeeabcccccccccccccccccccccabccccccccccccccccccccc
eeeeeeeeeeeeeeeeeeeeeeeeeeee
abccccccccccccccccccccc
eeeeeeeeeeeeeeeeeeeeeeeeeeee
abccccccccccccccccccccc
eeeeeeeeeeeeeeeeeeeeeeeeeeeeabccccccccccccccccccccc
eeeeeeeeeeeeeeeeeeeeeeeeeeeeabccccccccccccccccccccc
eeeeeeeeeeeeeeeeeeeeeeeeeeeeabccccccccccccccccccccc
eeeeeeeeeeeeeeeeeeeeeeeeeeeeabccccccccccccccccccccc
eeeeeeeeeeeeeeeeeeeeeeeeeeeeabccccccccccccccccccccc
eeeeeeeeeeeeeeeeeeeeeeeeeeeeabccccccccccccccccccccc
eeeeeeeeeeeeeeeeeeeeeeeeeeeeabccccccccccccccccccccc
eeeeeeeeeeeeeeeeeeeeeeeeeeeeabccccccccccccccccccccc
eeeeeeeeeeeeeeeeeeeeeeeeeeeeabccccccccccccccccccccc
eeeeeeeeeeeeeeeeeeeeeeeeeeeeabccccccccccccccccccccc
eeeeeeeeeeeeeeeeeeeeeeeeeeeeabccccccccccccccccccccc
eeeeeeeeeeeeeeeeeeeeeeeeeeeeabcccccccccccccccccccccabccccccccccccccccccccc
eeeeeeeeeeeeeeeeeeeeeeeeeeee
abccccccccccccccccccccc
eeeeeeeeeeeeeeeeeeeeeeeeeeee
abccccccccccccccccccccc
eeeeeeeeeeeeeeeeeeeeeeeeeeeeabccccccccccccccccccccc
eeeeeeeeeeeeeeeeeeeeeeeeeeeeabccccccccccccccccccccc
eeeeeeeeeeeeeeeeeeeeeeeeeeeeabccccccccccccccccccccc
eeeeeeeeeeeeeeeeeeeeeeeeeeeeabccccccccccccccccccccc
eeeeeeeeeeeeeeeeeeeeeeeeeeeeabccccccccccccccccccccc
eeeeeeeeeeeeeeeeeeeeeeeeeeeeabccccccccccccccccccccc
eeeeeeeeeeeeeeeeeeeeeeeeeeeeabccccccccccccccccccccc
eeeeeeeeeeeeeeeeeeeeeeeeeeeeabccccccccccccccccccccc
eeeeeeeeeeeeeeeeeeeeeeeeeeeeabccccccccccccccccccccc
eeeeeeeeeeeeeeeeeeeeeeeeeeeeabccccccccccccccccccccc
eeeeeeeeeeeeeeeeeeeeeeeeeeeeabccccccccccccccccccccc
eeeeeeeeeeeeeeeeeeeeeeeeeeeeabcccccccccccccccccccccabccccccccccccccccccccc
eeeeeeeeeeeeeeeeeeeeeeeeeeee
abccccccccccccccccccccc
eeeeeeeeeeeeeeeeeeeeeeeeeeee
abccccccccccccccccccccc
eeeeeeeeeeeeeeeeeeeeeeeeeeeeabccccccccccccccccccccc
eeeeeeeeeeeeeeeeeeeeeeeeeeeeabccccccccccccccccccccc
eeeeeeeeeeeeeeeeeeeeeeeeeeeeabccccccccccccccccccccc
eeeeeeeeeeeeeeeeeeeeeeeeeeeeabccccccccccccccccccccc
eeeeeeeeeeeeeeeeeeeeeeeeeeeeabccccccccccccccccccccc
eeeeeeeeeeeeeeeeeeeeeeeeeeeeabccccccccccccccccccccc
eeeeeeeeeeeeeeeeeeeeeeeeeeeeabccccccccccccccccccccc
eeeeeeeeeeeeeeeeeeeeeeeeeeeeabccccccccccccccccccccc
eeeeeeeeeeeeeeeeeeeeeeeeeeeeabccccccccccccccccccccc
eeeeeeeeeeeeeeeeeeeeeeeeeeeeabccccccccccccccccccccc
eeeeeeeeeeeeeeeeeeeeeeeeeeeeabccccccccccccccccccccc
eeeeeeeeeeeeeeeeeeeeeeeeeeeeabcccccccccccccccccccccabccccccccccccccccccccc
eeeeeeeeeeeeeeeeeeeeeeeeeeee
abccccccccccccccccccccc
eeeeeeeeeeeeeeeeeeeeeeeeeeee
abccccccccccccccccccccc
eeeeeeeeeeeeeeeeeeeeeeeeeeeeabccccccccccccccccccccc
eeeeeeeeeeeeeeeeeeeeeeeeeeeeabccccccccccccccccccccc
eeeeeeeeeeeeeeeeeeeeeeeeeeeeabccccccccccccccccccccc
eeeeeeeeeeeeeeeeeeeeeeeeeeeeabccccccccccccccccccccc
eeeeeeeeeeeeeeeeeeeeeeeeeeeeabccccccccccccccccccccc
eeeeeeeeeeeeeeeeeeeeeeeeeeeeabccccccccccccccccccccc
eeeeeeeeeeeeeeeeeeeeeeeeeeeeabccccccccccccccccccccc
eeeeeeeeeeeeeeeeeeeeeeeeeeeeabccccccccccccccccccccc
eeeeeeeeeeeeeeeeeeeeeeeeeeeeabccccccccccccccccccccc
eeeeeeeeeeeeeeeeeeeeeeeeeeeeabccccccccccccccccccccc
eeeeeeeeeeeeeeeeeeeeeeeeeeeeabccccccccccccccccccccc
eeeeeeeeeeeeeeeeeeeeeeeeeeeeabcccccccccccccccccccccabccccccccccccccccccccc
eeeeeeeeeeeeeeeeeeeeeeeeeeee
abccccccccccccccccccccc
eeeeeeeeeeeeeeeeeeeeeeeeeeee
abccccccccccccccccccccc
eeeeeeeeeeeeeeeeeeeeeeeeeeeeabccccccccccccccccccccc
eeeeeeeeeeeeeeeeeeeeeeeeeeeeabccccccccccccccccccccc
eeeeeeeeeeeeeeeeeeeeeeeeeeeeabccccccccccccccccccccc
eeeeeeeeeeeeeeeeeeeeeeeeeeeeabccccccccccccccccccccc
eeeeeeeeeeeeeeeeeeeeeeeeeeeeabccccccccccccccccccccc
eeeeeeeeeeeeeeeeeeeeeeeeeeeeabccccccccccccccccccccc
eeeeeeeeeeeeeeeeeeeeeeeeeeeeabccccccccccccccccccccc
eeeeeeeeeeeeeeeeeeeeeeeeeeeeabccccccccccccccccccccc
eeeeeeeeeeeeeeeeeeeeeeeeeeeeabccccccccccccccccccccc
eeeeeeeeeeeeeeeeeeeeeeeeeeeeabccccccccccccccccccccc
eeeeeeeeeeeeeeeeeeeeeeeeeeeeabccccccccccccccccccccc
eeeeeeeeeeeeeeeeeeeeeeeeeeeeabcccccccccccccccccccccabccccccccccccccccccccc
eeeeeeeeeeeeeeeeeeeeeeeeeeee
abccccccccccccccccccccc
eeeeeeeeeeeeeeeeeeeeeeeeeeee
abccccccccccccccccccccc
eeeeeeeeeeeeeeeeeeeeeeeeeeeeabccccccccccccccccccccc
eeeeeeeeeeeeeeeeeeeeeeeeeeeeabccccccccccccccccccccc
eeeeeeeeeeeeeeeeeeeeeeeeeeeeabccccccccccccccccccccc
eeeeeeeeeeeeeeeeeeeeeeeeeeeeabccccccccccccccccccccc
eeeeeeeeeeeeeeeeeeeeeeeeeeeeabccccccccccccccccccccc
eeeeeeeeeeeeeeeeeeeeeeeeeeeeabccccccccccccccccccccc
eeeeeeeeeeeeeeeeeeeeeeeeeeeeabccccccccccccccccccccc
eeeeeeeeeeeeeeeeeeeeeeeeeeeeabccccccccccccccccccccc
eeeeeeeeeeeeeeeeeeeeeeeeeeeeabccccccccccccccccccccc
eeeeeeeeeeeeeeeeeeeeeeeeeeeeabccccccccccccccccccccc
eeeeeeeeeeeeeeeeeeeeeeeeeeeeabccccccccccccccccccccc
eeeeeeeeeeeeeeeeeeeeeeeeeeeeabcccccccccccccccccccccabccccccccccccccccccccc
eeeeeeeeeeeeeeeeeeeeeeeeeeee
abccccccccccccccccccccc
eeeeeeeeeeeeeeeeeeeeeeeeeeee
abccccccccccccccccccccc
eeeeeeeeeeeeeeeeeeeeeeeeeeeeabccccccccccccccccccccc
eeeeeeeeeeeeeeeeeeeeeeeeeeeeabccccccccccccccccccccc
eeeeeeeeeeeeeeeeeeeeeeeeeeeeabccccccccccccccccccccc
eeeeeeeeeeeeeeeeeeeeeeeeeeeeabccccccccccccccccccccc
eeeeeeeeeeeeeeeeeeeeeeeeeeeeabccccccccccccccccccccc
eeeeeeeeeeeeeeeeeeeeeeeeeeeeabccccccccccccccccccccc
eeeeeeeeeeeeeeeeeeeeeeeeeeeeabccccccccccccccccccccc
eeeeeeeeeeeeeeeeeeeeeeeeeeeeabccccccccccccccccccccc
eeeeeeeeeeeeeeeeeeeeeeeeeeeeabccccccccccccccccccccc
eeeeeeeeeeeeeeeeeeeeeeeeeeeeabccccccccccccccccccccc
eeeeeeeeeeeeeeeeeeeeeeeeeeeeabccccccccccccccccccccc
eeeeeeeeeeeeeeeeeeeeeeeeeeeeabcccccccccccccccccccccabccccccccccccccccccccc
eeeeeeeeeeeeeeeeeeeeeeeeeeee
abccccccccccccccccccccc
eeeeeeeeeeeeeeeeeeeeeeeeeeee
abccccccccccccccccccccc
eeeeeeeeeeeeeeeeeeeeeeeeeeeeabccccccccccccccccccccc
eeeeeeeeeeeeeeeeeeeeeeeeeeeeabccccccccccccccccccccc
eeeeeeeeeeeeeeeeeeeeeeeeeeeeabccccccccccccccccccccc
eeeeeeeeeeeeeeeeeeeeeeeeeeeeabccccccccccccccccccccc
eeeeeeeeeeeeeeeeeeeeeeeeeeeeabccccccccccccccccccccc
eeeeeeeeeeeeeeeeeeeeeeeeeeeeabccccccccccccccccccccc
eeeeeeeeeeeeeeeeeeeeeeeeeeeeabccccccccccccccccccccc
eeeeeeeeeeeeeeeeeeeeeeeeeeeeabccccccccccccccccccccc
eeeeeeeeeeeeeeeeeeeeeeeeeeeeabccccccccccccccccccccc
eeeeeeeeeeeeeeeeeeeeeeeeeeeeabccccccccccccccccccccc
eeeeeeeeeeeeeeeeeeeeeeeeeeeeabccccccccccccccccccccc
eeeeeeeeeeeeeeeeeeeeeeeeeeeeabcccccccccccccccccccccabccccccccccccccccccccc
eeeeeeeeeeeeeeeeeeeeeeeeeeee
abccccccccccccccccccccc
eeeeeeeeeeeeeeeeeeeeeeeeeeee
abccccccccccccccccccccc
eeeeeeeeeeeeeeeeeeeeeeeeeeeeabccccccccccccccccccccc
eeeeeeeeeeeeeeeeeeeeeeeeeeeeabccccccccccccccccccccc
eeeeeeeeeeeeeeeeeeeeeeeeeeeeabccccccccccccccccccccc
eeeeeeeeeeeeeeeeeeeeeeeeeeeeabccccccccccccccccccccc
eeeeeeeeeeeeeeeeeeeeeeeeeeeeabccccccccccccccccccccc
eeeeeeeeeeeeeeeeeeeeeeeeeeeeabccccccccccccccccccccc
eeeeeeeeeeeeeeeeeeeeeeeeeeeeabccccccccccccccccccccc
eeeeeeeeeeeeeeeeeeeeeeeeeeeeabccccccccccccccccccccc
eeeeeeeeeeeeeeeeeeeeeeeeeeeeabccccccccccccccccccccc
eeeeeeeeeeeeeeeeeeeeeeeeeeeeabccccccccccccccccccccc
eeeeeeeeeeeeeeeeeeeeeeeeeeeeabccccccccccccccccccccc
eeeeeeeeeeeeeeeeeeeeeeeeeeeeabcccccccccccccccccccccabccccccccccccccccccccc
eeeeeeeeeeeeeeeeeeeeeeeeeeee
abccccccccccccccccccccc
eeeeeeeeeeeeeeeeeeeeeeeeeeee
abccccccccccccccccccccc
eeeeeeeeeeeeeeeeeeeeeeeeeeeeabccccccccccccccccccccc
eeeeeeeeeeeeeeeeeeeeeeeeeeeeabccccccccccccccccccccc
eeeeeeeeeeeeeeeeeeeeeeeeeeeeabccccccccccccccccccccc
eeeeeeeeeeeeeeeeeeeeeeeeeeeeabccccccccccccccccccccc
eeeeeeeeeeeeeeeeeeeeeeeeeeeeabccccccccccccccccccccc
eeeeeeeeeeeeeeeeeeeeeeeeeeeeabccccccccccccccccccccc
eeeeeeeeeeeeeeeeeeeeeeeeeeeeabccccccccccccccccccccc
eeeeeeeeeeeeeeeeeeeeeeeeeeeeabccccccccccccccccccccc
eeeeeeeeeeeeeeeeeeeeeeeeeeeeabccccccccccccccccccccc
eeeeeeeeeeeeeeeeeeeeeeeeeeeeabccccccccccccccccccccc
eeeeeeeeeeeeeeeeeeeeeeeeeeeeabccccccccccccccccccccc
eeeeeeeeeeeeeeeeeeeeeeeeeeeeabcccccccccccccccccccccabccccccccccccccccccccc
eeeeeeeeeeeeeeeeeeeeeeeeeeee
abccccccccccccccccccccc
eeeeeeeeeeeeeeeeeeeeeeeeeeee
abccccccccccccccccccccc
eeeeeeeeeeeeeeeeeeeeeeeeeeeeabccccccccccccccccccccc
eeeeeeeeeeeeeeeeeeeeeeeeeeeeabccccccccccccccccccccc
eeeeeeeeeeeeeeeeeeeeeeeeeeeeabccccccccccccccccccccc
eeeeeeeeeeeeeeeeeeeeeeeeeeeeabccccccccccccccccccccc
eeeeeeeeeeeeeeeeeeeeeeeeeeeeabccccccccccccccccccccc
eeeeeeeeeeeeeeeeeeeeeeeeeeeeabccccccccccccccccccccc
eeeeeeeeeeeeeeeeeeeeeeeeeeeeabccccccccccccccccccccc
eeeeeeeeeeeeeeeeeeeeeeeeeeeeabccccccccccccccccccccc
eeeeeeeeeeeeeeeeeeeeeeeeeeeeabccccccccccccccccccccc
eeeeeeeeeeeeeeeeeeeeeeeeeeeeabccccccccccccccccccccc
eeeeeeeeeeeeeeeeeeeeeeeeeeeeabccccccccccccccccccccc
eeeeeeeeeeeeeeeeeeeeeeeeeeeeabcccccccccccccccccccccabccccccccccccccccccccc
eeeeeeeeeeeeeeeeeeeeeeeeeeee
abccccccccccccccccccccc
eeeeeeeeeeeeeeeeeeeeeeeeeeee
abccccccccccccccccccccc
eeeeeeeeeeeeeeeeeeeeeeeeeeeeabccccccccccccccccccccc
eeeeeeeeeeeeeeeeeeeeeeeeeeeeabccccccccccccccccccccc
eeeeeeeeeeeeeeeeeeeeeeeeeeeeabccccccccccccccccccccc
eeeeeeeeeeeeeeeeeeeeeeeeeeeeabccccccccccccccccccccc
eeeeeeeeeeeeeeeeeeeeeeeeeeeeabccccccccccccccccccccc
eeeeeeeeeeeeeeeeeeeeeeeeeeeeabccccccccccccccccccccc
eeeeeeeeeeeeeeeeeeeeeeeeeeeeabccccccccccccccccccccc
eeeeeeeeeeeeeeeeeeeeeeeeeeeeabccccccccccccccccccccc
eeeeeeeeeeeeeeeeeeeeeeeeeeeeabccccccccccccccccccccc
eeeeeeeeeeeeeeeeeeeeeeeeeeeeabccccccccccccccccccccc
eeeeeeeeeeeeeeeeeeeeeeeeeeeeabccccccccccccccccccccc
eeeeeeeeeeeeeeeeeeeeeeeeeeeeabcccccccccccccccccccccabccccccccccccccccccccc
eeeeeeeeeeeeeeeeeeeeeeeeeeee
abccccccccccccccccccccc
eeeeeeeeeeeeeeeeeeeeeeeeeeee
abccccccccccccccccccccc
eeeeeeeeeeeeeeeeeeeeeeeeeeeeabccccccccccccccccccccc
eeeeeeeeeeeeeeeeeeeeeeeeeeeeabccccccccccccccccccccc
eeeeeeeeeeeeeeeeeeeeeeeeeeeeabccccccccccccccccccccc
eeeeeeeeeeeeeeeeeeeeeeeeeeeeabccccccccccccccccccccc
eeeeeeeeeeeeeeeeeeeeeeeeeeeeabccccccccccccccccccccc
eeeeeeeeeeeeeeeeeeeeeeeeeeeeabccccccccccccccccccccc
eeeeeeeeeeeeeeeeeeeeeeeeeeeeabccccccccccccccccccccc
eeeeeeeeeeeeeeeeeeeeeeeeeeeeabccccccccccccccccccccc
eeeeeeeeeeeeeeeeeeeeeeeeeeeeabccccccccccccccccccccc
eeeeeeeeeeeeeeeeeeeeeeeeeeeeabccccccccccccccccccccc
eeeeeeeeeeeeeeeeeeeeeeeeeeeeabccccccccccccccccccccc
eeeeeeeeeeeeeeeeeeeeeeeeeeeeabcccccccccccccccccccccabccccccccccccccccccccc
eeeeeeeeeeeeeeeeeeeeeeeeeeee
abccccccccccccccccccccc
eeeeeeeeeeeeeeeeeeeeeeeeeeee
abccccccccccccccccccccc
eeeeeeeeeeeeeeeeeeeeeeeeeeeeabccccccccccccccccccccc
eeeeeeeeeeeeeeeeeeeeeeeeeeeeabccccccccccccccccccccc
eeeeeeeeeeeeeeeeeeeeeeeeeeeeabccccccccccccccccccccc
eeeeeeeeeeeeeeeeeeeeeeeeeeeeabccccccccccccccccccccc
eeeeeeeeeeeeeeeeeeeeeeeeeeeeabccccccccccccccccccccc
eeeeeeeeeeeeeeeeeeeeeeeeeeeeabccccccccccccccccccccc
eeeeeeeeeeeeeeeeeeeeeeeeeeeeabccccccccccccccccccccc
eeeeeeeeeeeeeeeeeeeeeeeeeeeeabccccccccccccccccccccc
eeeeeeeeeeeeeeeeeeeeeeeeeeeeabccccccccccccccccccccc
eeeeeeeeeeeeeeeeeeeeeeeeeeeeabccccccccccccccccccccc
eeeeeeeeeeeeeeeeeeeeeeeeeeeeabccccccccccccccccccccc
eeeeeeeeeeeeeeeeeeeeeeeeeeeeabcccccccccccccccccccccabccccccccccccccccccccc
eeeeeeeeeeeeeeeeeeeeeeeeeeee
abccccccccccccccccccccc
eeeeeeeeeeeeeeeeeeeeeeeeeeee
abccccccccccccccccccccc
eeeeeeeeeeeeeeeeeeeeeeeeeeeeabccccccccccccccccccccc
eeeeeeeeeeeeeeeeeeeeeeeeeeeeabccccccccccccccccccccc
eeeeeeeeeeeeeeeeeeeeeeeeeeeeabccccccccccccccccccccc
eeeeeeeeeeeeeeeeeeeeeeeeeeeeabccccccccccccccccccccc
eeeeeeeeeeeeeeeeeeeeeeeeeeeeabccccccccccccccccccccc
eeeeeeeeeeeeeeeeeeeeeeeeeeeeabccccccccccccccccccccc
eeeeeeeeeeeeeeeeeeeeeeeeeeeeabccccccccccccccccccccc
eeeeeeeeeeeeeeeeeeeeeeeeeeeeabccccccccccccccccccccc
eeeeeeeeeeeeeeeeeeeeeeeeeeeeabccccccccccccccccccccc
eeeeeeeeeeeeeeeeeeeeeeeeeeeeabccccccccccccccccccccc
eeeeeeeeeeeeeeeeeeeeeeeeeeeeabccccccccccccccccccccc
eeeeeeeeeeeeeeeeeeeeeeeeeeeeabcccccccccccccccccccccabccccccccccccccccccccc
eeeeeeeeeeeeeeeeeeeeeeeeeeee
abccccccccccccccccccccc
eeeeeeeeeeeeeeeeeeeeeeeeeeee
abccccccccccccccccccccc
eeeeeeeeeeeeeeeeeeeeeeeeeeeeabccccccccccccccccccccc
eeeeeeeeeeeeeeeeeeeeeeeeeeeeabccccccccccccccccccccc
eeeeeeeeeeeeeeeeeeeeeeeeeeeeabccccccccccccccccccccc
eeeeeeeeeeeeeeeeeeeeeeeeeeeeabccccccccccccccccccccc
eeeeeeeeeeeeeeeeeeeeeeeeeeeeabccccccccccccccccccccc
eeeeeeeeeeeeeeeeeeeeeeeeeeeeabccccccccccccccccccccc
eeeeeeeeeeeeeeeeeeeeeeeeeeeeabccccccccccccccccccccc
eeeeeeeeeeeeeeeeeeeeeeeeeeeeabccccccccccccccccccccc
eeeeeeeeeeeeeeeeeeeeeeeeeeeeabccccccccccccccccccccc
eeeeeeeeeeeeeeeeeeeeeeeeeeeeabccccccccccccccccccccc
eeeeeeeeeeeeeeeeeeeeeeeeeeeeabccccccccccccccccccccc
eeeeeeeeeeeeeeeeeeeeeeeeeeeeabcccccccccccccccccccccabccccccccccccccccccccc
eeeeeeeeeeeeeeeeeeeeeeeeeeee
abccccccccccccccccccccc
eeeeeeeeeeeeeeeeeeeeeeeeeeee
abccccccccccccccccccccc
eeeeeeeeeeeeeeeeeeeeeeeeeeeeabccccccccccccccccccccc
eeeeeeeeeeeeeeeeeeeeeeeeeeeeabccccccccccccccccccccc
eeeeeeeeeeeeeeeeeeeeeeeeeeeeabccccccccccccccccccccc
eeeeeeeeeeeeeeeeeeeeeeeeeeeeabccccccccccccccccccccc
eeeeeeeeeeeeeeeeeeeeeeeeeeeeabccccccccccccccccccccc
eeeeeeeeeeeeeeeeeeeeeeeeeeeeabccccccccccccccccccccc
eeeeeeeeeeeeeeeeeeeeeeeeeeeeabccccccccccccccccccccc
eeeeeeeeeeeeeeeeeeeeeeeeeeeeabccccccccccccccccccccc
eeeeeeeeeeeeeeeeeeeeeeeeeeeeabccccccccccccccccccccc
eeeeeeeeeeeeeeeeeeeeeeeeeeeeabccccccccccccccccccccc
eeeeeeeeeeeeeeeeeeeeeeeeeeeeabccccccccccccccccccccc
eeeeeeeeeeeeeeeeeeeeeeeeeeeeabcccccccccccccccccccccabccccccccccccccccccccc
eeeeeeeeeeeeeeeeeeeeeeeeeeee
abccccccccccccccccccccc
eeeeeeeeeeeeeeeeeeeeeeeeeeee
abccccccccccccccccccccc
eeeeeeeeeeeeeeeeeeeeeeeeeeeeabccccccccccccccccccccc
eeeeeeeeeeeeeeeeeeeeeeeeeeeeabccccccccccccccccccccc
eeeeeeeeeeeeeeeeeeeeeeeeeeeeabccccccccccccccccccccc
eeeeeeeeeeeeeeeeeeeeeeeeeeeeabccccccccccccccccccccc
eeeeeeeeeeeeeeeeeeeeeeeeeeeeabccccccccccccccccccccc
eeeeeeeeeeeeeeeeeeeeeeeeeeeeabccccccccccccccccccccc
eeeeeeeeeeeeeeeeeeeeeeeeeeeeabccccccccccccccccccccc
eeeeeeeeeeeeeeeeeeeeeeeeeeeeabccccccccccccccccccccc
eeeeeeeeeeeeeeeeeeeeeeeeeeeeabccccccccccccccccccccc
eeeeeeeeeeeeeeeeeeeeeeeeeeeeabccccccccccccccccccccc
eeeeeeeeeeeeeeeeeeeeeeeeeeeeabccccccccccccccccccccc
eeeeeeeeeeeeeeeeeeeeeeeeeeeeabcccccccccccccccccccccabccccccccccccccccccccc
eeeeeeeeeeeeeeeeeeeeeeeeeeee
abccccccccccccccccccccc
eeeeeeeeeeeeeeeeeeeeeeeeeeee
abccccccccccccccccccccc
eeeeeeeeeeeeeeeeeeeeeeeeeeeeabccccccccccccccccccccc
eeeeeeeeeeeeeeeeeeeeeeeeeeeeabccccccccccccccccccccc
eeeeeeeeeeeeeeeeeeeeeeeeeeeeabccccccccccccccccccccc
eeeeeeeeeeeeeeeeeeeeeeeeeeeeabccccccccccccccccccccc
eeeeeeeeeeeeeeeeeeeeeeeeeeeeabccccccccccccccccccccc
eeeeeeeeeeeeeeeeeeeeeeeeeeeeabccccccccccccccccccccc
eeeeeeeeeeeeeeeeeeeeeeeeeeeeabccccccccccccccccccccc
eeeeeeeeeeeeeeeeeeeeeeeeeeeeabccccccccccccccccccccc
eeeeeeeeeeeeeeeeeeeeeeeeeeeeabccccccccccccccccccccc
eeeeeeeeeeeeeeeeeeeeeeeeeeeeabccccccccccccccccccccc
eeeeeeeeeeeeeeeeeeeeeeeeeeeeabccccccccccccccccccccc
eeeeeeeeeeeeeeeeeeeeeeeeeeeeabcccccccccccccccccccccabccccccccccccccccccccc
eeeeeeeeeeeeeeeeeeeeeeeeeeee
abccccccccccccccccccccc
eeeeeeeeeeeeeeeeeeeeeeeeeeee
abccccccccccccccccccccc
eeeeeeeeeeeeeeeeeeeeeeeeeeeeabccccccccccccccccccccc
eeeeeeeeeeeeeeeeeeeeeeeeeeeeabccccccccccccccccccccc
eeeeeeeeeeeeeeeeeeeeeeeeeeeeabccccccccccccccccccccc
eeeeeeeeeeeeeeeeeeeeeeeeeeeeabccccccccccccccccccccc
eeeeeeeeeeeeeeeeeeeeeeeeeeeeabccccccccccccccccccccc
eeeeeeeeeeeeeeeeeeeeeeeeeeeeabccccccccccccccccccccc
eeeeeeeeeeeeeeeeeeeeeeeeeeeeabccccccccccccccccccccc
eeeeeeeeeeeeeeeeeeeeeeeeeeeeabccccccccccccccccccccc
eeeeeeeeeeeeeeeeeeeeeeeeeeeeabccccccccccccccccccccc
eeeeeeeeeeeeeeeeeeeeeeeeeeeeabccccccccccccccccccccc
eeeeeeeeeeeeeeeeeeeeeeeeeeeeabccccccccccccccccccccc
eeeeeeeeeeeeeeeeeeeeeeeeeeeeabcccccccccccccccccccccabccccccccccccccccccccc
eeeeeeeeeeeeeeeeeeeeeeeeeeee
abccccccccccccccccccccc
eeeeeeeeeeeeeeeeeeeeeeeeeeee
abccccccccccccccccccccc
eeeeeeeeeeeeeeeeeeeeeeeeeeeeabccccccccccccccccccccc
eeeeeeeeeeeeeeeeeeeeeeeeeeeeabccccccccccccccccccccc
eeeeeeeeeeeeeeeeeeeeeeeeeeeeabccccccccccccccccccccc
eeeeeeeeeeeeeeeeeeeeeeeeeeeeabccccccccccccccccccccc
eeeeeeeeeeeeeeeeeeeeeeeeeeeeabccccccccccccccccccccc
eeeeeeeeeeeeeeeeeeeeeeeeeeeeabccccccccccccccccccccc
eeeeeeeeeeeeeeeeeeeeeeeeeeeeabccccccccccccccccccccc
eeeeeeeeeeeeeeeeeeeeeeeeeeeeabccccccccccccccccccccc
eeeeeeeeeeeeeeeeeeeeeeeeeeeeabccccccccccccccccccccc
eeeeeeeeeeeeeeeeeeeeeeeeeeeeabccccccccccccccccccccc
eeeeeeeeeeeeeeeeeeeeeeeeeeeeabccccccccccccccccccccc
eeeeeeeeeeeeeeeeeeeeeeeeeeeeabcccccccccccccccccccccabccccccccccccccccccccc
eeeeeeeeeeeeeeeeeeeeeeeeeeee
abccccccccccccccccccccc
eeeeeeeeeeeeeeeeeeeeeeeeeeee
abccccccccccccccccccccc
eeeeeeeeeeeeeeeeeeeeeeeeeeeeabccccccccccccccccccccc
eeeeeeeeeeeeeeeeeeeeeeeeeeeeabccccccccccccccccccccc
eeeeeeeeeeeeeeeeeeeeeeeeeeeeabccccccccccccccccccccc
eeeeeeeeeeeeeeeeeeeeeeeeeeeeabccccccccccccccccccccc
eeeeeeeeeeeeeeeeeeeeeeeeeeeeabccccccccccccccccccccc
eeeeeeeeeeeeeeeeeeeeeeeeeeeeabccccccccccccccccccccc
eeeeeeeeeeeeeeeeeeeeeeeeeeeeabccccccccccccccccccccc
eeeeeeeeeeeeeeeeeeeeeeeeeeeeabccccccccccccccccccccc
eeeeeeeeeeeeeeeeeeeeeeeeeeeeabccccccccccccccccccccc
eeeeeeeeeeeeeeeeeeeeeeeeeeeeabccccccccccccccccccccc
eeeeeeeeeeeeeeeeeeeeeeeeeeeeabccccccccccccccccccccc
eeeeeeeeeeeeeeeeeeeeeeeeeeeeabcccccccccccccccccccccabccccccccccccccccccccc
eeeeeeeeeeeeeeeeeeeeeeeeeeee
abccccccccccccccccccccc
eeeeeeeeeeeeeeeeeeeeeeeeeeee
abccccccccccccccccccccc
eeeeeeeeeeeeeeeeeeeeeeeeeeeeabccccccccccccccccccccc
eeeeeeeeeeeeeeeeeeeeeeeeeeeeabccccccccccccccccccccc
eeeeeeeeeeeeeeeeeeeeeeeeeeeeabccccccccccccccccccccc
eeeeeeeeeeeeeeeeeeeeeeeeeeeeabccccccccccccccccccccc
eeeeeeeeeeeeeeeeeeeeeeeeeeeeabccccccccccccccccccccc
eeeeeeeeeeeeeeeeeeeeeeeeeeeeabccccccccccccccccccccc
eeeeeeeeeeeeeeeeeeeeeeeeeeeeabccccccccccccccccccccc
eeeeeeeeeeeeeeeeeeeeeeeeeeeeabccccccccccccccccccccc
eeeeeeeeeeeeeeeeeeeeeeeeeeeeabccccccccccccccccccccc
eeeeeeeeeeeeeeeeeeeeeeeeeeeeabccccccccccccccccccccc
eeeeeeeeeeeeeeeeeeeeeeeeeeeeabccccccccccccccccccccc
eeeeeeeeeeeeeeeeeeeeeeeeeeeeabcccccccccccccccccccccabccccccccccccccccccccc
eeeeeeeeeeeeeeeeeeeeeeeeeeee
abccccccccccccccccccccc
eeeeeeeeeeeeeeeeeeeeeeeeeeee
abccccccccccccccccccccc
eeeeeeeeeeeeeeeeeeeeeeeeeeeeabccccccccccccccccccccc
eeeeeeeeeeeeeeeeeeeeeeeeeeeeabccccccccccccccccccccc
eeeeeeeeeeeeeeeeeeeeeeeeeeeeabccccccccccccccccccccc
eeeeeeeeeeeeeeeeeeeeeeeeeeeeabccccccccccccccccccccc
eeeeeeeeeeeeeeeeeeeeeeeeeeeeabccccccccccccccccccccc
eeeeeeeeeeeeeeeeeeeeeeeeeeeeabccccccccccccccccccccc
eeeeeeeeeeeeeeeeeeeeeeeeeeeeabccccccccccccccccccccc
eeeeeeeeeeeeeeeeeeeeeeeeeeeeabccccccccccccccccccccc
eeeeeeeeeeeeeeeeeeeeeeeeeeeeabccccccccccccccccccccc
eeeeeeeeeeeeeeeeeeeeeeeeeeeeabccccccccccccccccccccc
eeeeeeeeeeeeeeeeeeeeeeeeeeeeabccccccccccccccccccccc
eeeeeeeeeeeeeeeeeeeeeeeeeeeeabcccccccccccccccccccccabccccccccccccccccccccc
eeeeeeeeeeeeeeeeeeeeeeeeeeee
abccccccccccccccccccccc
eeeeeeeeeeeeeeeeeeeeeeeeeeee
abccccccccccccccccccccc
eeeeeeeeeeeeeeeeeeeeeeeeeeeeabccccccccccccccccccccc
eeeeeeeeeeeeeeeeeeeeeeeeeeeeabccccccccccccccccccccc
eeeeeeeeeeeeeeeeeeeeeeeeeeeeabccccccccccccccccccccc
eeeeeeeeeeeeeeeeeeeeeeeeeeeeabccccccccccccccccccccc
eeeeeeeeeeeeeeeeeeeeeeeeeeeeabccccccccccccccccccccc
eeeeeeeeeeeeeeeeeeeeeeeeeeeeabccccccccccccccccccccc
eeeeeeeeeeeeeeeeeeeeeeeeeeeeabccccccccccccccccccccc
eeeeeeeeeeeeeeeeeeeeeeeeeeeeabccccccccccccccccccccc
eeeeeeeeeeeeeeeeeeeeeeeeeeeeabccccccccccccccccccccc
eeeeeeeeeeeeeeeeeeeeeeeeeeeeabccccccccccccccccccccc
eeeeeeeeeeeeeeeeeeeeeeeeeeeeabccccccccccccccccccccc
eeeeeeeeeeeeeeeeeeeeeeeeeeeeabcccccccccccccccccccccabccccccccccccccccccccc
eeeeeeeeeeeeeeeeeeeeeeeeeeee
abccccccccccccccccccccc
eeeeeeeeeeeeeeeeeeeeeeeeeeee
abccccccccccccccccccccc
eeeeeeeeeeeeeeeeeeeeeeeeeeeeabccccccccccccccccccccc
eeeeeeeeeeeeeeeeeeeeeeeeeeeeabccccccccccccccccccccc
eeeeeeeeeeeeeeeeeeeeeeeeeeeeabccccccccccccccccccccc
eeeeeeeeeeeeeeeeeeeeeeeeeeeeabccccccccccccccccccccc
eeeeeeeeeeeeeeeeeeeeeeeeeeeeabccccccccccccccccccccc
eeeeeeeeeeeeeeeeeeeeeeeeeeeeabccccccccccccccccccccc
eeeeeeeeeeeeeeeeeeeeeeeeeeeeabccccccccccccccccccccc
eeeeeeeeeeeeeeeeeeeeeeeeeeeeabccccccccccccccccccccc
eeeeeeeeeeeeeeeeeeeeeeeeeeeeabccccccccccccccccccccc
eeeeeeeeeeeeeeeeeeeeeeeeeeeeabccccccccccccccccccccc
eeeeeeeeeeeeeeeeeeeeeeeeeeeeabccccccccccccccccccccc
eeeeeeeeeeeeeeeeeeeeeeeeeeeeabcccccccccccccccccccccabccccccccccccccccccccc
eeeeeeeeeeeeeeeeeeeeeeeeeeee
abccccccccccccccccccccc
eeeeeeeeeeeeeeeeeeeeeeeeeeee
abccccccccccccccccccccc
eeeeeeeeeeeeeeeeeeeeeeeeeeeeabccccccccccccccccccccc
eeeeeeeeeeeeeeeeeeeeeeeeeeeeabccccccccccccccccccccc
eeeeeeeeeeeeeeeeeeeeeeeeeeeeabccccccccccccccccccccc
eeeeeeeeeeeeeeeeeeeeeeeeeeeeabccccccccccccccccccccc
eeeeeeeeeeeeeeeeeeeeeeeeeeeeabccccccccccccccccccccc
eeeeeeeeeeeeeeeeeeeeeeeeeeeeabccccccccccccccccccccc
eeeeeeeeeeeeeeeeeeeeeeeeeeeeabccccccccccccccccccccc
eeeeeeeeeeeeeeeeeeeeeeeeeeeeabccccccccccccccccccccc
eeeeeeeeeeeeeeeeeeeeeeeeeeeeabccccccccccccccccccccc
eeeeeeeeeeeeeeeeeeeeeeeeeeeeabccccccccccccccccccccc
eeeeeeeeeeeeeeeeeeeeeeeeeeeeabccccccccccccccccccccc
eeeeeeeeeeeeeeeeeeeeeeeeeeeeabcccccccccccccccccccccabccccccccccccccccccccc
eeeeeeeeeeeeeeeeeeeeeeeeeeee
abccccccccccccccccccccc
eeeeeeeeeeeeeeeeeeeeeeeeeeee
abccccccccccccccccccccc
eeeeeeeeeeeeeeeeeeeeeeeeeeeeabccccccccccccccccccccc
eeeeeeeeeeeeeeeeeeeeeeeeeeeeabccccccccccccccccccccc
eeeeeeeeeeeeeeeeeeeeeeeeeeeeabccccccccccccccccccccc
eeeeeeeeeeeeeeeeeeeeeeeeeeeeabccccccccccccccccccccc
eeeeeeeeeeeeeeeeeeeeeeeeeeeeabccccccccccccccccccccc
eeeeeeeeeeeeeeeeeeeeeeeeeeeeabccccccccccccccccccccc
eeeeeeeeeeeeeeeeeeeeeeeeeeeeabccccccccccccccccccccc
eeeeeeeeeeeeeeeeeeeeeeeeeeeeabccccccccccccccccccccc
eeeeeeeeeeeeeeeeeeeeeeeeeeeeabccccccccccccccccccccc
eeeeeeeeeeeeeeeeeeeeeeeeeeeeabccccccccccccccccccccc
eeeeeeeeeeeeeeeeeeeeeeeeeeeeabccccccccccccccccccccc
eeeeeeeeeeeeeeeeeeeeeeeeeeeeabcccccccccccccccccccccabccccccccccccccccccccc
eeeeeeeeeeeeeeeeeeeeeeeeeeee
abccccccccccccccccccccc
eeeeeeeeeeeeeeeeeeeeeeeeeeee
abccccccccccccccccccccc
eeeeeeeeeeeeeeeeeeeeeeeeeeeeabccccccccccccccccccccc
eeeeeeeeeeeeeeeeeeeeeeeeeeeeabccccccccccccccccccccc
eeeeeeeeeeeeeeeeeeeeeeeeeeeeabccccccccccccccccccccc
eeeeeeeeeeeeeeeeeeeeeeeeeeeeabccccccccccccccccccccc
eeeeeeeeeeeeeeeeeeeeeeeeeeeeabccccccccccccccccccccc
eeeeeeeeeeeeeeeeeeeeeeeeeeeeabccccccccccccccccccccc
eeeeeeeeeeeeeeeeeeeeeeeeeeeeabccccccccccccccccccccc
eeeeeeeeeeeeeeeeeeeeeeeeeeeeabccccccccccccccccccccc
eeeeeeeeeeeeeeeeeeeeeeeeeeeeabccccccccccccccccccccc
eeeeeeeeeeeeeeeeeeeeeeeeeeeeabccccccccccccccccccccc
eeeeeeeeeeeeeeeeeeeeeeeeeeeeabccccccccccccccccccccc
eeeeeeeeeeeeeeeeeeeeeeeeeeeeabcccccccccccccccccccccabccccccccccccccccccccc
eeeeeeeeeeeeeeeeeeeeeeeeeeee
abccccccccccccccccccccc
eeeeeeeeeeeeeeeeeeeeeeeeeeee
abccccccccccccccccccccc
eeeeeeeeeeeeeeeeeeeeeeeeeeeeabccccccccccccccccccccc
eeeeeeeeeeeeeeeeeeeeeeeeeeeeabccccccccccccccccccccc
eeeeeeeeeeeeeeeeeeeeeeeeeeeeabccccccccccccccccccccc
eeeeeeeeeeeeeeeeeeeeeeeeeeeeabccccccccccccccccccccc
eeeeeeeeeeeeeeeeeeeeeeeeeeeeabccccccccccccccccccccc
eeeeeeeeeeeeeeeeeeeeeeeeeeeeabccccccccccccccccccccc
eeeeeeeeeeeeeeeeeeeeeeeeeeeeabccccccccccccccccccccc
eeeeeeeeeeeeeeeeeeeeeeeeeeeeabccccccccccccccccccccc
eeeeeeeeeeeeeeeeeeeeeeeeeeeeabccccccccccccccccccccc
eeeeeeeeeeeeeeeeeeeeeeeeeeeeabccccccccccccccccccccc
eeeeeeeeeeeeeeeeeeeeeeeeeeeeabccccccccccccccccccccc
eeeeeeeeeeeeeeeeeeeeeeeeeeeeabcccccccccccccccccccccabccccccccccccccccccccc
eeeeeeeeeeeeeeeeeeeeeeeeeeee
abccccccccccccccccccccc
eeeeeeeeeeeeeeeeeeeeeeeeeeee
abccccccccccccccccccccc
eeeeeeeeeeeeeeeeeeeeeeeeeeeeabccccccccccccccccccccc
eeeeeeeeeeeeeeeeeeeeeeeeeeeeabccccccccccccccccccccc
eeeeeeeeeeeeeeeeeeeeeeeeeeeeabccccccccccccccccccccc
eeeeeeeeeeeeeeeeeeeeeeeeeeeeabccccccccccccccccccccc
eeeeeeeeeeeeeeeeeeeeeeeeeeeeabccccccccccccccccccccc
eeeeeeeeeeeeeeeeeeeeeeeeeeeeabccccccccccccccccccccc
eeeeeeeeeeeeeeeeeeeeeeeeeeeeabccccccccccccccccccccc
eeeeeeeeeeeeeeeeeeeeeeeeeeeeabccccccccccccccccccccc
eeeeeeeeeeeeeeeeeeeeeeeeeeeeabccccccccccccccccccccc
eeeeeeeeeeeeeeeeeeeeeeeeeeeeabccccccccccccccccccccc
eeeeeeeeeeeeeeeeeeeeeeeeeeeeabccccccccccccccccccccc
eeeeeeeeeeeeeeeeeeeeeeeeeeeeabcccccccccccccccccccccabccccccccccccccccccccc
eeeeeeeeeeeeeeeeeeeeeeeeeeee
abccccccccccccccccccccc
eeeeeeeeeeeeeeeeeeeeeeeeeeee
abccccccccccccccccccccc
eeeeeeeeeeeeeeeeeeeeeeeeeeeeabccccccccccccccccccccc
eeeeeeeeeeeeeeeeeeeeeeeeeeeeabccccccccccccccccccccc
eeeeeeeeeeeeeeeeeeeeeeeeeeeeabccccccccccccccccccccc
eeeeeeeeeeeeeeeeeeeeeeeeeeeeabccccccccccccccccccccc
eeeeeeeeeeeeeeeeeeeeeeeeeeeeabccccccccccccccccccccc
eeeeeeeeeeeeeeeeeeeeeeeeeeeeabccccccccccccccccccccc
eeeeeeeeeeeeeeeeeeeeeeeeeeeeabccccccccccccccccccccc
eeeeeeeeeeeeeeeeeeeeeeeeeeeeabccccccccccccccccccccc
eeeeeeeeeeeeeeeeeeeeeeeeeeeeabccccccccccccccccccccc
eeeeeeeeeeeeeeeeeeeeeeeeeeeeabccccccccccccccccccccc
eeeeeeeeeeeeeeeeeeeeeeeeeeeeabccccccccccccccccccccc
eeeeeeeeeeeeeeeeeeeeeeeeeeeeabcccccccccccccccccccccabccccccccccccccccccccc
eeeeeeeeeeeeeeeeeeeeeeeeeeee
abccccccccccccccccccccc
eeeeeeeeeeeeeeeeeeeeeeeeeeee
abccccccccccccccccccccc
eeeeeeeeeeeeeeeeeeeeeeeeeeeeabccccccccccccccccccccc
eeeeeeeeeeeeeeeeeeeeeeeeeeeeabccccccccccccccccccccc
eeeeeeeeeeeeeeeeeeeeeeeeeeeeabccccccccccccccccccccc
eeeeeeeeeeeeeeeeeeeeeeeeeeeeabccccccccccccccccccccc
eeeeeeeeeeeeeeeeeeeeeeeeeeeeabccccccccccccccccccccc
eeeeeeeeeeeeeeeeeeeeeeeeeeeeabccccccccccccccccccccc
eeeeeeeeeeeeeeeeeeeeeeeeeeeeabccccccccccccccccccccc
eeeeeeeeeeeeeeeeeeeeeeeeeeeeabccccccccccccccccccccc
eeeeeeeeeeeeeeeeeeeeeeeeeeeeabccccccccccccccccccccc
eeeeeeeeeeeeeeeeeeeeeeeeeeeeabccccccccccccccccccccc
eeeeeeeeeeeeeeeeeeeeeeeeeeeeabccccccccccccccccccccc
eeeeeeeeeeeeeeeeeeeeeeeeeeeeabcccccccccccccccccccccabccccccccccccccccccccc
eeeeeeeeeeeeeeeeeeeeeeeeeeee
abccccccccccccccccccccc
eeeeeeeeeeeeeeeeeeeeeeeeeeee
abccccccccccccccccccccc
eeeeeeeeeeeeeeeeeeeeeeeeeeeeabccccccccccccccccccccc
eeeeeeeeeeeeeeeeeeeeeeeeeeeeabccccccccccccccccccccc
eeeeeeeeeeeeeeeeeeeeeeeeeeeeabccccccccccccccccccccc
eeeeeeeeeeeeeeeeeeeeeeeeeeeeabccccccccccccccccccccc
eeeeeeeeeeeeeeeeeeeeeeeeeeeeabccccccccccccccccccccc
eeeeeeeeeeeeeeeeeeeeeeeeeeeeabccccccccccccccccccccc
eeeeeeeeeeeeeeeeeeeeeeeeeeeeabccccccccccccccccccccc
eeeeeeeeeeeeeeeeeeeeeeeeeeeeabccccccccccccccccccccc
eeeeeeeeeeeeeeeeeeeeeeeeeeeeabccccccccccccccccccccc
eeeeeeeeeeeeeeeeeeeeeeeeeeeeabccccccccccccccccccccc
eeeeeeeeeeeeeeeeeeeeeeeeeeeeabccccccccccccccccccccc
eeeeeeeeeeeeeeeeeeeeeeeeeeeeabcccccccccccccccccccccabccccccccccccccccccccc
eeeeeeeeeeeeeeeeeeeeeeeeeeee
abccccccccccccccccccccc
eeeeeeeeeeeeeeeeeeeeeeeeeeee
abccccccccccccccccccccc
eeeeeeeeeeeeeeeeeeeeeeeeeeeeabccccccccccccccccccccc
eeeeeeeeeeeeeeeeeeeeeeeeeeeeabccccccccccccccccccccc
eeeeeeeeeeeeeeeeeeeeeeeeeeeeabccccccccccccccccccccc
eeeeeeeeeeeeeeeeeeeeeeeeeeeeabccccccccccccccccccccc
eeeeeeeeeeeeeeeeeeeeeeeeeeeeabccccccccccccccccccccc
eeeeeeeeeeeeeeeeeeeeeeeeeeeeabccccccccccccccccccccc
eeeeeeeeeeeeeeeeeeeeeeeeeeeeabccccccccccccccccccccc
eeeeeeeeeeeeeeeeeeeeeeeeeeeeabccccccccccccccccccccc
eeeeeeeeeeeeeeeeeeeeeeeeeeeeabccccccccccccccccccccc
eeeeeeeeeeeeeeeeeeeeeeeeeeeeabccccccccccccccccccccc
eeeeeeeeeeeeeeeeeeeeeeeeeeeeabccccccccccccccccccccc
eeeeeeeeeeeeeeeeeeeeeeeeeeeeabcccccccccccccccccccccabccccccccccccccccccccc
eeeeeeeeeeeeeeeeeeeeeeeeeeee
abccccccccccccccccccccc
eeeeeeeeeeeeeeeeeeeeeeeeeeee
abccccccccccccccccccccc
eeeeeeeeeeeeeeeeeeeeeeeeeeeeabccccccccccccccccccccc
eeeeeeeeeeeeeeeeeeeeeeeeeeeeabccccccccccccccccccccc
eeeeeeeeeeeeeeeeeeeeeeeeeeeeabccccccccccccccccccccc
eeeeeeeeeeeeeeeeeeeeeeeeeeeeabccccccccccccccccccccc
eeeeeeeeeeeeeeeeeeeeeeeeeeeeabccccccccccccccccccccc
eeeeeeeeeeeeeeeeeeeeeeeeeeeeabccccccccccccccccccccc
eeeeeeeeeeeeeeeeeeeeeeeeeeeeabccccccccccccccccccccc
eeeeeeeeeeeeeeeeeeeeeeeeeeeeabccccccccccccccccccccc
eeeeeeeeeeeeeeeeeeeeeeeeeeeeabccccccccccccccccccccc
eeeeeeeeeeeeeeeeeeeeeeeeeeeeabccccccccccccccccccccc
eeeeeeeeeeeeeeeeeeeeeeeeeeeeabccccccccccccccccccccc
eeeeeeeeeeeeeeeeeeeeeeeeeeeeabcccccccccccccccccccccabccccccccccccccccccccc
eeeeeeeeeeeeeeeeeeeeeeeeeeee
abccccccccccccccccccccc
eeeeeeeeeeeeeeeeeeeeeeeeeeee
abccccccccccccccccccccc
eeeeeeeeeeeeeeeeeeeeeeeeeeeeabccccccccccccccccccccc
eeeeeeeeeeeeeeeeeeeeeeeeeeeeabccccccccccccccccccccc
eeeeeeeeeeeeeeeeeeeeeeeeeeeeabccccccccccccccccccccc
eeeeeeeeeeeeeeeeeeeeeeeeeeeeabccccccccccccccccccccc
eeeeeeeeeeeeeeeeeeeeeeeeeeeeabccccccccccccccccccccc
eeeeeeeeeeeeeeeeeeeeeeeeeeeeabccccccccccccccccccccc
eeeeeeeeeeeeeeeeeeeeeeeeeeeeabccccccccccccccccccccc
eeeeeeeeeeeeeeeeeeeeeeeeeeeeabccccccccccccccccccccc
eeeeeeeeeeeeeeeeeeeeeeeeeeeeabccccccccccccccccccccc
eeeeeeeeeeeeeeeeeeeeeeeeeeeeabccccccccccccccccccccc
eeeeeeeeeeeeeeeeeeeeeeeeeeeeabccccccccccccccccccccc
eeeeeeeeeeeeeeeeeeeeeeeeeeeeabcccccccccccccccccccccabccccccccccccccccccccc
eeeeeeeeeeeeeeeeeeeeeeeeeeee
abccccccccccccccccccccc
eeeeeeeeeeeeeeeeeeeeeeeeeeee
abccccccccccccccccccccc
eeeeeeeeeeeeeeeeeeeeeeeeeeeeabccccccccccccccccccccc
eeeeeeeeeeeeeeeeeeeeeeeeeeeeabccccccccccccccccccccc
eeeeeeeeeeeeeeeeeeeeeeeeeeeeabccccccccccccccccccccc
eeeeeeeeeeeeeeeeeeeeeeeeeeeeabccccccccccccccccccccc
eeeeeeeeeeeeeeeeeeeeeeeeeeeeabccccccccccccccccccccc
eeeeeeeeeeeeeeeeeeeeeeeeeeeeabccccccccccccccccccccc
eeeeeeeeeeeeeeeeeeeeeeeeeeeeabccccccccccccccccccccc
eeeeeeeeeeeeeeeeeeeeeeeeeeeeabccccccccccccccccccccc
eeeeeeeeeeeeeeeeeeeeeeeeeeeeabccccccccccccccccccccc
eeeeeeeeeeeeeeeeeeeeeeeeeeeeabccccccccccccccccccccc
eeeeeeeeeeeeeeeeeeeeeeeeeeeeabccccccccccccccccccccc
eeeeeeeeeeeeeeeeeeeeeeeeeeeeabcccccccccccccccccccccabccccccccccccccccccccc
eeeeeeeeeeeeeeeeeeeeeeeeeeee
abccccccccccccccccccccc
eeeeeeeeeeeeeeeeeeeeeeeeeeee
abccccccccccccccccccccc
eeeeeeeeeeeeeeeeeeeeeeeeeeeeabccccccccccccccccccccc
eeeeeeeeeeeeeeeeeeeeeeeeeeeeabccccccccccccccccccccc
eeeeeeeeeeeeeeeeeeeeeeeeeeeeabccccccccccccccccccccc
eeeeeeeeeeeeeeeeeeeeeeeeeeeeabccccccccccccccccccccc
eeeeeeeeeeeeeeeeeeeeeeeeeeeeabccccccccccccccccccccc
eeeeeeeeeeeeeeeeeeeeeeeeeeeeabccccccccccccccccccccc
eeeeeeeeeeeeeeeeeeeeeeeeeeeeabccccccccccccccccccccc
eeeeeeeeeeeeeeeeeeeeeeeeeeeeabccccccccccccccccccccc
eeeeeeeeeeeeeeeeeeeeeeeeeeeeabccccccccccccccccccccc
eeeeeeeeeeeeeeeeeeeeeeeeeeeeabccccccccccccccccccccc
eeeeeeeeeeeeeeeeeeeeeeeeeeeeabccccccccccccccccccccc
eeeeeeeeeeeeeeeeeeeeeeeeeeeeabcccccccccccccccccccccabccccccccccccccccccccc
eeeeeeeeeeeeeeeeeeeeeeeeeeee
abccccccccccccccccccccc
eeeeeeeeeeeeeeeeeeeeeeeeeeee
abccccccccccccccccccccc
eeeeeeeeeeeeeeeeeeeeeeeeeeeeabccccccccccccccccccccc
eeeeeeeeeeeeeeeeeeeeeeeeeeeeabccccccccccccccccccccc
eeeeeeeeeeeeeeeeeeeeeeeeeeeeabccccccccccccccccccccc
eeeeeeeeeeeeeeeeeeeeeeeeeeeeabccccccccccccccccccccc
eeeeeeeeeeeeeeeeeeeeeeeeeeeeabccccccccccccccccccccc
eeeeeeeeeeeeeeeeeeeeeeeeeeeeabccccccccccccccccccccc
eeeeeeeeeeeeeeeeeeeeeeeeeeeeabccccccccccccccccccccc
eeeeeeeeeeeeeeeeeeeeeeeeeeeeabccccccccccccccccccccc
eeeeeeeeeeeeeeeeeeeeeeeeeeeeabccccccccccccccccccccc
eeeeeeeeeeeeeeeeeeeeeeeeeeeeabccccccccccccccccccccc
eeeeeeeeeeeeeeeeeeeeeeeeeeeeabccccccccccccccccccccc
eeeeeeeeeeeeeeeeeeeeeeeeeeeeabcccccccccccccccccccccabccccccccccccccccccccc
eeeeeeeeeeeeeeeeeeeeeeeeeeee
abccccccccccccccccccccc
eeeeeeeeeeeeeeeeeeeeeeeeeeee
abccccccccccccccccccccc
eeeeeeeeeeeeeeeeeeeeeeeeeeeeabccccccccccccccccccccc
eeeeeeeeeeeeeeeeeeeeeeeeeeeeabccccccccccccccccccccc
eeeeeeeeeeeeeeeeeeeeeeeeeeeeabccccccccccccccccccccc
eeeeeeeeeeeeeeeeeeeeeeeeeeeeabccccccccccccccccccccc
eeeeeeeeeeeeeeeeeeeeeeeeeeeeabccccccccccccccccccccc
eeeeeeeeeeeeeeeeeeeeeeeeeeeeabccccccccccccccccccccc
eeeeeeeeeeeeeeeeeeeeeeeeeeeeabccccccccccccccccccccc
eeeeeeeeeeeeeeeeeeeeeeeeeeeeabccccccccccccccccccccc
eeeeeeeeeeeeeeeeeeeeeeeeeeeeabccccccccccccccccccccc
eeeeeeeeeeeeeeeeeeeeeeeeeeeeabccccccccccccccccccccc
eeeeeeeeeeeeeeeeeeeeeeeeeeeeabccccccccccccccccccccc
eeeeeeeeeeeeeeeeeeeeeeeeeeeeabcccccccccccccccccccccabccccccccccccccccccccc
eeeeeeeeeeeeeeeeeeeeeeeeeeee
abccccccccccccccccccccc
eeeeeeeeeeeeeeeeeeeeeeeeeeee
abccccccccccccccccccccc
eeeeeeeeeeeeeeeeeeeeeeeeeeeeabccccccccccccccccccccc
eeeeeeeeeeeeeeeeeeeeeeeeeeeeabccccccccccccccccccccc
eeeeeeeeeeeeeeeeeeeeeeeeeeeeabccccccccccccccccccccc
eeeeeeeeeeeeeeeeeeeeeeeeeeeeabccccccccccccccccccccc
eeeeeeeeeeeeeeeeeeeeeeeeeeeeabccccccccccccccccccccc
eeeeeeeeeeeeeeeeeeeeeeeeeeeeabccccccccccccccccccccc
eeeeeeeeeeeeeeeeeeeeeeeeeeeeabccccccccccccccccccccc
eeeeeeeeeeeeeeeeeeeeeeeeeeeeabccccccccccccccccccccc
eeeeeeeeeeeeeeeeeeeeeeeeeeeeabccccccccccccccccccccc
eeeeeeeeeeeeeeeeeeeeeeeeeeeeabccccccccccccccccccccc
eeeeeeeeeeeeeeeeeeeeeeeeeeeeabccccccccccccccccccccc
eeeeeeeeeeeeeeeeeeeeeeeeeeeeabcccccccccccccccccccccabccccccccccccccccccccc
eeeeeeeeeeeeeeeeeeeeeeeeeeee
abccccccccccccccccccccc
eeeeeeeeeeeeeeeeeeeeeeeeeeee
abccccccccccccccccccccc
eeeeeeeeeeeeeeeeeeeeeeeeeeeeabccccccccccccccccccccc
eeeeeeeeeeeeeeeeeeeeeeeeeeeeabccccccccccccccccccccc
eeeeeeeeeeeeeeeeeeeeeeeeeeeeabccccccccccccccccccccc
eeeeeeeeeeeeeeeeeeeeeeeeeeeeabccccccccccccccccccccc
eeeeeeeeeeeeeeeeeeeeeeeeeeeeabccccccccccccccccccccc
eeeeeeeeeeeeeeeeeeeeeeeeeeeeabccccccccccccccccccccc
eeeeeeeeeeeeeeeeeeeeeeeeeeeeabccccccccccccccccccccc
eeeeeeeeeeeeeeeeeeeeeeeeeeeeabccccccccccccccccccccc
eeeeeeeeeeeeeeeeeeeeeeeeeeeeabccccccccccccccccccccc
eeeeeeeeeeeeeeeeeeeeeeeeeeeeabccccccccccccccccccccc
eeeeeeeeeeeeeeeeeeeeeeeeeeeeabccccccccccccccccccccc
eeeeeeeeeeeeeeeeeeeeeeeeeeeeabcccccccccccccccccccccabccccccccccccccccccccc
eeeeeeeeeeeeeeeeeeeeeeeeeeee
abccccccccccccccccccccc
eeeeeeeeeeeeeeeeeeeeeeeeeeee
abccccccccccccccccccccc
eeeeeeeeeeeeeeeeeeeeeeeeeeeeabccccccccccccccccccccc
eeeeeeeeeeeeeeeeeeeeeeeeeeeeabccccccccccccccccccccc
eeeeeeeeeeeeeeeeeeeeeeeeeeeeabccccccccccccccccccccc
eeeeeeeeeeeeeeeeeeeeeeeeeeeeabccccccccccccccccccccc
eeeeeeeeeeeeeeeeeeeeeeeeeeeeabccccccccccccccccccccc
eeeeeeeeeeeeeeeeeeeeeeeeeeeeabccccccccccccccccccccc
eeeeeeeeeeeeeeeeeeeeeeeeeeeeabccccccccccccccccccccc
eeeeeeeeeeeeeeeeeeeeeeeeeeeeabccccccccccccccccccccc
eeeeeeeeeeeeeeeeeeeeeeeeeeeeabccccccccccccccccccccc
eeeeeeeeeeeeeeeeeeeeeeeeeeeeabccccccccccccccccccccc
eeeeeeeeeeeeeeeeeeeeeeeeeeeeabccccccccccccccccccccc
eeeeeeeeeeeeeeeeeeeeeeeeeeeeabcccccccccccccccccccccabccccccccccccccccccccc
eeeeeeeeeeeeeeeeeeeeeeeeeeee
abccccccccccccccccccccc
eeeeeeeeeeeeeeeeeeeeeeeeeeee
abccccccccccccccccccccc
eeeeeeeeeeeeeeeeeeeeeeeeeeeeabccccccccccccccccccccc
eeeeeeeeeeeeeeeeeeeeeeeeeeeeabccccccccccccccccccccc
eeeeeeeeeeeeeeeeeeeeeeeeeeeeabccccccccccccccccccccc
eeeeeeeeeeeeeeeeeeeeeeeeeeeeabccccccccccccccccccccc
eeeeeeeeeeeeeeeeeeeeeeeeeeeeabccccccccccccccccccccc
eeeeeeeeeeeeeeeeeeeeeeeeeeeeabccccccccccccccccccccc
eeeeeeeeeeeeeeeeeeeeeeeeeeeeabccccccccccccccccccccc
eeeeeeeeeeeeeeeeeeeeeeeeeeeeabccccccccccccccccccccc
eeeeeeeeeeeeeeeeeeeeeeeeeeeeabccccccccccccccccccccc
eeeeeeeeeeeeeeeeeeeeeeeeeeeeabccccccccccccccccccccc
eeeeeeeeeeeeeeeeeeeeeeeeeeeeabccccccccccccccccccccc
eeeeeeeeeeeeeeeeeeeeeeeeeeeeabcccccccccccccccccccccabccccccccccccccccccccc
eeeeeeeeeeeeeeeeeeeeeeeeeeee
abccccccccccccccccccccc
eeeeeeeeeeeeeeeeeeeeeeeeeeee
abccccccccccccccccccccc
eeeeeeeeeeeeeeeeeeeeeeeeeeeeabccccccccccccccccccccc
eeeeeeeeeeeeeeeeeeeeeeeeeeeeabccccccccccccccccccccc
eeeeeeeeeeeeeeeeeeeeeeeeeeeeabccccccccccccccccccccc
eeeeeeeeeeeeeeeeeeeeeeeeeeeeabccccccccccccccccccccc
eeeeeeeeeeeeeeeeeeeeeeeeeeeeabccccccccccccccccccccc
eeeeeeeeeeeeeeeeeeeeeeeeeeeeabccccccccccccccccccccc
eeeeeeeeeeeeeeeeeeeeeeeeeeeeabccccccccccccccccccccc
eeeeeeeeeeeeeeeeeeeeeeeeeeeeabccccccccccccccccccccc
eeeeeeeeeeeeeeeeeeeeeeeeeeeeabccccccccccccccccccccc
eeeeeeeeeeeeeeeeeeeeeeeeeeeeabccccccccccccccccccccc
eeeeeeeeeeeeeeeeeeeeeeeeeeeeabccccccccccccccccccccc
eeeeeeeeeeeeeeeeeeeeeeeeeeeeabcccccccccccccccccccccabccccccccccccccccccccc
eeeeeeeeeeeeeeeeeeeeeeeeeeee
abccccccccccccccccccccc
eeeeeeeeeeeeeeeeeeeeeeeeeeee
abccccccccccccccccccccc
eeeeeeeeeeeeeeeeeeeeeeeeeeeeabccccccccccccccccccccc
eeeeeeeeeeeeeeeeeeeeeeeeeeeeabccccccccccccccccccccc
eeeeeeeeeeeeeeeeeeeeeeeeeeeeabccccccccccccccccccccc
eeeeeeeeeeeeeeeeeeeeeeeeeeeeabccccccccccccccccccccc
eeeeeeeeeeeeeeeeeeeeeeeeeeeeabccccccccccccccccccccc
eeeeeeeeeeeeeeeeeeeeeeeeeeeeabccccccccccccccccccccc
eeeeeeeeeeeeeeeeeeeeeeeeeeeeabccccccccccccccccccccc
eeeeeeeeeeeeeeeeeeeeeeeeeeeeabccccccccccccccccccccc
eeeeeeeeeeeeeeeeeeeeeeeeeeeeabccccccccccccccccccccc
eeeeeeeeeeeeeeeeeeeeeeeeeeeeabccccccccccccccccccccc
eeeeeeeeeeeeeeeeeeeeeeeeeeeeabccccccccccccccccccccc
eeeeeeeeeeeeeeeeeeeeeeeeeeeeabcccccccccccccccccccccabccccccccccccccccccccc
eeeeeeeeeeeeeeeeeeeeeeeeeeee
abccccccccccccccccccccc
eeeeeeeeeeeeeeeeeeeeeeeeeeee
abccccccccccccccccccccc
eeeeeeeeeeeeeeeeeeeeeeeeeeeeabccccccccccccccccccccc
eeeeeeeeeeeeeeeeeeeeeeeeeeeeabccccccccccccccccccccc
eeeeeeeeeeeeeeeeeeeeeeeeeeeeabccccccccccccccccccccc
eeeeeeeeeeeeeeeeeeeeeeeeeeeeabccccccccccccccccccccc
eeeeeeeeeeeeeeeeeeeeeeeeeeeeabccccccccccccccccccccc
eeeeeeeeeeeeeeeeeeeeeeeeeeeeabccccccccccccccccccccc
eeeeeeeeeeeeeeeeeeeeeeeeeeeeabccccccccccccccccccccc
eeeeeeeeeeeeeeeeeeeeeeeeeeeeabccccccccccccccccccccc
eeeeeeeeeeeeeeeeeeeeeeeeeeeeabccccccccccccccccccccc
eeeeeeeeeeeeeeeeeeeeeeeeeeeeabccccccccccccccccccccc
eeeeeeeeeeeeeeeeeeeeeeeeeeeeabccccccccccccccccccccc
eeeeeeeeeeeeeeeeeeeeeeeeeeeeabcccccccccccccccccccccabccccccccccccccccccccc
eeeeeeeeeeeeeeeeeeeeeeeeeeee
abccccccccccccccccccccc
eeeeeeeeeeeeeeeeeeeeeeeeeeee
abccccccccccccccccccccc
eeeeeeeeeeeeeeeeeeeeeeeeeeeeabccccccccccccccccccccc
eeeeeeeeeeeeeeeeeeeeeeeeeeeeabccccccccccccccccccccc
eeeeeeeeeeeeeeeeeeeeeeeeeeeeabccccccccccccccccccccc
eeeeeeeeeeeeeeeeeeeeeeeeeeeeabccccccccccccccccccccc
eeeeeeeeeeeeeeeeeeeeeeeeeeeeabccccccccccccccccccccc
eeeeeeeeeeeeeeeeeeeeeeeeeeeeabccccccccccccccccccccc
eeeeeeeeeeeeeeeeeeeeeeeeeeeeabccccccccccccccccccccc
eeeeeeeeeeeeeeeeeeeeeeeeeeeeabccccccccccccccccccccc
eeeeeeeeeeeeeeeeeeeeeeeeeeeeabccccccccccccccccccccc
eeeeeeeeeeeeeeeeeeeeeeeeeeeeabccccccccccccccccccccc
eeeeeeeeeeeeeeeeeeeeeeeeeeeeabccccccccccccccccccccc
eeeeeeeeeeeeeeeeeeeeeeeeeeeeabcccccccccccccccccccccabccccccccccccccccccccc
eeeeeeeeeeeeeeeeeeeeeeeeeeee
abccccccccccccccccccccc
eeeeeeeeeeeeeeeeeeeeeeeeeeee
abccccccccccccccccccccc
eeeeeeeeeeeeeeeeeeeeeeeeeeeeabccccccccccccccccccccc
eeeeeeeeeeeeeeeeeeeeeeeeeeeeabccccccccccccccccccccc
eeeeeeeeeeeeeeeeeeeeeeeeeeeeabccccccccccccccccccccc
eeeeeeeeeeeeeeeeeeeeeeeeeeeeabccccccccccccccccccccc
eeeeeeeeeeeeeeeeeeeeeeeeeeeeabccccccccccccccccccccc
eeeeeeeeeeeeeeeeeeeeeeeeeeeeabccccccccccccccccccccc
eeeeeeeeeeeeeeeeeeeeeeeeeeeeabccccccccccccccccccccc
eeeeeeeeeeeeeeeeeeeeeeeeeeeeabccccccccccccccccccccc
eeeeeeeeeeeeeeeeeeeeeeeeeeeeabccccccccccccccccccccc
eeeeeeeeeeeeeeeeeeeeeeeeeeeeabccccccccccccccccccccc
eeeeeeeeeeeeeeeeeeeeeeeeeeeeabccccccccccccccccccccc
eeeeeeeeeeeeeeeeeeeeeeeeeeeeabcccccccccccccccccccccabccccccccccccccccccccc
eeeeeeeeeeeeeeeeeeeeeeeeeeee
abccccccccccccccccccccc
eeeeeeeeeeeeeeeeeeeeeeeeeeee
abccccccccccccccccccccc
eeeeeeeeeeeeeeeeeeeeeeeeeeeeabccccccccccccccccccccc
eeeeeeeeeeeeeeeeeeeeeeeeeeeeabccccccccccccccccccccc
eeeeeeeeeeeeeeeeeeeeeeeeeeeeabccccccccccccccccccccc
eeeeeeeeeeeeeeeeeeeeeeeeeeeeabccccccccccccccccccccc
eeeeeeeeeeeeeeeeeeeeeeeeeeeeabccccccccccccccccccccc
eeeeeeeeeeeeeeeeeeeeeeeeeeeeabccccccccccccccccccccc
eeeeeeeeeeeeeeeeeeeeeeeeeeeeabccccccccccccccccccccc
eeeeeeeeeeeeeeeeeeeeeeeeeeeeabccccccccccccccccccccc
eeeeeeeeeeeeeeeeeeeeeeeeeeeeabccccccccccccccccccccc
eeeeeeeeeeeeeeeeeeeeeeeeeeeeabccccccccccccccccccccc
eeeeeeeeeeeeeeeeeeeeeeeeeeeeabccccccccccccccccccccc
eeeeeeeeeeeeeeeeeeeeeeeeeeeeabcccccccccccccccccccccabccccccccccccccccccccc
eeeeeeeeeeeeeeeeeeeeeeeeeeee
abccccccccccccccccccccc
eeeeeeeeeeeeeeeeeeeeeeeeeeee
abccccccccccccccccccccc
eeeeeeeeeeeeeeeeeeeeeeeeeeeeabccccccccccccccccccccc
eeeeeeeeeeeeeeeeeeeeeeeeeeeeabccccccccccccccccccccc
eeeeeeeeeeeeeeeeeeeeeeeeeeeeabccccccccccccccccccccc
eeeeeeeeeeeeeeeeeeeeeeeeeeeeabccccccccccccccccccccc
eeeeeeeeeeeeeeeeeeeeeeeeeeeeabccccccccccccccccccccc
eeeeeeeeeeeeeeeeeeeeeeeeeeeeabccccccccccccccccccccc
eeeeeeeeeeeeeeeeeeeeeeeeeeeeabccccccccccccccccccccc
eeeeeeeeeeeeeeeeeeeeeeeeeeeeabccccccccccccccccccccc
eeeeeeeeeeeeeeeeeeeeeeeeeeeeabccccccccccccccccccccc
eeeeeeeeeeeeeeeeeeeeeeeeeeeeabccccccccccccccccccccc
eeeeeeeeeeeeeeeeeeeeeeeeeeeeabccccccccccccccccccccc
eeeeeeeeeeeeeeeeeeeeeeeeeeeeabcccccccccccccccccccccabccccccccccccccccccccc
eeeeeeeeeeeeeeeeeeeeeeeeeeee
abccccccccccccccccccccc
eeeeeeeeeeeeeeeeeeeeeeeeeeee
abccccccccccccccccccccc
eeeeeeeeeeeeeeeeeeeeeeeeeeeeabccccccccccccccccccccc
eeeeeeeeeeeeeeeeeeeeeeeeeeeeabccccccccccccccccccccc
eeeeeeeeeeeeeeeeeeeeeeeeeeeeabccccccccccccccccccccc
eeeeeeeeeeeeeeeeeeeeeeeeeeeeabccccccccccccccccccccc
eeeeeeeeeeeeeeeeeeeeeeeeeeeeabccccccccccccccccccccc
eeeeeeeeeeeeeeeeeeeeeeeeeeeeabccccccccccccccccccccc
eeeeeeeeeeeeeeeeeeeeeeeeeeeeabccccccccccccccccccccc
eeeeeeeeeeeeeeeeeeeeeeeeeeeeabccccccccccccccccccccc
eeeeeeeeeeeeeeeeeeeeeeeeeeeeabccccccccccccccccccccc
eeeeeeeeeeeeeeeeeeeeeeeeeeeeabccccccccccccccccccccc
eeeeeeeeeeeeeeeeeeeeeeeeeeeeabccccccccccccccccccccc
eeeeeeeeeeeeeeeeeeeeeeeeeeeeabcccccccccccccccccccccabccccccccccccccccccccc
eeeeeeeeeeeeeeeeeeeeeeeeeeee
abccccccccccccccccccccc
eeeeeeeeeeeeeeeeeeeeeeeeeeee
abccccccccccccccccccccc
eeeeeeeeeeeeeeeeeeeeeeeeeeeeabccccccccccccccccccccc
eeeeeeeeeeeeeeeeeeeeeeeeeeeeabccccccccccccccccccccc
eeeeeeeeeeeeeeeeeeeeeeeeeeeeabccccccccccccccccccccc
eeeeeeeeeeeeeeeeeeeeeeeeeeeeabccccccccccccccccccccc
eeeeeeeeeeeeeeeeeeeeeeeeeeeeabccccccccccccccccccccc
eeeeeeeeeeeeeeeeeeeeeeeeeeeeabccccccccccccccccccccc
eeeeeeeeeeeeeeeeeeeeeeeeeeeeabccccccccccccccccccccc
eeeeeeeeeeeeeeeeeeeeeeeeeeeeabccccccccccccccccccccc
eeeeeeeeeeeeeeeeeeeeeeeeeeeeabccccccccccccccccccccc
eeeeeeeeeeeeeeeeeeeeeeeeeeeeabccccccccccccccccccccc
eeeeeeeeeeeeeeeeeeeeeeeeeeeeabccccccccccccccccccccc
eeeeeeeeeeeeeeeeeeeeeeeeeeeeabcccccccccccccccccccccabccccccccccccccccccccc
eeeeeeeeeeeeeeeeeeeeeeeeeeee
abccccccccccccccccccccc
eeeeeeeeeeeeeeeeeeeeeeeeeeee
abccccccccccccccccccccc
eeeeeeeeeeeeeeeeeeeeeeeeeeeeabccccccccccccccccccccc
eeeeeeeeeeeeeeeeeeeeeeeeeeeeabccccccccccccccccccccc
eeeeeeeeeeeeeeeeeeeeeeeeeeeeabccccccccccccccccccccc
eeeeeeeeeeeeeeeeeeeeeeeeeeeeabccccccccccccccccccccc
eeeeeeeeeeeeeeeeeeeeeeeeeeeeabccccccccccccccccccccc
eeeeeeeeeeeeeeeeeeeeeeeeeeeeabccccccccccccccccccccc
eeeeeeeeeeeeeeeeeeeeeeeeeeeeabccccccccccccccccccccc
eeeeeeeeeeeeeeeeeeeeeeeeeeeeabccccccccccccccccccccc
eeeeeeeeeeeeeeeeeeeeeeeeeeeeabccccccccccccccccccccc
eeeeeeeeeeeeeeeeeeeeeeeeeeeeabccccccccccccccccccccc
eeeeeeeeeeeeeeeeeeeeeeeeeeeeabccccccccccccccccccccc
eeeeeeeeeeeeeeeeeeeeeeeeeeeeabcccccccccccccccccccccabccccccccccccccccccccc
eeeeeeeeeeeeeeeeeeeeeeeeeeee
abccccccccccccccccccccc
eeeeeeeeeeeeeeeeeeeeeeeeeeee
abccccccccccccccccccccc
eeeeeeeeeeeeeeeeeeeeeeeeeeeeabccccccccccccccccccccc
eeeeeeeeeeeeeeeeeeeeeeeeeeeeabccccccccccccccccccccc
eeeeeeeeeeeeeeeeeeeeeeeeeeeeabccccccccccccccccccccc
eeeeeeeeeeeeeeeeeeeeeeeeeeeeabccccccccccccccccccccc
eeeeeeeeeeeeeeeeeeeeeeeeeeeeabccccccccccccccccccccc
eeeeeeeeeeeeeeeeeeeeeeeeeeeeabccccccccccccccccccccc
eeeeeeeeeeeeeeeeeeeeeeeeeeeeabccccccccccccccccccccc
eeeeeeeeeeeeeeeeeeeeeeeeeeeeabccccccccccccccccccccc
eeeeeeeeeeeeeeeeeeeeeeeeeeeeabccccccccccccccccccccc
eeeeeeeeeeeeeeeeeeeeeeeeeeeeabccccccccccccccccccccc
eeeeeeeeeeeeeeeeeeeeeeeeeeeeabccccccccccccccccccccc
eeeeeeeeeeeeeeeeeeeeeeeeeeeeabcccccccccccccccccccccabccccccccccccccccccccc
eeeeeeeeeeeeeeeeeeeeeeeeeeee
abccccccccccccccccccccc
eeeeeeeeeeeeeeeeeeeeeeeeeeee
abccccccccccccccccccccc
eeeeeeeeeeeeeeeeeeeeeeeeeeeeabccccccccccccccccccccc
eeeeeeeeeeeeeeeeeeeeeeeeeeeeabccccccccccccccccccccc
eeeeeeeeeeeeeeeeeeeeeeeeeeeeabccccccccccccccccccccc
eeeeeeeeeeeeeeeeeeeeeeeeeeeeabccccccccccccccccccccc
eeeeeeeeeeeeeeeeeeeeeeeeeeeeabccccccccccccccccccccc
eeeeeeeeeeeeeeeeeeeeeeeeeeeeabccccccccccccccccccccc
eeeeeeeeeeeeeeeeeeeeeeeeeeeeabccccccccccccccccccccc
eeeeeeeeeeeeeeeeeeeeeeeeeeeeabccccccccccccccccccccc
eeeeeeeeeeeeeeeeeeeeeeeeeeeeabccccccccccccccccccccc
eeeeeeeeeeeeeeeeeeeeeeeeeeeeabccccccccccccccccccccc
eeeeeeeeeeeeeeeeeeeeeeeeeeeeabccccccccccccccccccccc
eeeeeeeeeeeeeeeeeeeeeeeeeeeeabcccccccccccccccccccccabccccccccccccccccccccc
eeeeeeeeeeeeeeeeeeeeeeeeeeee
abccccccccccccccccccccc
eeeeeeeeeeeeeeeeeeeeeeeeeeee
abccccccccccccccccccccc
eeeeeeeeeeeeeeeeeeeeeeeeeeeeabccccccccccccccccccccc
eeeeeeeeeeeeeeeeeeeeeeeeeeeeabccccccccccccccccccccc
eeeeeeeeeeeeeeeeeeeeeeeeeeeeabccccccccccccccccccccc
eeeeeeeeeeeeeeeeeeeeeeeeeeeeabccccccccccccccccccccc
eeeeeeeeeeeeeeeeeeeeeeeeeeeeabccccccccccccccccccccc
eeeeeeeeeeeeeeeeeeeeeeeeeeeeabccccccccccccccccccccc
eeeeeeeeeeeeeeeeeeeeeeeeeeeeabccccccccccccccccccccc
eeeeeeeeeeeeeeeeeeeeeeeeeeeeabccccccccccccccccccccc
eeeeeeeeeeeeeeeeeeeeeeeeeeeeabccccccccccccccccccccc
eeeeeeeeeeeeeeeeeeeeeeeeeeeeabccccccccccccccccccccc
eeeeeeeeeeeeeeeeeeeeeeeeeeeeabccccccccccccccccccccc
eeeeeeeeeeeeeeeeeeeeeeeeeeeeabcccccccccccccccccccccabccccccccccccccccccccc
eeeeeeeeeeeeeeeeeeeeeeeeeeee
abccccccccccccccccccccc
eeeeeeeeeeeeeeeeeeeeeeeeeeee
abccccccccccccccccccccc
eeeeeeeeeeeeeeeeeeeeeeeeeeeeabccccccccccccccccccccc
eeeeeeeeeeeeeeeeeeeeeeeeeeeeabccccccccccccccccccccc
eeeeeeeeeeeeeeeeeeeeeeeeeeeeabccccccccccccccccccccc
eeeeeeeeeeeeeeeeeeeeeeeeeeeeabccccccccccccccccccccc
eeeeeeeeeeeeeeeeeeeeeeeeeeeeabccccccccccccccccccccc
eeeeeeeeeeeeeeeeeeeeeeeeeeeeabccccccccccccccccccccc
eeeeeeeeeeeeeeeeeeeeeeeeeeeeabccccccccccccccccccccc
eeeeeeeeeeeeeeeeeeeeeeeeeeeeabccccccccccccccccccccc
eeeeeeeeeeeeeeeeeeeeeeeeeeeeabccccccccccccccccccccc
eeeeeeeeeeeeeeeeeeeeeeeeeeeeabccccccccccccccccccccc
eeeeeeeeeeeeeeeeeeeeeeeeeeeeabccccccccccccccccccccc
eeeeeeeeeeeeeeeeeeeeeeeeeeeeabcccccccccccccccccccccabccccccccccccccccccccc
eeeeeeeeeeeeeeeeeeeeeeeeeeee
abccccccccccccccccccccc
eeeeeeeeeeeeeeeeeeeeeeeeeeee
abccccccccccccccccccccc
eeeeeeeeeeeeeeeeeeeeeeeeeeeeabccccccccccccccccccccc
eeeeeeeeeeeeeeeeeeeeeeeeeeeeabccccccccccccccccccccc
eeeeeeeeeeeeeeeeeeeeeeeeeeeeabccccccccccccccccccccc
eeeeeeeeeeeeeeeeeeeeeeeeeeeeabccccccccccccccccccccc
eeeeeeeeeeeeeeeeeeeeeeeeeeeeabccccccccccccccccccccc
eeeeeeeeeeeeeeeeeeeeeeeeeeeeabccccccccccccccccccccc
eeeeeeeeeeeeeeeeeeeeeeeeeeeeabccccccccccccccccccccc
eeeeeeeeeeeeeeeeeeeeeeeeeeeeabccccccccccccccccccccc
eeeeeeeeeeeeeeeeeeeeeeeeeeeeabccccccccccccccccccccc
eeeeeeeeeeeeeeeeeeeeeeeeeeeeabccccccccccccccccccccc
eeeeeeeeeeeeeeeeeeeeeeeeeeeeabccccccccccccccccccccc
eeeeeeeeeeeeeeeeeeeeeeeeeeeeabcccccccccccccccccccccabccccccccccccccccccccc
eeeeeeeeeeeeeeeeeeeeeeeeeeee
abccccccccccccccccccccc
eeeeeeeeeeeeeeeeeeeeeeeeeeee
abccccccccccccccccccccc
eeeeeeeeeeeeeeeeeeeeeeeeeeeeabccccccccccccccccccccc
eeeeeeeeeeeeeeeeeeeeeeeeeeeeabccccccccccccccccccccc
eeeeeeeeeeeeeeeeeeeeeeeeeeeeabccccccccccccccccccccc
eeeeeeeeeeeeeeeeeeeeeeeeeeeeabccccccccccccccccccccc
eeeeeeeeeeeeeeeeeeeeeeeeeeeeabccccccccccccccccccccc
eeeeeeeeeeeeeeeeeeeeeeeeeeeeabccccccccccccccccccccc
eeeeeeeeeeeeeeeeeeeeeeeeeeeeabccccccccccccccccccccc
eeeeeeeeeeeeeeeeeeeeeeeeeeeeabccccccccccccccccccccc
eeeeeeeeeeeeeeeeeeeeeeeeeeeeabccccccccccccccccccccc
eeeeeeeeeeeeeeeeeeeeeeeeeeeeabccccccccccccccccccccc
eeeeeeeeeeeeeeeeeeeeeeeeeeeeabccccccccccccccccccccc
eeeeeeeeeeeeeeeeeeeeeeeeeeeeabcccccccccccccccccccccabccccccccccccccccccccc
eeeeeeeeeeeeeeeeeeeeeeeeeeee
abccccccccccccccccccccc
eeeeeeeeeeeeeeeeeeeeeeeeeeee
abccccccccccccccccccccc
eeeeeeeeeeeeeeeeeeeeeeeeeeeeabccccccccccccccccccccc
eeeeeeeeeeeeeeeeeeeeeeeeeeeeabccccccccccccccccccccc
eeeeeeeeeeeeeeeeeeeeeeeeeeeeabccccccccccccccccccccc
eeeeeeeeeeeeeeeeeeeeeeeeeeeeabccccccccccccccccccccc
eeeeeeeeeeeeeeeeeeeeeeeeeeeeabccccccccccccccccccccc
eeeeeeeeeeeeeeeeeeeeeeeeeeeeabccccccccccccccccccccc
eeeeeeeeeeeeeeeeeeeeeeeeeeeeabccccccccccccccccccccc
eeeeeeeeeeeeeeeeeeeeeeeeeeeeabccccccccccccccccccccc
eeeeeeeeeeeeeeeeeeeeeeeeeeeeabccccccccccccccccccccc
eeeeeeeeeeeeeeeeeeeeeeeeeeeeabccccccccccccccccccccc
eeeeeeeeeeeeeeeeeeeeeeeeeeeeabccccccccccccccccccccc
eeeeeeeeeeeeeeeeeeeeeeeeeeeeabcccccccccccccccccccccabccccccccccccccccccccc
eeeeeeeeeeeeeeeeeeeeeeeeeeee
abccccccccccccccccccccc
eeeeeeeeeeeeeeeeeeeeeeeeeeee
abccccccccccccccccccccc
eeeeeeeeeeeeeeeeeeeeeeeeeeeeabccccccccccccccccccccc
eeeeeeeeeeeeeeeeeeeeeeeeeeeeabccccccccccccccccccccc
eeeeeeeeeeeeeeeeeeeeeeeeeeeeabccccccccccccccccccccc
eeeeeeeeeeeeeeeeeeeeeeeeeeeeabccccccccccccccccccccc
eeeeeeeeeeeeeeeeeeeeeeeeeeeeabccccccccccccccccccccc
eeeeeeeeeeeeeeeeeeeeeeeeeeeeabccccccccccccccccccccc
eeeeeeeeeeeeeeeeeeeeeeeeeeeeabccccccccccccccccccccc
eeeeeeeeeeeeeeeeeeeeeeeeeeeeabccccccccccccccccccccc
eeeeeeeeeeeeeeeeeeeeeeeeeeeeabccccccccccccccccccccc
eeeeeeeeeeeeeeeeeeeeeeeeeeeeabccccccccccccccccccccc
eeeeeeeeeeeeeeeeeeeeeeeeeeeeabccccccccccccccccccccc
eeeeeeeeeeeeeeeeeeeeeeeeeeeeabcccccccccccccccccccccabccccccccccccccccccccc
eeeeeeeeeeeeeeeeeeeeeeeeeeee
abccccccccccccccccccccc
eeeeeeeeeeeeeeeeeeeeeeeeeeee
abccccccccccccccccccccc
eeeeeeeeeeeeeeeeeeeeeeeeeeeeabccccccccccccccccccccc
eeeeeeeeeeeeeeeeeeeeeeeeeeeeabccccccccccccccccccccc
eeeeeeeeeeeeeeeeeeeeeeeeeeeeabccccccccccccccccccccc
eeeeeeeeeeeeeeeeeeeeeeeeeeeeabccccccccccccccccccccc
eeeeeeeeeeeeeeeeeeeeeeeeeeeeabccccccccccccccccccccc
eeeeeeeeeeeeeeeeeeeeeeeeeeeeabccccccccccccccccccccc
eeeeeeeeeeeeeeeeeeeeeeeeeeeeabccccccccccccccccccccc
eeeeeeeeeeeeeeeeeeeeeeeeeeeeabccccccccccccccccccccc
eeeeeeeeeeeeeeeeeeeeeeeeeeeeabccccccccccccccccccccc
eeeeeeeeeeeeeeeeeeeeeeeeeeeeabccccccccccccccccccccc
eeeeeeeeeeeeeeeeeeeeeeeeeeeeabccccccccccccccccccccc
eeeeeeeeeeeeeeeeeeeeeeeeeeeeabcccccccccccccccccccccabccccccccccccccccccccc
eeeeeeeeeeeeeeeeeeeeeeeeeeee
abccccccccccccccccccccc
eeeeeeeeeeeeeeeeeeeeeeeeeeee
abccccccccccccccccccccc
eeeeeeeeeeeeeeeeeeeeeeeeeeeeabccccccccccccccccccccc
eeeeeeeeeeeeeeeeeeeeeeeeeeeeabccccccccccccccccccccc
eeeeeeeeeeeeeeeeeeeeeeeeeeeeabccccccccccccccccccccc
eeeeeeeeeeeeeeeeeeeeeeeeeeeeabccccccccccccccccccccc
eeeeeeeeeeeeeeeeeeeeeeeeeeeeabccccccccccccccccccccc
eeeeeeeeeeeeeeeeeeeeeeeeeeeeabccccccccccccccccccccc
eeeeeeeeeeeeeeeeeeeeeeeeeeeeabccccccccccccccccccccc
eeeeeeeeeeeeeeeeeeeeeeeeeeeeabccccccccccccccccccccc
eeeeeeeeeeeeeeeeeeeeeeeeeeeeabccccccccccccccccccccc
eeeeeeeeeeeeeeeeeeeeeeeeeeeeabccccccccccccccccccccc
eeeeeeeeeeeeeeeeeeeeeeeeeeeeabccccccccccccccccccccc
eeeeeeeeeeeeeeeeeeeeeeeeeeeeabcccccccccccccccccccccabccccccccccccccccccccc
eeeeeeeeeeeeeeeeeeeeeeeeeeee
abccccccccccccccccccccc
eeeeeeeeeeeeeeeeeeeeeeeeeeee
abccccccccccccccccccccc
eeeeeeeeeeeeeeeeeeeeeeeeeeeeabccccccccccccccccccccc
eeeeeeeeeeeeeeeeeeeeeeeeeeeeabccccccccccccccccccccc
eeeeeeeeeeeeeeeeeeeeeeeeeeeeabccccccccccccccccccccc
eeeeeeeeeeeeeeeeeeeeeeeeeeeeabccccccccccccccccccccc
eeeeeeeeeeeeeeeeeeeeeeeeeeeeabccccccccccccccccccccc
eeeeeeeeeeeeeeeeeeeeeeeeeeeeabccccccccccccccccccccc
eeeeeeeeeeeeeeeeeeeeeeeeeeeeabccccccccccccccccccccc
eeeeeeeeeeeeeeeeeeeeeeeeeeeeabccccccccccccccccccccc
eeeeeeeeeeeeeeeeeeeeeeeeeeeeabccccccccccccccccccccc
eeeeeeeeeeeeeeeeeeeeeeeeeeeeabccccccccccccccccccccc
eeeeeeeeeeeeeeeeeeeeeeeeeeeeabccccccccccccccccccccc
eeeeeeeeeeeeeeeeeeeeeeeeeeeeabcccccccccccccccccccccabccccccccccccccccccccc
eeeeeeeeeeeeeeeeeeeeeeeeeeee
abccccccccccccccccccccc
eeeeeeeeeeeeeeeeeeeeeeeeeeee
abccccccccccccccccccccc
eeeeeeeeeeeeeeeeeeeeeeeeeeeeabccccccccccccccccccccc
eeeeeeeeeeeeeeeeeeeeeeeeeeeeabccccccccccccccccccccc
eeeeeeeeeeeeeeeeeeeeeeeeeeeeabccccccccccccccccccccc
eeeeeeeeeeeeeeeeeeeeeeeeeeeeabccccccccccccccccccccc
eeeeeeeeeeeeeeeeeeeeeeeeeeeeabccccccccccccccccccccc
eeeeeeeeeeeeeeeeeeeeeeeeeeeeabccccccccccccccccccccc
eeeeeeeeeeeeeeeeeeeeeeeeeeeeabccccccccccccccccccccc
eeeeeeeeeeeeeeeeeeeeeeeeeeeeabccccccccccccccccccccc
eeeeeeeeeeeeeeeeeeeeeeeeeeeeabccccccccccccccccccccc
eeeeeeeeeeeeeeeeeeeeeeeeeeeeabccccccccccccccccccccc
eeeeeeeeeeeeeeeeeeeeeeeeeeeeabccccccccccccccccccccc
eeeeeeeeeeeeeeeeeeeeeeeeeeeeabcccccccccccccccccccccabccccccccccccccccccccc
eeeeeeeeeeeeeeeeeeeeeeeeeeee
abccccccccccccccccccccc
eeeeeeeeeeeeeeeeeeeeeeeeeeee
abccccccccccccccccccccc
eeeeeeeeeeeeeeeeeeeeeeeeeeeeabccccccccccccccccccccc
eeeeeeeeeeeeeeeeeeeeeeeeeeeeabccccccccccccccccccccc
eeeeeeeeeeeeeeeeeeeeeeeeeeeeabccccccccccccccccccccc
eeeeeeeeeeeeeeeeeeeeeeeeeeeeabccccccccccccccccccccc
eeeeeeeeeeeeeeeeeeeeeeeeeeeeabccccccccccccccccccccc
eeeeeeeeeeeeeeeeeeeeeeeeeeeeabccccccccccccccccccccc
eeeeeeeeeeeeeeeeeeeeeeeeeeeeabccccccccccccccccccccc
eeeeeeeeeeeeeeeeeeeeeeeeeeeeabccccccccccccccccccccc
eeeeeeeeeeeeeeeeeeeeeeeeeeeeabccccccccccccccccccccc
eeeeeeeeeeeeeeeeeeeeeeeeeeeeabccccccccccccccccccccc
eeeeeeeeeeeeeeeeeeeeeeeeeeeeabccccccccccccccccccccc
eeeeeeeeeeeeeeeeeeeeeeeeeeeeabcccccccccccccccccccccabccccccccccccccccccccc
eeeeeeeeeeeeeeeeeeeeeeeeeeee
abccccccccccccccccccccc
eeeeeeeeeeeeeeeeeeeeeeeeeeee
abccccccccccccccccccccc
eeeeeeeeeeeeeeeeeeeeeeeeeeeeabccccccccccccccccccccc
eeeeeeeeeeeeeeeeeeeeeeeeeeeeabccccccccccccccccccccc
eeeeeeeeeeeeeeeeeeeeeeeeeeeeabccccccccccccccccccccc
eeeeeeeeeeeeeeeeeeeeeeeeeeeeabccccccccccccccccccccc
eeeeeeeeeeeeeeeeeeeeeeeeeeeeabccccccccccccccccccccc
eeeeeeeeeeeeeeeeeeeeeeeeeeeeabccccccccccccccccccccc
eeeeeeeeeeeeeeeeeeeeeeeeeeeeabccccccccccccccccccccc
eeeeeeeeeeeeeeeeeeeeeeeeeeeeabccccccccccccccccccccc
eeeeeeeeeeeeeeeeeeeeeeeeeeeeabccccccccccccccccccccc
eeeeeeeeeeeeeeeeeeeeeeeeeeeeabccccccccccccccccccccc
eeeeeeeeeeeeeeeeeeeeeeeeeeeeabccccccccccccccccccccc
eeeeeeeeeeeeeeeeeeeeeeeeeeeeabcccccccccccccccccccccabccccccccccccccccccccc
eeeeeeeeeeeeeeeeeeeeeeeeeeee
abccccccccccccccccccccc
eeeeeeeeeeeeeeeeeeeeeeeeeeee
abccccccccccccccccccccc
eeeeeeeeeeeeeeeeeeeeeeeeeeeeabccccccccccccccccccccc
eeeeeeeeeeeeeeeeeeeeeeeeeeeeabccccccccccccccccccccc
eeeeeeeeeeeeeeeeeeeeeeeeeeeeabccccccccccccccccccccc
eeeeeeeeeeeeeeeeeeeeeeeeeeeeabccccccccccccccccccccc
eeeeeeeeeeeeeeeeeeeeeeeeeeeeabccccccccccccccccccccc
eeeeeeeeeeeeeeeeeeeeeeeeeeeeabccccccccccccccccccccc
eeeeeeeeeeeeeeeeeeeeeeeeeeeeabccccccccccccccccccccc
eeeeeeeeeeeeeeeeeeeeeeeeeeeeabccccccccccccccccccccc
eeeeeeeeeeeeeeeeeeeeeeeeeeeeabccccccccccccccccccccc
eeeeeeeeeeeeeeeeeeeeeeeeeeeeabccccccccccccccccccccc
eeeeeeeeeeeeeeeeeeeeeeeeeeeeabccccccccccccccccccccc
eeeeeeeeeeeeeeeeeeeeeeeeeeeeabcccccccccccccccccccccabccccccccccccccccccccc
eeeeeeeeeeeeeeeeeeeeeeeeeeee
abccccccccccccccccccccc
eeeeeeeeeeeeeeeeeeeeeeeeeeee
abccccccccccccccccccccc
eeeeeeeeeeeeeeeeeeeeeeeeeeeeabccccccccccccccccccccc
eeeeeeeeeeeeeeeeeeeeeeeeeeeeabccccccccccccccccccccc
eeeeeeeeeeeeeeeeeeeeeeeeeeeeabccccccccccccccccccccc
eeeeeeeeeeeeeeeeeeeeeeeeeeeeabccccccccccccccccccccc
eeeeeeeeeeeeeeeeeeeeeeeeeeeeabccccccccccccccccccccc
eeeeeeeeeeeeeeeeeeeeeeeeeeeeabccccccccccccccccccccc
eeeeeeeeeeeeeeeeeeeeeeeeeeeeabccccccccccccccccccccc
eeeeeeeeeeeeeeeeeeeeeeeeeeeeabccccccccccccccccccccc
eeeeeeeeeeeeeeeeeeeeeeeeeeeeabccccccccccccccccccccc
eeeeeeeeeeeeeeeeeeeeeeeeeeeeabccccccccccccccccccccc
eeeeeeeeeeeeeeeeeeeeeeeeeeeeabccccccccccccccccccccc
eeeeeeeeeeeeeeeeeeeeeeeeeeeeabcccccccccccccccccccccabccccccccccccccccccccc
eeeeeeeeeeeeeeeeeeeeeeeeeeee
abccccccccccccccccccccc
eeeeeeeeeeeeeeeeeeeeeeeeeeee
abccccccccccccccccccccc
eeeeeeeeeeeeeeeeeeeeeeeeeeeeabccccccccccccccccccccc
eeeeeeeeeeeeeeeeeeeeeeeeeeeeabccccccccccccccccccccc
eeeeeeeeeeeeeeeeeeeeeeeeeeeeabccccccccccccccccccccc
eeeeeeeeeeeeeeeeeeeeeeeeeeeeabccccccccccccccccccccc
eeeeeeeeeeeeeeeeeeeeeeeeeeeeabccccccccccccccccccccc
eeeeeeeeeeeeeeeeeeeeeeeeeeeeabccccccccccccccccccccc
eeeeeeeeeeeeeeeeeeeeeeeeeeeeabccccccccccccccccccccc
eeeeeeeeeeeeeeeeeeeeeeeeeeeeabccccccccccccccccccccc
eeeeeeeeeeeeeeeeeeeeeeeeeeeeabccccccccccccccccccccc
eeeeeeeeeeeeeeeeeeeeeeeeeeeeabccccccccccccccccccccc
eeeeeeeeeeeeeeeeeeeeeeeeeeeeabccccccccccccccccccccc
eeeeeeeeeeeeeeeeeeeeeeeeeeeeabcccccccccccccccccccccabccccccccccccccccccccc
eeeeeeeeeeeeeeeeeeeeeeeeeeee
abccccccccccccccccccccc
eeeeeeeeeeeeeeeeeeeeeeeeeeee
abccccccccccccccccccccc
eeeeeeeeeeeeeeeeeeeeeeeeeeeeabccccccccccccccccccccc
eeeeeeeeeeeeeeeeeeeeeeeeeeeeabccccccccccccccccccccc
eeeeeeeeeeeeeeeeeeeeeeeeeeeeabccccccccccccccccccccc
eeeeeeeeeeeeeeeeeeeeeeeeeeeeabccccccccccccccccccccc
eeeeeeeeeeeeeeeeeeeeeeeeeeeeabccccccccccccccccccccc
eeeeeeeeeeeeeeeeeeeeeeeeeeeeabccccccccccccccccccccc
eeeeeeeeeeeeeeeeeeeeeeeeeeeeabccccccccccccccccccccc
eeeeeeeeeeeeeeeeeeeeeeeeeeeeabccccccccccccccccccccc
eeeeeeeeeeeeeeeeeeeeeeeeeeeeabccccccccccccccccccccc
eeeeeeeeeeeeeeeeeeeeeeeeeeeeabccccccccccccccccccccc
eeeeeeeeeeeeeeeeeeeeeeeeeeeeabccccccccccccccccccccc
eeeeeeeeeeeeeeeeeeeeeeeeeeeeabcccccccccccccccccccccabccccccccccccccccccccc
eeeeeeeeeeeeeeeeeeeeeeeeeeee
abccccccccccccccccccccc
eeeeeeeeeeeeeeeeeeeeeeeeeeee
abccccccccccccccccccccc
eeeeeeeeeeeeeeeeeeeeeeeeeeeeabccccccccccccccccccccc
eeeeeeeeeeeeeeeeeeeeeeeeeeeeabccccccccccccccccccccc
eeeeeeeeeeeeeeeeeeeeeeeeeeeeabccccccccccccccccccccc
eeeeeeeeeeeeeeeeeeeeeeeeeeeeabccccccccccccccccccccc
eeeeeeeeeeeeeeeeeeeeeeeeeeeeabccccccccccccccccccccc
eeeeeeeeeeeeeeeeeeeeeeeeeeeeabccccccccccccccccccccc
eeeeeeeeeeeeeeeeeeeeeeeeeeeeabccccccccccccccccccccc
eeeeeeeeeeeeeeeeeeeeeeeeeeeeabccccccccccccccccccccc
eeeeeeeeeeeeeeeeeeeeeeeeeeeeabccccccccccccccccccccc
eeeeeeeeeeeeeeeeeeeeeeeeeeeeabccccccccccccccccccccc
eeeeeeeeeeeeeeeeeeeeeeeeeeeeabccccccccccccccccccccc
eeeeeeeeeeeeeeeeeeeeeeeeeeeeabcccccccccccccccccccccabccccccccccccccccccccc
eeeeeeeeeeeeeeeeeeeeeeeeeeee
abccccccccccccccccccccc
eeeeeeeeeeeeeeeeeeeeeeeeeeee
abccccccccccccccccccccc
eeeeeeeeeeeeeeeeeeeeeeeeeeeeabccccccccccccccccccccc
eeeeeeeeeeeeeeeeeeeeeeeeeeeeabccccccccccccccccccccc
eeeeeeeeeeeeeeeeeeeeeeeeeeeeabccccccccccccccccccccc
eeeeeeeeeeeeeeeeeeeeeeeeeeeeabccccccccccccccccccccc
eeeeeeeeeeeeeeeeeeeeeeeeeeeeabccccccccccccccccccccc
eeeeeeeeeeeeeeeeeeeeeeeeeeeeabccccccccccccccccccccc
eeeeeeeeeeeeeeeeeeeeeeeeeeeeabccccccccccccccccccccc
eeeeeeeeeeeeeeeeeeeeeeeeeeeeabccccccccccccccccccccc
eeeeeeeeeeeeeeeeeeeeeeeeeeeeabccccccccccccccccccccc
eeeeeeeeeeeeeeeeeeeeeeeeeeeeabccccccccccccccccccccc
eeeeeeeeeeeeeeeeeeeeeeeeeeeeabccccccccccccccccccccc
eeeeeeeeeeeeeeeeeeeeeeeeeeeeabcccccccccccccccccccccabccccccccccccccccccccc
eeeeeeeeeeeeeeeeeeeeeeeeeeee
abccccccccccccccccccccc
eeeeeeeeeeeeeeeeeeeeeeeeeeee
abccccccccccccccccccccc
eeeeeeeeeeeeeeeeeeeeeeeeeeeeabccccccccccccccccccccc
eeeeeeeeeeeeeeeeeeeeeeeeeeeeabccccccccccccccccccccc
eeeeeeeeeeeeeeeeeeeeeeeeeeeeabccccccccccccccccccccc
eeeeeeeeeeeeeeeeeeeeeeeeeeeeabccccccccccccccccccccc
eeeeeeeeeeeeeeeeeeeeeeeeeeeeabccccccccccccccccccccc
eeeeeeeeeeeeeeeeeeeeeeeeeeeeabccccccccccccccccccccc
eeeeeeeeeeeeeeeeeeeeeeeeeeeeabccccccccccccccccccccc
eeeeeeeeeeeeeeeeeeeeeeeeeeeeabccccccccccccccccccccc
eeeeeeeeeeeeeeeeeeeeeeeeeeeeabccccccccccccccccccccc
eeeeeeeeeeeeeeeeeeeeeeeeeeeeabccccccccccccccccccccc
eeeeeeeeeeeeeeeeeeeeeeeeeeeeabccccccccccccccccccccc
eeeeeeeeeeeeeeeeeeeeeeeeeeeeabcccccccccccccccccccccabccccccccccccccccccccc
eeeeeeeeeeeeeeeeeeeeeeeeeeee
abccccccccccccccccccccc
eeeeeeeeeeeeeeeeeeeeeeeeeeee
abccccccccccccccccccccc
eeeeeeeeeeeeeeeeeeeeeeeeeeeeabccccccccccccccccccccc
eeeeeeeeeeeeeeeeeeeeeeeeeeeeabccccccccccccccccccccc
eeeeeeeeeeeeeeeeeeeeeeeeeeeeabccccccccccccccccccccc
eeeeeeeeeeeeeeeeeeeeeeeeeeeeabccccccccccccccccccccc
eeeeeeeeeeeeeeeeeeeeeeeeeeeeabccccccccccccccccccccc
eeeeeeeeeeeeeeeeeeeeeeeeeeeeabccccccccccccccccccccc
eeeeeeeeeeeeeeeeeeeeeeeeeeeeabccccccccccccccccccccc
eeeeeeeeeeeeeeeeeeeeeeeeeeeeabccccccccccccccccccccc
eeeeeeeeeeeeeeeeeeeeeeeeeeeeabccccccccccccccccccccc
eeeeeeeeeeeeeeeeeeeeeeeeeeeeabccccccccccccccccccccc
eeeeeeeeeeeeeeeeeeeeeeeeeeeeabccccccccccccccccccccc
eeeeeeeeeeeeeeeeeeeeeeeeeeeeabcccccccccccccccccccccabccccccccccccccccccccc
eeeeeeeeeeeeeeeeeeeeeeeeeeee
abccccccccccccccccccccc
eeeeeeeeeeeeeeeeeeeeeeeeeeee
abccccccccccccccccccccc
eeeeeeeeeeeeeeeeeeeeeeeeeeeeabccccccccccccccccccccc
eeeeeeeeeeeeeeeeeeeeeeeeeeeeabccccccccccccccccccccc
eeeeeeeeeeeeeeeeeeeeeeeeeeeeabccccccccccccccccccccc
eeeeeeeeeeeeeeeeeeeeeeeeeeeeabccccccccccccccccccccc
eeeeeeeeeeeeeeeeeeeeeeeeeeeeabccccccccccccccccccccc
eeeeeeeeeeeeeeeeeeeeeeeeeeeeabccccccccccccccccccccc
eeeeeeeeeeeeeeeeeeeeeeeeeeeeabccccccccccccccccccccc
eeeeeeeeeeeeeeeeeeeeeeeeeeeeabccccccccccccccccccccc
eeeeeeeeeeeeeeeeeeeeeeeeeeeeabccccccccccccccccccccc
eeeeeeeeeeeeeeeeeeeeeeeeeeeeabccccccccccccccccccccc
eeeeeeeeeeeeeeeeeeeeeeeeeeeeabccccccccccccccccccccc
eeeeeeeeeeeeeeeeeeeeeeeeeeeeabcccccccccccccccccccccabccccccccccccccccccccc
eeeeeeeeeeeeeeeeeeeeeeeeeeee
abccccccccccccccccccccc
eeeeeeeeeeeeeeeeeeeeeeeeeeee
abccccccccccccccccccccc
eeeeeeeeeeeeeeeeeeeeeeeeeeeeabccccccccccccccccccccc
eeeeeeeeeeeeeeeeeeeeeeeeeeeeabccccccccccccccccccccc
eeeeeeeeeeeeeeeeeeeeeeeeeeeeabccccccccccccccccccccc
eeeeeeeeeeeeeeeeeeeeeeeeeeeeabccccccccccccccccccccc
eeeeeeeeeeeeeeeeeeeeeeeeeeeeabccccccccccccccccccccc
eeeeeeeeeeeeeeeeeeeeeeeeeeeeabccccccccccccccccccccc
eeeeeeeeeeeeeeeeeeeeeeeeeeeeabccccccccccccccccccccc
eeeeeeeeeeeeeeeeeeeeeeeeeeeeabccccccccccccccccccccc
eeeeeeeeeeeeeeeeeeeeeeeeeeeeabccccccccccccccccccccc
eeeeeeeeeeeeeeeeeeeeeeeeeeeeabccccccccccccccccccccc
eeeeeeeeeeeeeeeeeeeeeeeeeeeeabccccccccccccccccccccc
eeeeeeeeeeeeeeeeeeeeeeeeeeeeabcccccccccccccccccccccabccccccccccccccccccccc
eeeeeeeeeeeeeeeeeeeeeeeeeeee
abccccccccccccccccccccc
eeeeeeeeeeeeeeeeeeeeeeeeeeee
abccccccccccccccccccccc
eeeeeeeeeeeeeeeeeeeeeeeeeeeeabccccccccccccccccccccc
eeeeeeeeeeeeeeeeeeeeeeeeeeeeabccccccccccccccccccccc
eeeeeeeeeeeeeeeeeeeeeeeeeeeeabccccccccccccccccccccc
eeeeeeeeeeeeeeeeeeeeeeeeeeeeabccccccccccccccccccccc
eeeeeeeeeeeeeeeeeeeeeeeeeeeeabccccccccccccccccccccc
eeeeeeeeeeeeeeeeeeeeeeeeeeeeabccccccccccccccccccccc
eeeeeeeeeeeeeeeeeeeeeeeeeeeeabccccccccccccccccccccc
eeeeeeeeeeeeeeeeeeeeeeeeeeeeabccccccccccccccccccccc
eeeeeeeeeeeeeeeeeeeeeeeeeeeeabccccccccccccccccccccc
eeeeeeeeeeeeeeeeeeeeeeeeeeeeabccccccccccccccccccccc
eeeeeeeeeeeeeeeeeeeeeeeeeeeeabccccccccccccccccccccc
eeeeeeeeeeeeeeeeeeeeeeeeeeeeabcccccccccccccccccccccabccccccccccccccccccccc
eeeeeeeeeeeeeeeeeeeeeeeeeeee
abccccccccccccccccccccc
eeeeeeeeeeeeeeeeeeeeeeeeeeee
abccccccccccccccccccccc
eeeeeeeeeeeeeeeeeeeeeeeeeeeeabccccccccccccccccccccc
eeeeeeeeeeeeeeeeeeeeeeeeeeeeabccccccccccccccccccccc
eeeeeeeeeeeeeeeeeeeeeeeeeeeeabccccccccccccccccccccc
eeeeeeeeeeeeeeeeeeeeeeeeeeeeabccccccccccccccccccccc
eeeeeeeeeeeeeeeeeeeeeeeeeeeeabccccccccccccccccccccc
eeeeeeeeeeeeeeeeeeeeeeeeeeeeabccccccccccccccccccccc
eeeeeeeeeeeeeeeeeeeeeeeeeeeeabccccccccccccccccccccc
eeeeeeeeeeeeeeeeeeeeeeeeeeeeabccccccccccccccccccccc
eeeeeeeeeeeeeeeeeeeeeeeeeeeeabccccccccccccccccccccc
eeeeeeeeeeeeeeeeeeeeeeeeeeeeabccccccccccccccccccccc
eeeeeeeeeeeeeeeeeeeeeeeeeeeeabccccccccccccccccccccc
eeeeeeeeeeeeeeeeeeeeeeeeeeeeabcccccccccccccccccccccabccccccccccccccccccccc
eeeeeeeeeeeeeeeeeeeeeeeeeeee
abccccccccccccccccccccc
eeeeeeeeeeeeeeeeeeeeeeeeeeee
abccccccccccccccccccccc
eeeeeeeeeeeeeeeeeeeeeeeeeeeeabccccccccccccccccccccc
eeeeeeeeeeeeeeeeeeeeeeeeeeeeabccccccccccccccccccccc
eeeeeeeeeeeeeeeeeeeeeeeeeeeeabccccccccccccccccccccc
eeeeeeeeeeeeeeeeeeeeeeeeeeeeabccccccccccccccccccccc
eeeeeeeeeeeeeeeeeeeeeeeeeeeeabccccccccccccccccccccc
eeeeeeeeeeeeeeeeeeeeeeeeeeeeabccccccccccccccccccccc
eeeeeeeeeeeeeeeeeeeeeeeeeeeeabccccccccccccccccccccc
eeeeeeeeeeeeeeeeeeeeeeeeeeeeabccccccccccccccccccccc
eeeeeeeeeeeeeeeeeeeeeeeeeeeeabccccccccccccccccccccc
eeeeeeeeeeeeeeeeeeeeeeeeeeeeabccccccccccccccccccccc
eeeeeeeeeeeeeeeeeeeeeeeeeeeeabccccccccccccccccccccc
eeeeeeeeeeeeeeeeeeeeeeeeeeeeabcccccccccccccccccccccabccccccccccccccccccccc
eeeeeeeeeeeeeeeeeeeeeeeeeeee
abccccccccccccccccccccc
eeeeeeeeeeeeeeeeeeeeeeeeeeee
abccccccccccccccccccccc
eeeeeeeeeeeeeeeeeeeeeeeeeeeeabccccccccccccccccccccc
eeeeeeeeeeeeeeeeeeeeeeeeeeeeabccccccccccccccccccccc
eeeeeeeeeeeeeeeeeeeeeeeeeeeeabccccccccccccccccccccc
eeeeeeeeeeeeeeeeeeeeeeeeeeeeabccccccccccccccccccccc
eeeeeeeeeeeeeeeeeeeeeeeeeeeeabccccccccccccccccccccc
eeeeeeeeeeeeeeeeeeeeeeeeeeeeabccccccccccccccccccccc
eeeeeeeeeeeeeeeeeeeeeeeeeeeeabccccccccccccccccccccc
eeeeeeeeeeeeeeeeeeeeeeeeeeeeabccccccccccccccccccccc
eeeeeeeeeeeeeeeeeeeeeeeeeeeeabccccccccccccccccccccc
eeeeeeeeeeeeeeeeeeeeeeeeeeeeabccccccccccccccccccccc
eeeeeeeeeeeeeeeeeeeeeeeeeeeeabccccccccccccccccccccc
eeeeeeeeeeeeeeeeeeeeeeeeeeeeabcccccccccccccccccccccabccccccccccccccccccccc
eeeeeeeeeeeeeeeeeeeeeeeeeeee
abccccccccccccccccccccc
eeeeeeeeeeeeeeeeeeeeeeeeeeee
abccccccccccccccccccccc
eeeeeeeeeeeeeeeeeeeeeeeeeeeeabccccccccccccccccccccc
eeeeeeeeeeeeeeeeeeeeeeeeeeeeabccccccccccccccccccccc
eeeeeeeeeeeeeeeeeeeeeeeeeeeeabccccccccccccccccccccc
eeeeeeeeeeeeeeeeeeeeeeeeeeeeabccccccccccccccccccccc
eeeeeeeeeeeeeeeeeeeeeeeeeeeeabccccccccccccccccccccc
eeeeeeeeeeeeeeeeeeeeeeeeeeeeabccccccccccccccccccccc
eeeeeeeeeeeeeeeeeeeeeeeeeeeeabccccccccccccccccccccc
eeeeeeeeeeeeeeeeeeeeeeeeeeeeabccccccccccccccccccccc
eeeeeeeeeeeeeeeeeeeeeeeeeeeeabccccccccccccccccccccc
eeeeeeeeeeeeeeeeeeeeeeeeeeeeabccccccccccccccccccccc
eeeeeeeeeeeeeeeeeeeeeeeeeeeeabccccccccccccccccccccc
eeeeeeeeeeeeeeeeeeeeeeeeeeeeabcccccccccccccccccccccabccccccccccccccccccccc
eeeeeeeeeeeeeeeeeeeeeeeeeeee
abccccccccccccccccccccc
eeeeeeeeeeeeeeeeeeeeeeeeeeee
abccccccccccccccccccccc
eeeeeeeeeeeeeeeeeeeeeeeeeeeeabccccccccccccccccccccc
eeeeeeeeeeeeeeeeeeeeeeeeeeeeabccccccccccccccccccccc
eeeeeeeeeeeeeeeeeeeeeeeeeeeeabccccccccccccccccccccc
eeeeeeeeeeeeeeeeeeeeeeeeeeeeabccccccccccccccccccccc
eeeeeeeeeeeeeeeeeeeeeeeeeeeeabccccccccccccccccccccc
eeeeeeeeeeeeeeeeeeeeeeeeeeeeabccccccccccccccccccccc
eeeeeeeeeeeeeeeeeeeeeeeeeeeeabccccccccccccccccccccc
eeeeeeeeeeeeeeeeeeeeeeeeeeeeabccccccccccccccccccccc
eeeeeeeeeeeeeeeeeeeeeeeeeeeeabccccccccccccccccccccc
eeeeeeeeeeeeeeeeeeeeeeeeeeeeabccccccccccccccccccccc
eeeeeeeeeeeeeeeeeeeeeeeeeeeeabccccccccccccccccccccc
eeeeeeeeeeeeeeeeeeeeeeeeeeeeabcccccccccccccccccccccabccccccccccccccccccccc
eeeeeeeeeeeeeeeeeeeeeeeeeeee
abccccccccccccccccccccc
eeeeeeeeeeeeeeeeeeeeeeeeeeee
abccccccccccccccccccccc
eeeeeeeeeeeeeeeeeeeeeeeeeeeeabccccccccccccccccccccc
eeeeeeeeeeeeeeeeeeeeeeeeeeeeabccccccccccccccccccccc
eeeeeeeeeeeeeeeeeeeeeeeeeeeeabccccccccccccccccccccc
eeeeeeeeeeeeeeeeeeeeeeeeeeeeabccccccccccccccccccccc
eeeeeeeeeeeeeeeeeeeeeeeeeeeeabccccccccccccccccccccc
eeeeeeeeeeeeeeeeeeeeeeeeeeeeabccccccccccccccccccccc
eeeeeeeeeeeeeeeeeeeeeeeeeeeeabccccccccccccccccccccc
eeeeeeeeeeeeeeeeeeeeeeeeeeeeabccccccccccccccccccccc
eeeeeeeeeeeeeeeeeeeeeeeeeeeeabccccccccccccccccccccc
eeeeeeeeeeeeeeeeeeeeeeeeeeeeabccccccccccccccccccccc
eeeeeeeeeeeeeeeeeeeeeeeeeeeeabccccccccccccccccccccc
eeeeeeeeeeeeeeeeeeeeeeeeeeeeabcccccccccccccccccccccabccccccccccccccccccccc
eeeeeeeeeeeeeeeeeeeeeeeeeeee
abccccccccccccccccccccc
eeeeeeeeeeeeeeeeeeeeeeeeeeee
abccccccccccccccccccccc
eeeeeeeeeeeeeeeeeeeeeeeeeeeeabccccccccccccccccccccc
eeeeeeeeeeeeeeeeeeeeeeeeeeeeabccccccccccccccccccccc
eeeeeeeeeeeeeeeeeeeeeeeeeeeeabccccccccccccccccccccc
eeeeeeeeeeeeeeeeeeeeeeeeeeeeabccccccccccccccccccccc
eeeeeeeeeeeeeeeeeeeeeeeeeeeeabccccccccccccccccccccc
eeeeeeeeeeeeeeeeeeeeeeeeeeeeabccccccccccccccccccccc
eeeeeeeeeeeeeeeeeeeeeeeeeeeeabccccccccccccccccccccc
eeeeeeeeeeeeeeeeeeeeeeeeeeeeabccccccccccccccccccccc
eeeeeeeeeeeeeeeeeeeeeeeeeeeeabccccccccccccccccccccc
eeeeeeeeeeeeeeeeeeeeeeeeeeeeabccccccccccccccccccccc
eeeeeeeeeeeeeeeeeeeeeeeeeeeeabccccccccccccccccccccc
eeeeeeeeeeeeeeeeeeeeeeeeeeeeabcccccccccccccccccccccabccccccccccccccccccccc
eeeeeeeeeeeeeeeeeeeeeeeeeeee
abccccccccccccccccccccc
eeeeeeeeeeeeeeeeeeeeeeeeeeee
abccccccccccccccccccccc
eeeeeeeeeeeeeeeeeeeeeeeeeeeeabccccccccccccccccccccc
eeeeeeeeeeeeeeeeeeeeeeeeeeeeabccccccccccccccccccccc
eeeeeeeeeeeeeeeeeeeeeeeeeeeeabccccccccccccccccccccc
eeeeeeeeeeeeeeeeeeeeeeeeeeeeabccccccccccccccccccccc
eeeeeeeeeeeeeeeeeeeeeeeeeeeeabccccccccccccccccccccc
eeeeeeeeeeeeeeeeeeeeeeeeeeeeabccccccccccccccccccccc
eeeeeeeeeeeeeeeeeeeeeeeeeeeeabccccccccccccccccccccc
eeeeeeeeeeeeeeeeeeeeeeeeeeeeabccccccccccccccccccccc
eeeeeeeeeeeeeeeeeeeeeeeeeeeeabccccccccccccccccccccc
eeeeeeeeeeeeeeeeeeeeeeeeeeeeabccccccccccccccccccccc
eeeeeeeeeeeeeeeeeeeeeeeeeeeeabccccccccccccccccccccc
eeeeeeeeeeeeeeeeeeeeeeeeeeeeabcccccccccccccccccccccabccccccccccccccccccccc
eeeeeeeeeeeeeeeeeeeeeeeeeeee
abccccccccccccccccccccc
eeeeeeeeeeeeeeeeeeeeeeeeeeee
abccccccccccccccccccccc
eeeeeeeeeeeeeeeeeeeeeeeeeeeeabccccccccccccccccccccc
eeeeeeeeeeeeeeeeeeeeeeeeeeeeabccccccccccccccccccccc
eeeeeeeeeeeeeeeeeeeeeeeeeeeeabccccccccccccccccccccc
eeeeeeeeeeeeeeeeeeeeeeeeeeeeabccccccccccccccccccccc
eeeeeeeeeeeeeeeeeeeeeeeeeeeeabccccccccccccccccccccc
eeeeeeeeeeeeeeeeeeeeeeeeeeeeabccccccccccccccccccccc
eeeeeeeeeeeeeeeeeeeeeeeeeeeeabccccccccccccccccccccc
eeeeeeeeeeeeeeeeeeeeeeeeeeeeabccccccccccccccccccccc
eeeeeeeeeeeeeeeeeeeeeeeeeeeeabccccccccccccccccccccc
eeeeeeeeeeeeeeeeeeeeeeeeeeeeabccccccccccccccccccccc
eeeeeeeeeeeeeeeeeeeeeeeeeeeeabccccccccccccccccccccc
eeeeeeeeeeeeeeeeeeeeeeeeeeeeabcccccccccccccccccccccabccccccccccccccccccccc
eeeeeeeeeeeeeeeeeeeeeeeeeeee
abccccccccccccccccccccc
eeeeeeeeeeeeeeeeeeeeeeeeeeee
abccccccccccccccccccccc
eeeeeeeeeeeeeeeeeeeeeeeeeeeeabccccccccccccccccccccc
eeeeeeeeeeeeeeeeeeeeeeeeeeeeabccccccccccccccccccccc
eeeeeeeeeeeeeeeeeeeeeeeeeeeeabccccccccccccccccccccc
eeeeeeeeeeeeeeeeeeeeeeeeeeeeabccccccccccccccccccccc
eeeeeeeeeeeeeeeeeeeeeeeeeeeeabccccccccccccccccccccc
eeeeeeeeeeeeeeeeeeeeeeeeeeeeabccccccccccccccccccccc
eeeeeeeeeeeeeeeeeeeeeeeeeeeeabccccccccccccccccccccc
eeeeeeeeeeeeeeeeeeeeeeeeeeeeabccccccccccccccccccccc
eeeeeeeeeeeeeeeeeeeeeeeeeeeeabccccccccccccccccccccc
eeeeeeeeeeeeeeeeeeeeeeeeeeeeabccccccccccccccccccccc
eeeeeeeeeeeeeeeeeeeeeeeeeeeeabccccccccccccccccccccc
eeeeeeeeeeeeeeeeeeeeeeeeeeeeabcccccccccccccccccccccabccccccccccccccccccccc
eeeeeeeeeeeeeeeeeeeeeeeeeeee
abccccccccccccccccccccc
eeeeeeeeeeeeeeeeeeeeeeeeeeee
abccccccccccccccccccccc
eeeeeeeeeeeeeeeeeeeeeeeeeeeeabccccccccccccccccccccc
eeeeeeeeeeeeeeeeeeeeeeeeeeeeabccccccccccccccccccccc
eeeeeeeeeeeeeeeeeeeeeeeeeeeeabccccccccccccccccccccc
eeeeeeeeeeeeeeeeeeeeeeeeeeeeabccccccccccccccccccccc
eeeeeeeeeeeeeeeeeeeeeeeeeeeeabccccccccccccccccccccc
eeeeeeeeeeeeeeeeeeeeeeeeeeeeabccccccccccccccccccccc
eeeeeeeeeeeeeeeeeeeeeeeeeeeeabccccccccccccccccccccc
eeeeeeeeeeeeeeeeeeeeeeeeeeeeabccccccccccccccccccccc
eeeeeeeeeeeeeeeeeeeeeeeeeeeeabccccccccccccccccccccc
eeeeeeeeeeeeeeeeeeeeeeeeeeeeabccccccccccccccccccccc
eeeeeeeeeeeeeeeeeeeeeeeeeeeeabccccccccccccccccccccc
eeeeeeeeeeeeeeeeeeeeeeeeeeeeabcccccccccccccccccccccabccccccccccccccccccccc
eeeeeeeeeeeeeeeeeeeeeeeeeeee
abccccccccccccccccccccc
eeeeeeeeeeeeeeeeeeeeeeeeeeee
abccccccccccccccccccccc
eeeeeeeeeeeeeeeeeeeeeeeeeeeeabccccccccccccccccccccc
eeeeeeeeeeeeeeeeeeeeeeeeeeeeabccccccccccccccccccccc
eeeeeeeeeeeeeeeeeeeeeeeeeeeeabccccccccccccccccccccc
eeeeeeeeeeeeeeeeeeeeeeeeeeeeabccccccccccccccccccccc
eeeeeeeeeeeeeeeeeeeeeeeeeeeeabccccccccccccccccccccc
eeeeeeeeeeeeeeeeeeeeeeeeeeeeabccccccccccccccccccccc
eeeeeeeeeeeeeeeeeeeeeeeeeeeeabccccccccccccccccccccc
eeeeeeeeeeeeeeeeeeeeeeeeeeeeabccccccccccccccccccccc
eeeeeeeeeeeeeeeeeeeeeeeeeeeeabccccccccccccccccccccc
eeeeeeeeeeeeeeeeeeeeeeeeeeeeabccccccccccccccccccccc
eeeeeeeeeeeeeeeeeeeeeeeeeeeeabccccccccccccccccccccc
eeeeeeeeeeeeeeeeeeeeeeeeeeeeabcccccccccccccccccccccabccccccccccccccccccccc
eeeeeeeeeeeeeeeeeeeeeeeeeeee
abccccccccccccccccccccc
eeeeeeeeeeeeeeeeeeeeeeeeeeee
abccccccccccccccccccccc
eeeeeeeeeeeeeeeeeeeeeeeeeeeeabccccccccccccccccccccc
eeeeeeeeeeeeeeeeeeeeeeeeeeeeabccccccccccccccccccccc
eeeeeeeeeeeeeeeeeeeeeeeeeeeeabccccccccccccccccccccc
eeeeeeeeeeeeeeeeeeeeeeeeeeeeabccccccccccccccccccccc
eeeeeeeeeeeeeeeeeeeeeeeeeeeeabccccccccccccccccccccc
eeeeeeeeeeeeeeeeeeeeeeeeeeeeabccccccccccccccccccccc
eeeeeeeeeeeeeeeeeeeeeeeeeeeeabccccccccccccccccccccc
eeeeeeeeeeeeeeeeeeeeeeeeeeeeabccccccccccccccccccccc
eeeeeeeeeeeeeeeeeeeeeeeeeeeeabccccccccccccccccccccc
eeeeeeeeeeeeeeeeeeeeeeeeeeeeabccccccccccccccccccccc
eeeeeeeeeeeeeeeeeeeeeeeeeeeeabccccccccccccccccccccc
eeeeeeeeeeeeeeeeeeeeeeeeeeeeabcccccccccccccccccccccabccccccccccccccccccccc
eeeeeeeeeeeeeeeeeeeeeeeeeeee
abccccccccccccccccccccc
eeeeeeeeeeeeeeeeeeeeeeeeeeee
abccccccccccccccccccccc
eeeeeeeeeeeeeeeeeeeeeeeeeeeeabccccccccccccccccccccc
eeeeeeeeeeeeeeeeeeeeeeeeeeeeabccccccccccccccccccccc
eeeeeeeeeeeeeeeeeeeeeeeeeeeeabccccccccccccccccccccc
eeeeeeeeeeeeeeeeeeeeeeeeeeeeabccccccccccccccccccccc
eeeeeeeeeeeeeeeeeeeeeeeeeeeeabccccccccccccccccccccc
eeeeeeeeeeeeeeeeeeeeeeeeeeeeabccccccccccccccccccccc
eeeeeeeeeeeeeeeeeeeeeeeeeeeeabccccccccccccccccccccc
eeeeeeeeeeeeeeeeeeeeeeeeeeeeabccccccccccccccccccccc
eeeeeeeeeeeeeeeeeeeeeeeeeeeeabccccccccccccccccccccc
eeeeeeeeeeeeeeeeeeeeeeeeeeeeabccccccccccccccccccccc
eeeeeeeeeeeeeeeeeeeeeeeeeeeeabccccccccccccccccccccc
eeeeeeeeeeeeeeeeeeeeeeeeeeeeabcccccccccccccccccccccabccccccccccccccccccccc
eeeeeeeeeeeeeeeeeeeeeeeeeeee
abccccccccccccccccccccc
eeeeeeeeeeeeeeeeeeeeeeeeeeee
abccccccccccccccccccccc
eeeeeeeeeeeeeeeeeeeeeeeeeeeeabccccccccccccccccccccc
eeeeeeeeeeeeeeeeeeeeeeeeeeeeabccccccccccccccccccccc
eeeeeeeeeeeeeeeeeeeeeeeeeeeeabccccccccccccccccccccc
eeeeeeeeeeeeeeeeeeeeeeeeeeeeabccccccccccccccccccccc
eeeeeeeeeeeeeeeeeeeeeeeeeeeeabccccccccccccccccccccc
eeeeeeeeeeeeeeeeeeeeeeeeeeeeabccccccccccccccccccccc
eeeeeeeeeeeeeeeeeeeeeeeeeeeeabccccccccccccccccccccc
eeeeeeeeeeeeeeeeeeeeeeeeeeeeabccccccccccccccccccccc
eeeeeeeeeeeeeeeeeeeeeeeeeeeeabccccccccccccccccccccc
eeeeeeeeeeeeeeeeeeeeeeeeeeeeabccccccccccccccccccccc
eeeeeeeeeeeeeeeeeeeeeeeeeeeeabccccccccccccccccccccc
eeeeeeeeeeeeeeeeeeeeeeeeeeeeabcccccccccccccccccccccabccccccccccccccccccccc
eeeeeeeeeeeeeeeeeeeeeeeeeeee
abccccccccccccccccccccc
eeeeeeeeeeeeeeeeeeeeeeeeeeee
abccccccccccccccccccccc
eeeeeeeeeeeeeeeeeeeeeeeeeeeeabccccccccccccccccccccc
eeeeeeeeeeeeeeeeeeeeeeeeeeeeabccccccccccccccccccccc
eeeeeeeeeeeeeeeeeeeeeeeeeeeeabccccccccccccccccccccc
eeeeeeeeeeeeeeeeeeeeeeeeeeeeabccccccccccccccccccccc
eeeeeeeeeeeeeeeeeeeeeeeeeeeeabccccccccccccccccccccc
eeeeeeeeeeeeeeeeeeeeeeeeeeeeabccccccccccccccccccccc
eeeeeeeeeeeeeeeeeeeeeeeeeeeeabccccccccccccccccccccc
eeeeeeeeeeeeeeeeeeeeeeeeeeeeabccccccccccccccccccccc
eeeeeeeeeeeeeeeeeeeeeeeeeeeeabccccccccccccccccccccc
eeeeeeeeeeeeeeeeeeeeeeeeeeeeabccccccccccccccccccccc
eeeeeeeeeeeeeeeeeeeeeeeeeeeeabccccccccccccccccccccc
eeeeeeeeeeeeeeeeeeeeeeeeeeeeabcccccccccccccccccccccabccccccccccccccccccccc
eeeeeeeeeeeeeeeeeeeeeeeeeeee
abccccccccccccccccccccc
eeeeeeeeeeeeeeeeeeeeeeeeeeee
abccccccccccccccccccccc
eeeeeeeeeeeeeeeeeeeeeeeeeeeeabccccccccccccccccccccc
eeeeeeeeeeeeeeeeeeeeeeeeeeeeabccccccccccccccccccccc
eeeeeeeeeeeeeeeeeeeeeeeeeeeeabccccccccccccccccccccc
eeeeeeeeeeeeeeeeeeeeeeeeeeeeabccccccccccccccccccccc
eeeeeeeeeeeeeeeeeeeeeeeeeeeeabccccccccccccccccccccc
eeeeeeeeeeeeeeeeeeeeeeeeeeeeabccccccccccccccccccccc
eeeeeeeeeeeeeeeeeeeeeeeeeeeeabccccccccccccccccccccc
eeeeeeeeeeeeeeeeeeeeeeeeeeeeabccccccccccccccccccccc
eeeeeeeeeeeeeeeeeeeeeeeeeeeeabccccccccccccccccccccc
eeeeeeeeeeeeeeeeeeeeeeeeeeeeabccccccccccccccccccccc
eeeeeeeeeeeeeeeeeeeeeeeeeeeeabccccccccccccccccccccc
eeeeeeeeeeeeeeeeeeeeeeeeeeeeabcccccccccccccccccccccabccccccccccccccccccccc
eeeeeeeeeeeeeeeeeeeeeeeeeeee
abccccccccccccccccccccc
eeeeeeeeeeeeeeeeeeeeeeeeeeee
abccccccccccccccccccccc
eeeeeeeeeeeeeeeeeeeeeeeeeeeeabccccccccccccccccccccc
eeeeeeeeeeeeeeeeeeeeeeeeeeeeabccccccccccccccccccccc
eeeeeeeeeeeeeeeeeeeeeeeeeeeeabccccccccccccccccccccc
eeeeeeeeeeeeeeeeeeeeeeeeeeeeabccccccccccccccccccccc
eeeeeeeeeeeeeeeeeeeeeeeeeeeeabccccccccccccccccccccc
eeeeeeeeeeeeeeeeeeeeeeeeeeeeabccccccccccccccccccccc
eeeeeeeeeeeeeeeeeeeeeeeeeeeeabccccccccccccccccccccc
eeeeeeeeeeeeeeeeeeeeeeeeeeeeabccccccccccccccccccccc
eeeeeeeeeeeeeeeeeeeeeeeeeeeeabccccccccccccccccccccc
eeeeeeeeeeeeeeeeeeeeeeeeeeeeabccccccccccccccccccccc
eeeeeeeeeeeeeeeeeeeeeeeeeeeeabccccccccccccccccccccc
eeeeeeeeeeeeeeeeeeeeeeeeeeeeabcccccccccccccccccccccabccccccccccccccccccccc
eeeeeeeeeeeeeeeeeeeeeeeeeeee
abccccccccccccccccccccc
eeeeeeeeeeeeeeeeeeeeeeeeeeee
abccccccccccccccccccccc
eeeeeeeeeeeeeeeeeeeeeeeeeeeeabccccccccccccccccccccc
eeeeeeeeeeeeeeeeeeeeeeeeeeeeabccccccccccccccccccccc
eeeeeeeeeeeeeeeeeeeeeeeeeeeeabccccccccccccccccccccc
eeeeeeeeeeeeeeeeeeeeeeeeeeeeabccccccccccccccccccccc
eeeeeeeeeeeeeeeeeeeeeeeeeeeeabccccccccccccccccccccc
eeeeeeeeeeeeeeeeeeeeeeeeeeeeabccccccccccccccccccccc
eeeeeeeeeeeeeeeeeeeeeeeeeeeeabccccccccccccccccccccc
eeeeeeeeeeeeeeeeeeeeeeeeeeeeabccccccccccccccccccccc
eeeeeeeeeeeeeeeeeeeeeeeeeeeeabccccccccccccccccccccc
eeeeeeeeeeeeeeeeeeeeeeeeeeeeabccccccccccccccccccccc
eeeeeeeeeeeeeeeeeeeeeeeeeeeeabccccccccccccccccccccc
eeeeeeeeeeeeeeeeeeeeeeeeeeeeabcccccccccccccccccccccabccccccccccccccccccccc
eeeeeeeeeeeeeeeeeeeeeeeeeeee
abccccccccccccccccccccc
eeeeeeeeeeeeeeeeeeeeeeeeeeee
abccccccccccccccccccccc
eeeeeeeeeeeeeeeeeeeeeeeeeeeeabccccccccccccccccccccc
eeeeeeeeeeeeeeeeeeeeeeeeeeeeabccccccccccccccccccccc
eeeeeeeeeeeeeeeeeeeeeeeeeeeeabccccccccccccccccccccc
eeeeeeeeeeeeeeeeeeeeeeeeeeeeabccccccccccccccccccccc
eeeeeeeeeeeeeeeeeeeeeeeeeeeeabccccccccccccccccccccc
eeeeeeeeeeeeeeeeeeeeeeeeeeeeabccccccccccccccccccccc
eeeeeeeeeeeeeeeeeeeeeeeeeeeeabccccccccccccccccccccc
eeeeeeeeeeeeeeeeeeeeeeeeeeeeabccccccccccccccccccccc
eeeeeeeeeeeeeeeeeeeeeeeeeeeeabccccccccccccccccccccc
eeeeeeeeeeeeeeeeeeeeeeeeeeeeabccccccccccccccccccccc
eeeeeeeeeeeeeeeeeeeeeeeeeeeeabccccccccccccccccccccc
eeeeeeeeeeeeeeeeeeeeeeeeeeeeabcccccccccccccccccccccabccccccccccccccccccccc
eeeeeeeeeeeeeeeeeeeeeeeeeeee
abccccccccccccccccccccc
eeeeeeeeeeeeeeeeeeeeeeeeeeee
abccccccccccccccccccccc
eeeeeeeeeeeeeeeeeeeeeeeeeeeeabccccccccccccccccccccc
eeeeeeeeeeeeeeeeeeeeeeeeeeeeabccccccccccccccccccccc
eeeeeeeeeeeeeeeeeeeeeeeeeeeeabccccccccccccccccccccc
eeeeeeeeeeeeeeeeeeeeeeeeeeeeabccccccccccccccccccccc
eeeeeeeeeeeeeeeeeeeeeeeeeeeeabccccccccccccccccccccc
eeeeeeeeeeeeeeeeeeeeeeeeeeeeabccccccccccccccccccccc
eeeeeeeeeeeeeeeeeeeeeeeeeeeeabccccccccccccccccccccc
eeeeeeeeeeeeeeeeeeeeeeeeeeeeabccccccccccccccccccccc
eeeeeeeeeeeeeeeeeeeeeeeeeeeeabccccccccccccccccccccc
eeeeeeeeeeeeeeeeeeeeeeeeeeeeabccccccccccccccccccccc
eeeeeeeeeeeeeeeeeeeeeeeeeeeeabccccccccccccccccccccc
eeeeeeeeeeeeeeeeeeeeeeeeeeeeabcccccccccccccccccccccabccccccccccccccccccccc
eeeeeeeeeeeeeeeeeeeeeeeeeeee
abccccccccccccccccccccc
eeeeeeeeeeeeeeeeeeeeeeeeeeee
abccccccccccccccccccccc
eeeeeeeeeeeeeeeeeeeeeeeeeeeeabccccccccccccccccccccc
eeeeeeeeeeeeeeeeeeeeeeeeeeeeabccccccccccccccccccccc
eeeeeeeeeeeeeeeeeeeeeeeeeeeeabccccccccccccccccccccc
eeeeeeeeeeeeeeeeeeeeeeeeeeeeabccccccccccccccccccccc
eeeeeeeeeeeeeeeeeeeeeeeeeeeeabccccccccccccccccccccc
eeeeeeeeeeeeeeeeeeeeeeeeeeeeabccccccccccccccccccccc
eeeeeeeeeeeeeeeeeeeeeeeeeeeeabccccccccccccccccccccc
eeeeeeeeeeeeeeeeeeeeeeeeeeeeabccccccccccccccccccccc
eeeeeeeeeeeeeeeeeeeeeeeeeeeeabccccccccccccccccccccc
eeeeeeeeeeeeeeeeeeeeeeeeeeeeabccccccccccccccccccccc
eeeeeeeeeeeeeeeeeeeeeeeeeeeeabccccccccccccccccccccc
eeeeeeeeeeeeeeeeeeeeeeeeeeeeabcccccccccccccccccccccabccccccccccccccccccccc
eeeeeeeeeeeeeeeeeeeeeeeeeeee
abccccccccccccccccccccc
eeeeeeeeeeeeeeeeeeeeeeeeeeee
abccccccccccccccccccccc
eeeeeeeeeeeeeeeeeeeeeeeeeeeeabccccccccccccccccccccc
eeeeeeeeeeeeeeeeeeeeeeeeeeeeabccccccccccccccccccccc
eeeeeeeeeeeeeeeeeeeeeeeeeeeeabccccccccccccccccccccc
eeeeeeeeeeeeeeeeeeeeeeeeeeeeabccccccccccccccccccccc
eeeeeeeeeeeeeeeeeeeeeeeeeeeeabccccccccccccccccccccc
eeeeeeeeeeeeeeeeeeeeeeeeeeeeabccccccccccccccccccccc
eeeeeeeeeeeeeeeeeeeeeeeeeeeeabccccccccccccccccccccc
eeeeeeeeeeeeeeeeeeeeeeeeeeeeabccccccccccccccccccccc
eeeeeeeeeeeeeeeeeeeeeeeeeeeeabccccccccccccccccccccc
eeeeeeeeeeeeeeeeeeeeeeeeeeeeabccccccccccccccccccccc
eeeeeeeeeeeeeeeeeeeeeeeeeeeeabccccccccccccccccccccc
eeeeeeeeeeeeeeeeeeeeeeeeeeeeabcccccccccccccccccccccabccccccccccccccccccccc
eeeeeeeeeeeeeeeeeeeeeeeeeeee
abccccccccccccccccccccc
eeeeeeeeeeeeeeeeeeeeeeeeeeee
abccccccccccccccccccccc
eeeeeeeeeeeeeeeeeeeeeeeeeeeeabccccccccccccccccccccc
eeeeeeeeeeeeeeeeeeeeeeeeeeeeabccccccccccccccccccccc
eeeeeeeeeeeeeeeeeeeeeeeeeeeeabccccccccccccccccccccc
eeeeeeeeeeeeeeeeeeeeeeeeeeeeabccccccccccccccccccccc
eeeeeeeeeeeeeeeeeeeeeeeeeeeeabccccccccccccccccccccc
eeeeeeeeeeeeeeeeeeeeeeeeeeeeabccccccccccccccccccccc
eeeeeeeeeeeeeeeeeeeeeeeeeeeeabccccccccccccccccccccc
eeeeeeeeeeeeeeeeeeeeeeeeeeeeabccccccccccccccccccccc
eeeeeeeeeeeeeeeeeeeeeeeeeeeeabccccccccccccccccccccc
eeeeeeeeeeeeeeeeeeeeeeeeeeeeabccccccccccccccccccccc
eeeeeeeeeeeeeeeeeeeeeeeeeeeeabccccccccccccccccccccc
eeeeeeeeeeeeeeeeeeeeeeeeeeeeabcccccccccccccccccccccabccccccccccccccccccccc
eeeeeeeeeeeeeeeeeeeeeeeeeeee
abccccccccccccccccccccc
eeeeeeeeeeeeeeeeeeeeeeeeeeee
abccccccccccccccccccccc
eeeeeeeeeeeeeeeeeeeeeeeeeeeeabccccccccccccccccccccc
eeeeeeeeeeeeeeeeeeeeeeeeeeeeabccccccccccccccccccccc
eeeeeeeeeeeeeeeeeeeeeeeeeeeeabccccccccccccccccccccc
eeeeeeeeeeeeeeeeeeeeeeeeeeeeabccccccccccccccccccccc
eeeeeeeeeeeeeeeeeeeeeeeeeeeeabccccccccccccccccccccc
eeeeeeeeeeeeeeeeeeeeeeeeeeeeabccccccccccccccccccccc
eeeeeeeeeeeeeeeeeeeeeeeeeeeeabccccccccccccccccccccc
eeeeeeeeeeeeeeeeeeeeeeeeeeeeabccccccccccccccccccccc
eeeeeeeeeeeeeeeeeeeeeeeeeeeeabccccccccccccccccccccc
eeeeeeeeeeeeeeeeeeeeeeeeeeeeabccccccccccccccccccccc
eeeeeeeeeeeeeeeeeeeeeeeeeeeeabccccccccccccccccccccc
eeeeeeeeeeeeeeeeeeeeeeeeeeeeabcccccccccccccccccccccabccccccccccccccccccccc
eeeeeeeeeeeeeeeeeeeeeeeeeeee
abccccccccccccccccccccc
eeeeeeeeeeeeeeeeeeeeeeeeeeee
abccccccccccccccccccccc
eeeeeeeeeeeeeeeeeeeeeeeeeeeeabccccccccccccccccccccc
eeeeeeeeeeeeeeeeeeeeeeeeeeeeabccccccccccccccccccccc
eeeeeeeeeeeeeeeeeeeeeeeeeeeeabccccccccccccccccccccc
eeeeeeeeeeeeeeeeeeeeeeeeeeeeabccccccccccccccccccccc
eeeeeeeeeeeeeeeeeeeeeeeeeeeeabccccccccccccccccccccc
eeeeeeeeeeeeeeeeeeeeeeeeeeeeabccccccccccccccccccccc
eeeeeeeeeeeeeeeeeeeeeeeeeeeeabccccccccccccccccccccc
eeeeeeeeeeeeeeeeeeeeeeeeeeeeabccccccccccccccccccccc
eeeeeeeeeeeeeeeeeeeeeeeeeeeeabccccccccccccccccccccc
eeeeeeeeeeeeeeeeeeeeeeeeeeeeabccccccccccccccccccccc
eeeeeeeeeeeeeeeeeeeeeeeeeeeeabccccccccccccccccccccc
eeeeeeeeeeeeeeeeeeeeeeeeeeeeabcccccccccccccccccccccabccccccccccccccccccccc
eeeeeeeeeeeeeeeeeeeeeeeeeeee
abccccccccccccccccccccc
eeeeeeeeeeeeeeeeeeeeeeeeeeee
abccccccccccccccccccccc
eeeeeeeeeeeeeeeeeeeeeeeeeeeeabccccccccccccccccccccc
eeeeeeeeeeeeeeeeeeeeeeeeeeeeabccccccccccccccccccccc
eeeeeeeeeeeeeeeeeeeeeeeeeeeeabccccccccccccccccccccc
eeeeeeeeeeeeeeeeeeeeeeeeeeeeabccccccccccccccccccccc
eeeeeeeeeeeeeeeeeeeeeeeeeeeeabccccccccccccccccccccc
eeeeeeeeeeeeeeeeeeeeeeeeeeeeabccccccccccccccccccccc
eeeeeeeeeeeeeeeeeeeeeeeeeeeeabccccccccccccccccccccc
eeeeeeeeeeeeeeeeeeeeeeeeeeeeabccccccccccccccccccccc
eeeeeeeeeeeeeeeeeeeeeeeeeeeeabccccccccccccccccccccc
eeeeeeeeeeeeeeeeeeeeeeeeeeeeabccccccccccccccccccccc
eeeeeeeeeeeeeeeeeeeeeeeeeeeeabccccccccccccccccccccc
eeeeeeeeeeeeeeeeeeeeeeeeeeeeabcccccccccccccccccccccabccccccccccccccccccccc
eeeeeeeeeeeeeeeeeeeeeeeeeeee
abccccccccccccccccccccc
eeeeeeeeeeeeeeeeeeeeeeeeeeee
abccccccccccccccccccccc
eeeeeeeeeeeeeeeeeeeeeeeeeeeeabccccccccccccccccccccc
eeeeeeeeeeeeeeeeeeeeeeeeeeeeabccccccccccccccccccccc
eeeeeeeeeeeeeeeeeeeeeeeeeeeeabccccccccccccccccccccc
eeeeeeeeeeeeeeeeeeeeeeeeeeeeabccccccccccccccccccccc
eeeeeeeeeeeeeeeeeeeeeeeeeeeeabccccccccccccccccccccc
eeeeeeeeeeeeeeeeeeeeeeeeeeeeabccccccccccccccccccccc
eeeeeeeeeeeeeeeeeeeeeeeeeeeeabccccccccccccccccccccc
eeeeeeeeeeeeeeeeeeeeeeeeeeeeabccccccccccccccccccccc
eeeeeeeeeeeeeeeeeeeeeeeeeeeeabccccccccccccccccccccc
eeeeeeeeeeeeeeeeeeeeeeeeeeeeabccccccccccccccccccccc
eeeeeeeeeeeeeeeeeeeeeeeeeeeeabccccccccccccccccccccc
eeeeeeeeeeeeeeeeeeeeeeeeeeeeabcccccccccccccccccccccabccccccccccccccccccccc
eeeeeeeeeeeeeeeeeeeeeeeeeeee
abccccccccccccccccccccc
eeeeeeeeeeeeeeeeeeeeeeeeeeee
abccccccccccccccccccccc
eeeeeeeeeeeeeeeeeeeeeeeeeeeeabccccccccccccccccccccc
eeeeeeeeeeeeeeeeeeeeeeeeeeeeabccccccccccccccccccccc
eeeeeeeeeeeeeeeeeeeeeeeeeeeeabccccccccccccccccccccc
eeeeeeeeeeeeeeeeeeeeeeeeeeeeabccccccccccccccccccccc
eeeeeeeeeeeeeeeeeeeeeeeeeeeeabccccccccccccccccccccc
eeeeeeeeeeeeeeeeeeeeeeeeeeeeabccccccccccccccccccccc
eeeeeeeeeeeeeeeeeeeeeeeeeeeeabccccccccccccccccccccc
eeeeeeeeeeeeeeeeeeeeeeeeeeeeabccccccccccccccccccccc
eeeeeeeeeeeeeeeeeeeeeeeeeeeeabccccccccccccccccccccc
eeeeeeeeeeeeeeeeeeeeeeeeeeeeabccccccccccccccccccccc
eeeeeeeeeeeeeeeeeeeeeeeeeeeeabccccccccccccccccccccc
eeeeeeeeeeeeeeeeeeeeeeeeeeeeabcccccccccccccccccccccabccccccccccccccccccccc
eeeeeeeeeeeeeeeeeeeeeeeeeeee
abccccccccccccccccccccc
eeeeeeeeeeeeeeeeeeeeeeeeeeee
abccccccccccccccccccccc
eeeeeeeeeeeeeeeeeeeeeeeeeeeeabccccccccccccccccccccc
eeeeeeeeeeeeeeeeeeeeeeeeeeeeabccccccccccccccccccccc
eeeeeeeeeeeeeeeeeeeeeeeeeeeeabccccccccccccccccccccc
eeeeeeeeeeeeeeeeeeeeeeeeeeeeabccccccccccccccccccccc
eeeeeeeeeeeeeeeeeeeeeeeeeeeeabccccccccccccccccccccc
eeeeeeeeeeeeeeeeeeeeeeeeeeeeabccccccccccccccccccccc
eeeeeeeeeeeeeeeeeeeeeeeeeeeeabccccccccccccccccccccc
eeeeeeeeeeeeeeeeeeeeeeeeeeeeabccccccccccccccccccccc
eeeeeeeeeeeeeeeeeeeeeeeeeeeeabccccccccccccccccccccc
eeeeeeeeeeeeeeeeeeeeeeeeeeeeabccccccccccccccccccccc
eeeeeeeeeeeeeeeeeeeeeeeeeeeeabccccccccccccccccccccc
eeeeeeeeeeeeeeeeeeeeeeeeeeeeabcccccccccccccccccccccabccccccccccccccccccccc
eeeeeeeeeeeeeeeeeeeeeeeeeeee
abccccccccccccccccccccc
eeeeeeeeeeeeeeeeeeeeeeeeeeee
abccccccccccccccccccccc
eeeeeeeeeeeeeeeeeeeeeeeeeeeeabccccccccccccccccccccc
eeeeeeeeeeeeeeeeeeeeeeeeeeeeabccccccccccccccccccccc
eeeeeeeeeeeeeeeeeeeeeeeeeeeeabccccccccccccccccccccc
eeeeeeeeeeeeeeeeeeeeeeeeeeeeabccccccccccccccccccccc
eeeeeeeeeeeeeeeeeeeeeeeeeeeeabccccccccccccccccccccc
eeeeeeeeeeeeeeeeeeeeeeeeeeeeabccccccccccccccccccccc
eeeeeeeeeeeeeeeeeeeeeeeeeeeeabccccccccccccccccccccc
eeeeeeeeeeeeeeeeeeeeeeeeeeeeabccccccccccccccccccccc
eeeeeeeeeeeeeeeeeeeeeeeeeeeeabccccccccccccccccccccc
eeeeeeeeeeeeeeeeeeeeeeeeeeeeabccccccccccccccccccccc
eeeeeeeeeeeeeeeeeeeeeeeeeeeeabccccccccccccccccccccc
eeeeeeeeeeeeeeeeeeeeeeeeeeeeabcccccccccccccccccccccabccccccccccccccccccccc
eeeeeeeeeeeeeeeeeeeeeeeeeeee
abccccccccccccccccccccc
eeeeeeeeeeeeeeeeeeeeeeeeeeee
abccccccccccccccccccccc
eeeeeeeeeeeeeeeeeeeeeeeeeeeeabccccccccccccccccccccc
eeeeeeeeeeeeeeeeeeeeeeeeeeeeabccccccccccccccccccccc
eeeeeeeeeeeeeeeeeeeeeeeeeeeeabccccccccccccccccccccc
eeeeeeeeeeeeeeeeeeeeeeeeeeeeabccccccccccccccccccccc
eeeeeeeeeeeeeeeeeeeeeeeeeeeeabccccccccccccccccccccc
eeeeeeeeeeeeeeeeeeeeeeeeeeeeabccccccccccccccccccccc
eeeeeeeeeeeeeeeeeeeeeeeeeeeeabccccccccccccccccccccc
eeeeeeeeeeeeeeeeeeeeeeeeeeeeabccccccccccccccccccccc
eeeeeeeeeeeeeeeeeeeeeeeeeeeeabccccccccccccccccccccc
eeeeeeeeeeeeeeeeeeeeeeeeeeeeabccccccccccccccccccccc
eeeeeeeeeeeeeeeeeeeeeeeeeeeeabccccccccccccccccccccc
eeeeeeeeeeeeeeeeeeeeeeeeeeeeabcccccccccccccccccccccabccccccccccccccccccccc
eeeeeeeeeeeeeeeeeeeeeeeeeeee
abccccccccccccccccccccc
eeeeeeeeeeeeeeeeeeeeeeeeeeee
abccccccccccccccccccccc
eeeeeeeeeeeeeeeeeeeeeeeeeeeeabccccccccccccccccccccc
eeeeeeeeeeeeeeeeeeeeeeeeeeeeabccccccccccccccccccccc
eeeeeeeeeeeeeeeeeeeeeeeeeeeeabccccccccccccccccccccc
eeeeeeeeeeeeeeeeeeeeeeeeeeeeabccccccccccccccccccccc
eeeeeeeeeeeeeeeeeeeeeeeeeeeeabccccccccccccccccccccc
eeeeeeeeeeeeeeeeeeeeeeeeeeeeabccccccccccccccccccccc
eeeeeeeeeeeeeeeeeeeeeeeeeeeeabccccccccccccccccccccc
eeeeeeeeeeeeeeeeeeeeeeeeeeeeabccccccccccccccccccccc
eeeeeeeeeeeeeeeeeeeeeeeeeeeeabccccccccccccccccccccc
eeeeeeeeeeeeeeeeeeeeeeeeeeeeabccccccccccccccccccccc
eeeeeeeeeeeeeeeeeeeeeeeeeeeeabccccccccccccccccccccc
eeeeeeeeeeeeeeeeeeeeeeeeeeeeabcccccccccccccccccccccabccccccccccccccccccccc
eeeeeeeeeeeeeeeeeeeeeeeeeeee
abccccccccccccccccccccc
eeeeeeeeeeeeeeeeeeeeeeeeeeee
abccccccccccccccccccccc
eeeeeeeeeeeeeeeeeeeeeeeeeeeeabccccccccccccccccccccc
eeeeeeeeeeeeeeeeeeeeeeeeeeeeabccccccccccccccccccccc
eeeeeeeeeeeeeeeeeeeeeeeeeeeeabccccccccccccccccccccc
eeeeeeeeeeeeeeeeeeeeeeeeeeeeabccccccccccccccccccccc
eeeeeeeeeeeeeeeeeeeeeeeeeeeeabccccccccccccccccccccc
eeeeeeeeeeeeeeeeeeeeeeeeeeeeabccccccccccccccccccccc
eeeeeeeeeeeeeeeeeeeeeeeeeeeeabccccccccccccccccccccc
eeeeeeeeeeeeeeeeeeeeeeeeeeeeabccccccccccccccccccccc
eeeeeeeeeeeeeeeeeeeeeeeeeeeeabccccccccccccccccccccc
eeeeeeeeeeeeeeeeeeeeeeeeeeeeabccccccccccccccccccccc
eeeeeeeeeeeeeeeeeeeeeeeeeeeeabccccccccccccccccccccc
eeeeeeeeeeeeeeeeeeeeeeeeeeeeabcccccccccccccccccccccabccccccccccccccccccccc
eeeeeeeeeeeeeeeeeeeeeeeeeeee
abccccccccccccccccccccc
eeeeeeeeeeeeeeeeeeeeeeeeeeee
abccccccccccccccccccccc
eeeeeeeeeeeeeeeeeeeeeeeeeeeeabccccccccccccccccccccc
eeeeeeeeeeeeeeeeeeeeeeeeeeeeabccccccccccccccccccccc
eeeeeeeeeeeeeeeeeeeeeeeeeeeeabccccccccccccccccccccc
eeeeeeeeeeeeeeeeeeeeeeeeeeeeabccccccccccccccccccccc
eeeeeeeeeeeeeeeeeeeeeeeeeeeeabccccccccccccccccccccc
eeeeeeeeeeeeeeeeeeeeeeeeeeeeabccccccccccccccccccccc
eeeeeeeeeeeeeeeeeeeeeeeeeeeeabccccccccccccccccccccc
eeeeeeeeeeeeeeeeeeeeeeeeeeeeabccccccccccccccccccccc
eeeeeeeeeeeeeeeeeeeeeeeeeeeeabccccccccccccccccccccc
eeeeeeeeeeeeeeeeeeeeeeeeeeeeabccccccccccccccccccccc
eeeeeeeeeeeeeeeeeeeeeeeeeeeeabccccccccccccccccccccc
eeeeeeeeeeeeeeeeeeeeeeeeeeeeabcccccccccccccccccccccabccccccccccccccccccccc
eeeeeeeeeeeeeeeeeeeeeeeeeeee
abccccccccccccccccccccc
eeeeeeeeeeeeeeeeeeeeeeeeeeee
abccccccccccccccccccccc
eeeeeeeeeeeeeeeeeeeeeeeeeeeeabccccccccccccccccccccc
eeeeeeeeeeeeeeeeeeeeeeeeeeeeabccccccccccccccccccccc
eeeeeeeeeeeeeeeeeeeeeeeeeeeeabccccccccccccccccccccc
eeeeeeeeeeeeeeeeeeeeeeeeeeeeabccccccccccccccccccccc
eeeeeeeeeeeeeeeeeeeeeeeeeeeeabccccccccccccccccccccc
eeeeeeeeeeeeeeeeeeeeeeeeeeeeabccccccccccccccccccccc
eeeeeeeeeeeeeeeeeeeeeeeeeeeeabccccccccccccccccccccc
eeeeeeeeeeeeeeeeeeeeeeeeeeeeabccccccccccccccccccccc
eeeeeeeeeeeeeeeeeeeeeeeeeeeeabccccccccccccccccccccc
eeeeeeeeeeeeeeeeeeeeeeeeeeeeabccccccccccccccccccccc
eeeeeeeeeeeeeeeeeeeeeeeeeeeeabccccccccccccccccccccc
eeeeeeeeeeeeeeeeeeeeeeeeeeeeabcccccccccccccccccccccabccccccccccccccccccccc
eeeeeeeeeeeeeeeeeeeeeeeeeeee
abccccccccccccccccccccc
eeeeeeeeeeeeeeeeeeeeeeeeeeee
abccccccccccccccccccccc
eeeeeeeeeeeeeeeeeeeeeeeeeeeeabccccccccccccccccccccc
eeeeeeeeeeeeeeeeeeeeeeeeeeeeabccccccccccccccccccccc
eeeeeeeeeeeeeeeeeeeeeeeeeeeeabccccccccccccccccccccc
eeeeeeeeeeeeeeeeeeeeeeeeeeeeabccccccccccccccccccccc
eeeeeeeeeeeeeeeeeeeeeeeeeeeeabccccccccccccccccccccc
eeeeeeeeeeeeeeeeeeeeeeeeeeeeabccccccccccccccccccccc
eeeeeeeeeeeeeeeeeeeeeeeeeeeeabccccccccccccccccccccc
eeeeeeeeeeeeeeeeeeeeeeeeeeeeabccccccccccccccccccccc
eeeeeeeeeeeeeeeeeeeeeeeeeeeeabccccccccccccccccccccc
eeeeeeeeeeeeeeeeeeeeeeeeeeeeabccccccccccccccccccccc
eeeeeeeeeeeeeeeeeeeeeeeeeeeeabccccccccccccccccccccc
eeeeeeeeeeeeeeeeeeeeeeeeeeeeabcccccccccccccccccccccabccccccccccccccccccccc
eeeeeeeeeeeeeeeeeeeeeeeeeeee
abccccccccccccccccccccc
eeeeeeeeeeeeeeeeeeeeeeeeeeee
abccccccccccccccccccccc
eeeeeeeeeeeeeeeeeeeeeeeeeeeeabccccccccccccccccccccc
eeeeeeeeeeeeeeeeeeeeeeeeeeeeabccccccccccccccccccccc
eeeeeeeeeeeeeeeeeeeeeeeeeeeeabccccccccccccccccccccc
eeeeeeeeeeeeeeeeeeeeeeeeeeeeabccccccccccccccccccccc
eeeeeeeeeeeeeeeeeeeeeeeeeeeeabccccccccccccccccccccc
eeeeeeeeeeeeeeeeeeeeeeeeeeeeabccccccccccccccccccccc
eeeeeeeeeeeeeeeeeeeeeeeeeeeeabccccccccccccccccccccc
eeeeeeeeeeeeeeeeeeeeeeeeeeeeabccccccccccccccccccccc
eeeeeeeeeeeeeeeeeeeeeeeeeeeeabccccccccccccccccccccc
eeeeeeeeeeeeeeeeeeeeeeeeeeeeabccccccccccccccccccccc
eeeeeeeeeeeeeeeeeeeeeeeeeeeeabccccccccccccccccccccc
eeeeeeeeeeeeeeeeeeeeeeeeeeeeabcccccccccccccccccccccabccccccccccccccccccccc
eeeeeeeeeeeeeeeeeeeeeeeeeeee
abccccccccccccccccccccc
eeeeeeeeeeeeeeeeeeeeeeeeeeee
abccccccccccccccccccccc
eeeeeeeeeeeeeeeeeeeeeeeeeeeeabccccccccccccccccccccc
eeeeeeeeeeeeeeeeeeeeeeeeeeeeabccccccccccccccccccccc
eeeeeeeeeeeeeeeeeeeeeeeeeeeeabccccccccccccccccccccc
eeeeeeeeeeeeeeeeeeeeeeeeeeeeabccccccccccccccccccccc
eeeeeeeeeeeeeeeeeeeeeeeeeeeeabccccccccccccccccccccc
eeeeeeeeeeeeeeeeeeeeeeeeeeeeabccccccccccccccccccccc
eeeeeeeeeeeeeeeeeeeeeeeeeeeeabccccccccccccccccccccc
eeeeeeeeeeeeeeeeeeeeeeeeeeeeabccccccccccccccccccccc
eeeeeeeeeeeeeeeeeeeeeeeeeeeeabccccccccccccccccccccc
eeeeeeeeeeeeeeeeeeeeeeeeeeeeabccccccccccccccccccccc
eeeeeeeeeeeeeeeeeeeeeeeeeeeeabccccccccccccccccccccc
eeeeeeeeeeeeeeeeeeeeeeeeeeeeabcccccccccccccccccccccabccccccccccccccccccccc
eeeeeeeeeeeeeeeeeeeeeeeeeeee
abccccccccccccccccccccc
eeeeeeeeeeeeeeeeeeeeeeeeeeee
abccccccccccccccccccccc
eeeeeeeeeeeeeeeeeeeeeeeeeeeeabccccccccccccccccccccc
eeeeeeeeeeeeeeeeeeeeeeeeeeeeabccccccccccccccccccccc
eeeeeeeeeeeeeeeeeeeeeeeeeeeeabccccccccccccccccccccc
eeeeeeeeeeeeeeeeeeeeeeeeeeeeabccccccccccccccccccccc
eeeeeeeeeeeeeeeeeeeeeeeeeeeeabccccccccccccccccccccc
eeeeeeeeeeeeeeeeeeeeeeeeeeeeabccccccccccccccccccccc
eeeeeeeeeeeeeeeeeeeeeeeeeeeeabccccccccccccccccccccc
eeeeeeeeeeeeeeeeeeeeeeeeeeeeabccccccccccccccccccccc
eeeeeeeeeeeeeeeeeeeeeeeeeeeeabccccccccccccccccccccc
eeeeeeeeeeeeeeeeeeeeeeeeeeeeabccccccccccccccccccccc
eeeeeeeeeeeeeeeeeeeeeeeeeeeeabccccccccccccccccccccc
eeeeeeeeeeeeeeeeeeeeeeeeeeeeabcccccccccccccccccccccabccccccccccccccccccccc
eeeeeeeeeeeeeeeeeeeeeeeeeeee
abccccccccccccccccccccc
eeeeeeeeeeeeeeeeeeeeeeeeeeee
abccccccccccccccccccccc
eeeeeeeeeeeeeeeeeeeeeeeeeeeeabccccccccccccccccccccc
eeeeeeeeeeeeeeeeeeeeeeeeeeeeabccccccccccccccccccccc
eeeeeeeeeeeeeeeeeeeeeeeeeeeeabccccccccccccccccccccc
eeeeeeeeeeeeeeeeeeeeeeeeeeeeabccccccccccccccccccccc
eeeeeeeeeeeeeeeeeeeeeeeeeeeeabccccccccccccccccccccc
eeeeeeeeeeeeeeeeeeeeeeeeeeeeabccccccccccccccccccccc
eeeeeeeeeeeeeeeeeeeeeeeeeeeeabccccccccccccccccccccc
eeeeeeeeeeeeeeeeeeeeeeeeeeeeabccccccccccccccccccccc
eeeeeeeeeeeeeeeeeeeeeeeeeeeeabccccccccccccccccccccc
eeeeeeeeeeeeeeeeeeeeeeeeeeeeabccccccccccccccccccccc
eeeeeeeeeeeeeeeeeeeeeeeeeeeeabccccccccccccccccccccc
eeeeeeeeeeeeeeeeeeeeeeeeeeeeabcccccccccccccccccccccabccccccccccccccccccccc
eeeeeeeeeeeeeeeeeeeeeeeeeeee
abccccccccccccccccccccc
eeeeeeeeeeeeeeeeeeeeeeeeeeee
abccccccccccccccccccccc
eeeeeeeeeeeeeeeeeeeeeeeeeeeeabccccccccccccccccccccc
eeeeeeeeeeeeeeeeeeeeeeeeeeeeabccccccccccccccccccccc
eeeeeeeeeeeeeeeeeeeeeeeeeeeeabccccccccccccccccccccc
eeeeeeeeeeeeeeeeeeeeeeeeeeeeabccccccccccccccccccccc
eeeeeeeeeeeeeeeeeeeeeeeeeeeeabccccccccccccccccccccc
eeeeeeeeeeeeeeeeeeeeeeeeeeeeabccccccccccccccccccccc
eeeeeeeeeeeeeeeeeeeeeeeeeeeeabccccccccccccccccccccc
eeeeeeeeeeeeeeeeeeeeeeeeeeeeabccccccccccccccccccccc
eeeeeeeeeeeeeeeeeeeeeeeeeeeeabccccccccccccccccccccc
eeeeeeeeeeeeeeeeeeeeeeeeeeeeabccccccccccccccccccccc
eeeeeeeeeeeeeeeeeeeeeeeeeeeeabccccccccccccccccccccc
eeeeeeeeeeeeeeeeeeeeeeeeeeeeabcccccccccccccccccccccabccccccccccccccccccccc
eeeeeeeeeeeeeeeeeeeeeeeeeeee
abccccccccccccccccccccc
eeeeeeeeeeeeeeeeeeeeeeeeeeee
abccccccccccccccccccccc
eeeeeeeeeeeeeeeeeeeeeeeeeeeeabccccccccccccccccccccc
eeeeeeeeeeeeeeeeeeeeeeeeeeeeabccccccccccccccccccccc
eeeeeeeeeeeeeeeeeeeeeeeeeeeeabccccccccccccccccccccc
eeeeeeeeeeeeeeeeeeeeeeeeeeeeabccccccccccccccccccccc
eeeeeeeeeeeeeeeeeeeeeeeeeeeeabccccccccccccccccccccc
eeeeeeeeeeeeeeeeeeeeeeeeeeeeabccccccccccccccccccccc
eeeeeeeeeeeeeeeeeeeeeeeeeeeeabccccccccccccccccccccc
eeeeeeeeeeeeeeeeeeeeeeeeeeeeabccccccccccccccccccccc
eeeeeeeeeeeeeeeeeeeeeeeeeeeeabccccccccccccccccccccc
eeeeeeeeeeeeeeeeeeeeeeeeeeeeabccccccccccccccccccccc
eeeeeeeeeeeeeeeeeeeeeeeeeeeeabccccccccccccccccccccc
eeeeeeeeeeeeeeeeeeeeeeeeeeeeabcccccccccccccccccccccabccccccccccccccccccccc
eeeeeeeeeeeeeeeeeeeeeeeeeeee
abccccccccccccccccccccc
eeeeeeeeeeeeeeeeeeeeeeeeeeee
abccccccccccccccccccccc
eeeeeeeeeeeeeeeeeeeeeeeeeeeeabccccccccccccccccccccc
eeeeeeeeeeeeeeeeeeeeeeeeeeeeabccccccccccccccccccccc
eeeeeeeeeeeeeeeeeeeeeeeeeeeeabccccccccccccccccccccc
eeeeeeeeeeeeeeeeeeeeeeeeeeeeabccccccccccccccccccccc
eeeeeeeeeeeeeeeeeeeeeeeeeeeeabccccccccccccccccccccc
eeeeeeeeeeeeeeeeeeeeeeeeeeeeabccccccccccccccccccccc
eeeeeeeeeeeeeeeeeeeeeeeeeeeeabccccccccccccccccccccc
eeeeeeeeeeeeeeeeeeeeeeeeeeeeabccccccccccccccccccccc
eeeeeeeeeeeeeeeeeeeeeeeeeeeeabccccccccccccccccccccc
eeeeeeeeeeeeeeeeeeeeeeeeeeeeabccccccccccccccccccccc
eeeeeeeeeeeeeeeeeeeeeeeeeeeeabccccccccccccccccccccc
eeeeeeeeeeeeeeeeeeeeeeeeeeeeabcccccccccccccccccccccabccccccccccccccccccccc
eeeeeeeeeeeeeeeeeeeeeeeeeeee
abccccccccccccccccccccc
eeeeeeeeeeeeeeeeeeeeeeeeeeee
abccccccccccccccccccccc
eeeeeeeeeeeeeeeeeeeeeeeeeeeeabccccccccccccccccccccc
eeeeeeeeeeeeeeeeeeeeeeeeeeeeabccccccccccccccccccccc
eeeeeeeeeeeeeeeeeeeeeeeeeeeeabccccccccccccccccccccc
eeeeeeeeeeeeeeeeeeeeeeeeeeeeabccccccccccccccccccccc
eeeeeeeeeeeeeeeeeeeeeeeeeeeeabccccccccccccccccccccc
eeeeeeeeeeeeeeeeeeeeeeeeeeeeabccccccccccccccccccccc
eeeeeeeeeeeeeeeeeeeeeeeeeeeeabccccccccccccccccccccc
eeeeeeeeeeeeeeeeeeeeeeeeeeeeabccccccccccccccccccccc
eeeeeeeeeeeeeeeeeeeeeeeeeeeeabccccccccccccccccccccc
eeeeeeeeeeeeeeeeeeeeeeeeeeeeabccccccccccccccccccccc
eeeeeeeeeeeeeeeeeeeeeeeeeeeeabccccccccccccccccccccc
eeeeeeeeeeeeeeeeeeeeeeeeeeeeabcccccccccccccccccccccabccccccccccccccccccccc
eeeeeeeeeeeeeeeeeeeeeeeeeeee
abccccccccccccccccccccc
eeeeeeeeeeeeeeeeeeeeeeeeeeee
abccccccccccccccccccccc
eeeeeeeeeeeeeeeeeeeeeeeeeeeeabccccccccccccccccccccc
eeeeeeeeeeeeeeeeeeeeeeeeeeeeabccccccccccccccccccccc
eeeeeeeeeeeeeeeeeeeeeeeeeeeeabccccccccccccccccccccc
eeeeeeeeeeeeeeeeeeeeeeeeeeeeabccccccccccccccccccccc
eeeeeeeeeeeeeeeeeeeeeeeeeeeeabccccccccccccccccccccc
eeeeeeeeeeeeeeeeeeeeeeeeeeeeabccccccccccccccccccccc
eeeeeeeeeeeeeeeeeeeeeeeeeeeeabccccccccccccccccccccc
eeeeeeeeeeeeeeeeeeeeeeeeeeeeabccccccccccccccccccccc
eeeeeeeeeeeeeeeeeeeeeeeeeeeeabccccccccccccccccccccc
eeeeeeeeeeeeeeeeeeeeeeeeeeeeabccccccccccccccccccccc
eeeeeeeeeeeeeeeeeeeeeeeeeeeeabccccccccccccccccccccc
eeeeeeeeeeeeeeeeeeeeeeeeeeeeabcccccccccccccccccccccabccccccccccccccccccccc
eeeeeeeeeeeeeeeeeeeeeeeeeeee
abccccccccccccccccccccc
eeeeeeeeeeeeeeeeeeeeeeeeeeee
abccccccccccccccccccccc
eeeeeeeeeeeeeeeeeeeeeeeeeeeeabccccccccccccccccccccc
eeeeeeeeeeeeeeeeeeeeeeeeeeeeabccccccccccccccccccccc
eeeeeeeeeeeeeeeeeeeeeeeeeeeeabccccccccccccccccccccc
eeeeeeeeeeeeeeeeeeeeeeeeeeeeabccccccccccccccccccccc
eeeeeeeeeeeeeeeeeeeeeeeeeeeeabccccccccccccccccccccc
eeeeeeeeeeeeeeeeeeeeeeeeeeeeabccccccccccccccccccccc
eeeeeeeeeeeeeeeeeeeeeeeeeeeeabccccccccccccccccccccc
eeeeeeeeeeeeeeeeeeeeeeeeeeeeabccccccccccccccccccccc
eeeeeeeeeeeeeeeeeeeeeeeeeeeeabccccccccccccccccccccc
eeeeeeeeeeeeeeeeeeeeeeeeeeeeabccccccccccccccccccccc
eeeeeeeeeeeeeeeeeeeeeeeeeeeeabccccccccccccccccccccc
eeeeeeeeeeeeeeeeeeeeeeeeeeeeabcccccccccccccccccccccabccccccccccccccccccccc
eeeeeeeeeeeeeeeeeeeeeeeeeeee
abccccccccccccccccccccc
eeeeeeeeeeeeeeeeeeeeeeeeeeee
abccccccccccccccccccccc
eeeeeeeeeeeeeeeeeeeeeeeeeeeeabccccccccccccccccccccc
eeeeeeeeeeeeeeeeeeeeeeeeeeeeabccccccccccccccccccccc
eeeeeeeeeeeeeeeeeeeeeeeeeeeeabccccccccccccccccccccc
eeeeeeeeeeeeeeeeeeeeeeeeeeeeabccccccccccccccccccccc
eeeeeeeeeeeeeeeeeeeeeeeeeeeeabccccccccccccccccccccc
eeeeeeeeeeeeeeeeeeeeeeeeeeeeabccccccccccccccccccccc
eeeeeeeeeeeeeeeeeeeeeeeeeeeeabccccccccccccccccccccc
eeeeeeeeeeeeeeeeeeeeeeeeeeeeabccccccccccccccccccccc
eeeeeeeeeeeeeeeeeeeeeeeeeeeeabccccccccccccccccccccc
eeeeeeeeeeeeeeeeeeeeeeeeeeeeabccccccccccccccccccccc
eeeeeeeeeeeeeeeeeeeeeeeeeeeeabccccccccccccccccccccc
eeeeeeeeeeeeeeeeeeeeeeeeeeeeabcccccccccccccccccccccabccccccccccccccccccccc
eeeeeeeeeeeeeeeeeeeeeeeeeeee
abccccccccccccccccccccc
eeeeeeeeeeeeeeeeeeeeeeeeeeee
abccccccccccccccccccccc
eeeeeeeeeeeeeeeeeeeeeeeeeeeeabccccccccccccccccccccc
eeeeeeeeeeeeeeeeeeeeeeeeeeeeabccccccccccccccccccccc
eeeeeeeeeeeeeeeeeeeeeeeeeeeeabccccccccccccccccccccc
eeeeeeeeeeeeeeeeeeeeeeeeeeeeabccccccccccccccccccccc
eeeeeeeeeeeeeeeeeeeeeeeeeeeeabccccccccccccccccccccc
eeeeeeeeeeeeeeeeeeeeeeeeeeeeabccccccccccccccccccccc
eeeeeeeeeeeeeeeeeeeeeeeeeeeeabccccccccccccccccccccc
eeeeeeeeeeeeeeeeeeeeeeeeeeeeabccccccccccccccccccccc
eeeeeeeeeeeeeeeeeeeeeeeeeeeeabccccccccccccccccccccc
eeeeeeeeeeeeeeeeeeeeeeeeeeeeabccccccccccccccccccccc
eeeeeeeeeeeeeeeeeeeeeeeeeeeeabccccccccccccccccccccc
eeeeeeeeeeeeeeeeeeeeeeeeeeeeabcccccccccccccccccccccabccccccccccccccccccccc
eeeeeeeeeeeeeeeeeeeeeeeeeeee
abccccccccccccccccccccc
eeeeeeeeeeeeeeeeeeeeeeeeeeee
abccccccccccccccccccccc
eeeeeeeeeeeeeeeeeeeeeeeeeeeeabccccccccccccccccccccc
eeeeeeeeeeeeeeeeeeeeeeeeeeeeabccccccccccccccccccccc
eeeeeeeeeeeeeeeeeeeeeeeeeeeeabccccccccccccccccccccc
eeeeeeeeeeeeeeeeeeeeeeeeeeeeabccccccccccccccccccccc
eeeeeeeeeeeeeeeeeeeeeeeeeeeeabccccccccccccccccccccc
eeeeeeeeeeeeeeeeeeeeeeeeeeeeabccccccccccccccccccccc
eeeeeeeeeeeeeeeeeeeeeeeeeeeeabccccccccccccccccccccc
eeeeeeeeeeeeeeeeeeeeeeeeeeeeabccccccccccccccccccccc
eeeeeeeeeeeeeeeeeeeeeeeeeeeeabccccccccccccccccccccc
eeeeeeeeeeeeeeeeeeeeeeeeeeeeabccccccccccccccccccccc
eeeeeeeeeeeeeeeeeeeeeeeeeeeeabccccccccccccccccccccc
eeeeeeeeeeeeeeeeeeeeeeeeeeeeabcccccccccccccccccccccabccccccccccccccccccccc
eeeeeeeeeeeeeeeeeeeeeeeeeeee
abccccccccccccccccccccc
eeeeeeeeeeeeeeeeeeeeeeeeeeee
abccccccccccccccccccccc
eeeeeeeeeeeeeeeeeeeeeeeeeeeeabccccccccccccccccccccc
eeeeeeeeeeeeeeeeeeeeeeeeeeeeabccccccccccccccccccccc
eeeeeeeeeeeeeeeeeeeeeeeeeeeeabccccccccccccccccccccc
eeeeeeeeeeeeeeeeeeeeeeeeeeeeabccccccccccccccccccccc
eeeeeeeeeeeeeeeeeeeeeeeeeeeeabccccccccccccccccccccc
eeeeeeeeeeeeeeeeeeeeeeeeeeeeabccccccccccccccccccccc
eeeeeeeeeeeeeeeeeeeeeeeeeeeeabccccccccccccccccccccc
eeeeeeeeeeeeeeeeeeeeeeeeeeeeabccccccccccccccccccccc
eeeeeeeeeeeeeeeeeeeeeeeeeeeeabccccccccccccccccccccc
eeeeeeeeeeeeeeeeeeeeeeeeeeeeabccccccccccccccccccccc
eeeeeeeeeeeeeeeeeeeeeeeeeeeeabccccccccccccccccccccc
eeeeeeeeeeeeeeeeeeeeeeeeeeeeabcccccccccccccccccccccabccccccccccccccccccccc
eeeeeeeeeeeeeeeeeeeeeeeeeeee
abccccccccccccccccccccc
eeeeeeeeeeeeeeeeeeeeeeeeeeee
abccccccccccccccccccccc
eeeeeeeeeeeeeeeeeeeeeeeeeeeeabccccccccccccccccccccc
eeeeeeeeeeeeeeeeeeeeeeeeeeeeabccccccccccccccccccccc
eeeeeeeeeeeeeeeeeeeeeeeeeeeeabccccccccccccccccccccc
eeeeeeeeeeeeeeeeeeeeeeeeeeeeabccccccccccccccccccccc
eeeeeeeeeeeeeeeeeeeeeeeeeeeeabccccccccccccccccccccc
eeeeeeeeeeeeeeeeeeeeeeeeeeeeabccccccccccccccccccccc
eeeeeeeeeeeeeeeeeeeeeeeeeeeeabccccccccccccccccccccc
eeeeeeeeeeeeeeeeeeeeeeeeeeeeabccccccccccccccccccccc
eeeeeeeeeeeeeeeeeeeeeeeeeeeeabccccccccccccccccccccc
eeeeeeeeeeeeeeeeeeeeeeeeeeeeabccccccccccccccccccccc
eeeeeeeeeeeeeeeeeeeeeeeeeeeeabccccccccccccccccccccc
eeeeeeeeeeeeeeeeeeeeeeeeeeeeabcccccccccccccccccccccabccccccccccccccccccccc
eeeeeeeeeeeeeeeeeeeeeeeeeeee
abccccccccccccccccccccc
eeeeeeeeeeeeeeeeeeeeeeeeeeee
abccccccccccccccccccccc
eeeeeeeeeeeeeeeeeeeeeeeeeeeeabccccccccccccccccccccc
eeeeeeeeeeeeeeeeeeeeeeeeeeeeabccccccccccccccccccccc
eeeeeeeeeeeeeeeeeeeeeeeeeeeeabccccccccccccccccccccc
eeeeeeeeeeeeeeeeeeeeeeeeeeeeabccccccccccccccccccccc
eeeeeeeeeeeeeeeeeeeeeeeeeeeeabccccccccccccccccccccc
eeeeeeeeeeeeeeeeeeeeeeeeeeeeabccccccccccccccccccccc
eeeeeeeeeeeeeeeeeeeeeeeeeeeeabccccccccccccccccccccc
eeeeeeeeeeeeeeeeeeeeeeeeeeeeabccccccccccccccccccccc
eeeeeeeeeeeeeeeeeeeeeeeeeeeeabccccccccccccccccccccc
eeeeeeeeeeeeeeeeeeeeeeeeeeeeabccccccccccccccccccccc
eeeeeeeeeeeeeeeeeeeeeeeeeeeeabccccccccccccccccccccc
eeeeeeeeeeeeeeeeeeeeeeeeeeeeabcccccccccccccccccccccabccccccccccccccccccccc
eeeeeeeeeeeeeeeeeeeeeeeeeeee
abccccccccccccccccccccc
eeeeeeeeeeeeeeeeeeeeeeeeeeee
abccccccccccccccccccccc
eeeeeeeeeeeeeeeeeeeeeeeeeeeeabccccccccccccccccccccc
eeeeeeeeeeeeeeeeeeeeeeeeeeeeabccccccccccccccccccccc
eeeeeeeeeeeeeeeeeeeeeeeeeeeeabccccccccccccccccccccc
eeeeeeeeeeeeeeeeeeeeeeeeeeeeabccccccccccccccccccccc
eeeeeeeeeeeeeeeeeeeeeeeeeeeeabccccccccccccccccccccc
eeeeeeeeeeeeeeeeeeeeeeeeeeeeabccccccccccccccccccccc
eeeeeeeeeeeeeeeeeeeeeeeeeeeeabccccccccccccccccccccc
eeeeeeeeeeeeeeeeeeeeeeeeeeeeabccccccccccccccccccccc
eeeeeeeeeeeeeeeeeeeeeeeeeeeeabccccccccccccccccccccc
eeeeeeeeeeeeeeeeeeeeeeeeeeeeabccccccccccccccccccccc
eeeeeeeeeeeeeeeeeeeeeeeeeeeeabccccccccccccccccccccc
eeeeeeeeeeeeeeeeeeeeeeeeeeeeabcccccccccccccccccccccabccccccccccccccccccccc
eeeeeeeeeeeeeeeeeeeeeeeeeeee
abccccccccccccccccccccc
eeeeeeeeeeeeeeeeeeeeeeeeeeee
abccccccccccccccccccccc
eeeeeeeeeeeeeeeeeeeeeeeeeeeeabccccccccccccccccccccc
eeeeeeeeeeeeeeeeeeeeeeeeeeeeabccccccccccccccccccccc
eeeeeeeeeeeeeeeeeeeeeeeeeeeeabccccccccccccccccccccc
eeeeeeeeeeeeeeeeeeeeeeeeeeeeabccccccccccccccccccccc
eeeeeeeeeeeeeeeeeeeeeeeeeeeeabccccccccccccccccccccc
eeeeeeeeeeeeeeeeeeeeeeeeeeeeabccccccccccccccccccccc
eeeeeeeeeeeeeeeeeeeeeeeeeeeeabccccccccccccccccccccc
eeeeeeeeeeeeeeeeeeeeeeeeeeeeabccccccccccccccccccccc
eeeeeeeeeeeeeeeeeeeeeeeeeeeeabccccccccccccccccccccc
eeeeeeeeeeeeeeeeeeeeeeeeeeeeabccccccccccccccccccccc
eeeeeeeeeeeeeeeeeeeeeeeeeeeeabccccccccccccccccccccc
eeeeeeeeeeeeeeeeeeeeeeeeeeeeabcccccccccccccccccccccabccccccccccccccccccccc
eeeeeeeeeeeeeeeeeeeeeeeeeeee
abccccccccccccccccccccc
eeeeeeeeeeeeeeeeeeeeeeeeeeee
abccccccccccccccccccccc
eeeeeeeeeeeeeeeeeeeeeeeeeeeeabccccccccccccccccccccc
eeeeeeeeeeeeeeeeeeeeeeeeeeeeabccccccccccccccccccccc
eeeeeeeeeeeeeeeeeeeeeeeeeeeeabccccccccccccccccccccc
eeeeeeeeeeeeeeeeeeeeeeeeeeeeabccccccccccccccccccccc
eeeeeeeeeeeeeeeeeeeeeeeeeeeeabccccccccccccccccccccc
eeeeeeeeeeeeeeeeeeeeeeeeeeeeabccccccccccccccccccccc
eeeeeeeeeeeeeeeeeeeeeeeeeeeeabccccccccccccccccccccc
eeeeeeeeeeeeeeeeeeeeeeeeeeeeabccccccccccccccccccccc
eeeeeeeeeeeeeeeeeeeeeeeeeeeeabccccccccccccccccccccc
eeeeeeeeeeeeeeeeeeeeeeeeeeeeabccccccccccccccccccccc
eeeeeeeeeeeeeeeeeeeeeeeeeeeeabccccccccccccccccccccc
eeeeeeeeeeeeeeeeeeeeeeeeeeeeabcccccccccccccccccccccabccccccccccccccccccccc
eeeeeeeeeeeeeeeeeeeeeeeeeeee
abccccccccccccccccccccc
eeeeeeeeeeeeeeeeeeeeeeeeeeee
abccccccccccccccccccccc
eeeeeeeeeeeeeeeeeeeeeeeeeeeeabccccccccccccccccccccc
eeeeeeeeeeeeeeeeeeeeeeeeeeeeabccccccccccccccccccccc
eeeeeeeeeeeeeeeeeeeeeeeeeeeeabccccccccccccccccccccc
eeeeeeeeeeeeeeeeeeeeeeeeeeeeabccccccccccccccccccccc
eeeeeeeeeeeeeeeeeeeeeeeeeeeeabccccccccccccccccccccc
eeeeeeeeeeeeeeeeeeeeeeeeeeeeabccccccccccccccccccccc
eeeeeeeeeeeeeeeeeeeeeeeeeeeeabccccccccccccccccccccc
eeeeeeeeeeeeeeeeeeeeeeeeeeeeabccccccccccccccccccccc
eeeeeeeeeeeeeeeeeeeeeeeeeeeeabccccccccccccccccccccc
eeeeeeeeeeeeeeeeeeeeeeeeeeeeabccccccccccccccccccccc
eeeeeeeeeeeeeeeeeeeeeeeeeeeeabccccccccccccccccccccc
eeeeeeeeeeeeeeeeeeeeeeeeeeeeabcccccccccccccccccccccabccccccccccccccccccccc
eeeeeeeeeeeeeeeeeeeeeeeeeeee
abccccccccccccccccccccc
eeeeeeeeeeeeeeeeeeeeeeeeeeee
abccccccccccccccccccccc
eeeeeeeeeeeeeeeeeeeeeeeeeeeeabccccccccccccccccccccc
eeeeeeeeeeeeeeeeeeeeeeeeeeeeabccccccccccccccccccccc
eeeeeeeeeeeeeeeeeeeeeeeeeeeeabccccccccccccccccccccc
eeeeeeeeeeeeeeeeeeeeeeeeeeeeabccccccccccccccccccccc
eeeeeeeeeeeeeeeeeeeeeeeeeeeeabccccccccccccccccccccc
eeeeeeeeeeeeeeeeeeeeeeeeeeeeabccccccccccccccccccccc
eeeeeeeeeeeeeeeeeeeeeeeeeeeeabccccccccccccccccccccc
eeeeeeeeeeeeeeeeeeeeeeeeeeeeabccccccccccccccccccccc
eeeeeeeeeeeeeeeeeeeeeeeeeeeeabccccccccccccccccccccc
eeeeeeeeeeeeeeeeeeeeeeeeeeeeabccccccccccccccccccccc
eeeeeeeeeeeeeeeeeeeeeeeeeeeeabccccccccccccccccccccc
eeeeeeeeeeeeeeeeeeeeeeeeeeeeabcccccccccccccccccccccabccccccccccccccccccccc
eeeeeeeeeeeeeeeeeeeeeeeeeeee
abccccccccccccccccccccc
eeeeeeeeeeeeeeeeeeeeeeeeeeee
abccccccccccccccccccccc
eeeeeeeeeeeeeeeeeeeeeeeeeeeeabccccccccccccccccccccc
eeeeeeeeeeeeeeeeeeeeeeeeeeeeabccccccccccccccccccccc
eeeeeeeeeeeeeeeeeeeeeeeeeeeeabccccccccccccccccccccc
eeeeeeeeeeeeeeeeeeeeeeeeeeeeabccccccccccccccccccccc
eeeeeeeeeeeeeeeeeeeeeeeeeeeeabccccccccccccccccccccc
eeeeeeeeeeeeeeeeeeeeeeeeeeeeabccccccccccccccccccccc
eeeeeeeeeeeeeeeeeeeeeeeeeeeeabccccccccccccccccccccc
eeeeeeeeeeeeeeeeeeeeeeeeeeeeabccccccccccccccccccccc
eeeeeeeeeeeeeeeeeeeeeeeeeeeeabccccccccccccccccccccc
eeeeeeeeeeeeeeeeeeeeeeeeeeeeabccccccccccccccccccccc
eeeeeeeeeeeeeeeeeeeeeeeeeeeeabccccccccccccccccccccc
eeeeeeeeeeeeeeeeeeeeeeeeeeeeabcccccccccccccccccccccabccccccccccccccccccccc
eeeeeeeeeeeeeeeeeeeeeeeeeeee
abccccccccccccccccccccc
eeeeeeeeeeeeeeeeeeeeeeeeeeee
abccccccccccccccccccccc
eeeeeeeeeeeeeeeeeeeeeeeeeeeeabccccccccccccccccccccc
eeeeeeeeeeeeeeeeeeeeeeeeeeeeabccccccccccccccccccccc
eeeeeeeeeeeeeeeeeeeeeeeeeeeeabccccccccccccccccccccc
eeeeeeeeeeeeeeeeeeeeeeeeeeeeabccccccccccccccccccccc
eeeeeeeeeeeeeeeeeeeeeeeeeeeeabccccccccccccccccccccc
eeeeeeeeeeeeeeeeeeeeeeeeeeeeabccccccccccccccccccccc
eeeeeeeeeeeeeeeeeeeeeeeeeeeeabccccccccccccccccccccc
eeeeeeeeeeeeeeeeeeeeeeeeeeeeabccccccccccccccccccccc
eeeeeeeeeeeeeeeeeeeeeeeeeeeeabccccccccccccccccccccc
eeeeeeeeeeeeeeeeeeeeeeeeeeeeabccccccccccccccccccccc
eeeeeeeeeeeeeeeeeeeeeeeeeeeeabccccccccccccccccccccc
eeeeeeeeeeeeeeeeeeeeeeeeeeeeabcccccccccccccccccccccabccccccccccccccccccccc
eeeeeeeeeeeeeeeeeeeeeeeeeeee
abccccccccccccccccccccc
eeeeeeeeeeeeeeeeeeeeeeeeeeee
abccccccccccccccccccccc
eeeeeeeeeeeeeeeeeeeeeeeeeeeeabccccccccccccccccccccc
eeeeeeeeeeeeeeeeeeeeeeeeeeeeabccccccccccccccccccccc
eeeeeeeeeeeeeeeeeeeeeeeeeeeeabccccccccccccccccccccc
eeeeeeeeeeeeeeeeeeeeeeeeeeeeabccccccccccccccccccccc
eeeeeeeeeeeeeeeeeeeeeeeeeeeeabccccccccccccccccccccc
eeeeeeeeeeeeeeeeeeeeeeeeeeeeabccccccccccccccccccccc
eeeeeeeeeeeeeeeeeeeeeeeeeeeeabccccccccccccccccccccc
eeeeeeeeeeeeeeeeeeeeeeeeeeeeabccccccccccccccccccccc
eeeeeeeeeeeeeeeeeeeeeeeeeeeeabccccccccccccccccccccc
eeeeeeeeeeeeeeeeeeeeeeeeeeeeabccccccccccccccccccccc
eeeeeeeeeeeeeeeeeeeeeeeeeeeeabccccccccccccccccccccc
eeeeeeeeeeeeeeeeeeeeeeeeeeeeabcccccccccccccccccccccabccccccccccccccccccccc
eeeeeeeeeeeeeeeeeeeeeeeeeeee
abccccccccccccccccccccc
eeeeeeeeeeeeeeeeeeeeeeeeeeee
abccccccccccccccccccccc
eeeeeeeeeeeeeeeeeeeeeeeeeeeeabccccccccccccccccccccc
eeeeeeeeeeeeeeeeeeeeeeeeeeeeabccccccccccccccccccccc
eeeeeeeeeeeeeeeeeeeeeeeeeeeeabccccccccccccccccccccc
eeeeeeeeeeeeeeeeeeeeeeeeeeeeabccccccccccccccccccccc
eeeeeeeeeeeeeeeeeeeeeeeeeeeeabccccccccccccccccccccc
eeeeeeeeeeeeeeeeeeeeeeeeeeeeabccccccccccccccccccccc
eeeeeeeeeeeeeeeeeeeeeeeeeeeeabccccccccccccccccccccc
eeeeeeeeeeeeeeeeeeeeeeeeeeeeabccccccccccccccccccccc
eeeeeeeeeeeeeeeeeeeeeeeeeeeeabccccccccccccccccccccc
eeeeeeeeeeeeeeeeeeeeeeeeeeeeabccccccccccccccccccccc
eeeeeeeeeeeeeeeeeeeeeeeeeeeeabccccccccccccccccccccc
eeeeeeeeeeeeeeeeeeeeeeeeeeeeabcccccccccccccccccccccabccccccccccccccccccccc
eeeeeeeeeeeeeeeeeeeeeeeeeeee
abccccccccccccccccccccc
eeeeeeeeeeeeeeeeeeeeeeeeeeee
abccccccccccccccccccccc
eeeeeeeeeeeeeeeeeeeeeeeeeeeeabccccccccccccccccccccc
eeeeeeeeeeeeeeeeeeeeeeeeeeeeabccccccccccccccccccccc
eeeeeeeeeeeeeeeeeeeeeeeeeeeeabccccccccccccccccccccc
eeeeeeeeeeeeeeeeeeeeeeeeeeeeabccccccccccccccccccccc
eeeeeeeeeeeeeeeeeeeeeeeeeeeeabccccccccccccccccccccc
eeeeeeeeeeeeeeeeeeeeeeeeeeeeabccccccccccccccccccccc
eeeeeeeeeeeeeeeeeeeeeeeeeeeeabccccccccccccccccccccc
eeeeeeeeeeeeeeeeeeeeeeeeeeeeabccccccccccccccccccccc
eeeeeeeeeeeeeeeeeeeeeeeeeeeeabccccccccccccccccccccc
eeeeeeeeeeeeeeeeeeeeeeeeeeeeabccccccccccccccccccccc
eeeeeeeeeeeeeeeeeeeeeeeeeeeeabccccccccccccccccccccc
eeeeeeeeeeeeeeeeeeeeeeeeeeeeabcccccccccccccccccccccabccccccccccccccccccccc
eeeeeeeeeeeeeeeeeeeeeeeeeeee
abccccccccccccccccccccc
eeeeeeeeeeeeeeeeeeeeeeeeeeee
abccccccccccccccccccccc
eeeeeeeeeeeeeeeeeeeeeeeeeeeeabccccccccccccccccccccc
eeeeeeeeeeeeeeeeeeeeeeeeeeeeabccccccccccccccccccccc
eeeeeeeeeeeeeeeeeeeeeeeeeeeeabccccccccccccccccccccc
eeeeeeeeeeeeeeeeeeeeeeeeeeeeabccccccccccccccccccccc
eeeeeeeeeeeeeeeeeeeeeeeeeeeeabccccccccccccccccccccc
eeeeeeeeeeeeeeeeeeeeeeeeeeeeabccccccccccccccccccccc
eeeeeeeeeeeeeeeeeeeeeeeeeeeeabccccccccccccccccccccc
eeeeeeeeeeeeeeeeeeeeeeeeeeeeabccccccccccccccccccccc
eeeeeeeeeeeeeeeeeeeeeeeeeeeeabccccccccccccccccccccc
eeeeeeeeeeeeeeeeeeeeeeeeeeeeabccccccccccccccccccccc
eeeeeeeeeeeeeeeeeeeeeeeeeeeeabccccccccccccccccccccc
eeeeeeeeeeeeeeeeeeeeeeeeeeeeabcccccccccccccccccccccabccccccccccccccccccccc
eeeeeeeeeeeeeeeeeeeeeeeeeeee
abccccccccccccccccccccc
eeeeeeeeeeeeeeeeeeeeeeeeeeee
abccccccccccccccccccccc
eeeeeeeeeeeeeeeeeeeeeeeeeeeeabccccccccccccccccccccc
eeeeeeeeeeeeeeeeeeeeeeeeeeeeabccccccccccccccccccccc
eeeeeeeeeeeeeeeeeeeeeeeeeeeeabccccccccccccccccccccc
eeeeeeeeeeeeeeeeeeeeeeeeeeeeabccccccccccccccccccccc
eeeeeeeeeeeeeeeeeeeeeeeeeeeeabccccccccccccccccccccc
eeeeeeeeeeeeeeeeeeeeeeeeeeeeabccccccccccccccccccccc
eeeeeeeeeeeeeeeeeeeeeeeeeeeeabccccccccccccccccccccc
eeeeeeeeeeeeeeeeeeeeeeeeeeeeabccccccccccccccccccccc
eeeeeeeeeeeeeeeeeeeeeeeeeeeeabccccccccccccccccccccc
eeeeeeeeeeeeeeeeeeeeeeeeeeeeabccccccccccccccccccccc
eeeeeeeeeeeeeeeeeeeeeeeeeeeeabccccccccccccccccccccc
eeeeeeeeeeeeeeeeeeeeeeeeeeeeabcccccccccccccccccccccabccccccccccccccccccccc
eeeeeeeeeeeeeeeeeeeeeeeeeeee
abccccccccccccccccccccc
eeeeeeeeeeeeeeeeeeeeeeeeeeee
abccccccccccccccccccccc
eeeeeeeeeeeeeeeeeeeeeeeeeeeeabccccccccccccccccccccc
eeeeeeeeeeeeeeeeeeeeeeeeeeeeabccccccccccccccccccccc
eeeeeeeeeeeeeeeeeeeeeeeeeeeeabccccccccccccccccccccc
eeeeeeeeeeeeeeeeeeeeeeeeeeeeabccccccccccccccccccccc
eeeeeeeeeeeeeeeeeeeeeeeeeeeeabccccccccccccccccccccc
eeeeeeeeeeeeeeeeeeeeeeeeeeeeabccccccccccccccccccccc
eeeeeeeeeeeeeeeeeeeeeeeeeeeeabccccccccccccccccccccc
eeeeeeeeeeeeeeeeeeeeeeeeeeeeabccccccccccccccccccccc
eeeeeeeeeeeeeeeeeeeeeeeeeeeeabccccccccccccccccccccc
eeeeeeeeeeeeeeeeeeeeeeeeeeeeabccccccccccccccccccccc
eeeeeeeeeeeeeeeeeeeeeeeeeeeeabccccccccccccccccccccc
eeeeeeeeeeeeeeeeeeeeeeeeeeeeabcccccccccccccccccccccabccccccccccccccccccccc
eeeeeeeeeeeeeeeeeeeeeeeeeeee
abccccccccccccccccccccc
eeeeeeeeeeeeeeeeeeeeeeeeeeee
abccccccccccccccccccccc
eeeeeeeeeeeeeeeeeeeeeeeeeeeeabccccccccccccccccccccc
eeeeeeeeeeeeeeeeeeeeeeeeeeeeabccccccccccccccccccccc
eeeeeeeeeeeeeeeeeeeeeeeeeeeeabccccccccccccccccccccc
eeeeeeeeeeeeeeeeeeeeeeeeeeeeabccccccccccccccccccccc
eeeeeeeeeeeeeeeeeeeeeeeeeeeeabccccccccccccccccccccc
eeeeeeeeeeeeeeeeeeeeeeeeeeeeabccccccccccccccccccccc
eeeeeeeeeeeeeeeeeeeeeeeeeeeeabccccccccccccccccccccc
eeeeeeeeeeeeeeeeeeeeeeeeeeeeabccccccccccccccccccccc
eeeeeeeeeeeeeeeeeeeeeeeeeeeeabccccccccccccccccccccc
eeeeeeeeeeeeeeeeeeeeeeeeeeeeabccccccccccccccccccccc
eeeeeeeeeeeeeeeeeeeeeeeeeeeeabccccccccccccccccccccc
eeeeeeeeeeeeeeeeeeeeeeeeeeeeabcccccccccccccccccccccabccccccccccccccccccccc
eeeeeeeeeeeeeeeeeeeeeeeeeeee
abccccccccccccccccccccc
eeeeeeeeeeeeeeeeeeeeeeeeeeee
abccccccccccccccccccccc
eeeeeeeeeeeeeeeeeeeeeeeeeeeeabccccccccccccccccccccc
eeeeeeeeeeeeeeeeeeeeeeeeeeeeabccccccccccccccccccccc
eeeeeeeeeeeeeeeeeeeeeeeeeeeeabccccccccccccccccccccc
eeeeeeeeeeeeeeeeeeeeeeeeeeeeabccccccccccccccccccccc
eeeeeeeeeeeeeeeeeeeeeeeeeeeeabccccccccccccccccccccc
eeeeeeeeeeeeeeeeeeeeeeeeeeeeabccccccccccccccccccccc
eeeeeeeeeeeeeeeeeeeeeeeeeeeeabccccccccccccccccccccc
eeeeeeeeeeeeeeeeeeeeeeeeeeeeabccccccccccccccccccccc
eeeeeeeeeeeeeeeeeeeeeeeeeeeeabccccccccccccccccccccc
eeeeeeeeeeeeeeeeeeeeeeeeeeeeabccccccccccccccccccccc
eeeeeeeeeeeeeeeeeeeeeeeeeeeeabccccccccccccccccccccc
eeeeeeeeeeeeeeeeeeeeeeeeeeeeabcccccccccccccccccccccabccccccccccccccccccccc
eeeeeeeeeeeeeeeeeeeeeeeeeeee
abccccccccccccccccccccc
eeeeeeeeeeeeeeeeeeeeeeeeeeee
abccccccccccccccccccccc
eeeeeeeeeeeeeeeeeeeeeeeeeeeeabccccccccccccccccccccc
eeeeeeeeeeeeeeeeeeeeeeeeeeeeabccccccccccccccccccccc
eeeeeeeeeeeeeeeeeeeeeeeeeeeeabccccccccccccccccccccc
eeeeeeeeeeeeeeeeeeeeeeeeeeeeabccccccccccccccccccccc
eeeeeeeeeeeeeeeeeeeeeeeeeeeeabccccccccccccccccccccc
eeeeeeeeeeeeeeeeeeeeeeeeeeeeabccccccccccccccccccccc
eeeeeeeeeeeeeeeeeeeeeeeeeeeeabccccccccccccccccccccc
eeeeeeeeeeeeeeeeeeeeeeeeeeeeabccccccccccccccccccccc
eeeeeeeeeeeeeeeeeeeeeeeeeeeeabccccccccccccccccccccc
eeeeeeeeeeeeeeeeeeeeeeeeeeeeabccccccccccccccccccccc
eeeeeeeeeeeeeeeeeeeeeeeeeeeeabccccccccccccccccccccc
eeeeeeeeeeeeeeeeeeeeeeeeeeeeabcccccccccccccccccccccabccccccccccccccccccccc
eeeeeeeeeeeeeeeeeeeeeeeeeeee
abccccccccccccccccccccc
eeeeeeeeeeeeeeeeeeeeeeeeeeee
abccccccccccccccccccccc
eeeeeeeeeeeeeeeeeeeeeeeeeeeeabccccccccccccccccccccc
eeeeeeeeeeeeeeeeeeeeeeeeeeeeabccccccccccccccccccccc
eeeeeeeeeeeeeeeeeeeeeeeeeeeeabccccccccccccccccccccc
eeeeeeeeeeeeeeeeeeeeeeeeeeeeabccccccccccccccccccccc
eeeeeeeeeeeeeeeeeeeeeeeeeeeeabccccccccccccccccccccc
eeeeeeeeeeeeeeeeeeeeeeeeeeeeabccccccccccccccccccccc
eeeeeeeeeeeeeeeeeeeeeeeeeeeeabccccccccccccccccccccc
eeeeeeeeeeeeeeeeeeeeeeeeeeeeabccccccccccccccccccccc
eeeeeeeeeeeeeeeeeeeeeeeeeeeeabccccccccccccccccccccc
eeeeeeeeeeeeeeeeeeeeeeeeeeeeabccccccccccccccccccccc
eeeeeeeeeeeeeeeeeeeeeeeeeeeeabccccccccccccccccccccc
eeeeeeeeeeeeeeeeeeeeeeeeeeeeabcccccccccccccccccccccabccccccccccccccccccccc
eeeeeeeeeeeeeeeeeeeeeeeeeeee
abccccccccccccccccccccc
eeeeeeeeeeeeeeeeeeeeeeeeeeee
abccccccccccccccccccccc
eeeeeeeeeeeeeeeeeeeeeeeeeeeeabccccccccccccccccccccc
eeeeeeeeeeeeeeeeeeeeeeeeeeeeabccccccccccccccccccccc
eeeeeeeeeeeeeeeeeeeeeeeeeeeeabccccccccccccccccccccc
eeeeeeeeeeeeeeeeeeeeeeeeeeeeabccccccccccccccccccccc
eeeeeeeeeeeeeeeeeeeeeeeeeeeeabccccccccccccccccccccc
eeeeeeeeeeeeeeeeeeeeeeeeeeeeabccccccccccccccccccccc
eeeeeeeeeeeeeeeeeeeeeeeeeeeeabccccccccccccccccccccc
eeeeeeeeeeeeeeeeeeeeeeeeeeeeabccccccccccccccccccccc
eeeeeeeeeeeeeeeeeeeeeeeeeeeeabccccccccccccccccccccc
eeeeeeeeeeeeeeeeeeeeeeeeeeeeabccccccccccccccccccccc
eeeeeeeeeeeeeeeeeeeeeeeeeeeeabccccccccccccccccccccc
eeeeeeeeeeeeeeeeeeeeeeeeeeeeabcccccccccccccccccccccabccccccccccccccccccccc
eeeeeeeeeeeeeeeeeeeeeeeeeeee
abccccccccccccccccccccc
eeeeeeeeeeeeeeeeeeeeeeeeeeee
abccccccccccccccccccccc
eeeeeeeeeeeeeeeeeeeeeeeeeeeeabccccccccccccccccccccc
eeeeeeeeeeeeeeeeeeeeeeeeeeeeabccccccccccccccccccccc
eeeeeeeeeeeeeeeeeeeeeeeeeeeeabccccccccccccccccccccc
eeeeeeeeeeeeeeeeeeeeeeeeeeeeabccccccccccccccccccccc
eeeeeeeeeeeeeeeeeeeeeeeeeeeeabccccccccccccccccccccc
eeeeeeeeeeeeeeeeeeeeeeeeeeeeabccccccccccccccccccccc
eeeeeeeeeeeeeeeeeeeeeeeeeeeeabccccccccccccccccccccc
eeeeeeeeeeeeeeeeeeeeeeeeeeeeabccccccccccccccccccccc
eeeeeeeeeeeeeeeeeeeeeeeeeeeeabccccccccccccccccccccc
eeeeeeeeeeeeeeeeeeeeeeeeeeeeabccccccccccccccccccccc
eeeeeeeeeeeeeeeeeeeeeeeeeeeeabccccccccccccccccccccc
eeeeeeeeeeeeeeeeeeeeeeeeeeeeabcccccccccccccccccccccabccccccccccccccccccccc
eeeeeeeeeeeeeeeeeeeeeeeeeeee
abccccccccccccccccccccc
eeeeeeeeeeeeeeeeeeeeeeeeeeee
abccccccccccccccccccccc
eeeeeeeeeeeeeeeeeeeeeeeeeeeeabccccccccccccccccccccc
eeeeeeeeeeeeeeeeeeeeeeeeeeeeabccccccccccccccccccccc
eeeeeeeeeeeeeeeeeeeeeeeeeeeeabccccccccccccccccccccc
eeeeeeeeeeeeeeeeeeeeeeeeeeeeabccccccccccccccccccccc
eeeeeeeeeeeeeeeeeeeeeeeeeeeeabccccccccccccccccccccc
eeeeeeeeeeeeeeeeeeeeeeeeeeeeabccccccccccccccccccccc
eeeeeeeeeeeeeeeeeeeeeeeeeeeeabccccccccccccccccccccc
eeeeeeeeeeeeeeeeeeeeeeeeeeeeabccccccccccccccccccccc
eeeeeeeeeeeeeeeeeeeeeeeeeeeeabccccccccccccccccccccc
eeeeeeeeeeeeeeeeeeeeeeeeeeeeabccccccccccccccccccccc
eeeeeeeeeeeeeeeeeeeeeeeeeeeeabccccccccccccccccccccc
eeeeeeeeeeeeeeeeeeeeeeeeeeeeabcccccccccccccccccccccabccccccccccccccccccccc
eeeeeeeeeeeeeeeeeeeeeeeeeeee
abccccccccccccccccccccc
eeeeeeeeeeeeeeeeeeeeeeeeeeee
abccccccccccccccccccccc
eeeeeeeeeeeeeeeeeeeeeeeeeeeeabccccccccccccccccccccc
eeeeeeeeeeeeeeeeeeeeeeeeeeeeabccccccccccccccccccccc
eeeeeeeeeeeeeeeeeeeeeeeeeeeeabccccccccccccccccccccc
eeeeeeeeeeeeeeeeeeeeeeeeeeeeabccccccccccccccccccccc
eeeeeeeeeeeeeeeeeeeeeeeeeeeeabccccccccccccccccccccc
eeeeeeeeeeeeeeeeeeeeeeeeeeeeabccccccccccccccccccccc
eeeeeeeeeeeeeeeeeeeeeeeeeeeeabccccccccccccccccccccc
eeeeeeeeeeeeeeeeeeeeeeeeeeeeabccccccccccccccccccccc
eeeeeeeeeeeeeeeeeeeeeeeeeeeeabccccccccccccccccccccc
eeeeeeeeeeeeeeeeeeeeeeeeeeeeabccccccccccccccccccccc
eeeeeeeeeeeeeeeeeeeeeeeeeeeeabccccccccccccccccccccc
eeeeeeeeeeeeeeeeeeeeeeeeeeeeabcccccccccccccccccccccabccccccccccccccccccccc
eeeeeeeeeeeeeeeeeeeeeeeeeeee
abccccccccccccccccccccc
eeeeeeeeeeeeeeeeeeeeeeeeeeee
abccccccccccccccccccccc
eeeeeeeeeeeeeeeeeeeeeeeeeeeeabccccccccccccccccccccc
eeeeeeeeeeeeeeeeeeeeeeeeeeeeabccccccccccccccccccccc
eeeeeeeeeeeeeeeeeeeeeeeeeeeeabccccccccccccccccccccc
eeeeeeeeeeeeeeeeeeeeeeeeeeeeabccccccccccccccccccccc
eeeeeeeeeeeeeeeeeeeeeeeeeeeeabccccccccccccccccccccc
eeeeeeeeeeeeeeeeeeeeeeeeeeeeabccccccccccccccccccccc
eeeeeeeeeeeeeeeeeeeeeeeeeeeeabccccccccccccccccccccc
eeeeeeeeeeeeeeeeeeeeeeeeeeeeabccccccccccccccccccccc
eeeeeeeeeeeeeeeeeeeeeeeeeeeeabccccccccccccccccccccc
eeeeeeeeeeeeeeeeeeeeeeeeeeeeabccccccccccccccccccccc
eeeeeeeeeeeeeeeeeeeeeeeeeeeeabccccccccccccccccccccc
eeeeeeeeeeeeeeeeeeeeeeeeeeeeabcccccccccccccccccccccabccccccccccccccccccccc
eeeeeeeeeeeeeeeeeeeeeeeeeeee
abccccccccccccccccccccc
eeeeeeeeeeeeeeeeeeeeeeeeeeee
abccccccccccccccccccccc
eeeeeeeeeeeeeeeeeeeeeeeeeeeeabccccccccccccccccccccc
eeeeeeeeeeeeeeeeeeeeeeeeeeeeabccccccccccccccccccccc
eeeeeeeeeeeeeeeeeeeeeeeeeeeeabccccccccccccccccccccc
eeeeeeeeeeeeeeeeeeeeeeeeeeeeabccccccccccccccccccccc
eeeeeeeeeeeeeeeeeeeeeeeeeeeeabccccccccccccccccccccc
eeeeeeeeeeeeeeeeeeeeeeeeeeeeabccccccccccccccccccccc
eeeeeeeeeeeeeeeeeeeeeeeeeeeeabccccccccccccccccccccc
eeeeeeeeeeeeeeeeeeeeeeeeeeeeabccccccccccccccccccccc
eeeeeeeeeeeeeeeeeeeeeeeeeeeeabccccccccccccccccccccc
eeeeeeeeeeeeeeeeeeeeeeeeeeeeabccccccccccccccccccccc
eeeeeeeeeeeeeeeeeeeeeeeeeeeeabccccccccccccccccccccc
eeeeeeeeeeeeeeeeeeeeeeeeeeeeabcccccccccccccccccccccabccccccccccccccccccccc
eeeeeeeeeeeeeeeeeeeeeeeeeeee
abccccccccccccccccccccc
eeeeeeeeeeeeeeeeeeeeeeeeeeee
abccccccccccccccccccccc
eeeeeeeeeeeeeeeeeeeeeeeeeeeeabccccccccccccccccccccc
eeeeeeeeeeeeeeeeeeeeeeeeeeeeabccccccccccccccccccccc
eeeeeeeeeeeeeeeeeeeeeeeeeeeeabccccccccccccccccccccc
eeeeeeeeeeeeeeeeeeeeeeeeeeeeabccccccccccccccccccccc
eeeeeeeeeeeeeeeeeeeeeeeeeeeeabccccccccccccccccccccc
eeeeeeeeeeeeeeeeeeeeeeeeeeeeabccccccccccccccccccccc
eeeeeeeeeeeeeeeeeeeeeeeeeeeeabccccccccccccccccccccc
eeeeeeeeeeeeeeeeeeeeeeeeeeeeabccccccccccccccccccccc
eeeeeeeeeeeeeeeeeeeeeeeeeeeeabccccccccccccccccccccc
eeeeeeeeeeeeeeeeeeeeeeeeeeeeabccccccccccccccccccccc
eeeeeeeeeeeeeeeeeeeeeeeeeeeeabccccccccccccccccccccc
eeeeeeeeeeeeeeeeeeeeeeeeeeeeabcccccccccccccccccccccabccccccccccccccccccccc
eeeeeeeeeeeeeeeeeeeeeeeeeeee
abccccccccccccccccccccc
eeeeeeeeeeeeeeeeeeeeeeeeeeee
abccccccccccccccccccccc
eeeeeeeeeeeeeeeeeeeeeeeeeeeeabccccccccccccccccccccc
eeeeeeeeeeeeeeeeeeeeeeeeeeeeabccccccccccccccccccccc
eeeeeeeeeeeeeeeeeeeeeeeeeeeeabccccccccccccccccccccc
eeeeeeeeeeeeeeeeeeeeeeeeeeeeabccccccccccccccccccccc
eeeeeeeeeeeeeeeeeeeeeeeeeeeeabccccccccccccccccccccc
eeeeeeeeeeeeeeeeeeeeeeeeeeeeabccccccccccccccccccccc
eeeeeeeeeeeeeeeeeeeeeeeeeeeeabccccccccccccccccccccc
eeeeeeeeeeeeeeeeeeeeeeeeeeeeabccccccccccccccccccccc
eeeeeeeeeeeeeeeeeeeeeeeeeeeeabccccccccccccccccccccc
eeeeeeeeeeeeeeeeeeeeeeeeeeeeabccccccccccccccccccccc
eeeeeeeeeeeeeeeeeeeeeeeeeeeeabccccccccccccccccccccc
eeeeeeeeeeeeeeeeeeeeeeeeeeeeabcccccccccccccccccccccabccccccccccccccccccccc
eeeeeeeeeeeeeeeeeeeeeeeeeeee
abccccccccccccccccccccc
eeeeeeeeeeeeeeeeeeeeeeeeeeee
abccccccccccccccccccccc
eeeeeeeeeeeeeeeeeeeeeeeeeeeeabccccccccccccccccccccc
eeeeeeeeeeeeeeeeeeeeeeeeeeeeabccccccccccccccccccccc
eeeeeeeeeeeeeeeeeeeeeeeeeeeeabccccccccccccccccccccc
eeeeeeeeeeeeeeeeeeeeeeeeeeeeabccccccccccccccccccccc
eeeeeeeeeeeeeeeeeeeeeeeeeeeeabccccccccccccccccccccc
eeeeeeeeeeeeeeeeeeeeeeeeeeeeabccccccccccccccccccccc
eeeeeeeeeeeeeeeeeeeeeeeeeeeeabccccccccccccccccccccc
eeeeeeeeeeeeeeeeeeeeeeeeeeeeabccccccccccccccccccccc
eeeeeeeeeeeeeeeeeeeeeeeeeeeeabccccccccccccccccccccc
eeeeeeeeeeeeeeeeeeeeeeeeeeeeabccccccccccccccccccccc
eeeeeeeeeeeeeeeeeeeeeeeeeeeeabccccccccccccccccccccc
eeeeeeeeeeeeeeeeeeeeeeeeeeeeabcccccccccccccccccccccabccccccccccccccccccccc
eeeeeeeeeeeeeeeeeeeeeeeeeeee
abccccccccccccccccccccc
eeeeeeeeeeeeeeeeeeeeeeeeeeee
abccccccccccccccccccccc
eeeeeeeeeeeeeeeeeeeeeeeeeeeeabccccccccccccccccccccc
eeeeeeeeeeeeeeeeeeeeeeeeeeeeabccccccccccccccccccccc
eeeeeeeeeeeeeeeeeeeeeeeeeeeeabccccccccccccccccccccc
eeeeeeeeeeeeeeeeeeeeeeeeeeeeabccccccccccccccccccccc
eeeeeeeeeeeeeeeeeeeeeeeeeeeeabccccccccccccccccccccc
eeeeeeeeeeeeeeeeeeeeeeeeeeeeabccccccccccccccccccccc
eeeeeeeeeeeeeeeeeeeeeeeeeeeeabccccccccccccccccccccc
eeeeeeeeeeeeeeeeeeeeeeeeeeeeabccccccccccccccccccccc
eeeeeeeeeeeeeeeeeeeeeeeeeeeeabccccccccccccccccccccc
eeeeeeeeeeeeeeeeeeeeeeeeeeeeabccccccccccccccccccccc
eeeeeeeeeeeeeeeeeeeeeeeeeeeeabccccccccccccccccccccc
eeeeeeeeeeeeeeeeeeeeeeeeeeeeabcccccccccccccccccccccabccccccccccccccccccccc
eeeeeeeeeeeeeeeeeeeeeeeeeeee
abccccccccccccccccccccc
eeeeeeeeeeeeeeeeeeeeeeeeeeee
abccccccccccccccccccccc
eeeeeeeeeeeeeeeeeeeeeeeeeeeeabccccccccccccccccccccc
eeeeeeeeeeeeeeeeeeeeeeeeeeeeabccccccccccccccccccccc
eeeeeeeeeeeeeeeeeeeeeeeeeeeeabccccccccccccccccccccc
eeeeeeeeeeeeeeeeeeeeeeeeeeeeabccccccccccccccccccccc
eeeeeeeeeeeeeeeeeeeeeeeeeeeeabccccccccccccccccccccc
eeeeeeeeeeeeeeeeeeeeeeeeeeeeabccccccccccccccccccccc
eeeeeeeeeeeeeeeeeeeeeeeeeeeeabccccccccccccccccccccc
eeeeeeeeeeeeeeeeeeeeeeeeeeeeabccccccccccccccccccccc
eeeeeeeeeeeeeeeeeeeeeeeeeeeeabccccccccccccccccccccc
eeeeeeeeeeeeeeeeeeeeeeeeeeeeabccccccccccccccccccccc
eeeeeeeeeeeeeeeeeeeeeeeeeeeeabccccccccccccccccccccc
eeeeeeeeeeeeeeeeeeeeeeeeeeeeabcccccccccccccccccccccabccccccccccccccccccccc
eeeeeeeeeeeeeeeeeeeeeeeeeeee
abccccccccccccccccccccc
eeeeeeeeeeeeeeeeeeeeeeeeeeee
abccccccccccccccccccccc
eeeeeeeeeeeeeeeeeeeeeeeeeeeeabccccccccccccccccccccc
eeeeeeeeeeeeeeeeeeeeeeeeeeeeabccccccccccccccccccccc
eeeeeeeeeeeeeeeeeeeeeeeeeeeeabccccccccccccccccccccc
eeeeeeeeeeeeeeeeeeeeeeeeeeeeabccccccccccccccccccccc
eeeeeeeeeeeeeeeeeeeeeeeeeeeeabccccccccccccccccccccc
eeeeeeeeeeeeeeeeeeeeeeeeeeeeabccccccccccccccccccccc
eeeeeeeeeeeeeeeeeeeeeeeeeeeeabccccccccccccccccccccc
eeeeeeeeeeeeeeeeeeeeeeeeeeeeabccccccccccccccccccccc
eeeeeeeeeeeeeeeeeeeeeeeeeeeeabccccccccccccccccccccc
eeeeeeeeeeeeeeeeeeeeeeeeeeeeabccccccccccccccccccccc
eeeeeeeeeeeeeeeeeeeeeeeeeeeeabccccccccccccccccccccc
eeeeeeeeeeeeeeeeeeeeeeeeeeeeabcccccccccccccccccccccabccccccccccccccccccccc
eeeeeeeeeeeeeeeeeeeeeeeeeeee
abccccccccccccccccccccc
eeeeeeeeeeeeeeeeeeeeeeeeeeee
abccccccccccccccccccccc
eeeeeeeeeeeeeeeeeeeeeeeeeeeeabccccccccccccccccccccc
eeeeeeeeeeeeeeeeeeeeeeeeeeeeabccccccccccccccccccccc
eeeeeeeeeeeeeeeeeeeeeeeeeeeeabccccccccccccccccccccc
eeeeeeeeeeeeeeeeeeeeeeeeeeeeabccccccccccccccccccccc
eeeeeeeeeeeeeeeeeeeeeeeeeeeeabccccccccccccccccccccc
eeeeeeeeeeeeeeeeeeeeeeeeeeeeabccccccccccccccccccccc
eeeeeeeeeeeeeeeeeeeeeeeeeeeeabccccccccccccccccccccc
eeeeeeeeeeeeeeeeeeeeeeeeeeeeabccccccccccccccccccccc
eeeeeeeeeeeeeeeeeeeeeeeeeeeeabccccccccccccccccccccc
eeeeeeeeeeeeeeeeeeeeeeeeeeeeabccccccccccccccccccccc
eeeeeeeeeeeeeeeeeeeeeeeeeeeeabccccccccccccccccccccc
eeeeeeeeeeeeeeeeeeeeeeeeeeeeabcccccccccccccccccccccabccccccccccccccccccccc
eeeeeeeeeeeeeeeeeeeeeeeeeeee
abccccccccccccccccccccc
eeeeeeeeeeeeeeeeeeeeeeeeeeee
abccccccccccccccccccccc
eeeeeeeeeeeeeeeeeeeeeeeeeeeeabccccccccccccccccccccc
eeeeeeeeeeeeeeeeeeeeeeeeeeeeabccccccccccccccccccccc
eeeeeeeeeeeeeeeeeeeeeeeeeeeeabccccccccccccccccccccc
eeeeeeeeeeeeeeeeeeeeeeeeeeeeabccccccccccccccccccccc
eeeeeeeeeeeeeeeeeeeeeeeeeeeeabccccccccccccccccccccc
eeeeeeeeeeeeeeeeeeeeeeeeeeeeabccccccccccccccccccccc
eeeeeeeeeeeeeeeeeeeeeeeeeeeeabccccccccccccccccccccc
eeeeeeeeeeeeeeeeeeeeeeeeeeeeabccccccccccccccccccccc
eeeeeeeeeeeeeeeeeeeeeeeeeeeeabccccccccccccccccccccc
eeeeeeeeeeeeeeeeeeeeeeeeeeeeabccccccccccccccccccccc
eeeeeeeeeeeeeeeeeeeeeeeeeeeeabccccccccccccccccccccc
eeeeeeeeeeeeeeeeeeeeeeeeeeeeabcccccccccccccccccccccabccccccccccccccccccccc
eeeeeeeeeeeeeeeeeeeeeeeeeeee
abccccccccccccccccccccc
eeeeeeeeeeeeeeeeeeeeeeeeeeee
abccccccccccccccccccccc
eeeeeeeeeeeeeeeeeeeeeeeeeeeeabccccccccccccccccccccc
eeeeeeeeeeeeeeeeeeeeeeeeeeeeabccccccccccccccccccccc
eeeeeeeeeeeeeeeeeeeeeeeeeeeeabccccccccccccccccccccc
eeeeeeeeeeeeeeeeeeeeeeeeeeeeabccccccccccccccccccccc
eeeeeeeeeeeeeeeeeeeeeeeeeeeeabccccccccccccccccccccc
eeeeeeeeeeeeeeeeeeeeeeeeeeeeabccccccccccccccccccccc
eeeeeeeeeeeeeeeeeeeeeeeeeeeeabccccccccccccccccccccc
eeeeeeeeeeeeeeeeeeeeeeeeeeeeabccccccccccccccccccccc
eeeeeeeeeeeeeeeeeeeeeeeeeeeeabccccccccccccccccccccc
eeeeeeeeeeeeeeeeeeeeeeeeeeeeabccccccccccccccccccccc
eeeeeeeeeeeeeeeeeeeeeeeeeeeeabccccccccccccccccccccc
eeeeeeeeeeeeeeeeeeeeeeeeeeeeabcccccccccccccccccccccabccccccccccccccccccccc
eeeeeeeeeeeeeeeeeeeeeeeeeeee
abccccccccccccccccccccc
eeeeeeeeeeeeeeeeeeeeeeeeeeee
abccccccccccccccccccccc
eeeeeeeeeeeeeeeeeeeeeeeeeeeeabccccccccccccccccccccc
eeeeeeeeeeeeeeeeeeeeeeeeeeeeabccccccccccccccccccccc
eeeeeeeeeeeeeeeeeeeeeeeeeeeeabccccccccccccccccccccc
eeeeeeeeeeeeeeeeeeeeeeeeeeeeabccccccccccccccccccccc
eeeeeeeeeeeeeeeeeeeeeeeeeeeeabccccccccccccccccccccc
eeeeeeeeeeeeeeeeeeeeeeeeeeeeabccccccccccccccccccccc
eeeeeeeeeeeeeeeeeeeeeeeeeeeeabccccccccccccccccccccc
eeeeeeeeeeeeeeeeeeeeeeeeeeeeabccccccccccccccccccccc
eeeeeeeeeeeeeeeeeeeeeeeeeeeeabccccccccccccccccccccc
eeeeeeeeeeeeeeeeeeeeeeeeeeeeabccccccccccccccccccccc
eeeeeeeeeeeeeeeeeeeeeeeeeeeeabccccccccccccccccccccc
eeeeeeeeeeeeeeeeeeeeeeeeeeeeabcccccccccccccccccccccabccccccccccccccccccccc
eeeeeeeeeeeeeeeeeeeeeeeeeeee
abccccccccccccccccccccc
eeeeeeeeeeeeeeeeeeeeeeeeeeee
abccccccccccccccccccccc
eeeeeeeeeeeeeeeeeeeeeeeeeeeeabccccccccccccccccccccc
eeeeeeeeeeeeeeeeeeeeeeeeeeeeabccccccccccccccccccccc
eeeeeeeeeeeeeeeeeeeeeeeeeeeeabccccccccccccccccccccc
eeeeeeeeeeeeeeeeeeeeeeeeeeeeabccccccccccccccccccccc
eeeeeeeeeeeeeeeeeeeeeeeeeeeeabccccccccccccccccccccc
eeeeeeeeeeeeeeeeeeeeeeeeeeeeabccccccccccccccccccccc
eeeeeeeeeeeeeeeeeeeeeeeeeeeeabccccccccccccccccccccc
eeeeeeeeeeeeeeeeeeeeeeeeeeeeabccccccccccccccccccccc
eeeeeeeeeeeeeeeeeeeeeeeeeeeeabccccccccccccccccccccc
eeeeeeeeeeeeeeeeeeeeeeeeeeeeabccccccccccccccccccccc
eeeeeeeeeeeeeeeeeeeeeeeeeeeeabccccccccccccccccccccc
eeeeeeeeeeeeeeeeeeeeeeeeeeeeabcccccccccccccccccccccabccccccccccccccccccccc
eeeeeeeeeeeeeeeeeeeeeeeeeeee
abccccccccccccccccccccc
eeeeeeeeeeeeeeeeeeeeeeeeeeee
abccccccccccccccccccccc
eeeeeeeeeeeeeeeeeeeeeeeeeeeeabccccccccccccccccccccc
eeeeeeeeeeeeeeeeeeeeeeeeeeeeabccccccccccccccccccccc
eeeeeeeeeeeeeeeeeeeeeeeeeeeeabccccccccccccccccccccc
eeeeeeeeeeeeeeeeeeeeeeeeeeeeabccccccccccccccccccccc
eeeeeeeeeeeeeeeeeeeeeeeeeeeeabccccccccccccccccccccc
eeeeeeeeeeeeeeeeeeeeeeeeeeeeabccccccccccccccccccccc
eeeeeeeeeeeeeeeeeeeeeeeeeeeeabccccccccccccccccccccc
eeeeeeeeeeeeeeeeeeeeeeeeeeeeabccccccccccccccccccccc
eeeeeeeeeeeeeeeeeeeeeeeeeeeeabccccccccccccccccccccc
eeeeeeeeeeeeeeeeeeeeeeeeeeeeabccccccccccccccccccccc
eeeeeeeeeeeeeeeeeeeeeeeeeeeeabccccccccccccccccccccc
eeeeeeeeeeeeeeeeeeeeeeeeeeeeabcccccccccccccccccccccabccccccccccccccccccccc
eeeeeeeeeeeeeeeeeeeeeeeeeeee
abccccccccccccccccccccc
eeeeeeeeeeeeeeeeeeeeeeeeeeee
abccccccccccccccccccccc
eeeeeeeeeeeeeeeeeeeeeeeeeeeeabccccccccccccccccccccc
eeeeeeeeeeeeeeeeeeeeeeeeeeeeabccccccccccccccccccccc
eeeeeeeeeeeeeeeeeeeeeeeeeeeeabccccccccccccccccccccc
eeeeeeeeeeeeeeeeeeeeeeeeeeeeabccccccccccccccccccccc
eeeeeeeeeeeeeeeeeeeeeeeeeeeeabccccccccccccccccccccc
eeeeeeeeeeeeeeeeeeeeeeeeeeeeabccccccccccccccccccccc
eeeeeeeeeeeeeeeeeeeeeeeeeeeeabccccccccccccccccccccc
eeeeeeeeeeeeeeeeeeeeeeeeeeeeabccccccccccccccccccccc
eeeeeeeeeeeeeeeeeeeeeeeeeeeeabccccccccccccccccccccc
eeeeeeeeeeeeeeeeeeeeeeeeeeeeabccccccccccccccccccccc
eeeeeeeeeeeeeeeeeeeeeeeeeeeeabccccccccccccccccccccc
eeeeeeeeeeeeeeeeeeeeeeeeeeeeabcccccccccccccccccccccabccccccccccccccccccccc
eeeeeeeeeeeeeeeeeeeeeeeeeeee
abccccccccccccccccccccc
eeeeeeeeeeeeeeeeeeeeeeeeeeee
abccccccccccccccccccccc
eeeeeeeeeeeeeeeeeeeeeeeeeeeeabccccccccccccccccccccc
eeeeeeeeeeeeeeeeeeeeeeeeeeeeabccccccccccccccccccccc
eeeeeeeeeeeeeeeeeeeeeeeeeeeeabccccccccccccccccccccc
eeeeeeeeeeeeeeeeeeeeeeeeeeeeabccccccccccccccccccccc
eeeeeeeeeeeeeeeeeeeeeeeeeeeeabccccccccccccccccccccc
eeeeeeeeeeeeeeeeeeeeeeeeeeeeabccccccccccccccccccccc
eeeeeeeeeeeeeeeeeeeeeeeeeeeeabccccccccccccccccccccc
eeeeeeeeeeeeeeeeeeeeeeeeeeeeabccccccccccccccccccccc
eeeeeeeeeeeeeeeeeeeeeeeeeeeeabccccccccccccccccccccc
eeeeeeeeeeeeeeeeeeeeeeeeeeeeabccccccccccccccccccccc
eeeeeeeeeeeeeeeeeeeeeeeeeeeeabccccccccccccccccccccc
eeeeeeeeeeeeeeeeeeeeeeeeeeeeabcccccccccccccccccccccabccccccccccccccccccccc
eeeeeeeeeeeeeeeeeeeeeeeeeeee
abccccccccccccccccccccc
eeeeeeeeeeeeeeeeeeeeeeeeeeee
abccccccccccccccccccccc
eeeeeeeeeeeeeeeeeeeeeeeeeeeeabccccccccccccccccccccc
eeeeeeeeeeeeeeeeeeeeeeeeeeeeabccccccccccccccccccccc
eeeeeeeeeeeeeeeeeeeeeeeeeeeeabccccccccccccccccccccc
eeeeeeeeeeeeeeeeeeeeeeeeeeeeabccccccccccccccccccccc
eeeeeeeeeeeeeeeeeeeeeeeeeeeeabccccccccccccccccccccc
eeeeeeeeeeeeeeeeeeeeeeeeeeeeabccccccccccccccccccccc
eeeeeeeeeeeeeeeeeeeeeeeeeeeeabccccccccccccccccccccc
eeeeeeeeeeeeeeeeeeeeeeeeeeeeabccccccccccccccccccccc
eeeeeeeeeeeeeeeeeeeeeeeeeeeeabccccccccccccccccccccc
eeeeeeeeeeeeeeeeeeeeeeeeeeeeabccccccccccccccccccccc
eeeeeeeeeeeeeeeeeeeeeeeeeeeeabccccccccccccccccccccc
eeeeeeeeeeeeeeeeeeeeeeeeeeeeabcccccccccccccccccccccabccccccccccccccccccccc
eeeeeeeeeeeeeeeeeeeeeeeeeeee
abccccccccccccccccccccc
eeeeeeeeeeeeeeeeeeeeeeeeeeee
abccccccccccccccccccccc
eeeeeeeeeeeeeeeeeeeeeeeeeeeeabccccccccccccccccccccc
eeeeeeeeeeeeeeeeeeeeeeeeeeeeabccccccccccccccccccccc
eeeeeeeeeeeeeeeeeeeeeeeeeeeeabccccccccccccccccccccc
eeeeeeeeeeeeeeeeeeeeeeeeeeeeabccccccccccccccccccccc
eeeeeeeeeeeeeeeeeeeeeeeeeeeeabccccccccccccccccccccc
eeeeeeeeeeeeeeeeeeeeeeeeeeeeabccccccccccccccccccccc
eeeeeeeeeeeeeeeeeeeeeeeeeeeeabccccccccccccccccccccc
eeeeeeeeeeeeeeeeeeeeeeeeeeeeabccccccccccccccccccccc
eeeeeeeeeeeeeeeeeeeeeeeeeeeeabccccccccccccccccccccc
eeeeeeeeeeeeeeeeeeeeeeeeeeeeabccccccccccccccccccccc
eeeeeeeeeeeeeeeeeeeeeeeeeeeeabccccccccccccccccccccc
eeeeeeeeeeeeeeeeeeeeeeeeeeeeabcccccccccccccccccccccabccccccccccccccccccccc
eeeeeeeeeeeeeeeeeeeeeeeeeeee
abccccccccccccccccccccc
eeeeeeeeeeeeeeeeeeeeeeeeeeee
abccccccccccccccccccccc
eeeeeeeeeeeeeeeeeeeeeeeeeeeeabccccccccccccccccccccc
eeeeeeeeeeeeeeeeeeeeeeeeeeeeabccccccccccccccccccccc
eeeeeeeeeeeeeeeeeeeeeeeeeeeeabccccccccccccccccccccc
eeeeeeeeeeeeeeeeeeeeeeeeeeeeabccccccccccccccccccccc
eeeeeeeeeeeeeeeeeeeeeeeeeeeeabccccccccccccccccccccc
eeeeeeeeeeeeeeeeeeeeeeeeeeeeabccccccccccccccccccccc
eeeeeeeeeeeeeeeeeeeeeeeeeeeeabccccccccccccccccccccc
eeeeeeeeeeeeeeeeeeeeeeeeeeeeabccccccccccccccccccccc
eeeeeeeeeeeeeeeeeeeeeeeeeeeeabccccccccccccccccccccc
eeeeeeeeeeeeeeeeeeeeeeeeeeeeabccccccccccccccccccccc
eeeeeeeeeeeeeeeeeeeeeeeeeeeeabccccccccccccccccccccc
eeeeeeeeeeeeeeeeeeeeeeeeeeeeabcccccccccccccccccccccabccccccccccccccccccccc
eeeeeeeeeeeeeeeeeeeeeeeeeeee
abccccccccccccccccccccc
eeeeeeeeeeeeeeeeeeeeeeeeeeee
abccccccccccccccccccccc
eeeeeeeeeeeeeeeeeeeeeeeeeeeeabccccccccccccccccccccc
eeeeeeeeeeeeeeeeeeeeeeeeeeeeabccccccccccccccccccccc
eeeeeeeeeeeeeeeeeeeeeeeeeeeeabccccccccccccccccccccc
eeeeeeeeeeeeeeeeeeeeeeeeeeeeabccccccccccccccccccccc
eeeeeeeeeeeeeeeeeeeeeeeeeeeeabccccccccccccccccccccc
eeeeeeeeeeeeeeeeeeeeeeeeeeeeabccccccccccccccccccccc
eeeeeeeeeeeeeeeeeeeeeeeeeeeeabccccccccccccccccccccc
eeeeeeeeeeeeeeeeeeeeeeeeeeeeabccccccccccccccccccccc
eeeeeeeeeeeeeeeeeeeeeeeeeeeeabccccccccccccccccccccc
eeeeeeeeeeeeeeeeeeeeeeeeeeeeabccccccccccccccccccccc
eeeeeeeeeeeeeeeeeeeeeeeeeeeeabccccccccccccccccccccc
eeeeeeeeeeeeeeeeeeeeeeeeeeeeabcccccccccccccccccccccabccccccccccccccccccccc
eeeeeeeeeeeeeeeeeeeeeeeeeeee
abccccccccccccccccccccc
eeeeeeeeeeeeeeeeeeeeeeeeeeee
abccccccccccccccccccccc
eeeeeeeeeeeeeeeeeeeeeeeeeeeeabccccccccccccccccccccc
eeeeeeeeeeeeeeeeeeeeeeeeeeeeabccccccccccccccccccccc
eeeeeeeeeeeeeeeeeeeeeeeeeeeeabccccccccccccccccccccc
eeeeeeeeeeeeeeeeeeeeeeeeeeeeabccccccccccccccccccccc
eeeeeeeeeeeeeeeeeeeeeeeeeeeeabccccccccccccccccccccc
eeeeeeeeeeeeeeeeeeeeeeeeeeeeabccccccccccccccccccccc
eeeeeeeeeeeeeeeeeeeeeeeeeeeeabccccccccccccccccccccc
eeeeeeeeeeeeeeeeeeeeeeeeeeeeabccccccccccccccccccccc
eeeeeeeeeeeeeeeeeeeeeeeeeeeeabccccccccccccccccccccc
eeeeeeeeeeeeeeeeeeeeeeeeeeeeabccccccccccccccccccccc
eeeeeeeeeeeeeeeeeeeeeeeeeeeeabccccccccccccccccccccc
eeeeeeeeeeeeeeeeeeeeeeeeeeeeabcccccccccccccccccccccabccccccccccccccccccccc
eeeeeeeeeeeeeeeeeeeeeeeeeeee
abccccccccccccccccccccc
eeeeeeeeeeeeeeeeeeeeeeeeeeee
abccccccccccccccccccccc
eeeeeeeeeeeeeeeeeeeeeeeeeeeeabccccccccccccccccccccc
eeeeeeeeeeeeeeeeeeeeeeeeeeeeabccccccccccccccccccccc
eeeeeeeeeeeeeeeeeeeeeeeeeeeeabccccccccccccccccccccc
eeeeeeeeeeeeeeeeeeeeeeeeeeeeabccccccccccccccccccccc
eeeeeeeeeeeeeeeeeeeeeeeeeeeeabccccccccccccccccccccc
eeeeeeeeeeeeeeeeeeeeeeeeeeeeabccccccccccccccccccccc
eeeeeeeeeeeeeeeeeeeeeeeeeeeeabccccccccccccccccccccc
eeeeeeeeeeeeeeeeeeeeeeeeeeeeabccccccccccccccccccccc
eeeeeeeeeeeeeeeeeeeeeeeeeeeeabccccccccccccccccccccc
eeeeeeeeeeeeeeeeeeeeeeeeeeeeabccccccccccccccccccccc
eeeeeeeeeeeeeeeeeeeeeeeeeeeeabccccccccccccccccccccc
eeeeeeeeeeeeeeeeeeeeeeeeeeeeabcccccccccccccccccccccabccccccccccccccccccccc
eeeeeeeeeeeeeeeeeeeeeeeeeeee
abccccccccccccccccccccc
eeeeeeeeeeeeeeeeeeeeeeeeeeee
abccccccccccccccccccccc
eeeeeeeeeeeeeeeeeeeeeeeeeeeeabccccccccccccccccccccc
eeeeeeeeeeeeeeeeeeeeeeeeeeeeabccccccccccccccccccccc
eeeeeeeeeeeeeeeeeeeeeeeeeeeeabccccccccccccccccccccc
eeeeeeeeeeeeeeeeeeeeeeeeeeeeabccccccccccccccccccccc
eeeeeeeeeeeeeeeeeeeeeeeeeeeeabccccccccccccccccccccc
eeeeeeeeeeeeeeeeeeeeeeeeeeeeabccccccccccccccccccccc
eeeeeeeeeeeeeeeeeeeeeeeeeeeeabccccccccccccccccccccc
eeeeeeeeeeeeeeeeeeeeeeeeeeeeabccccccccccccccccccccc
eeeeeeeeeeeeeeeeeeeeeeeeeeeeabccccccccccccccccccccc
eeeeeeeeeeeeeeeeeeeeeeeeeeeeabccccccccccccccccccccc
eeeeeeeeeeeeeeeeeeeeeeeeeeeeabccccccccccccccccccccc
eeeeeeeeeeeeeeeeeeeeeeeeeeeeabcccccccccccccccccccccabccccccccccccccccccccc
eeeeeeeeeeeeeeeeeeeeeeeeeeee
abccccccccccccccccccccc
eeeeeeeeeeeeeeeeeeeeeeeeeeee
abccccccccccccccccccccc
eeeeeeeeeeeeeeeeeeeeeeeeeeeeabccccccccccccccccccccc
eeeeeeeeeeeeeeeeeeeeeeeeeeeeabccccccccccccccccccccc
eeeeeeeeeeeeeeeeeeeeeeeeeeeeabccccccccccccccccccccc
eeeeeeeeeeeeeeeeeeeeeeeeeeeeabccccccccccccccccccccc
eeeeeeeeeeeeeeeeeeeeeeeeeeeeabccccccccccccccccccccc
eeeeeeeeeeeeeeeeeeeeeeeeeeeeabccccccccccccccccccccc
eeeeeeeeeeeeeeeeeeeeeeeeeeeeabccccccccccccccccccccc
eeeeeeeeeeeeeeeeeeeeeeeeeeeeabccccccccccccccccccccc
eeeeeeeeeeeeeeeeeeeeeeeeeeeeabccccccccccccccccccccc
eeeeeeeeeeeeeeeeeeeeeeeeeeeeabccccccccccccccccccccc
eeeeeeeeeeeeeeeeeeeeeeeeeeeeabccccccccccccccccccccc
eeeeeeeeeeeeeeeeeeeeeeeeeeeeabcccccccccccccccccccccabccccccccccccccccccccc
eeeeeeeeeeeeeeeeeeeeeeeeeeee
abccccccccccccccccccccc
eeeeeeeeeeeeeeeeeeeeeeeeeeee
abccccccccccccccccccccc
eeeeeeeeeeeeeeeeeeeeeeeeeeeeabccccccccccccccccccccc
eeeeeeeeeeeeeeeeeeeeeeeeeeeeabccccccccccccccccccccc
eeeeeeeeeeeeeeeeeeeeeeeeeeeeabccccccccccccccccccccc
eeeeeeeeeeeeeeeeeeeeeeeeeeeeabccccccccccccccccccccc
eeeeeeeeeeeeeeeeeeeeeeeeeeeeabccccccccccccccccccccc
eeeeeeeeeeeeeeeeeeeeeeeeeeeeabccccccccccccccccccccc
eeeeeeeeeeeeeeeeeeeeeeeeeeeeabccccccccccccccccccccc
eeeeeeeeeeeeeeeeeeeeeeeeeeeeabccccccccccccccccccccc
eeeeeeeeeeeeeeeeeeeeeeeeeeeeabccccccccccccccccccccc
eeeeeeeeeeeeeeeeeeeeeeeeeeeeabccccccccccccccccccccc
eeeeeeeeeeeeeeeeeeeeeeeeeeeeabccccccccccccccccccccc
eeeeeeeeeeeeeeeeeeeeeeeeeeeeabcccccccccccccccccccccabccccccccccccccccccccc
eeeeeeeeeeeeeeeeeeeeeeeeeeee
abccccccccccccccccccccc
eeeeeeeeeeeeeeeeeeeeeeeeeeee
abccccccccccccccccccccc
eeeeeeeeeeeeeeeeeeeeeeeeeeeeabccccccccccccccccccccc
eeeeeeeeeeeeeeeeeeeeeeeeeeeeabccccccccccccccccccccc
eeeeeeeeeeeeeeeeeeeeeeeeeeeeabccccccccccccccccccccc
eeeeeeeeeeeeeeeeeeeeeeeeeeeeabccccccccccccccccccccc
eeeeeeeeeeeeeeeeeeeeeeeeeeeeabccccccccccccccccccccc
eeeeeeeeeeeeeeeeeeeeeeeeeeeeabccccccccccccccccccccc
eeeeeeeeeeeeeeeeeeeeeeeeeeeeabccccccccccccccccccccc
eeeeeeeeeeeeeeeeeeeeeeeeeeeeabccccccccccccccccccccc
eeeeeeeeeeeeeeeeeeeeeeeeeeeeabccccccccccccccccccccc
eeeeeeeeeeeeeeeeeeeeeeeeeeeeabccccccccccccccccccccc
eeeeeeeeeeeeeeeeeeeeeeeeeeeeabccccccccccccccccccccc
eeeeeeeeeeeeeeeeeeeeeeeeeeeeabcccccccccccccccccccccabccccccccccccccccccccc
eeeeeeeeeeeeeeeeeeeeeeeeeeee
abccccccccccccccccccccc
eeeeeeeeeeeeeeeeeeeeeeeeeeee
abccccccccccccccccccccc
eeeeeeeeeeeeeeeeeeeeeeeeeeeeabccccccccccccccccccccc
eeeeeeeeeeeeeeeeeeeeeeeeeeeeabccccccccccccccccccccc
eeeeeeeeeeeeeeeeeeeeeeeeeeeeabccccccccccccccccccccc
eeeeeeeeeeeeeeeeeeeeeeeeeeeeabccccccccccccccccccccc
eeeeeeeeeeeeeeeeeeeeeeeeeeeeabccccccccccccccccccccc
eeeeeeeeeeeeeeeeeeeeeeeeeeeeabccccccccccccccccccccc
eeeeeeeeeeeeeeeeeeeeeeeeeeeeabccccccccccccccccccccc
eeeeeeeeeeeeeeeeeeeeeeeeeeeeabccccccccccccccccccccc
eeeeeeeeeeeeeeeeeeeeeeeeeeeeabccccccccccccccccccccc
eeeeeeeeeeeeeeeeeeeeeeeeeeeeabccccccccccccccccccccc
eeeeeeeeeeeeeeeeeeeeeeeeeeeeabccccccccccccccccccccc
eeeeeeeeeeeeeeeeeeeeeeeeeeeeabcccccccccccccccccccccabccccccccccccccccccccc
eeeeeeeeeeeeeeeeeeeeeeeeeeee
abccccccccccccccccccccc
eeeeeeeeeeeeeeeeeeeeeeeeeeee
abccccccccccccccccccccc
eeeeeeeeeeeeeeeeeeeeeeeeeeeeabccccccccccccccccccccc
eeeeeeeeeeeeeeeeeeeeeeeeeeeeabccccccccccccccccccccc
eeeeeeeeeeeeeeeeeeeeeeeeeeeeabccccccccccccccccccccc
eeeeeeeeeeeeeeeeeeeeeeeeeeeeabccccccccccccccccccccc
eeeeeeeeeeeeeeeeeeeeeeeeeeeeabccccccccccccccccccccc
eeeeeeeeeeeeeeeeeeeeeeeeeeeeabccccccccccccccccccccc
eeeeeeeeeeeeeeeeeeeeeeeeeeeeabccccccccccccccccccccc
eeeeeeeeeeeeeeeeeeeeeeeeeeeeabccccccccccccccccccccc
eeeeeeeeeeeeeeeeeeeeeeeeeeeeabccccccccccccccccccccc
eeeeeeeeeeeeeeeeeeeeeeeeeeeeabccccccccccccccccccccc
eeeeeeeeeeeeeeeeeeeeeeeeeeeeabccccccccccccccccccccc
eeeeeeeeeeeeeeeeeeeeeeeeeeeeabcccccccccccccccccccccabccccccccccccccccccccc
eeeeeeeeeeeeeeeeeeeeeeeeeeee
abccccccccccccccccccccc
eeeeeeeeeeeeeeeeeeeeeeeeeeee
abccccccccccccccccccccc
eeeeeeeeeeeeeeeeeeeeeeeeeeeeabccccccccccccccccccccc
eeeeeeeeeeeeeeeeeeeeeeeeeeeeabccccccccccccccccccccc
eeeeeeeeeeeeeeeeeeeeeeeeeeeeabccccccccccccccccccccc
eeeeeeeeeeeeeeeeeeeeeeeeeeeeabccccccccccccccccccccc
eeeeeeeeeeeeeeeeeeeeeeeeeeeeabccccccccccccccccccccc
eeeeeeeeeeeeeeeeeeeeeeeeeeeeabccccccccccccccccccccc
eeeeeeeeeeeeeeeeeeeeeeeeeeeeabccccccccccccccccccccc
eeeeeeeeeeeeeeeeeeeeeeeeeeeeabccccccccccccccccccccc
eeeeeeeeeeeeeeeeeeeeeeeeeeeeabccccccccccccccccccccc
eeeeeeeeeeeeeeeeeeeeeeeeeeeeabccccccccccccccccccccc
eeeeeeeeeeeeeeeeeeeeeeeeeeeeabccccccccccccccccccccc
eeeeeeeeeeeeeeeeeeeeeeeeeeeeabcccccccccccccccccccccabccccccccccccccccccccc
eeeeeeeeeeeeeeeeeeeeeeeeeeee
abccccccccccccccccccccc
eeeeeeeeeeeeeeeeeeeeeeeeeeee
abccccccccccccccccccccc
eeeeeeeeeeeeeeeeeeeeeeeeeeeeabccccccccccccccccccccc
eeeeeeeeeeeeeeeeeeeeeeeeeeeeabccccccccccccccccccccc
eeeeeeeeeeeeeeeeeeeeeeeeeeeeabccccccccccccccccccccc
eeeeeeeeeeeeeeeeeeeeeeeeeeeeabccccccccccccccccccccc
eeeeeeeeeeeeeeeeeeeeeeeeeeeeabccccccccccccccccccccc
eeeeeeeeeeeeeeeeeeeeeeeeeeeeabccccccccccccccccccccc
eeeeeeeeeeeeeeeeeeeeeeeeeeeeabccccccccccccccccccccc
eeeeeeeeeeeeeeeeeeeeeeeeeeeeabccccccccccccccccccccc
eeeeeeeeeeeeeeeeeeeeeeeeeeeeabccccccccccccccccccccc
eeeeeeeeeeeeeeeeeeeeeeeeeeeeabccccccccccccccccccccc
eeeeeeeeeeeeeeeeeeeeeeeeeeeeabccccccccccccccccccccc
eeeeeeeeeeeeeeeeeeeeeeeeeeeeabcccccccccccccccccccccabccccccccccccccccccccc
eeeeeeeeeeeeeeeeeeeeeeeeeeee
abccccccccccccccccccccc
eeeeeeeeeeeeeeeeeeeeeeeeeeee
abccccccccccccccccccccc
eeeeeeeeeeeeeeeeeeeeeeeeeeeeabccccccccccccccccccccc
eeeeeeeeeeeeeeeeeeeeeeeeeeeeabccccccccccccccccccccc
eeeeeeeeeeeeeeeeeeeeeeeeeeeeabccccccccccccccccccccc
eeeeeeeeeeeeeeeeeeeeeeeeeeeeabccccccccccccccccccccc
eeeeeeeeeeeeeeeeeeeeeeeeeeeeabccccccccccccccccccccc
eeeeeeeeeeeeeeeeeeeeeeeeeeeeabccccccccccccccccccccc
eeeeeeeeeeeeeeeeeeeeeeeeeeeeabccccccccccccccccccccc
eeeeeeeeeeeeeeeeeeeeeeeeeeeeabccccccccccccccccccccc
eeeeeeeeeeeeeeeeeeeeeeeeeeeeabccccccccccccccccccccc
eeeeeeeeeeeeeeeeeeeeeeeeeeeeabccccccccccccccccccccc
eeeeeeeeeeeeeeeeeeeeeeeeeeeeabccccccccccccccccccccc
eeeeeeeeeeeeeeeeeeeeeeeeeeeeabcccccccccccccccccccccabccccccccccccccccccccc
eeeeeeeeeeeeeeeeeeeeeeeeeeee
abccccccccccccccccccccc
eeeeeeeeeeeeeeeeeeeeeeeeeeee
abccccccccccccccccccccc
eeeeeeeeeeeeeeeeeeeeeeeeeeeeabccccccccccccccccccccc
eeeeeeeeeeeeeeeeeeeeeeeeeeeeabccccccccccccccccccccc
eeeeeeeeeeeeeeeeeeeeeeeeeeeeabccccccccccccccccccccc
eeeeeeeeeeeeeeeeeeeeeeeeeeeeabccccccccccccccccccccc
eeeeeeeeeeeeeeeeeeeeeeeeeeeeabccccccccccccccccccccc
eeeeeeeeeeeeeeeeeeeeeeeeeeeeabccccccccccccccccccccc
eeeeeeeeeeeeeeeeeeeeeeeeeeeeabccccccccccccccccccccc
eeeeeeeeeeeeeeeeeeeeeeeeeeeeabccccccccccccccccccccc
eeeeeeeeeeeeeeeeeeeeeeeeeeeeabccccccccccccccccccccc
eeeeeeeeeeeeeeeeeeeeeeeeeeeeabccccccccccccccccccccc
eeeeeeeeeeeeeeeeeeeeeeeeeeeeabccccccccccccccccccccc
eeeeeeeeeeeeeeeeeeeeeeeeeeeeabcccccccccccccccccccccabccccccccccccccccccccc
eeeeeeeeeeeeeeeeeeeeeeeeeeee
abccccccccccccccccccccc
eeeeeeeeeeeeeeeeeeeeeeeeeeee
abccccccccccccccccccccc
eeeeeeeeeeeeeeeeeeeeeeeeeeeeabccccccccccccccccccccc
eeeeeeeeeeeeeeeeeeeeeeeeeeeeabccccccccccccccccccccc
eeeeeeeeeeeeeeeeeeeeeeeeeeeeabccccccccccccccccccccc
eeeeeeeeeeeeeeeeeeeeeeeeeeeeabccccccccccccccccccccc
eeeeeeeeeeeeeeeeeeeeeeeeeeeeabccccccccccccccccccccc
eeeeeeeeeeeeeeeeeeeeeeeeeeeeabccccccccccccccccccccc
eeeeeeeeeeeeeeeeeeeeeeeeeeeeabccccccccccccccccccccc
eeeeeeeeeeeeeeeeeeeeeeeeeeeeabccccccccccccccccccccc
eeeeeeeeeeeeeeeeeeeeeeeeeeeeabccccccccccccccccccccc
eeeeeeeeeeeeeeeeeeeeeeeeeeeeabccccccccccccccccccccc
eeeeeeeeeeeeeeeeeeeeeeeeeeeeabccccccccccccccccccccc
eeeeeeeeeeeeeeeeeeeeeeeeeeeeabcccccccccccccccccccccabccccccccccccccccccccc
eeeeeeeeeeeeeeeeeeeeeeeeeeee
abccccccccccccccccccccc
eeeeeeeeeeeeeeeeeeeeeeeeeeee
abccccccccccccccccccccc
eeeeeeeeeeeeeeeeeeeeeeeeeeeeabccccccccccccccccccccc
eeeeeeeeeeeeeeeeeeeeeeeeeeeeabccccccccccccccccccccc
eeeeeeeeeeeeeeeeeeeeeeeeeeeeabccccccccccccccccccccc
eeeeeeeeeeeeeeeeeeeeeeeeeeeeabccccccccccccccccccccc
eeeeeeeeeeeeeeeeeeeeeeeeeeeeabccccccccccccccccccccc
eeeeeeeeeeeeeeeeeeeeeeeeeeeeabccccccccccccccccccccc
eeeeeeeeeeeeeeeeeeeeeeeeeeeeabccccccccccccccccccccc
eeeeeeeeeeeeeeeeeeeeeeeeeeeeabccccccccccccccccccccc
eeeeeeeeeeeeeeeeeeeeeeeeeeeeabccccccccccccccccccccc
eeeeeeeeeeeeeeeeeeeeeeeeeeeeabccccccccccccccccccccc
eeeeeeeeeeeeeeeeeeeeeeeeeeeeabccccccccccccccccccccc
eeeeeeeeeeeeeeeeeeeeeeeeeeeeabcccccccccccccccccccccabccccccccccccccccccccc
eeeeeeeeeeeeeeeeeeeeeeeeeeee
abccccccccccccccccccccc
eeeeeeeeeeeeeeeeeeeeeeeeeeee
abccccccccccccccccccccc
eeeeeeeeeeeeeeeeeeeeeeeeeeeeabccccccccccccccccccccc
eeeeeeeeeeeeeeeeeeeeeeeeeeeeabccccccccccccccccccccc
eeeeeeeeeeeeeeeeeeeeeeeeeeeeabccccccccccccccccccccc
eeeeeeeeeeeeeeeeeeeeeeeeeeeeabccccccccccccccccccccc
eeeeeeeeeeeeeeeeeeeeeeeeeeeeabccccccccccccccccccccc
eeeeeeeeeeeeeeeeeeeeeeeeeeeeabccccccccccccccccccccc
eeeeeeeeeeeeeeeeeeeeeeeeeeeeabccccccccccccccccccccc
eeeeeeeeeeeeeeeeeeeeeeeeeeeeabccccccccccccccccccccc
eeeeeeeeeeeeeeeeeeeeeeeeeeeeabccccccccccccccccccccc
eeeeeeeeeeeeeeeeeeeeeeeeeeeeabccccccccccccccccccccc
eeeeeeeeeeeeeeeeeeeeeeeeeeeeabccccccccccccccccccccc
eeeeeeeeeeeeeeeeeeeeeeeeeeeeabcccccccccccccccccccccabccccccccccccccccccccc
eeeeeeeeeeeeeeeeeeeeeeeeeeee
abccccccccccccccccccccc
eeeeeeeeeeeeeeeeeeeeeeeeeeee
abccccccccccccccccccccc
eeeeeeeeeeeeeeeeeeeeeeeeeeeeabccccccccccccccccccccc
eeeeeeeeeeeeeeeeeeeeeeeeeeeeabccccccccccccccccccccc
eeeeeeeeeeeeeeeeeeeeeeeeeeeeabccccccccccccccccccccc
eeeeeeeeeeeeeeeeeeeeeeeeeeeeabccccccccccccccccccccc
eeeeeeeeeeeeeeeeeeeeeeeeeeeeabccccccccccccccccccccc
eeeeeeeeeeeeeeeeeeeeeeeeeeeeabccccccccccccccccccccc
eeeeeeeeeeeeeeeeeeeeeeeeeeeeabccccccccccccccccccccc
eeeeeeeeeeeeeeeeeeeeeeeeeeeeabccccccccccccccccccccc
eeeeeeeeeeeeeeeeeeeeeeeeeeeeabccccccccccccccccccccc
eeeeeeeeeeeeeeeeeeeeeeeeeeeeabccccccccccccccccccccc
eeeeeeeeeeeeeeeeeeeeeeeeeeeeabccccccccccccccccccccc
eeeeeeeeeeeeeeeeeeeeeeeeeeeeabcccccccccccccccccccccabccccccccccccccccccccc
eeeeeeeeeeeeeeeeeeeeeeeeeeee
abccccccccccccccccccccc
eeeeeeeeeeeeeeeeeeeeeeeeeeee
abccccccccccccccccccccc
eeeeeeeeeeeeeeeeeeeeeeeeeeeeabccccccccccccccccccccc
eeeeeeeeeeeeeeeeeeeeeeeeeeeeabccccccccccccccccccccc
eeeeeeeeeeeeeeeeeeeeeeeeeeeeabccccccccccccccccccccc
eeeeeeeeeeeeeeeeeeeeeeeeeeeeabccccccccccccccccccccc
eeeeeeeeeeeeeeeeeeeeeeeeeeeeabccccccccccccccccccccc
eeeeeeeeeeeeeeeeeeeeeeeeeeeeabccccccccccccccccccccc
eeeeeeeeeeeeeeeeeeeeeeeeeeeeabccccccccccccccccccccc
eeeeeeeeeeeeeeeeeeeeeeeeeeeeabccccccccccccccccccccc
eeeeeeeeeeeeeeeeeeeeeeeeeeeeabccccccccccccccccccccc
eeeeeeeeeeeeeeeeeeeeeeeeeeeeabccccccccccccccccccccc
eeeeeeeeeeeeeeeeeeeeeeeeeeeeabccccccccccccccccccccc
eeeeeeeeeeeeeeeeeeeeeeeeeeeeabcccccccccccccccccccccabccccccccccccccccccccc
eeeeeeeeeeeeeeeeeeeeeeeeeeee
abccccccccccccccccccccc
eeeeeeeeeeeeeeeeeeeeeeeeeeee
abccccccccccccccccccccc
eeeeeeeeeeeeeeeeeeeeeeeeeeeeabccccccccccccccccccccc
eeeeeeeeeeeeeeeeeeeeeeeeeeeeabccccccccccccccccccccc
eeeeeeeeeeeeeeeeeeeeeeeeeeeeabccccccccccccccccccccc
eeeeeeeeeeeeeeeeeeeeeeeeeeeeabccccccccccccccccccccc
eeeeeeeeeeeeeeeeeeeeeeeeeeeeabccccccccccccccccccccc
eeeeeeeeeeeeeeeeeeeeeeeeeeeeabccccccccccccccccccccc
eeeeeeeeeeeeeeeeeeeeeeeeeeeeabccccccccccccccccccccc
eeeeeeeeeeeeeeeeeeeeeeeeeeeeabccccccccccccccccccccc
eeeeeeeeeeeeeeeeeeeeeeeeeeeeabccccccccccccccccccccc
eeeeeeeeeeeeeeeeeeeeeeeeeeeeabccccccccccccccccccccc
eeeeeeeeeeeeeeeeeeeeeeeeeeeeabccccccccccccccccccccc
eeeeeeeeeeeeeeeeeeeeeeeeeeeeabcccccccccccccccccccccabccccccccccccccccccccc
eeeeeeeeeeeeeeeeeeeeeeeeeeee
abccccccccccccccccccccc
eeeeeeeeeeeeeeeeeeeeeeeeeeee
abccccccccccccccccccccc
eeeeeeeeeeeeeeeeeeeeeeeeeeeeabccccccccccccccccccccc
eeeeeeeeeeeeeeeeeeeeeeeeeeeeabccccccccccccccccccccc
eeeeeeeeeeeeeeeeeeeeeeeeeeeeabccccccccccccccccccccc
eeeeeeeeeeeeeeeeeeeeeeeeeeeeabccccccccccccccccccccc
eeeeeeeeeeeeeeeeeeeeeeeeeeeeabccccccccccccccccccccc
eeeeeeeeeeeeeeeeeeeeeeeeeeeeabccccccccccccccccccccc
eeeeeeeeeeeeeeeeeeeeeeeeeeeeabccccccccccccccccccccc
eeeeeeeeeeeeeeeeeeeeeeeeeeeeabccccccccccccccccccccc
eeeeeeeeeeeeeeeeeeeeeeeeeeeeabccccccccccccccccccccc
eeeeeeeeeeeeeeeeeeeeeeeeeeeeabccccccccccccccccccccc
eeeeeeeeeeeeeeeeeeeeeeeeeeeeabccccccccccccccccccccc
eeeeeeeeeeeeeeeeeeeeeeeeeeeeabcccccccccccccccccccccabccccccccccccccccccccc
eeeeeeeeeeeeeeeeeeeeeeeeeeee
abccccccccccccccccccccc
eeeeeeeeeeeeeeeeeeeeeeeeeeee
abccccccccccccccccccccc
eeeeeeeeeeeeeeeeeeeeeeeeeeeeabccccccccccccccccccccc
eeeeeeeeeeeeeeeeeeeeeeeeeeeeabccccccccccccccccccccc
eeeeeeeeeeeeeeeeeeeeeeeeeeeeabccccccccccccccccccccc
eeeeeeeeeeeeeeeeeeeeeeeeeeeeabccccccccccccccccccccc
eeeeeeeeeeeeeeeeeeeeeeeeeeeeabccccccccccccccccccccc
eeeeeeeeeeeeeeeeeeeeeeeeeeeeabccccccccccccccccccccc
eeeeeeeeeeeeeeeeeeeeeeeeeeeeabccccccccccccccccccccc
eeeeeeeeeeeeeeeeeeeeeeeeeeeeabccccccccccccccccccccc
eeeeeeeeeeeeeeeeeeeeeeeeeeeeabccccccccccccccccccccc
eeeeeeeeeeeeeeeeeeeeeeeeeeeeabccccccccccccccccccccc
eeeeeeeeeeeeeeeeeeeeeeeeeeeeabccccccccccccccccccccc
eeeeeeeeeeeeeeeeeeeeeeeeeeeeabcccccccccccccccccccccabccccccccccccccccccccc
eeeeeeeeeeeeeeeeeeeeeeeeeeee
abccccccccccccccccccccc
eeeeeeeeeeeeeeeeeeeeeeeeeeee
abccccccccccccccccccccc
eeeeeeeeeeeeeeeeeeeeeeeeeeeeabccccccccccccccccccccc
eeeeeeeeeeeeeeeeeeeeeeeeeeeeabccccccccccccccccccccc
eeeeeeeeeeeeeeeeeeeeeeeeeeeeabccccccccccccccccccccc
eeeeeeeeeeeeeeeeeeeeeeeeeeeeabccccccccccccccccccccc
eeeeeeeeeeeeeeeeeeeeeeeeeeeeabccccccccccccccccccccc
eeeeeeeeeeeeeeeeeeeeeeeeeeeeabccccccccccccccccccccc
eeeeeeeeeeeeeeeeeeeeeeeeeeeeabccccccccccccccccccccc
eeeeeeeeeeeeeeeeeeeeeeeeeeeeabccccccccccccccccccccc
eeeeeeeeeeeeeeeeeeeeeeeeeeeeabccccccccccccccccccccc
eeeeeeeeeeeeeeeeeeeeeeeeeeeeabccccccccccccccccccccc
eeeeeeeeeeeeeeeeeeeeeeeeeeeeabccccccccccccccccccccc
eeeeeeeeeeeeeeeeeeeeeeeeeeeeabcccccccccccccccccccccabccccccccccccccccccccc
eeeeeeeeeeeeeeeeeeeeeeeeeeee
abccccccccccccccccccccc
eeeeeeeeeeeeeeeeeeeeeeeeeeee
abccccccccccccccccccccc
eeeeeeeeeeeeeeeeeeeeeeeeeeeeabccccccccccccccccccccc
eeeeeeeeeeeeeeeeeeeeeeeeeeeeabccccccccccccccccccccc
eeeeeeeeeeeeeeeeeeeeeeeeeeeeabccccccccccccccccccccc
eeeeeeeeeeeeeeeeeeeeeeeeeeeeabccccccccccccccccccccc
eeeeeeeeeeeeeeeeeeeeeeeeeeeeabccccccccccccccccccccc
eeeeeeeeeeeeeeeeeeeeeeeeeeeeabccccccccccccccccccccc
eeeeeeeeeeeeeeeeeeeeeeeeeeeeabccccccccccccccccccccc
eeeeeeeeeeeeeeeeeeeeeeeeeeeeabccccccccccccccccccccc
eeeeeeeeeeeeeeeeeeeeeeeeeeeeabccccccccccccccccccccc
eeeeeeeeeeeeeeeeeeeeeeeeeeeeabccccccccccccccccccccc
eeeeeeeeeeeeeeeeeeeeeeeeeeeeabccccccccccccccccccccc
eeeeeeeeeeeeeeeeeeeeeeeeeeeeabcccccccccccccccccccccabccccccccccccccccccccc
eeeeeeeeeeeeeeeeeeeeeeeeeeee
abccccccccccccccccccccc
eeeeeeeeeeeeeeeeeeeeeeeeeeee
abccccccccccccccccccccc
eeeeeeeeeeeeeeeeeeeeeeeeeeeeabccccccccccccccccccccc
eeeeeeeeeeeeeeeeeeeeeeeeeeeeabccccccccccccccccccccc
eeeeeeeeeeeeeeeeeeeeeeeeeeeeabccccccccccccccccccccc
eeeeeeeeeeeeeeeeeeeeeeeeeeeeabccccccccccccccccccccc
eeeeeeeeeeeeeeeeeeeeeeeeeeeeabccccccccccccccccccccc
eeeeeeeeeeeeeeeeeeeeeeeeeeeeabccccccccccccccccccccc
eeeeeeeeeeeeeeeeeeeeeeeeeeeeabccccccccccccccccccccc
eeeeeeeeeeeeeeeeeeeeeeeeeeeeabccccccccccccccccccccc
eeeeeeeeeeeeeeeeeeeeeeeeeeeeabccccccccccccccccccccc
eeeeeeeeeeeeeeeeeeeeeeeeeeeeabccccccccccccccccccccc
eeeeeeeeeeeeeeeeeeeeeeeeeeeeabccccccccccccccccccccc
eeeeeeeeeeeeeeeeeeeeeeeeeeeeabcccccccccccccccccccccabccccccccccccccccccccc
eeeeeeeeeeeeeeeeeeeeeeeeeeee
abccccccccccccccccccccc
eeeeeeeeeeeeeeeeeeeeeeeeeeee
abccccccccccccccccccccc
eeeeeeeeeeeeeeeeeeeeeeeeeeeeabccccccccccccccccccccc
eeeeeeeeeeeeeeeeeeeeeeeeeeeeabccccccccccccccccccccc
eeeeeeeeeeeeeeeeeeeeeeeeeeeeabccccccccccccccccccccc
eeeeeeeeeeeeeeeeeeeeeeeeeeeeabccccccccccccccccccccc
eeeeeeeeeeeeeeeeeeeeeeeeeeeeabccccccccccccccccccccc
eeeeeeeeeeeeeeeeeeeeeeeeeeeeabccccccccccccccccccccc
eeeeeeeeeeeeeeeeeeeeeeeeeeeeabccccccccccccccccccccc
eeeeeeeeeeeeeeeeeeeeeeeeeeeeabccccccccccccccccccccc
eeeeeeeeeeeeeeeeeeeeeeeeeeeeabccccccccccccccccccccc
eeeeeeeeeeeeeeeeeeeeeeeeeeeeabccccccccccccccccccccc
eeeeeeeeeeeeeeeeeeeeeeeeeeeeabccccccccccccccccccccc
eeeeeeeeeeeeeeeeeeeeeeeeeeeeabcccccccccccccccccccccabccccccccccccccccccccc
eeeeeeeeeeeeeeeeeeeeeeeeeeee
abccccccccccccccccccccc
eeeeeeeeeeeeeeeeeeeeeeeeeeee
abccccccccccccccccccccc
eeeeeeeeeeeeeeeeeeeeeeeeeeeeabccccccccccccccccccccc
eeeeeeeeeeeeeeeeeeeeeeeeeeeeabccccccccccccccccccccc
eeeeeeeeeeeeeeeeeeeeeeeeeeeeabccccccccccccccccccccc
eeeeeeeeeeeeeeeeeeeeeeeeeeeeabccccccccccccccccccccc
eeeeeeeeeeeeeeeeeeeeeeeeeeeeabccccccccccccccccccccc
eeeeeeeeeeeeeeeeeeeeeeeeeeeeabccccccccccccccccccccc
eeeeeeeeeeeeeeeeeeeeeeeeeeeeabccccccccccccccccccccc
eeeeeeeeeeeeeeeeeeeeeeeeeeeeabccccccccccccccccccccc
eeeeeeeeeeeeeeeeeeeeeeeeeeeeabccccccccccccccccccccc
eeeeeeeeeeeeeeeeeeeeeeeeeeeeabccccccccccccccccccccc
eeeeeeeeeeeeeeeeeeeeeeeeeeeeabccccccccccccccccccccc
eeeeeeeeeeeeeeeeeeeeeeeeeeeeabcccccccccccccccccccccabccccccccccccccccccccc
eeeeeeeeeeeeeeeeeeeeeeeeeeee
abccccccccccccccccccccc
eeeeeeeeeeeeeeeeeeeeeeeeeeee
abccccccccccccccccccccc
eeeeeeeeeeeeeeeeeeeeeeeeeeeeabccccccccccccccccccccc
eeeeeeeeeeeeeeeeeeeeeeeeeeeeabccccccccccccccccccccc
eeeeeeeeeeeeeeeeeeeeeeeeeeeeabccccccccccccccccccccc
eeeeeeeeeeeeeeeeeeeeeeeeeeeeabccccccccccccccccccccc
eeeeeeeeeeeeeeeeeeeeeeeeeeeeabccccccccccccccccccccc
eeeeeeeeeeeeeeeeeeeeeeeeeeeeabccccccccccccccccccccc
eeeeeeeeeeeeeeeeeeeeeeeeeeeeabccccccccccccccccccccc
eeeeeeeeeeeeeeeeeeeeeeeeeeeeabccccccccccccccccccccc
eeeeeeeeeeeeeeeeeeeeeeeeeeeeabccccccccccccccccccccc
eeeeeeeeeeeeeeeeeeeeeeeeeeeeabccccccccccccccccccccc
eeeeeeeeeeeeeeeeeeeeeeeeeeeeabccccccccccccccccccccc
eeeeeeeeeeeeeeeeeeeeeeeeeeeeabcccccccccccccccccccccabccccccccccccccccccccc
eeeeeeeeeeeeeeeeeeeeeeeeeeee
abccccccccccccccccccccc
eeeeeeeeeeeeeeeeeeeeeeeeeeee
abccccccccccccccccccccc
eeeeeeeeeeeeeeeeeeeeeeeeeeeeabccccccccccccccccccccc
eeeeeeeeeeeeeeeeeeeeeeeeeeeeabccccccccccccccccccccc
eeeeeeeeeeeeeeeeeeeeeeeeeeeeabccccccccccccccccccccc
eeeeeeeeeeeeeeeeeeeeeeeeeeeeabccccccccccccccccccccc
eeeeeeeeeeeeeeeeeeeeeeeeeeeeabccccccccccccccccccccc
eeeeeeeeeeeeeeeeeeeeeeeeeeeeabccccccccccccccccccccc
eeeeeeeeeeeeeeeeeeeeeeeeeeeeabccccccccccccccccccccc
eeeeeeeeeeeeeeeeeeeeeeeeeeeeabccccccccccccccccccccc
eeeeeeeeeeeeeeeeeeeeeeeeeeeeabccccccccccccccccccccc
eeeeeeeeeeeeeeeeeeeeeeeeeeeeabccccccccccccccccccccc
eeeeeeeeeeeeeeeeeeeeeeeeeeeeabccccccccccccccccccccc
eeeeeeeeeeeeeeeeeeeeeeeeeeeeabcccccccccccccccccccccabccccccccccccccccccccc
eeeeeeeeeeeeeeeeeeeeeeeeeeee
abccccccccccccccccccccc
eeeeeeeeeeeeeeeeeeeeeeeeeeee
abccccccccccccccccccccc
eeeeeeeeeeeeeeeeeeeeeeeeeeeeabccccccccccccccccccccc
eeeeeeeeeeeeeeeeeeeeeeeeeeeeabccccccccccccccccccccc
eeeeeeeeeeeeeeeeeeeeeeeeeeeeabccccccccccccccccccccc
eeeeeeeeeeeeeeeeeeeeeeeeeeeeabccccccccccccccccccccc
eeeeeeeeeeeeeeeeeeeeeeeeeeeeabccccccccccccccccccccc
eeeeeeeeeeeeeeeeeeeeeeeeeeeeabccccccccccccccccccccc
eeeeeeeeeeeeeeeeeeeeeeeeeeeeabccccccccccccccccccccc
eeeeeeeeeeeeeeeeeeeeeeeeeeeeabccccccccccccccccccccc
eeeeeeeeeeeeeeeeeeeeeeeeeeeeabccccccccccccccccccccc
eeeeeeeeeeeeeeeeeeeeeeeeeeeeabccccccccccccccccccccc
eeeeeeeeeeeeeeeeeeeeeeeeeeeeabccccccccccccccccccccc
eeeeeeeeeeeeeeeeeeeeeeeeeeeeabcccccccccccccccccccccabccccccccccccccccccccc
eeeeeeeeeeeeeeeeeeeeeeeeeeee
abccccccccccccccccccccc
eeeeeeeeeeeeeeeeeeeeeeeeeeee
abccccccccccccccccccccc
eeeeeeeeeeeeeeeeeeeeeeeeeeeeabccccccccccccccccccccc
eeeeeeeeeeeeeeeeeeeeeeeeeeeeabccccccccccccccccccccc
eeeeeeeeeeeeeeeeeeeeeeeeeeeeabccccccccccccccccccccc
eeeeeeeeeeeeeeeeeeeeeeeeeeeeabccccccccccccccccccccc
eeeeeeeeeeeeeeeeeeeeeeeeeeeeabccccccccccccccccccccc
eeeeeeeeeeeeeeeeeeeeeeeeeeeeabccccccccccccccccccccc
eeeeeeeeeeeeeeeeeeeeeeeeeeeeabccccccccccccccccccccc
eeeeeeeeeeeeeeeeeeeeeeeeeeeeabccccccccccccccccccccc
eeeeeeeeeeeeeeeeeeeeeeeeeeeeabccccccccccccccccccccc
eeeeeeeeeeeeeeeeeeeeeeeeeeeeabccccccccccccccccccccc
eeeeeeeeeeeeeeeeeeeeeeeeeeeeabccccccccccccccccccccc
eeeeeeeeeeeeeeeeeeeeeeeeeeeeabcccccccccccccccccccccabccccccccccccccccccccc
eeeeeeeeeeeeeeeeeeeeeeeeeeee
abccccccccccccccccccccc
eeeeeeeeeeeeeeeeeeeeeeeeeeee
abccccccccccccccccccccc
eeeeeeeeeeeeeeeeeeeeeeeeeeeeabccccccccccccccccccccc
eeeeeeeeeeeeeeeeeeeeeeeeeeeeabccccccccccccccccccccc
eeeeeeeeeeeeeeeeeeeeeeeeeeeeabccccccccccccccccccccc
eeeeeeeeeeeeeeeeeeeeeeeeeeeeabccccccccccccccccccccc
eeeeeeeeeeeeeeeeeeeeeeeeeeeeabccccccccccccccccccccc
eeeeeeeeeeeeeeeeeeeeeeeeeeeeabccccccccccccccccccccc
eeeeeeeeeeeeeeeeeeeeeeeeeeeeabccccccccccccccccccccc
eeeeeeeeeeeeeeeeeeeeeeeeeeeeabccccccccccccccccccccc
eeeeeeeeeeeeeeeeeeeeeeeeeeeeabccccccccccccccccccccc
eeeeeeeeeeeeeeeeeeeeeeeeeeeeabccccccccccccccccccccc
eeeeeeeeeeeeeeeeeeeeeeeeeeeeabccccccccccccccccccccc
eeeeeeeeeeeeeeeeeeeeeeeeeeeeabcccccccccccccccccccccabccccccccccccccccccccc
eeeeeeeeeeeeeeeeeeeeeeeeeeee
abccccccccccccccccccccc
eeeeeeeeeeeeeeeeeeeeeeeeeeee
abccccccccccccccccccccc
eeeeeeeeeeeeeeeeeeeeeeeeeeeeabccccccccccccccccccccc
eeeeeeeeeeeeeeeeeeeeeeeeeeeeabccccccccccccccccccccc
eeeeeeeeeeeeeeeeeeeeeeeeeeeeabccccccccccccccccccccc
eeeeeeeeeeeeeeeeeeeeeeeeeeeeabccccccccccccccccccccc
eeeeeeeeeeeeeeeeeeeeeeeeeeeeabccccccccccccccccccccc
eeeeeeeeeeeeeeeeeeeeeeeeeeeeabccccccccccccccccccccc
eeeeeeeeeeeeeeeeeeeeeeeeeeeeabccccccccccccccccccccc
eeeeeeeeeeeeeeeeeeeeeeeeeeeeabccccccccccccccccccccc
eeeeeeeeeeeeeeeeeeeeeeeeeeeeabccccccccccccccccccccc
eeeeeeeeeeeeeeeeeeeeeeeeeeeeabccccccccccccccccccccc
eeeeeeeeeeeeeeeeeeeeeeeeeeeeabccccccccccccccccccccc
eeeeeeeeeeeeeeeeeeeeeeeeeeeeabcccccccccccccccccccccabccccccccccccccccccccc
eeeeeeeeeeeeeeeeeeeeeeeeeeee
abccccccccccccccccccccc
eeeeeeeeeeeeeeeeeeeeeeeeeeee
abccccccccccccccccccccc
eeeeeeeeeeeeeeeeeeeeeeeeeeeeabccccccccccccccccccccc
eeeeeeeeeeeeeeeeeeeeeeeeeeeeabccccccccccccccccccccc
eeeeeeeeeeeeeeeeeeeeeeeeeeeeabccccccccccccccccccccc
eeeeeeeeeeeeeeeeeeeeeeeeeeeeabccccccccccccccccccccc
eeeeeeeeeeeeeeeeeeeeeeeeeeeeabccccccccccccccccccccc
eeeeeeeeeeeeeeeeeeeeeeeeeeeeabccccccccccccccccccccc
eeeeeeeeeeeeeeeeeeeeeeeeeeeeabccccccccccccccccccccc
eeeeeeeeeeeeeeeeeeeeeeeeeeeeabccccccccccccccccccccc
eeeeeeeeeeeeeeeeeeeeeeeeeeeeabccccccccccccccccccccc
eeeeeeeeeeeeeeeeeeeeeeeeeeeeabccccccccccccccccccccc
eeeeeeeeeeeeeeeeeeeeeeeeeeeeabccccccccccccccccccccc
eeeeeeeeeeeeeeeeeeeeeeeeeeeeabcccccccccccccccccccccabccccccccccccccccccccc
eeeeeeeeeeeeeeeeeeeeeeeeeeee
abccccccccccccccccccccc
eeeeeeeeeeeeeeeeeeeeeeeeeeee
abccccccccccccccccccccc
eeeeeeeeeeeeeeeeeeeeeeeeeeeeabccccccccccccccccccccc
eeeeeeeeeeeeeeeeeeeeeeeeeeeeabccccccccccccccccccccc
eeeeeeeeeeeeeeeeeeeeeeeeeeeeabccccccccccccccccccccc
eeeeeeeeeeeeeeeeeeeeeeeeeeeeabccccccccccccccccccccc
eeeeeeeeeeeeeeeeeeeeeeeeeeeeabccccccccccccccccccccc
eeeeeeeeeeeeeeeeeeeeeeeeeeeeabccccccccccccccccccccc
eeeeeeeeeeeeeeeeeeeeeeeeeeeeabccccccccccccccccccccc
eeeeeeeeeeeeeeeeeeeeeeeeeeeeabccccccccccccccccccccc
eeeeeeeeeeeeeeeeeeeeeeeeeeeeabccccccccccccccccccccc
eeeeeeeeeeeeeeeeeeeeeeeeeeeeabccccccccccccccccccccc
eeeeeeeeeeeeeeeeeeeeeeeeeeeeabccccccccccccccccccccc
eeeeeeeeeeeeeeeeeeeeeeeeeeeeabcccccccccccccccccccccabccccccccccccccccccccc
eeeeeeeeeeeeeeeeeeeeeeeeeeee
abccccccccccccccccccccc
eeeeeeeeeeeeeeeeeeeeeeeeeeee
abccccccccccccccccccccc
eeeeeeeeeeeeeeeeeeeeeeeeeeeeabccccccccccccccccccccc
eeeeeeeeeeeeeeeeeeeeeeeeeeeeabccccccccccccccccccccc
eeeeeeeeeeeeeeeeeeeeeeeeeeeeabccccccccccccccccccccc
eeeeeeeeeeeeeeeeeeeeeeeeeeeeabccccccccccccccccccccc
eeeeeeeeeeeeeeeeeeeeeeeeeeeeabccccccccccccccccccccc
eeeeeeeeeeeeeeeeeeeeeeeeeeeeabccccccccccccccccccccc
eeeeeeeeeeeeeeeeeeeeeeeeeeeeabccccccccccccccccccccc
eeeeeeeeeeeeeeeeeeeeeeeeeeeeabccccccccccccccccccccc
eeeeeeeeeeeeeeeeeeeeeeeeeeeeabccccccccccccccccccccc
eeeeeeeeeeeeeeeeeeeeeeeeeeeeabccccccccccccccccccccc
eeeeeeeeeeeeeeeeeeeeeeeeeeeeabccccccccccccccccccccc
eeeeeeeeeeeeeeeeeeeeeeeeeeeeabcccccccccccccccccccccabccccccccccccccccccccc
eeeeeeeeeeeeeeeeeeeeeeeeeeee
abccccccccccccccccccccc
eeeeeeeeeeeeeeeeeeeeeeeeeeee
abccccccccccccccccccccc
eeeeeeeeeeeeeeeeeeeeeeeeeeeeabccccccccccccccccccccc
eeeeeeeeeeeeeeeeeeeeeeeeeeeeabccccccccccccccccccccc
eeeeeeeeeeeeeeeeeeeeeeeeeeeeabccccccccccccccccccccc
eeeeeeeeeeeeeeeeeeeeeeeeeeeeabccccccccccccccccccccc
eeeeeeeeeeeeeeeeeeeeeeeeeeeeabccccccccccccccccccccc
eeeeeeeeeeeeeeeeeeeeeeeeeeeeabccccccccccccccccccccc
eeeeeeeeeeeeeeeeeeeeeeeeeeeeabccccccccccccccccccccc
eeeeeeeeeeeeeeeeeeeeeeeeeeeeabccccccccccccccccccccc
eeeeeeeeeeeeeeeeeeeeeeeeeeeeabccccccccccccccccccccc
eeeeeeeeeeeeeeeeeeeeeeeeeeeeabccccccccccccccccccccc
eeeeeeeeeeeeeeeeeeeeeeeeeeeeabccccccccccccccccccccc
eeeeeeeeeeeeeeeeeeeeeeeeeeeeabcccccccccccccccccccccabccccccccccccccccccccc
eeeeeeeeeeeeeeeeeeeeeeeeeeee
abccccccccccccccccccccc
eeeeeeeeeeeeeeeeeeeeeeeeeeee
abccccccccccccccccccccc
eeeeeeeeeeeeeeeeeeeeeeeeeeeeabccccccccccccccccccccc
eeeeeeeeeeeeeeeeeeeeeeeeeeeeabccccccccccccccccccccc
eeeeeeeeeeeeeeeeeeeeeeeeeeeeabccccccccccccccccccccc
eeeeeeeeeeeeeeeeeeeeeeeeeeeeabccccccccccccccccccccc
eeeeeeeeeeeeeeeeeeeeeeeeeeeeabccccccccccccccccccccc
eeeeeeeeeeeeeeeeeeeeeeeeeeeeabccccccccccccccccccccc
eeeeeeeeeeeeeeeeeeeeeeeeeeeeabccccccccccccccccccccc
eeeeeeeeeeeeeeeeeeeeeeeeeeeeabccccccccccccccccccccc
eeeeeeeeeeeeeeeeeeeeeeeeeeeeabccccccccccccccccccccc
eeeeeeeeeeeeeeeeeeeeeeeeeeeeabccccccccccccccccccccc
eeeeeeeeeeeeeeeeeeeeeeeeeeeeabccccccccccccccccccccc
eeeeeeeeeeeeeeeeeeeeeeeeeeeeabcccccccccccccccccccccabccccccccccccccccccccc
eeeeeeeeeeeeeeeeeeeeeeeeeeee
abccccccccccccccccccccc
eeeeeeeeeeeeeeeeeeeeeeeeeeee
abccccccccccccccccccccc
eeeeeeeeeeeeeeeeeeeeeeeeeeeeabccccccccccccccccccccc
eeeeeeeeeeeeeeeeeeeeeeeeeeeeabccccccccccccccccccccc
eeeeeeeeeeeeeeeeeeeeeeeeeeeeabccccccccccccccccccccc
eeeeeeeeeeeeeeeeeeeeeeeeeeeeabccccccccccccccccccccc
eeeeeeeeeeeeeeeeeeeeeeeeeeeeabccccccccccccccccccccc
eeeeeeeeeeeeeeeeeeeeeeeeeeeeabccccccccccccccccccccc
eeeeeeeeeeeeeeeeeeeeeeeeeeeeabccccccccccccccccccccc
eeeeeeeeeeeeeeeeeeeeeeeeeeeeabccccccccccccccccccccc
eeeeeeeeeeeeeeeeeeeeeeeeeeeeabccccccccccccccccccccc
eeeeeeeeeeeeeeeeeeeeeeeeeeeeabccccccccccccccccccccc
eeeeeeeeeeeeeeeeeeeeeeeeeeeeabccccccccccccccccccccc
eeeeeeeeeeeeeeeeeeeeeeeeeeeeabcccccccccccccccccccccabccccccccccccccccccccc
eeeeeeeeeeeeeeeeeeeeeeeeeeee
abccccccccccccccccccccc
eeeeeeeeeeeeeeeeeeeeeeeeeeee
abccccccccccccccccccccc
eeeeeeeeeeeeeeeeeeeeeeeeeeeeabccccccccccccccccccccc
eeeeeeeeeeeeeeeeeeeeeeeeeeeeabccccccccccccccccccccc
eeeeeeeeeeeeeeeeeeeeeeeeeeeeabccccccccccccccccccccc
eeeeeeeeeeeeeeeeeeeeeeeeeeeeabccccccccccccccccccccc
eeeeeeeeeeeeeeeeeeeeeeeeeeeeabccccccccccccccccccccc
eeeeeeeeeeeeeeeeeeeeeeeeeeeeabccccccccccccccccccccc
eeeeeeeeeeeeeeeeeeeeeeeeeeeeabccccccccccccccccccccc
eeeeeeeeeeeeeeeeeeeeeeeeeeeeabccccccccccccccccccccc
eeeeeeeeeeeeeeeeeeeeeeeeeeeeabccccccccccccccccccccc
eeeeeeeeeeeeeeeeeeeeeeeeeeeeabccccccccccccccccccccc
eeeeeeeeeeeeeeeeeeeeeeeeeeeeabccccccccccccccccccccc
eeeeeeeeeeeeeeeeeeeeeeeeeeeeabcccccccccccccccccccccabccccccccccccccccccccc
eeeeeeeeeeeeeeeeeeeeeeeeeeee
abccccccccccccccccccccc
eeeeeeeeeeeeeeeeeeeeeeeeeeee
abccccccccccccccccccccc
eeeeeeeeeeeeeeeeeeeeeeeeeeeeabccccccccccccccccccccc
eeeeeeeeeeeeeeeeeeeeeeeeeeeeabccccccccccccccccccccc
eeeeeeeeeeeeeeeeeeeeeeeeeeeeabccccccccccccccccccccc
eeeeeeeeeeeeeeeeeeeeeeeeeeeeabccccccccccccccccccccc
eeeeeeeeeeeeeeeeeeeeeeeeeeeeabccccccccccccccccccccc
eeeeeeeeeeeeeeeeeeeeeeeeeeeeabccccccccccccccccccccc
eeeeeeeeeeeeeeeeeeeeeeeeeeeeabccccccccccccccccccccc
eeeeeeeeeeeeeeeeeeeeeeeeeeeeabccccccccccccccccccccc
eeeeeeeeeeeeeeeeeeeeeeeeeeeeabccccccccccccccccccccc
eeeeeeeeeeeeeeeeeeeeeeeeeeeeabccccccccccccccccccccc
eeeeeeeeeeeeeeeeeeeeeeeeeeeeabccccccccccccccccccccc
eeeeeeeeeeeeeeeeeeeeeeeeeeeeabcccccccccccccccccccccabccccccccccccccccccccc
eeeeeeeeeeeeeeeeeeeeeeeeeeee
abccccccccccccccccccccc
eeeeeeeeeeeeeeeeeeeeeeeeeeee
abccccccccccccccccccccc
eeeeeeeeeeeeeeeeeeeeeeeeeeeeabccccccccccccccccccccc
eeeeeeeeeeeeeeeeeeeeeeeeeeeeabccccccccccccccccccccc
eeeeeeeeeeeeeeeeeeeeeeeeeeeeabccccccccccccccccccccc
eeeeeeeeeeeeeeeeeeeeeeeeeeeeabccccccccccccccccccccc
eeeeeeeeeeeeeeeeeeeeeeeeeeeeabccccccccccccccccccccc
eeeeeeeeeeeeeeeeeeeeeeeeeeeeabccccccccccccccccccccc
eeeeeeeeeeeeeeeeeeeeeeeeeeeeabccccccccccccccccccccc
eeeeeeeeeeeeeeeeeeeeeeeeeeeeabccccccccccccccccccccc
eeeeeeeeeeeeeeeeeeeeeeeeeeeeabccccccccccccccccccccc
eeeeeeeeeeeeeeeeeeeeeeeeeeeeabccccccccccccccccccccc
eeeeeeeeeeeeeeeeeeeeeeeeeeeeabccccccccccccccccccccc
eeeeeeeeeeeeeeeeeeeeeeeeeeeeabcccccccccccccccccccccabccccccccccccccccccccc
eeeeeeeeeeeeeeeeeeeeeeeeeeee
abccccccccccccccccccccc
eeeeeeeeeeeeeeeeeeeeeeeeeeee
abccccccccccccccccccccc
eeeeeeeeeeeeeeeeeeeeeeeeeeeeabccccccccccccccccccccc
eeeeeeeeeeeeeeeeeeeeeeeeeeeeabccccccccccccccccccccc
eeeeeeeeeeeeeeeeeeeeeeeeeeeeabccccccccccccccccccccc
eeeeeeeeeeeeeeeeeeeeeeeeeeeeabccccccccccccccccccccc
eeeeeeeeeeeeeeeeeeeeeeeeeeeeabccccccccccccccccccccc
eeeeeeeeeeeeeeeeeeeeeeeeeeeeabccccccccccccccccccccc
eeeeeeeeeeeeeeeeeeeeeeeeeeeeabccccccccccccccccccccc
eeeeeeeeeeeeeeeeeeeeeeeeeeeeabccccccccccccccccccccc
eeeeeeeeeeeeeeeeeeeeeeeeeeeeabccccccccccccccccccccc
eeeeeeeeeeeeeeeeeeeeeeeeeeeeabccccccccccccccccccccc
eeeeeeeeeeeeeeeeeeeeeeeeeeeeabccccccccccccccccccccc
eeeeeeeeeeeeeeeeeeeeeeeeeeeeabcccccccccccccccccccccabccccccccccccccccccccc
eeeeeeeeeeeeeeeeeeeeeeeeeeee
abccccccccccccccccccccc
eeeeeeeeeeeeeeeeeeeeeeeeeeee
abccccccccccccccccccccc
eeeeeeeeeeeeeeeeeeeeeeeeeeeeabccccccccccccccccccccc
eeeeeeeeeeeeeeeeeeeeeeeeeeeeabccccccccccccccccccccc
eeeeeeeeeeeeeeeeeeeeeeeeeeeeabccccccccccccccccccccc
eeeeeeeeeeeeeeeeeeeeeeeeeeeeabccccccccccccccccccccc
eeeeeeeeeeeeeeeeeeeeeeeeeeeeabccccccccccccccccccccc
eeeeeeeeeeeeeeeeeeeeeeeeeeeeabccccccccccccccccccccc
eeeeeeeeeeeeeeeeeeeeeeeeeeeeabccccccccccccccccccccc
eeeeeeeeeeeeeeeeeeeeeeeeeeeeabccccccccccccccccccccc
eeeeeeeeeeeeeeeeeeeeeeeeeeeeabccccccccccccccccccccc
eeeeeeeeeeeeeeeeeeeeeeeeeeeeabccccccccccccccccccccc
eeeeeeeeeeeeeeeeeeeeeeeeeeeeabccccccccccccccccccccc
eeeeeeeeeeeeeeeeeeeeeeeeeeeeabcccccccccccccccccccccabccccccccccccccccccccc
eeeeeeeeeeeeeeeeeeeeeeeeeeee
abccccccccccccccccccccc
eeeeeeeeeeeeeeeeeeeeeeeeeeee
abccccccccccccccccccccc
eeeeeeeeeeeeeeeeeeeeeeeeeeeeabccccccccccccccccccccc
eeeeeeeeeeeeeeeeeeeeeeeeeeeeabccccccccccccccccccccc
eeeeeeeeeeeeeeeeeeeeeeeeeeeeabccccccccccccccccccccc
eeeeeeeeeeeeeeeeeeeeeeeeeeeeabccccccccccccccccccccc
eeeeeeeeeeeeeeeeeeeeeeeeeeeeabccccccccccccccccccccc
eeeeeeeeeeeeeeeeeeeeeeeeeeeeabccccccccccccccccccccc
eeeeeeeeeeeeeeeeeeeeeeeeeeeeabccccccccccccccccccccc
eeeeeeeeeeeeeeeeeeeeeeeeeeeeabccccccccccccccccccccc
eeeeeeeeeeeeeeeeeeeeeeeeeeeeabccccccccccccccccccccc
eeeeeeeeeeeeeeeeeeeeeeeeeeeeabccccccccccccccccccccc
eeeeeeeeeeeeeeeeeeeeeeeeeeeeabccccccccccccccccccccc
eeeeeeeeeeeeeeeeeeeeeeeeeeeeabcccccccccccccccccccccabccccccccccccccccccccc
eeeeeeeeeeeeeeeeeeeeeeeeeeee
abccccccccccccccccccccc
eeeeeeeeeeeeeeeeeeeeeeeeeeee
abccccccccccccccccccccc
eeeeeeeeeeeeeeeeeeeeeeeeeeeeabccccccccccccccccccccc
eeeeeeeeeeeeeeeeeeeeeeeeeeeeabccccccccccccccccccccc
eeeeeeeeeeeeeeeeeeeeeeeeeeeeabccccccccccccccccccccc
eeeeeeeeeeeeeeeeeeeeeeeeeeeeabccccccccccccccccccccc
eeeeeeeeeeeeeeeeeeeeeeeeeeeeabccccccccccccccccccccc
eeeeeeeeeeeeeeeeeeeeeeeeeeeeabccccccccccccccccccccc
eeeeeeeeeeeeeeeeeeeeeeeeeeeeabccccccccccccccccccccc
eeeeeeeeeeeeeeeeeeeeeeeeeeeeabccccccccccccccccccccc
eeeeeeeeeeeeeeeeeeeeeeeeeeeeabccccccccccccccccccccc
eeeeeeeeeeeeeeeeeeeeeeeeeeeeabccccccccccccccccccccc
eeeeeeeeeeeeeeeeeeeeeeeeeeeeabccccccccccccccccccccc
eeeeeeeeeeeeeeeeeeeeeeeeeeeeabcccccccccccccccccccccabccccccccccccccccccccc
eeeeeeeeeeeeeeeeeeeeeeeeeeee
abccccccccccccccccccccc
eeeeeeeeeeeeeeeeeeeeeeeeeeee
abccccccccccccccccccccc
eeeeeeeeeeeeeeeeeeeeeeeeeeeeabccccccccccccccccccccc
eeeeeeeeeeeeeeeeeeeeeeeeeeeeabccccccccccccccccccccc
eeeeeeeeeeeeeeeeeeeeeeeeeeeeabccccccccccccccccccccc
eeeeeeeeeeeeeeeeeeeeeeeeeeeeabccccccccccccccccccccc
eeeeeeeeeeeeeeeeeeeeeeeeeeeeabccccccccccccccccccccc
eeeeeeeeeeeeeeeeeeeeeeeeeeeeabccccccccccccccccccccc
eeeeeeeeeeeeeeeeeeeeeeeeeeeeabccccccccccccccccccccc
eeeeeeeeeeeeeeeeeeeeeeeeeeeeabccccccccccccccccccccc
eeeeeeeeeeeeeeeeeeeeeeeeeeeeabccccccccccccccccccccc
eeeeeeeeeeeeeeeeeeeeeeeeeeeeabccccccccccccccccccccc
eeeeeeeeeeeeeeeeeeeeeeeeeeeeabccccccccccccccccccccc
eeeeeeeeeeeeeeeeeeeeeeeeeeeeabcccccccccccccccccccccabccccccccccccccccccccc
eeeeeeeeeeeeeeeeeeeeeeeeeeee
abccccccccccccccccccccc
eeeeeeeeeeeeeeeeeeeeeeeeeeee
abccccccccccccccccccccc
eeeeeeeeeeeeeeeeeeeeeeeeeeeeabccccccccccccccccccccc
eeeeeeeeeeeeeeeeeeeeeeeeeeeeabccccccccccccccccccccc
eeeeeeeeeeeeeeeeeeeeeeeeeeeeabccccccccccccccccccccc
eeeeeeeeeeeeeeeeeeeeeeeeeeeeabccccccccccccccccccccc
eeeeeeeeeeeeeeeeeeeeeeeeeeeeabccccccccccccccccccccc
eeeeeeeeeeeeeeeeeeeeeeeeeeeeabccccccccccccccccccccc
eeeeeeeeeeeeeeeeeeeeeeeeeeeeabccccccccccccccccccccc
eeeeeeeeeeeeeeeeeeeeeeeeeeeeabccccccccccccccccccccc
eeeeeeeeeeeeeeeeeeeeeeeeeeeeabccccccccccccccccccccc
eeeeeeeeeeeeeeeeeeeeeeeeeeeeabccccccccccccccccccccc
eeeeeeeeeeeeeeeeeeeeeeeeeeeeabccccccccccccccccccccc
eeeeeeeeeeeeeeeeeeeeeeeeeeeeabcccccccccccccccccccccabccccccccccccccccccccc
eeeeeeeeeeeeeeeeeeeeeeeeeeee
abccccccccccccccccccccc
eeeeeeeeeeeeeeeeeeeeeeeeeeee
abccccccccccccccccccccc
eeeeeeeeeeeeeeeeeeeeeeeeeeeeabccccccccccccccccccccc
eeeeeeeeeeeeeeeeeeeeeeeeeeeeabccccccccccccccccccccc
eeeeeeeeeeeeeeeeeeeeeeeeeeeeabccccccccccccccccccccc
eeeeeeeeeeeeeeeeeeeeeeeeeeeeabccccccccccccccccccccc
eeeeeeeeeeeeeeeeeeeeeeeeeeeeabccccccccccccccccccccc
eeeeeeeeeeeeeeeeeeeeeeeeeeeeabccccccccccccccccccccc
eeeeeeeeeeeeeeeeeeeeeeeeeeeeabccccccccccccccccccccc
eeeeeeeeeeeeeeeeeeeeeeeeeeeeabccccccccccccccccccccc
eeeeeeeeeeeeeeeeeeeeeeeeeeeeabccccccccccccccccccccc
eeeeeeeeeeeeeeeeeeeeeeeeeeeeabccccccccccccccccccccc
eeeeeeeeeeeeeeeeeeeeeeeeeeeeabccccccccccccccccccccc
eeeeeeeeeeeeeeeeeeeeeeeeeeeeabcccccccccccccccccccccabccccccccccccccccccccc
eeeeeeeeeeeeeeeeeeeeeeeeeeee
abccccccccccccccccccccc
eeeeeeeeeeeeeeeeeeeeeeeeeeee
abccccccccccccccccccccc
eeeeeeeeeeeeeeeeeeeeeeeeeeeeabccccccccccccccccccccc
eeeeeeeeeeeeeeeeeeeeeeeeeeeeabccccccccccccccccccccc
eeeeeeeeeeeeeeeeeeeeeeeeeeeeabccccccccccccccccccccc
eeeeeeeeeeeeeeeeeeeeeeeeeeeeabccccccccccccccccccccc
eeeeeeeeeeeeeeeeeeeeeeeeeeeeabccccccccccccccccccccc
eeeeeeeeeeeeeeeeeeeeeeeeeeeeabccccccccccccccccccccc
eeeeeeeeeeeeeeeeeeeeeeeeeeeeabccccccccccccccccccccc
eeeeeeeeeeeeeeeeeeeeeeeeeeeeabccccccccccccccccccccc
eeeeeeeeeeeeeeeeeeeeeeeeeeeeabccccccccccccccccccccc
eeeeeeeeeeeeeeeeeeeeeeeeeeeeabccccccccccccccccccccc
eeeeeeeeeeeeeeeeeeeeeeeeeeeeabccccccccccccccccccccc
eeeeeeeeeeeeeeeeeeeeeeeeeeeeabcccccccccccccccccccccabccccccccccccccccccccc
eeeeeeeeeeeeeeeeeeeeeeeeeeee
abccccccccccccccccccccc
eeeeeeeeeeeeeeeeeeeeeeeeeeee
abccccccccccccccccccccc
eeeeeeeeeeeeeeeeeeeeeeeeeeeeabccccccccccccccccccccc
eeeeeeeeeeeeeeeeeeeeeeeeeeeeabccccccccccccccccccccc
eeeeeeeeeeeeeeeeeeeeeeeeeeeeabccccccccccccccccccccc
eeeeeeeeeeeeeeeeeeeeeeeeeeeeabccccccccccccccccccccc
eeeeeeeeeeeeeeeeeeeeeeeeeeeeabccccccccccccccccccccc
eeeeeeeeeeeeeeeeeeeeeeeeeeeeabccccccccccccccccccccc
eeeeeeeeeeeeeeeeeeeeeeeeeeeeabccccccccccccccccccccc
eeeeeeeeeeeeeeeeeeeeeeeeeeeeabccccccccccccccccccccc
eeeeeeeeeeeeeeeeeeeeeeeeeeeeabccccccccccccccccccccc
eeeeeeeeeeeeeeeeeeeeeeeeeeeeabccccccccccccccccccccc
eeeeeeeeeeeeeeeeeeeeeeeeeeeeabccccccccccccccccccccc
eeeeeeeeeeeeeeeeeeeeeeeeeeeeabcccccccccccccccccccccabccccccccccccccccccccc
eeeeeeeeeeeeeeeeeeeeeeeeeeee
abccccccccccccccccccccc
eeeeeeeeeeeeeeeeeeeeeeeeeeee
abccccccccccccccccccccc
eeeeeeeeeeeeeeeeeeeeeeeeeeeeabccccccccccccccccccccc
eeeeeeeeeeeeeeeeeeeeeeeeeeeeabccccccccccccccccccccc
eeeeeeeeeeeeeeeeeeeeeeeeeeeeabccccccccccccccccccccc
eeeeeeeeeeeeeeeeeeeeeeeeeeeeabccccccccccccccccccccc
eeeeeeeeeeeeeeeeeeeeeeeeeeeeabccccccccccccccccccccc
eeeeeeeeeeeeeeeeeeeeeeeeeeeeabccccccccccccccccccccc
eeeeeeeeeeeeeeeeeeeeeeeeeeeeabccccccccccccccccccccc
eeeeeeeeeeeeeeeeeeeeeeeeeeeeabccccccccccccccccccccc
eeeeeeeeeeeeeeeeeeeeeeeeeeeeabccccccccccccccccccccc
eeeeeeeeeeeeeeeeeeeeeeeeeeeeabccccccccccccccccccccc
eeeeeeeeeeeeeeeeeeeeeeeeeeeeabccccccccccccccccccccc
eeeeeeeeeeeeeeeeeeeeeeeeeeeeabcccccccccccccccccccccabccccccccccccccccccccc
eeeeeeeeeeeeeeeeeeeeeeeeeeee
abccccccccccccccccccccc
eeeeeeeeeeeeeeeeeeeeeeeeeeee
abccccccccccccccccccccc
eeeeeeeeeeeeeeeeeeeeeeeeeeeeabccccccccccccccccccccc
eeeeeeeeeeeeeeeeeeeeeeeeeeeeabccccccccccccccccccccc
eeeeeeeeeeeeeeeeeeeeeeeeeeeeabccccccccccccccccccccc
eeeeeeeeeeeeeeeeeeeeeeeeeeeeabccccccccccccccccccccc
eeeeeeeeeeeeeeeeeeeeeeeeeeeeabccccccccccccccccccccc
eeeeeeeeeeeeeeeeeeeeeeeeeeeeabccccccccccccccccccccc
eeeeeeeeeeeeeeeeeeeeeeeeeeeeabccccccccccccccccccccc
eeeeeeeeeeeeeeeeeeeeeeeeeeeeabccccccccccccccccccccc
eeeeeeeeeeeeeeeeeeeeeeeeeeeeabccccccccccccccccccccc
eeeeeeeeeeeeeeeeeeeeeeeeeeeeabccccccccccccccccccccc
eeeeeeeeeeeeeeeeeeeeeeeeeeeeabccccccccccccccccccccc
eeeeeeeeeeeeeeeeeeeeeeeeeeeeabcccccccccccccccccccccabccccccccccccccccccccc
eeeeeeeeeeeeeeeeeeeeeeeeeeee
abccccccccccccccccccccc
eeeeeeeeeeeeeeeeeeeeeeeeeeee
abccccccccccccccccccccc
eeeeeeeeeeeeeeeeeeeeeeeeeeeeabccccccccccccccccccccc
eeeeeeeeeeeeeeeeeeeeeeeeeeeeabccccccccccccccccccccc
eeeeeeeeeeeeeeeeeeeeeeeeeeeeabccccccccccccccccccccc
eeeeeeeeeeeeeeeeeeeeeeeeeeeeabccccccccccccccccccccc
eeeeeeeeeeeeeeeeeeeeeeeeeeeeabccccccccccccccccccccc
eeeeeeeeeeeeeeeeeeeeeeeeeeeeabccccccccccccccccccccc
eeeeeeeeeeeeeeeeeeeeeeeeeeeeabccccccccccccccccccccc
eeeeeeeeeeeeeeeeeeeeeeeeeeeeabccccccccccccccccccccc
eeeeeeeeeeeeeeeeeeeeeeeeeeeeabccccccccccccccccccccc
eeeeeeeeeeeeeeeeeeeeeeeeeeeeabccccccccccccccccccccc
eeeeeeeeeeeeeeeeeeeeeeeeeeeeabccccccccccccccccccccc
eeeeeeeeeeeeeeeeeeeeeeeeeeeeabcccccccccccccccccccccabccccccccccccccccccccc
eeeeeeeeeeeeeeeeeeeeeeeeeeee
abccccccccccccccccccccc
eeeeeeeeeeeeeeeeeeeeeeeeeeee
abccccccccccccccccccccc
eeeeeeeeeeeeeeeeeeeeeeeeeeeeabccccccccccccccccccccc
eeeeeeeeeeeeeeeeeeeeeeeeeeeeabccccccccccccccccccccc
eeeeeeeeeeeeeeeeeeeeeeeeeeeeabccccccccccccccccccccc
eeeeeeeeeeeeeeeeeeeeeeeeeeeeabccccccccccccccccccccc
eeeeeeeeeeeeeeeeeeeeeeeeeeeeabccccccccccccccccccccc
eeeeeeeeeeeeeeeeeeeeeeeeeeeeabccccccccccccccccccccc
eeeeeeeeeeeeeeeeeeeeeeeeeeeeabccccccccccccccccccccc
eeeeeeeeeeeeeeeeeeeeeeeeeeeeabccccccccccccccccccccc
eeeeeeeeeeeeeeeeeeeeeeeeeeeeabccccccccccccccccccccc
eeeeeeeeeeeeeeeeeeeeeeeeeeeeabccccccccccccccccccccc
eeeeeeeeeeeeeeeeeeeeeeeeeeeeabccccccccccccccccccccc
eeeeeeeeeeeeeeeeeeeeeeeeeeeeabcccccccccccccccccccccabccccccccccccccccccccc
eeeeeeeeeeeeeeeeeeeeeeeeeeee
abccccccccccccccccccccc
eeeeeeeeeeeeeeeeeeeeeeeeeeee
abccccccccccccccccccccc
eeeeeeeeeeeeeeeeeeeeeeeeeeeeabccccccccccccccccccccc
eeeeeeeeeeeeeeeeeeeeeeeeeeeeabccccccccccccccccccccc
eeeeeeeeeeeeeeeeeeeeeeeeeeeeabccccccccccccccccccccc
eeeeeeeeeeeeeeeeeeeeeeeeeeeeabccccccccccccccccccccc
eeeeeeeeeeeeeeeeeeeeeeeeeeeeabccccccccccccccccccccc
eeeeeeeeeeeeeeeeeeeeeeeeeeeeabccccccccccccccccccccc
eeeeeeeeeeeeeeeeeeeeeeeeeeeeabccccccccccccccccccccc
eeeeeeeeeeeeeeeeeeeeeeeeeeeeabccccccccccccccccccccc
eeeeeeeeeeeeeeeeeeeeeeeeeeeeabccccccccccccccccccccc
eeeeeeeeeeeeeeeeeeeeeeeeeeeeabccccccccccccccccccccc
eeeeeeeeeeeeeeeeeeeeeeeeeeeeabccccccccccccccccccccc
eeeeeeeeeeeeeeeeeeeeeeeeeeeeabcccccccccccccccccccccabccccccccccccccccccccc
eeeeeeeeeeeeeeeeeeeeeeeeeeee
abccccccccccccccccccccc
eeeeeeeeeeeeeeeeeeeeeeeeeeee
abccccccccccccccccccccc
eeeeeeeeeeeeeeeeeeeeeeeeeeeeabccccccccccccccccccccc
eeeeeeeeeeeeeeeeeeeeeeeeeeeeabccccccccccccccccccccc
eeeeeeeeeeeeeeeeeeeeeeeeeeeeabccccccccccccccccccccc
eeeeeeeeeeeeeeeeeeeeeeeeeeeeabccccccccccccccccccccc
eeeeeeeeeeeeeeeeeeeeeeeeeeeeabccccccccccccccccccccc
eeeeeeeeeeeeeeeeeeeeeeeeeeeeabccccccccccccccccccccc
eeeeeeeeeeeeeeeeeeeeeeeeeeeeabccccccccccccccccccccc
eeeeeeeeeeeeeeeeeeeeeeeeeeeeabccccccccccccccccccccc
eeeeeeeeeeeeeeeeeeeeeeeeeeeeabccccccccccccccccccccc
eeeeeeeeeeeeeeeeeeeeeeeeeeeeabccccccccccccccccccccc
eeeeeeeeeeeeeeeeeeeeeeeeeeeeabccccccccccccccccccccc
eeeeeeeeeeeeeeeeeeeeeeeeeeeeabcccccccccccccccccccccabccccccccccccccccccccc
eeeeeeeeeeeeeeeeeeeeeeeeeeee
abccccccccccccccccccccc
eeeeeeeeeeeeeeeeeeeeeeeeeeee
abccccccccccccccccccccc
eeeeeeeeeeeeeeeeeeeeeeeeeeeeabccccccccccccccccccccc
eeeeeeeeeeeeeeeeeeeeeeeeeeeeabccccccccccccccccccccc
eeeeeeeeeeeeeeeeeeeeeeeeeeeeabccccccccccccccccccccc
eeeeeeeeeeeeeeeeeeeeeeeeeeeeabccccccccccccccccccccc
eeeeeeeeeeeeeeeeeeeeeeeeeeeeabccccccccccccccccccccc
eeeeeeeeeeeeeeeeeeeeeeeeeeeeabccccccccccccccccccccc
eeeeeeeeeeeeeeeeeeeeeeeeeeeeabccccccccccccccccccccc
eeeeeeeeeeeeeeeeeeeeeeeeeeeeabccccccccccccccccccccc
eeeeeeeeeeeeeeeeeeeeeeeeeeeeabccccccccccccccccccccc
eeeeeeeeeeeeeeeeeeeeeeeeeeeeabccccccccccccccccccccc
eeeeeeeeeeeeeeeeeeeeeeeeeeeeabccccccccccccccccccccc
eeeeeeeeeeeeeeeeeeeeeeeeeeeeabcccccccccccccccccccccabccccccccccccccccccccc
eeeeeeeeeeeeeeeeeeeeeeeeeeee
abccccccccccccccccccccc
eeeeeeeeeeeeeeeeeeeeeeeeeeee
abccccccccccccccccccccc
eeeeeeeeeeeeeeeeeeeeeeeeeeeeabccccccccccccccccccccc
eeeeeeeeeeeeeeeeeeeeeeeeeeeeabccccccccccccccccccccc
eeeeeeeeeeeeeeeeeeeeeeeeeeeeabccccccccccccccccccccc
eeeeeeeeeeeeeeeeeeeeeeeeeeeeabccccccccccccccccccccc
eeeeeeeeeeeeeeeeeeeeeeeeeeeeabccccccccccccccccccccc
eeeeeeeeeeeeeeeeeeeeeeeeeeeeabccccccccccccccccccccc
eeeeeeeeeeeeeeeeeeeeeeeeeeeeabccccccccccccccccccccc
eeeeeeeeeeeeeeeeeeeeeeeeeeeeabccccccccccccccccccccc
eeeeeeeeeeeeeeeeeeeeeeeeeeeeabccccccccccccccccccccc
eeeeeeeeeeeeeeeeeeeeeeeeeeeeabccccccccccccccccccccc
eeeeeeeeeeeeeeeeeeeeeeeeeeeeabccccccccccccccccccccc
eeeeeeeeeeeeeeeeeeeeeeeeeeeeabcccccccccccccccccccccabccccccccccccccccccccc
eeeeeeeeeeeeeeeeeeeeeeeeeeee
abccccccccccccccccccccc
eeeeeeeeeeeeeeeeeeeeeeeeeeee
abccccccccccccccccccccc
eeeeeeeeeeeeeeeeeeeeeeeeeeeeabccccccccccccccccccccc
eeeeeeeeeeeeeeeeeeeeeeeeeeeeabccccccccccccccccccccc
eeeeeeeeeeeeeeeeeeeeeeeeeeeeabccccccccccccccccccccc
eeeeeeeeeeeeeeeeeeeeeeeeeeeeabccccccccccccccccccccc
eeeeeeeeeeeeeeeeeeeeeeeeeeeeabccccccccccccccccccccc
eeeeeeeeeeeeeeeeeeeeeeeeeeeeabccccccccccccccccccccc
eeeeeeeeeeeeeeeeeeeeeeeeeeeeabccccccccccccccccccccc
eeeeeeeeeeeeeeeeeeeeeeeeeeeeabccccccccccccccccccccc
eeeeeeeeeeeeeeeeeeeeeeeeeeeeabccccccccccccccccccccc
eeeeeeeeeeeeeeeeeeeeeeeeeeeeabccccccccccccccccccccc
eeeeeeeeeeeeeeeeeeeeeeeeeeeeabccccccccccccccccccccc
eeeeeeeeeeeeeeeeeeeeeeeeeeeeabcccccccccccccccccccccabccccccccccccccccccccc
eeeeeeeeeeeeeeeeeeeeeeeeeeee
abccccccccccccccccccccc
eeeeeeeeeeeeeeeeeeeeeeeeeeee
abccccccccccccccccccccc
eeeeeeeeeeeeeeeeeeeeeeeeeeeeabccccccccccccccccccccc
eeeeeeeeeeeeeeeeeeeeeeeeeeeeabccccccccccccccccccccc
eeeeeeeeeeeeeeeeeeeeeeeeeeeeabccccccccccccccccccccc
eeeeeeeeeeeeeeeeeeeeeeeeeeeeabccccccccccccccccccccc
eeeeeeeeeeeeeeeeeeeeeeeeeeeeabccccccccccccccccccccc
eeeeeeeeeeeeeeeeeeeeeeeeeeeeabccccccccccccccccccccc
eeeeeeeeeeeeeeeeeeeeeeeeeeeeabccccccccccccccccccccc
eeeeeeeeeeeeeeeeeeeeeeeeeeeeabccccccccccccccccccccc
eeeeeeeeeeeeeeeeeeeeeeeeeeeeabccccccccccccccccccccc
eeeeeeeeeeeeeeeeeeeeeeeeeeeeabccccccccccccccccccccc
eeeeeeeeeeeeeeeeeeeeeeeeeeeeabccccccccccccccccccccc
eeeeeeeeeeeeeeeeeeeeeeeeeeeeabcccccccccccccccccccccabccccccccccccccccccccc
eeeeeeeeeeeeeeeeeeeeeeeeeeee
abccccccccccccccccccccc
eeeeeeeeeeeeeeeeeeeeeeeeeeee
abccccccccccccccccccccc
eeeeeeeeeeeeeeeeeeeeeeeeeeeeabccccccccccccccccccccc
eeeeeeeeeeeeeeeeeeeeeeeeeeeeabccccccccccccccccccccc
eeeeeeeeeeeeeeeeeeeeeeeeeeeeabccccccccccccccccccccc
eeeeeeeeeeeeeeeeeeeeeeeeeeeeabccccccccccccccccccccc
eeeeeeeeeeeeeeeeeeeeeeeeeeeeabccccccccccccccccccccc
eeeeeeeeeeeeeeeeeeeeeeeeeeeeabccccccccccccccccccccc
eeeeeeeeeeeeeeeeeeeeeeeeeeeeabccccccccccccccccccccc
eeeeeeeeeeeeeeeeeeeeeeeeeeeeabccccccccccccccccccccc
eeeeeeeeeeeeeeeeeeeeeeeeeeeeabccccccccccccccccccccc
eeeeeeeeeeeeeeeeeeeeeeeeeeeeabccccccccccccccccccccc
eeeeeeeeeeeeeeeeeeeeeeeeeeeeabccccccccccccccccccccc
eeeeeeeeeeeeeeeeeeeeeeeeeeeeabcccccccccccccccccccccabccccccccccccccccccccc
eeeeeeeeeeeeeeeeeeeeeeeeeeee
abccccccccccccccccccccc
eeeeeeeeeeeeeeeeeeeeeeeeeeee
abccccccccccccccccccccc
eeeeeeeeeeeeeeeeeeeeeeeeeeeeabccccccccccccccccccccc
eeeeeeeeeeeeeeeeeeeeeeeeeeeeabccccccccccccccccccccc
eeeeeeeeeeeeeeeeeeeeeeeeeeeeabccccccccccccccccccccc
eeeeeeeeeeeeeeeeeeeeeeeeeeeeabccccccccccccccccccccc
eeeeeeeeeeeeeeeeeeeeeeeeeeeeabccccccccccccccccccccc
eeeeeeeeeeeeeeeeeeeeeeeeeeeeabccccccccccccccccccccc
eeeeeeeeeeeeeeeeeeeeeeeeeeeeabccccccccccccccccccccc
eeeeeeeeeeeeeeeeeeeeeeeeeeeeabccccccccccccccccccccc
eeeeeeeeeeeeeeeeeeeeeeeeeeeeabccccccccccccccccccccc
eeeeeeeeeeeeeeeeeeeeeeeeeeeeabccccccccccccccccccccc
eeeeeeeeeeeeeeeeeeeeeeeeeeeeabccccccccccccccccccccc
eeeeeeeeeeeeeeeeeeeeeeeeeeeeabcccccccccccccccccccccabccccccccccccccccccccc
eeeeeeeeeeeeeeeeeeeeeeeeeeee
abccccccccccccccccccccc
eeeeeeeeeeeeeeeeeeeeeeeeeeee
abccccccccccccccccccccc
eeeeeeeeeeeeeeeeeeeeeeeeeeeeabccccccccccccccccccccc
eeeeeeeeeeeeeeeeeeeeeeeeeeeeabccccccccccccccccccccc
eeeeeeeeeeeeeeeeeeeeeeeeeeeeabccccccccccccccccccccc
eeeeeeeeeeeeeeeeeeeeeeeeeeeeabccccccccccccccccccccc
eeeeeeeeeeeeeeeeeeeeeeeeeeeeabccccccccccccccccccccc
eeeeeeeeeeeeeeeeeeeeeeeeeeeeabccccccccccccccccccccc
eeeeeeeeeeeeeeeeeeeeeeeeeeeeabccccccccccccccccccccc
eeeeeeeeeeeeeeeeeeeeeeeeeeeeabccccccccccccccccccccc
eeeeeeeeeeeeeeeeeeeeeeeeeeeeabccccccccccccccccccccc
eeeeeeeeeeeeeeeeeeeeeeeeeeeeabccccccccccccccccccccc
eeeeeeeeeeeeeeeeeeeeeeeeeeeeabccccccccccccccccccccc
eeeeeeeeeeeeeeeeeeeeeeeeeeeeabcccccccccccccccccccccabccccccccccccccccccccc
eeeeeeeeeeeeeeeeeeeeeeeeeeee
abccccccccccccccccccccc
eeeeeeeeeeeeeeeeeeeeeeeeeeee
abccccccccccccccccccccc
eeeeeeeeeeeeeeeeeeeeeeeeeeeeabccccccccccccccccccccc
eeeeeeeeeeeeeeeeeeeeeeeeeeeeabccccccccccccccccccccc
eeeeeeeeeeeeeeeeeeeeeeeeeeeeabccccccccccccccccccccc
eeeeeeeeeeeeeeeeeeeeeeeeeeeeabccccccccccccccccccccc
eeeeeeeeeeeeeeeeeeeeeeeeeeeeabccccccccccccccccccccc
eeeeeeeeeeeeeeeeeeeeeeeeeeeeabccccccccccccccccccccc
eeeeeeeeeeeeeeeeeeeeeeeeeeeeabccccccccccccccccccccc
eeeeeeeeeeeeeeeeeeeeeeeeeeeeabccccccccccccccccccccc
eeeeeeeeeeeeeeeeeeeeeeeeeeeeabccccccccccccccccccccc
eeeeeeeeeeeeeeeeeeeeeeeeeeeeabccccccccccccccccccccc
eeeeeeeeeeeeeeeeeeeeeeeeeeeeabccccccccccccccccccccc
eeeeeeeeeeeeeeeeeeeeeeeeeeeeabcccccccccccccccccccccabccccccccccccccccccccc
eeeeeeeeeeeeeeeeeeeeeeeeeeee
abccccccccccccccccccccc
eeeeeeeeeeeeeeeeeeeeeeeeeeee
abccccccccccccccccccccc
eeeeeeeeeeeeeeeeeeeeeeeeeeeeabccccccccccccccccccccc
eeeeeeeeeeeeeeeeeeeeeeeeeeeeabccccccccccccccccccccc
eeeeeeeeeeeeeeeeeeeeeeeeeeeeabccccccccccccccccccccc
eeeeeeeeeeeeeeeeeeeeeeeeeeeeabccccccccccccccccccccc
eeeeeeeeeeeeeeeeeeeeeeeeeeeeabccccccccccccccccccccc
eeeeeeeeeeeeeeeeeeeeeeeeeeeeabccccccccccccccccccccc
eeeeeeeeeeeeeeeeeeeeeeeeeeeeabccccccccccccccccccccc
eeeeeeeeeeeeeeeeeeeeeeeeeeeeabccccccccccccccccccccc
eeeeeeeeeeeeeeeeeeeeeeeeeeeeabccccccccccccccccccccc
eeeeeeeeeeeeeeeeeeeeeeeeeeeeabccccccccccccccccccccc
eeeeeeeeeeeeeeeeeeeeeeeeeeeeabccccccccccccccccccccc
eeeeeeeeeeeeeeeeeeeeeeeeeeeeabcccccccccccccccccccccabccccccccccccccccccccc
eeeeeeeeeeeeeeeeeeeeeeeeeeee
abccccccccccccccccccccc
eeeeeeeeeeeeeeeeeeeeeeeeeeee
abccccccccccccccccccccc
eeeeeeeeeeeeeeeeeeeeeeeeeeeeabccccccccccccccccccccc
eeeeeeeeeeeeeeeeeeeeeeeeeeeeabccccccccccccccccccccc
eeeeeeeeeeeeeeeeeeeeeeeeeeeeabccccccccccccccccccccc
eeeeeeeeeeeeeeeeeeeeeeeeeeeeabccccccccccccccccccccc
eeeeeeeeeeeeeeeeeeeeeeeeeeeeabccccccccccccccccccccc
eeeeeeeeeeeeeeeeeeeeeeeeeeeeabccccccccccccccccccccc
eeeeeeeeeeeeeeeeeeeeeeeeeeeeabccccccccccccccccccccc
eeeeeeeeeeeeeeeeeeeeeeeeeeeeabccccccccccccccccccccc
eeeeeeeeeeeeeeeeeeeeeeeeeeeeabccccccccccccccccccccc
eeeeeeeeeeeeeeeeeeeeeeeeeeeeabccccccccccccccccccccc
eeeeeeeeeeeeeeeeeeeeeeeeeeeeabccccccccccccccccccccc
eeeeeeeeeeeeeeeeeeeeeeeeeeeeabcccccccccccccccccccccabccccccccccccccccccccc
eeeeeeeeeeeeeeeeeeeeeeeeeeee
abccccccccccccccccccccc
eeeeeeeeeeeeeeeeeeeeeeeeeeee
abccccccccccccccccccccc
eeeeeeeeeeeeeeeeeeeeeeeeeeeeabccccccccccccccccccccc
eeeeeeeeeeeeeeeeeeeeeeeeeeeeabccccccccccccccccccccc
eeeeeeeeeeeeeeeeeeeeeeeeeeeeabccccccccccccccccccccc
eeeeeeeeeeeeeeeeeeeeeeeeeeeeabccccccccccccccccccccc
eeeeeeeeeeeeeeeeeeeeeeeeeeeeabccccccccccccccccccccc
eeeeeeeeeeeeeeeeeeeeeeeeeeeeabccccccccccccccccccccc
eeeeeeeeeeeeeeeeeeeeeeeeeeeeabccccccccccccccccccccc
eeeeeeeeeeeeeeeeeeeeeeeeeeeeabccccccccccccccccccccc
eeeeeeeeeeeeeeeeeeeeeeeeeeeeabccccccccccccccccccccc
eeeeeeeeeeeeeeeeeeeeeeeeeeeeabccccccccccccccccccccc
eeeeeeeeeeeeeeeeeeeeeeeeeeeeabccccccccccccccccccccc
eeeeeeeeeeeeeeeeeeeeeeeeeeeeabcccccccccccccccccccccabccccccccccccccccccccc
eeeeeeeeeeeeeeeeeeeeeeeeeeee
abccccccccccccccccccccc
eeeeeeeeeeeeeeeeeeeeeeeeeeee
abccccccccccccccccccccc
eeeeeeeeeeeeeeeeeeeeeeeeeeeeabccccccccccccccccccccc
eeeeeeeeeeeeeeeeeeeeeeeeeeeeabccccccccccccccccccccc
eeeeeeeeeeeeeeeeeeeeeeeeeeeeabccccccccccccccccccccc
eeeeeeeeeeeeeeeeeeeeeeeeeeeeabccccccccccccccccccccc
eeeeeeeeeeeeeeeeeeeeeeeeeeeeabccccccccccccccccccccc
eeeeeeeeeeeeeeeeeeeeeeeeeeeeabccccccccccccccccccccc
eeeeeeeeeeeeeeeeeeeeeeeeeeeeabccccccccccccccccccccc
eeeeeeeeeeeeeeeeeeeeeeeeeeeeabccccccccccccccccccccc
eeeeeeeeeeeeeeeeeeeeeeeeeeeeabccccccccccccccccccccc
eeeeeeeeeeeeeeeeeeeeeeeeeeeeabccccccccccccccccccccc
eeeeeeeeeeeeeeeeeeeeeeeeeeeeabccccccccccccccccccccc
eeeeeeeeeeeeeeeeeeeeeeeeeeeeabcccccccccccccccccccccabccccccccccccccccccccc
eeeeeeeeeeeeeeeeeeeeeeeeeeee
abccccccccccccccccccccc
eeeeeeeeeeeeeeeeeeeeeeeeeeee
abccccccccccccccccccccc
eeeeeeeeeeeeeeeeeeeeeeeeeeeeabccccccccccccccccccccc
eeeeeeeeeeeeeeeeeeeeeeeeeeeeabccccccccccccccccccccc
eeeeeeeeeeeeeeeeeeeeeeeeeeeeabccccccccccccccccccccc
eeeeeeeeeeeeeeeeeeeeeeeeeeeeabccccccccccccccccccccc
eeeeeeeeeeeeeeeeeeeeeeeeeeeeabccccccccccccccccccccc
eeeeeeeeeeeeeeeeeeeeeeeeeeeeabccccccccccccccccccccc
eeeeeeeeeeeeeeeeeeeeeeeeeeeeabccccccccccccccccccccc
eeeeeeeeeeeeeeeeeeeeeeeeeeeeabccccccccccccccccccccc
eeeeeeeeeeeeeeeeeeeeeeeeeeeeabccccccccccccccccccccc
eeeeeeeeeeeeeeeeeeeeeeeeeeeeabccccccccccccccccccccc
eeeeeeeeeeeeeeeeeeeeeeeeeeeeabccccccccccccccccccccc
eeeeeeeeeeeeeeeeeeeeeeeeeeeeabcccccccccccccccccccccabccccccccccccccccccccc
eeeeeeeeeeeeeeeeeeeeeeeeeeee
abccccccccccccccccccccc
eeeeeeeeeeeeeeeeeeeeeeeeeeee
abccccccccccccccccccccc
eeeeeeeeeeeeeeeeeeeeeeeeeeeeabccccccccccccccccccccc
eeeeeeeeeeeeeeeeeeeeeeeeeeeeabccccccccccccccccccccc
eeeeeeeeeeeeeeeeeeeeeeeeeeeeabccccccccccccccccccccc
eeeeeeeeeeeeeeeeeeeeeeeeeeeeabccccccccccccccccccccc
eeeeeeeeeeeeeeeeeeeeeeeeeeeeabccccccccccccccccccccc
eeeeeeeeeeeeeeeeeeeeeeeeeeeeabccccccccccccccccccccc
eeeeeeeeeeeeeeeeeeeeeeeeeeeeabccccccccccccccccccccc
eeeeeeeeeeeeeeeeeeeeeeeeeeeeabccccccccccccccccccccc
eeeeeeeeeeeeeeeeeeeeeeeeeeeeabccccccccccccccccccccc
eeeeeeeeeeeeeeeeeeeeeeeeeeeeabccccccccccccccccccccc
eeeeeeeeeeeeeeeeeeeeeeeeeeeeabccccccccccccccccccccc
eeeeeeeeeeeeeeeeeeeeeeeeeeeeabcccccccccccccccccccccabccccccccccccccccccccc
eeeeeeeeeeeeeeeeeeeeeeeeeeee
abccccccccccccccccccccc
eeeeeeeeeeeeeeeeeeeeeeeeeeee
abccccccccccccccccccccc
eeeeeeeeeeeeeeeeeeeeeeeeeeeeabccccccccccccccccccccc
eeeeeeeeeeeeeeeeeeeeeeeeeeeeabccccccccccccccccccccc
eeeeeeeeeeeeeeeeeeeeeeeeeeeeabccccccccccccccccccccc
eeeeeeeeeeeeeeeeeeeeeeeeeeeeabccccccccccccccccccccc
eeeeeeeeeeeeeeeeeeeeeeeeeeeeabccccccccccccccccccccc
eeeeeeeeeeeeeeeeeeeeeeeeeeeeabccccccccccccccccccccc
eeeeeeeeeeeeeeeeeeeeeeeeeeeeabccccccccccccccccccccc
eeeeeeeeeeeeeeeeeeeeeeeeeeeeabccccccccccccccccccccc
eeeeeeeeeeeeeeeeeeeeeeeeeeeeabccccccccccccccccccccc
eeeeeeeeeeeeeeeeeeeeeeeeeeeeabccccccccccccccccccccc
eeeeeeeeeeeeeeeeeeeeeeeeeeeeabccccccccccccccccccccc
eeeeeeeeeeeeeeeeeeeeeeeeeeeeabcccccccccccccccccccccabccccccccccccccccccccc
eeeeeeeeeeeeeeeeeeeeeeeeeeee
abccccccccccccccccccccc
eeeeeeeeeeeeeeeeeeeeeeeeeeee
abccccccccccccccccccccc
eeeeeeeeeeeeeeeeeeeeeeeeeeeeabccccccccccccccccccccc
eeeeeeeeeeeeeeeeeeeeeeeeeeeeabccccccccccccccccccccc
eeeeeeeeeeeeeeeeeeeeeeeeeeeeabccccccccccccccccccccc
eeeeeeeeeeeeeeeeeeeeeeeeeeeeabccccccccccccccccccccc
eeeeeeeeeeeeeeeeeeeeeeeeeeeeabccccccccccccccccccccc
eeeeeeeeeeeeeeeeeeeeeeeeeeeeabccccccccccccccccccccc
eeeeeeeeeeeeeeeeeeeeeeeeeeeeabccccccccccccccccccccc
eeeeeeeeeeeeeeeeeeeeeeeeeeeeabccccccccccccccccccccc
eeeeeeeeeeeeeeeeeeeeeeeeeeeeabccccccccccccccccccccc
eeeeeeeeeeeeeeeeeeeeeeeeeeeeabccccccccccccccccccccc
eeeeeeeeeeeeeeeeeeeeeeeeeeeeabccccccccccccccccccccc
eeeeeeeeeeeeeeeeeeeeeeeeeeeeabcccccccccccccccccccccabccccccccccccccccccccc
eeeeeeeeeeeeeeeeeeeeeeeeeeee
abccccccccccccccccccccc
eeeeeeeeeeeeeeeeeeeeeeeeeeee
abccccccccccccccccccccc
eeeeeeeeeeeeeeeeeeeeeeeeeeeeabccccccccccccccccccccc
eeeeeeeeeeeeeeeeeeeeeeeeeeeeabccccccccccccccccccccc
eeeeeeeeeeeeeeeeeeeeeeeeeeeeabccccccccccccccccccccc
eeeeeeeeeeeeeeeeeeeeeeeeeeeeabccccccccccccccccccccc
eeeeeeeeeeeeeeeeeeeeeeeeeeeeabccccccccccccccccccccc
eeeeeeeeeeeeeeeeeeeeeeeeeeeeabccccccccccccccccccccc
eeeeeeeeeeeeeeeeeeeeeeeeeeeeabccccccccccccccccccccc
eeeeeeeeeeeeeeeeeeeeeeeeeeeeabccccccccccccccccccccc
eeeeeeeeeeeeeeeeeeeeeeeeeeeeabccccccccccccccccccccc
eeeeeeeeeeeeeeeeeeeeeeeeeeeeabccccccccccccccccccccc
eeeeeeeeeeeeeeeeeeeeeeeeeeeeabccccccccccccccccccccc
eeeeeeeeeeeeeeeeeeeeeeeeeeeeabcccccccccccccccccccccabccccccccccccccccccccc
eeeeeeeeeeeeeeeeeeeeeeeeeeee
abccccccccccccccccccccc
eeeeeeeeeeeeeeeeeeeeeeeeeeee
abccccccccccccccccccccc
eeeeeeeeeeeeeeeeeeeeeeeeeeeeabccccccccccccccccccccc
eeeeeeeeeeeeeeeeeeeeeeeeeeeeabccccccccccccccccccccc
eeeeeeeeeeeeeeeeeeeeeeeeeeeeabccccccccccccccccccccc
eeeeeeeeeeeeeeeeeeeeeeeeeeeeabccccccccccccccccccccc
eeeeeeeeeeeeeeeeeeeeeeeeeeeeabccccccccccccccccccccc
eeeeeeeeeeeeeeeeeeeeeeeeeeeeabccccccccccccccccccccc
eeeeeeeeeeeeeeeeeeeeeeeeeeeeabccccccccccccccccccccc
eeeeeeeeeeeeeeeeeeeeeeeeeeeeabccccccccccccccccccccc
eeeeeeeeeeeeeeeeeeeeeeeeeeeeabccccccccccccccccccccc
eeeeeeeeeeeeeeeeeeeeeeeeeeeeabccccccccccccccccccccc
eeeeeeeeeeeeeeeeeeeeeeeeeeeeabccccccccccccccccccccc
eeeeeeeeeeeeeeeeeeeeeeeeeeeeabcccccccccccccccccccccabccccccccccccccccccccc
eeeeeeeeeeeeeeeeeeeeeeeeeeee
abccccccccccccccccccccc
eeeeeeeeeeeeeeeeeeeeeeeeeeee
abccccccccccccccccccccc
eeeeeeeeeeeeeeeeeeeeeeeeeeeeabccccccccccccccccccccc
eeeeeeeeeeeeeeeeeeeeeeeeeeeeabccccccccccccccccccccc
eeeeeeeeeeeeeeeeeeeeeeeeeeeeabccccccccccccccccccccc
eeeeeeeeeeeeeeeeeeeeeeeeeeeeabccccccccccccccccccccc
eeeeeeeeeeeeeeeeeeeeeeeeeeeeabccccccccccccccccccccc
eeeeeeeeeeeeeeeeeeeeeeeeeeeeabccccccccccccccccccccc
eeeeeeeeeeeeeeeeeeeeeeeeeeeeabccccccccccccccccccccc
eeeeeeeeeeeeeeeeeeeeeeeeeeeeabccccccccccccccccccccc
eeeeeeeeeeeeeeeeeeeeeeeeeeeeabccccccccccccccccccccc
eeeeeeeeeeeeeeeeeeeeeeeeeeeeabccccccccccccccccccccc
eeeeeeeeeeeeeeeeeeeeeeeeeeeeabccccccccccccccccccccc
eeeeeeeeeeeeeeeeeeeeeeeeeeeeabcccccccccccccccccccccabccccccccccccccccccccc
eeeeeeeeeeeeeeeeeeeeeeeeeeee
abccccccccccccccccccccc
eeeeeeeeeeeeeeeeeeeeeeeeeeee
abccccccccccccccccccccc
eeeeeeeeeeeeeeeeeeeeeeeeeeeeabccccccccccccccccccccc
eeeeeeeeeeeeeeeeeeeeeeeeeeeeabccccccccccccccccccccc
eeeeeeeeeeeeeeeeeeeeeeeeeeeeabccccccccccccccccccccc
eeeeeeeeeeeeeeeeeeeeeeeeeeeeabccccccccccccccccccccc
eeeeeeeeeeeeeeeeeeeeeeeeeeeeabccccccccccccccccccccc
eeeeeeeeeeeeeeeeeeeeeeeeeeeeabccccccccccccccccccccc
eeeeeeeeeeeeeeeeeeeeeeeeeeeeabccccccccccccccccccccc
eeeeeeeeeeeeeeeeeeeeeeeeeeeeabccccccccccccccccccccc
eeeeeeeeeeeeeeeeeeeeeeeeeeeeabccccccccccccccccccccc
eeeeeeeeeeeeeeeeeeeeeeeeeeeeabccccccccccccccccccccc
eeeeeeeeeeeeeeeeeeeeeeeeeeeeabccccccccccccccccccccc
eeeeeeeeeeeeeeeeeeeeeeeeeeeeabcccccccccccccccccccccabccccccccccccccccccccc
eeeeeeeeeeeeeeeeeeeeeeeeeeee
abccccccccccccccccccccc
eeeeeeeeeeeeeeeeeeeeeeeeeeee
abccccccccccccccccccccc
eeeeeeeeeeeeeeeeeeeeeeeeeeeeabccccccccccccccccccccc
eeeeeeeeeeeeeeeeeeeeeeeeeeeeabccccccccccccccccccccc
eeeeeeeeeeeeeeeeeeeeeeeeeeeeabccccccccccccccccccccc
eeeeeeeeeeeeeeeeeeeeeeeeeeeeabccccccccccccccccccccc
eeeeeeeeeeeeeeeeeeeeeeeeeeeeabccccccccccccccccccccc
eeeeeeeeeeeeeeeeeeeeeeeeeeeeabccccccccccccccccccccc
eeeeeeeeeeeeeeeeeeeeeeeeeeeeabccccccccccccccccccccc
eeeeeeeeeeeeeeeeeeeeeeeeeeeeabccccccccccccccccccccc
eeeeeeeeeeeeeeeeeeeeeeeeeeeeabccccccccccccccccccccc
eeeeeeeeeeeeeeeeeeeeeeeeeeeeabccccccccccccccccccccc
eeeeeeeeeeeeeeeeeeeeeeeeeeeeabccccccccccccccccccccc
eeeeeeeeeeeeeeeeeeeeeeeeeeeeabcccccccccccccccccccccabccccccccccccccccccccc
eeeeeeeeeeeeeeeeeeeeeeeeeeee
abccccccccccccccccccccc
eeeeeeeeeeeeeeeeeeeeeeeeeeee
abccccccccccccccccccccc
eeeeeeeeeeeeeeeeeeeeeeeeeeeeabccccccccccccccccccccc
eeeeeeeeeeeeeeeeeeeeeeeeeeeeabccccccccccccccccccccc
eeeeeeeeeeeeeeeeeeeeeeeeeeeeabccccccccccccccccccccc
eeeeeeeeeeeeeeeeeeeeeeeeeeeeabccccccccccccccccccccc
eeeeeeeeeeeeeeeeeeeeeeeeeeeeabccccccccccccccccccccc
eeeeeeeeeeeeeeeeeeeeeeeeeeeeabccccccccccccccccccccc
eeeeeeeeeeeeeeeeeeeeeeeeeeeeabccccccccccccccccccccc
eeeeeeeeeeeeeeeeeeeeeeeeeeeeabccccccccccccccccccccc
eeeeeeeeeeeeeeeeeeeeeeeeeeeeabccccccccccccccccccccc
eeeeeeeeeeeeeeeeeeeeeeeeeeeeabccccccccccccccccccccc
eeeeeeeeeeeeeeeeeeeeeeeeeeeeabccccccccccccccccccccc
eeeeeeeeeeeeeeeeeeeeeeeeeeeeabcccccccccccccccccccccabccccccccccccccccccccc
eeeeeeeeeeeeeeeeeeeeeeeeeeee
abccccccccccccccccccccc
eeeeeeeeeeeeeeeeeeeeeeeeeeee
abccccccccccccccccccccc
eeeeeeeeeeeeeeeeeeeeeeeeeeeeabccccccccccccccccccccc
eeeeeeeeeeeeeeeeeeeeeeeeeeeeabccccccccccccccccccccc
eeeeeeeeeeeeeeeeeeeeeeeeeeeeabccccccccccccccccccccc
eeeeeeeeeeeeeeeeeeeeeeeeeeeeabccccccccccccccccccccc
eeeeeeeeeeeeeeeeeeeeeeeeeeeeabccccccccccccccccccccc
eeeeeeeeeeeeeeeeeeeeeeeeeeeeabccccccccccccccccccccc
eeeeeeeeeeeeeeeeeeeeeeeeeeeeabccccccccccccccccccccc
eeeeeeeeeeeeeeeeeeeeeeeeeeeeabccccccccccccccccccccc
eeeeeeeeeeeeeeeeeeeeeeeeeeeeabccccccccccccccccccccc
eeeeeeeeeeeeeeeeeeeeeeeeeeeeabccccccccccccccccccccc
eeeeeeeeeeeeeeeeeeeeeeeeeeeeabccccccccccccccccccccc
eeeeeeeeeeeeeeeeeeeeeeeeeeeeabcccccccccccccccccccccabccccccccccccccccccccc
eeeeeeeeeeeeeeeeeeeeeeeeeeee
abccccccccccccccccccccc
eeeeeeeeeeeeeeeeeeeeeeeeeeee
abccccccccccccccccccccc
eeeeeeeeeeeeeeeeeeeeeeeeeeeeabccccccccccccccccccccc
eeeeeeeeeeeeeeeeeeeeeeeeeeeeabccccccccccccccccccccc
eeeeeeeeeeeeeeeeeeeeeeeeeeeeabccccccccccccccccccccc
eeeeeeeeeeeeeeeeeeeeeeeeeeeeabccccccccccccccccccccc
eeeeeeeeeeeeeeeeeeeeeeeeeeeeabccccccccccccccccccccc
eeeeeeeeeeeeeeeeeeeeeeeeeeeeabccccccccccccccccccccc
eeeeeeeeeeeeeeeeeeeeeeeeeeeeabccccccccccccccccccccc
eeeeeeeeeeeeeeeeeeeeeeeeeeeeabccccccccccccccccccccc
eeeeeeeeeeeeeeeeeeeeeeeeeeeeabccccccccccccccccccccc
eeeeeeeeeeeeeeeeeeeeeeeeeeeeabccccccccccccccccccccc
eeeeeeeeeeeeeeeeeeeeeeeeeeeeabccccccccccccccccccccc
eeeeeeeeeeeeeeeeeeeeeeeeeeeeabcccccccccccccccccccccabccccccccccccccccccccc
eeeeeeeeeeeeeeeeeeeeeeeeeeee
abccccccccccccccccccccc
eeeeeeeeeeeeeeeeeeeeeeeeeeee
abccccccccccccccccccccc
eeeeeeeeeeeeeeeeeeeeeeeeeeeeabccccccccccccccccccccc
eeeeeeeeeeeeeeeeeeeeeeeeeeeeabccccccccccccccccccccc
eeeeeeeeeeeeeeeeeeeeeeeeeeeeabccccccccccccccccccccc
eeeeeeeeeeeeeeeeeeeeeeeeeeeeabccccccccccccccccccccc
eeeeeeeeeeeeeeeeeeeeeeeeeeeeabccccccccccccccccccccc
eeeeeeeeeeeeeeeeeeeeeeeeeeeeabccccccccccccccccccccc
eeeeeeeeeeeeeeeeeeeeeeeeeeeeabccccccccccccccccccccc
eeeeeeeeeeeeeeeeeeeeeeeeeeeeabccccccccccccccccccccc
eeeeeeeeeeeeeeeeeeeeeeeeeeeeabccccccccccccccccccccc
eeeeeeeeeeeeeeeeeeeeeeeeeeeeabccccccccccccccccccccc
eeeeeeeeeeeeeeeeeeeeeeeeeeeeabccccccccccccccccccccc
eeeeeeeeeeeeeeeeeeeeeeeeeeeeabcccccccccccccccccccccabccccccccccccccccccccc
eeeeeeeeeeeeeeeeeeeeeeeeeeee
abccccccccccccccccccccc
eeeeeeeeeeeeeeeeeeeeeeeeeeee
abccccccccccccccccccccc
eeeeeeeeeeeeeeeeeeeeeeeeeeeeabccccccccccccccccccccc
eeeeeeeeeeeeeeeeeeeeeeeeeeeeabccccccccccccccccccccc
eeeeeeeeeeeeeeeeeeeeeeeeeeeeabccccccccccccccccccccc
eeeeeeeeeeeeeeeeeeeeeeeeeeeeabccccccccccccccccccccc
eeeeeeeeeeeeeeeeeeeeeeeeeeeeabccccccccccccccccccccc
eeeeeeeeeeeeeeeeeeeeeeeeeeeeabccccccccccccccccccccc
eeeeeeeeeeeeeeeeeeeeeeeeeeeeabccccccccccccccccccccc
eeeeeeeeeeeeeeeeeeeeeeeeeeeeabccccccccccccccccccccc
eeeeeeeeeeeeeeeeeeeeeeeeeeeeabccccccccccccccccccccc
eeeeeeeeeeeeeeeeeeeeeeeeeeeeabccccccccccccccccccccc
eeeeeeeeeeeeeeeeeeeeeeeeeeeeabccccccccccccccccccccc
eeeeeeeeeeeeeeeeeeeeeeeeeeeeabcccccccccccccccccccccabccccccccccccccccccccc
eeeeeeeeeeeeeeeeeeeeeeeeeeee
abccccccccccccccccccccc
eeeeeeeeeeeeeeeeeeeeeeeeeeee
abccccccccccccccccccccc
eeeeeeeeeeeeeeeeeeeeeeeeeeeeabccccccccccccccccccccc
eeeeeeeeeeeeeeeeeeeeeeeeeeeeabccccccccccccccccccccc
eeeeeeeeeeeeeeeeeeeeeeeeeeeeabccccccccccccccccccccc
eeeeeeeeeeeeeeeeeeeeeeeeeeeeabccccccccccccccccccccc
eeeeeeeeeeeeeeeeeeeeeeeeeeeeabccccccccccccccccccccc
eeeeeeeeeeeeeeeeeeeeeeeeeeeeabccccccccccccccccccccc
eeeeeeeeeeeeeeeeeeeeeeeeeeeeabccccccccccccccccccccc
eeeeeeeeeeeeeeeeeeeeeeeeeeeeabccccccccccccccccccccc
eeeeeeeeeeeeeeeeeeeeeeeeeeeeabccccccccccccccccccccc
eeeeeeeeeeeeeeeeeeeeeeeeeeeeabccccccccccccccccccccc
eeeeeeeeeeeeeeeeeeeeeeeeeeeeabccccccccccccccccccccc
eeeeeeeeeeeeeeeeeeeeeeeeeeeeabcccccccccccccccccccccabccccccccccccccccccccc
eeeeeeeeeeeeeeeeeeeeeeeeeeee
abccccccccccccccccccccc
eeeeeeeeeeeeeeeeeeeeeeeeeeee
abccccccccccccccccccccc
eeeeeeeeeeeeeeeeeeeeeeeeeeeeabccccccccccccccccccccc
eeeeeeeeeeeeeeeeeeeeeeeeeeeeabccccccccccccccccccccc
eeeeeeeeeeeeeeeeeeeeeeeeeeeeabccccccccccccccccccccc
eeeeeeeeeeeeeeeeeeeeeeeeeeeeabccccccccccccccccccccc
eeeeeeeeeeeeeeeeeeeeeeeeeeeeabccccccccccccccccccccc
eeeeeeeeeeeeeeeeeeeeeeeeeeeeabccccccccccccccccccccc
eeeeeeeeeeeeeeeeeeeeeeeeeeeeabccccccccccccccccccccc
eeeeeeeeeeeeeeeeeeeeeeeeeeeeabccccccccccccccccccccc
eeeeeeeeeeeeeeeeeeeeeeeeeeeeabccccccccccccccccccccc
eeeeeeeeeeeeeeeeeeeeeeeeeeeeabccccccccccccccccccccc
eeeeeeeeeeeeeeeeeeeeeeeeeeeeabccccccccccccccccccccc
eeeeeeeeeeeeeeeeeeeeeeeeeeeeabcccccccccccccccccccccabccccccccccccccccccccc
eeeeeeeeeeeeeeeeeeeeeeeeeeee
abccccccccccccccccccccc
eeeeeeeeeeeeeeeeeeeeeeeeeeee
abccccccccccccccccccccc
eeeeeeeeeeeeeeeeeeeeeeeeeeeeabccccccccccccccccccccc
eeeeeeeeeeeeeeeeeeeeeeeeeeeeabccccccccccccccccccccc
eeeeeeeeeeeeeeeeeeeeeeeeeeeeabccccccccccccccccccccc
eeeeeeeeeeeeeeeeeeeeeeeeeeeeabccccccccccccccccccccc
eeeeeeeeeeeeeeeeeeeeeeeeeeeeabccccccccccccccccccccc
eeeeeeeeeeeeeeeeeeeeeeeeeeeeabccccccccccccccccccccc
eeeeeeeeeeeeeeeeeeeeeeeeeeeeabccccccccccccccccccccc
eeeeeeeeeeeeeeeeeeeeeeeeeeeeabccccccccccccccccccccc
eeeeeeeeeeeeeeeeeeeeeeeeeeeeabccccccccccccccccccccc
eeeeeeeeeeeeeeeeeeeeeeeeeeeeabccccccccccccccccccccc
eeeeeeeeeeeeeeeeeeeeeeeeeeeeabccccccccccccccccccccc
eeeeeeeeeeeeeeeeeeeeeeeeeeeeabcccccccccccccccccccccabccccccccccccccccccccc
eeeeeeeeeeeeeeeeeeeeeeeeeeee
abccccccccccccccccccccc
eeeeeeeeeeeeeeeeeeeeeeeeeeee
abccccccccccccccccccccc
eeeeeeeeeeeeeeeeeeeeeeeeeeeeabccccccccccccccccccccc
eeeeeeeeeeeeeeeeeeeeeeeeeeeeabccccccccccccccccccccc
eeeeeeeeeeeeeeeeeeeeeeeeeeeeabccccccccccccccccccccc
eeeeeeeeeeeeeeeeeeeeeeeeeeeeabccccccccccccccccccccc
eeeeeeeeeeeeeeeeeeeeeeeeeeeeabccccccccccccccccccccc
eeeeeeeeeeeeeeeeeeeeeeeeeeeeabccccccccccccccccccccc
eeeeeeeeeeeeeeeeeeeeeeeeeeeeabccccccccccccccccccccc
eeeeeeeeeeeeeeeeeeeeeeeeeeeeabccccccccccccccccccccc
eeeeeeeeeeeeeeeeeeeeeeeeeeeeabccccccccccccccccccccc
eeeeeeeeeeeeeeeeeeeeeeeeeeeeabccccccccccccccccccccc
eeeeeeeeeeeeeeeeeeeeeeeeeeeeabccccccccccccccccccccc
eeeeeeeeeeeeeeeeeeeeeeeeeeeeabcccccccccccccccccccccabccccccccccccccccccccc
eeeeeeeeeeeeeeeeeeeeeeeeeeee
abccccccccccccccccccccc
eeeeeeeeeeeeeeeeeeeeeeeeeeee
abccccccccccccccccccccc
eeeeeeeeeeeeeeeeeeeeeeeeeeeeabccccccccccccccccccccc
eeeeeeeeeeeeeeeeeeeeeeeeeeeeabccccccccccccccccccccc
eeeeeeeeeeeeeeeeeeeeeeeeeeeeabccccccccccccccccccccc
eeeeeeeeeeeeeeeeeeeeeeeeeeeeabccccccccccccccccccccc
eeeeeeeeeeeeeeeeeeeeeeeeeeeeabccccccccccccccccccccc
eeeeeeeeeeeeeeeeeeeeeeeeeeeeabccccccccccccccccccccc
eeeeeeeeeeeeeeeeeeeeeeeeeeeeabccccccccccccccccccccc
eeeeeeeeeeeeeeeeeeeeeeeeeeeeabccccccccccccccccccccc
eeeeeeeeeeeeeeeeeeeeeeeeeeeeabccccccccccccccccccccc
eeeeeeeeeeeeeeeeeeeeeeeeeeeeabccccccccccccccccccccc
eeeeeeeeeeeeeeeeeeeeeeeeeeeeabccccccccccccccccccccc
eeeeeeeeeeeeeeeeeeeeeeeeeeeeabcccccccccccccccccccccabccccccccccccccccccccc
eeeeeeeeeeeeeeeeeeeeeeeeeeee
abccccccccccccccccccccc
eeeeeeeeeeeeeeeeeeeeeeeeeeee
abccccccccccccccccccccc
eeeeeeeeeeeeeeeeeeeeeeeeeeeeabccccccccccccccccccccc
eeeeeeeeeeeeeeeeeeeeeeeeeeeeabccccccccccccccccccccc
eeeeeeeeeeeeeeeeeeeeeeeeeeeeabccccccccccccccccccccc
eeeeeeeeeeeeeeeeeeeeeeeeeeeeabccccccccccccccccccccc
eeeeeeeeeeeeeeeeeeeeeeeeeeeeabccccccccccccccccccccc
eeeeeeeeeeeeeeeeeeeeeeeeeeeeabccccccccccccccccccccc
eeeeeeeeeeeeeeeeeeeeeeeeeeeeabccccccccccccccccccccc
eeeeeeeeeeeeeeeeeeeeeeeeeeeeabccccccccccccccccccccc
eeeeeeeeeeeeeeeeeeeeeeeeeeeeabccccccccccccccccccccc
eeeeeeeeeeeeeeeeeeeeeeeeeeeeabccccccccccccccccccccc
eeeeeeeeeeeeeeeeeeeeeeeeeeeeabccccccccccccccccccccc
eeeeeeeeeeeeeeeeeeeeeeeeeeeeabcccccccccccccccccccccabccccccccccccccccccccc
eeeeeeeeeeeeeeeeeeeeeeeeeeee
abccccccccccccccccccccc
eeeeeeeeeeeeeeeeeeeeeeeeeeee
abccccccccccccccccccccc
eeeeeeeeeeeeeeeeeeeeeeeeeeeeabccccccccccccccccccccc
eeeeeeeeeeeeeeeeeeeeeeeeeeeeabccccccccccccccccccccc
eeeeeeeeeeeeeeeeeeeeeeeeeeeeabccccccccccccccccccccc
eeeeeeeeeeeeeeeeeeeeeeeeeeeeabccccccccccccccccccccc
eeeeeeeeeeeeeeeeeeeeeeeeeeeeabccccccccccccccccccccc
eeeeeeeeeeeeeeeeeeeeeeeeeeeeabccccccccccccccccccccc
eeeeeeeeeeeeeeeeeeeeeeeeeeeeabccccccccccccccccccccc
eeeeeeeeeeeeeeeeeeeeeeeeeeeeabccccccccccccccccccccc
eeeeeeeeeeeeeeeeeeeeeeeeeeeeabccccccccccccccccccccc
eeeeeeeeeeeeeeeeeeeeeeeeeeeeabccccccccccccccccccccc
eeeeeeeeeeeeeeeeeeeeeeeeeeeeabccccccccccccccccccccc
eeeeeeeeeeeeeeeeeeeeeeeeeeeeabcccccccccccccccccccccabccccccccccccccccccccc
eeeeeeeeeeeeeeeeeeeeeeeeeeee
abccccccccccccccccccccc
eeeeeeeeeeeeeeeeeeeeeeeeeeee
abccccccccccccccccccccc
eeeeeeeeeeeeeeeeeeeeeeeeeeeeabccccccccccccccccccccc
eeeeeeeeeeeeeeeeeeeeeeeeeeeeabccccccccccccccccccccc
eeeeeeeeeeeeeeeeeeeeeeeeeeeeabccccccccccccccccccccc
eeeeeeeeeeeeeeeeeeeeeeeeeeeeabccccccccccccccccccccc
eeeeeeeeeeeeeeeeeeeeeeeeeeeeabccccccccccccccccccccc
eeeeeeeeeeeeeeeeeeeeeeeeeeeeabccccccccccccccccccccc
eeeeeeeeeeeeeeeeeeeeeeeeeeeeabccccccccccccccccccccc
eeeeeeeeeeeeeeeeeeeeeeeeeeeeabccccccccccccccccccccc
eeeeeeeeeeeeeeeeeeeeeeeeeeeeabccccccccccccccccccccc
eeeeeeeeeeeeeeeeeeeeeeeeeeeeabccccccccccccccccccccc
eeeeeeeeeeeeeeeeeeeeeeeeeeeeabccccccccccccccccccccc
eeeeeeeeeeeeeeeeeeeeeeeeeeeeabcccccccccccccccccccccabccccccccccccccccccccc
eeeeeeeeeeeeeeeeeeeeeeeeeeee
abccccccccccccccccccccc
eeeeeeeeeeeeeeeeeeeeeeeeeeee
abccccccccccccccccccccc
eeeeeeeeeeeeeeeeeeeeeeeeeeeeabccccccccccccccccccccc
eeeeeeeeeeeeeeeeeeeeeeeeeeeeabccccccccccccccccccccc
eeeeeeeeeeeeeeeeeeeeeeeeeeeeabccccccccccccccccccccc
eeeeeeeeeeeeeeeeeeeeeeeeeeeeabccccccccccccccccccccc
eeeeeeeeeeeeeeeeeeeeeeeeeeeeabccccccccccccccccccccc
eeeeeeeeeeeeeeeeeeeeeeeeeeeeabccccccccccccccccccccc
eeeeeeeeeeeeeeeeeeeeeeeeeeeeabccccccccccccccccccccc
eeeeeeeeeeeeeeeeeeeeeeeeeeeeabccccccccccccccccccccc
eeeeeeeeeeeeeeeeeeeeeeeeeeeeabccccccccccccccccccccc
eeeeeeeeeeeeeeeeeeeeeeeeeeeeabccccccccccccccccccccc
eeeeeeeeeeeeeeeeeeeeeeeeeeeeabccccccccccccccccccccc
eeeeeeeeeeeeeeeeeeeeeeeeeeeeabcccccccccccccccccccccabccccccccccccccccccccc
eeeeeeeeeeeeeeeeeeeeeeeeeeee
abccccccccccccccccccccc
eeeeeeeeeeeeeeeeeeeeeeeeeeee
abccccccccccccccccccccc
eeeeeeeeeeeeeeeeeeeeeeeeeeeeabccccccccccccccccccccc
eeeeeeeeeeeeeeeeeeeeeeeeeeeeabccccccccccccccccccccc
eeeeeeeeeeeeeeeeeeeeeeeeeeeeabccccccccccccccccccccc
eeeeeeeeeeeeeeeeeeeeeeeeeeeeabccccccccccccccccccccc
eeeeeeeeeeeeeeeeeeeeeeeeeeeeabccccccccccccccccccccc
eeeeeeeeeeeeeeeeeeeeeeeeeeeeabccccccccccccccccccccc
eeeeeeeeeeeeeeeeeeeeeeeeeeeeabccccccccccccccccccccc
eeeeeeeeeeeeeeeeeeeeeeeeeeeeabccccccccccccccccccccc
eeeeeeeeeeeeeeeeeeeeeeeeeeeeabccccccccccccccccccccc
eeeeeeeeeeeeeeeeeeeeeeeeeeeeabccccccccccccccccccccc
eeeeeeeeeeeeeeeeeeeeeeeeeeeeabccccccccccccccccccccc
eeeeeeeeeeeeeeeeeeeeeeeeeeeeabcccccccccccccccccccccabccccccccccccccccccccc
eeeeeeeeeeeeeeeeeeeeeeeeeeee
abccccccccccccccccccccc
eeeeeeeeeeeeeeeeeeeeeeeeeeee
abccccccccccccccccccccc
eeeeeeeeeeeeeeeeeeeeeeeeeeeeabccccccccccccccccccccc
eeeeeeeeeeeeeeeeeeeeeeeeeeeeabccccccccccccccccccccc
eeeeeeeeeeeeeeeeeeeeeeeeeeeeabccccccccccccccccccccc
eeeeeeeeeeeeeeeeeeeeeeeeeeeeabccccccccccccccccccccc
eeeeeeeeeeeeeeeeeeeeeeeeeeeeabccccccccccccccccccccc
eeeeeeeeeeeeeeeeeeeeeeeeeeeeabccccccccccccccccccccc
eeeeeeeeeeeeeeeeeeeeeeeeeeeeabccccccccccccccccccccc
eeeeeeeeeeeeeeeeeeeeeeeeeeeeabccccccccccccccccccccc
eeeeeeeeeeeeeeeeeeeeeeeeeeeeabccccccccccccccccccccc
eeeeeeeeeeeeeeeeeeeeeeeeeeeeabccccccccccccccccccccc
eeeeeeeeeeeeeeeeeeeeeeeeeeeeabccccccccccccccccccccc
eeeeeeeeeeeeeeeeeeeeeeeeeeeeabcccccccccccccccccccccabccccccccccccccccccccc
eeeeeeeeeeeeeeeeeeeeeeeeeeee
abccccccccccccccccccccc
eeeeeeeeeeeeeeeeeeeeeeeeeeee
abccccccccccccccccccccc
eeeeeeeeeeeeeeeeeeeeeeeeeeeeabccccccccccccccccccccc
eeeeeeeeeeeeeeeeeeeeeeeeeeeeabccccccccccccccccccccc
eeeeeeeeeeeeeeeeeeeeeeeeeeeeabccccccccccccccccccccc
eeeeeeeeeeeeeeeeeeeeeeeeeeeeabccccccccccccccccccccc
eeeeeeeeeeeeeeeeeeeeeeeeeeeeabccccccccccccccccccccc
eeeeeeeeeeeeeeeeeeeeeeeeeeeeabccccccccccccccccccccc
eeeeeeeeeeeeeeeeeeeeeeeeeeeeabccccccccccccccccccccc
eeeeeeeeeeeeeeeeeeeeeeeeeeeeabccccccccccccccccccccc
eeeeeeeeeeeeeeeeeeeeeeeeeeeeabccccccccccccccccccccc
eeeeeeeeeeeeeeeeeeeeeeeeeeeeabccccccccccccccccccccc
eeeeeeeeeeeeeeeeeeeeeeeeeeeeabccccccccccccccccccccc
eeeeeeeeeeeeeeeeeeeeeeeeeeeeabcccccccccccccccccccccabccccccccccccccccccccc
eeeeeeeeeeeeeeeeeeeeeeeeeeee
abccccccccccccccccccccc
eeeeeeeeeeeeeeeeeeeeeeeeeeee
abccccccccccccccccccccc
eeeeeeeeeeeeeeeeeeeeeeeeeeeeabccccccccccccccccccccc
eeeeeeeeeeeeeeeeeeeeeeeeeeeeabccccccccccccccccccccc
eeeeeeeeeeeeeeeeeeeeeeeeeeeeabccccccccccccccccccccc
eeeeeeeeeeeeeeeeeeeeeeeeeeeeabccccccccccccccccccccc
eeeeeeeeeeeeeeeeeeeeeeeeeeeeabccccccccccccccccccccc
eeeeeeeeeeeeeeeeeeeeeeeeeeeeabccccccccccccccccccccc
eeeeeeeeeeeeeeeeeeeeeeeeeeeeabccccccccccccccccccccc
eeeeeeeeeeeeeeeeeeeeeeeeeeeeabccccccccccccccccccccc
eeeeeeeeeeeeeeeeeeeeeeeeeeeeabccccccccccccccccccccc
eeeeeeeeeeeeeeeeeeeeeeeeeeeeabccccccccccccccccccccc
eeeeeeeeeeeeeeeeeeeeeeeeeeeeabccccccccccccccccccccc
eeeeeeeeeeeeeeeeeeeeeeeeeeeeabcccccccccccccccccccccabccccccccccccccccccccc
eeeeeeeeeeeeeeeeeeeeeeeeeeee
abccccccccccccccccccccc
eeeeeeeeeeeeeeeeeeeeeeeeeeee
abccccccccccccccccccccc
eeeeeeeeeeeeeeeeeeeeeeeeeeeeabccccccccccccccccccccc
eeeeeeeeeeeeeeeeeeeeeeeeeeeeabccccccccccccccccccccc
eeeeeeeeeeeeeeeeeeeeeeeeeeeeabccccccccccccccccccccc
eeeeeeeeeeeeeeeeeeeeeeeeeeeeabccccccccccccccccccccc
eeeeeeeeeeeeeeeeeeeeeeeeeeeeabccccccccccccccccccccc
eeeeeeeeeeeeeeeeeeeeeeeeeeeeabccccccccccccccccccccc
eeeeeeeeeeeeeeeeeeeeeeeeeeeeabccccccccccccccccccccc
eeeeeeeeeeeeeeeeeeeeeeeeeeeeabccccccccccccccccccccc
eeeeeeeeeeeeeeeeeeeeeeeeeeeeabccccccccccccccccccccc
eeeeeeeeeeeeeeeeeeeeeeeeeeeeabccccccccccccccccccccc
eeeeeeeeeeeeeeeeeeeeeeeeeeeeabccccccccccccccccccccc
eeeeeeeeeeeeeeeeeeeeeeeeeeeeabcccccccccccccccccccccabccccccccccccccccccccc
eeeeeeeeeeeeeeeeeeeeeeeeeeee
abccccccccccccccccccccc
eeeeeeeeeeeeeeeeeeeeeeeeeeee
abccccccccccccccccccccc
eeeeeeeeeeeeeeeeeeeeeeeeeeeeabccccccccccccccccccccc
eeeeeeeeeeeeeeeeeeeeeeeeeeeeabccccccccccccccccccccc
eeeeeeeeeeeeeeeeeeeeeeeeeeeeabccccccccccccccccccccc
eeeeeeeeeeeeeeeeeeeeeeeeeeeeabccccccccccccccccccccc
eeeeeeeeeeeeeeeeeeeeeeeeeeeeabccccccccccccccccccccc
eeeeeeeeeeeeeeeeeeeeeeeeeeeeabccccccccccccccccccccc
eeeeeeeeeeeeeeeeeeeeeeeeeeeeabccccccccccccccccccccc
eeeeeeeeeeeeeeeeeeeeeeeeeeeeabccccccccccccccccccccc
eeeeeeeeeeeeeeeeeeeeeeeeeeeeabccccccccccccccccccccc
eeeeeeeeeeeeeeeeeeeeeeeeeeeeabccccccccccccccccccccc
eeeeeeeeeeeeeeeeeeeeeeeeeeeeabccccccccccccccccccccc
eeeeeeeeeeeeeeeeeeeeeeeeeeeeabcccccccccccccccccccccabccccccccccccccccccccc
eeeeeeeeeeeeeeeeeeeeeeeeeeee
abccccccccccccccccccccc
eeeeeeeeeeeeeeeeeeeeeeeeeeee
abccccccccccccccccccccc
eeeeeeeeeeeeeeeeeeeeeeeeeeeeabccccccccccccccccccccc
eeeeeeeeeeeeeeeeeeeeeeeeeeeeabccccccccccccccccccccc
eeeeeeeeeeeeeeeeeeeeeeeeeeeeabccccccccccccccccccccc
eeeeeeeeeeeeeeeeeeeeeeeeeeeeabccccccccccccccccccccc
eeeeeeeeeeeeeeeeeeeeeeeeeeeeabccccccccccccccccccccc
eeeeeeeeeeeeeeeeeeeeeeeeeeeeabccccccccccccccccccccc
eeeeeeeeeeeeeeeeeeeeeeeeeeeeabccccccccccccccccccccc
eeeeeeeeeeeeeeeeeeeeeeeeeeeeabccccccccccccccccccccc
eeeeeeeeeeeeeeeeeeeeeeeeeeeeabccccccccccccccccccccc
eeeeeeeeeeeeeeeeeeeeeeeeeeeeabccccccccccccccccccccc
eeeeeeeeeeeeeeeeeeeeeeeeeeeeabccccccccccccccccccccc
eeeeeeeeeeeeeeeeeeeeeeeeeeeeabcccccccccccccccccccccabccccccccccccccccccccc
eeeeeeeeeeeeeeeeeeeeeeeeeeee
abccccccccccccccccccccc
eeeeeeeeeeeeeeeeeeeeeeeeeeee
abccccccccccccccccccccc
eeeeeeeeeeeeeeeeeeeeeeeeeeeeabccccccccccccccccccccc
eeeeeeeeeeeeeeeeeeeeeeeeeeeeabccccccccccccccccccccc
eeeeeeeeeeeeeeeeeeeeeeeeeeeeabccccccccccccccccccccc
eeeeeeeeeeeeeeeeeeeeeeeeeeeeabccccccccccccccccccccc
eeeeeeeeeeeeeeeeeeeeeeeeeeeeabccccccccccccccccccccc
eeeeeeeeeeeeeeeeeeeeeeeeeeeeabccccccccccccccccccccc
eeeeeeeeeeeeeeeeeeeeeeeeeeeeabccccccccccccccccccccc
eeeeeeeeeeeeeeeeeeeeeeeeeeeeabccccccccccccccccccccc
eeeeeeeeeeeeeeeeeeeeeeeeeeeeabccccccccccccccccccccc
eeeeeeeeeeeeeeeeeeeeeeeeeeeeabccccccccccccccccccccc
eeeeeeeeeeeeeeeeeeeeeeeeeeeeabccccccccccccccccccccc
eeeeeeeeeeeeeeeeeeeeeeeeeeeeabcccccccccccccccccccccabccccccccccccccccccccc
eeeeeeeeeeeeeeeeeeeeeeeeeeee
abccccccccccccccccccccc
eeeeeeeeeeeeeeeeeeeeeeeeeeee
abccccccccccccccccccccc
eeeeeeeeeeeeeeeeeeeeeeeeeeeeabccccccccccccccccccccc
eeeeeeeeeeeeeeeeeeeeeeeeeeeeabccccccccccccccccccccc
eeeeeeeeeeeeeeeeeeeeeeeeeeeeabccccccccccccccccccccc
eeeeeeeeeeeeeeeeeeeeeeeeeeeeabccccccccccccccccccccc
eeeeeeeeeeeeeeeeeeeeeeeeeeeeabccccccccccccccccccccc
eeeeeeeeeeeeeeeeeeeeeeeeeeeeabccccccccccccccccccccc
eeeeeeeeeeeeeeeeeeeeeeeeeeeeabccccccccccccccccccccc
eeeeeeeeeeeeeeeeeeeeeeeeeeeeabccccccccccccccccccccc
eeeeeeeeeeeeeeeeeeeeeeeeeeeeabccccccccccccccccccccc
eeeeeeeeeeeeeeeeeeeeeeeeeeeeabccccccccccccccccccccc
eeeeeeeeeeeeeeeeeeeeeeeeeeeeabccccccccccccccccccccc
eeeeeeeeeeeeeeeeeeeeeeeeeeeeabcccccccccccccccccccccabccccccccccccccccccccc
eeeeeeeeeeeeeeeeeeeeeeeeeeee
abccccccccccccccccccccc
eeeeeeeeeeeeeeeeeeeeeeeeeeee
abccccccccccccccccccccc
eeeeeeeeeeeeeeeeeeeeeeeeeeeeabccccccccccccccccccccc
eeeeeeeeeeeeeeeeeeeeeeeeeeeeabccccccccccccccccccccc
eeeeeeeeeeeeeeeeeeeeeeeeeeeeabccccccccccccccccccccc
eeeeeeeeeeeeeeeeeeeeeeeeeeeeabccccccccccccccccccccc
eeeeeeeeeeeeeeeeeeeeeeeeeeeeabccccccccccccccccccccc
eeeeeeeeeeeeeeeeeeeeeeeeeeeeabccccccccccccccccccccc
eeeeeeeeeeeeeeeeeeeeeeeeeeeeabccccccccccccccccccccc
eeeeeeeeeeeeeeeeeeeeeeeeeeeeabccccccccccccccccccccc
eeeeeeeeeeeeeeeeeeeeeeeeeeeeabccccccccccccccccccccc
eeeeeeeeeeeeeeeeeeeeeeeeeeeeabccccccccccccccccccccc
eeeeeeeeeeeeeeeeeeeeeeeeeeeeabccccccccccccccccccccc
eeeeeeeeeeeeeeeeeeeeeeeeeeeeabcccccccccccccccccccccabccccccccccccccccccccc
eeeeeeeeeeeeeeeeeeeeeeeeeeee
abccccccccccccccccccccc
eeeeeeeeeeeeeeeeeeeeeeeeeeee
abccccccccccccccccccccc
eeeeeeeeeeeeeeeeeeeeeeeeeeeeabccccccccccccccccccccc
eeeeeeeeeeeeeeeeeeeeeeeeeeeeabccccccccccccccccccccc
eeeeeeeeeeeeeeeeeeeeeeeeeeeeabccccccccccccccccccccc
eeeeeeeeeeeeeeeeeeeeeeeeeeeeabccccccccccccccccccccc
eeeeeeeeeeeeeeeeeeeeeeeeeeeeabccccccccccccccccccccc
eeeeeeeeeeeeeeeeeeeeeeeeeeeeabccccccccccccccccccccc
eeeeeeeeeeeeeeeeeeeeeeeeeeeeabccccccccccccccccccccc
eeeeeeeeeeeeeeeeeeeeeeeeeeeeabccccccccccccccccccccc
eeeeeeeeeeeeeeeeeeeeeeeeeeeeabccccccccccccccccccccc
eeeeeeeeeeeeeeeeeeeeeeeeeeeeabccccccccccccccccccccc
eeeeeeeeeeeeeeeeeeeeeeeeeeeeabccccccccccccccccccccc
eeeeeeeeeeeeeeeeeeeeeeeeeeeeabcccccccccccccccccccccabccccccccccccccccccccc
eeeeeeeeeeeeeeeeeeeeeeeeeeee
abccccccccccccccccccccc
eeeeeeeeeeeeeeeeeeeeeeeeeeee
abccccccccccccccccccccc
eeeeeeeeeeeeeeeeeeeeeeeeeeeeabccccccccccccccccccccc
eeeeeeeeeeeeeeeeeeeeeeeeeeeeabccccccccccccccccccccc
eeeeeeeeeeeeeeeeeeeeeeeeeeeeabccccccccccccccccccccc
eeeeeeeeeeeeeeeeeeeeeeeeeeeeabccccccccccccccccccccc
eeeeeeeeeeeeeeeeeeeeeeeeeeeeabccccccccccccccccccccc
eeeeeeeeeeeeeeeeeeeeeeeeeeeeabccccccccccccccccccccc
eeeeeeeeeeeeeeeeeeeeeeeeeeeeabccccccccccccccccccccc
eeeeeeeeeeeeeeeeeeeeeeeeeeeeabccccccccccccccccccccc
eeeeeeeeeeeeeeeeeeeeeeeeeeeeabccccccccccccccccccccc
eeeeeeeeeeeeeeeeeeeeeeeeeeeeabccccccccccccccccccccc
eeeeeeeeeeeeeeeeeeeeeeeeeeeeabccccccccccccccccccccc
eeeeeeeeeeeeeeeeeeeeeeeeeeeeabcccccccccccccccccccccabccccccccccccccccccccc
eeeeeeeeeeeeeeeeeeeeeeeeeeee
abccccccccccccccccccccc
eeeeeeeeeeeeeeeeeeeeeeeeeeee
abccccccccccccccccccccc
eeeeeeeeeeeeeeeeeeeeeeeeeeeeabccccccccccccccccccccc
eeeeeeeeeeeeeeeeeeeeeeeeeeeeabccccccccccccccccccccc
eeeeeeeeeeeeeeeeeeeeeeeeeeeeabccccccccccccccccccccc
eeeeeeeeeeeeeeeeeeeeeeeeeeeeabccccccccccccccccccccc
eeeeeeeeeeeeeeeeeeeeeeeeeeeeabccccccccccccccccccccc
eeeeeeeeeeeeeeeeeeeeeeeeeeeeabccccccccccccccccccccc
eeeeeeeeeeeeeeeeeeeeeeeeeeeeabccccccccccccccccccccc
eeeeeeeeeeeeeeeeeeeeeeeeeeeeabccccccccccccccccccccc
eeeeeeeeeeeeeeeeeeeeeeeeeeeeabccccccccccccccccccccc
eeeeeeeeeeeeeeeeeeeeeeeeeeeeabccccccccccccccccccccc
eeeeeeeeeeeeeeeeeeeeeeeeeeeeabccccccccccccccccccccc
eeeeeeeeeeeeeeeeeeeeeeeeeeeeabcccccccccccccccccccccabccccccccccccccccccccc
eeeeeeeeeeeeeeeeeeeeeeeeeeee
abccccccccccccccccccccc
eeeeeeeeeeeeeeeeeeeeeeeeeeee
abccccccccccccccccccccc
eeeeeeeeeeeeeeeeeeeeeeeeeeeeabccccccccccccccccccccc
eeeeeeeeeeeeeeeeeeeeeeeeeeeeabccccccccccccccccccccc
eeeeeeeeeeeeeeeeeeeeeeeeeeeeabccccccccccccccccccccc
eeeeeeeeeeeeeeeeeeeeeeeeeeeeabccccccccccccccccccccc
eeeeeeeeeeeeeeeeeeeeeeeeeeeeabccccccccccccccccccccc
eeeeeeeeeeeeeeeeeeeeeeeeeeeeabccccccccccccccccccccc
eeeeeeeeeeeeeeeeeeeeeeeeeeeeabccccccccccccccccccccc
eeeeeeeeeeeeeeeeeeeeeeeeeeeeabccccccccccccccccccccc
eeeeeeeeeeeeeeeeeeeeeeeeeeeeabccccccccccccccccccccc
eeeeeeeeeeeeeeeeeeeeeeeeeeeeabccccccccccccccccccccc
eeeeeeeeeeeeeeeeeeeeeeeeeeeeabccccccccccccccccccccc
eeeeeeeeeeeeeeeeeeeeeeeeeeeeabcccccccccccccccccccccabccccccccccccccccccccc
eeeeeeeeeeeeeeeeeeeeeeeeeeee
abccccccccccccccccccccc
eeeeeeeeeeeeeeeeeeeeeeeeeeee
abccccccccccccccccccccc
eeeeeeeeeeeeeeeeeeeeeeeeeeeeabccccccccccccccccccccc
eeeeeeeeeeeeeeeeeeeeeeeeeeeeabccccccccccccccccccccc
eeeeeeeeeeeeeeeeeeeeeeeeeeeeabccccccccccccccccccccc
eeeeeeeeeeeeeeeeeeeeeeeeeeeeabccccccccccccccccccccc
eeeeeeeeeeeeeeeeeeeeeeeeeeeeabccccccccccccccccccccc
eeeeeeeeeeeeeeeeeeeeeeeeeeeeabccccccccccccccccccccc
eeeeeeeeeeeeeeeeeeeeeeeeeeeeabccccccccccccccccccccc
eeeeeeeeeeeeeeeeeeeeeeeeeeeeabccccccccccccccccccccc
eeeeeeeeeeeeeeeeeeeeeeeeeeeeabccccccccccccccccccccc
eeeeeeeeeeeeeeeeeeeeeeeeeeeeabccccccccccccccccccccc
eeeeeeeeeeeeeeeeeeeeeeeeeeeeabccccccccccccccccccccc
eeeeeeeeeeeeeeeeeeeeeeeeeeeeabcccccccccccccccccccccabccccccccccccccccccccc
eeeeeeeeeeeeeeeeeeeeeeeeeeee
abccccccccccccccccccccc
eeeeeeeeeeeeeeeeeeeeeeeeeeee
abccccccccccccccccccccc
eeeeeeeeeeeeeeeeeeeeeeeeeeeeabccccccccccccccccccccc
eeeeeeeeeeeeeeeeeeeeeeeeeeeeabccccccccccccccccccccc
eeeeeeeeeeeeeeeeeeeeeeeeeeeeabccccccccccccccccccccc
eeeeeeeeeeeeeeeeeeeeeeeeeeeeabccccccccccccccccccccc
eeeeeeeeeeeeeeeeeeeeeeeeeeeeabccccccccccccccccccccc
eeeeeeeeeeeeeeeeeeeeeeeeeeeeabccccccccccccccccccccc
eeeeeeeeeeeeeeeeeeeeeeeeeeeeabccccccccccccccccccccc
eeeeeeeeeeeeeeeeeeeeeeeeeeeeabccccccccccccccccccccc
eeeeeeeeeeeeeeeeeeeeeeeeeeeeabccccccccccccccccccccc
eeeeeeeeeeeeeeeeeeeeeeeeeeeeabccccccccccccccccccccc
eeeeeeeeeeeeeeeeeeeeeeeeeeeeabccccccccccccccccccccc
eeeeeeeeeeeeeeeeeeeeeeeeeeeeabcccccccccccccccccccccabccccccccccccccccccccc
eeeeeeeeeeeeeeeeeeeeeeeeeeee
abccccccccccccccccccccc
eeeeeeeeeeeeeeeeeeeeeeeeeeee
abccccccccccccccccccccc
eeeeeeeeeeeeeeeeeeeeeeeeeeeeabccccccccccccccccccccc
eeeeeeeeeeeeeeeeeeeeeeeeeeeeabccccccccccccccccccccc
eeeeeeeeeeeeeeeeeeeeeeeeeeeeabccccccccccccccccccccc
eeeeeeeeeeeeeeeeeeeeeeeeeeeeabccccccccccccccccccccc
eeeeeeeeeeeeeeeeeeeeeeeeeeeeabccccccccccccccccccccc
eeeeeeeeeeeeeeeeeeeeeeeeeeeeabccccccccccccccccccccc
eeeeeeeeeeeeeeeeeeeeeeeeeeeeabccccccccccccccccccccc
eeeeeeeeeeeeeeeeeeeeeeeeeeeeabccccccccccccccccccccc
eeeeeeeeeeeeeeeeeeeeeeeeeeeeabccccccccccccccccccccc
eeeeeeeeeeeeeeeeeeeeeeeeeeeeabccccccccccccccccccccc
eeeeeeeeeeeeeeeeeeeeeeeeeeeeabccccccccccccccccccccc
eeeeeeeeeeeeeeeeeeeeeeeeeeeeabcccccccccccccccccccccabccccccccccccccccccccc
eeeeeeeeeeeeeeeeeeeeeeeeeeee
abccccccccccccccccccccc
eeeeeeeeeeeeeeeeeeeeeeeeeeee
abccccccccccccccccccccc
eeeeeeeeeeeeeeeeeeeeeeeeeeeeabccccccccccccccccccccc
eeeeeeeeeeeeeeeeeeeeeeeeeeeeabccccccccccccccccccccc
eeeeeeeeeeeeeeeeeeeeeeeeeeeeabccccccccccccccccccccc
eeeeeeeeeeeeeeeeeeeeeeeeeeeeabccccccccccccccccccccc
eeeeeeeeeeeeeeeeeeeeeeeeeeeeabccccccccccccccccccccc
eeeeeeeeeeeeeeeeeeeeeeeeeeeeabccccccccccccccccccccc
eeeeeeeeeeeeeeeeeeeeeeeeeeeeabccccccccccccccccccccc
eeeeeeeeeeeeeeeeeeeeeeeeeeeeabccccccccccccccccccccc
eeeeeeeeeeeeeeeeeeeeeeeeeeeeabccccccccccccccccccccc
eeeeeeeeeeeeeeeeeeeeeeeeeeeeabccccccccccccccccccccc
eeeeeeeeeeeeeeeeeeeeeeeeeeeeabccccccccccccccccccccc
eeeeeeeeeeeeeeeeeeeeeeeeeeeeabcccccccccccccccccccccabccccccccccccccccccccc
eeeeeeeeeeeeeeeeeeeeeeeeeeee
abccccccccccccccccccccc
eeeeeeeeeeeeeeeeeeeeeeeeeeee
abccccccccccccccccccccc
eeeeeeeeeeeeeeeeeeeeeeeeeeeeabccccccccccccccccccccc
eeeeeeeeeeeeeeeeeeeeeeeeeeeeabccccccccccccccccccccc
eeeeeeeeeeeeeeeeeeeeeeeeeeeeabccccccccccccccccccccc
eeeeeeeeeeeeeeeeeeeeeeeeeeeeabccccccccccccccccccccc
eeeeeeeeeeeeeeeeeeeeeeeeeeeeabccccccccccccccccccccc
eeeeeeeeeeeeeeeeeeeeeeeeeeeeabccccccccccccccccccccc
eeeeeeeeeeeeeeeeeeeeeeeeeeeeabccccccccccccccccccccc
eeeeeeeeeeeeeeeeeeeeeeeeeeeeabccccccccccccccccccccc
eeeeeeeeeeeeeeeeeeeeeeeeeeeeabccccccccccccccccccccc
eeeeeeeeeeeeeeeeeeeeeeeeeeeeabccccccccccccccccccccc
eeeeeeeeeeeeeeeeeeeeeeeeeeeeabccccccccccccccccccccc
eeeeeeeeeeeeeeeeeeeeeeeeeeeeabcccccccccccccccccccccabccccccccccccccccccccc
eeeeeeeeeeeeeeeeeeeeeeeeeeee
abccccccccccccccccccccc
eeeeeeeeeeeeeeeeeeeeeeeeeeee
abccccccccccccccccccccc
eeeeeeeeeeeeeeeeeeeeeeeeeeeeabccccccccccccccccccccc
eeeeeeeeeeeeeeeeeeeeeeeeeeeeabccccccccccccccccccccc
eeeeeeeeeeeeeeeeeeeeeeeeeeeeabccccccccccccccccccccc
eeeeeeeeeeeeeeeeeeeeeeeeeeeeabccccccccccccccccccccc
eeeeeeeeeeeeeeeeeeeeeeeeeeeeabccccccccccccccccccccc
eeeeeeeeeeeeeeeeeeeeeeeeeeeeabccccccccccccccccccccc
eeeeeeeeeeeeeeeeeeeeeeeeeeeeabccccccccccccccccccccc
eeeeeeeeeeeeeeeeeeeeeeeeeeeeabccccccccccccccccccccc
eeeeeeeeeeeeeeeeeeeeeeeeeeeeabccccccccccccccccccccc
eeeeeeeeeeeeeeeeeeeeeeeeeeeeabccccccccccccccccccccc
eeeeeeeeeeeeeeeeeeeeeeeeeeeeabccccccccccccccccccccc
eeeeeeeeeeeeeeeeeeeeeeeeeeeeabcccccccccccccccccccccabccccccccccccccccccccc
eeeeeeeeeeeeeeeeeeeeeeeeeeee
abccccccccccccccccccccc
eeeeeeeeeeeeeeeeeeeeeeeeeeee
abccccccccccccccccccccc
eeeeeeeeeeeeeeeeeeeeeeeeeeeeabccccccccccccccccccccc
eeeeeeeeeeeeeeeeeeeeeeeeeeeeabccccccccccccccccccccc
eeeeeeeeeeeeeeeeeeeeeeeeeeeeabccccccccccccccccccccc
eeeeeeeeeeeeeeeeeeeeeeeeeeeeabccccccccccccccccccccc
eeeeeeeeeeeeeeeeeeeeeeeeeeeeabccccccccccccccccccccc
eeeeeeeeeeeeeeeeeeeeeeeeeeeeabccccccccccccccccccccc
eeeeeeeeeeeeeeeeeeeeeeeeeeeeabccccccccccccccccccccc
eeeeeeeeeeeeeeeeeeeeeeeeeeeeabccccccccccccccccccccc
eeeeeeeeeeeeeeeeeeeeeeeeeeeeabccccccccccccccccccccc
eeeeeeeeeeeeeeeeeeeeeeeeeeeeabccccccccccccccccccccc
eeeeeeeeeeeeeeeeeeeeeeeeeeeeabccccccccccccccccccccc
eeeeeeeeeeeeeeeeeeeeeeeeeeeeabcccccccccccccccccccccabccccccccccccccccccccc
eeeeeeeeeeeeeeeeeeeeeeeeeeee
abccccccccccccccccccccc
eeeeeeeeeeeeeeeeeeeeeeeeeeee
abccccccccccccccccccccc
eeeeeeeeeeeeeeeeeeeeeeeeeeeeabccccccccccccccccccccc
eeeeeeeeeeeeeeeeeeeeeeeeeeeeabccccccccccccccccccccc
eeeeeeeeeeeeeeeeeeeeeeeeeeeeabccccccccccccccccccccc
eeeeeeeeeeeeeeeeeeeeeeeeeeeeabccccccccccccccccccccc
eeeeeeeeeeeeeeeeeeeeeeeeeeeeabccccccccccccccccccccc
eeeeeeeeeeeeeeeeeeeeeeeeeeeeabccccccccccccccccccccc
eeeeeeeeeeeeeeeeeeeeeeeeeeeeabccccccccccccccccccccc
eeeeeeeeeeeeeeeeeeeeeeeeeeeeabccccccccccccccccccccc
eeeeeeeeeeeeeeeeeeeeeeeeeeeeabccccccccccccccccccccc
eeeeeeeeeeeeeeeeeeeeeeeeeeeeabccccccccccccccccccccc
eeeeeeeeeeeeeeeeeeeeeeeeeeeeabccccccccccccccccccccc
eeeeeeeeeeeeeeeeeeeeeeeeeeeeabcccccccccccccccccccccabccccccccccccccccccccc
eeeeeeeeeeeeeeeeeeeeeeeeeeee
abccccccccccccccccccccc
eeeeeeeeeeeeeeeeeeeeeeeeeeee
abccccccccccccccccccccc
eeeeeeeeeeeeeeeeeeeeeeeeeeeeabccccccccccccccccccccc
eeeeeeeeeeeeeeeeeeeeeeeeeeeeabccccccccccccccccccccc
eeeeeeeeeeeeeeeeeeeeeeeeeeeeabccccccccccccccccccccc
eeeeeeeeeeeeeeeeeeeeeeeeeeeeabccccccccccccccccccccc
eeeeeeeeeeeeeeeeeeeeeeeeeeeeabccccccccccccccccccccc
eeeeeeeeeeeeeeeeeeeeeeeeeeeeabccccccccccccccccccccc
eeeeeeeeeeeeeeeeeeeeeeeeeeeeabccccccccccccccccccccc
eeeeeeeeeeeeeeeeeeeeeeeeeeeeabccccccccccccccccccccc
eeeeeeeeeeeeeeeeeeeeeeeeeeeeabccccccccccccccccccccc
eeeeeeeeeeeeeeeeeeeeeeeeeeeeabccccccccccccccccccccc
eeeeeeeeeeeeeeeeeeeeeeeeeeeeabccccccccccccccccccccc
eeeeeeeeeeeeeeeeeeeeeeeeeeeeabcccccccccccccccccccccabccccccccccccccccccccc
eeeeeeeeeeeeeeeeeeeeeeeeeeee
abccccccccccccccccccccc
eeeeeeeeeeeeeeeeeeeeeeeeeeee
abccccccccccccccccccccc
eeeeeeeeeeeeeeeeeeeeeeeeeeeeabccccccccccccccccccccc
eeeeeeeeeeeeeeeeeeeeeeeeeeeeabccccccccccccccccccccc
eeeeeeeeeeeeeeeeeeeeeeeeeeeeabccccccccccccccccccccc
eeeeeeeeeeeeeeeeeeeeeeeeeeeeabccccccccccccccccccccc
eeeeeeeeeeeeeeeeeeeeeeeeeeeeabccccccccccccccccccccc
eeeeeeeeeeeeeeeeeeeeeeeeeeeeabccccccccccccccccccccc
eeeeeeeeeeeeeeeeeeeeeeeeeeeeabccccccccccccccccccccc
eeeeeeeeeeeeeeeeeeeeeeeeeeeeabccccccccccccccccccccc
eeeeeeeeeeeeeeeeeeeeeeeeeeeeabccccccccccccccccccccc
eeeeeeeeeeeeeeeeeeeeeeeeeeeeabccccccccccccccccccccc
eeeeeeeeeeeeeeeeeeeeeeeeeeeeabccccccccccccccccccccc
eeeeeeeeeeeeeeeeeeeeeeeeeeeeabcccccccccccccccccccccabccccccccccccccccccccc
eeeeeeeeeeeeeeeeeeeeeeeeeeee
abccccccccccccccccccccc
eeeeeeeeeeeeeeeeeeeeeeeeeeee
abccccccccccccccccccccc
eeeeeeeeeeeeeeeeeeeeeeeeeeeeabccccccccccccccccccccc
eeeeeeeeeeeeeeeeeeeeeeeeeeeeabccccccccccccccccccccc
eeeeeeeeeeeeeeeeeeeeeeeeeeeeabccccccccccccccccccccc
eeeeeeeeeeeeeeeeeeeeeeeeeeeeabccccccccccccccccccccc
eeeeeeeeeeeeeeeeeeeeeeeeeeeeabccccccccccccccccccccc
eeeeeeeeeeeeeeeeeeeeeeeeeeeeabccccccccccccccccccccc
eeeeeeeeeeeeeeeeeeeeeeeeeeeeabccccccccccccccccccccc
eeeeeeeeeeeeeeeeeeeeeeeeeeeeabccccccccccccccccccccc
eeeeeeeeeeeeeeeeeeeeeeeeeeeeabccccccccccccccccccccc
eeeeeeeeeeeeeeeeeeeeeeeeeeeeabccccccccccccccccccccc
eeeeeeeeeeeeeeeeeeeeeeeeeeeeabccccccccccccccccccccc
eeeeeeeeeeeeeeeeeeeeeeeeeeeeabcccccccccccccccccccccabccccccccccccccccccccc
eeeeeeeeeeeeeeeeeeeeeeeeeeee
abccccccccccccccccccccc
eeeeeeeeeeeeeeeeeeeeeeeeeeee
abccccccccccccccccccccc
eeeeeeeeeeeeeeeeeeeeeeeeeeeeabccccccccccccccccccccc
eeeeeeeeeeeeeeeeeeeeeeeeeeeeabccccccccccccccccccccc
eeeeeeeeeeeeeeeeeeeeeeeeeeeeabccccccccccccccccccccc
eeeeeeeeeeeeeeeeeeeeeeeeeeeeabccccccccccccccccccccc
eeeeeeeeeeeeeeeeeeeeeeeeeeeeabccccccccccccccccccccc
eeeeeeeeeeeeeeeeeeeeeeeeeeeeabccccccccccccccccccccc
eeeeeeeeeeeeeeeeeeeeeeeeeeeeabccccccccccccccccccccc
eeeeeeeeeeeeeeeeeeeeeeeeeeeeabccccccccccccccccccccc
eeeeeeeeeeeeeeeeeeeeeeeeeeeeabccccccccccccccccccccc
eeeeeeeeeeeeeeeeeeeeeeeeeeeeabccccccccccccccccccccc
eeeeeeeeeeeeeeeeeeeeeeeeeeeeabccccccccccccccccccccc
eeeeeeeeeeeeeeeeeeeeeeeeeeeeabcccccccccccccccccccccabccccccccccccccccccccc
eeeeeeeeeeeeeeeeeeeeeeeeeeee
abccccccccccccccccccccc
eeeeeeeeeeeeeeeeeeeeeeeeeeee
abccccccccccccccccccccc
eeeeeeeeeeeeeeeeeeeeeeeeeeeeabccccccccccccccccccccc
eeeeeeeeeeeeeeeeeeeeeeeeeeeeabccccccccccccccccccccc
eeeeeeeeeeeeeeeeeeeeeeeeeeeeabccccccccccccccccccccc
eeeeeeeeeeeeeeeeeeeeeeeeeeeeabccccccccccccccccccccc
eeeeeeeeeeeeeeeeeeeeeeeeeeeeabccccccccccccccccccccc
eeeeeeeeeeeeeeeeeeeeeeeeeeeeabccccccccccccccccccccc
eeeeeeeeeeeeeeeeeeeeeeeeeeeeabccccccccccccccccccccc
eeeeeeeeeeeeeeeeeeeeeeeeeeeeabccccccccccccccccccccc
eeeeeeeeeeeeeeeeeeeeeeeeeeeeabccccccccccccccccccccc
eeeeeeeeeeeeeeeeeeeeeeeeeeeeabccccccccccccccccccccc
eeeeeeeeeeeeeeeeeeeeeeeeeeeeabccccccccccccccccccccc
eeeeeeeeeeeeeeeeeeeeeeeeeeeeabcccccccccccccccccccccabccccccccccccccccccccc
eeeeeeeeeeeeeeeeeeeeeeeeeeee
abccccccccccccccccccccc
eeeeeeeeeeeeeeeeeeeeeeeeeeee
abccccccccccccccccccccc
eeeeeeeeeeeeeeeeeeeeeeeeeeeeabccccccccccccccccccccc
eeeeeeeeeeeeeeeeeeeeeeeeeeeeabccccccccccccccccccccc
eeeeeeeeeeeeeeeeeeeeeeeeeeeeabccccccccccccccccccccc
eeeeeeeeeeeeeeeeeeeeeeeeeeeeabccccccccccccccccccccc
eeeeeeeeeeeeeeeeeeeeeeeeeeeeabccccccccccccccccccccc
eeeeeeeeeeeeeeeeeeeeeeeeeeeeabccccccccccccccccccccc
eeeeeeeeeeeeeeeeeeeeeeeeeeeeabccccccccccccccccccccc
eeeeeeeeeeeeeeeeeeeeeeeeeeeeabccccccccccccccccccccc
eeeeeeeeeeeeeeeeeeeeeeeeeeeeabccccccccccccccccccccc
eeeeeeeeeeeeeeeeeeeeeeeeeeeeabccccccccccccccccccccc
eeeeeeeeeeeeeeeeeeeeeeeeeeeeabccccccccccccccccccccc
eeeeeeeeeeeeeeeeeeeeeeeeeeeeabcccccccccccccccccccccabccccccccccccccccccccc
eeeeeeeeeeeeeeeeeeeeeeeeeeee
abccccccccccccccccccccc
eeeeeeeeeeeeeeeeeeeeeeeeeeee
abccccccccccccccccccccc
eeeeeeeeeeeeeeeeeeeeeeeeeeeeabccccccccccccccccccccc
eeeeeeeeeeeeeeeeeeeeeeeeeeeeabccccccccccccccccccccc
eeeeeeeeeeeeeeeeeeeeeeeeeeeeabccccccccccccccccccccc
eeeeeeeeeeeeeeeeeeeeeeeeeeeeabccccccccccccccccccccc
eeeeeeeeeeeeeeeeeeeeeeeeeeeeabccccccccccccccccccccc
eeeeeeeeeeeeeeeeeeeeeeeeeeeeabccccccccccccccccccccc
eeeeeeeeeeeeeeeeeeeeeeeeeeeeabccccccccccccccccccccc
eeeeeeeeeeeeeeeeeeeeeeeeeeeeabccccccccccccccccccccc
eeeeeeeeeeeeeeeeeeeeeeeeeeeeabccccccccccccccccccccc
eeeeeeeeeeeeeeeeeeeeeeeeeeeeabccccccccccccccccccccc
eeeeeeeeeeeeeeeeeeeeeeeeeeeeabccccccccccccccccccccc
eeeeeeeeeeeeeeeeeeeeeeeeeeeeabcccccccccccccccccccccabccccccccccccccccccccc
eeeeeeeeeeeeeeeeeeeeeeeeeeee
abccccccccccccccccccccc
eeeeeeeeeeeeeeeeeeeeeeeeeeee
abccccccccccccccccccccc
eeeeeeeeeeeeeeeeeeeeeeeeeeeeabccccccccccccccccccccc
eeeeeeeeeeeeeeeeeeeeeeeeeeeeabccccccccccccccccccccc
eeeeeeeeeeeeeeeeeeeeeeeeeeeeabccccccccccccccccccccc
eeeeeeeeeeeeeeeeeeeeeeeeeeeeabccccccccccccccccccccc
eeeeeeeeeeeeeeeeeeeeeeeeeeeeabccccccccccccccccccccc
eeeeeeeeeeeeeeeeeeeeeeeeeeeeabccccccccccccccccccccc
eeeeeeeeeeeeeeeeeeeeeeeeeeeeabccccccccccccccccccccc
eeeeeeeeeeeeeeeeeeeeeeeeeeeeabccccccccccccccccccccc
eeeeeeeeeeeeeeeeeeeeeeeeeeeeabccccccccccccccccccccc
eeeeeeeeeeeeeeeeeeeeeeeeeeeeabccccccccccccccccccccc
eeeeeeeeeeeeeeeeeeeeeeeeeeeeabccccccccccccccccccccc
eeeeeeeeeeeeeeeeeeeeeeeeeeeeabcccccccccccccccccccccabccccccccccccccccccccc
eeeeeeeeeeeeeeeeeeeeeeeeeeee
abccccccccccccccccccccc
eeeeeeeeeeeeeeeeeeeeeeeeeeee
abccccccccccccccccccccc
eeeeeeeeeeeeeeeeeeeeeeeeeeeeabccccccccccccccccccccc
eeeeeeeeeeeeeeeeeeeeeeeeeeeeabccccccccccccccccccccc
eeeeeeeeeeeeeeeeeeeeeeeeeeeeabccccccccccccccccccccc
eeeeeeeeeeeeeeeeeeeeeeeeeeeeabccccccccccccccccccccc
eeeeeeeeeeeeeeeeeeeeeeeeeeeeabccccccccccccccccccccc
eeeeeeeeeeeeeeeeeeeeeeeeeeeeabccccccccccccccccccccc
eeeeeeeeeeeeeeeeeeeeeeeeeeeeabccccccccccccccccccccc
eeeeeeeeeeeeeeeeeeeeeeeeeeeeabccccccccccccccccccccc
eeeeeeeeeeeeeeeeeeeeeeeeeeeeabccccccccccccccccccccc
eeeeeeeeeeeeeeeeeeeeeeeeeeeeabccccccccccccccccccccc
eeeeeeeeeeeeeeeeeeeeeeeeeeeeabccccccccccccccccccccc
eeeeeeeeeeeeeeeeeeeeeeeeeeeeabcccccccccccccccccccccabccccccccccccccccccccc
eeeeeeeeeeeeeeeeeeeeeeeeeeee
abccccccccccccccccccccc
eeeeeeeeeeeeeeeeeeeeeeeeeeee
abccccccccccccccccccccc
eeeeeeeeeeeeeeeeeeeeeeeeeeeeabccccccccccccccccccccc
eeeeeeeeeeeeeeeeeeeeeeeeeeeeabccccccccccccccccccccc
eeeeeeeeeeeeeeeeeeeeeeeeeeeeabccccccccccccccccccccc
eeeeeeeeeeeeeeeeeeeeeeeeeeeeabccccccccccccccccccccc
eeeeeeeeeeeeeeeeeeeeeeeeeeeeabccccccccccccccccccccc
eeeeeeeeeeeeeeeeeeeeeeeeeeeeabccccccccccccccccccccc
eeeeeeeeeeeeeeeeeeeeeeeeeeeeabccccccccccccccccccccc
eeeeeeeeeeeeeeeeeeeeeeeeeeeeabccccccccccccccccccccc
eeeeeeeeeeeeeeeeeeeeeeeeeeeeabccccccccccccccccccccc
eeeeeeeeeeeeeeeeeeeeeeeeeeeeabccccccccccccccccccccc
eeeeeeeeeeeeeeeeeeeeeeeeeeeeabccccccccccccccccccccc
eeeeeeeeeeeeeeeeeeeeeeeeeeeeabcccccccccccccccccccccabccccccccccccccccccccc
eeeeeeeeeeeeeeeeeeeeeeeeeeee
abccccccccccccccccccccc
eeeeeeeeeeeeeeeeeeeeeeeeeeee
abccccccccccccccccccccc
eeeeeeeeeeeeeeeeeeeeeeeeeeeeabccccccccccccccccccccc
eeeeeeeeeeeeeeeeeeeeeeeeeeeeabccccccccccccccccccccc
eeeeeeeeeeeeeeeeeeeeeeeeeeeeabccccccccccccccccccccc
eeeeeeeeeeeeeeeeeeeeeeeeeeeeabccccccccccccccccccccc
eeeeeeeeeeeeeeeeeeeeeeeeeeeeabccccccccccccccccccccc
eeeeeeeeeeeeeeeeeeeeeeeeeeeeabccccccccccccccccccccc
eeeeeeeeeeeeeeeeeeeeeeeeeeeeabccccccccccccccccccccc
eeeeeeeeeeeeeeeeeeeeeeeeeeeeabccccccccccccccccccccc
eeeeeeeeeeeeeeeeeeeeeeeeeeeeabccccccccccccccccccccc
eeeeeeeeeeeeeeeeeeeeeeeeeeeeabccccccccccccccccccccc
eeeeeeeeeeeeeeeeeeeeeeeeeeeeabccccccccccccccccccccc
eeeeeeeeeeeeeeeeeeeeeeeeeeeeabcccccccccccccccccccccabccccccccccccccccccccc
eeeeeeeeeeeeeeeeeeeeeeeeeeee
abccccccccccccccccccccc
eeeeeeeeeeeeeeeeeeeeeeeeeeee
abccccccccccccccccccccc
eeeeeeeeeeeeeeeeeeeeeeeeeeeeabccccccccccccccccccccc
eeeeeeeeeeeeeeeeeeeeeeeeeeeeabccccccccccccccccccccc
eeeeeeeeeeeeeeeeeeeeeeeeeeeeabccccccccccccccccccccc
eeeeeeeeeeeeeeeeeeeeeeeeeeeeabccccccccccccccccccccc
eeeeeeeeeeeeeeeeeeeeeeeeeeeeabccccccccccccccccccccc
eeeeeeeeeeeeeeeeeeeeeeeeeeeeabccccccccccccccccccccc
eeeeeeeeeeeeeeeeeeeeeeeeeeeeabccccccccccccccccccccc
eeeeeeeeeeeeeeeeeeeeeeeeeeeeabccccccccccccccccccccc
eeeeeeeeeeeeeeeeeeeeeeeeeeeeabccccccccccccccccccccc
eeeeeeeeeeeeeeeeeeeeeeeeeeeeabccccccccccccccccccccc
eeeeeeeeeeeeeeeeeeeeeeeeeeeeabccccccccccccccccccccc
eeeeeeeeeeeeeeeeeeeeeeeeeeeeabcccccccccccccccccccccabccccccccccccccccccccc
eeeeeeeeeeeeeeeeeeeeeeeeeeee
abccccccccccccccccccccc
eeeeeeeeeeeeeeeeeeeeeeeeeeee
abccccccccccccccccccccc
eeeeeeeeeeeeeeeeeeeeeeeeeeeeabccccccccccccccccccccc
eeeeeeeeeeeeeeeeeeeeeeeeeeeeabccccccccccccccccccccc
eeeeeeeeeeeeeeeeeeeeeeeeeeeeabccccccccccccccccccccc
eeeeeeeeeeeeeeeeeeeeeeeeeeeeabccccccccccccccccccccc
eeeeeeeeeeeeeeeeeeeeeeeeeeeeabccccccccccccccccccccc
eeeeeeeeeeeeeeeeeeeeeeeeeeeeabccccccccccccccccccccc
eeeeeeeeeeeeeeeeeeeeeeeeeeeeabccccccccccccccccccccc
eeeeeeeeeeeeeeeeeeeeeeeeeeeeabccccccccccccccccccccc
eeeeeeeeeeeeeeeeeeeeeeeeeeeeabccccccccccccccccccccc
eeeeeeeeeeeeeeeeeeeeeeeeeeeeabccccccccccccccccccccc
eeeeeeeeeeeeeeeeeeeeeeeeeeeeabccccccccccccccccccccc
eeeeeeeeeeeeeeeeeeeeeeeeeeeeabcccccccccccccccccccccabccccccccccccccccccccc
eeeeeeeeeeeeeeeeeeeeeeeeeeee
abccccccccccccccccccccc
eeeeeeeeeeeeeeeeeeeeeeeeeeee
abccccccccccccccccccccc
eeeeeeeeeeeeeeeeeeeeeeeeeeeeabccccccccccccccccccccc
eeeeeeeeeeeeeeeeeeeeeeeeeeeeabccccccccccccccccccccc
eeeeeeeeeeeeeeeeeeeeeeeeeeeeabccccccccccccccccccccc
eeeeeeeeeeeeeeeeeeeeeeeeeeeeabccccccccccccccccccccc
eeeeeeeeeeeeeeeeeeeeeeeeeeeeabccccccccccccccccccccc
eeeeeeeeeeeeeeeeeeeeeeeeeeeeabccccccccccccccccccccc
eeeeeeeeeeeeeeeeeeeeeeeeeeeeabccccccccccccccccccccc
eeeeeeeeeeeeeeeeeeeeeeeeeeeeabccccccccccccccccccccc
eeeeeeeeeeeeeeeeeeeeeeeeeeeeabccccccccccccccccccccc
eeeeeeeeeeeeeeeeeeeeeeeeeeeeabccccccccccccccccccccc
eeeeeeeeeeeeeeeeeeeeeeeeeeeeabccccccccccccccccccccc
eeeeeeeeeeeeeeeeeeeeeeeeeeeeabcccccccccccccccccccccabccccccccccccccccccccc
eeeeeeeeeeeeeeeeeeeeeeeeeeee
abccccccccccccccccccccc
eeeeeeeeeeeeeeeeeeeeeeeeeeee
abccccccccccccccccccccc
eeeeeeeeeeeeeeeeeeeeeeeeeeeeabccccccccccccccccccccc
eeeeeeeeeeeeeeeeeeeeeeeeeeeeabccccccccccccccccccccc
eeeeeeeeeeeeeeeeeeeeeeeeeeeeabccccccccccccccccccccc
eeeeeeeeeeeeeeeeeeeeeeeeeeeeabccccccccccccccccccccc
eeeeeeeeeeeeeeeeeeeeeeeeeeeeabccccccccccccccccccccc
eeeeeeeeeeeeeeeeeeeeeeeeeeeeabccccccccccccccccccccc
eeeeeeeeeeeeeeeeeeeeeeeeeeeeabccccccccccccccccccccc
eeeeeeeeeeeeeeeeeeeeeeeeeeeeabccccccccccccccccccccc
eeeeeeeeeeeeeeeeeeeeeeeeeeeeabccccccccccccccccccccc
eeeeeeeeeeeeeeeeeeeeeeeeeeeeabccccccccccccccccccccc
eeeeeeeeeeeeeeeeeeeeeeeeeeeeabccccccccccccccccccccc
eeeeeeeeeeeeeeeeeeeeeeeeeeeeabcccccccccccccccccccccabccccccccccccccccccccc
eeeeeeeeeeeeeeeeeeeeeeeeeeee
abccccccccccccccccccccc
eeeeeeeeeeeeeeeeeeeeeeeeeeee
abccccccccccccccccccccc
eeeeeeeeeeeeeeeeeeeeeeeeeeeeabccccccccccccccccccccc
eeeeeeeeeeeeeeeeeeeeeeeeeeeeabccccccccccccccccccccc
eeeeeeeeeeeeeeeeeeeeeeeeeeeeabccccccccccccccccccccc
eeeeeeeeeeeeeeeeeeeeeeeeeeeeabccccccccccccccccccccc
eeeeeeeeeeeeeeeeeeeeeeeeeeeeabccccccccccccccccccccc
eeeeeeeeeeeeeeeeeeeeeeeeeeeeabccccccccccccccccccccc
eeeeeeeeeeeeeeeeeeeeeeeeeeeeabccccccccccccccccccccc
eeeeeeeeeeeeeeeeeeeeeeeeeeeeabccccccccccccccccccccc
eeeeeeeeeeeeeeeeeeeeeeeeeeeeabccccccccccccccccccccc
eeeeeeeeeeeeeeeeeeeeeeeeeeeeabccccccccccccccccccccc
eeeeeeeeeeeeeeeeeeeeeeeeeeeeabccccccccccccccccccccc
eeeeeeeeeeeeeeeeeeeeeeeeeeeeabcccccccccccccccccccccabccccccccccccccccccccc
eeeeeeeeeeeeeeeeeeeeeeeeeeee
abccccccccccccccccccccc
eeeeeeeeeeeeeeeeeeeeeeeeeeee
abccccccccccccccccccccc
eeeeeeeeeeeeeeeeeeeeeeeeeeeeabccccccccccccccccccccc
eeeeeeeeeeeeeeeeeeeeeeeeeeeeabccccccccccccccccccccc
eeeeeeeeeeeeeeeeeeeeeeeeeeeeabccccccccccccccccccccc
eeeeeeeeeeeeeeeeeeeeeeeeeeeeabccccccccccccccccccccc
eeeeeeeeeeeeeeeeeeeeeeeeeeeeabccccccccccccccccccccc
eeeeeeeeeeeeeeeeeeeeeeeeeeeeabccccccccccccccccccccc
eeeeeeeeeeeeeeeeeeeeeeeeeeeeabccccccccccccccccccccc
eeeeeeeeeeeeeeeeeeeeeeeeeeeeabccccccccccccccccccccc
eeeeeeeeeeeeeeeeeeeeeeeeeeeeabccccccccccccccccccccc
eeeeeeeeeeeeeeeeeeeeeeeeeeeeabccccccccccccccccccccc
eeeeeeeeeeeeeeeeeeeeeeeeeeeeabccccccccccccccccccccc
eeeeeeeeeeeeeeeeeeeeeeeeeeeeabcccccccccccccccccccccabccccccccccccccccccccc
eeeeeeeeeeeeeeeeeeeeeeeeeeee
abccccccccccccccccccccc
eeeeeeeeeeeeeeeeeeeeeeeeeeee
abccccccccccccccccccccc
eeeeeeeeeeeeeeeeeeeeeeeeeeeeabccccccccccccccccccccc
eeeeeeeeeeeeeeeeeeeeeeeeeeeeabccccccccccccccccccccc
eeeeeeeeeeeeeeeeeeeeeeeeeeeeabccccccccccccccccccccc
eeeeeeeeeeeeeeeeeeeeeeeeeeeeabccccccccccccccccccccc
eeeeeeeeeeeeeeeeeeeeeeeeeeeeabccccccccccccccccccccc
eeeeeeeeeeeeeeeeeeeeeeeeeeeeabccccccccccccccccccccc
eeeeeeeeeeeeeeeeeeeeeeeeeeeeabccccccccccccccccccccc
eeeeeeeeeeeeeeeeeeeeeeeeeeeeabccccccccccccccccccccc
eeeeeeeeeeeeeeeeeeeeeeeeeeeeabccccccccccccccccccccc
eeeeeeeeeeeeeeeeeeeeeeeeeeeeabccccccccccccccccccccc
eeeeeeeeeeeeeeeeeeeeeeeeeeeeabccccccccccccccccccccc
eeeeeeeeeeeeeeeeeeeeeeeeeeeeabcccccccccccccccccccccabccccccccccccccccccccc
eeeeeeeeeeeeeeeeeeeeeeeeeeee
abccccccccccccccccccccc
eeeeeeeeeeeeeeeeeeeeeeeeeeee
abccccccccccccccccccccc
eeeeeeeeeeeeeeeeeeeeeeeeeeeeabccccccccccccccccccccc
eeeeeeeeeeeeeeeeeeeeeeeeeeeeabccccccccccccccccccccc
eeeeeeeeeeeeeeeeeeeeeeeeeeeeabccccccccccccccccccccc
eeeeeeeeeeeeeeeeeeeeeeeeeeeeabccccccccccccccccccccc
eeeeeeeeeeeeeeeeeeeeeeeeeeeeabccccccccccccccccccccc
eeeeeeeeeeeeeeeeeeeeeeeeeeeeabccccccccccccccccccccc
eeeeeeeeeeeeeeeeeeeeeeeeeeeeabccccccccccccccccccccc
eeeeeeeeeeeeeeeeeeeeeeeeeeeeabccccccccccccccccccccc
eeeeeeeeeeeeeeeeeeeeeeeeeeeeabccccccccccccccccccccc
eeeeeeeeeeeeeeeeeeeeeeeeeeeeabccccccccccccccccccccc
eeeeeeeeeeeeeeeeeeeeeeeeeeeeabccccccccccccccccccccc
eeeeeeeeeeeeeeeeeeeeeeeeeeeeabcccccccccccccccccccccabccccccccccccccccccccc
eeeeeeeeeeeeeeeeeeeeeeeeeeee
abccccccccccccccccccccc
eeeeeeeeeeeeeeeeeeeeeeeeeeee
abccccccccccccccccccccc
eeeeeeeeeeeeeeeeeeeeeeeeeeeeabccccccccccccccccccccc
eeeeeeeeeeeeeeeeeeeeeeeeeeeeabccccccccccccccccccccc
eeeeeeeeeeeeeeeeeeeeeeeeeeeeabccccccccccccccccccccc
eeeeeeeeeeeeeeeeeeeeeeeeeeeeabccccccccccccccccccccc
eeeeeeeeeeeeeeeeeeeeeeeeeeeeabccccccccccccccccccccc
eeeeeeeeeeeeeeeeeeeeeeeeeeeeabccccccccccccccccccccc
eeeeeeeeeeeeeeeeeeeeeeeeeeeeabccccccccccccccccccccc
eeeeeeeeeeeeeeeeeeeeeeeeeeeeabccccccccccccccccccccc
eeeeeeeeeeeeeeeeeeeeeeeeeeeeabccccccccccccccccccccc
eeeeeeeeeeeeeeeeeeeeeeeeeeeeabccccccccccccccccccccc
eeeeeeeeeeeeeeeeeeeeeeeeeeeeabccccccccccccccccccccc
eeeeeeeeeeeeeeeeeeeeeeeeeeeeabcccccccccccccccccccccabccccccccccccccccccccc
eeeeeeeeeeeeeeeeeeeeeeeeeeee
abccccccccccccccccccccc
eeeeeeeeeeeeeeeeeeeeeeeeeeee
abccccccccccccccccccccc
eeeeeeeeeeeeeeeeeeeeeeeeeeeeabccccccccccccccccccccc
eeeeeeeeeeeeeeeeeeeeeeeeeeeeabccccccccccccccccccccc
eeeeeeeeeeeeeeeeeeeeeeeeeeeeabccccccccccccccccccccc
eeeeeeeeeeeeeeeeeeeeeeeeeeeeabccccccccccccccccccccc
eeeeeeeeeeeeeeeeeeeeeeeeeeeeabccccccccccccccccccccc
eeeeeeeeeeeeeeeeeeeeeeeeeeeeabccccccccccccccccccccc
eeeeeeeeeeeeeeeeeeeeeeeeeeeeabccccccccccccccccccccc
eeeeeeeeeeeeeeeeeeeeeeeeeeeeabccccccccccccccccccccc
eeeeeeeeeeeeeeeeeeeeeeeeeeeeabccccccccccccccccccccc
eeeeeeeeeeeeeeeeeeeeeeeeeeeeabccccccccccccccccccccc
eeeeeeeeeeeeeeeeeeeeeeeeeeeeabccccccccccccccccccccc
eeeeeeeeeeeeeeeeeeeeeeeeeeeeabcccccccccccccccccccccabccccccccccccccccccccc
eeeeeeeeeeeeeeeeeeeeeeeeeeee
abccccccccccccccccccccc
eeeeeeeeeeeeeeeeeeeeeeeeeeee
abccccccccccccccccccccc
eeeeeeeeeeeeeeeeeeeeeeeeeeeeabccccccccccccccccccccc
eeeeeeeeeeeeeeeeeeeeeeeeeeeeabccccccccccccccccccccc
eeeeeeeeeeeeeeeeeeeeeeeeeeeeabccccccccccccccccccccc
eeeeeeeeeeeeeeeeeeeeeeeeeeeeabccccccccccccccccccccc
eeeeeeeeeeeeeeeeeeeeeeeeeeeeabccccccccccccccccccccc
eeeeeeeeeeeeeeeeeeeeeeeeeeeeabccccccccccccccccccccc
eeeeeeeeeeeeeeeeeeeeeeeeeeeeabccccccccccccccccccccc
eeeeeeeeeeeeeeeeeeeeeeeeeeeeabccccccccccccccccccccc
eeeeeeeeeeeeeeeeeeeeeeeeeeeeabccccccccccccccccccccc
eeeeeeeeeeeeeeeeeeeeeeeeeeeeabccccccccccccccccccccc
eeeeeeeeeeeeeeeeeeeeeeeeeeeeabccccccccccccccccccccc
eeeeeeeeeeeeeeeeeeeeeeeeeeeeabcccccccccccccccccccccabccccccccccccccccccccc
eeeeeeeeeeeeeeeeeeeeeeeeeeee
abccccccccccccccccccccc
eeeeeeeeeeeeeeeeeeeeeeeeeeee
abccccccccccccccccccccc
eeeeeeeeeeeeeeeeeeeeeeeeeeeeabccccccccccccccccccccc
eeeeeeeeeeeeeeeeeeeeeeeeeeeeabccccccccccccccccccccc
eeeeeeeeeeeeeeeeeeeeeeeeeeeeabccccccccccccccccccccc
eeeeeeeeeeeeeeeeeeeeeeeeeeeeabccccccccccccccccccccc
eeeeeeeeeeeeeeeeeeeeeeeeeeeeabccccccccccccccccccccc
eeeeeeeeeeeeeeeeeeeeeeeeeeeeabccccccccccccccccccccc
eeeeeeeeeeeeeeeeeeeeeeeeeeeeabccccccccccccccccccccc
eeeeeeeeeeeeeeeeeeeeeeeeeeeeabccccccccccccccccccccc
eeeeeeeeeeeeeeeeeeeeeeeeeeeeabccccccccccccccccccccc
eeeeeeeeeeeeeeeeeeeeeeeeeeeeabccccccccccccccccccccc
eeeeeeeeeeeeeeeeeeeeeeeeeeeeabccccccccccccccccccccc
eeeeeeeeeeeeeeeeeeeeeeeeeeeeabcccccccccccccccccccccabccccccccccccccccccccc
eeeeeeeeeeeeeeeeeeeeeeeeeeee
abccccccccccccccccccccc
eeeeeeeeeeeeeeeeeeeeeeeeeeee
abccccccccccccccccccccc
eeeeeeeeeeeeeeeeeeeeeeeeeeeeabccccccccccccccccccccc
eeeeeeeeeeeeeeeeeeeeeeeeeeeeabccccccccccccccccccccc
eeeeeeeeeeeeeeeeeeeeeeeeeeeeabccccccccccccccccccccc
eeeeeeeeeeeeeeeeeeeeeeeeeeeeabccccccccccccccccccccc
eeeeeeeeeeeeeeeeeeeeeeeeeeeeabccccccccccccccccccccc
eeeeeeeeeeeeeeeeeeeeeeeeeeeeabccccccccccccccccccccc
eeeeeeeeeeeeeeeeeeeeeeeeeeeeabccccccccccccccccccccc
eeeeeeeeeeeeeeeeeeeeeeeeeeeeabccccccccccccccccccccc
eeeeeeeeeeeeeeeeeeeeeeeeeeeeabccccccccccccccccccccc
eeeeeeeeeeeeeeeeeeeeeeeeeeeeabccccccccccccccccccccc
eeeeeeeeeeeeeeeeeeeeeeeeeeeeabccccccccccccccccccccc
eeeeeeeeeeeeeeeeeeeeeeeeeeeeabcccccccccccccccccccccabccccccccccccccccccccc
eeeeeeeeeeeeeeeeeeeeeeeeeeee
abccccccccccccccccccccc
eeeeeeeeeeeeeeeeeeeeeeeeeeee
abccccccccccccccccccccc
eeeeeeeeeeeeeeeeeeeeeeeeeeeeabccccccccccccccccccccc
eeeeeeeeeeeeeeeeeeeeeeeeeeeeabccccccccccccccccccccc
eeeeeeeeeeeeeeeeeeeeeeeeeeeeabccccccccccccccccccccc
eeeeeeeeeeeeeeeeeeeeeeeeeeeeabccccccccccccccccccccc
eeeeeeeeeeeeeeeeeeeeeeeeeeeeabccccccccccccccccccccc
eeeeeeeeeeeeeeeeeeeeeeeeeeeeabccccccccccccccccccccc
eeeeeeeeeeeeeeeeeeeeeeeeeeeeabccccccccccccccccccccc
eeeeeeeeeeeeeeeeeeeeeeeeeeeeabccccccccccccccccccccc
eeeeeeeeeeeeeeeeeeeeeeeeeeeeabccccccccccccccccccccc
eeeeeeeeeeeeeeeeeeeeeeeeeeeeabccccccccccccccccccccc
eeeeeeeeeeeeeeeeeeeeeeeeeeeeabccccccccccccccccccccc
eeeeeeeeeeeeeeeeeeeeeeeeeeeeabcccccccccccccccccccccabccccccccccccccccccccc
eeeeeeeeeeeeeeeeeeeeeeeeeeee
abccccccccccccccccccccc
eeeeeeeeeeeeeeeeeeeeeeeeeeee
abccccccccccccccccccccc
eeeeeeeeeeeeeeeeeeeeeeeeeeeeabccccccccccccccccccccc
eeeeeeeeeeeeeeeeeeeeeeeeeeeeabccccccccccccccccccccc
eeeeeeeeeeeeeeeeeeeeeeeeeeeeabccccccccccccccccccccc
eeeeeeeeeeeeeeeeeeeeeeeeeeeeabccccccccccccccccccccc
eeeeeeeeeeeeeeeeeeeeeeeeeeeeabccccccccccccccccccccc
eeeeeeeeeeeeeeeeeeeeeeeeeeeeabccccccccccccccccccccc
eeeeeeeeeeeeeeeeeeeeeeeeeeeeabccccccccccccccccccccc
eeeeeeeeeeeeeeeeeeeeeeeeeeeeabccccccccccccccccccccc
eeeeeeeeeeeeeeeeeeeeeeeeeeeeabccccccccccccccccccccc
eeeeeeeeeeeeeeeeeeeeeeeeeeeeabccccccccccccccccccccc
eeeeeeeeeeeeeeeeeeeeeeeeeeeeabccccccccccccccccccccc
eeeeeeeeeeeeeeeeeeeeeeeeeeeeabcccccccccccccccccccccabccccccccccccccccccccc
eeeeeeeeeeeeeeeeeeeeeeeeeeee
abccccccccccccccccccccc
eeeeeeeeeeeeeeeeeeeeeeeeeeee
abccccccccccccccccccccc
eeeeeeeeeeeeeeeeeeeeeeeeeeeeabccccccccccccccccccccc
eeeeeeeeeeeeeeeeeeeeeeeeeeeeabccccccccccccccccccccc
eeeeeeeeeeeeeeeeeeeeeeeeeeeeabccccccccccccccccccccc
eeeeeeeeeeeeeeeeeeeeeeeeeeeeabccccccccccccccccccccc
eeeeeeeeeeeeeeeeeeeeeeeeeeeeabccccccccccccccccccccc
eeeeeeeeeeeeeeeeeeeeeeeeeeeeabccccccccccccccccccccc
eeeeeeeeeeeeeeeeeeeeeeeeeeeeabccccccccccccccccccccc
eeeeeeeeeeeeeeeeeeeeeeeeeeeeabccccccccccccccccccccc
eeeeeeeeeeeeeeeeeeeeeeeeeeeeabccccccccccccccccccccc
eeeeeeeeeeeeeeeeeeeeeeeeeeeeabccccccccccccccccccccc
eeeeeeeeeeeeeeeeeeeeeeeeeeeeabccccccccccccccccccccc
eeeeeeeeeeeeeeeeeeeeeeeeeeeeabcccccccccccccccccccccabccccccccccccccccccccc
eeeeeeeeeeeeeeeeeeeeeeeeeeee
abccccccccccccccccccccc
eeeeeeeeeeeeeeeeeeeeeeeeeeee
abccccccccccccccccccccc
eeeeeeeeeeeeeeeeeeeeeeeeeeeeabccccccccccccccccccccc
eeeeeeeeeeeeeeeeeeeeeeeeeeeeabccccccccccccccccccccc
eeeeeeeeeeeeeeeeeeeeeeeeeeeeabccccccccccccccccccccc
eeeeeeeeeeeeeeeeeeeeeeeeeeeeabccccccccccccccccccccc
eeeeeeeeeeeeeeeeeeeeeeeeeeeeabccccccccccccccccccccc
eeeeeeeeeeeeeeeeeeeeeeeeeeeeabccccccccccccccccccccc
eeeeeeeeeeeeeeeeeeeeeeeeeeeeabccccccccccccccccccccc
eeeeeeeeeeeeeeeeeeeeeeeeeeeeabccccccccccccccccccccc
eeeeeeeeeeeeeeeeeeeeeeeeeeeeabccccccccccccccccccccc
eeeeeeeeeeeeeeeeeeeeeeeeeeeeabccccccccccccccccccccc
eeeeeeeeeeeeeeeeeeeeeeeeeeeeabccccccccccccccccccccc
eeeeeeeeeeeeeeeeeeeeeeeeeeeeabcccccccccccccccccccccabccccccccccccccccccccc
eeeeeeeeeeeeeeeeeeeeeeeeeeee
abccccccccccccccccccccc
eeeeeeeeeeeeeeeeeeeeeeeeeeee
abccccccccccccccccccccc
eeeeeeeeeeeeeeeeeeeeeeeeeeeeabccccccccccccccccccccc
eeeeeeeeeeeeeeeeeeeeeeeeeeeeabccccccccccccccccccccc
eeeeeeeeeeeeeeeeeeeeeeeeeeeeabccccccccccccccccccccc
eeeeeeeeeeeeeeeeeeeeeeeeeeeeabccccccccccccccccccccc
eeeeeeeeeeeeeeeeeeeeeeeeeeeeabccccccccccccccccccccc
eeeeeeeeeeeeeeeeeeeeeeeeeeeeabccccccccccccccccccccc
eeeeeeeeeeeeeeeeeeeeeeeeeeeeabccccccccccccccccccccc
eeeeeeeeeeeeeeeeeeeeeeeeeeeeabccccccccccccccccccccc
eeeeeeeeeeeeeeeeeeeeeeeeeeeeabccccccccccccccccccccc
eeeeeeeeeeeeeeeeeeeeeeeeeeeeabccccccccccccccccccccc
eeeeeeeeeeeeeeeeeeeeeeeeeeeeabccccccccccccccccccccc
eeeeeeeeeeeeeeeeeeeeeeeeeeeeabcccccccccccccccccccccabccccccccccccccccccccc
eeeeeeeeeeeeeeeeeeeeeeeeeeee
abccccccccccccccccccccc
eeeeeeeeeeeeeeeeeeeeeeeeeeee
abccccccccccccccccccccc
eeeeeeeeeeeeeeeeeeeeeeeeeeeeabccccccccccccccccccccc
eeeeeeeeeeeeeeeeeeeeeeeeeeeeabccccccccccccccccccccc
eeeeeeeeeeeeeeeeeeeeeeeeeeeeabccccccccccccccccccccc
eeeeeeeeeeeeeeeeeeeeeeeeeeeeabccccccccccccccccccccc
eeeeeeeeeeeeeeeeeeeeeeeeeeeeabccccccccccccccccccccc
eeeeeeeeeeeeeeeeeeeeeeeeeeeeabccccccccccccccccccccc
eeeeeeeeeeeeeeeeeeeeeeeeeeeeabccccccccccccccccccccc
eeeeeeeeeeeeeeeeeeeeeeeeeeeeabccccccccccccccccccccc
eeeeeeeeeeeeeeeeeeeeeeeeeeeeabccccccccccccccccccccc
eeeeeeeeeeeeeeeeeeeeeeeeeeeeabccccccccccccccccccccc
eeeeeeeeeeeeeeeeeeeeeeeeeeeeabccccccccccccccccccccc
eeeeeeeeeeeeeeeeeeeeeeeeeeeeabcccccccccccccccccccccabccccccccccccccccccccc
eeeeeeeeeeeeeeeeeeeeeeeeeeee
abccccccccccccccccccccc
eeeeeeeeeeeeeeeeeeeeeeeeeeee
abccccccccccccccccccccc
eeeeeeeeeeeeeeeeeeeeeeeeeeeeabccccccccccccccccccccc
eeeeeeeeeeeeeeeeeeeeeeeeeeeeabccccccccccccccccccccc
eeeeeeeeeeeeeeeeeeeeeeeeeeeeabccccccccccccccccccccc
eeeeeeeeeeeeeeeeeeeeeeeeeeeeabccccccccccccccccccccc
eeeeeeeeeeeeeeeeeeeeeeeeeeeeabccccccccccccccccccccc
eeeeeeeeeeeeeeeeeeeeeeeeeeeeabccccccccccccccccccccc
eeeeeeeeeeeeeeeeeeeeeeeeeeeeabccccccccccccccccccccc
eeeeeeeeeeeeeeeeeeeeeeeeeeeeabccccccccccccccccccccc
eeeeeeeeeeeeeeeeeeeeeeeeeeeeabccccccccccccccccccccc
eeeeeeeeeeeeeeeeeeeeeeeeeeeeabccccccccccccccccccccc
eeeeeeeeeeeeeeeeeeeeeeeeeeeeabccccccccccccccccccccc
eeeeeeeeeeeeeeeeeeeeeeeeeeeeabcccccccccccccccccccccabccccccccccccccccccccc
eeeeeeeeeeeeeeeeeeeeeeeeeeee
abccccccccccccccccccccc
eeeeeeeeeeeeeeeeeeeeeeeeeeee
abccccccccccccccccccccc
eeeeeeeeeeeeeeeeeeeeeeeeeeeeabccccccccccccccccccccc
eeeeeeeeeeeeeeeeeeeeeeeeeeeeabccccccccccccccccccccc
eeeeeeeeeeeeeeeeeeeeeeeeeeeeabccccccccccccccccccccc
eeeeeeeeeeeeeeeeeeeeeeeeeeeeabccccccccccccccccccccc
eeeeeeeeeeeeeeeeeeeeeeeeeeeeabccccccccccccccccccccc
eeeeeeeeeeeeeeeeeeeeeeeeeeeeabccccccccccccccccccccc
eeeeeeeeeeeeeeeeeeeeeeeeeeeeabccccccccccccccccccccc
eeeeeeeeeeeeeeeeeeeeeeeeeeeeabccccccccccccccccccccc
eeeeeeeeeeeeeeeeeeeeeeeeeeeeabccccccccccccccccccccc
eeeeeeeeeeeeeeeeeeeeeeeeeeeeabccccccccccccccccccccc
eeeeeeeeeeeeeeeeeeeeeeeeeeeeabccccccccccccccccccccc
eeeeeeeeeeeeeeeeeeeeeeeeeeeeabcccccccccccccccccccccabccccccccccccccccccccc
eeeeeeeeeeeeeeeeeeeeeeeeeeee
abccccccccccccccccccccc
eeeeeeeeeeeeeeeeeeeeeeeeeeee
abccccccccccccccccccccc
eeeeeeeeeeeeeeeeeeeeeeeeeeeeabccccccccccccccccccccc
eeeeeeeeeeeeeeeeeeeeeeeeeeeeabccccccccccccccccccccc
eeeeeeeeeeeeeeeeeeeeeeeeeeeeabccccccccccccccccccccc
eeeeeeeeeeeeeeeeeeeeeeeeeeeeabccccccccccccccccccccc
eeeeeeeeeeeeeeeeeeeeeeeeeeeeabccccccccccccccccccccc
eeeeeeeeeeeeeeeeeeeeeeeeeeeeabccccccccccccccccccccc
eeeeeeeeeeeeeeeeeeeeeeeeeeeeabccccccccccccccccccccc
eeeeeeeeeeeeeeeeeeeeeeeeeeeeabccccccccccccccccccccc
eeeeeeeeeeeeeeeeeeeeeeeeeeeeabccccccccccccccccccccc
eeeeeeeeeeeeeeeeeeeeeeeeeeeeabccccccccccccccccccccc
eeeeeeeeeeeeeeeeeeeeeeeeeeeeabccccccccccccccccccccc
eeeeeeeeeeeeeeeeeeeeeeeeeeeeabcccccccccccccccccccccabccccccccccccccccccccc
eeeeeeeeeeeeeeeeeeeeeeeeeeee
abccccccccccccccccccccc
eeeeeeeeeeeeeeeeeeeeeeeeeeee
abccccccccccccccccccccc
eeeeeeeeeeeeeeeeeeeeeeeeeeeeabccccccccccccccccccccc
eeeeeeeeeeeeeeeeeeeeeeeeeeeeabccccccccccccccccccccc
eeeeeeeeeeeeeeeeeeeeeeeeeeeeabccccccccccccccccccccc
eeeeeeeeeeeeeeeeeeeeeeeeeeeeabccccccccccccccccccccc
eeeeeeeeeeeeeeeeeeeeeeeeeeeeabccccccccccccccccccccc
eeeeeeeeeeeeeeeeeeeeeeeeeeeeabccccccccccccccccccccc
eeeeeeeeeeeeeeeeeeeeeeeeeeeeabccccccccccccccccccccc
eeeeeeeeeeeeeeeeeeeeeeeeeeeeabccccccccccccccccccccc
eeeeeeeeeeeeeeeeeeeeeeeeeeeeabccccccccccccccccccccc
eeeeeeeeeeeeeeeeeeeeeeeeeeeeabccccccccccccccccccccc
eeeeeeeeeeeeeeeeeeeeeeeeeeeeabccccccccccccccccccccc
eeeeeeeeeeeeeeeeeeeeeeeeeeeeabcccccccccccccccccccccabccccccccccccccccccccc
eeeeeeeeeeeeeeeeeeeeeeeeeeee
abccccccccccccccccccccc
eeeeeeeeeeeeeeeeeeeeeeeeeeee
abccccccccccccccccccccc
eeeeeeeeeeeeeeeeeeeeeeeeeeeeabccccccccccccccccccccc
eeeeeeeeeeeeeeeeeeeeeeeeeeeeabccccccccccccccccccccc
eeeeeeeeeeeeeeeeeeeeeeeeeeeeabccccccccccccccccccccc
eeeeeeeeeeeeeeeeeeeeeeeeeeeeabccccccccccccccccccccc
eeeeeeeeeeeeeeeeeeeeeeeeeeeeabccccccccccccccccccccc
eeeeeeeeeeeeeeeeeeeeeeeeeeeeabccccccccccccccccccccc
eeeeeeeeeeeeeeeeeeeeeeeeeeeeabccccccccccccccccccccc
eeeeeeeeeeeeeeeeeeeeeeeeeeeeabccccccccccccccccccccc
eeeeeeeeeeeeeeeeeeeeeeeeeeeeabccccccccccccccccccccc
eeeeeeeeeeeeeeeeeeeeeeeeeeeeabccccccccccccccccccccc
eeeeeeeeeeeeeeeeeeeeeeeeeeeeabccccccccccccccccccccc
eeeeeeeeeeeeeeeeeeeeeeeeeeeeabcccccccccccccccccccccabccccccccccccccccccccc
eeeeeeeeeeeeeeeeeeeeeeeeeeee
abccccccccccccccccccccc
eeeeeeeeeeeeeeeeeeeeeeeeeeee
abccccccccccccccccccccc
eeeeeeeeeeeeeeeeeeeeeeeeeeeeabccccccccccccccccccccc
eeeeeeeeeeeeeeeeeeeeeeeeeeeeabccccccccccccccccccccc
eeeeeeeeeeeeeeeeeeeeeeeeeeeeabccccccccccccccccccccc
eeeeeeeeeeeeeeeeeeeeeeeeeeeeabccccccccccccccccccccc
eeeeeeeeeeeeeeeeeeeeeeeeeeeeabccccccccccccccccccccc
eeeeeeeeeeeeeeeeeeeeeeeeeeeeabccccccccccccccccccccc
eeeeeeeeeeeeeeeeeeeeeeeeeeeeabccccccccccccccccccccc
eeeeeeeeeeeeeeeeeeeeeeeeeeeeabccccccccccccccccccccc
eeeeeeeeeeeeeeeeeeeeeeeeeeeeabccccccccccccccccccccc
eeeeeeeeeeeeeeeeeeeeeeeeeeeeabccccccccccccccccccccc
eeeeeeeeeeeeeeeeeeeeeeeeeeeeabccccccccccccccccccccc
eeeeeeeeeeeeeeeeeeeeeeeeeeeeabcccccccccccccccccccccabccccccccccccccccccccc
eeeeeeeeeeeeeeeeeeeeeeeeeeee
abccccccccccccccccccccc
eeeeeeeeeeeeeeeeeeeeeeeeeeee
abccccccccccccccccccccc
eeeeeeeeeeeeeeeeeeeeeeeeeeeeabccccccccccccccccccccc
eeeeeeeeeeeeeeeeeeeeeeeeeeeeabccccccccccccccccccccc
eeeeeeeeeeeeeeeeeeeeeeeeeeeeabccccccccccccccccccccc
eeeeeeeeeeeeeeeeeeeeeeeeeeeeabccccccccccccccccccccc
eeeeeeeeeeeeeeeeeeeeeeeeeeeeabccccccccccccccccccccc
eeeeeeeeeeeeeeeeeeeeeeeeeeeeabccccccccccccccccccccc
eeeeeeeeeeeeeeeeeeeeeeeeeeeeabccccccccccccccccccccc
eeeeeeeeeeeeeeeeeeeeeeeeeeeeabccccccccccccccccccccc
eeeeeeeeeeeeeeeeeeeeeeeeeeeeabccccccccccccccccccccc
eeeeeeeeeeeeeeeeeeeeeeeeeeeeabccccccccccccccccccccc
eeeeeeeeeeeeeeeeeeeeeeeeeeeeabccccccccccccccccccccc
eeeeeeeeeeeeeeeeeeeeeeeeeeeeabcccccccccccccccccccccabccccccccccccccccccccc
eeeeeeeeeeeeeeeeeeeeeeeeeeee
abccccccccccccccccccccc
eeeeeeeeeeeeeeeeeeeeeeeeeeee
abccccccccccccccccccccc
eeeeeeeeeeeeeeeeeeeeeeeeeeeeabccccccccccccccccccccc
eeeeeeeeeeeeeeeeeeeeeeeeeeeeabccccccccccccccccccccc
eeeeeeeeeeeeeeeeeeeeeeeeeeeeabccccccccccccccccccccc
eeeeeeeeeeeeeeeeeeeeeeeeeeeeabccccccccccccccccccccc
eeeeeeeeeeeeeeeeeeeeeeeeeeeeabccccccccccccccccccccc
eeeeeeeeeeeeeeeeeeeeeeeeeeeeabccccccccccccccccccccc
eeeeeeeeeeeeeeeeeeeeeeeeeeeeabccccccccccccccccccccc
eeeeeeeeeeeeeeeeeeeeeeeeeeeeabccccccccccccccccccccc
eeeeeeeeeeeeeeeeeeeeeeeeeeeeabccccccccccccccccccccc
eeeeeeeeeeeeeeeeeeeeeeeeeeeeabccccccccccccccccccccc
eeeeeeeeeeeeeeeeeeeeeeeeeeeeabccccccccccccccccccccc
eeeeeeeeeeeeeeeeeeeeeeeeeeeeabcccccccccccccccccccccabccccccccccccccccccccc
eeeeeeeeeeeeeeeeeeeeeeeeeeee
abccccccccccccccccccccc
eeeeeeeeeeeeeeeeeeeeeeeeeeee
abccccccccccccccccccccc
eeeeeeeeeeeeeeeeeeeeeeeeeeeeabccccccccccccccccccccc
eeeeeeeeeeeeeeeeeeeeeeeeeeeeabccccccccccccccccccccc
eeeeeeeeeeeeeeeeeeeeeeeeeeeeabccccccccccccccccccccc
eeeeeeeeeeeeeeeeeeeeeeeeeeeeabccccccccccccccccccccc
eeeeeeeeeeeeeeeeeeeeeeeeeeeeabccccccccccccccccccccc
eeeeeeeeeeeeeeeeeeeeeeeeeeeeabccccccccccccccccccccc
eeeeeeeeeeeeeeeeeeeeeeeeeeeeabccccccccccccccccccccc
eeeeeeeeeeeeeeeeeeeeeeeeeeeeabccccccccccccccccccccc
eeeeeeeeeeeeeeeeeeeeeeeeeeeeabccccccccccccccccccccc
eeeeeeeeeeeeeeeeeeeeeeeeeeeeabccccccccccccccccccccc
eeeeeeeeeeeeeeeeeeeeeeeeeeeeabccccccccccccccccccccc
eeeeeeeeeeeeeeeeeeeeeeeeeeeeabcccccccccccccccccccccabccccccccccccccccccccc
eeeeeeeeeeeeeeeeeeeeeeeeeeee
abccccccccccccccccccccc
eeeeeeeeeeeeeeeeeeeeeeeeeeee
abccccccccccccccccccccc
eeeeeeeeeeeeeeeeeeeeeeeeeeeeabccccccccccccccccccccc
eeeeeeeeeeeeeeeeeeeeeeeeeeeeabccccccccccccccccccccc
eeeeeeeeeeeeeeeeeeeeeeeeeeeeabccccccccccccccccccccc
eeeeeeeeeeeeeeeeeeeeeeeeeeeeabccccccccccccccccccccc
eeeeeeeeeeeeeeeeeeeeeeeeeeeeabccccccccccccccccccccc
eeeeeeeeeeeeeeeeeeeeeeeeeeeeabccccccccccccccccccccc
eeeeeeeeeeeeeeeeeeeeeeeeeeeeabccccccccccccccccccccc
eeeeeeeeeeeeeeeeeeeeeeeeeeeeabccccccccccccccccccccc
eeeeeeeeeeeeeeeeeeeeeeeeeeeeabccccccccccccccccccccc
eeeeeeeeeeeeeeeeeeeeeeeeeeeeabccccccccccccccccccccc
eeeeeeeeeeeeeeeeeeeeeeeeeeeeabccccccccccccccccccccc
eeeeeeeeeeeeeeeeeeeeeeeeeeeeabcccccccccccccccccccccabccccccccccccccccccccc
eeeeeeeeeeeeeeeeeeeeeeeeeeee
abccccccccccccccccccccc
eeeeeeeeeeeeeeeeeeeeeeeeeeee
abccccccccccccccccccccc
eeeeeeeeeeeeeeeeeeeeeeeeeeeeabccccccccccccccccccccc
eeeeeeeeeeeeeeeeeeeeeeeeeeeeabccccccccccccccccccccc
eeeeeeeeeeeeeeeeeeeeeeeeeeeeabccccccccccccccccccccc
eeeeeeeeeeeeeeeeeeeeeeeeeeeeabccccccccccccccccccccc
eeeeeeeeeeeeeeeeeeeeeeeeeeeeabccccccccccccccccccccc
eeeeeeeeeeeeeeeeeeeeeeeeeeeeabccccccccccccccccccccc
eeeeeeeeeeeeeeeeeeeeeeeeeeeeabccccccccccccccccccccc
eeeeeeeeeeeeeeeeeeeeeeeeeeeeabccccccccccccccccccccc
eeeeeeeeeeeeeeeeeeeeeeeeeeeeabccccccccccccccccccccc
eeeeeeeeeeeeeeeeeeeeeeeeeeeeabccccccccccccccccccccc
eeeeeeeeeeeeeeeeeeeeeeeeeeeeabccccccccccccccccccccc
eeeeeeeeeeeeeeeeeeeeeeeeeeeeabcccccccccccccccccccccabccccccccccccccccccccc
eeeeeeeeeeeeeeeeeeeeeeeeeeee
abccccccccccccccccccccc
eeeeeeeeeeeeeeeeeeeeeeeeeeee
abccccccccccccccccccccc
eeeeeeeeeeeeeeeeeeeeeeeeeeeeabccccccccccccccccccccc
eeeeeeeeeeeeeeeeeeeeeeeeeeeeabccccccccccccccccccccc
eeeeeeeeeeeeeeeeeeeeeeeeeeeeabccccccccccccccccccccc
eeeeeeeeeeeeeeeeeeeeeeeeeeeeabccccccccccccccccccccc
eeeeeeeeeeeeeeeeeeeeeeeeeeeeabccccccccccccccccccccc
eeeeeeeeeeeeeeeeeeeeeeeeeeeeabccccccccccccccccccccc
eeeeeeeeeeeeeeeeeeeeeeeeeeeeabccccccccccccccccccccc
eeeeeeeeeeeeeeeeeeeeeeeeeeeeabccccccccccccccccccccc
eeeeeeeeeeeeeeeeeeeeeeeeeeeeabccccccccccccccccccccc
eeeeeeeeeeeeeeeeeeeeeeeeeeeeabccccccccccccccccccccc
eeeeeeeeeeeeeeeeeeeeeeeeeeeeabccccccccccccccccccccc
eeeeeeeeeeeeeeeeeeeeeeeeeeeeabcccccccccccccccccccccabccccccccccccccccccccc
eeeeeeeeeeeeeeeeeeeeeeeeeeee
abccccccccccccccccccccc
eeeeeeeeeeeeeeeeeeeeeeeeeeee
abccccccccccccccccccccc
eeeeeeeeeeeeeeeeeeeeeeeeeeeeabccccccccccccccccccccc
eeeeeeeeeeeeeeeeeeeeeeeeeeeeabccccccccccccccccccccc
eeeeeeeeeeeeeeeeeeeeeeeeeeeeabccccccccccccccccccccc
eeeeeeeeeeeeeeeeeeeeeeeeeeeeabccccccccccccccccccccc
eeeeeeeeeeeeeeeeeeeeeeeeeeeeabccccccccccccccccccccc
eeeeeeeeeeeeeeeeeeeeeeeeeeeeabccccccccccccccccccccc
eeeeeeeeeeeeeeeeeeeeeeeeeeeeabccccccccccccccccccccc
eeeeeeeeeeeeeeeeeeeeeeeeeeeeabccccccccccccccccccccc
eeeeeeeeeeeeeeeeeeeeeeeeeeeeabccccccccccccccccccccc
eeeeeeeeeeeeeeeeeeeeeeeeeeeeabccccccccccccccccccccc
eeeeeeeeeeeeeeeeeeeeeeeeeeeeabccccccccccccccccccccc
eeeeeeeeeeeeeeeeeeeeeeeeeeeeabcccccccccccccccccccccabccccccccccccccccccccc
eeeeeeeeeeeeeeeeeeeeeeeeeeee
abccccccccccccccccccccc
eeeeeeeeeeeeeeeeeeeeeeeeeeee
abccccccccccccccccccccc
eeeeeeeeeeeeeeeeeeeeeeeeeeeeabccccccccccccccccccccc
eeeeeeeeeeeeeeeeeeeeeeeeeeeeabccccccccccccccccccccc
eeeeeeeeeeeeeeeeeeeeeeeeeeeeabccccccccccccccccccccc
eeeeeeeeeeeeeeeeeeeeeeeeeeeeabccccccccccccccccccccc
eeeeeeeeeeeeeeeeeeeeeeeeeeeeabccccccccccccccccccccc
eeeeeeeeeeeeeeeeeeeeeeeeeeeeabccccccccccccccccccccc
eeeeeeeeeeeeeeeeeeeeeeeeeeeeabccccccccccccccccccccc
eeeeeeeeeeeeeeeeeeeeeeeeeeeeabccccccccccccccccccccc
eeeeeeeeeeeeeeeeeeeeeeeeeeeeabccccccccccccccccccccc
eeeeeeeeeeeeeeeeeeeeeeeeeeeeabccccccccccccccccccccc
eeeeeeeeeeeeeeeeeeeeeeeeeeeeabccccccccccccccccccccc
eeeeeeeeeeeeeeeeeeeeeeeeeeeeabcccccccccccccccccccccabccccccccccccccccccccc
eeeeeeeeeeeeeeeeeeeeeeeeeeee
abccccccccccccccccccccc
eeeeeeeeeeeeeeeeeeeeeeeeeeee
abccccccccccccccccccccc
eeeeeeeeeeeeeeeeeeeeeeeeeeeeabccccccccccccccccccccc
eeeeeeeeeeeeeeeeeeeeeeeeeeeeabccccccccccccccccccccc
eeeeeeeeeeeeeeeeeeeeeeeeeeeeabccccccccccccccccccccc
eeeeeeeeeeeeeeeeeeeeeeeeeeeeabccccccccccccccccccccc
eeeeeeeeeeeeeeeeeeeeeeeeeeeeabccccccccccccccccccccc
eeeeeeeeeeeeeeeeeeeeeeeeeeeeabccccccccccccccccccccc
eeeeeeeeeeeeeeeeeeeeeeeeeeeeabccccccccccccccccccccc
eeeeeeeeeeeeeeeeeeeeeeeeeeeeabccccccccccccccccccccc
eeeeeeeeeeeeeeeeeeeeeeeeeeeeabccccccccccccccccccccc
eeeeeeeeeeeeeeeeeeeeeeeeeeeeabccccccccccccccccccccc
eeeeeeeeeeeeeeeeeeeeeeeeeeeeabccccccccccccccccccccc
eeeeeeeeeeeeeeeeeeeeeeeeeeeeabcccccccccccccccccccccabccccccccccccccccccccc
eeeeeeeeeeeeeeeeeeeeeeeeeeee
abccccccccccccccccccccc
eeeeeeeeeeeeeeeeeeeeeeeeeeee
abccccccccccccccccccccc
eeeeeeeeeeeeeeeeeeeeeeeeeeeeabccccccccccccccccccccc
eeeeeeeeeeeeeeeeeeeeeeeeeeeeabccccccccccccccccccccc
eeeeeeeeeeeeeeeeeeeeeeeeeeeeabccccccccccccccccccccc
eeeeeeeeeeeeeeeeeeeeeeeeeeeeabccccccccccccccccccccc
eeeeeeeeeeeeeeeeeeeeeeeeeeeeabccccccccccccccccccccc
eeeeeeeeeeeeeeeeeeeeeeeeeeeeabccccccccccccccccccccc
eeeeeeeeeeeeeeeeeeeeeeeeeeeeabccccccccccccccccccccc
eeeeeeeeeeeeeeeeeeeeeeeeeeeeabccccccccccccccccccccc
eeeeeeeeeeeeeeeeeeeeeeeeeeeeabccccccccccccccccccccc
eeeeeeeeeeeeeeeeeeeeeeeeeeeeabccccccccccccccccccccc
eeeeeeeeeeeeeeeeeeeeeeeeeeeeabccccccccccccccccccccc
eeeeeeeeeeeeeeeeeeeeeeeeeeeeabcccccccccccccccccccccabccccccccccccccccccccc
eeeeeeeeeeeeeeeeeeeeeeeeeeee
abccccccccccccccccccccc
eeeeeeeeeeeeeeeeeeeeeeeeeeee
abccccccccccccccccccccc
eeeeeeeeeeeeeeeeeeeeeeeeeeeeabccccccccccccccccccccc
eeeeeeeeeeeeeeeeeeeeeeeeeeeeabccccccccccccccccccccc
eeeeeeeeeeeeeeeeeeeeeeeeeeeeabccccccccccccccccccccc
eeeeeeeeeeeeeeeeeeeeeeeeeeeeabccccccccccccccccccccc
eeeeeeeeeeeeeeeeeeeeeeeeeeeeabccccccccccccccccccccc
eeeeeeeeeeeeeeeeeeeeeeeeeeeeabccccccccccccccccccccc
eeeeeeeeeeeeeeeeeeeeeeeeeeeeabccccccccccccccccccccc
eeeeeeeeeeeeeeeeeeeeeeeeeeeeabccccccccccccccccccccc
eeeeeeeeeeeeeeeeeeeeeeeeeeeeabccccccccccccccccccccc
eeeeeeeeeeeeeeeeeeeeeeeeeeeeabccccccccccccccccccccc
eeeeeeeeeeeeeeeeeeeeeeeeeeeeabccccccccccccccccccccc
eeeeeeeeeeeeeeeeeeeeeeeeeeeeabcccccccccccccccccccccabccccccccccccccccccccc
eeeeeeeeeeeeeeeeeeeeeeeeeeee
abccccccccccccccccccccc
eeeeeeeeeeeeeeeeeeeeeeeeeeee
abccccccccccccccccccccc
eeeeeeeeeeeeeeeeeeeeeeeeeeeeabccccccccccccccccccccc
eeeeeeeeeeeeeeeeeeeeeeeeeeeeabccccccccccccccccccccc
eeeeeeeeeeeeeeeeeeeeeeeeeeeeabccccccccccccccccccccc
eeeeeeeeeeeeeeeeeeeeeeeeeeeeabccccccccccccccccccccc
eeeeeeeeeeeeeeeeeeeeeeeeeeeeabccccccccccccccccccccc
eeeeeeeeeeeeeeeeeeeeeeeeeeeeabccccccccccccccccccccc
eeeeeeeeeeeeeeeeeeeeeeeeeeeeabccccccccccccccccccccc
eeeeeeeeeeeeeeeeeeeeeeeeeeeeabccccccccccccccccccccc
eeeeeeeeeeeeeeeeeeeeeeeeeeeeabccccccccccccccccccccc
eeeeeeeeeeeeeeeeeeeeeeeeeeeeabccccccccccccccccccccc
eeeeeeeeeeeeeeeeeeeeeeeeeeeeabccccccccccccccccccccc
eeeeeeeeeeeeeeeeeeeeeeeeeeeeabcccccccccccccccccccccabccccccccccccccccccccc
eeeeeeeeeeeeeeeeeeeeeeeeeeee
abccccccccccccccccccccc
eeeeeeeeeeeeeeeeeeeeeeeeeeee
abccccccccccccccccccccc
eeeeeeeeeeeeeeeeeeeeeeeeeeeeabccccccccccccccccccccc
eeeeeeeeeeeeeeeeeeeeeeeeeeeeabccccccccccccccccccccc
eeeeeeeeeeeeeeeeeeeeeeeeeeeeabccccccccccccccccccccc
eeeeeeeeeeeeeeeeeeeeeeeeeeeeabccccccccccccccccccccc
eeeeeeeeeeeeeeeeeeeeeeeeeeeeabccccccccccccccccccccc
eeeeeeeeeeeeeeeeeeeeeeeeeeeeabccccccccccccccccccccc
eeeeeeeeeeeeeeeeeeeeeeeeeeeeabccccccccccccccccccccc
eeeeeeeeeeeeeeeeeeeeeeeeeeeeabccccccccccccccccccccc
eeeeeeeeeeeeeeeeeeeeeeeeeeeeabccccccccccccccccccccc
eeeeeeeeeeeeeeeeeeeeeeeeeeeeabccccccccccccccccccccc
eeeeeeeeeeeeeeeeeeeeeeeeeeeeabccccccccccccccccccccc
eeeeeeeeeeeeeeeeeeeeeeeeeeeeabcccccccccccccccccccccabccccccccccccccccccccc
eeeeeeeeeeeeeeeeeeeeeeeeeeee
abccccccccccccccccccccc
eeeeeeeeeeeeeeeeeeeeeeeeeeee
abccccccccccccccccccccc
eeeeeeeeeeeeeeeeeeeeeeeeeeeeabccccccccccccccccccccc
eeeeeeeeeeeeeeeeeeeeeeeeeeeeabccccccccccccccccccccc
eeeeeeeeeeeeeeeeeeeeeeeeeeeeabccccccccccccccccccccc
eeeeeeeeeeeeeeeeeeeeeeeeeeeeabccccccccccccccccccccc
eeeeeeeeeeeeeeeeeeeeeeeeeeeeabccccccccccccccccccccc
eeeeeeeeeeeeeeeeeeeeeeeeeeeeabccccccccccccccccccccc
eeeeeeeeeeeeeeeeeeeeeeeeeeeeabccccccccccccccccccccc
eeeeeeeeeeeeeeeeeeeeeeeeeeeeabccccccccccccccccccccc
eeeeeeeeeeeeeeeeeeeeeeeeeeeeabccccccccccccccccccccc
eeeeeeeeeeeeeeeeeeeeeeeeeeeeabccccccccccccccccccccc
eeeeeeeeeeeeeeeeeeeeeeeeeeeeabccccccccccccccccccccc
eeeeeeeeeeeeeeeeeeeeeeeeeeeeabcccccccccccccccccccccabccccccccccccccccccccc
eeeeeeeeeeeeeeeeeeeeeeeeeeee
abccccccccccccccccccccc
eeeeeeeeeeeeeeeeeeeeeeeeeeee
abccccccccccccccccccccc
eeeeeeeeeeeeeeeeeeeeeeeeeeeeabccccccccccccccccccccc
eeeeeeeeeeeeeeeeeeeeeeeeeeeeabccccccccccccccccccccc
eeeeeeeeeeeeeeeeeeeeeeeeeeeeabccccccccccccccccccccc
eeeeeeeeeeeeeeeeeeeeeeeeeeeeabccccccccccccccccccccc
eeeeeeeeeeeeeeeeeeeeeeeeeeeeabccccccccccccccccccccc
eeeeeeeeeeeeeeeeeeeeeeeeeeeeabccccccccccccccccccccc
eeeeeeeeeeeeeeeeeeeeeeeeeeeeabccccccccccccccccccccc
eeeeeeeeeeeeeeeeeeeeeeeeeeeeabccccccccccccccccccccc
eeeeeeeeeeeeeeeeeeeeeeeeeeeeabccccccccccccccccccccc
eeeeeeeeeeeeeeeeeeeeeeeeeeeeabccccccccccccccccccccc
eeeeeeeeeeeeeeeeeeeeeeeeeeeeabccccccccccccccccccccc
eeeeeeeeeeeeeeeeeeeeeeeeeeeeabcccccccccccccccccccccabccccccccccccccccccccc
eeeeeeeeeeeeeeeeeeeeeeeeeeee
abccccccccccccccccccccc
eeeeeeeeeeeeeeeeeeeeeeeeeeee
abccccccccccccccccccccc
eeeeeeeeeeeeeeeeeeeeeeeeeeeeabccccccccccccccccccccc
eeeeeeeeeeeeeeeeeeeeeeeeeeeeabccccccccccccccccccccc
eeeeeeeeeeeeeeeeeeeeeeeeeeeeabccccccccccccccccccccc
eeeeeeeeeeeeeeeeeeeeeeeeeeeeabccccccccccccccccccccc
eeeeeeeeeeeeeeeeeeeeeeeeeeeeabccccccccccccccccccccc
eeeeeeeeeeeeeeeeeeeeeeeeeeeeabccccccccccccccccccccc
eeeeeeeeeeeeeeeeeeeeeeeeeeeeabccccccccccccccccccccc
eeeeeeeeeeeeeeeeeeeeeeeeeeeeabccccccccccccccccccccc
eeeeeeeeeeeeeeeeeeeeeeeeeeeeabccccccccccccccccccccc
eeeeeeeeeeeeeeeeeeeeeeeeeeeeabccccccccccccccccccccc
eeeeeeeeeeeeeeeeeeeeeeeeeeeeabccccccccccccccccccccc
eeeeeeeeeeeeeeeeeeeeeeeeeeeeabcccccccccccccccccccccabccccccccccccccccccccc
eeeeeeeeeeeeeeeeeeeeeeeeeeee
abccccccccccccccccccccc
eeeeeeeeeeeeeeeeeeeeeeeeeeee
abccccccccccccccccccccc
eeeeeeeeeeeeeeeeeeeeeeeeeeeeabccccccccccccccccccccc
eeeeeeeeeeeeeeeeeeeeeeeeeeeeabccccccccccccccccccccc
eeeeeeeeeeeeeeeeeeeeeeeeeeeeabccccccccccccccccccccc
eeeeeeeeeeeeeeeeeeeeeeeeeeeeabccccccccccccccccccccc
eeeeeeeeeeeeeeeeeeeeeeeeeeeeabccccccccccccccccccccc
eeeeeeeeeeeeeeeeeeeeeeeeeeeeabccccccccccccccccccccc
eeeeeeeeeeeeeeeeeeeeeeeeeeeeabccccccccccccccccccccc
eeeeeeeeeeeeeeeeeeeeeeeeeeeeabccccccccccccccccccccc
eeeeeeeeeeeeeeeeeeeeeeeeeeeeabccccccccccccccccccccc
eeeeeeeeeeeeeeeeeeeeeeeeeeeeabccccccccccccccccccccc
eeeeeeeeeeeeeeeeeeeeeeeeeeeeabccccccccccccccccccccc
eeeeeeeeeeeeeeeeeeeeeeeeeeeeabcccccccccccccccccccccabccccccccccccccccccccc
eeeeeeeeeeeeeeeeeeeeeeeeeeee
abccccccccccccccccccccc
eeeeeeeeeeeeeeeeeeeeeeeeeeee
abccccccccccccccccccccc
eeeeeeeeeeeeeeeeeeeeeeeeeeeeabccccccccccccccccccccc
eeeeeeeeeeeeeeeeeeeeeeeeeeeeabccccccccccccccccccccc
eeeeeeeeeeeeeeeeeeeeeeeeeeeeabccccccccccccccccccccc
eeeeeeeeeeeeeeeeeeeeeeeeeeeeabccccccccccccccccccccc
eeeeeeeeeeeeeeeeeeeeeeeeeeeeabccccccccccccccccccccc
eeeeeeeeeeeeeeeeeeeeeeeeeeeeabccccccccccccccccccccc
eeeeeeeeeeeeeeeeeeeeeeeeeeeeabccccccccccccccccccccc
eeeeeeeeeeeeeeeeeeeeeeeeeeeeabccccccccccccccccccccc
eeeeeeeeeeeeeeeeeeeeeeeeeeeeabccccccccccccccccccccc
eeeeeeeeeeeeeeeeeeeeeeeeeeeeabccccccccccccccccccccc
eeeeeeeeeeeeeeeeeeeeeeeeeeeeabccccccccccccccccccccc
eeeeeeeeeeeeeeeeeeeeeeeeeeeeabcccccccccccccccccccccabccccccccccccccccccccc
eeeeeeeeeeeeeeeeeeeeeeeeeeee
abccccccccccccccccccccc
eeeeeeeeeeeeeeeeeeeeeeeeeeee
abccccccccccccccccccccc
eeeeeeeeeeeeeeeeeeeeeeeeeeeeabccccccccccccccccccccc
eeeeeeeeeeeeeeeeeeeeeeeeeeeeabccccccccccccccccccccc
eeeeeeeeeeeeeeeeeeeeeeeeeeeeabccccccccccccccccccccc
eeeeeeeeeeeeeeeeeeeeeeeeeeeeabccccccccccccccccccccc
eeeeeeeeeeeeeeeeeeeeeeeeeeeeabccccccccccccccccccccc
eeeeeeeeeeeeeeeeeeeeeeeeeeeeabccccccccccccccccccccc
eeeeeeeeeeeeeeeeeeeeeeeeeeeeabccccccccccccccccccccc
eeeeeeeeeeeeeeeeeeeeeeeeeeeeabccccccccccccccccccccc
eeeeeeeeeeeeeeeeeeeeeeeeeeeeabccccccccccccccccccccc
eeeeeeeeeeeeeeeeeeeeeeeeeeeeabccccccccccccccccccccc
eeeeeeeeeeeeeeeeeeeeeeeeeeeeabccccccccccccccccccccc
eeeeeeeeeeeeeeeeeeeeeeeeeeeeabcccccccccccccccccccccabccccccccccccccccccccc
eeeeeeeeeeeeeeeeeeeeeeeeeeee
abccccccccccccccccccccc
eeeeeeeeeeeeeeeeeeeeeeeeeeee
abccccccccccccccccccccc
eeeeeeeeeeeeeeeeeeeeeeeeeeeeabccccccccccccccccccccc
eeeeeeeeeeeeeeeeeeeeeeeeeeeeabccccccccccccccccccccc
eeeeeeeeeeeeeeeeeeeeeeeeeeeeabccccccccccccccccccccc
eeeeeeeeeeeeeeeeeeeeeeeeeeeeabccccccccccccccccccccc
eeeeeeeeeeeeeeeeeeeeeeeeeeeeabccccccccccccccccccccc
eeeeeeeeeeeeeeeeeeeeeeeeeeeeabccccccccccccccccccccc
eeeeeeeeeeeeeeeeeeeeeeeeeeeeabccccccccccccccccccccc
eeeeeeeeeeeeeeeeeeeeeeeeeeeeabccccccccccccccccccccc
eeeeeeeeeeeeeeeeeeeeeeeeeeeeabccccccccccccccccccccc
eeeeeeeeeeeeeeeeeeeeeeeeeeeeabccccccccccccccccccccc
eeeeeeeeeeeeeeeeeeeeeeeeeeeeabccccccccccccccccccccc
eeeeeeeeeeeeeeeeeeeeeeeeeeeeabcccccccccccccccccccccabccccccccccccccccccccc
eeeeeeeeeeeeeeeeeeeeeeeeeeee
abccccccccccccccccccccc
eeeeeeeeeeeeeeeeeeeeeeeeeeee
abccccccccccccccccccccc
eeeeeeeeeeeeeeeeeeeeeeeeeeeeabccccccccccccccccccccc
eeeeeeeeeeeeeeeeeeeeeeeeeeeeabccccccccccccccccccccc
eeeeeeeeeeeeeeeeeeeeeeeeeeeeabccccccccccccccccccccc
eeeeeeeeeeeeeeeeeeeeeeeeeeeeabccccccccccccccccccccc
eeeeeeeeeeeeeeeeeeeeeeeeeeeeabccccccccccccccccccccc
eeeeeeeeeeeeeeeeeeeeeeeeeeeeabccccccccccccccccccccc
eeeeeeeeeeeeeeeeeeeeeeeeeeeeabccccccccccccccccccccc
eeeeeeeeeeeeeeeeeeeeeeeeeeeeabccccccccccccccccccccc
eeeeeeeeeeeeeeeeeeeeeeeeeeeeabccccccccccccccccccccc
eeeeeeeeeeeeeeeeeeeeeeeeeeeeabccccccccccccccccccccc
eeeeeeeeeeeeeeeeeeeeeeeeeeeeabccccccccccccccccccccc
eeeeeeeeeeeeeeeeeeeeeeeeeeeeabcccccccccccccccccccccabccccccccccccccccccccc
eeeeeeeeeeeeeeeeeeeeeeeeeeee
abccccccccccccccccccccc
eeeeeeeeeeeeeeeeeeeeeeeeeeee
abccccccccccccccccccccc
eeeeeeeeeeeeeeeeeeeeeeeeeeeeabccccccccccccccccccccc
eeeeeeeeeeeeeeeeeeeeeeeeeeeeabccccccccccccccccccccc
eeeeeeeeeeeeeeeeeeeeeeeeeeeeabccccccccccccccccccccc
eeeeeeeeeeeeeeeeeeeeeeeeeeeeabccccccccccccccccccccc
eeeeeeeeeeeeeeeeeeeeeeeeeeeeabccccccccccccccccccccc
eeeeeeeeeeeeeeeeeeeeeeeeeeeeabccccccccccccccccccccc
eeeeeeeeeeeeeeeeeeeeeeeeeeeeabccccccccccccccccccccc
eeeeeeeeeeeeeeeeeeeeeeeeeeeeabccccccccccccccccccccc
eeeeeeeeeeeeeeeeeeeeeeeeeeeeabccccccccccccccccccccc
eeeeeeeeeeeeeeeeeeeeeeeeeeeeabccccccccccccccccccccc
eeeeeeeeeeeeeeeeeeeeeeeeeeeeabccccccccccccccccccccc
eeeeeeeeeeeeeeeeeeeeeeeeeeeeabcccccccccccccccccccccabccccccccccccccccccccc
eeeeeeeeeeeeeeeeeeeeeeeeeeee
abccccccccccccccccccccc
eeeeeeeeeeeeeeeeeeeeeeeeeeee
abccccccccccccccccccccc
eeeeeeeeeeeeeeeeeeeeeeeeeeeeabccccccccccccccccccccc
eeeeeeeeeeeeeeeeeeeeeeeeeeeeabccccccccccccccccccccc
eeeeeeeeeeeeeeeeeeeeeeeeeeeeabccccccccccccccccccccc
eeeeeeeeeeeeeeeeeeeeeeeeeeeeabccccccccccccccccccccc
eeeeeeeeeeeeeeeeeeeeeeeeeeeeabccccccccccccccccccccc
eeeeeeeeeeeeeeeeeeeeeeeeeeeeabccccccccccccccccccccc
eeeeeeeeeeeeeeeeeeeeeeeeeeeeabccccccccccccccccccccc
eeeeeeeeeeeeeeeeeeeeeeeeeeeeabccccccccccccccccccccc
eeeeeeeeeeeeeeeeeeeeeeeeeeeeabccccccccccccccccccccc
eeeeeeeeeeeeeeeeeeeeeeeeeeeeabccccccccccccccccccccc
eeeeeeeeeeeeeeeeeeeeeeeeeeeeabccccccccccccccccccccc
eeeeeeeeeeeeeeeeeeeeeeeeeeeeabcccccccccccccccccccccabccccccccccccccccccccc
eeeeeeeeeeeeeeeeeeeeeeeeeeee
abccccccccccccccccccccc
eeeeeeeeeeeeeeeeeeeeeeeeeeee
abccccccccccccccccccccc
eeeeeeeeeeeeeeeeeeeeeeeeeeeeabccccccccccccccccccccc
eeeeeeeeeeeeeeeeeeeeeeeeeeeeabccccccccccccccccccccc
eeeeeeeeeeeeeeeeeeeeeeeeeeeeabccccccccccccccccccccc
eeeeeeeeeeeeeeeeeeeeeeeeeeeeabccccccccccccccccccccc
eeeeeeeeeeeeeeeeeeeeeeeeeeeeabccccccccccccccccccccc
eeeeeeeeeeeeeeeeeeeeeeeeeeeeabccccccccccccccccccccc
eeeeeeeeeeeeeeeeeeeeeeeeeeeeabccccccccccccccccccccc
eeeeeeeeeeeeeeeeeeeeeeeeeeeeabccccccccccccccccccccc
eeeeeeeeeeeeeeeeeeeeeeeeeeeeabccccccccccccccccccccc
eeeeeeeeeeeeeeeeeeeeeeeeeeeeabccccccccccccccccccccc
eeeeeeeeeeeeeeeeeeeeeeeeeeeeabccccccccccccccccccccc
eeeeeeeeeeeeeeeeeeeeeeeeeeeeabcccccccccccccccccccccabccccccccccccccccccccc
eeeeeeeeeeeeeeeeeeeeeeeeeeee
abccccccccccccccccccccc
eeeeeeeeeeeeeeeeeeeeeeeeeeee
abccccccccccccccccccccc
eeeeeeeeeeeeeeeeeeeeeeeeeeeeabccccccccccccccccccccc
eeeeeeeeeeeeeeeeeeeeeeeeeeeeabccccccccccccccccccccc
eeeeeeeeeeeeeeeeeeeeeeeeeeeeabccccccccccccccccccccc
eeeeeeeeeeeeeeeeeeeeeeeeeeeeabccccccccccccccccccccc
eeeeeeeeeeeeeeeeeeeeeeeeeeeeabccccccccccccccccccccc
eeeeeeeeeeeeeeeeeeeeeeeeeeeeabccccccccccccccccccccc
eeeeeeeeeeeeeeeeeeeeeeeeeeeeabccccccccccccccccccccc
eeeeeeeeeeeeeeeeeeeeeeeeeeeeabccccccccccccccccccccc
eeeeeeeeeeeeeeeeeeeeeeeeeeeeabccccccccccccccccccccc
eeeeeeeeeeeeeeeeeeeeeeeeeeeeabccccccccccccccccccccc
eeeeeeeeeeeeeeeeeeeeeeeeeeeeabccccccccccccccccccccc
eeeeeeeeeeeeeeeeeeeeeeeeeeeeabcccccccccccccccccccccabccccccccccccccccccccc
eeeeeeeeeeeeeeeeeeeeeeeeeeee
abccccccccccccccccccccc
eeeeeeeeeeeeeeeeeeeeeeeeeeee
abccccccccccccccccccccc
eeeeeeeeeeeeeeeeeeeeeeeeeeeeabccccccccccccccccccccc
eeeeeeeeeeeeeeeeeeeeeeeeeeeeabccccccccccccccccccccc
eeeeeeeeeeeeeeeeeeeeeeeeeeeeabccccccccccccccccccccc
eeeeeeeeeeeeeeeeeeeeeeeeeeeeabccccccccccccccccccccc
eeeeeeeeeeeeeeeeeeeeeeeeeeeeabccccccccccccccccccccc
eeeeeeeeeeeeeeeeeeeeeeeeeeeeabccccccccccccccccccccc
eeeeeeeeeeeeeeeeeeeeeeeeeeeeabccccccccccccccccccccc
eeeeeeeeeeeeeeeeeeeeeeeeeeeeabccccccccccccccccccccc
eeeeeeeeeeeeeeeeeeeeeeeeeeeeabccccccccccccccccccccc
eeeeeeeeeeeeeeeeeeeeeeeeeeeeabccccccccccccccccccccc
eeeeeeeeeeeeeeeeeeeeeeeeeeeeabccccccccccccccccccccc
eeeeeeeeeeeeeeeeeeeeeeeeeeeeabcccccccccccccccccccccabccccccccccccccccccccc
eeeeeeeeeeeeeeeeeeeeeeeeeeee
abccccccccccccccccccccc
eeeeeeeeeeeeeeeeeeeeeeeeeeee
abccccccccccccccccccccc
eeeeeeeeeeeeeeeeeeeeeeeeeeeeabccccccccccccccccccccc
eeeeeeeeeeeeeeeeeeeeeeeeeeeeabccccccccccccccccccccc
eeeeeeeeeeeeeeeeeeeeeeeeeeeeabccccccccccccccccccccc
eeeeeeeeeeeeeeeeeeeeeeeeeeeeabccccccccccccccccccccc
eeeeeeeeeeeeeeeeeeeeeeeeeeeeabccccccccccccccccccccc
eeeeeeeeeeeeeeeeeeeeeeeeeeeeabccccccccccccccccccccc
eeeeeeeeeeeeeeeeeeeeeeeeeeeeabccccccccccccccccccccc
eeeeeeeeeeeeeeeeeeeeeeeeeeeeabccccccccccccccccccccc
eeeeeeeeeeeeeeeeeeeeeeeeeeeeabccccccccccccccccccccc
eeeeeeeeeeeeeeeeeeeeeeeeeeeeabccccccccccccccccccccc
eeeeeeeeeeeeeeeeeeeeeeeeeeeeabccccccccccccccccccccc
eeeeeeeeeeeeeeeeeeeeeeeeeeeeabcccccccccccccccccccccabccccccccccccccccccccc
eeeeeeeeeeeeeeeeeeeeeeeeeeee
abccccccccccccccccccccc
eeeeeeeeeeeeeeeeeeeeeeeeeeee
abccccccccccccccccccccc
eeeeeeeeeeeeeeeeeeeeeeeeeeeeabccccccccccccccccccccc
eeeeeeeeeeeeeeeeeeeeeeeeeeeeabccccccccccccccccccccc
eeeeeeeeeeeeeeeeeeeeeeeeeeeeabccccccccccccccccccccc
eeeeeeeeeeeeeeeeeeeeeeeeeeeeabccccccccccccccccccccc
eeeeeeeeeeeeeeeeeeeeeeeeeeeeabccccccccccccccccccccc
eeeeeeeeeeeeeeeeeeeeeeeeeeeeabccccccccccccccccccccc
eeeeeeeeeeeeeeeeeeeeeeeeeeeeabccccccccccccccccccccc
eeeeeeeeeeeeeeeeeeeeeeeeeeeeabccccccccccccccccccccc
eeeeeeeeeeeeeeeeeeeeeeeeeeeeabccccccccccccccccccccc
eeeeeeeeeeeeeeeeeeeeeeeeeeeeabccccccccccccccccccccc
eeeeeeeeeeeeeeeeeeeeeeeeeeeeabccccccccccccccccccccc
eeeeeeeeeeeeeeeeeeeeeeeeeeeeabcccccccccccccccccccccabccccccccccccccccccccc
eeeeeeeeeeeeeeeeeeeeeeeeeeee
abccccccccccccccccccccc
eeeeeeeeeeeeeeeeeeeeeeeeeeee
abccccccccccccccccccccc
eeeeeeeeeeeeeeeeeeeeeeeeeeeeabccccccccccccccccccccc
eeeeeeeeeeeeeeeeeeeeeeeeeeeeabccccccccccccccccccccc
eeeeeeeeeeeeeeeeeeeeeeeeeeeeabccccccccccccccccccccc
eeeeeeeeeeeeeeeeeeeeeeeeeeeeabccccccccccccccccccccc
eeeeeeeeeeeeeeeeeeeeeeeeeeeeabccccccccccccccccccccc
eeeeeeeeeeeeeeeeeeeeeeeeeeeeabccccccccccccccccccccc
eeeeeeeeeeeeeeeeeeeeeeeeeeeeabccccccccccccccccccccc
eeeeeeeeeeeeeeeeeeeeeeeeeeeeabccccccccccccccccccccc
eeeeeeeeeeeeeeeeeeeeeeeeeeeeabccccccccccccccccccccc
eeeeeeeeeeeeeeeeeeeeeeeeeeeeabccccccccccccccccccccc
eeeeeeeeeeeeeeeeeeeeeeeeeeeeabccccccccccccccccccccc
eeeeeeeeeeeeeeeeeeeeeeeeeeeeabcccccccccccccccccccccabccccccccccccccccccccc
eeeeeeeeeeeeeeeeeeeeeeeeeeee
abccccccccccccccccccccc
eeeeeeeeeeeeeeeeeeeeeeeeeeee
abccccccccccccccccccccc
eeeeeeeeeeeeeeeeeeeeeeeeeeeeabccccccccccccccccccccc
eeeeeeeeeeeeeeeeeeeeeeeeeeeeabccccccccccccccccccccc
eeeeeeeeeeeeeeeeeeeeeeeeeeeeabccccccccccccccccccccc
eeeeeeeeeeeeeeeeeeeeeeeeeeeeabccccccccccccccccccccc
eeeeeeeeeeeeeeeeeeeeeeeeeeeeabccccccccccccccccccccc
eeeeeeeeeeeeeeeeeeeeeeeeeeeeabccccccccccccccccccccc
eeeeeeeeeeeeeeeeeeeeeeeeeeeeabccccccccccccccccccccc
eeeeeeeeeeeeeeeeeeeeeeeeeeeeabccccccccccccccccccccc
eeeeeeeeeeeeeeeeeeeeeeeeeeeeabccccccccccccccccccccc
eeeeeeeeeeeeeeeeeeeeeeeeeeeeabccccccccccccccccccccc
eeeeeeeeeeeeeeeeeeeeeeeeeeeeabccccccccccccccccccccc
eeeeeeeeeeeeeeeeeeeeeeeeeeeeabcccccccccccccccccccccabccccccccccccccccccccc
eeeeeeeeeeeeeeeeeeeeeeeeeeee
abccccccccccccccccccccc
eeeeeeeeeeeeeeeeeeeeeeeeeeee
abccccccccccccccccccccc
eeeeeeeeeeeeeeeeeeeeeeeeeeeeabccccccccccccccccccccc
eeeeeeeeeeeeeeeeeeeeeeeeeeeeabccccccccccccccccccccc
eeeeeeeeeeeeeeeeeeeeeeeeeeeeabccccccccccccccccccccc
eeeeeeeeeeeeeeeeeeeeeeeeeeeeabccccccccccccccccccccc
eeeeeeeeeeeeeeeeeeeeeeeeeeeeabccccccccccccccccccccc
eeeeeeeeeeeeeeeeeeeeeeeeeeeeabccccccccccccccccccccc
eeeeeeeeeeeeeeeeeeeeeeeeeeeeabccccccccccccccccccccc
eeeeeeeeeeeeeeeeeeeeeeeeeeeeabccccccccccccccccccccc
eeeeeeeeeeeeeeeeeeeeeeeeeeeeabccccccccccccccccccccc
eeeeeeeeeeeeeeeeeeeeeeeeeeeeabccccccccccccccccccccc
eeeeeeeeeeeeeeeeeeeeeeeeeeeeabccccccccccccccccccccc
eeeeeeeeeeeeeeeeeeeeeeeeeeeeabcccccccccccccccccccccabccccccccccccccccccccc
eeeeeeeeeeeeeeeeeeeeeeeeeeee
abccccccccccccccccccccc
eeeeeeeeeeeeeeeeeeeeeeeeeeee
abccccccccccccccccccccc
eeeeeeeeeeeeeeeeeeeeeeeeeeeeabccccccccccccccccccccc
eeeeeeeeeeeeeeeeeeeeeeeeeeeeabccccccccccccccccccccc
eeeeeeeeeeeeeeeeeeeeeeeeeeeeabccccccccccccccccccccc
eeeeeeeeeeeeeeeeeeeeeeeeeeeeabccccccccccccccccccccc
eeeeeeeeeeeeeeeeeeeeeeeeeeeeabccccccccccccccccccccc
eeeeeeeeeeeeeeeeeeeeeeeeeeeeabccccccccccccccccccccc
eeeeeeeeeeeeeeeeeeeeeeeeeeeeabccccccccccccccccccccc
eeeeeeeeeeeeeeeeeeeeeeeeeeeeabccccccccccccccccccccc
eeeeeeeeeeeeeeeeeeeeeeeeeeeeabccccccccccccccccccccc
eeeeeeeeeeeeeeeeeeeeeeeeeeeeabccccccccccccccccccccc
eeeeeeeeeeeeeeeeeeeeeeeeeeeeabccccccccccccccccccccc
eeeeeeeeeeeeeeeeeeeeeeeeeeeeabcccccccccccccccccccccabccccccccccccccccccccc
eeeeeeeeeeeeeeeeeeeeeeeeeeee
abccccccccccccccccccccc
eeeeeeeeeeeeeeeeeeeeeeeeeeee
abccccccccccccccccccccc
eeeeeeeeeeeeeeeeeeeeeeeeeeeeabccccccccccccccccccccc
eeeeeeeeeeeeeeeeeeeeeeeeeeeeabccccccccccccccccccccc
eeeeeeeeeeeeeeeeeeeeeeeeeeeeabccccccccccccccccccccc
eeeeeeeeeeeeeeeeeeeeeeeeeeeeabccccccccccccccccccccc
eeeeeeeeeeeeeeeeeeeeeeeeeeeeabccccccccccccccccccccc
eeeeeeeeeeeeeeeeeeeeeeeeeeeeabccccccccccccccccccccc
eeeeeeeeeeeeeeeeeeeeeeeeeeeeabccccccccccccccccccccc
eeeeeeeeeeeeeeeeeeeeeeeeeeeeabccccccccccccccccccccc
eeeeeeeeeeeeeeeeeeeeeeeeeeeeabccccccccccccccccccccc
eeeeeeeeeeeeeeeeeeeeeeeeeeeeabccccccccccccccccccccc
eeeeeeeeeeeeeeeeeeeeeeeeeeeeabccccccccccccccccccccc
eeeeeeeeeeeeeeeeeeeeeeeeeeeeabcccccccccccccccccccccabccccccccccccccccccccc
eeeeeeeeeeeeeeeeeeeeeeeeeeee
abccccccccccccccccccccc
eeeeeeeeeeeeeeeeeeeeeeeeeeee
abccccccccccccccccccccc
eeeeeeeeeeeeeeeeeeeeeeeeeeeeabccccccccccccccccccccc
eeeeeeeeeeeeeeeeeeeeeeeeeeeeabccccccccccccccccccccc
eeeeeeeeeeeeeeeeeeeeeeeeeeeeabccccccccccccccccccccc
eeeeeeeeeeeeeeeeeeeeeeeeeeeeabccccccccccccccccccccc
eeeeeeeeeeeeeeeeeeeeeeeeeeeeabccccccccccccccccccccc
eeeeeeeeeeeeeeeeeeeeeeeeeeeeabccccccccccccccccccccc
eeeeeeeeeeeeeeeeeeeeeeeeeeeeabccccccccccccccccccccc
eeeeeeeeeeeeeeeeeeeeeeeeeeeeabccccccccccccccccccccc
eeeeeeeeeeeeeeeeeeeeeeeeeeeeabccccccccccccccccccccc
eeeeeeeeeeeeeeeeeeeeeeeeeeeeabccccccccccccccccccccc
eeeeeeeeeeeeeeeeeeeeeeeeeeeeabccccccccccccccccccccc
eeeeeeeeeeeeeeeeeeeeeeeeeeeeabcccccccccccccccccccccabccccccccccccccccccccc
eeeeeeeeeeeeeeeeeeeeeeeeeeee
abccccccccccccccccccccc
eeeeeeeeeeeeeeeeeeeeeeeeeeee
abccccccccccccccccccccc
eeeeeeeeeeeeeeeeeeeeeeeeeeeeabccccccccccccccccccccc
eeeeeeeeeeeeeeeeeeeeeeeeeeeeabccccccccccccccccccccc
eeeeeeeeeeeeeeeeeeeeeeeeeeeeabccccccccccccccccccccc
eeeeeeeeeeeeeeeeeeeeeeeeeeeeabccccccccccccccccccccc
eeeeeeeeeeeeeeeeeeeeeeeeeeeeabccccccccccccccccccccc
eeeeeeeeeeeeeeeeeeeeeeeeeeeeabccccccccccccccccccccc
eeeeeeeeeeeeeeeeeeeeeeeeeeeeabccccccccccccccccccccc
eeeeeeeeeeeeeeeeeeeeeeeeeeeeabccccccccccccccccccccc
eeeeeeeeeeeeeeeeeeeeeeeeeeeeabccccccccccccccccccccc
eeeeeeeeeeeeeeeeeeeeeeeeeeeeabccccccccccccccccccccc
eeeeeeeeeeeeeeeeeeeeeeeeeeeeabccccccccccccccccccccc
eeeeeeeeeeeeeeeeeeeeeeeeeeeeabcccccccccccccccccccccabccccccccccccccccccccc
eeeeeeeeeeeeeeeeeeeeeeeeeeee
abccccccccccccccccccccc
eeeeeeeeeeeeeeeeeeeeeeeeeeee
abccccccccccccccccccccc
eeeeeeeeeeeeeeeeeeeeeeeeeeeeabccccccccccccccccccccc
eeeeeeeeeeeeeeeeeeeeeeeeeeeeabccccccccccccccccccccc
eeeeeeeeeeeeeeeeeeeeeeeeeeeeabccccccccccccccccccccc
eeeeeeeeeeeeeeeeeeeeeeeeeeeeabccccccccccccccccccccc
eeeeeeeeeeeeeeeeeeeeeeeeeeeeabccccccccccccccccccccc
eeeeeeeeeeeeeeeeeeeeeeeeeeeeabccccccccccccccccccccc
eeeeeeeeeeeeeeeeeeeeeeeeeeeeabccccccccccccccccccccc
eeeeeeeeeeeeeeeeeeeeeeeeeeeeabccccccccccccccccccccc
eeeeeeeeeeeeeeeeeeeeeeeeeeeeabccccccccccccccccccccc
eeeeeeeeeeeeeeeeeeeeeeeeeeeeabccccccccccccccccccccc
eeeeeeeeeeeeeeeeeeeeeeeeeeeeabccccccccccccccccccccc
eeeeeeeeeeeeeeeeeeeeeeeeeeeeabcccccccccccccccccccccabccccccccccccccccccccc
eeeeeeeeeeeeeeeeeeeeeeeeeeee
abccccccccccccccccccccc
eeeeeeeeeeeeeeeeeeeeeeeeeeee
abccccccccccccccccccccc
eeeeeeeeeeeeeeeeeeeeeeeeeeeeabccccccccccccccccccccc
eeeeeeeeeeeeeeeeeeeeeeeeeeeeabccccccccccccccccccccc
eeeeeeeeeeeeeeeeeeeeeeeeeeeeabccccccccccccccccccccc
eeeeeeeeeeeeeeeeeeeeeeeeeeeeabccccccccccccccccccccc
eeeeeeeeeeeeeeeeeeeeeeeeeeeeabccccccccccccccccccccc
eeeeeeeeeeeeeeeeeeeeeeeeeeeeabccccccccccccccccccccc
eeeeeeeeeeeeeeeeeeeeeeeeeeeeabccccccccccccccccccccc
eeeeeeeeeeeeeeeeeeeeeeeeeeeeabccccccccccccccccccccc
eeeeeeeeeeeeeeeeeeeeeeeeeeeeabccccccccccccccccccccc
eeeeeeeeeeeeeeeeeeeeeeeeeeeeabccccccccccccccccccccc
eeeeeeeeeeeeeeeeeeeeeeeeeeeeabccccccccccccccccccccc
eeeeeeeeeeeeeeeeeeeeeeeeeeeeabcccccccccccccccccccccabccccccccccccccccccccc
eeeeeeeeeeeeeeeeeeeeeeeeeeee
abccccccccccccccccccccc
eeeeeeeeeeeeeeeeeeeeeeeeeeee
abccccccccccccccccccccc
eeeeeeeeeeeeeeeeeeeeeeeeeeeeabccccccccccccccccccccc
eeeeeeeeeeeeeeeeeeeeeeeeeeeeabccccccccccccccccccccc
eeeeeeeeeeeeeeeeeeeeeeeeeeeeabccccccccccccccccccccc
eeeeeeeeeeeeeeeeeeeeeeeeeeeeabccccccccccccccccccccc
eeeeeeeeeeeeeeeeeeeeeeeeeeeeabccccccccccccccccccccc
eeeeeeeeeeeeeeeeeeeeeeeeeeeeabccccccccccccccccccccc
eeeeeeeeeeeeeeeeeeeeeeeeeeeeabccccccccccccccccccccc
eeeeeeeeeeeeeeeeeeeeeeeeeeeeabccccccccccccccccccccc
eeeeeeeeeeeeeeeeeeeeeeeeeeeeabccccccccccccccccccccc
eeeeeeeeeeeeeeeeeeeeeeeeeeeeabccccccccccccccccccccc
eeeeeeeeeeeeeeeeeeeeeeeeeeeeabccccccccccccccccccccc
eeeeeeeeeeeeeeeeeeeeeeeeeeeeabcccccccccccccccccccccabccccccccccccccccccccc
eeeeeeeeeeeeeeeeeeeeeeeeeeee
abccccccccccccccccccccc
eeeeeeeeeeeeeeeeeeeeeeeeeeee
abccccccccccccccccccccc
eeeeeeeeeeeeeeeeeeeeeeeeeeeeabccccccccccccccccccccc
eeeeeeeeeeeeeeeeeeeeeeeeeeeeabccccccccccccccccccccc
eeeeeeeeeeeeeeeeeeeeeeeeeeeeabccccccccccccccccccccc
eeeeeeeeeeeeeeeeeeeeeeeeeeeeabccccccccccccccccccccc
eeeeeeeeeeeeeeeeeeeeeeeeeeeeabccccccccccccccccccccc
eeeeeeeeeeeeeeeeeeeeeeeeeeeeabccccccccccccccccccccc
eeeeeeeeeeeeeeeeeeeeeeeeeeeeabccccccccccccccccccccc
eeeeeeeeeeeeeeeeeeeeeeeeeeeeabccccccccccccccccccccc
eeeeeeeeeeeeeeeeeeeeeeeeeeeeabccccccccccccccccccccc
eeeeeeeeeeeeeeeeeeeeeeeeeeeeabccccccccccccccccccccc
eeeeeeeeeeeeeeeeeeeeeeeeeeeeabccccccccccccccccccccc
eeeeeeeeeeeeeeeeeeeeeeeeeeeeabcccccccccccccccccccccabccccccccccccccccccccc
eeeeeeeeeeeeeeeeeeeeeeeeeeee
abccccccccccccccccccccc
eeeeeeeeeeeeeeeeeeeeeeeeeeee
abccccccccccccccccccccc
eeeeeeeeeeeeeeeeeeeeeeeeeeeeabccccccccccccccccccccc
eeeeeeeeeeeeeeeeeeeeeeeeeeeeabccccccccccccccccccccc
eeeeeeeeeeeeeeeeeeeeeeeeeeeeabccccccccccccccccccccc
eeeeeeeeeeeeeeeeeeeeeeeeeeeeabccccccccccccccccccccc
eeeeeeeeeeeeeeeeeeeeeeeeeeeeabccccccccccccccccccccc
eeeeeeeeeeeeeeeeeeeeeeeeeeeeabccccccccccccccccccccc
eeeeeeeeeeeeeeeeeeeeeeeeeeeeabccccccccccccccccccccc
eeeeeeeeeeeeeeeeeeeeeeeeeeeeabccccccccccccccccccccc
eeeeeeeeeeeeeeeeeeeeeeeeeeeeabccccccccccccccccccccc
eeeeeeeeeeeeeeeeeeeeeeeeeeeeabccccccccccccccccccccc
eeeeeeeeeeeeeeeeeeeeeeeeeeeeabccccccccccccccccccccc
eeeeeeeeeeeeeeeeeeeeeeeeeeeeabcccccccccccccccccccccabccccccccccccccccccccc
eeeeeeeeeeeeeeeeeeeeeeeeeeee
abccccccccccccccccccccc
eeeeeeeeeeeeeeeeeeeeeeeeeeee
abccccccccccccccccccccc
eeeeeeeeeeeeeeeeeeeeeeeeeeeeabccccccccccccccccccccc
eeeeeeeeeeeeeeeeeeeeeeeeeeeeabccccccccccccccccccccc
eeeeeeeeeeeeeeeeeeeeeeeeeeeeabccccccccccccccccccccc
eeeeeeeeeeeeeeeeeeeeeeeeeeeeabccccccccccccccccccccc
eeeeeeeeeeeeeeeeeeeeeeeeeeeeabccccccccccccccccccccc
eeeeeeeeeeeeeeeeeeeeeeeeeeeeabccccccccccccccccccccc
eeeeeeeeeeeeeeeeeeeeeeeeeeeeabccccccccccccccccccccc
eeeeeeeeeeeeeeeeeeeeeeeeeeeeabccccccccccccccccccccc
eeeeeeeeeeeeeeeeeeeeeeeeeeeeabccccccccccccccccccccc
eeeeeeeeeeeeeeeeeeeeeeeeeeeeabccccccccccccccccccccc
eeeeeeeeeeeeeeeeeeeeeeeeeeeeabccccccccccccccccccccc
eeeeeeeeeeeeeeeeeeeeeeeeeeeeabccccccccccccccccccccc</m0:symbol>
                        </m0:request>
                </m0:getQuote>
        </soapenv:Body>
</soapenv:Envelope>
