<?xml version="1.0" encoding="UTF-8" ?>
<testsuite failures="0" time="255.404" errors="1" skipped="0" tests="3" name="org.wso2.carbon.tenant.mgt.test.TestRunner">
  <properties>
    <property name="java.runtime.name" value="Java(TM) SE Runtime Environment"/>
    <property name="sun.boot.library.path" value="/home/chamara/jdk/jdk1.6.0_24/jre/lib/amd64"/>
    <property name="java.vm.version" value="19.1-b02"/>
    <property name="java.vm.vendor" value="Sun Microsystems Inc."/>
    <property name="java.vendor.url" value="http://java.sun.com/"/>
    <property name="path.separator" value=":"/>
    <property name="java.vm.name" value="Java HotSpot(TM) 64-Bit Server VM"/>
    <property name="file.encoding.pkg" value="sun.io"/>
    <property name="user.country" value="US"/>
    <property name="sun.java.launcher" value="SUN_STANDARD"/>
    <property name="sun.os.patch.level" value="unknown"/>
    <property name="java.vm.specification.name" value="Java Virtual Machine Specification"/>
    <property name="user.dir" value="/home/chamara/wso2/project/stratos/automated-test/automated-test/stratos-test/tenant-load-test"/>
    <property name="java.runtime.version" value="1.6.0_24-b07"/>
    <property name="java.awt.graphicsenv" value="sun.awt.X11GraphicsEnvironment"/>
    <property name="basedir" value="/home/chamara/wso2/project/stratos/automated-test/automated-test/stratos-test/tenant-load-test"/>
    <property name="java.endorsed.dirs" value="/home/chamara/jdk/jdk1.6.0_24/jre/lib/endorsed"/>
    <property name="os.arch" value="amd64"/>
    <property name="surefire.real.class.path" value="/tmp/surefirebooter3584995874610596195.jar"/>
    <property name="java.io.tmpdir" value="/tmp"/>
    <property name="line.separator" value="
"/>
    <property name="java.vm.specification.vendor" value="Sun Microsystems Inc."/>
    <property name="os.name" value="Linux"/>
    <property name="sun.jnu.encoding" value="UTF-8"/>
    <property name="java.library.path" value="/home/chamara/jdk/jdk1.6.0_24/jre/lib/amd64/server:/home/chamara/jdk/jdk1.6.0_24/jre/lib/amd64:/home/chamara/jdk/jdk1.6.0_24/jre/../lib/amd64:/usr/java/packages/lib/amd64:/usr/lib64:/lib64:/lib:/usr/lib"/>
    <property name="surefire.test.class.path" value="/home/chamara/wso2/project/stratos/automated-test/automated-test/stratos-test/tenant-load-test/target/test-classes:/home/chamara/wso2/project/stratos/automated-test/automated-test/stratos-test/tenant-load-test/target/classes:/home/chamara/.m2/repository/org/wso2/carbon/org.wso2.carbon.authenticator.proxy/3.1.0/org.wso2.carbon.authenticator.proxy-3.1.0.jar:/home/chamara/.m2/repository/org/eclipse/osgi/org.eclipse.osgi/3.5.0.v20090520/org.eclipse.osgi-3.5.0.v20090520.jar:/home/chamara/.m2/repository/org/eclipse/osgi/org.eclipse.osgi.services/3.2.0.v20090520-1800/org.eclipse.osgi.services-3.2.0.v20090520-1800.jar:/home/chamara/.m2/repository/org/apache/ws/commons/axiom/wso2/axiom/1.2.10.wso2v1/axiom-1.2.10.wso2v1.jar:/home/chamara/.m2/repository/javax/mail/mail/1.4/mail-1.4.jar:/home/chamara/.m2/repository/javax/activation/activation/1.1/activation-1.1.jar:/home/chamara/.m2/repository/org/apache/ws/commons/axiom/axiom-impl/1.2.10-wso2v1/axiom-impl-1.2.10-wso2v1.jar:/home/chamara/.m2/repository/org/apache/ws/commons/axiom/axiom-api/1.2.10-wso2v1/axiom-api-1.2.10-wso2v1.jar:/home/chamara/.m2/repository/org/apache/geronimo/specs/geronimo-activation_1.1_spec/1.0.2/geronimo-activation_1.1_spec-1.0.2.jar:/home/chamara/.m2/repository/org/apache/geronimo/specs/geronimo-javamail_1.4_spec/1.6/geronimo-javamail_1.4_spec-1.6.jar:/home/chamara/.m2/repository/commons-logging/commons-logging/1.1.1/commons-logging-1.1.1.jar:/home/chamara/.m2/repository/jaxen/jaxen/1.1.1/jaxen-1.1.1.jar:/home/chamara/.m2/repository/org/apache/geronimo/specs/geronimo-stax-api_1.0_spec/1.0.1/geronimo-stax-api_1.0_spec-1.0.1.jar:/home/chamara/.m2/repository/org/codehaus/woodstox/wstx-asl/3.2.9/wstx-asl-3.2.9.jar:/home/chamara/.m2/repository/org/apache/ws/commons/axiom/axiom-dom/1.2.10-wso2v1/axiom-dom-1.2.10-wso2v1.jar:/home/chamara/.m2/repository/dom4j/dom4j/1.6.1/dom4j-1.6.1.jar:/home/chamara/.m2/repository/xml-apis/xml-apis/1.0.b2/xml-apis-1.0.b2.jar:/home/chamara/.m2/repository/jdom/jdom/1.0/jdom-1.0.jar:/home/chamara/.m2/repository/xerces/xercesImpl/2.6.2/xercesImpl-2.6.2.jar:/home/chamara/.m2/repository/xom/xom/1.0/xom-1.0.jar:/home/chamara/.m2/repository/xerces/xmlParserAPIs/2.6.2/xmlParserAPIs-2.6.2.jar:/home/chamara/.m2/repository/xalan/xalan/2.7.1/xalan-2.7.1.jar:/home/chamara/.m2/repository/com/ibm/icu/icu4j/2.6.1/icu4j-2.6.1.jar:/home/chamara/.m2/repository/org/apache/tiles/wso2/tiles-jsp/2.0.5.wso2v1/tiles-jsp-2.0.5.wso2v1.jar:/home/chamara/.m2/repository/org/wso2/carbon/org.wso2.carbon.core/3.1.0/org.wso2.carbon.core-3.1.0.jar:/home/chamara/.m2/repository/org/eclipse/equinox/org.eclipse.equinox.http.helper/1.0.0/org.eclipse.equinox.http.helper-1.0.0.jar:/home/chamara/.m2/repository/org/wso2/carbon/org.wso2.carbon.bridge/3.1.0/org.wso2.carbon.bridge-3.1.0.jar:/home/chamara/.m2/repository/javax/servlet/servlet-api/2.4/servlet-api-2.4.jar:/home/chamara/.m2/repository/org/eclipse/equinox/org.apache.log4j/1.2.13.v200706111418/org.apache.log4j-1.2.13.v200706111418.jar:/home/chamara/.m2/repository/org/wso2/carbon/org.wso2.carbon.utils/3.1.0/org.wso2.carbon.utils-3.1.0.jar:/home/chamara/.m2/repository/net/sf/jsr107cache/jsr107cache/1.1.wso2v1/jsr107cache-1.1.wso2v1.jar:/home/chamara/.m2/repository/org/wso2/carbon/org.wso2.carbon.logging/3.1.0/org.wso2.carbon.logging-3.1.0.jar:/home/chamara/.m2/repository/org/wso2/carbon/org.wso2.carbon.queuing/3.1.0/org.wso2.carbon.queuing-3.1.0.jar:/home/chamara/.m2/repository/org/wso2/carbon/org.wso2.carbon.base/3.1.0/org.wso2.carbon.base-3.1.0.jar:/home/chamara/.m2/repository/org/wso2/pwprovider/org.wso2.pwprovider/1.6.3/org.wso2.pwprovider-1.6.3.jar:/home/chamara/.m2/repository/xmlunit/xmlunit/1.1/xmlunit-1.1.jar:/home/chamara/.m2/repository/log4j/log4j/1.2.13/log4j-1.2.13.jar:/home/chamara/.m2/repository/junit/junit/4.8.1/junit-4.8.1.jar:/home/chamara/.m2/repository/org/wso2/carbon/org.wso2.carbon.caching.core/3.1.0/org.wso2.carbon.caching.core-3.1.0.jar:/home/chamara/.m2/repository/org/apache/axis2/wso2/axis2/1.6.0.wso2v3/axis2-1.6.0.wso2v3.jar:/home/chamara/.m2/repository/org/apache/axis2/axis2-adb/1.6-wso2v3/axis2-adb-1.6-wso2v3.jar:/home/chamara/.m2/repository/org/apache/axis2/axis2-kernel/1.6-wso2v3/axis2-kernel-1.6-wso2v3.jar:/home/chamara/.m2/repository/org/apache/geronimo/specs/geronimo-ws-metadata_2.0_spec/1.1.2/geronimo-ws-metadata_2.0_spec-1.1.2.jar:/home/chamara/.m2/repository/org/apache/geronimo/specs/geronimo-jta_1.1_spec/1.1/geronimo-jta_1.1_spec-1.1.jar:/home/chamara/.m2/repository/commons-httpclient/commons-httpclient/3.1/commons-httpclient-3.1.jar:/home/chamara/.m2/repository/commons-codec/commons-codec/1.2/commons-codec-1.2.jar:/home/chamara/.m2/repository/commons-fileupload/commons-fileupload/1.2/commons-fileupload-1.2.jar:/home/chamara/.m2/repository/wsdl4j/wsdl4j/1.6.2/wsdl4j-1.6.2.jar:/home/chamara/.m2/repository/org/apache/maven/maven-plugin-api/2.0.6/maven-plugin-api-2.0.6.jar:/home/chamara/.m2/repository/org/apache/maven/maven-artifact/2.0.6/maven-artifact-2.0.6.jar:/home/chamara/.m2/repository/org/codehaus/plexus/plexus-utils/2.0.5/plexus-utils-2.0.5.jar:/home/chamara/.m2/repository/org/apache/maven/maven-project/2.0.6/maven-project-2.0.6.jar:/home/chamara/.m2/repository/org/apache/maven/maven-settings/2.0.6/maven-settings-2.0.6.jar:/home/chamara/.m2/repository/org/apache/maven/maven-model/2.0.6/maven-model-2.0.6.jar:/home/chamara/.m2/repository/org/codehaus/plexus/plexus-container-default/1.0-alpha-9/plexus-container-default-1.0-alpha-9.jar:/home/chamara/.m2/repository/classworlds/classworlds/1.1-alpha-2/classworlds-1.1-alpha-2.jar:/home/chamara/.m2/repository/org/apache/maven/maven-profile/2.0.6/maven-profile-2.0.6.jar:/home/chamara/.m2/repository/org/apache/maven/maven-artifact-manager/2.0.6/maven-artifact-manager-2.0.6.jar:/home/chamara/.m2/repository/org/apache/maven/maven-repository-metadata/2.0.6/maven-repository-metadata-2.0.6.jar:/home/chamara/.m2/repository/org/apache/maven/wagon/wagon-provider-api/1.0-beta-2/wagon-provider-api-1.0-beta-2.jar:/home/chamara/.m2/repository/org/apache/ws/commons/schema/XmlSchema/1.4.7-wso2v1/XmlSchema-1.4.7-wso2v1.jar:/home/chamara/.m2/repository/org/apache/neethi/neethi/2.0.4/neethi-2.0.4.jar:/home/chamara/.m2/repository/javax/xml/stream/stax-api/1.0-2/stax-api-1.0-2.jar:/home/chamara/.m2/repository/org/apache/woden/woden-api/1.0-SNAPSHOT/woden-api-1.0-SNAPSHOT.jar:/home/chamara/.m2/repository/org/apache/woden/woden-impl-dom/1.0-SNAPSHOT/woden-impl-dom-1.0-SNAPSHOT.jar:/home/chamara/.m2/repository/org/apache/woden/woden-impl-commons/1.0-SNAPSHOT/woden-impl-commons-1.0-SNAPSHOT.jar:/home/chamara/.m2/repository/javax/ws/rs/jsr311-api/1.0/jsr311-api-1.0.jar:/home/chamara/.m2/repository/org/apache/axis2/axis2-clustering/1.6-wso2v3/axis2-clustering-1.6-wso2v3.jar:/home/chamara/.m2/repository/org/apache/tomcat/tribes/6.0.16/tribes-6.0.16.jar:/home/chamara/.m2/repository/org/apache/tomcat/juli/6.0.16/juli-6.0.16.jar:/home/chamara/.m2/repository/org/apache/axis2/axis2-codegen/1.6-wso2v3/axis2-codegen-1.6-wso2v3.jar:/home/chamara/.m2/repository/org/apache/axis2/axis2-mtompolicy/1.6-wso2v3/axis2-mtompolicy-1.6-wso2v3.jar:/home/chamara/.m2/repository/org/apache/axis2/axis2-saaj/1.6-wso2v3/axis2-saaj-1.6-wso2v3.jar:/home/chamara/.m2/repository/org/apache/geronimo/specs/geronimo-saaj_1.3_spec/1.0.1/geronimo-saaj_1.3_spec-1.0.1.jar:/home/chamara/.m2/repository/org/apache/axis2/axis2-adb-codegen/1.6-wso2v3/axis2-adb-codegen-1.6-wso2v3.jar:/home/chamara/.m2/repository/commons-cli/commons-cli/1.0/commons-cli-1.0.jar:/home/chamara/.m2/repository/org/apache/axis2/axis2-xmlbeans/1.6-wso2v3/axis2-xmlbeans-1.6-wso2v3.jar:/home/chamara/.m2/repository/org/apache/xmlbeans/xmlbeans/2.3.0/xmlbeans-2.3.0.jar:/home/chamara/.m2/repository/org/apache/ant/ant/1.7.0/ant-1.7.0.jar:/home/chamara/.m2/repository/org/apache/ant/ant-launcher/1.7.0/ant-launcher-1.7.0.jar:/home/chamara/.m2/repository/org/apache/axis2/axis2-metadata/1.6-wso2v3/axis2-metadata-1.6-wso2v3.jar:/home/chamara/.m2/repository/org/apache/geronimo/specs/geronimo-jaxws_2.2_spec/1.0/geronimo-jaxws_2.2_spec-1.0.jar:/home/chamara/.m2/repository/xml-resolver/xml-resolver/1.2/xml-resolver-1.2.jar:/home/chamara/.m2/repository/com/sun/xml/bind/jaxb-impl/2.1.7/jaxb-impl-2.1.7.jar:/home/chamara/.m2/repository/javax/xml/bind/jaxb-api/2.1/jaxb-api-2.1.jar:/home/chamara/.m2/repository/com/sun/xml/bind/jaxb-xjc/2.1.7/jaxb-xjc-2.1.7.jar:/home/chamara/.m2/repository/com/sun/xml/ws/jaxws-tools/2.1.3/jaxws-tools-2.1.3.jar:/home/chamara/.m2/repository/org/apache/axis2/axis2-spring/1.6-wso2v3/axis2-spring-1.6-wso2v3.jar:/home/chamara/.m2/repository/org/springframework/spring-core/2.5.1/spring-core-2.5.1.jar:/home/chamara/.m2/repository/org/springframework/spring-beans/2.5.1/spring-beans-2.5.1.jar:/home/chamara/.m2/repository/org/springframework/spring-context/2.5.1/spring-context-2.5.1.jar:/home/chamara/.m2/repository/aopalliance/aopalliance/1.0/aopalliance-1.0.jar:/home/chamara/.m2/repository/org/springframework/spring-web/2.5.1/spring-web-2.5.1.jar:/home/chamara/.m2/repository/org/apache/axis2/axis2-jaxws/1.6-wso2v3/axis2-jaxws-1.6-wso2v3.jar:/home/chamara/.m2/repository/org/apache/geronimo/specs/geronimo-annotation_1.0_spec/1.1/geronimo-annotation_1.0_spec-1.1.jar:/home/chamara/.m2/repository/commons-io/commons-io/2.0/commons-io-2.0.jar:/home/chamara/.m2/repository/org/apache/axis2/axis2-transport-http/1.6-wso2v3/axis2-transport-http-1.6-wso2v3.jar:/home/chamara/.m2/repository/org/apache/httpcomponents/httpcore/4.0/httpcore-4.0.jar:/home/chamara/.m2/repository/org/apache/axis2/axis2-java2wsdl/1.6-wso2v3/axis2-java2wsdl-1.6-wso2v3.jar:/home/chamara/.m2/repository/org/apache/axis2/axis2-transport-local/1.6-wso2v3/axis2-transport-local-1.6-wso2v3.jar:/home/chamara/.m2/repository/org/apache/axis2/axis2-transport-base/1.1.0-wso2v3/axis2-transport-base-1.1.0-wso2v3.jar:/home/chamara/.m2/repository/org/apache/axis2/axis2-transport-mail/1.1.0-wso2v3/axis2-transport-mail-1.1.0-wso2v3.jar:/home/chamara/.m2/repository/org/apache/axis2/axis2-transport-tcp/1.1.0-wso2v3/axis2-transport-tcp-1.1.0-wso2v3.jar:/home/chamara/.m2/repository/org/apache/axis2/axis2-transport-udp/1.1.0-wso2v3/axis2-transport-udp-1.1.0-wso2v3.jar:/home/chamara/.m2/repository/org/apache/axis2/axis2-transport-xmpp/1.1.0-wso2v3/axis2-transport-xmpp-1.1.0-wso2v3.jar:/home/chamara/.m2/repository/jivesoftware/smack/3.0.4/smack-3.0.4.jar:/home/chamara/.m2/repository/jivesoftware/smackx/3.0.4/smackx-3.0.4.jar:/home/chamara/.m2/repository/commons-lang/commons-lang/2.3/commons-lang-2.3.jar:/home/chamara/.m2/repository/org/apache/axis2/mex/1.6-wso2v3/mex-1.6-wso2v3-impl.jar:/home/chamara/.m2/repository/stax/stax-api/1.0.1/stax-api-1.0.1.jar:/home/chamara/.m2/repository/org/igniterealtime/smack/wso2/smack/3.0.4.wso2v1/smack-3.0.4.wso2v1.jar:/home/chamara/.m2/repository/org/igniterealtime/smack/wso2/smackx/3.0.4.wso2v1/smackx-3.0.4.wso2v1.jar:/home/chamara/.m2/repository/bouncycastle/bcprov-jdk15/132/bcprov-jdk15-132.jar:/home/chamara/.m2/repository/org/wso2/carbon/org.wso2.carbon.context/3.1.0/org.wso2.carbon.context-3.1.0.jar:/home/chamara/.m2/repository/org/wso2/carbon/org.wso2.carbon.registry.core/3.1.0/org.wso2.carbon.registry.core-3.1.0.jar:/home/chamara/.m2/repository/net/sourceforge/findbugs/annotations/1.3.2/annotations-1.3.2.jar:/home/chamara/.m2/repository/org/apache/ws/commons/schema/wso2/XmlSchema/1.4.7.wso2v1/XmlSchema-1.4.7.wso2v1.jar:/home/chamara/.m2/repository/org/wso2/carbon/org.wso2.carbon.registry.xboot/3.1.0/org.wso2.carbon.registry.xboot-3.1.0.jar:/home/chamara/.m2/repository/org/wso2/carbon/org.wso2.carbon.user.core/3.1.0/org.wso2.carbon.user.core-3.1.0.jar:/home/chamara/.m2/repository/commons-dbcp/wso2/commons-dbcp/1.2.2.wso2v1/commons-dbcp-1.2.2.wso2v1.jar:/home/chamara/.m2/repository/commons-dbcp/commons-dbcp/1.2.2/commons-dbcp-1.2.2.jar:/home/chamara/.m2/repository/commons-pool/commons-pool/1.3/commons-pool-1.3.jar:/home/chamara/.m2/repository/com/h2database/wso2/h2-database-engine/1.2.140.wso2v1/h2-database-engine-1.2.140.wso2v1.jar:/home/chamara/.m2/repository/com/h2database/h2/1.2.140/h2-1.2.140.jar:/home/chamara/.m2/repository/org/apache/synapse/synapse-securevault/2.1.0-wso2v1/synapse-securevault-2.1.0-wso2v1.jar:/home/chamara/.m2/repository/jline/jline/0.9.94/jline-0.9.94.jar:/home/chamara/.m2/repository/org/apache/sandesha2/sandesha2-core/1.5-wso2v2/sandesha2-core-1.5-wso2v2.jar:/home/chamara/.m2/repository/rhino/js/1.6R5/js-1.6R5.jar:/home/chamara/.m2/repository/org/apache/bcel/bcel/5.2/bcel-5.2.jar:/home/chamara/.m2/repository/jakarta-regexp/jakarta-regexp/1.4/jakarta-regexp-1.4.jar:/home/chamara/.m2/repository/java-cup/java-cup/0.0/java-cup-0.0.jar:/home/chamara/.m2/repository/JLex/JLex/0.0/JLex-0.0.jar:/home/chamara/.m2/repository/org/opensymphony/quartz/1.6.0/quartz-1.6.0.jar:/home/chamara/.m2/repository/net/sf/saxon/saxon/8.9/saxon-8.9.jar:/home/chamara/.m2/repository/net/sf/saxon/saxon-dom/8.9/saxon-dom-8.9.jar:/home/chamara/.m2/repository/net/sf/saxon/saxon-xqj/8.9/saxon-xqj-8.9.jar:/home/chamara/.m2/repository/org/wso2/caching/wso2caching-core/3.4.0/wso2caching-core-3.4.0.jar:/home/chamara/.m2/repository/org/wso2/eventing/wso2eventing-api/2.1/wso2eventing-api-2.1.jar:/home/chamara/.m2/repository/org/compass-project/wso2/compass/2.0.1.wso2v2/compass-2.0.1.wso2v2.jar:/home/chamara/.m2/repository/org/apache/abdera/wso2/abdera/1.0.wso2v1/abdera-1.0.wso2v1.jar:/home/chamara/.m2/repository/org/apache/abdera/abdera-client/1.0-wso2v1/abdera-client-1.0-wso2v1.jar:/home/chamara/.m2/repository/org/apache/abdera/abdera-core/1.0-wso2v1/abdera-core-1.0-wso2v1.jar:/home/chamara/.m2/repository/org/apache/abdera/abdera-i18n/1.0-wso2v1/abdera-i18n-1.0-wso2v1.jar:/home/chamara/.m2/repository/org/apache/geronimo/specs/geronimo-activation_1.0.2_spec/1.1/geronimo-activation_1.0.2_spec-1.1.jar:/home/chamara/.m2/repository/org/apache/abdera/abdera-parser/1.0-wso2v1/abdera-parser-1.0-wso2v1.jar:/home/chamara/.m2/repository/org/apache/abdera/abdera-server/1.0-wso2v1/abdera-server-1.0-wso2v1.jar:/home/chamara/.m2/repository/commons-collections/wso2/commons-collections/3.2.0.wso2v1/commons-collections-3.2.0.wso2v1.jar:/home/chamara/.m2/repository/org/wso2/carbon/org.wso2.carbon.core.common/3.1.0/org.wso2.carbon.core.common-3.1.0.jar:/home/chamara/.m2/repository/xalan/serializer/2.7.1/serializer-2.7.1.jar:/home/chamara/.m2/repository/org/wso2/carbon/org.wso2.carbon.tenant.mgt.stub/3.2.0/org.wso2.carbon.tenant.mgt.stub-3.2.0.jar:/home/chamara/.m2/repository/wsdl4j/wso2/wsdl4j/1.6.2.wso2v2/wsdl4j-1.6.2.wso2v2.jar:/home/chamara/.m2/repository/org/apache/neethi/wso2/neethi/2.0.4.wso2v3/neethi-2.0.4.wso2v3.jar:/home/chamara/.m2/repository/org/apache/maven/plugins/maven-surefire-report-plugin/2.7.1/maven-surefire-report-plugin-2.7.1.jar:/home/chamara/.m2/repository/org/apache/maven/maven-plugin-registry/2.0.6/maven-plugin-registry-2.0.6.jar:/home/chamara/.m2/repository/org/apache/maven/reporting/maven-reporting-api/3.0/maven-reporting-api-3.0.jar:/home/chamara/.m2/repository/org/apache/maven/doxia/doxia-sink-api/1.0/doxia-sink-api-1.0.jar:/home/chamara/.m2/repository/org/apache/maven/reporting/maven-reporting-impl/2.0.5/maven-reporting-impl-2.0.5.jar:/home/chamara/.m2/repository/org/apache/maven/doxia/doxia-core/1.0/doxia-core-1.0.jar:/home/chamara/.m2/repository/org/apache/maven/doxia/doxia-site-renderer/1.0/doxia-site-renderer-1.0.jar:/home/chamara/.m2/repository/org/codehaus/plexus/plexus-i18n/1.0-beta-7/plexus-i18n-1.0-beta-7.jar:/home/chamara/.m2/repository/org/codehaus/plexus/plexus-velocity/1.1.7/plexus-velocity-1.1.7.jar:/home/chamara/.m2/repository/org/apache/velocity/velocity/1.5/velocity-1.5.jar:/home/chamara/.m2/repository/commons-collections/commons-collections/3.2/commons-collections-3.2.jar:/home/chamara/.m2/repository/oro/oro/2.0.8/oro-2.0.8.jar:/home/chamara/.m2/repository/org/apache/maven/doxia/doxia-decoration-model/1.0/doxia-decoration-model-1.0.jar:/home/chamara/.m2/repository/org/apache/maven/doxia/doxia-module-apt/1.0/doxia-module-apt-1.0.jar:/home/chamara/.m2/repository/org/apache/maven/doxia/doxia-module-fml/1.0/doxia-module-fml-1.0.jar:/home/chamara/.m2/repository/org/apache/maven/doxia/doxia-module-xdoc/1.0/doxia-module-xdoc-1.0.jar:/home/chamara/.m2/repository/org/apache/maven/doxia/doxia-module-xhtml/1.0/doxia-module-xhtml-1.0.jar:/home/chamara/.m2/repository/org/apache/maven/shared/maven-doxia-tools/1.0.2/maven-doxia-tools-1.0.2.jar:/home/chamara/.m2/repository/commons-validator/commons-validator/1.2.0/commons-validator-1.2.0.jar:/home/chamara/.m2/repository/commons-beanutils/commons-beanutils/1.7.0/commons-beanutils-1.7.0.jar:/home/chamara/.m2/repository/commons-digester/commons-digester/1.6/commons-digester-1.6.jar:"/>
    <property name="javax.net.ssl.trustStore" value="/home/chamara/wso2/project/stratos/automated-test/automated-test/stratos-test/tenant-load-test/target/test-classes/client-truststore.jks"/>
    <property name="java.specification.name" value="Java Platform API Specification"/>
    <property name="java.class.version" value="50.0"/>
    <property name="sun.management.compiler" value="HotSpot 64-Bit Server Compiler"/>
    <property name="os.version" value="2.6.32-28-generic"/>
    <property name="user.home" value="/home/chamara"/>
    <property name="user.timezone" value="Asia/Colombo"/>
    <property name="java.awt.printerjob" value="sun.print.PSPrinterJob"/>
    <property name="java.specification.version" value="1.6"/>
    <property name="file.encoding" value="UTF-8"/>
    <property name="test.suite" value=""/>
    <property name="user.name" value="chamara"/>
    <property name="java.class.path" value="/home/chamara/wso2/project/stratos/automated-test/automated-test/stratos-test/tenant-load-test/target/test-classes:/home/chamara/wso2/project/stratos/automated-test/automated-test/stratos-test/tenant-load-test/target/classes:/home/chamara/.m2/repository/org/wso2/carbon/org.wso2.carbon.authenticator.proxy/3.1.0/org.wso2.carbon.authenticator.proxy-3.1.0.jar:/home/chamara/.m2/repository/org/eclipse/osgi/org.eclipse.osgi/3.5.0.v20090520/org.eclipse.osgi-3.5.0.v20090520.jar:/home/chamara/.m2/repository/org/eclipse/osgi/org.eclipse.osgi.services/3.2.0.v20090520-1800/org.eclipse.osgi.services-3.2.0.v20090520-1800.jar:/home/chamara/.m2/repository/org/apache/ws/commons/axiom/wso2/axiom/1.2.10.wso2v1/axiom-1.2.10.wso2v1.jar:/home/chamara/.m2/repository/javax/mail/mail/1.4/mail-1.4.jar:/home/chamara/.m2/repository/javax/activation/activation/1.1/activation-1.1.jar:/home/chamara/.m2/repository/org/apache/ws/commons/axiom/axiom-impl/1.2.10-wso2v1/axiom-impl-1.2.10-wso2v1.jar:/home/chamara/.m2/repository/org/apache/ws/commons/axiom/axiom-api/1.2.10-wso2v1/axiom-api-1.2.10-wso2v1.jar:/home/chamara/.m2/repository/org/apache/geronimo/specs/geronimo-activation_1.1_spec/1.0.2/geronimo-activation_1.1_spec-1.0.2.jar:/home/chamara/.m2/repository/org/apache/geronimo/specs/geronimo-javamail_1.4_spec/1.6/geronimo-javamail_1.4_spec-1.6.jar:/home/chamara/.m2/repository/commons-logging/commons-logging/1.1.1/commons-logging-1.1.1.jar:/home/chamara/.m2/repository/jaxen/jaxen/1.1.1/jaxen-1.1.1.jar:/home/chamara/.m2/repository/org/apache/geronimo/specs/geronimo-stax-api_1.0_spec/1.0.1/geronimo-stax-api_1.0_spec-1.0.1.jar:/home/chamara/.m2/repository/org/codehaus/woodstox/wstx-asl/3.2.9/wstx-asl-3.2.9.jar:/home/chamara/.m2/repository/org/apache/ws/commons/axiom/axiom-dom/1.2.10-wso2v1/axiom-dom-1.2.10-wso2v1.jar:/home/chamara/.m2/repository/dom4j/dom4j/1.6.1/dom4j-1.6.1.jar:/home/chamara/.m2/repository/xml-apis/xml-apis/1.0.b2/xml-apis-1.0.b2.jar:/home/chamara/.m2/repository/jdom/jdom/1.0/jdom-1.0.jar:/home/chamara/.m2/repository/xerces/xercesImpl/2.6.2/xercesImpl-2.6.2.jar:/home/chamara/.m2/repository/xom/xom/1.0/xom-1.0.jar:/home/chamara/.m2/repository/xerces/xmlParserAPIs/2.6.2/xmlParserAPIs-2.6.2.jar:/home/chamara/.m2/repository/xalan/xalan/2.7.1/xalan-2.7.1.jar:/home/chamara/.m2/repository/com/ibm/icu/icu4j/2.6.1/icu4j-2.6.1.jar:/home/chamara/.m2/repository/org/apache/tiles/wso2/tiles-jsp/2.0.5.wso2v1/tiles-jsp-2.0.5.wso2v1.jar:/home/chamara/.m2/repository/org/wso2/carbon/org.wso2.carbon.core/3.1.0/org.wso2.carbon.core-3.1.0.jar:/home/chamara/.m2/repository/org/eclipse/equinox/org.eclipse.equinox.http.helper/1.0.0/org.eclipse.equinox.http.helper-1.0.0.jar:/home/chamara/.m2/repository/org/wso2/carbon/org.wso2.carbon.bridge/3.1.0/org.wso2.carbon.bridge-3.1.0.jar:/home/chamara/.m2/repository/javax/servlet/servlet-api/2.4/servlet-api-2.4.jar:/home/chamara/.m2/repository/org/eclipse/equinox/org.apache.log4j/1.2.13.v200706111418/org.apache.log4j-1.2.13.v200706111418.jar:/home/chamara/.m2/repository/org/wso2/carbon/org.wso2.carbon.utils/3.1.0/org.wso2.carbon.utils-3.1.0.jar:/home/chamara/.m2/repository/net/sf/jsr107cache/jsr107cache/1.1.wso2v1/jsr107cache-1.1.wso2v1.jar:/home/chamara/.m2/repository/org/wso2/carbon/org.wso2.carbon.logging/3.1.0/org.wso2.carbon.logging-3.1.0.jar:/home/chamara/.m2/repository/org/wso2/carbon/org.wso2.carbon.queuing/3.1.0/org.wso2.carbon.queuing-3.1.0.jar:/home/chamara/.m2/repository/org/wso2/carbon/org.wso2.carbon.base/3.1.0/org.wso2.carbon.base-3.1.0.jar:/home/chamara/.m2/repository/org/wso2/pwprovider/org.wso2.pwprovider/1.6.3/org.wso2.pwprovider-1.6.3.jar:/home/chamara/.m2/repository/xmlunit/xmlunit/1.1/xmlunit-1.1.jar:/home/chamara/.m2/repository/log4j/log4j/1.2.13/log4j-1.2.13.jar:/home/chamara/.m2/repository/junit/junit/4.8.1/junit-4.8.1.jar:/home/chamara/.m2/repository/org/wso2/carbon/org.wso2.carbon.caching.core/3.1.0/org.wso2.carbon.caching.core-3.1.0.jar:/home/chamara/.m2/repository/org/apache/axis2/wso2/axis2/1.6.0.wso2v3/axis2-1.6.0.wso2v3.jar:/home/chamara/.m2/repository/org/apache/axis2/axis2-adb/1.6-wso2v3/axis2-adb-1.6-wso2v3.jar:/home/chamara/.m2/repository/org/apache/axis2/axis2-kernel/1.6-wso2v3/axis2-kernel-1.6-wso2v3.jar:/home/chamara/.m2/repository/org/apache/geronimo/specs/geronimo-ws-metadata_2.0_spec/1.1.2/geronimo-ws-metadata_2.0_spec-1.1.2.jar:/home/chamara/.m2/repository/org/apache/geronimo/specs/geronimo-jta_1.1_spec/1.1/geronimo-jta_1.1_spec-1.1.jar:/home/chamara/.m2/repository/commons-httpclient/commons-httpclient/3.1/commons-httpclient-3.1.jar:/home/chamara/.m2/repository/commons-codec/commons-codec/1.2/commons-codec-1.2.jar:/home/chamara/.m2/repository/commons-fileupload/commons-fileupload/1.2/commons-fileupload-1.2.jar:/home/chamara/.m2/repository/wsdl4j/wsdl4j/1.6.2/wsdl4j-1.6.2.jar:/home/chamara/.m2/repository/org/apache/maven/maven-plugin-api/2.0.6/maven-plugin-api-2.0.6.jar:/home/chamara/.m2/repository/org/apache/maven/maven-artifact/2.0.6/maven-artifact-2.0.6.jar:/home/chamara/.m2/repository/org/codehaus/plexus/plexus-utils/2.0.5/plexus-utils-2.0.5.jar:/home/chamara/.m2/repository/org/apache/maven/maven-project/2.0.6/maven-project-2.0.6.jar:/home/chamara/.m2/repository/org/apache/maven/maven-settings/2.0.6/maven-settings-2.0.6.jar:/home/chamara/.m2/repository/org/apache/maven/maven-model/2.0.6/maven-model-2.0.6.jar:/home/chamara/.m2/repository/org/codehaus/plexus/plexus-container-default/1.0-alpha-9/plexus-container-default-1.0-alpha-9.jar:/home/chamara/.m2/repository/classworlds/classworlds/1.1-alpha-2/classworlds-1.1-alpha-2.jar:/home/chamara/.m2/repository/org/apache/maven/maven-profile/2.0.6/maven-profile-2.0.6.jar:/home/chamara/.m2/repository/org/apache/maven/maven-artifact-manager/2.0.6/maven-artifact-manager-2.0.6.jar:/home/chamara/.m2/repository/org/apache/maven/maven-repository-metadata/2.0.6/maven-repository-metadata-2.0.6.jar:/home/chamara/.m2/repository/org/apache/maven/wagon/wagon-provider-api/1.0-beta-2/wagon-provider-api-1.0-beta-2.jar:/home/chamara/.m2/repository/org/apache/ws/commons/schema/XmlSchema/1.4.7-wso2v1/XmlSchema-1.4.7-wso2v1.jar:/home/chamara/.m2/repository/org/apache/neethi/neethi/2.0.4/neethi-2.0.4.jar:/home/chamara/.m2/repository/javax/xml/stream/stax-api/1.0-2/stax-api-1.0-2.jar:/home/chamara/.m2/repository/org/apache/woden/woden-api/1.0-SNAPSHOT/woden-api-1.0-SNAPSHOT.jar:/home/chamara/.m2/repository/org/apache/woden/woden-impl-dom/1.0-SNAPSHOT/woden-impl-dom-1.0-SNAPSHOT.jar:/home/chamara/.m2/repository/org/apache/woden/woden-impl-commons/1.0-SNAPSHOT/woden-impl-commons-1.0-SNAPSHOT.jar:/home/chamara/.m2/repository/javax/ws/rs/jsr311-api/1.0/jsr311-api-1.0.jar:/home/chamara/.m2/repository/org/apache/axis2/axis2-clustering/1.6-wso2v3/axis2-clustering-1.6-wso2v3.jar:/home/chamara/.m2/repository/org/apache/tomcat/tribes/6.0.16/tribes-6.0.16.jar:/home/chamara/.m2/repository/org/apache/tomcat/juli/6.0.16/juli-6.0.16.jar:/home/chamara/.m2/repository/org/apache/axis2/axis2-codegen/1.6-wso2v3/axis2-codegen-1.6-wso2v3.jar:/home/chamara/.m2/repository/org/apache/axis2/axis2-mtompolicy/1.6-wso2v3/axis2-mtompolicy-1.6-wso2v3.jar:/home/chamara/.m2/repository/org/apache/axis2/axis2-saaj/1.6-wso2v3/axis2-saaj-1.6-wso2v3.jar:/home/chamara/.m2/repository/org/apache/geronimo/specs/geronimo-saaj_1.3_spec/1.0.1/geronimo-saaj_1.3_spec-1.0.1.jar:/home/chamara/.m2/repository/org/apache/axis2/axis2-adb-codegen/1.6-wso2v3/axis2-adb-codegen-1.6-wso2v3.jar:/home/chamara/.m2/repository/commons-cli/commons-cli/1.0/commons-cli-1.0.jar:/home/chamara/.m2/repository/org/apache/axis2/axis2-xmlbeans/1.6-wso2v3/axis2-xmlbeans-1.6-wso2v3.jar:/home/chamara/.m2/repository/org/apache/xmlbeans/xmlbeans/2.3.0/xmlbeans-2.3.0.jar:/home/chamara/.m2/repository/org/apache/ant/ant/1.7.0/ant-1.7.0.jar:/home/chamara/.m2/repository/org/apache/ant/ant-launcher/1.7.0/ant-launcher-1.7.0.jar:/home/chamara/.m2/repository/org/apache/axis2/axis2-metadata/1.6-wso2v3/axis2-metadata-1.6-wso2v3.jar:/home/chamara/.m2/repository/org/apache/geronimo/specs/geronimo-jaxws_2.2_spec/1.0/geronimo-jaxws_2.2_spec-1.0.jar:/home/chamara/.m2/repository/xml-resolver/xml-resolver/1.2/xml-resolver-1.2.jar:/home/chamara/.m2/repository/com/sun/xml/bind/jaxb-impl/2.1.7/jaxb-impl-2.1.7.jar:/home/chamara/.m2/repository/javax/xml/bind/jaxb-api/2.1/jaxb-api-2.1.jar:/home/chamara/.m2/repository/com/sun/xml/bind/jaxb-xjc/2.1.7/jaxb-xjc-2.1.7.jar:/home/chamara/.m2/repository/com/sun/xml/ws/jaxws-tools/2.1.3/jaxws-tools-2.1.3.jar:/home/chamara/.m2/repository/org/apache/axis2/axis2-spring/1.6-wso2v3/axis2-spring-1.6-wso2v3.jar:/home/chamara/.m2/repository/org/springframework/spring-core/2.5.1/spring-core-2.5.1.jar:/home/chamara/.m2/repository/org/springframework/spring-beans/2.5.1/spring-beans-2.5.1.jar:/home/chamara/.m2/repository/org/springframework/spring-context/2.5.1/spring-context-2.5.1.jar:/home/chamara/.m2/repository/aopalliance/aopalliance/1.0/aopalliance-1.0.jar:/home/chamara/.m2/repository/org/springframework/spring-web/2.5.1/spring-web-2.5.1.jar:/home/chamara/.m2/repository/org/apache/axis2/axis2-jaxws/1.6-wso2v3/axis2-jaxws-1.6-wso2v3.jar:/home/chamara/.m2/repository/org/apache/geronimo/specs/geronimo-annotation_1.0_spec/1.1/geronimo-annotation_1.0_spec-1.1.jar:/home/chamara/.m2/repository/commons-io/commons-io/2.0/commons-io-2.0.jar:/home/chamara/.m2/repository/org/apache/axis2/axis2-transport-http/1.6-wso2v3/axis2-transport-http-1.6-wso2v3.jar:/home/chamara/.m2/repository/org/apache/httpcomponents/httpcore/4.0/httpcore-4.0.jar:/home/chamara/.m2/repository/org/apache/axis2/axis2-java2wsdl/1.6-wso2v3/axis2-java2wsdl-1.6-wso2v3.jar:/home/chamara/.m2/repository/org/apache/axis2/axis2-transport-local/1.6-wso2v3/axis2-transport-local-1.6-wso2v3.jar:/home/chamara/.m2/repository/org/apache/axis2/axis2-transport-base/1.1.0-wso2v3/axis2-transport-base-1.1.0-wso2v3.jar:/home/chamara/.m2/repository/org/apache/axis2/axis2-transport-mail/1.1.0-wso2v3/axis2-transport-mail-1.1.0-wso2v3.jar:/home/chamara/.m2/repository/org/apache/axis2/axis2-transport-tcp/1.1.0-wso2v3/axis2-transport-tcp-1.1.0-wso2v3.jar:/home/chamara/.m2/repository/org/apache/axis2/axis2-transport-udp/1.1.0-wso2v3/axis2-transport-udp-1.1.0-wso2v3.jar:/home/chamara/.m2/repository/org/apache/axis2/axis2-transport-xmpp/1.1.0-wso2v3/axis2-transport-xmpp-1.1.0-wso2v3.jar:/home/chamara/.m2/repository/jivesoftware/smack/3.0.4/smack-3.0.4.jar:/home/chamara/.m2/repository/jivesoftware/smackx/3.0.4/smackx-3.0.4.jar:/home/chamara/.m2/repository/commons-lang/commons-lang/2.3/commons-lang-2.3.jar:/home/chamara/.m2/repository/org/apache/axis2/mex/1.6-wso2v3/mex-1.6-wso2v3-impl.jar:/home/chamara/.m2/repository/stax/stax-api/1.0.1/stax-api-1.0.1.jar:/home/chamara/.m2/repository/org/igniterealtime/smack/wso2/smack/3.0.4.wso2v1/smack-3.0.4.wso2v1.jar:/home/chamara/.m2/repository/org/igniterealtime/smack/wso2/smackx/3.0.4.wso2v1/smackx-3.0.4.wso2v1.jar:/home/chamara/.m2/repository/bouncycastle/bcprov-jdk15/132/bcprov-jdk15-132.jar:/home/chamara/.m2/repository/org/wso2/carbon/org.wso2.carbon.context/3.1.0/org.wso2.carbon.context-3.1.0.jar:/home/chamara/.m2/repository/org/wso2/carbon/org.wso2.carbon.registry.core/3.1.0/org.wso2.carbon.registry.core-3.1.0.jar:/home/chamara/.m2/repository/net/sourceforge/findbugs/annotations/1.3.2/annotations-1.3.2.jar:/home/chamara/.m2/repository/org/apache/ws/commons/schema/wso2/XmlSchema/1.4.7.wso2v1/XmlSchema-1.4.7.wso2v1.jar:/home/chamara/.m2/repository/org/wso2/carbon/org.wso2.carbon.registry.xboot/3.1.0/org.wso2.carbon.registry.xboot-3.1.0.jar:/home/chamara/.m2/repository/org/wso2/carbon/org.wso2.carbon.user.core/3.1.0/org.wso2.carbon.user.core-3.1.0.jar:/home/chamara/.m2/repository/commons-dbcp/wso2/commons-dbcp/1.2.2.wso2v1/commons-dbcp-1.2.2.wso2v1.jar:/home/chamara/.m2/repository/commons-dbcp/commons-dbcp/1.2.2/commons-dbcp-1.2.2.jar:/home/chamara/.m2/repository/commons-pool/commons-pool/1.3/commons-pool-1.3.jar:/home/chamara/.m2/repository/com/h2database/wso2/h2-database-engine/1.2.140.wso2v1/h2-database-engine-1.2.140.wso2v1.jar:/home/chamara/.m2/repository/com/h2database/h2/1.2.140/h2-1.2.140.jar:/home/chamara/.m2/repository/org/apache/synapse/synapse-securevault/2.1.0-wso2v1/synapse-securevault-2.1.0-wso2v1.jar:/home/chamara/.m2/repository/jline/jline/0.9.94/jline-0.9.94.jar:/home/chamara/.m2/repository/org/apache/sandesha2/sandesha2-core/1.5-wso2v2/sandesha2-core-1.5-wso2v2.jar:/home/chamara/.m2/repository/rhino/js/1.6R5/js-1.6R5.jar:/home/chamara/.m2/repository/org/apache/bcel/bcel/5.2/bcel-5.2.jar:/home/chamara/.m2/repository/jakarta-regexp/jakarta-regexp/1.4/jakarta-regexp-1.4.jar:/home/chamara/.m2/repository/java-cup/java-cup/0.0/java-cup-0.0.jar:/home/chamara/.m2/repository/JLex/JLex/0.0/JLex-0.0.jar:/home/chamara/.m2/repository/org/opensymphony/quartz/1.6.0/quartz-1.6.0.jar:/home/chamara/.m2/repository/net/sf/saxon/saxon/8.9/saxon-8.9.jar:/home/chamara/.m2/repository/net/sf/saxon/saxon-dom/8.9/saxon-dom-8.9.jar:/home/chamara/.m2/repository/net/sf/saxon/saxon-xqj/8.9/saxon-xqj-8.9.jar:/home/chamara/.m2/repository/org/wso2/caching/wso2caching-core/3.4.0/wso2caching-core-3.4.0.jar:/home/chamara/.m2/repository/org/wso2/eventing/wso2eventing-api/2.1/wso2eventing-api-2.1.jar:/home/chamara/.m2/repository/org/compass-project/wso2/compass/2.0.1.wso2v2/compass-2.0.1.wso2v2.jar:/home/chamara/.m2/repository/org/apache/abdera/wso2/abdera/1.0.wso2v1/abdera-1.0.wso2v1.jar:/home/chamara/.m2/repository/org/apache/abdera/abdera-client/1.0-wso2v1/abdera-client-1.0-wso2v1.jar:/home/chamara/.m2/repository/org/apache/abdera/abdera-core/1.0-wso2v1/abdera-core-1.0-wso2v1.jar:/home/chamara/.m2/repository/org/apache/abdera/abdera-i18n/1.0-wso2v1/abdera-i18n-1.0-wso2v1.jar:/home/chamara/.m2/repository/org/apache/geronimo/specs/geronimo-activation_1.0.2_spec/1.1/geronimo-activation_1.0.2_spec-1.1.jar:/home/chamara/.m2/repository/org/apache/abdera/abdera-parser/1.0-wso2v1/abdera-parser-1.0-wso2v1.jar:/home/chamara/.m2/repository/org/apache/abdera/abdera-server/1.0-wso2v1/abdera-server-1.0-wso2v1.jar:/home/chamara/.m2/repository/commons-collections/wso2/commons-collections/3.2.0.wso2v1/commons-collections-3.2.0.wso2v1.jar:/home/chamara/.m2/repository/org/wso2/carbon/org.wso2.carbon.core.common/3.1.0/org.wso2.carbon.core.common-3.1.0.jar:/home/chamara/.m2/repository/xalan/serializer/2.7.1/serializer-2.7.1.jar:/home/chamara/.m2/repository/org/wso2/carbon/org.wso2.carbon.tenant.mgt.stub/3.2.0/org.wso2.carbon.tenant.mgt.stub-3.2.0.jar:/home/chamara/.m2/repository/wsdl4j/wso2/wsdl4j/1.6.2.wso2v2/wsdl4j-1.6.2.wso2v2.jar:/home/chamara/.m2/repository/org/apache/neethi/wso2/neethi/2.0.4.wso2v3/neethi-2.0.4.wso2v3.jar:/home/chamara/.m2/repository/org/apache/maven/plugins/maven-surefire-report-plugin/2.7.1/maven-surefire-report-plugin-2.7.1.jar:/home/chamara/.m2/repository/org/apache/maven/maven-plugin-registry/2.0.6/maven-plugin-registry-2.0.6.jar:/home/chamara/.m2/repository/org/apache/maven/reporting/maven-reporting-api/3.0/maven-reporting-api-3.0.jar:/home/chamara/.m2/repository/org/apache/maven/doxia/doxia-sink-api/1.0/doxia-sink-api-1.0.jar:/home/chamara/.m2/repository/org/apache/maven/reporting/maven-reporting-impl/2.0.5/maven-reporting-impl-2.0.5.jar:/home/chamara/.m2/repository/org/apache/maven/doxia/doxia-core/1.0/doxia-core-1.0.jar:/home/chamara/.m2/repository/org/apache/maven/doxia/doxia-site-renderer/1.0/doxia-site-renderer-1.0.jar:/home/chamara/.m2/repository/org/codehaus/plexus/plexus-i18n/1.0-beta-7/plexus-i18n-1.0-beta-7.jar:/home/chamara/.m2/repository/org/codehaus/plexus/plexus-velocity/1.1.7/plexus-velocity-1.1.7.jar:/home/chamara/.m2/repository/org/apache/velocity/velocity/1.5/velocity-1.5.jar:/home/chamara/.m2/repository/commons-collections/commons-collections/3.2/commons-collections-3.2.jar:/home/chamara/.m2/repository/oro/oro/2.0.8/oro-2.0.8.jar:/home/chamara/.m2/repository/org/apache/maven/doxia/doxia-decoration-model/1.0/doxia-decoration-model-1.0.jar:/home/chamara/.m2/repository/org/apache/maven/doxia/doxia-module-apt/1.0/doxia-module-apt-1.0.jar:/home/chamara/.m2/repository/org/apache/maven/doxia/doxia-module-fml/1.0/doxia-module-fml-1.0.jar:/home/chamara/.m2/repository/org/apache/maven/doxia/doxia-module-xdoc/1.0/doxia-module-xdoc-1.0.jar:/home/chamara/.m2/repository/org/apache/maven/doxia/doxia-module-xhtml/1.0/doxia-module-xhtml-1.0.jar:/home/chamara/.m2/repository/org/apache/maven/shared/maven-doxia-tools/1.0.2/maven-doxia-tools-1.0.2.jar:/home/chamara/.m2/repository/commons-validator/commons-validator/1.2.0/commons-validator-1.2.0.jar:/home/chamara/.m2/repository/commons-beanutils/commons-beanutils/1.7.0/commons-beanutils-1.7.0.jar:/home/chamara/.m2/repository/commons-digester/commons-digester/1.6/commons-digester-1.6.jar:"/>
    <property name="java.vm.specification.version" value="1.0"/>
    <property name="sun.arch.data.model" value="64"/>
    <property name="java.home" value="/home/chamara/jdk/jdk1.6.0_24/jre"/>
    <property name="java.specification.vendor" value="Sun Microsystems Inc."/>
    <property name="user.language" value="en"/>
    <property name="java.vm.info" value="mixed mode"/>
    <property name="java.version" value="1.6.0_24"/>
    <property name="java.ext.dirs" value="/home/chamara/jdk/jdk1.6.0_24/jre/lib/ext:/usr/java/packages/lib/ext"/>
    <property name="sun.boot.class.path" value="/home/chamara/jdk/jdk1.6.0_24/jre/lib/resources.jar:/home/chamara/jdk/jdk1.6.0_24/jre/lib/rt.jar:/home/chamara/jdk/jdk1.6.0_24/jre/lib/sunrsasign.jar:/home/chamara/jdk/jdk1.6.0_24/jre/lib/jsse.jar:/home/chamara/jdk/jdk1.6.0_24/jre/lib/jce.jar:/home/chamara/jdk/jdk1.6.0_24/jre/lib/charsets.jar:/home/chamara/jdk/jdk1.6.0_24/jre/lib/modules/jdk.boot.jar:/home/chamara/jdk/jdk1.6.0_24/jre/classes"/>
    <property name="java.vendor" value="Sun Microsystems Inc."/>
    <property name="localRepository" value="/home/chamara/.m2/repository"/>
    <property name="file.separator" value="/"/>
    <property name="java.vendor.url.bug" value="http://java.sun.com/cgi-bin/bugreport.cgi"/>
    <property name="sun.cpu.endian" value="little"/>
    <property name="sun.io.unicode.encoding" value="UnicodeLittle"/>
    <property name="javax.net.ssl.trustStorePassword" value="wso2carbon"/>
    <property name="sun.desktop" value="gnome"/>
    <property name="sun.cpu.isalist" value=""/>
  </properties>
  <testcase time="254.077" classname="org.wso2.carbon.tenant.mgt.test.TenantLoadTest" name="testAddTenant"/>
  <testcase time="0.081" classname="org.wso2.carbon.tenant.mgt.test.TenantLoadTest" name="testGetTenant"/>
  <testcase time="1.18" classname="org.wso2.carbon.tenant.mgt.test.TenantLoadTest" name="testLogin">
    <error message="cloud.private.wso2.com" type="org.apache.axis2.AxisFault">org.apache.axis2.AxisFault: cloud.private.wso2.com
	at org.apache.axis2.AxisFault.makeFault(AxisFault.java:430)
	at org.apache.axis2.transport.http.HTTPSender.sendViaPost(HTTPSender.java:197)
	at org.apache.axis2.transport.http.HTTPSender.send(HTTPSender.java:75)
	at org.apache.axis2.transport.http.CommonsHTTPTransportSender.writeMessageWithCommons(CommonsHTTPTransportSender.java:444)
	at org.apache.axis2.transport.http.CommonsHTTPTransportSender.invoke(CommonsHTTPTransportSender.java:271)
	at org.apache.axis2.engine.AxisEngine.send(AxisEngine.java:443)
	at org.apache.axis2.description.OutInAxisOperationClient.send(OutInAxisOperation.java:406)
	at org.apache.axis2.description.OutInAxisOperationClient.executeImpl(OutInAxisOperation.java:229)
	at org.apache.axis2.client.OperationClient.execute(OperationClient.java:165)
	at org.wso2.carbon.authenticator.proxy.AuthenticationAdminStub.login(AuthenticationAdminStub.java:313)
	at org.wso2.carbon.tenant.mgt.test.TenantLoadTest.testLogin(TenantLoadTest.java:84)
	at sun.reflect.NativeMethodAccessorImpl.invoke0(Native Method)
	at sun.reflect.NativeMethodAccessorImpl.invoke(NativeMethodAccessorImpl.java:39)
	at sun.reflect.DelegatingMethodAccessorImpl.invoke(DelegatingMethodAccessorImpl.java:25)
	at java.lang.reflect.Method.invoke(Method.java:597)
	at junit.framework.TestCase.runTest(TestCase.java:168)
	at junit.framework.TestCase.runBare(TestCase.java:134)
	at junit.framework.TestResult$1.protect(TestResult.java:110)
	at junit.framework.TestResult.runProtected(TestResult.java:128)
	at junit.framework.TestResult.run(TestResult.java:113)
	at junit.framework.TestCase.run(TestCase.java:124)
	at junit.framework.TestSuite.runTest(TestSuite.java:232)
	at junit.framework.TestSuite.run(TestSuite.java:227)
	at junit.framework.TestSuite.runTest(TestSuite.java:232)
	at junit.framework.TestSuite.run(TestSuite.java:227)
	at org.junit.internal.runners.JUnit38ClassRunner.run(JUnit38ClassRunner.java:83)
	at org.apache.maven.surefire.junit4.JUnit4TestSet.execute(JUnit4TestSet.java:62)
	at org.apache.maven.surefire.suite.AbstractDirectoryTestSuite.executeTestSet(AbstractDirectoryTestSuite.java:140)
	at org.apache.maven.surefire.suite.AbstractDirectoryTestSuite.execute(AbstractDirectoryTestSuite.java:127)
	at org.apache.maven.surefire.Surefire.run(Surefire.java:177)
	at sun.reflect.NativeMethodAccessorImpl.invoke0(Native Method)
	at sun.reflect.NativeMethodAccessorImpl.invoke(NativeMethodAccessorImpl.java:39)
	at sun.reflect.DelegatingMethodAccessorImpl.invoke(DelegatingMethodAccessorImpl.java:25)
	at java.lang.reflect.Method.invoke(Method.java:597)
	at org.apache.maven.surefire.booter.SurefireBooter.runSuitesInProcess(SurefireBooter.java:345)
	at org.apache.maven.surefire.booter.SurefireBooter.main(SurefireBooter.java:1009)
Caused by: java.net.UnknownHostException: cloud.private.wso2.com
	at java.net.PlainSocketImpl.connect(PlainSocketImpl.java:195)
	at java.net.SocksSocketImpl.connect(SocksSocketImpl.java:366)
	at java.net.Socket.connect(Socket.java:529)
	at com.sun.net.ssl.internal.ssl.SSLSocketImpl.connect(SSLSocketImpl.java:559)
	at com.sun.net.ssl.internal.ssl.SSLSocketImpl.&lt;init&gt;(SSLSocketImpl.java:401)
	at com.sun.net.ssl.internal.ssl.SSLSocketFactoryImpl.createSocket(SSLSocketFactoryImpl.java:123)
	at org.apache.commons.httpclient.protocol.SSLProtocolSocketFactory.createSocket(SSLProtocolSocketFactory.java:82)
	at org.apache.commons.httpclient.protocol.ControllerThreadSocketFactory$1.doit(ControllerThreadSocketFactory.java:91)
	at org.apache.commons.httpclient.protocol.ControllerThreadSocketFactory$SocketTask.run(ControllerThreadSocketFactory.java:158)
	at java.lang.Thread.run(Thread.java:662)
</error>
  </testcase>
</testsuite>